
   Program  MARK  - Survival Rate Estimation with Capture-Recapture Data
   gfortran(Win64) Vers. 8.1 Mar 2016    5-Aug-2016 15:39:20    Page  001
 - - - - - - - - - - - - - - - - - - - - - - - - - - - - - - - - - - - - - -
 
   This version was compiled by GCC version 5.3.0 using the options: 
     -cpp -iprefix c:\tdm-gcc-64\gcc\bin\../lib/gcc/x86_64-w64-mingw32/5.3.0/ -D_MT
     -U_REENTRANT -D IEEE -m64 -mtune=generic -march=x86-64 -mthreads -O2
     -fimplicit-none -fbounds-check -funroll-loops -ftree-vectorize
     -ffpe-summary=invalid,zero,overflow,underflow -fno-unsafe-math-optimizations
     -frounding-math -fsignaling-nans -fopenmp.

   This problem will use 3 of 4 possible threads.


  INPUT --- proc title ;

     CPU Time in seconds for last procedure was 0.00


  INPUT --- proc chmatrix occasions= 30 groups= 1 etype= PoissonMR 
  INPUT --- ICMeans NoHist hist= 14 ;

  INPUT ---    time  interval 0.2 0.2 0.2 0.2 2 0.2 0.2 0.2 0.2 2.5 0.2 
  INPUT ---    0.2 0.2 0.2 2.667 0.2 0.2 0.2 0.2 1.767 0.2 0.2  0.2 0.2 
  INPUT ---    3.167 0.2 0.2 0.2 0.2 ;

  INPUT ---    glabel(1)=Group 1;

      Number of unique encounter histories read was 14.

      Number of individual covariates read was 0.
      Time interval lengths vary and/or not equal to 1.

      Data type number is 115
      Data type is Poisson Mark Resight with Robust Design                                                             

     CPU Time in seconds for last procedure was 0.00

  Program  MARK  - Survival Rate Estimation with Capture-Recapture Data
   gfortran(Win64) Vers. 8.1 Mar 2016    5-Aug-2016 15:39:20    Page  002
 - - - - - - - - - - - - - - - - - - - - - - - - - - - - - - - - - - - - - -
 


  INPUT --- proc estimate link=Parm-Specific NOLOOP varest=2ndPart    ;


  INPUT --- model={ alpha(~1 + 
  INPUT --- time)sigma(~1)U(~time)Phi(~1)Gamma''(~1)Gamma'(~1) };

  INPUT ---    fixed=2;
  INPUT ---        parm(65)=1 ;
  INPUT ---        parm(66)=0 ;

  INPUT ---    group=1 alpha    rows=1 cols=30 Square ;
  INPUT ---        1 2 3 4 5 6 7 8 9 10 11 12 13 14 15 16 17 18 19 20 21 22 
  INPUT ---       23 24 25 26 27 28 29 30 ;

  INPUT ---    group=1 sigma    rows=1 cols=30 Square ;
  INPUT ---        31 31 31 31 31 31 31 31 31 31 31 31 31 31 31 31 31 31 31 
  INPUT ---       31 31 31 31 31 31 31 31 31 31 31 ;

  INPUT ---    group=1 U    rows=1 cols=30 Square ;
  INPUT ---        32 33 34 35 36 37 38 39 40 41 42 43 44 45 46 47 48 49 50 
  INPUT ---       51 52 53 54 55 56 57 58 59 60 61 ;

  INPUT ---    group=1 Phi    rows=29 cols=29 Triang ;
  INPUT ---        62 62 62 62 62 62 62 62 62 62 62 62 62 62 62 62 62 62 62 
  INPUT ---       62 62 62 62 62 62 62 62 62 62 ;
  INPUT ---        65 65 65 65 65 65 65 65 65 65 65 65 65 65 65 65 65 65 65 
  INPUT ---       65 65 65 65 65 65 65 65 65 ;
  INPUT ---        65 65 65 65 65 65 65 65 65 65 65 65 65 65 65 65 65 65 65 
  INPUT ---       65 65 65 65 65 65 65 65 ;
  INPUT ---        65 65 65 65 65 65 65 65 65 65 65 65 65 65 65 65 65 65 65 
  INPUT ---       65 65 65 65 65 65 65 ;
  INPUT ---        65 65 65 65 65 65 65 65 65 65 65 65 65 65 65 65 65 65 65 
  INPUT ---       65 65 65 65 65 65 ;
  INPUT ---        62 62 62 62 62 62 62 62 62 62 62 62 62 62 62 62 62 62 62 
  INPUT ---       62 62 62 62 62 ;
  INPUT ---        65 65 65 65 65 65 65 65 65 65 65 65 65 65 65 65 65 65 65 
  INPUT ---       65 65 65 65 ;
  INPUT ---        65 65 65 65 65 65 65 65 65 65 65 65 65 65 65 65 65 65 65 
  INPUT ---       65 65 65 ;
  INPUT ---        65 65 65 65 65 65 65 65 65 65 65 65 65 65 65 65 65 65 65 
  INPUT ---       65 65 ;
  INPUT ---        65 65 65 65 65 65 65 65 65 65 65 65 65 65 65 65 65 65 65 
  INPUT ---       65 ;
  INPUT ---        62 62 62 62 62 62 62 62 62 62 62 62 62 62 62 62 62 62 62 ;

  Program  MARK  - Survival Rate Estimation with Capture-Recapture Data
   gfortran(Win64) Vers. 8.1 Mar 2016    5-Aug-2016 15:39:20    Page  003
 - - - - - - - - - - - - - - - - - - - - - - - - - - - - - - - - - - - - - -
 
  INPUT ---        65 65 65 65 65 65 65 65 65 65 65 65 65 65 65 65 65 65 ;
  INPUT ---        65 65 65 65 65 65 65 65 65 65 65 65 65 65 65 65 65 ;
  INPUT ---        65 65 65 65 65 65 65 65 65 65 65 65 65 65 65 65 ;
  INPUT ---        65 65 65 65 65 65 65 65 65 65 65 65 65 65 65 ;
  INPUT ---        62 62 62 62 62 62 62 62 62 62 62 62 62 62 ;
  INPUT ---        65 65 65 65 65 65 65 65 65 65 65 65 65 ;
  INPUT ---        65 65 65 65 65 65 65 65 65 65 65 65 ;
  INPUT ---        65 65 65 65 65 65 65 65 65 65 65 ;
  INPUT ---        65 65 65 65 65 65 65 65 65 65 ;
  INPUT ---        62 62 62 62 62 62 62 62 62 ;
  INPUT ---        65 65 65 65 65 65 65 65 ;
  INPUT ---        65 65 65 65 65 65 65 ;
  INPUT ---        65 65 65 65 65 65 ;
  INPUT ---        65 65 65 65 65 ;
  INPUT ---        62 62 62 62 ;
  INPUT ---        65 65 65 ;
  INPUT ---        65 65 ;
  INPUT ---        65 ;

  INPUT ---    group=1 Gamma''    rows=29 cols=29 Triang ;
  INPUT ---        63 63 63 63 63 63 63 63 63 63 63 63 63 63 63 63 63 63 63 
  INPUT ---       63 63 63 63 63 63 63 63 63 63 ;
  INPUT ---        66 66 66 66 66 66 66 66 66 66 66 66 66 66 66 66 66 66 66 
  INPUT ---       66 66 66 66 66 66 66 66 66 ;
  INPUT ---        66 66 66 66 66 66 66 66 66 66 66 66 66 66 66 66 66 66 66 
  INPUT ---       66 66 66 66 66 66 66 66 ;
  INPUT ---        66 66 66 66 66 66 66 66 66 66 66 66 66 66 66 66 66 66 66 
  INPUT ---       66 66 66 66 66 66 66 ;
  INPUT ---        66 66 66 66 66 66 66 66 66 66 66 66 66 66 66 66 66 66 66 
  INPUT ---       66 66 66 66 66 66 ;
  INPUT ---        63 63 63 63 63 63 63 63 63 63 63 63 63 63 63 63 63 63 63 
  INPUT ---       63 63 63 63 63 ;
  INPUT ---        66 66 66 66 66 66 66 66 66 66 66 66 66 66 66 66 66 66 66 
  INPUT ---       66 66 66 66 ;
  INPUT ---        66 66 66 66 66 66 66 66 66 66 66 66 66 66 66 66 66 66 66 
  INPUT ---       66 66 66 ;
  INPUT ---        66 66 66 66 66 66 66 66 66 66 66 66 66 66 66 66 66 66 66 
  INPUT ---       66 66 ;
  INPUT ---        66 66 66 66 66 66 66 66 66 66 66 66 66 66 66 66 66 66 66 
  INPUT ---       66 ;
  INPUT ---        63 63 63 63 63 63 63 63 63 63 63 63 63 63 63 63 63 63 63 ;
  INPUT ---        66 66 66 66 66 66 66 66 66 66 66 66 66 66 66 66 66 66 ;
  INPUT ---        66 66 66 66 66 66 66 66 66 66 66 66 66 66 66 66 66 ;
  INPUT ---        66 66 66 66 66 66 66 66 66 66 66 66 66 66 66 66 ;
  INPUT ---        66 66 66 66 66 66 66 66 66 66 66 66 66 66 66 ;
  INPUT ---        63 63 63 63 63 63 63 63 63 63 63 63 63 63 ;

  Program  MARK  - Survival Rate Estimation with Capture-Recapture Data
   gfortran(Win64) Vers. 8.1 Mar 2016    5-Aug-2016 15:39:20    Page  004
 - - - - - - - - - - - - - - - - - - - - - - - - - - - - - - - - - - - - - -
 
  INPUT ---        66 66 66 66 66 66 66 66 66 66 66 66 66 ;
  INPUT ---        66 66 66 66 66 66 66 66 66 66 66 66 ;
  INPUT ---        66 66 66 66 66 66 66 66 66 66 66 ;
  INPUT ---        66 66 66 66 66 66 66 66 66 66 ;
  INPUT ---        63 63 63 63 63 63 63 63 63 ;
  INPUT ---        66 66 66 66 66 66 66 66 ;
  INPUT ---        66 66 66 66 66 66 66 ;
  INPUT ---        66 66 66 66 66 66 ;
  INPUT ---        66 66 66 66 66 ;
  INPUT ---        63 63 63 63 ;
  INPUT ---        66 66 66 ;
  INPUT ---        66 66 ;
  INPUT ---        66 ;

  INPUT ---    group=1 Gamma'    rows=28 cols=28 Triang ;
  INPUT ---        64 64 64 64 64 64 64 64 64 64 64 64 64 64 64 64 64 64 64 
  INPUT ---       64 64 64 64 64 64 64 64 64 ;
  INPUT ---        66 66 66 66 66 66 66 66 66 66 66 66 66 66 66 66 66 66 66 
  INPUT ---       66 66 66 66 66 66 66 66 ;
  INPUT ---        66 66 66 66 66 66 66 66 66 66 66 66 66 66 66 66 66 66 66 
  INPUT ---       66 66 66 66 66 66 66 ;
  INPUT ---        66 66 66 66 66 66 66 66 66 66 66 66 66 66 66 66 66 66 66 
  INPUT ---       66 66 66 66 66 66 ;
  INPUT ---        66 66 66 66 66 66 66 66 66 66 66 66 66 66 66 66 66 66 66 
  INPUT ---       66 66 66 66 66 ;
  INPUT ---        64 64 64 64 64 64 64 64 64 64 64 64 64 64 64 64 64 64 64 
  INPUT ---       64 64 64 64 ;
  INPUT ---        66 66 66 66 66 66 66 66 66 66 66 66 66 66 66 66 66 66 66 
  INPUT ---       66 66 66 ;
  INPUT ---        66 66 66 66 66 66 66 66 66 66 66 66 66 66 66 66 66 66 66 
  INPUT ---       66 66 ;
  INPUT ---        66 66 66 66 66 66 66 66 66 66 66 66 66 66 66 66 66 66 66 
  INPUT ---       66 ;
  INPUT ---        66 66 66 66 66 66 66 66 66 66 66 66 66 66 66 66 66 66 66 ;
  INPUT ---        64 64 64 64 64 64 64 64 64 64 64 64 64 64 64 64 64 64 ;
  INPUT ---        66 66 66 66 66 66 66 66 66 66 66 66 66 66 66 66 66 ;
  INPUT ---        66 66 66 66 66 66 66 66 66 66 66 66 66 66 66 66 ;
  INPUT ---        66 66 66 66 66 66 66 66 66 66 66 66 66 66 66 ;
  INPUT ---        66 66 66 66 66 66 66 66 66 66 66 66 66 66 ;
  INPUT ---        64 64 64 64 64 64 64 64 64 64 64 64 64 ;
  INPUT ---        66 66 66 66 66 66 66 66 66 66 66 66 ;
  INPUT ---        66 66 66 66 66 66 66 66 66 66 66 ;
  INPUT ---        66 66 66 66 66 66 66 66 66 66 ;
  INPUT ---        66 66 66 66 66 66 66 66 66 ;
  INPUT ---        64 64 64 64 64 64 64 64 ;
  INPUT ---        66 66 66 66 66 66 66 ;

  Program  MARK  - Survival Rate Estimation with Capture-Recapture Data
   gfortran(Win64) Vers. 8.1 Mar 2016    5-Aug-2016 15:39:20    Page  005
 - - - - - - - - - - - - - - - - - - - - - - - - - - - - - - - - - - - - - -
 
  INPUT ---        66 66 66 66 66 66 ;
  INPUT ---        66 66 66 66 66 ;
  INPUT ---        66 66 66 66 ;
  INPUT ---        64 64 64 ;
  INPUT ---        66 66 ;
  INPUT ---        66 ;

  INPUT ---    initial  0.8492118 0 0 0 0 0 0 0 0 0 0 0 0 0 0 0 0 0 0 0 0 
  INPUT ---    0 0 0 0 0 0 0 0 0 -0.3123225 3.139572 0 0 0 0 0 0 0 0 0 0 0 
  INPUT ---    0 0 0 0 0 0 0 0 0 0 0 0 0 0 0 0 0 0 2.0066797 -2.9445172 
  INPUT ---    17.724958  ;

  INPUT ---    design matrix constraints=66 covariates=64;
  INPUT ---        1 0 0 0 0 0 0 0 0 0 0 0 0 0 0 0 0 0 0 0 0 0 0 0 0 0 0 0 0 
  INPUT ---       0 0 0 0 0 0 0 0 0 0 0 0 0 0 0 0 0 0 0 0 0 0 0 0 0 0 0 0 0 0 
  INPUT ---       0 0 0 0 0;
  INPUT ---        1 1 0 0 0 0 0 0 0 0 0 0 0 0 0 0 0 0 0 0 0 0 0 0 0 0 0 0 0 
  INPUT ---       0 0 0 0 0 0 0 0 0 0 0 0 0 0 0 0 0 0 0 0 0 0 0 0 0 0 0 0 0 0 
  INPUT ---       0 0 0 0 0;
  INPUT ---        1 0 1 0 0 0 0 0 0 0 0 0 0 0 0 0 0 0 0 0 0 0 0 0 0 0 0 0 0 
  INPUT ---       0 0 0 0 0 0 0 0 0 0 0 0 0 0 0 0 0 0 0 0 0 0 0 0 0 0 0 0 0 0 
  INPUT ---       0 0 0 0 0;
  INPUT ---        1 0 0 1 0 0 0 0 0 0 0 0 0 0 0 0 0 0 0 0 0 0 0 0 0 0 0 0 0 
  INPUT ---       0 0 0 0 0 0 0 0 0 0 0 0 0 0 0 0 0 0 0 0 0 0 0 0 0 0 0 0 0 0 
  INPUT ---       0 0 0 0 0;
  INPUT ---        1 0 0 0 1 0 0 0 0 0 0 0 0 0 0 0 0 0 0 0 0 0 0 0 0 0 0 0 0 
  INPUT ---       0 0 0 0 0 0 0 0 0 0 0 0 0 0 0 0 0 0 0 0 0 0 0 0 0 0 0 0 0 0 
  INPUT ---       0 0 0 0 0;
  INPUT ---        1 0 0 0 0 1 0 0 0 0 0 0 0 0 0 0 0 0 0 0 0 0 0 0 0 0 0 0 0 
  INPUT ---       0 0 0 0 0 0 0 0 0 0 0 0 0 0 0 0 0 0 0 0 0 0 0 0 0 0 0 0 0 0 
  INPUT ---       0 0 0 0 0;
  INPUT ---        1 0 0 0 0 0 1 0 0 0 0 0 0 0 0 0 0 0 0 0 0 0 0 0 0 0 0 0 0 
  INPUT ---       0 0 0 0 0 0 0 0 0 0 0 0 0 0 0 0 0 0 0 0 0 0 0 0 0 0 0 0 0 0 
  INPUT ---       0 0 0 0 0;
  INPUT ---        1 0 0 0 0 0 0 1 0 0 0 0 0 0 0 0 0 0 0 0 0 0 0 0 0 0 0 0 0 
  INPUT ---       0 0 0 0 0 0 0 0 0 0 0 0 0 0 0 0 0 0 0 0 0 0 0 0 0 0 0 0 0 0 
  INPUT ---       0 0 0 0 0;
  INPUT ---        1 0 0 0 0 0 0 0 1 0 0 0 0 0 0 0 0 0 0 0 0 0 0 0 0 0 0 0 0 
  INPUT ---       0 0 0 0 0 0 0 0 0 0 0 0 0 0 0 0 0 0 0 0 0 0 0 0 0 0 0 0 0 0 
  INPUT ---       0 0 0 0 0;
  INPUT ---        1 0 0 0 0 0 0 0 0 1 0 0 0 0 0 0 0 0 0 0 0 0 0 0 0 0 0 0 0 
  INPUT ---       0 0 0 0 0 0 0 0 0 0 0 0 0 0 0 0 0 0 0 0 0 0 0 0 0 0 0 0 0 0 
  INPUT ---       0 0 0 0 0;
  INPUT ---        1 0 0 0 0 0 0 0 0 0 1 0 0 0 0 0 0 0 0 0 0 0 0 0 0 0 0 0 0 
  INPUT ---       0 0 0 0 0 0 0 0 0 0 0 0 0 0 0 0 0 0 0 0 0 0 0 0 0 0 0 0 0 0 
  INPUT ---       0 0 0 0 0;

  Program  MARK  - Survival Rate Estimation with Capture-Recapture Data
   gfortran(Win64) Vers. 8.1 Mar 2016    5-Aug-2016 15:39:20    Page  006
 - - - - - - - - - - - - - - - - - - - - - - - - - - - - - - - - - - - - - -
 
  INPUT ---        1 0 0 0 0 0 0 0 0 0 0 1 0 0 0 0 0 0 0 0 0 0 0 0 0 0 0 0 0 
  INPUT ---       0 0 0 0 0 0 0 0 0 0 0 0 0 0 0 0 0 0 0 0 0 0 0 0 0 0 0 0 0 0 
  INPUT ---       0 0 0 0 0;
  INPUT ---        1 0 0 0 0 0 0 0 0 0 0 0 1 0 0 0 0 0 0 0 0 0 0 0 0 0 0 0 0 
  INPUT ---       0 0 0 0 0 0 0 0 0 0 0 0 0 0 0 0 0 0 0 0 0 0 0 0 0 0 0 0 0 0 
  INPUT ---       0 0 0 0 0;
  INPUT ---        1 0 0 0 0 0 0 0 0 0 0 0 0 1 0 0 0 0 0 0 0 0 0 0 0 0 0 0 0 
  INPUT ---       0 0 0 0 0 0 0 0 0 0 0 0 0 0 0 0 0 0 0 0 0 0 0 0 0 0 0 0 0 0 
  INPUT ---       0 0 0 0 0;
  INPUT ---        1 0 0 0 0 0 0 0 0 0 0 0 0 0 1 0 0 0 0 0 0 0 0 0 0 0 0 0 0 
  INPUT ---       0 0 0 0 0 0 0 0 0 0 0 0 0 0 0 0 0 0 0 0 0 0 0 0 0 0 0 0 0 0 
  INPUT ---       0 0 0 0 0;
  INPUT ---        1 0 0 0 0 0 0 0 0 0 0 0 0 0 0 1 0 0 0 0 0 0 0 0 0 0 0 0 0 
  INPUT ---       0 0 0 0 0 0 0 0 0 0 0 0 0 0 0 0 0 0 0 0 0 0 0 0 0 0 0 0 0 0 
  INPUT ---       0 0 0 0 0;
  INPUT ---        1 0 0 0 0 0 0 0 0 0 0 0 0 0 0 0 1 0 0 0 0 0 0 0 0 0 0 0 0 
  INPUT ---       0 0 0 0 0 0 0 0 0 0 0 0 0 0 0 0 0 0 0 0 0 0 0 0 0 0 0 0 0 0 
  INPUT ---       0 0 0 0 0;
  INPUT ---        1 0 0 0 0 0 0 0 0 0 0 0 0 0 0 0 0 1 0 0 0 0 0 0 0 0 0 0 0 
  INPUT ---       0 0 0 0 0 0 0 0 0 0 0 0 0 0 0 0 0 0 0 0 0 0 0 0 0 0 0 0 0 0 
  INPUT ---       0 0 0 0 0;
  INPUT ---        1 0 0 0 0 0 0 0 0 0 0 0 0 0 0 0 0 0 1 0 0 0 0 0 0 0 0 0 0 
  INPUT ---       0 0 0 0 0 0 0 0 0 0 0 0 0 0 0 0 0 0 0 0 0 0 0 0 0 0 0 0 0 0 
  INPUT ---       0 0 0 0 0;
  INPUT ---        1 0 0 0 0 0 0 0 0 0 0 0 0 0 0 0 0 0 0 1 0 0 0 0 0 0 0 0 0 
  INPUT ---       0 0 0 0 0 0 0 0 0 0 0 0 0 0 0 0 0 0 0 0 0 0 0 0 0 0 0 0 0 0 
  INPUT ---       0 0 0 0 0;
  INPUT ---        1 0 0 0 0 0 0 0 0 0 0 0 0 0 0 0 0 0 0 0 1 0 0 0 0 0 0 0 0 
  INPUT ---       0 0 0 0 0 0 0 0 0 0 0 0 0 0 0 0 0 0 0 0 0 0 0 0 0 0 0 0 0 0 
  INPUT ---       0 0 0 0 0;
  INPUT ---        1 0 0 0 0 0 0 0 0 0 0 0 0 0 0 0 0 0 0 0 0 1 0 0 0 0 0 0 0 
  INPUT ---       0 0 0 0 0 0 0 0 0 0 0 0 0 0 0 0 0 0 0 0 0 0 0 0 0 0 0 0 0 0 
  INPUT ---       0 0 0 0 0;
  INPUT ---        1 0 0 0 0 0 0 0 0 0 0 0 0 0 0 0 0 0 0 0 0 0 1 0 0 0 0 0 0 
  INPUT ---       0 0 0 0 0 0 0 0 0 0 0 0 0 0 0 0 0 0 0 0 0 0 0 0 0 0 0 0 0 0 
  INPUT ---       0 0 0 0 0;
  INPUT ---        1 0 0 0 0 0 0 0 0 0 0 0 0 0 0 0 0 0 0 0 0 0 0 1 0 0 0 0 0 
  INPUT ---       0 0 0 0 0 0 0 0 0 0 0 0 0 0 0 0 0 0 0 0 0 0 0 0 0 0 0 0 0 0 
  INPUT ---       0 0 0 0 0;
  INPUT ---        1 0 0 0 0 0 0 0 0 0 0 0 0 0 0 0 0 0 0 0 0 0 0 0 1 0 0 0 0 
  INPUT ---       0 0 0 0 0 0 0 0 0 0 0 0 0 0 0 0 0 0 0 0 0 0 0 0 0 0 0 0 0 0 
  INPUT ---       0 0 0 0 0;
  INPUT ---        1 0 0 0 0 0 0 0 0 0 0 0 0 0 0 0 0 0 0 0 0 0 0 0 0 1 0 0 0 
  INPUT ---       0 0 0 0 0 0 0 0 0 0 0 0 0 0 0 0 0 0 0 0 0 0 0 0 0 0 0 0 0 0 
  INPUT ---       0 0 0 0 0;
  INPUT ---        1 0 0 0 0 0 0 0 0 0 0 0 0 0 0 0 0 0 0 0 0 0 0 0 0 0 1 0 0 

  Program  MARK  - Survival Rate Estimation with Capture-Recapture Data
   gfortran(Win64) Vers. 8.1 Mar 2016    5-Aug-2016 15:39:20    Page  007
 - - - - - - - - - - - - - - - - - - - - - - - - - - - - - - - - - - - - - -
 
  INPUT ---       0 0 0 0 0 0 0 0 0 0 0 0 0 0 0 0 0 0 0 0 0 0 0 0 0 0 0 0 0 0 
  INPUT ---       0 0 0 0 0;
  INPUT ---        1 0 0 0 0 0 0 0 0 0 0 0 0 0 0 0 0 0 0 0 0 0 0 0 0 0 0 1 0 
  INPUT ---       0 0 0 0 0 0 0 0 0 0 0 0 0 0 0 0 0 0 0 0 0 0 0 0 0 0 0 0 0 0 
  INPUT ---       0 0 0 0 0;
  INPUT ---        1 0 0 0 0 0 0 0 0 0 0 0 0 0 0 0 0 0 0 0 0 0 0 0 0 0 0 0 1 
  INPUT ---       0 0 0 0 0 0 0 0 0 0 0 0 0 0 0 0 0 0 0 0 0 0 0 0 0 0 0 0 0 0 
  INPUT ---       0 0 0 0 0;
  INPUT ---        1 0 0 0 0 0 0 0 0 0 0 0 0 0 0 0 0 0 0 0 0 0 0 0 0 0 0 0 0 
  INPUT ---       1 0 0 0 0 0 0 0 0 0 0 0 0 0 0 0 0 0 0 0 0 0 0 0 0 0 0 0 0 0 
  INPUT ---       0 0 0 0 0;
  INPUT ---        0 0 0 0 0 0 0 0 0 0 0 0 0 0 0 0 0 0 0 0 0 0 0 0 0 0 0 0 0 
  INPUT ---       0 1 0 0 0 0 0 0 0 0 0 0 0 0 0 0 0 0 0 0 0 0 0 0 0 0 0 0 0 0 
  INPUT ---       0 0 0 0 0;
  INPUT ---        0 0 0 0 0 0 0 0 0 0 0 0 0 0 0 0 0 0 0 0 0 0 0 0 0 0 0 0 0 
  INPUT ---       0 0 1 0 0 0 0 0 0 0 0 0 0 0 0 0 0 0 0 0 0 0 0 0 0 0 0 0 0 0 
  INPUT ---       0 0 0 0 0;
  INPUT ---        0 0 0 0 0 0 0 0 0 0 0 0 0 0 0 0 0 0 0 0 0 0 0 0 0 0 0 0 0 
  INPUT ---       0 0 1 1 0 0 0 0 0 0 0 0 0 0 0 0 0 0 0 0 0 0 0 0 0 0 0 0 0 0 
  INPUT ---       0 0 0 0 0;
  INPUT ---        0 0 0 0 0 0 0 0 0 0 0 0 0 0 0 0 0 0 0 0 0 0 0 0 0 0 0 0 0 
  INPUT ---       0 0 1 0 1 0 0 0 0 0 0 0 0 0 0 0 0 0 0 0 0 0 0 0 0 0 0 0 0 0 
  INPUT ---       0 0 0 0 0;
  INPUT ---        0 0 0 0 0 0 0 0 0 0 0 0 0 0 0 0 0 0 0 0 0 0 0 0 0 0 0 0 0 
  INPUT ---       0 0 1 0 0 1 0 0 0 0 0 0 0 0 0 0 0 0 0 0 0 0 0 0 0 0 0 0 0 0 
  INPUT ---       0 0 0 0 0;
  INPUT ---        0 0 0 0 0 0 0 0 0 0 0 0 0 0 0 0 0 0 0 0 0 0 0 0 0 0 0 0 0 
  INPUT ---       0 0 1 0 0 0 1 0 0 0 0 0 0 0 0 0 0 0 0 0 0 0 0 0 0 0 0 0 0 0 
  INPUT ---       0 0 0 0 0;
  INPUT ---        0 0 0 0 0 0 0 0 0 0 0 0 0 0 0 0 0 0 0 0 0 0 0 0 0 0 0 0 0 
  INPUT ---       0 0 1 0 0 0 0 1 0 0 0 0 0 0 0 0 0 0 0 0 0 0 0 0 0 0 0 0 0 0 
  INPUT ---       0 0 0 0 0;
  INPUT ---        0 0 0 0 0 0 0 0 0 0 0 0 0 0 0 0 0 0 0 0 0 0 0 0 0 0 0 0 0 
  INPUT ---       0 0 1 0 0 0 0 0 1 0 0 0 0 0 0 0 0 0 0 0 0 0 0 0 0 0 0 0 0 0 
  INPUT ---       0 0 0 0 0;
  INPUT ---        0 0 0 0 0 0 0 0 0 0 0 0 0 0 0 0 0 0 0 0 0 0 0 0 0 0 0 0 0 
  INPUT ---       0 0 1 0 0 0 0 0 0 1 0 0 0 0 0 0 0 0 0 0 0 0 0 0 0 0 0 0 0 0 
  INPUT ---       0 0 0 0 0;
  INPUT ---        0 0 0 0 0 0 0 0 0 0 0 0 0 0 0 0 0 0 0 0 0 0 0 0 0 0 0 0 0 
  INPUT ---       0 0 1 0 0 0 0 0 0 0 1 0 0 0 0 0 0 0 0 0 0 0 0 0 0 0 0 0 0 0 
  INPUT ---       0 0 0 0 0;
  INPUT ---        0 0 0 0 0 0 0 0 0 0 0 0 0 0 0 0 0 0 0 0 0 0 0 0 0 0 0 0 0 
  INPUT ---       0 0 1 0 0 0 0 0 0 0 0 1 0 0 0 0 0 0 0 0 0 0 0 0 0 0 0 0 0 0 
  INPUT ---       0 0 0 0 0;
  INPUT ---        0 0 0 0 0 0 0 0 0 0 0 0 0 0 0 0 0 0 0 0 0 0 0 0 0 0 0 0 0 
  INPUT ---       0 0 1 0 0 0 0 0 0 0 0 0 1 0 0 0 0 0 0 0 0 0 0 0 0 0 0 0 0 0 

  Program  MARK  - Survival Rate Estimation with Capture-Recapture Data
   gfortran(Win64) Vers. 8.1 Mar 2016    5-Aug-2016 15:39:20    Page  008
 - - - - - - - - - - - - - - - - - - - - - - - - - - - - - - - - - - - - - -
 
  INPUT ---       0 0 0 0 0;
  INPUT ---        0 0 0 0 0 0 0 0 0 0 0 0 0 0 0 0 0 0 0 0 0 0 0 0 0 0 0 0 0 
  INPUT ---       0 0 1 0 0 0 0 0 0 0 0 0 0 1 0 0 0 0 0 0 0 0 0 0 0 0 0 0 0 0 
  INPUT ---       0 0 0 0 0;
  INPUT ---        0 0 0 0 0 0 0 0 0 0 0 0 0 0 0 0 0 0 0 0 0 0 0 0 0 0 0 0 0 
  INPUT ---       0 0 1 0 0 0 0 0 0 0 0 0 0 0 1 0 0 0 0 0 0 0 0 0 0 0 0 0 0 0 
  INPUT ---       0 0 0 0 0;
  INPUT ---        0 0 0 0 0 0 0 0 0 0 0 0 0 0 0 0 0 0 0 0 0 0 0 0 0 0 0 0 0 
  INPUT ---       0 0 1 0 0 0 0 0 0 0 0 0 0 0 0 1 0 0 0 0 0 0 0 0 0 0 0 0 0 0 
  INPUT ---       0 0 0 0 0;
  INPUT ---        0 0 0 0 0 0 0 0 0 0 0 0 0 0 0 0 0 0 0 0 0 0 0 0 0 0 0 0 0 
  INPUT ---       0 0 1 0 0 0 0 0 0 0 0 0 0 0 0 0 1 0 0 0 0 0 0 0 0 0 0 0 0 0 
  INPUT ---       0 0 0 0 0;
  INPUT ---        0 0 0 0 0 0 0 0 0 0 0 0 0 0 0 0 0 0 0 0 0 0 0 0 0 0 0 0 0 
  INPUT ---       0 0 1 0 0 0 0 0 0 0 0 0 0 0 0 0 0 1 0 0 0 0 0 0 0 0 0 0 0 0 
  INPUT ---       0 0 0 0 0;
  INPUT ---        0 0 0 0 0 0 0 0 0 0 0 0 0 0 0 0 0 0 0 0 0 0 0 0 0 0 0 0 0 
  INPUT ---       0 0 1 0 0 0 0 0 0 0 0 0 0 0 0 0 0 0 1 0 0 0 0 0 0 0 0 0 0 0 
  INPUT ---       0 0 0 0 0;
  INPUT ---        0 0 0 0 0 0 0 0 0 0 0 0 0 0 0 0 0 0 0 0 0 0 0 0 0 0 0 0 0 
  INPUT ---       0 0 1 0 0 0 0 0 0 0 0 0 0 0 0 0 0 0 0 1 0 0 0 0 0 0 0 0 0 0 
  INPUT ---       0 0 0 0 0;
  INPUT ---        0 0 0 0 0 0 0 0 0 0 0 0 0 0 0 0 0 0 0 0 0 0 0 0 0 0 0 0 0 
  INPUT ---       0 0 1 0 0 0 0 0 0 0 0 0 0 0 0 0 0 0 0 0 1 0 0 0 0 0 0 0 0 0 
  INPUT ---       0 0 0 0 0;
  INPUT ---        0 0 0 0 0 0 0 0 0 0 0 0 0 0 0 0 0 0 0 0 0 0 0 0 0 0 0 0 0 
  INPUT ---       0 0 1 0 0 0 0 0 0 0 0 0 0 0 0 0 0 0 0 0 0 1 0 0 0 0 0 0 0 0 
  INPUT ---       0 0 0 0 0;
  INPUT ---        0 0 0 0 0 0 0 0 0 0 0 0 0 0 0 0 0 0 0 0 0 0 0 0 0 0 0 0 0 
  INPUT ---       0 0 1 0 0 0 0 0 0 0 0 0 0 0 0 0 0 0 0 0 0 0 1 0 0 0 0 0 0 0 
  INPUT ---       0 0 0 0 0;
  INPUT ---        0 0 0 0 0 0 0 0 0 0 0 0 0 0 0 0 0 0 0 0 0 0 0 0 0 0 0 0 0 
  INPUT ---       0 0 1 0 0 0 0 0 0 0 0 0 0 0 0 0 0 0 0 0 0 0 0 1 0 0 0 0 0 0 
  INPUT ---       0 0 0 0 0;
  INPUT ---        0 0 0 0 0 0 0 0 0 0 0 0 0 0 0 0 0 0 0 0 0 0 0 0 0 0 0 0 0 
  INPUT ---       0 0 1 0 0 0 0 0 0 0 0 0 0 0 0 0 0 0 0 0 0 0 0 0 1 0 0 0 0 0 
  INPUT ---       0 0 0 0 0;
  INPUT ---        0 0 0 0 0 0 0 0 0 0 0 0 0 0 0 0 0 0 0 0 0 0 0 0 0 0 0 0 0 
  INPUT ---       0 0 1 0 0 0 0 0 0 0 0 0 0 0 0 0 0 0 0 0 0 0 0 0 0 1 0 0 0 0 
  INPUT ---       0 0 0 0 0;
  INPUT ---        0 0 0 0 0 0 0 0 0 0 0 0 0 0 0 0 0 0 0 0 0 0 0 0 0 0 0 0 0 
  INPUT ---       0 0 1 0 0 0 0 0 0 0 0 0 0 0 0 0 0 0 0 0 0 0 0 0 0 0 1 0 0 0 
  INPUT ---       0 0 0 0 0;
  INPUT ---        0 0 0 0 0 0 0 0 0 0 0 0 0 0 0 0 0 0 0 0 0 0 0 0 0 0 0 0 0 
  INPUT ---       0 0 1 0 0 0 0 0 0 0 0 0 0 0 0 0 0 0 0 0 0 0 0 0 0 0 0 1 0 0 
  INPUT ---       0 0 0 0 0;

  Program  MARK  - Survival Rate Estimation with Capture-Recapture Data
   gfortran(Win64) Vers. 8.1 Mar 2016    5-Aug-2016 15:39:20    Page  009
 - - - - - - - - - - - - - - - - - - - - - - - - - - - - - - - - - - - - - -
 
  INPUT ---        0 0 0 0 0 0 0 0 0 0 0 0 0 0 0 0 0 0 0 0 0 0 0 0 0 0 0 0 0 
  INPUT ---       0 0 1 0 0 0 0 0 0 0 0 0 0 0 0 0 0 0 0 0 0 0 0 0 0 0 0 0 1 0 
  INPUT ---       0 0 0 0 0;
  INPUT ---        0 0 0 0 0 0 0 0 0 0 0 0 0 0 0 0 0 0 0 0 0 0 0 0 0 0 0 0 0 
  INPUT ---       0 0 1 0 0 0 0 0 0 0 0 0 0 0 0 0 0 0 0 0 0 0 0 0 0 0 0 0 0 1 
  INPUT ---       0 0 0 0 0;
  INPUT ---        0 0 0 0 0 0 0 0 0 0 0 0 0 0 0 0 0 0 0 0 0 0 0 0 0 0 0 0 0 
  INPUT ---       0 0 1 0 0 0 0 0 0 0 0 0 0 0 0 0 0 0 0 0 0 0 0 0 0 0 0 0 0 0 
  INPUT ---       1 0 0 0 0;
  INPUT ---        0 0 0 0 0 0 0 0 0 0 0 0 0 0 0 0 0 0 0 0 0 0 0 0 0 0 0 0 0 
  INPUT ---       0 0 1 0 0 0 0 0 0 0 0 0 0 0 0 0 0 0 0 0 0 0 0 0 0 0 0 0 0 0 
  INPUT ---       0 1 0 0 0;
  INPUT ---        0 0 0 0 0 0 0 0 0 0 0 0 0 0 0 0 0 0 0 0 0 0 0 0 0 0 0 0 0 
  INPUT ---       0 0 0 0 0 0 0 0 0 0 0 0 0 0 0 0 0 0 0 0 0 0 0 0 0 0 0 0 0 0 
  INPUT ---       0 0 1 0 0;
  INPUT ---        0 0 0 0 0 0 0 0 0 0 0 0 0 0 0 0 0 0 0 0 0 0 0 0 0 0 0 0 0 
  INPUT ---       0 0 0 0 0 0 0 0 0 0 0 0 0 0 0 0 0 0 0 0 0 0 0 0 0 0 0 0 0 0 
  INPUT ---       0 0 0 1 0;
  INPUT ---        0 0 0 0 0 0 0 0 0 0 0 0 0 0 0 0 0 0 0 0 0 0 0 0 0 0 0 0 0 
  INPUT ---       0 0 0 0 0 0 0 0 0 0 0 0 0 0 0 0 0 0 0 0 0 0 0 0 0 0 0 0 0 0 
  INPUT ---       0 0 0 0 1;
  INPUT ---        0 0 0 0 0 0 0 0 0 0 0 0 0 0 0 0 0 0 0 0 0 0 0 0 0 0 0 0 0 
  INPUT ---       0 0 0 0 0 0 0 0 0 0 0 0 0 0 0 0 0 0 0 0 0 0 0 0 0 0 0 0 0 0 
  INPUT ---       0 0 0 0 0;
  INPUT ---        0 0 0 0 0 0 0 0 0 0 0 0 0 0 0 0 0 0 0 0 0 0 0 0 0 0 0 0 0 
  INPUT ---       0 0 0 0 0 0 0 0 0 0 0 0 0 0 0 0 0 0 0 0 0 0 0 0 0 0 0 0 0 0 
  INPUT ---       0 0 0 0 0;

  INPUT ---    links=66;

  INPUT ---    Log;

  INPUT ---    Log;

  INPUT ---    Log;

  INPUT ---    Log;

  INPUT ---    Log;

  INPUT ---    Log;

  INPUT ---    Log;

  INPUT ---    Log;


  Program  MARK  - Survival Rate Estimation with Capture-Recapture Data
   gfortran(Win64) Vers. 8.1 Mar 2016    5-Aug-2016 15:39:20    Page  010
 - - - - - - - - - - - - - - - - - - - - - - - - - - - - - - - - - - - - - -
 
  INPUT ---    Log;

  INPUT ---    Log;

  INPUT ---    Log;

  INPUT ---    Log;

  INPUT ---    Log;

  INPUT ---    Log;

  INPUT ---    Log;

  INPUT ---    Log;

  INPUT ---    Log;

  INPUT ---    Log;

  INPUT ---    Log;

  INPUT ---    Log;

  INPUT ---    Log;

  INPUT ---    Log;

  INPUT ---    Log;

  INPUT ---    Log;

  INPUT ---    Log;

  INPUT ---    Log;

  INPUT ---    Log;

  INPUT ---    Log;

  INPUT ---    Log;

  INPUT ---    Log;

  INPUT ---    Log;


  Program  MARK  - Survival Rate Estimation with Capture-Recapture Data
   gfortran(Win64) Vers. 8.1 Mar 2016    5-Aug-2016 15:39:20    Page  011
 - - - - - - - - - - - - - - - - - - - - - - - - - - - - - - - - - - - - - -
 
  INPUT ---    Log;

  INPUT ---    Log;

  INPUT ---    Log;

  INPUT ---    Log;

  INPUT ---    Log;

  INPUT ---    Log;

  INPUT ---    Log;

  INPUT ---    Log;

  INPUT ---    Log;

  INPUT ---    Log;

  INPUT ---    Log;

  INPUT ---    Log;

  INPUT ---    Log;

  INPUT ---    Log;

  INPUT ---    Log;

  INPUT ---    Log;

  INPUT ---    Log;

  INPUT ---    Log;

  INPUT ---    Log;

  INPUT ---    Log;

  INPUT ---    Log;

  INPUT ---    Log;

  INPUT ---    Log;


  Program  MARK  - Survival Rate Estimation with Capture-Recapture Data
   gfortran(Win64) Vers. 8.1 Mar 2016    5-Aug-2016 15:39:20    Page  012
 - - - - - - - - - - - - - - - - - - - - - - - - - - - - - - - - - - - - - -
 
  INPUT ---    Log;

  INPUT ---    Log;

  INPUT ---    Log;

  INPUT ---    Log;

  INPUT ---    Log;

  INPUT ---    Log;

  INPUT ---    Log;

  INPUT ---    Logit;

  INPUT ---    Logit;

  INPUT ---    Logit;

  INPUT ---    Logit;

  INPUT ---    Logit;
  INPUT ---       blabel(1)=alpha:(Intercept);
  INPUT ---       blabel(2)=alpha:time1.2;
  INPUT ---       blabel(3)=alpha:time1.4;
  INPUT ---       blabel(4)=alpha:time1.6;
  INPUT ---       blabel(5)=alpha:time1.8;
  INPUT ---       blabel(6)=alpha:time3.8;
  INPUT ---       blabel(7)=alpha:time4;
  INPUT ---       blabel(8)=alpha:time4.2;
  INPUT ---       blabel(9)=alpha:time4.4;
  INPUT ---       blabel(10)=alpha:time4.6;
  INPUT ---       blabel(11)=alpha:time7.1;
  INPUT ---       blabel(12)=alpha:time7.3;
  INPUT ---       blabel(13)=alpha:time7.5;
  INPUT ---       blabel(14)=alpha:time7.7;
  INPUT ---       blabel(15)=alpha:time7.9;
  INPUT ---       blabel(16)=alpha:time10.567;
  INPUT ---       blabel(17)=alpha:time10.767;
  INPUT ---       blabel(18)=alpha:time10.967;
  INPUT ---       blabel(19)=alpha:time11.167;
  INPUT ---       blabel(20)=alpha:time11.367;
  INPUT ---       blabel(21)=alpha:time13.134;
  INPUT ---       blabel(22)=alpha:time13.334;
  INPUT ---       blabel(23)=alpha:time13.534;

  Program  MARK  - Survival Rate Estimation with Capture-Recapture Data
   gfortran(Win64) Vers. 8.1 Mar 2016    5-Aug-2016 15:39:20    Page  013
 - - - - - - - - - - - - - - - - - - - - - - - - - - - - - - - - - - - - - -
 
  INPUT ---       blabel(24)=alpha:time13.734;
  INPUT ---       blabel(25)=alpha:time13.934;
  INPUT ---       blabel(26)=alpha:time17.101;
  INPUT ---       blabel(27)=alpha:time17.301;
  INPUT ---       blabel(28)=alpha:time17.501;
  INPUT ---       blabel(29)=alpha:time17.701;
  INPUT ---       blabel(30)=alpha:time17.901;
  INPUT ---       blabel(31)=sigma:(Intercept);
  INPUT ---       blabel(32)=U:(Intercept);
  INPUT ---       blabel(33)=U:time1.2;
  INPUT ---       blabel(34)=U:time1.4;
  INPUT ---       blabel(35)=U:time1.6;
  INPUT ---       blabel(36)=U:time1.8;
  INPUT ---       blabel(37)=U:time3.8;
  INPUT ---       blabel(38)=U:time4;
  INPUT ---       blabel(39)=U:time4.2;
  INPUT ---       blabel(40)=U:time4.4;
  INPUT ---       blabel(41)=U:time4.6;
  INPUT ---       blabel(42)=U:time7.1;
  INPUT ---       blabel(43)=U:time7.3;
  INPUT ---       blabel(44)=U:time7.5;
  INPUT ---       blabel(45)=U:time7.7;
  INPUT ---       blabel(46)=U:time7.9;
  INPUT ---       blabel(47)=U:time10.567;
  INPUT ---       blabel(48)=U:time10.767;
  INPUT ---       blabel(49)=U:time10.967;
  INPUT ---       blabel(50)=U:time11.167;
  INPUT ---       blabel(51)=U:time11.367;
  INPUT ---       blabel(52)=U:time13.134;
  INPUT ---       blabel(53)=U:time13.334;
  INPUT ---       blabel(54)=U:time13.534;
  INPUT ---       blabel(55)=U:time13.734;
  INPUT ---       blabel(56)=U:time13.934;
  INPUT ---       blabel(57)=U:time17.101;
  INPUT ---       blabel(58)=U:time17.301;
  INPUT ---       blabel(59)=U:time17.501;
  INPUT ---       blabel(60)=U:time17.701;
  INPUT ---       blabel(61)=U:time17.901;
  INPUT ---       blabel(62)=Phi:(Intercept);
  INPUT ---       blabel(63)=GammaDoublePrime:(Intercept);
  INPUT ---       blabel(64)=GammaPrime:(Intercept);
  INPUT ---       rlabel(1)=alpha g1 a0 t1;
  INPUT ---       rlabel(2)=alpha g1 a0.2 t1.2;
  INPUT ---       rlabel(3)=alpha g1 a0.4 t1.4;
  INPUT ---       rlabel(4)=alpha g1 a0.6 t1.6;
  INPUT ---       rlabel(5)=alpha g1 a0.8 t1.8;

  Program  MARK  - Survival Rate Estimation with Capture-Recapture Data
   gfortran(Win64) Vers. 8.1 Mar 2016    5-Aug-2016 15:39:20    Page  014
 - - - - - - - - - - - - - - - - - - - - - - - - - - - - - - - - - - - - - -
 
  INPUT ---       rlabel(6)=alpha g1 a2.8 t3.8;
  INPUT ---       rlabel(7)=alpha g1 a3 t4;
  INPUT ---       rlabel(8)=alpha g1 a3.2 t4.2;
  INPUT ---       rlabel(9)=alpha g1 a3.4 t4.4;
  INPUT ---       rlabel(10)=alpha g1 a3.6 t4.6;
  INPUT ---       rlabel(11)=alpha g1 a6.1 t7.1;
  INPUT ---       rlabel(12)=alpha g1 a6.3 t7.3;
  INPUT ---       rlabel(13)=alpha g1 a6.5 t7.5;
  INPUT ---       rlabel(14)=alpha g1 a6.7 t7.7;
  INPUT ---       rlabel(15)=alpha g1 a6.9 t7.9;
  INPUT ---       rlabel(16)=alpha g1 a9.567 t10.567;
  INPUT ---       rlabel(17)=alpha g1 a9.767 t10.767;
  INPUT ---       rlabel(18)=alpha g1 a9.967 t10.967;
  INPUT ---       rlabel(19)=alpha g1 a10.167 t11.167;
  INPUT ---       rlabel(20)=alpha g1 a10.367 t11.367;
  INPUT ---       rlabel(21)=alpha g1 a12.134 t13.134;
  INPUT ---       rlabel(22)=alpha g1 a12.334 t13.334;
  INPUT ---       rlabel(23)=alpha g1 a12.534 t13.534;
  INPUT ---       rlabel(24)=alpha g1 a12.734 t13.734;
  INPUT ---       rlabel(25)=alpha g1 a12.934 t13.934;
  INPUT ---       rlabel(26)=alpha g1 a16.101 t17.101;
  INPUT ---       rlabel(27)=alpha g1 a16.301 t17.301;
  INPUT ---       rlabel(28)=alpha g1 a16.501 t17.501;
  INPUT ---       rlabel(29)=alpha g1 a16.701 t17.701;
  INPUT ---       rlabel(30)=alpha g1 a16.901 t17.901;
  INPUT ---       rlabel(31)=sigma g1 a0 t1;
  INPUT ---       rlabel(32)=U g1 a0 t1;
  INPUT ---       rlabel(33)=U g1 a0.2 t1.2;
  INPUT ---       rlabel(34)=U g1 a0.4 t1.4;
  INPUT ---       rlabel(35)=U g1 a0.6 t1.6;
  INPUT ---       rlabel(36)=U g1 a0.8 t1.8;
  INPUT ---       rlabel(37)=U g1 a2.8 t3.8;
  INPUT ---       rlabel(38)=U g1 a3 t4;
  INPUT ---       rlabel(39)=U g1 a3.2 t4.2;
  INPUT ---       rlabel(40)=U g1 a3.4 t4.4;
  INPUT ---       rlabel(41)=U g1 a3.6 t4.6;
  INPUT ---       rlabel(42)=U g1 a6.1 t7.1;
  INPUT ---       rlabel(43)=U g1 a6.3 t7.3;
  INPUT ---       rlabel(44)=U g1 a6.5 t7.5;
  INPUT ---       rlabel(45)=U g1 a6.7 t7.7;
  INPUT ---       rlabel(46)=U g1 a6.9 t7.9;
  INPUT ---       rlabel(47)=U g1 a9.567 t10.567;
  INPUT ---       rlabel(48)=U g1 a9.767 t10.767;
  INPUT ---       rlabel(49)=U g1 a9.967 t10.967;
  INPUT ---       rlabel(50)=U g1 a10.167 t11.167;
  INPUT ---       rlabel(51)=U g1 a10.367 t11.367;

  Program  MARK  - Survival Rate Estimation with Capture-Recapture Data
   gfortran(Win64) Vers. 8.1 Mar 2016    5-Aug-2016 15:39:20    Page  015
 - - - - - - - - - - - - - - - - - - - - - - - - - - - - - - - - - - - - - -
 
  INPUT ---       rlabel(52)=U g1 a12.134 t13.134;
  INPUT ---       rlabel(53)=U g1 a12.334 t13.334;
  INPUT ---       rlabel(54)=U g1 a12.534 t13.534;
  INPUT ---       rlabel(55)=U g1 a12.734 t13.734;
  INPUT ---       rlabel(56)=U g1 a12.934 t13.934;
  INPUT ---       rlabel(57)=U g1 a16.101 t17.101;
  INPUT ---       rlabel(58)=U g1 a16.301 t17.301;
  INPUT ---       rlabel(59)=U g1 a16.501 t17.501;
  INPUT ---       rlabel(60)=U g1 a16.701 t17.701;
  INPUT ---       rlabel(61)=U g1 a16.901 t17.901;
  INPUT ---       rlabel(62)=Phi g1 c1 a0 t1;
  INPUT ---       rlabel(63)=Gamma'' g1 c1 a0 t1;
  INPUT ---       rlabel(64)=Gamma' g1 c1 a0.2 t1.2;
  INPUT ---       rlabel(65)=Phi g1 c1.2 a0 t1.2;
  INPUT ---       rlabel(66)=Gamma'' g1 c1.2 a0 t1.2;

 Link Function Used is PARM-SPECIFIC

 Variance Estimation Procedure Used is 2ndPart 

 M(t+1):
 Group=Group 1                                                                         
       3      3      3      2      3      5      5      5      2      5      5
       4      4      4      4     10      7      7      7      5      5      5
       5      3      4      5      5      5      4      5


 -2logL(saturated) = -0.0000000    
 Effective Sample Size = 169
 Results from first iteration:
  -2logL Initial { alpha(~1 + time)sigma(~1)U(~time)Phi(~1)Gamma''(~1)Gamma'(~1) } = 1147.8500     
  Penalty Initial { alpha(~1 + time)sigma(~1)U(~time)Phi(~1)Gamma''(~1)Gamma'(~1) } = -0.0000000    

 Number of function evaluations was 97 for 64 parameters.
 Time for numerical optimization was 37.25 seconds.
 -2logL { alpha(~1 + time)sigma(~1)U(~time)Phi(~1)Gamma''(~1)Gamma'(~1) } = 924.93049     
 Penalty { alpha(~1 + time)sigma(~1)U(~time)Phi(~1)Gamma''(~1)Gamma'(~1) } = -0.0000000    

  Program  MARK  - Survival Rate Estimation with Capture-Recapture Data
   gfortran(Win64) Vers. 8.1 Mar 2016    5-Aug-2016 15:39:46    Page  016
 - - - - - - - - - - - - - - - - - - - - - - - - - - - - - - - - - - - - - -
 

   * *  WARNING  * *   Numerical underflow occurred during optimization of this model. 
     IEEE flag status at end of optimization:
     overflow       F
     divide by zero F
     invalid        F
     underflow      T
     inexact        T

 Gradient { alpha(~1 + time)sigma(~1)U(~time)Phi(~1)Gamma''(~1)Gamma'(~1) }:
 -0.2281069E-03  0.000000    -0.2701864E-04 0.1450112E-04 0.9009120E-05
 -0.1093028E-04-0.1845698E-04 0.1113660E-04-0.1359873E-04-0.2424963E-04
 -0.8337753E-05-0.1365227E-04-0.8826365E-05  0.000000    -0.2093611E-04
 -0.5485336E-04-0.2647105E-04 0.9103678E-05-0.5309177E-04 0.1006519E-04
  0.6825466E-05-0.2995012E-04 0.9169183E-05-0.7426607E-05 0.2236266E-04
  0.2301673E-04 0.9121025E-05 0.2186197E-04 0.1084546E-04 0.8088779E-05
   0.000000    -0.1062377E-03-0.9045146E-05-0.1461545E-04 0.1769107E-04
  0.9162171E-05-0.2777398E-04  0.000000     0.1207109E-04-0.1742828E-04
 -0.1225421E-04  0.000000    -0.1755285E-04-0.2586063E-04 0.3488610E-04
 -0.2126099E-04-0.5369760E-04-0.1627349E-04 0.4768381E-05-0.4585980E-04
  0.1574077E-04 0.7489220E-05-0.1258351E-04 0.4845730E-05-0.1077400E-04
  0.1576816E-04 0.3074534E-04-0.4739518E-05  0.000000     0.1675066E-04
  0.5972196E-05 0.3385782E-05 0.1363637E-04 0.5165688E-05
 S Vector { alpha(~1 + time)sigma(~1)U(~time)Phi(~1)Gamma''(~1)Gamma'(~1) }:
   4430.870      280.2736      236.6448      200.5454      196.4999    
   186.3558      183.5020      178.9645      170.1918      167.3533    
   165.8322      162.8450      159.3081      156.7796      154.6606    
   151.2270      147.8614      145.4486      141.5127      132.4009    
   129.0604      126.3660      124.2022      113.3651      110.7070    
   99.27351      94.57879      88.72995      83.54192      58.34887    
   14.61669      12.92869      12.25812      12.16463      12.05163    
   11.69344      11.31308      11.08095      10.88583      10.74135    
   9.950805      9.349171      8.942923      8.503207      8.317886    
   7.970170      7.638111      7.282621      7.047410      6.656283    
   6.484841      6.368510      6.282866      5.963313      5.763197    
   5.671531      5.592924      4.741976      3.220574      2.477778    
   1.724998      1.399217      1.362186     0.1391630    
 Time to compute number of parameters was 31.66 seconds.
   Threshold =  0.1300000E-05     Condition index =  0.3140759E-04     New Threshold =   1.113304    
 New Guessimate of Estimated Parameters { alpha(~1 + time)sigma(~1)U(~time)Phi(~1)Gamma''(~1)Gamma'(~1) } = 1          
 Conditioned S Vector { alpha(~1 + time)sigma(~1)U(~time)Phi(~1)Gamma''(~1)Gamma'(~1) }:
   1.000000     0.6325476E-01 0.5340820E-01 0.4526095E-01 0.4434792E-01
  0.4205850E-01 0.4141445E-01 0.4039037E-01 0.3841046E-01 0.3776985E-01
  0.3742656E-01 0.3675238E-01 0.3595414E-01 0.3538347E-01 0.3490524E-01
  0.3413031E-01 0.3337073E-01 0.3282618E-01 0.3193790E-01 0.2988147E-01
  0.2912754E-01 0.2851946E-01 0.2803112E-01 0.2558530E-01 0.2498539E-01
  0.2240497E-01 0.2134542E-01 0.2002540E-01 0.1885452E-01 0.1316872E-01
  0.3298830E-02 0.2917867E-02 0.2766528E-02 0.2745426E-02 0.2719924E-02
  0.2639085E-02 0.2553241E-02 0.2500853E-02 0.2456816E-02 0.2424208E-02
  0.2245790E-02 0.2110008E-02 0.2018322E-02 0.1919083E-02 0.1877258E-02
  0.1798782E-02 0.1723840E-02 0.1643610E-02 0.1590525E-02 0.1502252E-02
  0.1463559E-02 0.1437305E-02 0.1417976E-02 0.1345856E-02 0.1300692E-02
  0.1280004E-02 0.1262263E-02 0.1070213E-02 0.7268491E-03 0.5592081E-03
  0.3893137E-03 0.3157884E-03 0.3074308E-03 0.3140759E-04
 Number of Estimated Parameters { alpha(~1 + time)sigma(~1)U(~time)Phi(~1)Gamma''(~1)Gamma'(~1) } = 64          
 DEVIANCE { alpha(~1 + time)sigma(~1)U(~time)Phi(~1)Gamma''(~1)Gamma'(~1) } = 924.93049                     
 DEVIANCE Degrees of Freedom { alpha(~1 + time)sigma(~1)U(~time)Phi(~1)Gamma''(~1)Gamma'(~1) } = -50            
 c-hat { alpha(~1 + time)sigma(~1)U(~time)Phi(~1)Gamma''(~1)Gamma'(~1) } = 1.0000000                     
 AIC { alpha(~1 + time)sigma(~1)U(~time)Phi(~1)Gamma''(~1)Gamma'(~1) } = 1052.9305                  
 AICc { alpha(~1 + time)sigma(~1)U(~time)Phi(~1)Gamma''(~1)Gamma'(~1) } = 1132.9305                    
 BIC { alpha(~1 + time)sigma(~1)U(~time)Phi(~1)Gamma''(~1)Gamma'(~1) } = 1253.2440                    
 Pearson Chisquare { alpha(~1 + time)sigma(~1)U(~time)Phi(~1)Gamma''(~1)Gamma'(~1) } = 0.1968645E+031             


 PARM-SPECIFIC Link Function Parameters of { alpha(~1 + time)sigma(~1)U(~time)Phi(~1)Gamma''(~1)Gamma'(~1) }
                                                              95% Confidence Interval
 Parameter                    Beta         Standard Error      Lower           Upper
 -------------------------  --------------  --------------  --------------  --------------
    1:alpha:(Intercept)     1.1929286       0.3256147       0.5547237       1.8311335     
    2:alpha:time1.2         0.3349898       0.4275924       -0.5030913      1.1730710     
    3:alpha:time1.4         0.2623158       0.4339264       -0.5881799      1.1128115     
    4:alpha:time1.6         0.5679729       0.4557023       -0.3252036      1.4611495     

  Program  MARK  - Survival Rate Estimation with Capture-Recapture Data
   gfortran(Win64) Vers. 8.1 Mar 2016    5-Aug-2016 15:40:06    Page  017
 - - - - - - - - - - - - - - - - - - - - - - - - - - - - - - - - - - - - - -
 
    5:alpha:time1.8         0.2619083       0.4339341       -0.5886025      1.1124191     
    6:alpha:time3.8         -0.0401092      0.4142480       -0.8520353      0.7718170     
    7:alpha:time4           0.2319119       0.3958795       -0.5440120      1.0078358     
    8:alpha:time4.2         0.0208397       0.4097870       -0.7823428      0.8240222     
    9:alpha:time4.4         -0.6720217      0.5579620       -1.7656272      0.4215839     
   10:alpha:time4.6         0.4064565       0.3861370       -0.3503721      1.1632850     
   11:alpha:time7.1         0.3635188       0.3886537       -0.3982425      1.1252802     
   12:alpha:time7.3         0.6654639       0.3858922       -0.0908847      1.4218126     
   13:alpha:time7.5         0.2880369       0.4103815       -0.5163108      1.0923846     
   14:alpha:time7.7         0.5439657       0.3920606       -0.2244730      1.3124044     
   15:alpha:time7.9         0.6290539       0.3873130       -0.1300796      1.3881873     
   16:alpha:time10.567      0.0362797       0.3915454       -0.7311493      0.8037087     
   17:alpha:time10.767      0.2884283       0.3787494       -0.4539205      1.0307771     
   18:alpha:time10.967      -0.2488012      0.4070992       -1.0467156      0.5491132     
   19:alpha:time11.167      0.0706634       0.3884435       -0.6906859      0.8320127     
   20:alpha:time11.367      -0.1295055      0.4388802       -0.9897107      0.7306998     
   21:alpha:time13.134      0.6656275       0.3858445       -0.0906278      1.4218828     
   22:alpha:time13.334      0.1387619       0.4082715       -0.6614504      0.9389741     
   23:alpha:time13.534      -0.2398797      0.4350784       -1.0926333      0.6128740     
   24:alpha:time13.734      -0.5308045      0.5481990       -1.6052746      0.5436656     
   25:alpha:time13.934      -0.0167562      0.4435599       -0.8861336      0.8526213     
   26:alpha:time17.101      0.4817939       0.3824840       -0.2678748      1.2314625     
   27:alpha:time17.301      -0.2464260      0.4303695       -1.0899503      0.5970982     
   28:alpha:time17.501      -0.0400420      0.4135894       -0.8506772      0.7705931     
   29:alpha:time17.701      0.0482438       0.4365495       -0.8073932      0.9038808     
   30:alpha:time17.901      0.4054882       0.3860147       -0.3511007      1.1620771     
   31:sigma:(Intercept)     -2.0383260      0.8539813       -3.7121293      -0.3645227    
   32:U:(Intercept)         1.9963284       0.3849615       1.2418039       2.7508530     
   33:U:time1.2             -0.2568823      0.5153047       -1.2668796      0.7531150     
   34:U:time1.4             0.5557079       0.5000859       -0.4244605      1.5358763     
   35:U:time1.6             0.2852452       0.5189662       -0.7319287      1.3024190     
   36:U:time1.8             0.2408286       0.5070967       -0.7530809      1.2347381     
   37:U:time3.8             0.6373142       0.4874663       -0.3181198      1.5927481     
   38:U:time4               0.8671727       0.4623407       -0.0390152      1.7733606     
   39:U:time4.2             0.8836224       0.4773199       -0.0519246      1.8191694     
   40:U:time4.4             1.6092501       0.6085560       0.4164804       2.8020199     
   41:U:time4.6             0.8554745       0.4518021       -0.0300576      1.7410066     
   42:U:time7.1             1.0454762       0.4438838       0.1754639       1.9154884     
   43:U:time7.3             0.2953661       0.4526415       -0.5918112      1.1825435     
   44:U:time7.5             0.7584540       0.4618791       -0.1468292      1.6637371     
   45:U:time7.7             0.6294004       0.4450559       -0.2429092      1.5017100     
   46:U:time7.9             0.6041611       0.4386834       -0.2556584      1.4639807     
   47:U:time10.567          1.5406016       0.4387366       0.6806779       2.4005253     
   48:U:time10.767          1.0958044       0.4276984       0.2575154       1.9340933     
   49:U:time10.967          1.3841809       0.4454473       0.5111042       2.2572577     
   50:U:time11.167          1.2311075       0.4369431       0.3746989       2.0875161     

  Program  MARK  - Survival Rate Estimation with Capture-Recapture Data
   gfortran(Win64) Vers. 8.1 Mar 2016    5-Aug-2016 15:40:06    Page  018
 - - - - - - - - - - - - - - - - - - - - - - - - - - - - - - - - - - - - - -
 
   51:U:time11.367          1.1667329       0.4751370       0.2354644       2.0980014     
   52:U:time13.134          0.5180064       0.4334183       -0.3314935      1.3675064     
   53:U:time13.334          0.8069172       0.4631014       -0.1007615      1.7145960     
   54:U:time13.534          1.3461241       0.4779194       0.4094021       2.2828461     
   55:U:time13.734          1.1103933       0.5531118       0.0262942       2.1944925     
   56:U:time13.934          0.4419797       0.4552818       -0.4503727      1.3343320     
   57:U:time17.101          0.8488469       0.4409336       -0.0153829      1.7130767     
   58:U:time17.301          1.3987005       0.4910731       0.4361972       2.3612039     
   59:U:time17.501          1.2144041       0.4567606       0.3191534       2.1096548     
   60:U:time17.701          1.0361018       0.4701160       0.1146745       1.9575292     
   61:U:time17.901          0.9036019       0.4400334       0.0411364       1.7660675     
   62:Phi:(Intercept)       2.3577718       0.3961650       1.5812883       3.1342553     
   63:GammaDoublePrime:(In  -2.3348122      0.3804143       -3.0804243      -1.5892001    
   64:GammaPrime:(Intercep  -1.2008072      0.8243562       -2.8165454      0.4149309     


 Real Function Parameters of { alpha(~1 + time)sigma(~1)U(~time)Phi(~1)Gamma''(~1)Gamma'(~1) }
                                                               95% Confidence Interval
  Parameter                  Estimate       Standard Error      Lower           Upper
 --------------------------  --------------  --------------  --------------  --------------
     1:alpha g1 a0 t1        3.2967219       1.0734612       1.7695635       6.1418397                           
     2:alpha g1 a0.2 t1.2    4.6085737       1.2843380       2.6962941       7.8770902                           
     3:alpha g1 a0.4 t1.4    4.2855309       1.2343023       2.4643827       7.4524850                           
     4:alpha g1 a0.6 t1.6    5.8176800       1.8631857       3.1532880       10.733368                           
     5:alpha g1 a0.8 t1.8    4.2837849       1.2342039       2.4629492       7.4507476                           
     6:alpha g1 a2.8 t3.8    3.1671098       0.8150977       1.9279425       5.2027405                           
     7:alpha g1 a3 t4        4.1571949       0.9419809       2.6812161       6.4456830                           
     8:alpha g1 a3.2 t4.2    3.3661455       0.8416754       2.0773612       5.4544851                           
     9:alpha g1 a3.4 t4.4    1.6835539       0.7658484       0.7195590       3.9390150                           
    10:alpha g1 a3.6 t4.6    4.9499876       1.0347826       3.3003397       7.4241986                           
    11:alpha g1 a6.1 t7.1    4.7419452       1.0133117       3.1339038       7.1750908                           
    12:alpha g1 a6.3 t7.3    6.4134193       1.3401665       4.2767509       9.6175690                           
    13:alpha g1 a6.5 t7.5    4.3971893       1.1050799       2.7071880       7.1421986                           
    14:alpha g1 a6.7 t7.7    5.6796768       1.2495162       3.7090790       8.6972341                           
    15:alpha g1 a6.9 t7.9    6.1841061       1.3060706       4.1063813       9.3131070                           
    16:alpha g1 a9.567 t10.  3.4185220       0.7492543       2.2359237       5.2266062                           
    17:alpha g1 a9.767 t10.  4.3989106       0.8593950       3.0102429       6.4281902                           
    18:alpha g1 a9.967 t10.  2.5705693       0.6316276       1.5993009       4.1316968                           
    19:alpha g1 a10.167 t11  3.5381077       0.7559246       2.3384722       5.3531557                           
    20:alpha g1 a10.367 t11  2.8962684       0.8578825       1.6405445       5.1131625                           
    21:alpha g1 a12.134 t13  6.4144683       1.3397899       4.2782047       9.6174463                           
    22:alpha g1 a12.334 t13  3.7874406       0.9397154       2.3458140       6.1150230                           
    23:alpha g1 a12.534 t13  2.5936054       0.7519118       1.4862414       4.5260404                           
    24:alpha g1 a12.734 t13  1.9389064       0.8577923       0.8465796       4.4406434                           
    25:alpha g1 a12.934 t13  3.2419417       0.9813290       1.8145530       5.7921626                           
    26:alpha g1 a16.101 t17  5.3373137       1.0800994       3.6040389       7.9041647                           

  Program  MARK  - Survival Rate Estimation with Capture-Recapture Data
   gfortran(Win64) Vers. 8.1 Mar 2016    5-Aug-2016 15:40:06    Page  019
 - - - - - - - - - - - - - - - - - - - - - - - - - - - - - - - - - - - - - -
 
    27:alpha g1 a16.301 t17  2.5766821       0.7276502       1.4971823       4.4345238                           
    28:alpha g1 a16.501 t17  3.1673225       0.8118649       1.9318148       5.1930089                           
    29:alpha g1 a16.701 t17  3.4596672       1.0125234       1.9724830       6.0681372                           
    30:alpha g1 a16.901 t17  4.9451972       1.0338059       3.2971145       7.4170842                           
    31:sigma g1 a0 t1        0.1302466       0.1112281       0.0305354       0.5555572                           
    32:U g1 a0 t1            7.3619765       2.8340775       3.5527283       15.255514                           
    33:U g1 a0.2 t1.2        5.6941886       1.9507793       2.9639069       10.939542                           
    34:U g1 a0.4 t1.4        12.833210       4.0966463       6.9690329       23.631868                           
    35:U g1 a0.6 t1.6        9.7920770       3.4085446       5.0466526       18.999677                           
    36:U g1 a0.8 t1.8        9.3666642       3.0919537       4.9868926       17.592999                           
    37:U g1 a2.8 t3.8        13.924399       4.1642469       7.8458899       24.712160                           
    38:U g1 a3 t4            17.522769       4.4870798       10.692569       28.715966                           
    39:U g1 a3.2 t4.2        17.813397       5.0271977       10.354002       30.646807                           
    40:U g1 a3.4 t4.4        36.802971       17.350724       15.294547       88.558274                           
    41:U g1 a3.6 t4.6        17.318978       4.0960802       10.963153       27.359557                           
    42:U g1 a6.1 t7.1        20.943003       4.6286156       13.650539       32.131288                           
    43:U g1 a6.3 t7.3        9.8916857       2.3555748       6.2424189       15.674284                           
    44:U g1 a6.5 t7.5        15.717620       4.0120733       9.6056138       25.718667                           
    45:U g1 a6.7 t7.7        13.814639       3.0857509       8.9642571       21.289467                           
    46:U g1 a6.9 t7.9        13.470331       2.8336533       8.9587813       20.253851                           
    47:U g1 a9.567 t10.567   34.361270       7.2333630       22.846467       51.679628                           
    48:U g1 a9.767 t10.767   22.024001       4.1054235       15.331214       31.638499                           
    49:U g1 a9.967 t10.967   29.385736       6.5865318       19.040467       45.351907                           
    50:U g1 a10.167 t11.167  25.214922       5.2131903       16.885217       37.653781                           
    51:U g1 a10.367 t11.367  23.642864       6.5868165       13.834763       40.404380                           
    52:U g1 a12.134 t13.134  12.358386       2.4615983       8.3957410       18.191332                           
    53:U g1 a12.334 t13.334  16.498108       4.2480981       10.040660       27.108534                           
    54:U g1 a12.534 t13.534  28.288419       8.0128716       16.410922       48.762323                           
    55:U g1 a12.734 t13.734  22.347663       8.8773940       10.553634       47.321903                           
    56:U g1 a12.934 t13.934  11.453646       2.7847132       7.1606488       18.320408                           
    57:U g1 a16.101 t17.101  17.204576       3.6995527       11.341451       26.098726                           
    58:U g1 a16.301 t17.301  29.815517       9.0904456       16.621120       53.484063                           
    59:U g1 a16.501 t17.501  24.797245       6.0966096       15.423665       39.867524                           
    60:U g1 a16.701 t17.701  20.747593       5.6004783       12.337393       34.890890                           
    61:U g1 a16.901 t17.901  18.172880       3.8742672       12.021699       27.471453                           
    62:Phi g1 c1 a0 t1       0.9135500       0.0312877       0.8293869       0.9582838                           
    63:Gamma'' g1 c1 a0 t1   0.0882806       0.0306185       0.0439220       0.1694965                           
    64:Gamma' g1 c1 a0.2 t1  0.2313316       0.1465848       0.0564366       0.6022696                           
    65:Phi g1 c1.2 a0 t1.2   1.0000000       0.0000000       1.0000000       1.0000000       Fixed               
    66:Gamma'' g1 c1.2 a0 t  0.0000000       0.0000000       0.0000000       0.0000000       Fixed               

  Program  MARK  - Survival Rate Estimation with Capture-Recapture Data
   gfortran(Win64) Vers. 8.1 Mar 2016    5-Aug-2016 15:40:06    Page  020
 - - - - - - - - - - - - - - - - - - - - - - - - - - - - - - - - - - - - - -
 


                      Estimates of Derived Parameters
 Population Estimates of { alpha(~1 + time)sigma(~1)U(~time)Phi(~1)Gamma''(~1)Gamma'(~1) }
                                                95% Confidence Interval
 Grp. Occ.   N-hat           Standard Error      Lower           Upper
 ---- ----   --------------  --------------  --------------  --------------
   1     1   10.361976       2.8340786       6.1208858       17.541670     
   1     2   8.6941886       1.9507795       5.6308719       13.424016     
   1     3   15.833210       4.0966467       9.6135805       26.076707     
   1     4   11.799508       3.4203479       6.7620697       20.589610     
   1     5   12.366664       3.0919538       7.6321406       20.038203     
   1     6   18.924399       4.1642474       12.357327       28.981420     
   1     7   22.522769       4.4870805       15.299816       33.155638     
   1     8   22.813397       5.0271984       14.887900       34.957992     
   1     9   39.264538       17.762066       16.854402       91.471884     
   1    10   22.318978       4.0960808       15.622373       31.886117     
   1    11   25.993710       4.6720317       18.326837       36.867953     
   1    12   13.900281       2.3645043       9.9829482       19.354786     
   1    13   19.773878       4.0649588       13.271281       29.462583     
   1    14   17.831524       3.1028268       12.710806       25.015191     
   1    15   17.480936       2.8446560       12.733595       23.998183     
   1    16   41.615381       7.4054349       29.441452       58.823183     
   1    17   29.122290       4.1754099       22.019250       38.516652     
   1    18   36.986766       6.9440051       25.681375       53.268988     
   1    19   32.440780       5.3617464       23.515307       44.754006     
   1    20   28.949389       6.8343717       18.340137       45.695796     
   1    21   16.366974       2.4706093       12.195496       21.965309     
   1    22   21.624542       4.3504058       14.635095       31.952018     
   1    23   33.707483       8.3178692       20.930086       54.285225     
   1    24   25.860773       9.3530080       13.007531       51.414799     
   1    25   15.626682       2.9291145       10.856439       22.492938     
   1    26   22.233584       3.7251878       16.046337       30.806550     
   1    27   35.242079       9.3921502       21.090600       58.888990     
   1    28   30.030296       6.2684596       20.034082       45.014227     
   1    29   24.887018       5.7287430       15.942441       38.849988     
   1    30   23.214750       3.9100841       16.726078       32.220621     
 Mean Resighting Rate Estimates of { alpha(~1 + time)sigma(~1)U(~time)Phi(~1)Gamma''(~1)Gamma'(~1) }
                                                95% Confidence Interval
 Grp. Occ.   Lambda-hat      Standard Error      Lower           Upper
 ---- ----   --------------  --------------  --------------  --------------
   1     1   3.3248039       1.0809445       1.7862581       6.1885351     
   1     2   4.6478303       1.2914322       2.7234357       7.9320127     
   1     3   4.3220357       1.2423507       2.4879945       7.5080524     
   1     4   5.8672359       1.8743020       3.1848478       10.808823     
   1     5   4.3202748       1.2419702       2.4868472       7.5053967     
   1     6   3.1940877       0.8201312       1.9465381       5.2412005     
   1     7   4.1926065       0.9472415       2.7074223       6.4925037     
   1     8   3.3948189       0.8469640       2.0972320       5.4952412     
   1     9   1.6978947       0.7703639       0.7271523       3.9645702     

  Program  MARK  - Survival Rate Estimation with Capture-Recapture Data
   gfortran(Win64) Vers. 8.1 Mar 2016    5-Aug-2016 15:40:06    Page  021
 - - - - - - - - - - - - - - - - - - - - - - - - - - - - - - - - - - - - - -
 
   1    10   4.9921524       1.0402515       3.3326898       7.4779194     
   1    11   5.1783220       1.0225011       3.5295069       7.5973839     
   1    12   6.7175137       1.3460342       4.5532360       9.9105319     
   1    13   4.9277106       1.1182255       3.1761545       7.6451987     
   1    14   6.4749046       1.2592541       4.4383427       9.4459561     
   1    15   7.2341390       1.3162926       5.0788166       10.304126     
   1    16   3.9990530       0.7669622       2.7553555       5.8041240     
   1    17   5.4225343       0.8737168       3.9621061       7.4212747     
   1    18   3.3818325       0.6767249       2.2934410       4.9867387     
   1    19   4.2602051       0.7750969       2.9910258       6.0679342     
   1    20   3.4862810       0.8904979       2.1299186       5.7063941     
   1    21   7.9658943       1.3489770       5.7293275       11.075553     
   1    22   4.2098373       0.9527279       2.7166071       6.5238475     
   1    23   2.9847656       0.7789918       1.8046845       4.9365004     
   1    24   2.5247184       0.9450553       1.2415692       5.1339893     
   1    25   5.1866264       1.0650593       3.4825040       7.7246411     
   1    26   5.7804705       1.0872658       4.0109276       8.3307009     
   1    27   2.5986307       0.7328071       1.5110558       4.4689821     
   1    28   3.7675814       0.8375868       2.4496420       5.7945896     
   1    29   4.2138756       1.0417448       2.6143200       6.7921094     
   1    30   5.5823384       1.0431845       3.8824895       8.0264229     
 Pr(Captured 1 or more times) of { alpha(~1 + time)sigma(~1)U(~time)Phi(~1)Gamma''(~1)Gamma'(~1) }
                                                95% Confidence Interval
 Grp. Occ.      p*-hat       Standard Error      Lower           Upper
 ---- ----   --------------  --------------  --------------  --------------
   1     1   0.9606504       0.0407813       0.7466082       0.9950806     
   1     2   0.9886258       0.0140904       0.8817377       0.9990141     
   1     3   0.9845950       0.0182912       0.8574062       0.9985302     
   1     4   0.9962985       0.0065709       0.8911935       0.9998870     
   1     5   0.9845696       0.0183321       0.8570241       0.9985299     
   1     6   0.9554563       0.0352836       0.8085784       0.9909027     
   1     7   0.9826149       0.0159458       0.9007028       0.9971686     
   1     8   0.9631749       0.0300987       0.8321324       0.9928061     
   1     9   0.8124907       0.1411238       0.4135513       0.9638011     
   1    10   0.9917324       0.0083877       0.9416984       0.9988787     
   1    11   0.9932331       0.0067450       0.9535556       0.9990479     
   1    12   0.9983285       0.0022288       0.9775665       0.9998779     
   1    13   0.9915107       0.0091778       0.9323474       0.9989907     
   1    14   0.9980048       0.0024570       0.9780444       0.9998220     
   1    15   0.9990229       0.0012629       0.9878010       0.9999226     
   1    16   0.9797408       0.0152009       0.9151065       0.9954120     
   1    17   0.9948121       0.0044880       0.9721265       0.9990524     
   1    18   0.9638202       0.0239532       0.8739178       0.9903276     
   1    19   0.9842812       0.0119589       0.9322687       0.9965019     
   1    20   0.9670233       0.0286127       0.8347683       0.9941592     
   1    21   0.9995194       0.6438817E-003  0.9933929       0.9999652     
   1    22   0.9832653       0.0154976       0.9026828       0.9973204     
   1    23   0.9463516       0.0406030       0.7862841       0.9883145     
   1    24   0.9168244       0.0767534       0.6052083       0.9875402     
   1    25   0.9938125       0.0064384       0.9537731       0.9992008     

  Program  MARK  - Survival Rate Estimation with Capture-Recapture Data
   gfortran(Win64) Vers. 8.1 Mar 2016    5-Aug-2016 15:40:06    Page  022
 - - - - - - - - - - - - - - - - - - - - - - - - - - - - - - - - - - - - - -
 
   1    26   0.9961202       0.0041535       0.9689810       0.9995263     
   1    27   0.9213936       0.0556804       0.7220465       0.9814440     
   1    28   0.9747865       0.0204959       0.8829178       0.9949802     
   1    29   0.9836016       0.0165887       0.8887696       0.9977840     
   1    30   0.9954103       0.0046990       0.9665407       0.9993862     

     CPU Time in seconds for last procedure was 69.16


  INPUT --- proc stop;

     CPU Time in minutes for this job was 1.15

     Time Start = 15:39:20.163   Time End = 15:40:06.615

     Wall Clock Time in minutes for this job was 0.77


          E X E C U T I O N   S U C C E S S F U L 
