
   Program  MARK  - Survival Rate Estimation with Capture-Recapture Data
   gfortran(Win64) Vers. 8.1 Mar 2016    5-Aug-2016 15:48:44    Page  001
 - - - - - - - - - - - - - - - - - - - - - - - - - - - - - - - - - - - - - -
 
   This version was compiled by GCC version 5.3.0 using the options: 
     -cpp -iprefix c:\tdm-gcc-64\gcc\bin\../lib/gcc/x86_64-w64-mingw32/5.3.0/ -D_MT
     -U_REENTRANT -D IEEE -m64 -mtune=generic -march=x86-64 -mthreads -O2
     -fimplicit-none -fbounds-check -funroll-loops -ftree-vectorize
     -ffpe-summary=invalid,zero,overflow,underflow -fno-unsafe-math-optimizations
     -frounding-math -fsignaling-nans -fopenmp.

   This problem will use 3 of 4 possible threads.


  INPUT --- proc title ;

     CPU Time in seconds for last procedure was 0.00


  INPUT --- proc chmatrix occasions= 30 groups= 1 etype= PoissonMR 
  INPUT --- icovar = 32 ICMeans NoHist  hist= 14 ;

  INPUT ---    time interval 0.2 0.2 0.2 0.2 2 0.2 0.2 0.2 0.2 2.5 0.2 0.2 
  INPUT ---    0.2 0.2 2.667 0.2 0.2 0.2  0.2 1.767 0.2 0.2 0.2 0.2 3.167 
  INPUT ---    0.2 0.2 0.2 0.2 ;

  INPUT ---     icovariates captive age.t1 age.t1.2 age.t1.4  age.t1.6 
  INPUT ---    age.t1.8 age.t3.8 age.t4 age.t4.2 age.t4.4 age.t4.6 
  INPUT ---    age.t7.1 age.t7.3 age.t7.5 age.t7.7  age.t7.9 age.t10.567 
  INPUT ---    age.t10.767 age.t10.967 age.t11.167 age.t11.367 age.t13.134 
  INPUT ---    age.t13.334  age.t13.534 age.t13.734 age.t13.934 
  INPUT ---    age.t17.101 age.t17.301 age.t17.501 age.t17.701 age.t17.901 
  INPUT ---     sex ;

  INPUT ---    glabel(1)=Group 1;

      Number of unique encounter histories read was 14.

      Number of individual covariates read was 32.
      Time interval lengths vary and/or not equal to 1.

      Data type number is 115
      Data type is Poisson Mark Resight with Robust Design                                                             

     CPU Time in seconds for last procedure was 0.00

  Program  MARK  - Survival Rate Estimation with Capture-Recapture Data
   gfortran(Win64) Vers. 8.1 Mar 2016    5-Aug-2016 15:48:44    Page  002
 - - - - - - - - - - - - - - - - - - - - - - - - - - - - - - - - - - - - - -
 


  INPUT --- proc estimate link=Parm-Specific NOLOOP varest=2ndPart    ;


  INPUT --- model={ alpha(~1 + captive + age.t + sex + effort.trapdays 
  INPUT --- + recordloss.agout.total)sigma(~1 + 
  INPUT --- effort.var)U(~sample_month)Phi(~1)Gamma''(~1)Gamma'(~1) };

  INPUT ---    fixed=2;
  INPUT ---        parm(62)=1 ;
  INPUT ---        parm(63)=0 ;

  INPUT ---    group=1 alpha    rows=1 cols=30 Square ;
  INPUT ---        1 2 3 4 5 6 7 8 9 10 11 12 13 14 15 16 17 18 19 20 21 22 
  INPUT ---       23 24 25 26 27 28 29 30 ;

  INPUT ---    group=1 sigma    rows=1 cols=30 Square ;
  INPUT ---        31 32 33 34 35 36 36 36 37 36 38 39 40 41 42 43 44 45 46 
  INPUT ---       47 48 49 50 50 51 48 52 50 50 50 ;

  INPUT ---    group=1 U    rows=1 cols=30 Square ;
  INPUT ---        53 53 53 53 53 54 54 54 54 54 55 55 55 55 55 56 56 56 56 
  INPUT ---       56 57 57 57 57 57 58 58 58 58 58 ;

  INPUT ---    group=1 Phi    rows=29 cols=29 Triang ;
  INPUT ---        62 62 62 62 59 62 62 62 62 59 62 62 62 62 59 62 62 62 62 
  INPUT ---       59 62 62 62 62 59 62 62 62 62 ;
  INPUT ---        62 62 62 62 62 62 62 62 62 62 62 62 62 62 62 62 62 62 62 
  INPUT ---       62 62 62 62 62 62 62 62 62 ;
  INPUT ---        62 62 62 62 62 62 62 62 62 62 62 62 62 62 62 62 62 62 62 
  INPUT ---       62 62 62 62 62 62 62 62 ;
  INPUT ---        62 62 62 62 62 62 62 62 62 62 62 62 62 62 62 62 62 62 62 
  INPUT ---       62 62 62 62 62 62 62 ;
  INPUT ---        62 62 62 62 62 62 62 62 62 62 62 62 62 62 62 62 62 62 62 
  INPUT ---       62 62 62 62 62 62 ;
  INPUT ---        62 62 62 62 59 62 62 62 62 59 62 62 62 62 59 62 62 62 62 
  INPUT ---       59 62 62 62 62 ;
  INPUT ---        62 62 62 62 62 62 62 62 62 62 62 62 62 62 62 62 62 62 62 
  INPUT ---       62 62 62 62 ;
  INPUT ---        62 62 62 62 62 62 62 62 62 62 62 62 62 62 62 62 62 62 62 
  INPUT ---       62 62 62 ;
  INPUT ---        62 62 62 62 62 62 62 62 62 62 62 62 62 62 62 62 62 62 62 
  INPUT ---       62 62 ;
  INPUT ---        62 62 62 62 62 62 62 62 62 62 62 62 62 62 62 62 62 62 62 
  INPUT ---       62 ;

  Program  MARK  - Survival Rate Estimation with Capture-Recapture Data
   gfortran(Win64) Vers. 8.1 Mar 2016    5-Aug-2016 15:48:44    Page  003
 - - - - - - - - - - - - - - - - - - - - - - - - - - - - - - - - - - - - - -
 
  INPUT ---        62 62 62 62 59 62 62 62 62 59 62 62 62 62 59 62 62 62 62 ;
  INPUT ---        62 62 62 62 62 62 62 62 62 62 62 62 62 62 62 62 62 62 ;
  INPUT ---        62 62 62 62 62 62 62 62 62 62 62 62 62 62 62 62 62 ;
  INPUT ---        62 62 62 62 62 62 62 62 62 62 62 62 62 62 62 62 ;
  INPUT ---        62 62 62 62 62 62 62 62 62 62 62 62 62 62 62 ;
  INPUT ---        62 62 62 62 59 62 62 62 62 59 62 62 62 62 ;
  INPUT ---        62 62 62 62 62 62 62 62 62 62 62 62 62 ;
  INPUT ---        62 62 62 62 62 62 62 62 62 62 62 62 ;
  INPUT ---        62 62 62 62 62 62 62 62 62 62 62 ;
  INPUT ---        62 62 62 62 62 62 62 62 62 62 ;
  INPUT ---        62 62 62 62 59 62 62 62 62 ;
  INPUT ---        62 62 62 62 62 62 62 62 ;
  INPUT ---        62 62 62 62 62 62 62 ;
  INPUT ---        62 62 62 62 62 62 ;
  INPUT ---        62 62 62 62 62 ;
  INPUT ---        62 62 62 62 ;
  INPUT ---        62 62 62 ;
  INPUT ---        62 62 ;
  INPUT ---        62 ;

  INPUT ---    group=1 Gamma''    rows=29 cols=29 Triang ;
  INPUT ---        63 63 63 63 60 63 63 63 63 60 63 63 63 63 60 63 63 63 63 
  INPUT ---       60 63 63 63 63 60 63 63 63 63 ;
  INPUT ---        63 63 63 63 63 63 63 63 63 63 63 63 63 63 63 63 63 63 63 
  INPUT ---       63 63 63 63 63 63 63 63 63 ;
  INPUT ---        63 63 63 63 63 63 63 63 63 63 63 63 63 63 63 63 63 63 63 
  INPUT ---       63 63 63 63 63 63 63 63 ;
  INPUT ---        63 63 63 63 63 63 63 63 63 63 63 63 63 63 63 63 63 63 63 
  INPUT ---       63 63 63 63 63 63 63 ;
  INPUT ---        63 63 63 63 63 63 63 63 63 63 63 63 63 63 63 63 63 63 63 
  INPUT ---       63 63 63 63 63 63 ;
  INPUT ---        63 63 63 63 60 63 63 63 63 60 63 63 63 63 60 63 63 63 63 
  INPUT ---       60 63 63 63 63 ;
  INPUT ---        63 63 63 63 63 63 63 63 63 63 63 63 63 63 63 63 63 63 63 
  INPUT ---       63 63 63 63 ;
  INPUT ---        63 63 63 63 63 63 63 63 63 63 63 63 63 63 63 63 63 63 63 
  INPUT ---       63 63 63 ;
  INPUT ---        63 63 63 63 63 63 63 63 63 63 63 63 63 63 63 63 63 63 63 
  INPUT ---       63 63 ;
  INPUT ---        63 63 63 63 63 63 63 63 63 63 63 63 63 63 63 63 63 63 63 
  INPUT ---       63 ;
  INPUT ---        63 63 63 63 60 63 63 63 63 60 63 63 63 63 60 63 63 63 63 ;
  INPUT ---        63 63 63 63 63 63 63 63 63 63 63 63 63 63 63 63 63 63 ;
  INPUT ---        63 63 63 63 63 63 63 63 63 63 63 63 63 63 63 63 63 ;
  INPUT ---        63 63 63 63 63 63 63 63 63 63 63 63 63 63 63 63 ;
  INPUT ---        63 63 63 63 63 63 63 63 63 63 63 63 63 63 63 ;

  Program  MARK  - Survival Rate Estimation with Capture-Recapture Data
   gfortran(Win64) Vers. 8.1 Mar 2016    5-Aug-2016 15:48:44    Page  004
 - - - - - - - - - - - - - - - - - - - - - - - - - - - - - - - - - - - - - -
 
  INPUT ---        63 63 63 63 60 63 63 63 63 60 63 63 63 63 ;
  INPUT ---        63 63 63 63 63 63 63 63 63 63 63 63 63 ;
  INPUT ---        63 63 63 63 63 63 63 63 63 63 63 63 ;
  INPUT ---        63 63 63 63 63 63 63 63 63 63 63 ;
  INPUT ---        63 63 63 63 63 63 63 63 63 63 ;
  INPUT ---        63 63 63 63 60 63 63 63 63 ;
  INPUT ---        63 63 63 63 63 63 63 63 ;
  INPUT ---        63 63 63 63 63 63 63 ;
  INPUT ---        63 63 63 63 63 63 ;
  INPUT ---        63 63 63 63 63 ;
  INPUT ---        63 63 63 63 ;
  INPUT ---        63 63 63 ;
  INPUT ---        63 63 ;
  INPUT ---        63 ;

  INPUT ---    group=1 Gamma'    rows=28 cols=28 Triang ;
  INPUT ---        63 63 63 61 63 63 63 63 61 63 63 63 63 61 63 63 63 63 61 
  INPUT ---       63 63 63 63 61 63 63 63 63 ;
  INPUT ---        63 63 63 63 63 63 63 63 63 63 63 63 63 63 63 63 63 63 63 
  INPUT ---       63 63 63 63 63 63 63 63 ;
  INPUT ---        63 63 63 63 63 63 63 63 63 63 63 63 63 63 63 63 63 63 63 
  INPUT ---       63 63 63 63 63 63 63 ;
  INPUT ---        63 63 63 63 63 63 63 63 63 63 63 63 63 63 63 63 63 63 63 
  INPUT ---       63 63 63 63 63 63 ;
  INPUT ---        63 63 63 63 63 63 63 63 63 63 63 63 63 63 63 63 63 63 63 
  INPUT ---       63 63 63 63 63 ;
  INPUT ---        63 63 63 61 63 63 63 63 61 63 63 63 63 61 63 63 63 63 61 
  INPUT ---       63 63 63 63 ;
  INPUT ---        63 63 63 63 63 63 63 63 63 63 63 63 63 63 63 63 63 63 63 
  INPUT ---       63 63 63 ;
  INPUT ---        63 63 63 63 63 63 63 63 63 63 63 63 63 63 63 63 63 63 63 
  INPUT ---       63 63 ;
  INPUT ---        63 63 63 63 63 63 63 63 63 63 63 63 63 63 63 63 63 63 63 
  INPUT ---       63 ;
  INPUT ---        63 63 63 63 63 63 63 63 63 63 63 63 63 63 63 63 63 63 63 ;
  INPUT ---        63 63 63 61 63 63 63 63 61 63 63 63 63 61 63 63 63 63 ;
  INPUT ---        63 63 63 63 63 63 63 63 63 63 63 63 63 63 63 63 63 ;
  INPUT ---        63 63 63 63 63 63 63 63 63 63 63 63 63 63 63 63 ;
  INPUT ---        63 63 63 63 63 63 63 63 63 63 63 63 63 63 63 ;
  INPUT ---        63 63 63 63 63 63 63 63 63 63 63 63 63 63 ;
  INPUT ---        63 63 63 61 63 63 63 63 61 63 63 63 63 ;
  INPUT ---        63 63 63 63 63 63 63 63 63 63 63 63 ;
  INPUT ---        63 63 63 63 63 63 63 63 63 63 63 ;
  INPUT ---        63 63 63 63 63 63 63 63 63 63 ;
  INPUT ---        63 63 63 63 63 63 63 63 63 ;
  INPUT ---        63 63 63 61 63 63 63 63 ;

  Program  MARK  - Survival Rate Estimation with Capture-Recapture Data
   gfortran(Win64) Vers. 8.1 Mar 2016    5-Aug-2016 15:48:44    Page  005
 - - - - - - - - - - - - - - - - - - - - - - - - - - - - - - - - - - - - - -
 
  INPUT ---        63 63 63 63 63 63 63 ;
  INPUT ---        63 63 63 63 63 63 ;
  INPUT ---        63 63 63 63 63 ;
  INPUT ---        63 63 63 63 ;
  INPUT ---        63 63 63 ;
  INPUT ---        63 63 ;
  INPUT ---        63 ;

  INPUT ---    initial  0.8492118 0 0 0 0 0 -0.3123225 0 3.139572 0 0 0 0 
  INPUT ---    0 2.0066797 -2.9445172 17.724958  ;

  INPUT ---    design matrix constraints=63 covariates=17;
  INPUT ---        1 captive age.t1 sex 96 0.186046511627907 0 0 0 0 0 0 0 0 
  INPUT ---       0 0 0;
  INPUT ---        1 captive age.t1.2 sex 96 0.127659574468085 0 0 0 0 0 0 0 
  INPUT ---       0 0 0 0;
  INPUT ---        1 captive age.t1.4 sex 114 0.08 0 0 0 0 0 0 0 0 0 0 0;
  INPUT ---        1 captive age.t1.6 sex 120 0.166666666666667 0 0 0 0 0 0 0 
  INPUT ---       0 0 0 0;
  INPUT ---        1 captive age.t1.8 sex 115 0.169230769230769 0 0 0 0 0 0 0 
  INPUT ---       0 0 0 0;
  INPUT ---        1 captive age.t3.8 sex 126 0.0615384615384615 0 0 0 0 0 0 
  INPUT ---       0 0 0 0 0;
  INPUT ---        1 captive age.t4 sex 126 0.0776699029126214 0 0 0 0 0 0 0 
  INPUT ---       0 0 0 0;
  INPUT ---        1 captive age.t4.2 sex 126 0.170212765957447 0 0 0 0 0 0 0 
  INPUT ---       0 0 0 0;
  INPUT ---        1 captive age.t4.4 sex 114 0.0666666666666667 0 0 0 0 0 0 
  INPUT ---       0 0 0 0 0;
  INPUT ---        1 captive age.t4.6 sex 126 0.0894308943089431 0 0 0 0 0 0 
  INPUT ---       0 0 0 0 0;
  INPUT ---        1 captive age.t7.1 sex 139 0.08 0 0 0 0 0 0 0 0 0 0 0;
  INPUT ---        1 captive age.t7.3 sex 168 0.135135135135135 0 0 0 0 0 0 0 
  INPUT ---       0 0 0 0;
  INPUT ---        1 captive age.t7.5 sex 180 0.213740458015267 0 0 0 0 0 0 0 
  INPUT ---       0 0 0 0;
  INPUT ---        1 captive age.t7.7 sex 174 0.0869565217391304 0 0 0 0 0 0 
  INPUT ---       0 0 0 0 0;
  INPUT ---        1 captive age.t7.9 sex 173 0.131428571428571 0 0 0 0 0 0 0 
  INPUT ---       0 0 0 0;
  INPUT ---        1 captive age.t10.567 sex 166 0.167441860465116 0 0 0 0 0 
  INPUT ---       0 0 0 0 0 0;
  INPUT ---        1 captive age.t10.767 sex 172 0.155 0 0 0 0 0 0 0 0 0 0 0;
  INPUT ---        1 captive age.t10.967 sex 166 0.168831168831169 0 0 0 0 0 
  INPUT ---       0 0 0 0 0 0;
  INPUT ---        1 captive age.t11.167 sex 171 0.231182795698925 0 0 0 0 0 

  Program  MARK  - Survival Rate Estimation with Capture-Recapture Data
   gfortran(Win64) Vers. 8.1 Mar 2016    5-Aug-2016 15:48:44    Page  006
 - - - - - - - - - - - - - - - - - - - - - - - - - - - - - - - - - - - - - -
 
  INPUT ---       0 0 0 0 0 0;
  INPUT ---        1 captive age.t11.367 sex 151 0.224489795918367 0 0 0 0 0 
  INPUT ---       0 0 0 0 0 0;
  INPUT ---        1 captive age.t13.134 sex 192 0.125827814569536 0 0 0 0 0 
  INPUT ---       0 0 0 0 0 0;
  INPUT ---        1 captive age.t13.334 sex 185 0.201612903225806 0 0 0 0 0 
  INPUT ---       0 0 0 0 0 0;
  INPUT ---        1 captive age.t13.534 sex 198 0.244604316546763 0 0 0 0 0 
  INPUT ---       0 0 0 0 0 0;
  INPUT ---        1 captive age.t13.734 sex 198 0.282828282828283 0 0 0 0 0 
  INPUT ---       0 0 0 0 0 0;
  INPUT ---        1 captive age.t13.934 sex 195 0.314516129032258 0 0 0 0 0 
  INPUT ---       0 0 0 0 0 0;
  INPUT ---        1 captive age.t17.101 sex 192 0.137254901960784 0 0 0 0 0 
  INPUT ---       0 0 0 0 0 0;
  INPUT ---        1 captive age.t17.301 sex 192 0.266129032258065 0 0 0 0 0 
  INPUT ---       0 0 0 0 0 0;
  INPUT ---        1 captive age.t17.501 sex 198 0.198581560283688 0 0 0 0 0 
  INPUT ---       0 0 0 0 0 0;
  INPUT ---        1 captive age.t17.701 sex 198 0.293333333333333 0 0 0 0 0 
  INPUT ---       0 0 0 0 0 0;
  INPUT ---        1 captive age.t17.901 sex 198 0.202453987730061 0 0 0 0 0 
  INPUT ---       0 0 0 0 0 0;
  INPUT ---        0 0 0 0 0 0 1 8.96022727272727 0 0 0 0 0 0 0 0 0;
  INPUT ---        0 0 0 0 0 0 1 8.71022727272727 0 0 0 0 0 0 0 0 0;
  INPUT ---        0 0 0 0 0 0 1 7.94318181818182 0 0 0 0 0 0 0 0 0;
  INPUT ---        0 0 0 0 0 0 1 8.36363636363636 0 0 0 0 0 0 0 0 0;
  INPUT ---        0 0 0 0 0 0 1 8.38257575757576 0 0 0 0 0 0 0 0 0;
  INPUT ---        0 0 0 0 0 0 1 8.59090909090909 0 0 0 0 0 0 0 0 0;
  INPUT ---        0 0 0 0 0 0 1 9.06818181818182 0 0 0 0 0 0 0 0 0;
  INPUT ---        0 0 0 0 0 0 1 7.04734848484848 0 0 0 0 0 0 0 0 0;
  INPUT ---        0 0 0 0 0 0 1 4.77272727272727 0 0 0 0 0 0 0 0 0;
  INPUT ---        0 0 0 0 0 0 1 3.06818181818182 0 0 0 0 0 0 0 0 0;
  INPUT ---        0 0 0 0 0 0 1 3.95454545454545 0 0 0 0 0 0 0 0 0;
  INPUT ---        0 0 0 0 0 0 1 3.62689393939394 0 0 0 0 0 0 0 0 0;
  INPUT ---        0 0 0 0 0 0 1 4.78030303030303 0 0 0 0 0 0 0 0 0;
  INPUT ---        0 0 0 0 0 0 1 3.60984848484848 0 0 0 0 0 0 0 0 0;
  INPUT ---        0 0 0 0 0 0 1 4.09280303030303 0 0 0 0 0 0 0 0 0;
  INPUT ---        0 0 0 0 0 0 1 3.34090909090909 0 0 0 0 0 0 0 0 0;
  INPUT ---        0 0 0 0 0 0 1 5.62689393939394 0 0 0 0 0 0 0 0 0;
  INPUT ---        0 0 0 0 0 0 1 1.09090909090909 0 0 0 0 0 0 0 0 0;
  INPUT ---        0 0 0 0 0 0 1 1.62121212121212 0 0 0 0 0 0 0 0 0;
  INPUT ---        0 0 0 0 0 0 1 0 0 0 0 0 0 0 0 0 0;
  INPUT ---        0 0 0 0 0 0 1 0.272727272727273 0 0 0 0 0 0 0 0 0;
  INPUT ---        0 0 0 0 0 0 1 0.778409090909091 0 0 0 0 0 0 0 0 0;
  INPUT ---        0 0 0 0 0 0 0 0 1 0 0 0 0 0 0 0 0;

  Program  MARK  - Survival Rate Estimation with Capture-Recapture Data
   gfortran(Win64) Vers. 8.1 Mar 2016    5-Aug-2016 15:48:44    Page  007
 - - - - - - - - - - - - - - - - - - - - - - - - - - - - - - - - - - - - - -
 
  INPUT ---        0 0 0 0 0 0 0 0 1 1 0 0 0 0 0 0 0;
  INPUT ---        0 0 0 0 0 0 0 0 1 0 1 0 0 0 0 0 0;
  INPUT ---        0 0 0 0 0 0 0 0 1 0 0 1 0 0 0 0 0;
  INPUT ---        0 0 0 0 0 0 0 0 1 0 0 0 1 0 0 0 0;
  INPUT ---        0 0 0 0 0 0 0 0 1 0 0 0 0 1 0 0 0;
  INPUT ---        0 0 0 0 0 0 0 0 0 0 0 0 0 0 1 0 0;
  INPUT ---        0 0 0 0 0 0 0 0 0 0 0 0 0 0 0 1 0;
  INPUT ---        0 0 0 0 0 0 0 0 0 0 0 0 0 0 0 0 1;
  INPUT ---        0 0 0 0 0 0 0 0 0 0 0 0 0 0 0 0 0;
  INPUT ---        0 0 0 0 0 0 0 0 0 0 0 0 0 0 0 0 0;

  INPUT ---    links=63;

  INPUT ---    Log;

  INPUT ---    Log;

  INPUT ---    Log;

  INPUT ---    Log;

  INPUT ---    Log;

  INPUT ---    Log;

  INPUT ---    Log;

  INPUT ---    Log;

  INPUT ---    Log;

  INPUT ---    Log;

  INPUT ---    Log;

  INPUT ---    Log;

  INPUT ---    Log;

  INPUT ---    Log;

  INPUT ---    Log;

  INPUT ---    Log;

  INPUT ---    Log;

  Program  MARK  - Survival Rate Estimation with Capture-Recapture Data
   gfortran(Win64) Vers. 8.1 Mar 2016    5-Aug-2016 15:48:44    Page  008
 - - - - - - - - - - - - - - - - - - - - - - - - - - - - - - - - - - - - - -
 

  INPUT ---    Log;

  INPUT ---    Log;

  INPUT ---    Log;

  INPUT ---    Log;

  INPUT ---    Log;

  INPUT ---    Log;

  INPUT ---    Log;

  INPUT ---    Log;

  INPUT ---    Log;

  INPUT ---    Log;

  INPUT ---    Log;

  INPUT ---    Log;

  INPUT ---    Log;

  INPUT ---    Log;

  INPUT ---    Log;

  INPUT ---    Log;

  INPUT ---    Log;

  INPUT ---    Log;

  INPUT ---    Log;

  INPUT ---    Log;

  INPUT ---    Log;

  INPUT ---    Log;

  INPUT ---    Log;

  Program  MARK  - Survival Rate Estimation with Capture-Recapture Data
   gfortran(Win64) Vers. 8.1 Mar 2016    5-Aug-2016 15:48:44    Page  009
 - - - - - - - - - - - - - - - - - - - - - - - - - - - - - - - - - - - - - -
 

  INPUT ---    Log;

  INPUT ---    Log;

  INPUT ---    Log;

  INPUT ---    Log;

  INPUT ---    Log;

  INPUT ---    Log;

  INPUT ---    Log;

  INPUT ---    Log;

  INPUT ---    Log;

  INPUT ---    Log;

  INPUT ---    Log;

  INPUT ---    Log;

  INPUT ---    Log;

  INPUT ---    Log;

  INPUT ---    Log;

  INPUT ---    Log;

  INPUT ---    Log;

  INPUT ---    Log;

  INPUT ---    Logit;

  INPUT ---    Logit;

  INPUT ---    Logit;

  INPUT ---    Logit;

  INPUT ---    Logit;

  Program  MARK  - Survival Rate Estimation with Capture-Recapture Data
   gfortran(Win64) Vers. 8.1 Mar 2016    5-Aug-2016 15:48:44    Page  010
 - - - - - - - - - - - - - - - - - - - - - - - - - - - - - - - - - - - - - -
 
  INPUT ---       blabel(1)=alpha:(Intercept);
  INPUT ---       blabel(2)=alpha:captive;
  INPUT ---       blabel(3)=alpha:age.t;
  INPUT ---       blabel(4)=alpha:sex;
  INPUT ---       blabel(5)=alpha:effort.trapdays;
  INPUT ---       blabel(6)=alpha:recordloss.agout.total;
  INPUT ---       blabel(7)=sigma:(Intercept);
  INPUT ---       blabel(8)=sigma:effort.var;
  INPUT ---       blabel(9)=U:(Intercept);
  INPUT ---       blabel(10)=U:sample_monthB;
  INPUT ---       blabel(11)=U:sample_monthC;
  INPUT ---       blabel(12)=U:sample_monthD;
  INPUT ---       blabel(13)=U:sample_monthE;
  INPUT ---       blabel(14)=U:sample_monthF;
  INPUT ---       blabel(15)=Phi:(Intercept);
  INPUT ---       blabel(16)=GammaDoublePrime:(Intercept);
  INPUT ---       blabel(17)=GammaPrime:(Intercept);
  INPUT ---       rlabel(1)=alpha g1 a0 t1;
  INPUT ---       rlabel(2)=alpha g1 a0.2 t1.2;
  INPUT ---       rlabel(3)=alpha g1 a0.4 t1.4;
  INPUT ---       rlabel(4)=alpha g1 a0.6 t1.6;
  INPUT ---       rlabel(5)=alpha g1 a0.8 t1.8;
  INPUT ---       rlabel(6)=alpha g1 a2.8 t3.8;
  INPUT ---       rlabel(7)=alpha g1 a3 t4;
  INPUT ---       rlabel(8)=alpha g1 a3.2 t4.2;
  INPUT ---       rlabel(9)=alpha g1 a3.4 t4.4;
  INPUT ---       rlabel(10)=alpha g1 a3.6 t4.6;
  INPUT ---       rlabel(11)=alpha g1 a6.1 t7.1;
  INPUT ---       rlabel(12)=alpha g1 a6.3 t7.3;
  INPUT ---       rlabel(13)=alpha g1 a6.5 t7.5;
  INPUT ---       rlabel(14)=alpha g1 a6.7 t7.7;
  INPUT ---       rlabel(15)=alpha g1 a6.9 t7.9;
  INPUT ---       rlabel(16)=alpha g1 a9.567 t10.567;
  INPUT ---       rlabel(17)=alpha g1 a9.767 t10.767;
  INPUT ---       rlabel(18)=alpha g1 a9.967 t10.967;
  INPUT ---       rlabel(19)=alpha g1 a10.167 t11.167;
  INPUT ---       rlabel(20)=alpha g1 a10.367 t11.367;
  INPUT ---       rlabel(21)=alpha g1 a12.134 t13.134;
  INPUT ---       rlabel(22)=alpha g1 a12.334 t13.334;
  INPUT ---       rlabel(23)=alpha g1 a12.534 t13.534;
  INPUT ---       rlabel(24)=alpha g1 a12.734 t13.734;
  INPUT ---       rlabel(25)=alpha g1 a12.934 t13.934;
  INPUT ---       rlabel(26)=alpha g1 a16.101 t17.101;
  INPUT ---       rlabel(27)=alpha g1 a16.301 t17.301;
  INPUT ---       rlabel(28)=alpha g1 a16.501 t17.501;
  INPUT ---       rlabel(29)=alpha g1 a16.701 t17.701;

  Program  MARK  - Survival Rate Estimation with Capture-Recapture Data
   gfortran(Win64) Vers. 8.1 Mar 2016    5-Aug-2016 15:48:44    Page  011
 - - - - - - - - - - - - - - - - - - - - - - - - - - - - - - - - - - - - - -
 
  INPUT ---       rlabel(30)=alpha g1 a16.901 t17.901;
  INPUT ---       rlabel(31)=sigma g1 a0 t1;
  INPUT ---       rlabel(32)=sigma g1 a0.2 t1.2;
  INPUT ---       rlabel(33)=sigma g1 a0.4 t1.4;
  INPUT ---       rlabel(34)=sigma g1 a0.6 t1.6;
  INPUT ---       rlabel(35)=sigma g1 a0.8 t1.8;
  INPUT ---       rlabel(36)=sigma g1 a2.8 t3.8;
  INPUT ---       rlabel(37)=sigma g1 a3.4 t4.4;
  INPUT ---       rlabel(38)=sigma g1 a6.1 t7.1;
  INPUT ---       rlabel(39)=sigma g1 a6.3 t7.3;
  INPUT ---       rlabel(40)=sigma g1 a6.5 t7.5;
  INPUT ---       rlabel(41)=sigma g1 a6.7 t7.7;
  INPUT ---       rlabel(42)=sigma g1 a6.9 t7.9;
  INPUT ---       rlabel(43)=sigma g1 a9.567 t10.567;
  INPUT ---       rlabel(44)=sigma g1 a9.767 t10.767;
  INPUT ---       rlabel(45)=sigma g1 a9.967 t10.967;
  INPUT ---       rlabel(46)=sigma g1 a10.167 t11.167;
  INPUT ---       rlabel(47)=sigma g1 a10.367 t11.367;
  INPUT ---       rlabel(48)=sigma g1 a12.134 t13.134;
  INPUT ---       rlabel(49)=sigma g1 a12.334 t13.334;
  INPUT ---       rlabel(50)=sigma g1 a12.534 t13.534;
  INPUT ---       rlabel(51)=sigma g1 a12.934 t13.934;
  INPUT ---       rlabel(52)=sigma g1 a16.301 t17.301;
  INPUT ---       rlabel(53)=U g1 a0 t1;
  INPUT ---       rlabel(54)=U g1 a2.8 t3.8;
  INPUT ---       rlabel(55)=U g1 a6.1 t7.1;
  INPUT ---       rlabel(56)=U g1 a9.567 t10.567;
  INPUT ---       rlabel(57)=U g1 a12.134 t13.134;
  INPUT ---       rlabel(58)=U g1 a16.101 t17.101;
  INPUT ---       rlabel(59)=Phi g1 c1 a0.8 t1.8;
  INPUT ---       rlabel(60)=Gamma'' g1 c1 a0.8 t1.8;
  INPUT ---       rlabel(61)=Gamma' g1 c1 a0.8 t1.8;
  INPUT ---       rlabel(62)=Phi g1 c1 a0 t1;
  INPUT ---       rlabel(63)=Gamma'' g1 c1 a0 t1;

 Link Function Used is PARM-SPECIFIC

 Variance Estimation Procedure Used is 2ndPart 

 M(t+1):
 Group=Group 1                                                                         
       3      3      3      2      3      5      5      5      2      5      5
       4      4      4      4     10      7      7      7      5      5      5
       5      3      4      5      5      5      4      5


 -2logL(saturated) = -0.0000000    
 Effective Sample Size = 169
 Results from first iteration:
  -2logL Initial { alpha(~1 + captive + age.t + sex + effort.trapdays + recordloss.agout.total)sigma(~1 + effort.var)U(~sample_month)Phi(~1)Gamma''(~1)Gamma'(~1) } = 1138.4459     
  Penalty Initial { alpha(~1 + captive + age.t + sex + effort.trapdays + recordloss.agout.total)sigma(~1 + effort.var)U(~sample_month)Phi(~1)Gamma''(~1)Gamma'(~1) } = -0.0000000    

 Number of function evaluations was 30 for 17 parameters.

  Program  MARK  - Survival Rate Estimation with Capture-Recapture Data
   gfortran(Win64) Vers. 8.1 Mar 2016    5-Aug-2016 15:48:47    Page  012
 - - - - - - - - - - - - - - - - - - - - - - - - - - - - - - - - - - - - - -
 
 Time for numerical optimization was 3.84 seconds.
 -2logL { alpha(~1 + captive + age.t + sex + effort.trapdays + recordloss.agout.total)sigma(~1 + effort.var)U(~sample_month)Phi(~1)Gamma''(~1)Gamma'(~1) } = 1051.7950     
 Penalty { alpha(~1 + captive + age.t + sex + effort.trapdays + recordloss.agout.total)sigma(~1 + effort.var)U(~sample_month)Phi(~1)Gamma''(~1)Gamma'(~1) } = -0.0000000    

   * *  WARNING  * *   Numerical underflow occurred during optimization of this model. 
     IEEE flag status at end of optimization:
     overflow       F
     divide by zero F
     invalid        F
     underflow      T
     inexact        T

 Gradient { alpha(~1 + captive + age.t + sex + effort.trapdays + recordloss.agout.total)sigma(~1 + effort.var)U(~sample_month)Phi(~1)Gamma''(~1)Gamma'(~1) }:
 -0.1540803E-02-0.4547492E-03-0.9014502E-03-0.1476462E-03-0.5528200E-03
 -0.2341773E-04-0.5338097E-03 0.1892847E-04 0.7699554E-04 0.1676071E-04
  0.1087724E-03 0.1669493E-03-0.1512042E-03-0.4054758E-04-0.3705542E-03
  0.1729367E-04  0.000000    
 S Vector { alpha(~1 + captive + age.t + sex + effort.trapdays + recordloss.agout.total)sigma(~1 + effort.var)U(~sample_month)Phi(~1)Gamma''(~1)Gamma'(~1) }:
   6745.369      404.0076      301.9310      280.5162      241.7644    
   223.6557      129.9398      64.16744      34.02827      28.38014    
   10.39884      7.913088      6.136961      3.397046      2.057481    
  0.9500155     0.5404024E-08
 Time to compute number of parameters was 3.14 seconds.
   Threshold =  0.3600000E-06     Condition index =  0.8011457E-12     New Threshold =  0.2228136E-07
 New Guessimate of Estimated Parameters { alpha(~1 + captive + age.t + sex + effort.trapdays + recordloss.agout.total)sigma(~1 + effort.var)U(~sample_month)Phi(~1)Gamma''(~1)Gamma'(~1) } = 16          
 Conditioned S Vector { alpha(~1 + captive + age.t + sex + effort.trapdays + recordloss.agout.total)sigma(~1 + effort.var)U(~sample_month)Phi(~1)Gamma''(~1)Gamma'(~1) }:
   1.000000     0.5989407E-01 0.4476122E-01 0.4158649E-01 0.3584153E-01
  0.3315692E-01 0.1926355E-01 0.9512814E-02 0.5044686E-02 0.4207352E-02
  0.1541626E-02 0.1173114E-02 0.9098037E-03 0.5036116E-03 0.3050213E-03
  0.1408397E-03 0.8011457E-12
 Number of Estimated Parameters { alpha(~1 + captive + age.t + sex + effort.trapdays + recordloss.agout.total)sigma(~1 + effort.var)U(~sample_month)Phi(~1)Gamma''(~1)Gamma'(~1) } = 16          
 DEVIANCE { alpha(~1 + captive + age.t + sex + effort.trapdays + recordloss.agout.total)sigma(~1 + effort.var)U(~sample_month)Phi(~1)Gamma''(~1)Gamma'(~1) } = 1051.7950                     
 DEVIANCE Degrees of Freedom { alpha(~1 + captive + age.t + sex + effort.trapdays + recordloss.agout.total)sigma(~1 + effort.var)U(~sample_month)Phi(~1)Gamma''(~1)Gamma'(~1) } = -2            
 c-hat { alpha(~1 + captive + age.t + sex + effort.trapdays + recordloss.agout.total)sigma(~1 + effort.var)U(~sample_month)Phi(~1)Gamma''(~1)Gamma'(~1) } = 1.0000000                     
 AIC { alpha(~1 + captive + age.t + sex + effort.trapdays + recordloss.agout.total)sigma(~1 + effort.var)U(~sample_month)Phi(~1)Gamma''(~1)Gamma'(~1) } = 1083.7950                  
 AICc { alpha(~1 + captive + age.t + sex + effort.trapdays + recordloss.agout.total)sigma(~1 + effort.var)U(~sample_month)Phi(~1)Gamma''(~1)Gamma'(~1) } = 1087.3739                    
 BIC { alpha(~1 + captive + age.t + sex + effort.trapdays + recordloss.agout.total)sigma(~1 + effort.var)U(~sample_month)Phi(~1)Gamma''(~1)Gamma'(~1) } = 1133.8734                    
 Pearson Chisquare { alpha(~1 + captive + age.t + sex + effort.trapdays + recordloss.agout.total)sigma(~1 + effort.var)U(~sample_month)Phi(~1)Gamma''(~1)Gamma'(~1) } = 0.1815616E+033             

   * *  WARNING  * *   Numerical underflow occurred during variance-covariance calculation of this model. 
     IEEE flag status at end of variance-covariance calculation:
     overflow       F
     divide by zero F
     invalid        F
     underflow      T
     inexact        T



 PARM-SPECIFIC Link Function Parameters of { alpha(~1 + captive + age.t + sex + effort.trapdays + recordloss.agout.total)sigma(~1 + effort.var)U(~sample_month)Phi(~1)Gamma''(~1)Gamma'(~1) }
                                                              95% Confidence Interval
 Parameter                    Beta         Standard Error      Lower           Upper
 -------------------------  --------------  --------------  --------------  --------------
    1:alpha:(Intercept)     0.2100884       0.4390539       -0.6504573      1.0706341     
    2:alpha:captive         0.2499978       0.1176506       0.0194026       0.4805929     
    3:alpha:age.t           0.2106994       0.1611751       -0.1052038      0.5266026     
    4:alpha:sex             0.5399893       0.2058783       0.1364678       0.9435107     

  Program  MARK  - Survival Rate Estimation with Capture-Recapture Data
   gfortran(Win64) Vers. 8.1 Mar 2016    5-Aug-2016 15:48:49    Page  013
 - - - - - - - - - - - - - - - - - - - - - - - - - - - - - - - - - - - - - -
 
    5:alpha:effort.trapday  0.0036739       0.0021154       -.4724131E-003  0.0078201     
    6:alpha:recordloss.ago  -2.8837787      0.5589874       -3.9793941      -1.7881634    
    7:sigma:(Intercept)     -0.7037738      0.2200901       -1.1351505      -0.2723972    
    8:sigma:effort.var      -0.0221928      0.0432138       -0.1068918      0.0625063     
    9:U:(Intercept)         2.5436881       0.1404675       2.2683717       2.8190045     
   10:U:sample_monthB       0.3565897       0.1318183       0.0982259       0.6149535     
   11:U:sample_monthC       0.4632578       0.1532016       0.1629826       0.7635330     
   12:U:sample_monthD       0.9067091       0.1516934       0.6093901       1.2040281     
   13:U:sample_monthE       0.3533839       0.1712298       0.0177735       0.6889944     
   14:U:sample_monthF       0.6822788       0.1765220       0.3362958       1.0282618     
   15:Phi:(Intercept)       2.0066521       0.4036671       1.2154647       2.7978395     
   16:GammaDoublePrime:(In  -2.9443257      1.0259700       -4.9552270      -0.9334245    
   17:GammaPrime:(Intercep  17.724958       0.0000000       17.724958       17.724958     


 Real Function Parameters of { alpha(~1 + captive + age.t + sex + effort.trapdays + recordloss.agout.total)sigma(~1 + effort.var)U(~sample_month)Phi(~1)Gamma''(~1)Gamma'(~1) }

  Program  MARK  - Survival Rate Estimation with Capture-Recapture Data
   gfortran(Win64) Vers. 8.1 Mar 2016    5-Aug-2016 15:48:49    Page  014
 - - - - - - - - - - - - - - - - - - - - - - - - - - - - - - - - - - - - - -
 

      Following estimates based on unstandardized individual covariate values:
          Variable   Value         
          ---------  ------------- 
          CAPTIVE    0.2142857     
          AGE.T1     1.0000000     
          AGE.T1.2   1.0000000     
          AGE.T1.4   1.0000000     
          AGE.T1.6   1.0000000     
          AGE.T1.8   1.0000000     
          AGE.T3.8   1.0000000     
          AGE.T4     1.0000000     
          AGE.T4.2   1.0000000     
          AGE.T4.4   1.0000000     
          AGE.T4.6   1.0000000     
          AGE.T7.1   0.8333333     
          AGE.T7.3   0.8333333     
          AGE.T7.5   0.8333333     
          AGE.T7.7   0.8333333     
          AGE.T7.9   0.8333333     
          AGE.T10.56 0.6666667     
          AGE.T10.76 0.6666667     
          AGE.T10.96 0.6666667     
          AGE.T11.16 0.6666667     
          AGE.T11.36 0.6666667     
          AGE.T13.13 1.0000000     
          AGE.T13.33 1.0000000     
          AGE.T13.53 1.0000000     
          AGE.T13.73 1.0000000     
          AGE.T13.93 1.0000000     
          AGE.T17.10 0.9230769     
          AGE.T17.30 0.9230769     
          AGE.T17.50 0.9230769     
          AGE.T17.70 0.9230769     
          AGE.T17.90 0.9230769     
          SEX        0.8461538     
                                                               95% Confidence Interval
  Parameter                  Estimate       Standard Error      Lower           Upper
 --------------------------  --------------  --------------  --------------  --------------
     1:alpha g1 a0 t1        2.1116006       0.3259601       1.5630948       2.8525827                           
     2:alpha g1 a0.2 t1.2    2.4988266       0.3603570       1.8863088       3.3102398                           
     3:alpha g1 a0.4 t1.4    3.0629864       0.3474849       2.4540651       3.8229979                           
     4:alpha g1 a0.6 t1.6    2.4387999       0.2667144       1.9695231       3.0198908                           
     5:alpha g1 a0.8 t1.8    2.3767701       0.2797672       1.8885815       2.9911529                           
     6:alpha g1 a2.8 t3.8    3.3760814       0.3431887       2.7676199       4.1183133                           
     7:alpha g1 a3 t4        3.2226248       0.3198421       2.6542039       3.9127781                           
     8:alpha g1 a3.2 t4.2    2.4677901       0.2495048       2.0251864       3.0071247                           
     9:alpha g1 a3.4 t4.4    3.1830529       0.3642107       2.5454384       3.9803854                           
    10:alpha g1 a3.6 t4.6    3.1151587       0.3052337       2.5720193       3.7729941                           

  Program  MARK  - Survival Rate Estimation with Capture-Recapture Data
   gfortran(Win64) Vers. 8.1 Mar 2016    5-Aug-2016 15:48:49    Page  015
 - - - - - - - - - - - - - - - - - - - - - - - - - - - - - - - - - - - - - -
 
    11:alpha g1 a6.1 t7.1    3.2417727       0.2886727       2.7235364       3.8586193                           
    12:alpha g1 a6.3 t7.3    3.0761065       0.2427069       2.6359910       3.5897055                           
    13:alpha g1 a6.5 t7.5    2.5627237       0.2165906       2.1721433       3.0235356                           
    14:alpha g1 a6.7 t7.7    3.6133824       0.3472192       2.9943749       4.3603534                           
    15:alpha g1 a6.9 t7.9    3.1668040       0.2643253       2.6896482       3.7286095                           
    16:alpha g1 a9.567 t10.  2.6859513       0.2185860       2.2905476       3.1496111                           
    17:alpha g1 a9.767 t10.  2.8461229       0.2404565       2.4124919       3.3576965                           
    18:alpha g1 a9.967 t10.  2.6752116       0.2176690       2.2814605       3.1369192                           
    19:alpha g1 a10.167 t11  2.2763869       0.2002684       1.9164757       2.7038888                           
    20:alpha g1 a10.367 t11  2.1563424       0.2019750       1.7954033       2.5898429                           
    21:alpha g1 a12.134 t13  3.5743885       0.4034160       2.8670465       4.4562421                           
    22:alpha g1 a12.334 t13  2.7997487       0.2603218       2.3342254       3.3581132                           
    23:alpha g1 a12.534 t13  2.5942880       0.2866189       2.0905480       3.2194096                           
    24:alpha g1 a12.734 t13  2.3235186       0.2668452       1.8565554       2.9079330                           
    25:alpha g1 a12.934 t13  2.0973620       0.2486350       1.6638585       2.6438109                           
    26:alpha g1 a16.101 t17  3.4029179       0.3651808       2.7590864       4.1969873                           
    27:alpha g1 a16.301 t17  2.3466501       0.2419360       1.9183198       2.8706196                           
    28:alpha g1 a16.501 t17  2.9148662       0.3137259       2.3619251       3.5972543                           
    29:alpha g1 a16.701 t17  2.2179443       0.2532230       1.7745226       2.7721692                           
    30:alpha g1 a16.901 t17  2.8824963       0.3095626       2.3367656       3.5556776                           
    31:sigma g1 a0 t1        0.4055034       0.1049390       0.2461902       0.6679106                           
    32:sigma g1 a0.2 t1.2    0.4077595       0.1018478       0.2517679       0.6604011                           
    33:sigma g1 a0.4 t1.4    0.4147601       0.0925399       0.2692639       0.6388750                           
    34:sigma g1 a0.6 t1.6    0.4109080       0.0976017       0.2596124       0.6503747                           
    35:sigma g1 a0.8 t1.8    0.4107353       0.0978322       0.2591808       0.6509104                           
    36:sigma g1 a2.8 t3.8    0.4088407       0.1003801       0.2544549       0.6568971                           
    37:sigma g1 a3.4 t4.4    0.4045331       0.1062791       0.2438051       0.6712206                           
    38:sigma g1 a6.1 t7.1    0.4230885       0.0823016       0.2899898       0.6172764                           
    39:sigma g1 a6.3 t7.3    0.4449943       0.0644677       0.3354871       0.5902460                           
    40:sigma g1 a6.5 t7.5    0.4621502       0.0670132       0.3483338       0.6131557                           
    41:sigma g1 a6.7 t7.7    0.4531482       0.0635249       0.3447402       0.5956465                           
    42:sigma g1 a6.9 t7.9    0.4564553       0.0642582       0.3468600       0.6006786                           
    43:sigma g1 a9.567 t10.  0.4449195       0.0644938       0.3353770       0.5902413                           
    44:sigma g1 a9.767 t10.  0.4566280       0.0643143       0.3469446       0.6009867                           
    45:sigma g1 a9.967 t10.  0.4517599       0.0634112       0.3435652       0.5940271                           
    46:sigma g1 a10.167 t11  0.4593615       0.0654338       0.3479455       0.6064542                           
    47:sigma g1 a10.367 t11  0.4366383       0.0691086       0.3207958       0.5943127                           
    48:sigma g1 a12.134 t13  0.4828814       0.0899048       0.3362837       0.6933863                           
    49:sigma g1 a12.334 t13  0.4772318       0.0820695       0.3415159       0.6668802                           
    50:sigma g1 a12.534 t13  0.4947148       0.1088819       0.3230141       0.7576844                           
    51:sigma g1 a12.934 t13  0.4917295       0.1038227       0.3265564       0.7404477                           
    52:sigma g1 a16.301 t17  0.4862420       0.0949806       0.3327615       0.7105127                           
    53:U g1 a0 t1            12.726521       1.7876631       9.6766467       16.737651                           
    54:U g1 a2.8 t3.8        18.179195       1.9827931       14.689509       22.497901                           
    55:U g1 a6.1 t7.1        20.225534       1.7172542       17.129983       23.880481                           
    56:U g1 a9.567 t10.567   31.512905       2.3767644       27.188110       36.525643                           

  Program  MARK  - Survival Rate Estimation with Capture-Recapture Data
   gfortran(Win64) Vers. 8.1 Mar 2016    5-Aug-2016 15:48:49    Page  016
 - - - - - - - - - - - - - - - - - - - - - - - - - - - - - - - - - - - - - -
 
    57:U g1 a12.134 t13.134  18.121009       1.6762569       15.122008       21.714773                           
    58:U g1 a16.101 t17.101  25.177906       2.3581272       20.963791       30.239138                           
    59:Phi g1 c1 a0.8 t1.8   0.8814937       0.0421681       0.7712644       0.9425590                           
    60:Gamma'' g1 c1 a0.8 t  0.0500054       0.0487385       0.0069972       0.2822305                           
    61:Gamma' g1 c1 a0.8 t1  1.0000000       0.0000000       1.0000000       1.0000000                           
    62:Phi g1 c1 a0 t1       1.0000000       0.0000000       1.0000000       1.0000000       Fixed               
    63:Gamma'' g1 c1 a0 t1   0.0000000       0.0000000       0.0000000       0.0000000       Fixed               

  Program  MARK  - Survival Rate Estimation with Capture-Recapture Data
   gfortran(Win64) Vers. 8.1 Mar 2016    5-Aug-2016 15:48:49    Page  017
 - - - - - - - - - - - - - - - - - - - - - - - - - - - - - - - - - - - - - -
 


                      Estimates of Derived Parameters
 Population Estimates of { alpha(~1 + captive + age.t + sex + effort.trapdays + recordloss.agout.total)sigma(~1 + effort.var)U(~sample_month)Phi(~1)Gamma''(~1)Gamma'(~1) }
                                                95% Confidence Interval
 Grp. Occ.   N-hat           Standard Error      Lower           Upper
 ---- ----   --------------  --------------  --------------  --------------
   1     1   15.726521       1.7876641       12.594576       19.637300     
   1     2   15.726521       1.7876641       12.594576       19.637300     
   1     3   15.726521       1.7876641       12.594576       19.637300     
   1     4   14.871143       1.8267823       11.699612       18.902412     
   1     5   15.726521       1.7876641       12.594576       19.637300     
   1     6   23.179195       1.9827937       19.607229       27.401886     
   1     7   23.179195       1.9827937       19.607229       27.401886     
   1     8   23.179195       1.9827937       19.607229       27.401886     
   1     9   20.302968       2.0095365       16.730675       24.638008     
   1    10   23.179195       1.9827937       19.607229       27.401886     
   1    11   25.491653       1.7502535       22.285493       29.159076     
   1    12   24.473582       1.7520046       21.273494       28.155048     
   1    13   24.608538       1.7625696       21.389269       28.312335     
   1    14   24.418136       1.7510650       21.220156       28.098067     
   1    15   24.492300       1.7561634       21.284980       28.182913     
   1    16   39.329960       2.4912552       34.742359       44.523337     
   1    17   39.155569       2.4622986       34.619241       44.286315     
   1    18   39.342410       2.4939733       34.750026       44.541699     
   1    19   39.627086       2.5195955       34.988399       44.880761     
   1    20   37.468047       2.5032641       32.874110       42.703956     
   1    21   22.364322       1.7130016       19.250935       25.981226     
   1    22   23.626523       1.7397988       20.455165       27.289565     
   1    23   23.645804       1.7549704       20.448631       27.342858     
   1    24   21.498373       1.7290522       18.367709       25.162641     
   1    25   22.852280       1.7701329       19.637808       26.592922     
   1    26   30.482484       2.4155161       26.103761       35.595707     
   1    27   30.856096       2.4617567       26.395931       36.069903     
   1    28   30.617143       2.4400206       26.195978       35.784481     
   1    29   29.836532       2.4636721       25.385207       35.068401     
   1    30   30.627773       2.4414549       26.204092       35.798243     
 Mean Resighting Rate Estimates of { alpha(~1 + captive + age.t + sex + effort.trapdays + recordloss.agout.total)sigma(~1 + effort.var)U(~sample_month)Phi(~1)Gamma''(~1)Gamma'(~1) }
                                                95% Confidence Interval
 Grp. Occ.   Lambda-hat      Standard Error      Lower           Upper
 ---- ----   --------------  --------------  --------------  --------------
   1     1   2.2925455       0.3216677       1.7436732       3.0141915     
   1     2   2.7154432       0.3519663       2.1084734       3.4971423     
   1     3   3.3381053       0.3380942       2.7384567       4.0690610     
   1     4   2.6536306       0.2596604       2.1915246       3.2131765     
   1     5   2.5859533       0.2729518       2.1038850       3.1784790     
   1     6   3.6703647       0.3382788       3.0649452       4.3953730     
   1     7   3.5035318       0.3131711       2.9415038       4.1729454     
   1     8   2.6829003       0.2435326       2.2464470       3.2041502     
   1     9   3.4544536       0.3523745       2.8299242       4.2168088     

  Program  MARK  - Survival Rate Estimation with Capture-Recapture Data
   gfortran(Win64) Vers. 8.1 Mar 2016    5-Aug-2016 15:48:49    Page  018
 - - - - - - - - - - - - - - - - - - - - - - - - - - - - - - - - - - - - - -
 
   1    10   3.3866981       0.2976621       2.8517114       4.0220493     
   1    11   3.9206670       0.2849397       3.4007763       4.5200355     
   1    12   3.6283972       0.2356786       3.1950901       4.1204680     
   1    13   3.2990013       0.2036780       2.9233373       3.7229402     
   1    14   4.7163699       0.3547822       4.0706762       5.4644840     
   1    15   4.4462885       0.2618580       3.9619570       4.9898273     
   1    16   3.4828927       0.2138415       3.0883498       3.9278393     
   1    17   4.0735891       0.2384377       3.6324185       4.5683416     
   1    18   3.7376156       0.2148111       3.3397438       4.1828867     
   1    19   3.1514543       0.2004199       2.7824771       3.5693605     
   1    20   2.8882187       0.2086338       2.5073872       3.3268923     
   1    21   5.4347301       0.4048212       4.6974304       6.2877549     
   1    22   3.5013204       0.2390338       3.0632830       4.0019955     
   1    23   3.2895284       0.2597231       2.8185815       3.8391642     
   1    24   3.2068594       0.2549989       2.7447359       3.7467893     
   1    25   4.0636910       0.2882459       3.5368598       4.6689960     
   1    26   4.1994053       0.3442304       3.5770851       4.9299932     
   1    27   2.6411236       0.2137164       2.2543515       3.0942529     
   1    28   3.8431608       0.2843178       3.3250735       4.4419725     
   1    29   3.1524464       0.2453277       2.7071030       3.6710528     
   1    30   3.8054503       0.2802463       3.2946120       4.3954954     
 Pr(Captured 1 or more times) of { alpha(~1 + captive + age.t + sex + effort.trapdays + recordloss.agout.total)sigma(~1 + effort.var)U(~sample_month)Phi(~1)Gamma''(~1)Gamma'(~1) }
                                                95% Confidence Interval
 Grp. Occ.      p*-hat       Standard Error      Lower           Upper
 ---- ----   --------------  --------------  --------------  --------------
   1     1   0.2981108       0.0127108       0.2738105       0.3236067     
   1     2   0.3082415       0.0100961       0.2888129       0.3283737     
   1     3   0.3174670       0.0063879       0.3050807       0.3301172     
   1     4   0.4662827       0.0133415       0.4402496       0.4925007     
   1     5   0.3053442       0.0091330       0.2877431       0.3235329     
   1     6   0.1915204       0.0032581       0.1852157       0.1979876     
   1     7   0.1904694       0.0034472       0.1838044       0.1973177     
   1     8   0.1826031       0.0047792       0.1734218       0.1921575     
   1     9   0.4708601       0.0108920       0.4495780       0.4922486     
   1    10   0.1896460       0.0035901       0.1827092       0.1967827     
   1    11   0.1928665       0.0023633       0.1882768       0.1975408     
   1    12   0.2382057       0.0031952       0.2319999       0.2445247     
   1    13   0.2354385       0.0036663       0.2283287       0.2427001     
   1    14   0.2440190       0.0020587       0.2400066       0.2480766     
   1    15   0.2432857       0.0020253       0.2393382       0.2472773     
   1    16   0.1330372       0.0023135       0.1285678       0.1376374     
   1    17   0.1375510       0.0014138       0.1348033       0.1403456     
   1    18   0.1351251       0.0018882       0.1314669       0.1388689     
   1    19   0.1313822       0.0024243       0.1267030       0.1362072     
   1    20   0.1793621       0.0046090       0.1705055       0.1885740     
   1    21   0.2460271       0.0017144       0.2426824       0.2494028     
   1    22   0.1866929       0.0034870       0.1799544       0.1936240     
   1    23   0.1862200       0.0046007       0.1773704       0.1954062     
   1    24   0.3112176       0.0071291       0.2974192       0.3253597     
   1    25   0.2408057       0.0032345       0.2345232       0.2472021     

  Program  MARK  - Survival Rate Estimation with Capture-Recapture Data
   gfortran(Win64) Vers. 8.1 Mar 2016    5-Aug-2016 15:48:50    Page  019
 - - - - - - - - - - - - - - - - - - - - - - - - - - - - - - - - - - - - - -
 
   1    26   0.1918204       0.0030452       0.1859226       0.1978599     
   1    27   0.1761125       0.0057841       0.1650610       0.1877375     
   1    28   0.1900904       0.0035847       0.1831636       0.1972160     
   1    29   0.2298526       0.0060414       0.2182260       0.2419070     
   1    30   0.1898575       0.0036288       0.1828469       0.1970721     

 Attempted ordering of parameters by estimatibility:
   1  9 12 14 11 13  2  7 10  3  4  8 15  5  6 16 17
 Beta number 17 is a singular value.

     CPU Time in seconds for last procedure was 7.22


  INPUT --- proc stop;

   * *  WARNING  * *   Numerical underflow occurred during final processing of this model. 
     IEEE flag status at final processing of this model:
     overflow       F
     divide by zero F
     invalid        F
     underflow      T
     inexact        T


     CPU Time in minutes for this job was 0.12

     Time Start = 15:48:44.613   Time End = 15:48:50.094

     Wall Clock Time in minutes for this job was 0.09


          E X E C U T I O N   S U C C E S S F U L 
