
   Program  MARK  - Survival Rate Estimation with Capture-Recapture Data
   gfortran(Win64) Vers. 8.1 Mar 2016    5-Aug-2016 15:43:30    Page  001
 - - - - - - - - - - - - - - - - - - - - - - - - - - - - - - - - - - - - - -
 
   This version was compiled by GCC version 5.3.0 using the options: 
     -cpp -iprefix c:\tdm-gcc-64\gcc\bin\../lib/gcc/x86_64-w64-mingw32/5.3.0/ -D_MT
     -U_REENTRANT -D IEEE -m64 -mtune=generic -march=x86-64 -mthreads -O2
     -fimplicit-none -fbounds-check -funroll-loops -ftree-vectorize
     -ffpe-summary=invalid,zero,overflow,underflow -fno-unsafe-math-optimizations
     -frounding-math -fsignaling-nans -fopenmp.

   This problem will use 3 of 4 possible threads.


  INPUT --- proc title ;

     CPU Time in seconds for last procedure was 0.00


  INPUT --- proc chmatrix occasions= 30 groups= 1 etype= PoissonMR 
  INPUT --- icovar = 1 ICMeans NoHist  hist= 14 ;

  INPUT ---    time interval 0.2 0.2 0.2 0.2 2 0.2 0.2 0.2 0.2 2.5 0.2 0.2 
  INPUT ---    0.2 0.2 2.667 0.2 0.2 0.2  0.2 1.767 0.2 0.2 0.2 0.2 3.167 
  INPUT ---    0.2 0.2 0.2 0.2 ;

  INPUT ---     icovariates sex ;

  INPUT ---    glabel(1)=Group 1;

      Number of unique encounter histories read was 14.

      Number of individual covariates read was 1.
      Time interval lengths vary and/or not equal to 1.

      Data type number is 115
      Data type is Poisson Mark Resight with Robust Design                                                             

     CPU Time in seconds for last procedure was 0.00

  Program  MARK  - Survival Rate Estimation with Capture-Recapture Data
   gfortran(Win64) Vers. 8.1 Mar 2016    5-Aug-2016 15:43:30    Page  002
 - - - - - - - - - - - - - - - - - - - - - - - - - - - - - - - - - - - - - -
 


  INPUT --- proc estimate link=Parm-Specific NOLOOP varest=2ndPart    ;


  INPUT --- model={ alpha(~1 + sex + 
  INPUT --- effort.trapdays)sigma(~1)U(~sample_month)Phi(~1)Gamma''(~1)G
  INPUT --- amma'(~1) };

  INPUT ---    fixed=2;
  INPUT ---        parm(29)=1 ;
  INPUT ---        parm(30)=0 ;

  INPUT ---    group=1 alpha    rows=1 cols=30 Square ;
  INPUT ---        1 1 2 3 4 5 5 5 2 5 6 7 8 9 10 11 12 11 13 14 15 16 17 17 
  INPUT ---       18 15 15 17 17 17 ;

  INPUT ---    group=1 sigma    rows=1 cols=30 Square ;
  INPUT ---        19 19 19 19 19 19 19 19 19 19 19 19 19 19 19 19 19 19 19 
  INPUT ---       19 19 19 19 19 19 19 19 19 19 19 ;

  INPUT ---    group=1 U    rows=1 cols=30 Square ;
  INPUT ---        20 20 20 20 20 21 21 21 21 21 22 22 22 22 22 23 23 23 23 
  INPUT ---       23 24 24 24 24 24 25 25 25 25 25 ;

  INPUT ---    group=1 Phi    rows=29 cols=29 Triang ;
  INPUT ---        29 29 29 29 26 29 29 29 29 26 29 29 29 29 26 29 29 29 29 
  INPUT ---       26 29 29 29 29 26 29 29 29 29 ;
  INPUT ---        29 29 29 29 29 29 29 29 29 29 29 29 29 29 29 29 29 29 29 
  INPUT ---       29 29 29 29 29 29 29 29 29 ;
  INPUT ---        29 29 29 29 29 29 29 29 29 29 29 29 29 29 29 29 29 29 29 
  INPUT ---       29 29 29 29 29 29 29 29 ;
  INPUT ---        29 29 29 29 29 29 29 29 29 29 29 29 29 29 29 29 29 29 29 
  INPUT ---       29 29 29 29 29 29 29 ;
  INPUT ---        29 29 29 29 29 29 29 29 29 29 29 29 29 29 29 29 29 29 29 
  INPUT ---       29 29 29 29 29 29 ;
  INPUT ---        29 29 29 29 26 29 29 29 29 26 29 29 29 29 26 29 29 29 29 
  INPUT ---       26 29 29 29 29 ;
  INPUT ---        29 29 29 29 29 29 29 29 29 29 29 29 29 29 29 29 29 29 29 
  INPUT ---       29 29 29 29 ;
  INPUT ---        29 29 29 29 29 29 29 29 29 29 29 29 29 29 29 29 29 29 29 
  INPUT ---       29 29 29 ;
  INPUT ---        29 29 29 29 29 29 29 29 29 29 29 29 29 29 29 29 29 29 29 
  INPUT ---       29 29 ;
  INPUT ---        29 29 29 29 29 29 29 29 29 29 29 29 29 29 29 29 29 29 29 
  INPUT ---       29 ;

  Program  MARK  - Survival Rate Estimation with Capture-Recapture Data
   gfortran(Win64) Vers. 8.1 Mar 2016    5-Aug-2016 15:43:30    Page  003
 - - - - - - - - - - - - - - - - - - - - - - - - - - - - - - - - - - - - - -
 
  INPUT ---        29 29 29 29 26 29 29 29 29 26 29 29 29 29 26 29 29 29 29 ;
  INPUT ---        29 29 29 29 29 29 29 29 29 29 29 29 29 29 29 29 29 29 ;
  INPUT ---        29 29 29 29 29 29 29 29 29 29 29 29 29 29 29 29 29 ;
  INPUT ---        29 29 29 29 29 29 29 29 29 29 29 29 29 29 29 29 ;
  INPUT ---        29 29 29 29 29 29 29 29 29 29 29 29 29 29 29 ;
  INPUT ---        29 29 29 29 26 29 29 29 29 26 29 29 29 29 ;
  INPUT ---        29 29 29 29 29 29 29 29 29 29 29 29 29 ;
  INPUT ---        29 29 29 29 29 29 29 29 29 29 29 29 ;
  INPUT ---        29 29 29 29 29 29 29 29 29 29 29 ;
  INPUT ---        29 29 29 29 29 29 29 29 29 29 ;
  INPUT ---        29 29 29 29 26 29 29 29 29 ;
  INPUT ---        29 29 29 29 29 29 29 29 ;
  INPUT ---        29 29 29 29 29 29 29 ;
  INPUT ---        29 29 29 29 29 29 ;
  INPUT ---        29 29 29 29 29 ;
  INPUT ---        29 29 29 29 ;
  INPUT ---        29 29 29 ;
  INPUT ---        29 29 ;
  INPUT ---        29 ;

  INPUT ---    group=1 Gamma''    rows=29 cols=29 Triang ;
  INPUT ---        30 30 30 30 27 30 30 30 30 27 30 30 30 30 27 30 30 30 30 
  INPUT ---       27 30 30 30 30 27 30 30 30 30 ;
  INPUT ---        30 30 30 30 30 30 30 30 30 30 30 30 30 30 30 30 30 30 30 
  INPUT ---       30 30 30 30 30 30 30 30 30 ;
  INPUT ---        30 30 30 30 30 30 30 30 30 30 30 30 30 30 30 30 30 30 30 
  INPUT ---       30 30 30 30 30 30 30 30 ;
  INPUT ---        30 30 30 30 30 30 30 30 30 30 30 30 30 30 30 30 30 30 30 
  INPUT ---       30 30 30 30 30 30 30 ;
  INPUT ---        30 30 30 30 30 30 30 30 30 30 30 30 30 30 30 30 30 30 30 
  INPUT ---       30 30 30 30 30 30 ;
  INPUT ---        30 30 30 30 27 30 30 30 30 27 30 30 30 30 27 30 30 30 30 
  INPUT ---       27 30 30 30 30 ;
  INPUT ---        30 30 30 30 30 30 30 30 30 30 30 30 30 30 30 30 30 30 30 
  INPUT ---       30 30 30 30 ;
  INPUT ---        30 30 30 30 30 30 30 30 30 30 30 30 30 30 30 30 30 30 30 
  INPUT ---       30 30 30 ;
  INPUT ---        30 30 30 30 30 30 30 30 30 30 30 30 30 30 30 30 30 30 30 
  INPUT ---       30 30 ;
  INPUT ---        30 30 30 30 30 30 30 30 30 30 30 30 30 30 30 30 30 30 30 
  INPUT ---       30 ;
  INPUT ---        30 30 30 30 27 30 30 30 30 27 30 30 30 30 27 30 30 30 30 ;
  INPUT ---        30 30 30 30 30 30 30 30 30 30 30 30 30 30 30 30 30 30 ;
  INPUT ---        30 30 30 30 30 30 30 30 30 30 30 30 30 30 30 30 30 ;
  INPUT ---        30 30 30 30 30 30 30 30 30 30 30 30 30 30 30 30 ;
  INPUT ---        30 30 30 30 30 30 30 30 30 30 30 30 30 30 30 ;

  Program  MARK  - Survival Rate Estimation with Capture-Recapture Data
   gfortran(Win64) Vers. 8.1 Mar 2016    5-Aug-2016 15:43:30    Page  004
 - - - - - - - - - - - - - - - - - - - - - - - - - - - - - - - - - - - - - -
 
  INPUT ---        30 30 30 30 27 30 30 30 30 27 30 30 30 30 ;
  INPUT ---        30 30 30 30 30 30 30 30 30 30 30 30 30 ;
  INPUT ---        30 30 30 30 30 30 30 30 30 30 30 30 ;
  INPUT ---        30 30 30 30 30 30 30 30 30 30 30 ;
  INPUT ---        30 30 30 30 30 30 30 30 30 30 ;
  INPUT ---        30 30 30 30 27 30 30 30 30 ;
  INPUT ---        30 30 30 30 30 30 30 30 ;
  INPUT ---        30 30 30 30 30 30 30 ;
  INPUT ---        30 30 30 30 30 30 ;
  INPUT ---        30 30 30 30 30 ;
  INPUT ---        30 30 30 30 ;
  INPUT ---        30 30 30 ;
  INPUT ---        30 30 ;
  INPUT ---        30 ;

  INPUT ---    group=1 Gamma'    rows=28 cols=28 Triang ;
  INPUT ---        30 30 30 28 30 30 30 30 28 30 30 30 30 28 30 30 30 30 28 
  INPUT ---       30 30 30 30 28 30 30 30 30 ;
  INPUT ---        30 30 30 30 30 30 30 30 30 30 30 30 30 30 30 30 30 30 30 
  INPUT ---       30 30 30 30 30 30 30 30 ;
  INPUT ---        30 30 30 30 30 30 30 30 30 30 30 30 30 30 30 30 30 30 30 
  INPUT ---       30 30 30 30 30 30 30 ;
  INPUT ---        30 30 30 30 30 30 30 30 30 30 30 30 30 30 30 30 30 30 30 
  INPUT ---       30 30 30 30 30 30 ;
  INPUT ---        30 30 30 30 30 30 30 30 30 30 30 30 30 30 30 30 30 30 30 
  INPUT ---       30 30 30 30 30 ;
  INPUT ---        30 30 30 28 30 30 30 30 28 30 30 30 30 28 30 30 30 30 28 
  INPUT ---       30 30 30 30 ;
  INPUT ---        30 30 30 30 30 30 30 30 30 30 30 30 30 30 30 30 30 30 30 
  INPUT ---       30 30 30 ;
  INPUT ---        30 30 30 30 30 30 30 30 30 30 30 30 30 30 30 30 30 30 30 
  INPUT ---       30 30 ;
  INPUT ---        30 30 30 30 30 30 30 30 30 30 30 30 30 30 30 30 30 30 30 
  INPUT ---       30 ;
  INPUT ---        30 30 30 30 30 30 30 30 30 30 30 30 30 30 30 30 30 30 30 ;
  INPUT ---        30 30 30 28 30 30 30 30 28 30 30 30 30 28 30 30 30 30 ;
  INPUT ---        30 30 30 30 30 30 30 30 30 30 30 30 30 30 30 30 30 ;
  INPUT ---        30 30 30 30 30 30 30 30 30 30 30 30 30 30 30 30 ;
  INPUT ---        30 30 30 30 30 30 30 30 30 30 30 30 30 30 30 ;
  INPUT ---        30 30 30 30 30 30 30 30 30 30 30 30 30 30 ;
  INPUT ---        30 30 30 28 30 30 30 30 28 30 30 30 30 ;
  INPUT ---        30 30 30 30 30 30 30 30 30 30 30 30 ;
  INPUT ---        30 30 30 30 30 30 30 30 30 30 30 ;
  INPUT ---        30 30 30 30 30 30 30 30 30 30 ;
  INPUT ---        30 30 30 30 30 30 30 30 30 ;
  INPUT ---        30 30 30 28 30 30 30 30 ;

  Program  MARK  - Survival Rate Estimation with Capture-Recapture Data
   gfortran(Win64) Vers. 8.1 Mar 2016    5-Aug-2016 15:43:30    Page  005
 - - - - - - - - - - - - - - - - - - - - - - - - - - - - - - - - - - - - - -
 
  INPUT ---        30 30 30 30 30 30 30 ;
  INPUT ---        30 30 30 30 30 30 ;
  INPUT ---        30 30 30 30 30 ;
  INPUT ---        30 30 30 30 ;
  INPUT ---        30 30 30 ;
  INPUT ---        30 30 ;
  INPUT ---        30 ;

  INPUT ---    initial  0.8492118 0 0 -0.3123225 3.139572 0 0 0 0 0 
  INPUT ---    2.0066797 -2.9445172 17.724958  ;

  INPUT ---    design matrix constraints=30 covariates=13;
  INPUT ---        1 sex 96 0 0 0 0 0 0 0 0 0 0;
  INPUT ---        1 sex 114 0 0 0 0 0 0 0 0 0 0;
  INPUT ---        1 sex 120 0 0 0 0 0 0 0 0 0 0;
  INPUT ---        1 sex 115 0 0 0 0 0 0 0 0 0 0;
  INPUT ---        1 sex 126 0 0 0 0 0 0 0 0 0 0;
  INPUT ---        1 sex 139 0 0 0 0 0 0 0 0 0 0;
  INPUT ---        1 sex 168 0 0 0 0 0 0 0 0 0 0;
  INPUT ---        1 sex 180 0 0 0 0 0 0 0 0 0 0;
  INPUT ---        1 sex 174 0 0 0 0 0 0 0 0 0 0;
  INPUT ---        1 sex 173 0 0 0 0 0 0 0 0 0 0;
  INPUT ---        1 sex 166 0 0 0 0 0 0 0 0 0 0;
  INPUT ---        1 sex 172 0 0 0 0 0 0 0 0 0 0;
  INPUT ---        1 sex 171 0 0 0 0 0 0 0 0 0 0;
  INPUT ---        1 sex 151 0 0 0 0 0 0 0 0 0 0;
  INPUT ---        1 sex 192 0 0 0 0 0 0 0 0 0 0;
  INPUT ---        1 sex 185 0 0 0 0 0 0 0 0 0 0;
  INPUT ---        1 sex 198 0 0 0 0 0 0 0 0 0 0;
  INPUT ---        1 sex 195 0 0 0 0 0 0 0 0 0 0;
  INPUT ---        0 0 0 1 0 0 0 0 0 0 0 0 0;
  INPUT ---        0 0 0 0 1 0 0 0 0 0 0 0 0;
  INPUT ---        0 0 0 0 1 1 0 0 0 0 0 0 0;
  INPUT ---        0 0 0 0 1 0 1 0 0 0 0 0 0;
  INPUT ---        0 0 0 0 1 0 0 1 0 0 0 0 0;
  INPUT ---        0 0 0 0 1 0 0 0 1 0 0 0 0;
  INPUT ---        0 0 0 0 1 0 0 0 0 1 0 0 0;
  INPUT ---        0 0 0 0 0 0 0 0 0 0 1 0 0;
  INPUT ---        0 0 0 0 0 0 0 0 0 0 0 1 0;
  INPUT ---        0 0 0 0 0 0 0 0 0 0 0 0 1;
  INPUT ---        0 0 0 0 0 0 0 0 0 0 0 0 0;
  INPUT ---        0 0 0 0 0 0 0 0 0 0 0 0 0;

  INPUT ---    links=30;

  INPUT ---    Log;

  Program  MARK  - Survival Rate Estimation with Capture-Recapture Data
   gfortran(Win64) Vers. 8.1 Mar 2016    5-Aug-2016 15:43:30    Page  006
 - - - - - - - - - - - - - - - - - - - - - - - - - - - - - - - - - - - - - -
 

  INPUT ---    Log;

  INPUT ---    Log;

  INPUT ---    Log;

  INPUT ---    Log;

  INPUT ---    Log;

  INPUT ---    Log;

  INPUT ---    Log;

  INPUT ---    Log;

  INPUT ---    Log;

  INPUT ---    Log;

  INPUT ---    Log;

  INPUT ---    Log;

  INPUT ---    Log;

  INPUT ---    Log;

  INPUT ---    Log;

  INPUT ---    Log;

  INPUT ---    Log;

  INPUT ---    Log;

  INPUT ---    Log;

  INPUT ---    Log;

  INPUT ---    Log;

  INPUT ---    Log;

  INPUT ---    Log;

  Program  MARK  - Survival Rate Estimation with Capture-Recapture Data
   gfortran(Win64) Vers. 8.1 Mar 2016    5-Aug-2016 15:43:30    Page  007
 - - - - - - - - - - - - - - - - - - - - - - - - - - - - - - - - - - - - - -
 

  INPUT ---    Log;

  INPUT ---    Logit;

  INPUT ---    Logit;

  INPUT ---    Logit;

  INPUT ---    Logit;

  INPUT ---    Logit;
  INPUT ---       blabel(1)=alpha:(Intercept);
  INPUT ---       blabel(2)=alpha:sex;
  INPUT ---       blabel(3)=alpha:effort.trapdays;
  INPUT ---       blabel(4)=sigma:(Intercept);
  INPUT ---       blabel(5)=U:(Intercept);
  INPUT ---       blabel(6)=U:sample_monthB;
  INPUT ---       blabel(7)=U:sample_monthC;
  INPUT ---       blabel(8)=U:sample_monthD;
  INPUT ---       blabel(9)=U:sample_monthE;
  INPUT ---       blabel(10)=U:sample_monthF;
  INPUT ---       blabel(11)=Phi:(Intercept);
  INPUT ---       blabel(12)=GammaDoublePrime:(Intercept);
  INPUT ---       blabel(13)=GammaPrime:(Intercept);
  INPUT ---       rlabel(1)=alpha g1 a0 t1;
  INPUT ---       rlabel(2)=alpha g1 a0.4 t1.4;
  INPUT ---       rlabel(3)=alpha g1 a0.6 t1.6;
  INPUT ---       rlabel(4)=alpha g1 a0.8 t1.8;
  INPUT ---       rlabel(5)=alpha g1 a2.8 t3.8;
  INPUT ---       rlabel(6)=alpha g1 a6.1 t7.1;
  INPUT ---       rlabel(7)=alpha g1 a6.3 t7.3;
  INPUT ---       rlabel(8)=alpha g1 a6.5 t7.5;
  INPUT ---       rlabel(9)=alpha g1 a6.7 t7.7;
  INPUT ---       rlabel(10)=alpha g1 a6.9 t7.9;
  INPUT ---       rlabel(11)=alpha g1 a9.567 t10.567;
  INPUT ---       rlabel(12)=alpha g1 a9.767 t10.767;
  INPUT ---       rlabel(13)=alpha g1 a10.167 t11.167;
  INPUT ---       rlabel(14)=alpha g1 a10.367 t11.367;
  INPUT ---       rlabel(15)=alpha g1 a12.134 t13.134;
  INPUT ---       rlabel(16)=alpha g1 a12.334 t13.334;
  INPUT ---       rlabel(17)=alpha g1 a12.534 t13.534;
  INPUT ---       rlabel(18)=alpha g1 a12.934 t13.934;
  INPUT ---       rlabel(19)=sigma g1 a0 t1;
  INPUT ---       rlabel(20)=U g1 a0 t1;
  INPUT ---       rlabel(21)=U g1 a2.8 t3.8;

  Program  MARK  - Survival Rate Estimation with Capture-Recapture Data
   gfortran(Win64) Vers. 8.1 Mar 2016    5-Aug-2016 15:43:30    Page  008
 - - - - - - - - - - - - - - - - - - - - - - - - - - - - - - - - - - - - - -
 
  INPUT ---       rlabel(22)=U g1 a6.1 t7.1;
  INPUT ---       rlabel(23)=U g1 a9.567 t10.567;
  INPUT ---       rlabel(24)=U g1 a12.134 t13.134;
  INPUT ---       rlabel(25)=U g1 a16.101 t17.101;
  INPUT ---       rlabel(26)=Phi g1 c1 a0.8 t1.8;
  INPUT ---       rlabel(27)=Gamma'' g1 c1 a0.8 t1.8;
  INPUT ---       rlabel(28)=Gamma' g1 c1 a0.8 t1.8;
  INPUT ---       rlabel(29)=Phi g1 c1 a0 t1;
  INPUT ---       rlabel(30)=Gamma'' g1 c1 a0 t1;

 Link Function Used is PARM-SPECIFIC

 Variance Estimation Procedure Used is 2ndPart 

 M(t+1):
 Group=Group 1                                                                         
       3      3      3      2      3      5      5      5      2      5      5
       4      4      4      4     10      7      7      7      5      5      5
       5      3      4      5      5      5      4      5


 -2logL(saturated) = -0.0000000    
 Effective Sample Size = 169
 Results from first iteration:
  -2logL Initial { alpha(~1 + sex + effort.trapdays)sigma(~1)U(~sample_month)Phi(~1)Gamma''(~1)Gamma'(~1) } = 1138.4459     
  Penalty Initial { alpha(~1 + sex + effort.trapdays)sigma(~1)U(~sample_month)Phi(~1)Gamma''(~1)Gamma'(~1) } = -0.0000000    

 Number of function evaluations was 33 for 13 parameters.
 Time for numerical optimization was 2.94 seconds.
 -2logL { alpha(~1 + sex + effort.trapdays)sigma(~1)U(~sample_month)Phi(~1)Gamma''(~1)Gamma'(~1) } = 1086.0692     
 Penalty { alpha(~1 + sex + effort.trapdays)sigma(~1)U(~sample_month)Phi(~1)Gamma''(~1)Gamma'(~1) } = -0.0000000    

   * *  WARNING  * *   Numerical underflow occurred during optimization of this model. 
     IEEE flag status at end of optimization:
     overflow       F
     divide by zero F
     invalid        F
     underflow      T
     inexact        T

 Gradient { alpha(~1 + sex + effort.trapdays)sigma(~1)U(~sample_month)Phi(~1)Gamma''(~1)Gamma'(~1) }:
 -0.4324918E-03-0.7732054E-03-0.7824955E-03 0.4770097E-03  0.000000    
 -0.1572399E-04-0.1396678E-04 0.2431312E-04-0.4775056E-04 0.2637404E-04
  0.1814960E-03 0.5764432E-05  0.000000    
 S Vector { alpha(~1 + sex + effort.trapdays)sigma(~1)U(~sample_month)Phi(~1)Gamma''(~1)Gamma'(~1) }:
   4700.508      334.8828      264.1908      239.7333      223.0382    
   175.8892      68.04638      26.21954      13.52467      6.136734    
   3.597675     0.9500003     0.2702012E-08
 Time to compute number of parameters was 1.64 seconds.
   Threshold =  0.2800000E-06     Condition index =  0.5748340E-12     New Threshold =  0.9742242E-08
 New Guessimate of Estimated Parameters { alpha(~1 + sex + effort.trapdays)sigma(~1)U(~sample_month)Phi(~1)Gamma''(~1)Gamma'(~1) } = 12          
 Conditioned S Vector { alpha(~1 + sex + effort.trapdays)sigma(~1)U(~sample_month)Phi(~1)Gamma''(~1)Gamma'(~1) }:
   1.000000     0.7124397E-01 0.5620473E-01 0.5100156E-01 0.4744981E-01
  0.3741919E-01 0.1447639E-01 0.5578022E-02 0.2877278E-02 0.1305547E-02
  0.7653800E-03 0.2021059E-03 0.5748340E-12
 Number of Estimated Parameters { alpha(~1 + sex + effort.trapdays)sigma(~1)U(~sample_month)Phi(~1)Gamma''(~1)Gamma'(~1) } = 12          
 DEVIANCE { alpha(~1 + sex + effort.trapdays)sigma(~1)U(~sample_month)Phi(~1)Gamma''(~1)Gamma'(~1) } = 1086.0692                     
 DEVIANCE Degrees of Freedom { alpha(~1 + sex + effort.trapdays)sigma(~1)U(~sample_month)Phi(~1)Gamma''(~1)Gamma'(~1) } = 2            
 c-hat { alpha(~1 + sex + effort.trapdays)sigma(~1)U(~sample_month)Phi(~1)Gamma''(~1)Gamma'(~1) } = 543.03458                     
 AIC { alpha(~1 + sex + effort.trapdays)sigma(~1)U(~sample_month)Phi(~1)Gamma''(~1)Gamma'(~1) } = 1110.0692                  
 AICc { alpha(~1 + sex + effort.trapdays)sigma(~1)U(~sample_month)Phi(~1)Gamma''(~1)Gamma'(~1) } = 1112.0692                    
 BIC { alpha(~1 + sex + effort.trapdays)sigma(~1)U(~sample_month)Phi(~1)Gamma''(~1)Gamma'(~1) } = 1147.6280                    
 Pearson Chisquare { alpha(~1 + sex + effort.trapdays)sigma(~1)U(~sample_month)Phi(~1)Gamma''(~1)Gamma'(~1) } = 0.5680094E+035             

  Program  MARK  - Survival Rate Estimation with Capture-Recapture Data
   gfortran(Win64) Vers. 8.1 Mar 2016    5-Aug-2016 15:43:33    Page  009
 - - - - - - - - - - - - - - - - - - - - - - - - - - - - - - - - - - - - - -
 

   * *  WARNING  * *   Numerical underflow occurred during variance-covariance calculation of this model. 
     IEEE flag status at end of variance-covariance calculation:
     overflow       F
     divide by zero F
     invalid        F
     underflow      T
     inexact        T



 PARM-SPECIFIC Link Function Parameters of { alpha(~1 + sex + effort.trapdays)sigma(~1)U(~sample_month)Phi(~1)Gamma''(~1)Gamma'(~1) }
                                                              95% Confidence Interval
 Parameter                    Beta         Standard Error      Lower           Upper
 -------------------------  --------------  --------------  --------------  --------------
    1:alpha:(Intercept)     0.8926262       0.3408107       0.2246372       1.5606152     
    2:alpha:sex             0.3527052       0.2000450       -0.0393830      0.7447934     
    3:alpha:effort.trapday  -0.0012600      0.0016903       -0.0045730      0.0020531     
    4:sigma:(Intercept)     -0.6206599      0.1150728       -0.8462025      -0.3951173    
    5:U:(Intercept)         2.5247136       0.1436506       2.2431584       2.8062688     
    6:U:sample_monthB       0.4460304       0.1287310       0.1937177       0.6983431     
    7:U:sample_monthC       0.6279607       0.1479840       0.3379121       0.9180093     
    8:U:sample_monthD       0.8703783       0.1484270       0.5794613       1.1612952     
    9:U:sample_monthE       0.4285089       0.1762290       0.0831001       0.7739177     
   10:U:sample_monthF       0.7242231       0.1800949       0.3712372       1.0772091     
   11:Phi:(Intercept)       2.0066600       0.4036745       1.2154579       2.7978621     
   12:GammaDoublePrime:(In  -2.9444244      1.0259782       -4.9553417      -0.9335072    
   13:GammaPrime:(Intercep  17.724958       0.0000000       17.724958       17.724958     


 Real Function Parameters of { alpha(~1 + sex + effort.trapdays)sigma(~1)U(~sample_month)Phi(~1)Gamma''(~1)Gamma'(~1) }

      Following estimates based on unstandardized individual covariate values:
          Variable   Value         
          ---------  ------------- 
          SEX        0.8461538     
                                                               95% Confidence Interval
  Parameter                  Estimate       Standard Error      Lower           Upper
 --------------------------  --------------  --------------  --------------  --------------
     1:alpha g1 a0 t1        2.9157076       0.3951000       2.2383192       3.7980958                           
     2:alpha g1 a0.4 t1.4    2.8503255       0.3183297       2.2915186       3.5454024                           
     3:alpha g1 a0.6 t1.6    2.8288589       0.2956279       2.3061996       3.4699696                           
     4:alpha g1 a0.8 t1.8    2.8467365       0.3144315       2.2941002       3.5324998                           
     5:alpha g1 a2.8 t3.8    2.8075540       0.2747271       2.3186355       3.3995681                           
     6:alpha g1 a6.1 t7.1    2.7619421       0.2370231       2.3350661       3.2668559                           
     7:alpha g1 a6.3 t7.3    2.6628452       0.2047732       2.2907814       3.0953387                           
     8:alpha g1 a6.5 t7.5    2.6228869       0.2149966       2.2342026       3.0791907                           

  Program  MARK  - Survival Rate Estimation with Capture-Recapture Data
   gfortran(Win64) Vers. 8.1 Mar 2016    5-Aug-2016 15:43:33    Page  010
 - - - - - - - - - - - - - - - - - - - - - - - - - - - - - - - - - - - - - -
 
     9:alpha g1 a6.7 t7.7    2.6427905       0.2083191       2.2650044       3.0835886                           
    10:alpha g1 a6.9 t7.9    2.6461224       0.2075004       2.2696688       3.0850158                           
    11:alpha g1 a9.567 t10.  2.6695638       0.2043465       2.2981454       3.1010095                           
    12:alpha g1 a9.767 t10.  2.6494586       0.2067707       2.2741899       3.0866511                           
    13:alpha g1 a10.167 t11  2.6527989       0.2061316       2.2785645       3.0884980                           
    14:alpha g1 a10.367 t11  2.7204969       0.2138896       2.3325304       3.1729933                           
    15:alpha g1 a12.134 t13  2.5835283       0.2360395       2.1607516       3.0890264                           
    16:alpha g1 a12.334 t13  2.6064152       0.2226529       2.2052637       3.0805385                           
    17:alpha g1 a12.534 t13  2.5640710       0.2495192       2.1197766       3.1014873                           
    18:alpha g1 a12.934 t13  2.5737813       0.2425764       2.1405361       3.0947155                           
    19:sigma g1 a0 t1        0.5375896       0.0618619       0.4293593       0.6731019                           
    20:U g1 a0 t1            12.487318       1.7938110       9.4365916       16.524305                           
    21:U g1 a2.8 t3.8        19.506426       2.3361536       15.438172       24.646743                           
    22:U g1 a6.1 t7.1        23.398556       1.9540876       19.871227       27.552018                           
    23:U g1 a9.567 t10.567   29.817392       2.3090883       25.624126       34.696865                           
    24:U g1 a12.134 t13.134  19.167621       1.7680520       16.003569       22.957236                           
    25:U g1 a16.101 t17.101  25.762932       2.5016812       21.307506       31.149992                           
    26:Phi g1 c1 a0.8 t1.8   0.8814946       0.0421686       0.7712632       0.9425602                           
    27:Gamma'' g1 c1 a0.8 t  0.0500007       0.0487346       0.0069964       0.2822137                           
    28:Gamma' g1 c1 a0.8 t1  1.0000000       0.0000000       1.0000000       1.0000000                           
    29:Phi g1 c1 a0 t1       1.0000000       0.0000000       1.0000000       1.0000000       Fixed               
    30:Gamma'' g1 c1 a0 t1   0.0000000       0.0000000       0.0000000       0.0000000       Fixed               

  Program  MARK  - Survival Rate Estimation with Capture-Recapture Data
   gfortran(Win64) Vers. 8.1 Mar 2016    5-Aug-2016 15:43:33    Page  011
 - - - - - - - - - - - - - - - - - - - - - - - - - - - - - - - - - - - - - -
 


                      Estimates of Derived Parameters
 Population Estimates of { alpha(~1 + sex + effort.trapdays)sigma(~1)U(~sample_month)Phi(~1)Gamma''(~1)Gamma'(~1) }
                                                95% Confidence Interval
 Grp. Occ.   N-hat           Standard Error      Lower           Upper
 ---- ----   --------------  --------------  --------------  --------------
   1     1   15.487318       1.7938119       12.351299       19.419579     
   1     2   15.487318       1.7938119       12.351299       19.419579     
   1     3   15.487318       1.7938119       12.351299       19.419579     
   1     4   14.686237       1.8240580       11.523705       18.716686     
   1     5   15.487318       1.7938119       12.351299       19.419579     
   1     6   24.506426       2.3361545       20.338475       29.528512     
   1     7   24.506426       2.3361545       20.338475       29.528512     
   1     8   24.506426       2.3361545       20.338475       29.528512     
   1     9   21.691432       2.3691432       17.522399       26.852386     
   1    10   24.506426       2.3361545       20.338475       29.528512     
   1    11   28.903530       2.0079481       25.228266       33.114207     
   1    12   27.835937       1.9996984       24.184335       32.038895     
   1    13   27.849344       2.0012538       24.194979       32.055658     
   1    14   27.842601       2.0004500       24.189663       32.047179     
   1    15   27.841485       2.0003212       24.188775       32.045785     
   1    16   37.756641       2.4262759       33.292753       42.819046     
   1    17   37.674639       2.4061148       33.246114       42.693064     
   1    18   37.756641       2.4262759       33.292753       42.819046     
   1    19   37.672553       2.4057899       33.244603       42.690275     
   1    20   35.509555       2.3992164       31.109849       40.531490     
   1    21   23.729668       1.8393784       20.389628       27.616842     
   1    22   24.830944       1.8462896       21.467858       28.720880     
   1    23   24.753794       1.8480371       21.388531       28.648545     
   1    24   22.524444       1.8157980       19.237325       26.373240     
   1    25   23.733647       1.8422019       20.388831       27.627184     
   1    26   31.340412       2.5855268       26.668580       36.830662     
   1    27   31.340412       2.5855268       26.668580       36.830662     
   1    28   31.349104       2.5925394       26.665531       36.855306     
   1    29   30.221670       2.5738393       25.583218       35.701111     
   1    30   31.349104       2.5925394       26.665531       36.855306     
 Mean Resighting Rate Estimates of { alpha(~1 + sex + effort.trapdays)sigma(~1)U(~sample_month)Phi(~1)Gamma''(~1)Gamma'(~1) }
                                                95% Confidence Interval
 Grp. Occ.   Lambda-hat      Standard Error      Lower           Upper
 ---- ----   --------------  --------------  --------------  --------------
   1     1   3.3689928       0.4313382       2.6239763       4.3255392     
   1     2   3.3689928       0.4313382       2.6239763       4.3255392     
   1     3   3.2934461       0.3357682       2.6983163       4.0198353     
   1     4   3.2686423       0.3067288       2.7205977       3.9270864     
   1     5   3.2892991       0.3308148       2.7021482       4.0040322     
   1     6   3.2440252       0.2795075       2.7408062       3.8396365     
   1     7   3.2440252       0.2795075       2.7408062       3.8396365     
   1     8   3.2440252       0.2795075       2.7408062       3.8396365     
   1     9   3.2934461       0.3357682       2.6983163       4.0198353     

  Program  MARK  - Survival Rate Estimation with Capture-Recapture Data
   gfortran(Win64) Vers. 8.1 Mar 2016    5-Aug-2016 15:43:33    Page  012
 - - - - - - - - - - - - - - - - - - - - - - - - - - - - - - - - - - - - - -
 
   1    10   3.2440252       0.2795075       2.7408062       3.8396365     
   1    11   3.5516215       0.2350682       3.1199629       4.0430017     
   1    12   3.3003378       0.1861059       2.9552646       3.6857035     
   1    13   3.4762643       0.2057217       3.0958696       3.9033987     
   1    14   3.7231403       0.1996383       3.3519619       4.1354209     
   1    15   3.9503913       0.2024502       3.5731020       4.3675191     
   1    16   3.5957496       0.1904414       3.2414405       3.9887869     
   1    17   3.9544825       0.2012748       3.5792541       4.3690476     
   1    18   3.8513331       0.1949539       3.4877887       4.2527711     
   1    19   3.7033305       0.1956036       3.3393654       4.1069650     
   1    20   3.6822456       0.2049508       3.3019563       4.1063330     
   1    21   4.3176818       0.2556857       3.8449183       4.8485753     
   1    22   3.3676294       0.2153709       2.9712671       3.8168657     
   1    23   3.3174405       0.2537282       2.8562374       3.8531151     
   1    24   3.5539411       0.2590697       3.0813548       4.0990078     
   1    25   4.7491296       0.2756175       4.2389162       5.3207544     
   1    26   3.3405078       0.2347188       2.9112254       3.8330911     
   1    27   2.9851718       0.2272788       2.5719039       3.4648459     
   1    28   3.4948159       0.2577304       3.0250679       4.0375088     
   1    29   3.6278475       0.2607474       3.1517195       4.1759039     
   1    30   3.4948159       0.2577304       3.0250679       4.0375088     
 Pr(Captured 1 or more times) of { alpha(~1 + sex + effort.trapdays)sigma(~1)U(~sample_month)Phi(~1)Gamma''(~1)Gamma'(~1) }
                                                95% Confidence Interval
 Grp. Occ.      p*-hat       Standard Error      Lower           Upper
 ---- ----   --------------  --------------  --------------  --------------
   1     1   0.3053334       0.0082674       0.2893744       0.3217739     
   1     2   0.3053334       0.0082674       0.2893744       0.3217739     
   1     3   0.3041043       0.0073874       0.2898220       0.3187744     
   1     4   0.4547689       0.0107722       0.4337490       0.4759513     
   1     5   0.3040349       0.0073428       0.2898378       0.3186155     
   1     6   0.1822050       0.0041204       0.1742676       0.1904205     
   1     7   0.1822050       0.0041204       0.1742676       0.1904205     
   1     8   0.1822050       0.0041204       0.1742676       0.1904205     
   1     9   0.4576646       0.0109574       0.4362797       0.4792067     
   1    10   0.1822050       0.0041204       0.1742676       0.1904205     
   1    11   0.1866444       0.0030343       0.1807700       0.1926647     
   1    12   0.2297609       0.0041253       0.2217753       0.2379461     
   1    13   0.2328748       0.0037425       0.2256201       0.2402904     
   1    14   0.2360985       0.0031347       0.2300099       0.2422976     
   1    15   0.2385685       0.0026936       0.2333292       0.2438881     
   1    16   0.1325590       0.0021523       0.1283972       0.1368346     
   1    17   0.1355922       0.0016418       0.1324063       0.1388425     
   1    18   0.1339873       0.0020435       0.1300324       0.1380434     
   1    19   0.1338612       0.0019208       0.1301411       0.1376709     
   1    20   0.1844942       0.0036910       0.1773692       0.1918386     
   1    21   0.2402989       0.0025804       0.2352778       0.2453927     
   1    22   0.1827125       0.0036236       0.1757172       0.1899221     
   1    23   0.1846325       0.0035905       0.1776986       0.1917739     
   1    24   0.3121994       0.0051239       0.3022458       0.3223293     
   1    25   0.2428681       0.0021401       0.2386982       0.2470872     

  Program  MARK  - Survival Rate Estimation with Capture-Recapture Data
   gfortran(Win64) Vers. 8.1 Mar 2016    5-Aug-2016 15:43:33    Page  013
 - - - - - - - - - - - - - - - - - - - - - - - - - - - - - - - - - - - - - -
 
   1    26   0.1848460       0.0034294       0.1782187       0.1916622     
   1    27   0.1792924       0.0043584       0.1709085       0.1879944     
   1    28   0.1868356       0.0031854       0.1806723       0.1931596     
   1    29   0.2356524       0.0036232       0.2286251       0.2428277     
   1    30   0.1868356       0.0031854       0.1806723       0.1931596     

 Attempted ordering of parameters by estimatibility:
   1  5  8 10  7  9  4  6  2 11  3 12 13
 Beta number 13 is a singular value.

     CPU Time in seconds for last procedure was 4.77


  INPUT --- proc stop;

   * *  WARNING  * *   Numerical underflow occurred during final processing of this model. 
     IEEE flag status at final processing of this model:
     overflow       F
     divide by zero F
     invalid        F
     underflow      T
     inexact        T


     CPU Time in minutes for this job was 0.08

     Time Start = 15:43:30.529   Time End = 15:43:33.890

     Wall Clock Time in minutes for this job was 0.06


          E X E C U T I O N   S U C C E S S F U L 
