
   Program  MARK  - Survival Rate Estimation with Capture-Recapture Data
   gfortran(Win64) Vers. 8.1 Mar 2016    5-Aug-2016 15:46:31    Page  001
 - - - - - - - - - - - - - - - - - - - - - - - - - - - - - - - - - - - - - -
 
   This version was compiled by GCC version 5.3.0 using the options: 
     -cpp -iprefix c:\tdm-gcc-64\gcc\bin\../lib/gcc/x86_64-w64-mingw32/5.3.0/ -D_MT
     -U_REENTRANT -D IEEE -m64 -mtune=generic -march=x86-64 -mthreads -O2
     -fimplicit-none -fbounds-check -funroll-loops -ftree-vectorize
     -ffpe-summary=invalid,zero,overflow,underflow -fno-unsafe-math-optimizations
     -frounding-math -fsignaling-nans -fopenmp.

   This problem will use 3 of 4 possible threads.


  INPUT --- proc title ;

     CPU Time in seconds for last procedure was 0.00


  INPUT --- proc chmatrix occasions= 30 groups= 1 etype= PoissonMR 
  INPUT --- icovar = 2 ICMeans NoHist  hist= 14 ;

  INPUT ---    time interval 0.2 0.2 0.2 0.2 2 0.2 0.2 0.2 0.2 2.5 0.2 0.2 
  INPUT ---    0.2 0.2 2.667 0.2 0.2 0.2  0.2 1.767 0.2 0.2 0.2 0.2 3.167 
  INPUT ---    0.2 0.2 0.2 0.2 ;

  INPUT ---     icovariates captive sex ;

  INPUT ---    glabel(1)=Group 1;

      Number of unique encounter histories read was 14.

      Number of individual covariates read was 2.
      Time interval lengths vary and/or not equal to 1.

      Data type number is 115
      Data type is Poisson Mark Resight with Robust Design                                                             

     CPU Time in seconds for last procedure was 0.00

  Program  MARK  - Survival Rate Estimation with Capture-Recapture Data
   gfortran(Win64) Vers. 8.1 Mar 2016    5-Aug-2016 15:46:31    Page  002
 - - - - - - - - - - - - - - - - - - - - - - - - - - - - - - - - - - - - - -
 


  INPUT --- proc estimate link=Parm-Specific NOLOOP varest=2ndPart    ;


  INPUT --- model={ alpha(~1 + captive + sex + effort.trapdays + 
  INPUT --- recordloss.agout.total)sigma(~1)U(~sample_month)Phi(~1)Gamma
  INPUT --- ''(~1)Gamma'(~1) };

  INPUT ---    fixed=2;
  INPUT ---        parm(41)=1 ;
  INPUT ---        parm(42)=0 ;

  INPUT ---    group=1 alpha    rows=1 cols=30 Square ;
  INPUT ---        1 2 3 4 5 6 7 8 9 10 11 12 13 14 15 16 17 18 19 20 21 22 
  INPUT ---       23 24 25 26 27 28 29 30 ;

  INPUT ---    group=1 sigma    rows=1 cols=30 Square ;
  INPUT ---        31 31 31 31 31 31 31 31 31 31 31 31 31 31 31 31 31 31 31 
  INPUT ---       31 31 31 31 31 31 31 31 31 31 31 ;

  INPUT ---    group=1 U    rows=1 cols=30 Square ;
  INPUT ---        32 32 32 32 32 33 33 33 33 33 34 34 34 34 34 35 35 35 35 
  INPUT ---       35 36 36 36 36 36 37 37 37 37 37 ;

  INPUT ---    group=1 Phi    rows=29 cols=29 Triang ;
  INPUT ---        41 41 41 41 38 41 41 41 41 38 41 41 41 41 38 41 41 41 41 
  INPUT ---       38 41 41 41 41 38 41 41 41 41 ;
  INPUT ---        41 41 41 41 41 41 41 41 41 41 41 41 41 41 41 41 41 41 41 
  INPUT ---       41 41 41 41 41 41 41 41 41 ;
  INPUT ---        41 41 41 41 41 41 41 41 41 41 41 41 41 41 41 41 41 41 41 
  INPUT ---       41 41 41 41 41 41 41 41 ;
  INPUT ---        41 41 41 41 41 41 41 41 41 41 41 41 41 41 41 41 41 41 41 
  INPUT ---       41 41 41 41 41 41 41 ;
  INPUT ---        41 41 41 41 41 41 41 41 41 41 41 41 41 41 41 41 41 41 41 
  INPUT ---       41 41 41 41 41 41 ;
  INPUT ---        41 41 41 41 38 41 41 41 41 38 41 41 41 41 38 41 41 41 41 
  INPUT ---       38 41 41 41 41 ;
  INPUT ---        41 41 41 41 41 41 41 41 41 41 41 41 41 41 41 41 41 41 41 
  INPUT ---       41 41 41 41 ;
  INPUT ---        41 41 41 41 41 41 41 41 41 41 41 41 41 41 41 41 41 41 41 
  INPUT ---       41 41 41 ;
  INPUT ---        41 41 41 41 41 41 41 41 41 41 41 41 41 41 41 41 41 41 41 
  INPUT ---       41 41 ;
  INPUT ---        41 41 41 41 41 41 41 41 41 41 41 41 41 41 41 41 41 41 41 
  INPUT ---       41 ;

  Program  MARK  - Survival Rate Estimation with Capture-Recapture Data
   gfortran(Win64) Vers. 8.1 Mar 2016    5-Aug-2016 15:46:31    Page  003
 - - - - - - - - - - - - - - - - - - - - - - - - - - - - - - - - - - - - - -
 
  INPUT ---        41 41 41 41 38 41 41 41 41 38 41 41 41 41 38 41 41 41 41 ;
  INPUT ---        41 41 41 41 41 41 41 41 41 41 41 41 41 41 41 41 41 41 ;
  INPUT ---        41 41 41 41 41 41 41 41 41 41 41 41 41 41 41 41 41 ;
  INPUT ---        41 41 41 41 41 41 41 41 41 41 41 41 41 41 41 41 ;
  INPUT ---        41 41 41 41 41 41 41 41 41 41 41 41 41 41 41 ;
  INPUT ---        41 41 41 41 38 41 41 41 41 38 41 41 41 41 ;
  INPUT ---        41 41 41 41 41 41 41 41 41 41 41 41 41 ;
  INPUT ---        41 41 41 41 41 41 41 41 41 41 41 41 ;
  INPUT ---        41 41 41 41 41 41 41 41 41 41 41 ;
  INPUT ---        41 41 41 41 41 41 41 41 41 41 ;
  INPUT ---        41 41 41 41 38 41 41 41 41 ;
  INPUT ---        41 41 41 41 41 41 41 41 ;
  INPUT ---        41 41 41 41 41 41 41 ;
  INPUT ---        41 41 41 41 41 41 ;
  INPUT ---        41 41 41 41 41 ;
  INPUT ---        41 41 41 41 ;
  INPUT ---        41 41 41 ;
  INPUT ---        41 41 ;
  INPUT ---        41 ;

  INPUT ---    group=1 Gamma''    rows=29 cols=29 Triang ;
  INPUT ---        42 42 42 42 39 42 42 42 42 39 42 42 42 42 39 42 42 42 42 
  INPUT ---       39 42 42 42 42 39 42 42 42 42 ;
  INPUT ---        42 42 42 42 42 42 42 42 42 42 42 42 42 42 42 42 42 42 42 
  INPUT ---       42 42 42 42 42 42 42 42 42 ;
  INPUT ---        42 42 42 42 42 42 42 42 42 42 42 42 42 42 42 42 42 42 42 
  INPUT ---       42 42 42 42 42 42 42 42 ;
  INPUT ---        42 42 42 42 42 42 42 42 42 42 42 42 42 42 42 42 42 42 42 
  INPUT ---       42 42 42 42 42 42 42 ;
  INPUT ---        42 42 42 42 42 42 42 42 42 42 42 42 42 42 42 42 42 42 42 
  INPUT ---       42 42 42 42 42 42 ;
  INPUT ---        42 42 42 42 39 42 42 42 42 39 42 42 42 42 39 42 42 42 42 
  INPUT ---       39 42 42 42 42 ;
  INPUT ---        42 42 42 42 42 42 42 42 42 42 42 42 42 42 42 42 42 42 42 
  INPUT ---       42 42 42 42 ;
  INPUT ---        42 42 42 42 42 42 42 42 42 42 42 42 42 42 42 42 42 42 42 
  INPUT ---       42 42 42 ;
  INPUT ---        42 42 42 42 42 42 42 42 42 42 42 42 42 42 42 42 42 42 42 
  INPUT ---       42 42 ;
  INPUT ---        42 42 42 42 42 42 42 42 42 42 42 42 42 42 42 42 42 42 42 
  INPUT ---       42 ;
  INPUT ---        42 42 42 42 39 42 42 42 42 39 42 42 42 42 39 42 42 42 42 ;
  INPUT ---        42 42 42 42 42 42 42 42 42 42 42 42 42 42 42 42 42 42 ;
  INPUT ---        42 42 42 42 42 42 42 42 42 42 42 42 42 42 42 42 42 ;
  INPUT ---        42 42 42 42 42 42 42 42 42 42 42 42 42 42 42 42 ;
  INPUT ---        42 42 42 42 42 42 42 42 42 42 42 42 42 42 42 ;

  Program  MARK  - Survival Rate Estimation with Capture-Recapture Data
   gfortran(Win64) Vers. 8.1 Mar 2016    5-Aug-2016 15:46:31    Page  004
 - - - - - - - - - - - - - - - - - - - - - - - - - - - - - - - - - - - - - -
 
  INPUT ---        42 42 42 42 39 42 42 42 42 39 42 42 42 42 ;
  INPUT ---        42 42 42 42 42 42 42 42 42 42 42 42 42 ;
  INPUT ---        42 42 42 42 42 42 42 42 42 42 42 42 ;
  INPUT ---        42 42 42 42 42 42 42 42 42 42 42 ;
  INPUT ---        42 42 42 42 42 42 42 42 42 42 ;
  INPUT ---        42 42 42 42 39 42 42 42 42 ;
  INPUT ---        42 42 42 42 42 42 42 42 ;
  INPUT ---        42 42 42 42 42 42 42 ;
  INPUT ---        42 42 42 42 42 42 ;
  INPUT ---        42 42 42 42 42 ;
  INPUT ---        42 42 42 42 ;
  INPUT ---        42 42 42 ;
  INPUT ---        42 42 ;
  INPUT ---        42 ;

  INPUT ---    group=1 Gamma'    rows=28 cols=28 Triang ;
  INPUT ---        42 42 42 40 42 42 42 42 40 42 42 42 42 40 42 42 42 42 40 
  INPUT ---       42 42 42 42 40 42 42 42 42 ;
  INPUT ---        42 42 42 42 42 42 42 42 42 42 42 42 42 42 42 42 42 42 42 
  INPUT ---       42 42 42 42 42 42 42 42 ;
  INPUT ---        42 42 42 42 42 42 42 42 42 42 42 42 42 42 42 42 42 42 42 
  INPUT ---       42 42 42 42 42 42 42 ;
  INPUT ---        42 42 42 42 42 42 42 42 42 42 42 42 42 42 42 42 42 42 42 
  INPUT ---       42 42 42 42 42 42 ;
  INPUT ---        42 42 42 42 42 42 42 42 42 42 42 42 42 42 42 42 42 42 42 
  INPUT ---       42 42 42 42 42 ;
  INPUT ---        42 42 42 40 42 42 42 42 40 42 42 42 42 40 42 42 42 42 40 
  INPUT ---       42 42 42 42 ;
  INPUT ---        42 42 42 42 42 42 42 42 42 42 42 42 42 42 42 42 42 42 42 
  INPUT ---       42 42 42 ;
  INPUT ---        42 42 42 42 42 42 42 42 42 42 42 42 42 42 42 42 42 42 42 
  INPUT ---       42 42 ;
  INPUT ---        42 42 42 42 42 42 42 42 42 42 42 42 42 42 42 42 42 42 42 
  INPUT ---       42 ;
  INPUT ---        42 42 42 42 42 42 42 42 42 42 42 42 42 42 42 42 42 42 42 ;
  INPUT ---        42 42 42 40 42 42 42 42 40 42 42 42 42 40 42 42 42 42 ;
  INPUT ---        42 42 42 42 42 42 42 42 42 42 42 42 42 42 42 42 42 ;
  INPUT ---        42 42 42 42 42 42 42 42 42 42 42 42 42 42 42 42 ;
  INPUT ---        42 42 42 42 42 42 42 42 42 42 42 42 42 42 42 ;
  INPUT ---        42 42 42 42 42 42 42 42 42 42 42 42 42 42 ;
  INPUT ---        42 42 42 40 42 42 42 42 40 42 42 42 42 ;
  INPUT ---        42 42 42 42 42 42 42 42 42 42 42 42 ;
  INPUT ---        42 42 42 42 42 42 42 42 42 42 42 ;
  INPUT ---        42 42 42 42 42 42 42 42 42 42 ;
  INPUT ---        42 42 42 42 42 42 42 42 42 ;
  INPUT ---        42 42 42 40 42 42 42 42 ;

  Program  MARK  - Survival Rate Estimation with Capture-Recapture Data
   gfortran(Win64) Vers. 8.1 Mar 2016    5-Aug-2016 15:46:31    Page  005
 - - - - - - - - - - - - - - - - - - - - - - - - - - - - - - - - - - - - - -
 
  INPUT ---        42 42 42 42 42 42 42 ;
  INPUT ---        42 42 42 42 42 42 ;
  INPUT ---        42 42 42 42 42 ;
  INPUT ---        42 42 42 42 ;
  INPUT ---        42 42 42 ;
  INPUT ---        42 42 ;
  INPUT ---        42 ;

  INPUT ---    initial  0.8492118 0 0 0 0 -0.3123225 3.139572 0 0 0 0 0 
  INPUT ---    2.0066797 -2.9445172 17.724958  ;

  INPUT ---    design matrix constraints=42 covariates=15;
  INPUT ---        1 captive sex 96 0.186046511627907 0 0 0 0 0 0 0 0 0 0;
  INPUT ---        1 captive sex 96 0.127659574468085 0 0 0 0 0 0 0 0 0 0;
  INPUT ---        1 captive sex 114 0.08 0 0 0 0 0 0 0 0 0 0;
  INPUT ---        1 captive sex 120 0.166666666666667 0 0 0 0 0 0 0 0 0 0;
  INPUT ---        1 captive sex 115 0.169230769230769 0 0 0 0 0 0 0 0 0 0;
  INPUT ---        1 captive sex 126 0.0615384615384615 0 0 0 0 0 0 0 0 0 0;
  INPUT ---        1 captive sex 126 0.0776699029126214 0 0 0 0 0 0 0 0 0 0;
  INPUT ---        1 captive sex 126 0.170212765957447 0 0 0 0 0 0 0 0 0 0;
  INPUT ---        1 captive sex 114 0.0666666666666667 0 0 0 0 0 0 0 0 0 0;
  INPUT ---        1 captive sex 126 0.0894308943089431 0 0 0 0 0 0 0 0 0 0;
  INPUT ---        1 captive sex 139 0.08 0 0 0 0 0 0 0 0 0 0;
  INPUT ---        1 captive sex 168 0.135135135135135 0 0 0 0 0 0 0 0 0 0;
  INPUT ---        1 captive sex 180 0.213740458015267 0 0 0 0 0 0 0 0 0 0;
  INPUT ---        1 captive sex 174 0.0869565217391304 0 0 0 0 0 0 0 0 0 0;
  INPUT ---        1 captive sex 173 0.131428571428571 0 0 0 0 0 0 0 0 0 0;
  INPUT ---        1 captive sex 166 0.167441860465116 0 0 0 0 0 0 0 0 0 0;
  INPUT ---        1 captive sex 172 0.155 0 0 0 0 0 0 0 0 0 0;
  INPUT ---        1 captive sex 166 0.168831168831169 0 0 0 0 0 0 0 0 0 0;
  INPUT ---        1 captive sex 171 0.231182795698925 0 0 0 0 0 0 0 0 0 0;
  INPUT ---        1 captive sex 151 0.224489795918367 0 0 0 0 0 0 0 0 0 0;
  INPUT ---        1 captive sex 192 0.125827814569536 0 0 0 0 0 0 0 0 0 0;
  INPUT ---        1 captive sex 185 0.201612903225806 0 0 0 0 0 0 0 0 0 0;
  INPUT ---        1 captive sex 198 0.244604316546763 0 0 0 0 0 0 0 0 0 0;
  INPUT ---        1 captive sex 198 0.282828282828283 0 0 0 0 0 0 0 0 0 0;
  INPUT ---        1 captive sex 195 0.314516129032258 0 0 0 0 0 0 0 0 0 0;
  INPUT ---        1 captive sex 192 0.137254901960784 0 0 0 0 0 0 0 0 0 0;
  INPUT ---        1 captive sex 192 0.266129032258065 0 0 0 0 0 0 0 0 0 0;
  INPUT ---        1 captive sex 198 0.198581560283688 0 0 0 0 0 0 0 0 0 0;
  INPUT ---        1 captive sex 198 0.293333333333333 0 0 0 0 0 0 0 0 0 0;
  INPUT ---        1 captive sex 198 0.202453987730061 0 0 0 0 0 0 0 0 0 0;
  INPUT ---        0 0 0 0 0 1 0 0 0 0 0 0 0 0 0;
  INPUT ---        0 0 0 0 0 0 1 0 0 0 0 0 0 0 0;
  INPUT ---        0 0 0 0 0 0 1 1 0 0 0 0 0 0 0;
  INPUT ---        0 0 0 0 0 0 1 0 1 0 0 0 0 0 0;

  Program  MARK  - Survival Rate Estimation with Capture-Recapture Data
   gfortran(Win64) Vers. 8.1 Mar 2016    5-Aug-2016 15:46:31    Page  006
 - - - - - - - - - - - - - - - - - - - - - - - - - - - - - - - - - - - - - -
 
  INPUT ---        0 0 0 0 0 0 1 0 0 1 0 0 0 0 0;
  INPUT ---        0 0 0 0 0 0 1 0 0 0 1 0 0 0 0;
  INPUT ---        0 0 0 0 0 0 1 0 0 0 0 1 0 0 0;
  INPUT ---        0 0 0 0 0 0 0 0 0 0 0 0 1 0 0;
  INPUT ---        0 0 0 0 0 0 0 0 0 0 0 0 0 1 0;
  INPUT ---        0 0 0 0 0 0 0 0 0 0 0 0 0 0 1;
  INPUT ---        0 0 0 0 0 0 0 0 0 0 0 0 0 0 0;
  INPUT ---        0 0 0 0 0 0 0 0 0 0 0 0 0 0 0;

  INPUT ---    links=42;

  INPUT ---    Log;

  INPUT ---    Log;

  INPUT ---    Log;

  INPUT ---    Log;

  INPUT ---    Log;

  INPUT ---    Log;

  INPUT ---    Log;

  INPUT ---    Log;

  INPUT ---    Log;

  INPUT ---    Log;

  INPUT ---    Log;

  INPUT ---    Log;

  INPUT ---    Log;

  INPUT ---    Log;

  INPUT ---    Log;

  INPUT ---    Log;

  INPUT ---    Log;

  INPUT ---    Log;

  Program  MARK  - Survival Rate Estimation with Capture-Recapture Data
   gfortran(Win64) Vers. 8.1 Mar 2016    5-Aug-2016 15:46:31    Page  007
 - - - - - - - - - - - - - - - - - - - - - - - - - - - - - - - - - - - - - -
 

  INPUT ---    Log;

  INPUT ---    Log;

  INPUT ---    Log;

  INPUT ---    Log;

  INPUT ---    Log;

  INPUT ---    Log;

  INPUT ---    Log;

  INPUT ---    Log;

  INPUT ---    Log;

  INPUT ---    Log;

  INPUT ---    Log;

  INPUT ---    Log;

  INPUT ---    Log;

  INPUT ---    Log;

  INPUT ---    Log;

  INPUT ---    Log;

  INPUT ---    Log;

  INPUT ---    Log;

  INPUT ---    Log;

  INPUT ---    Logit;

  INPUT ---    Logit;

  INPUT ---    Logit;

  INPUT ---    Logit;

  Program  MARK  - Survival Rate Estimation with Capture-Recapture Data
   gfortran(Win64) Vers. 8.1 Mar 2016    5-Aug-2016 15:46:31    Page  008
 - - - - - - - - - - - - - - - - - - - - - - - - - - - - - - - - - - - - - -
 

  INPUT ---    Logit;
  INPUT ---       blabel(1)=alpha:(Intercept);
  INPUT ---       blabel(2)=alpha:captive;
  INPUT ---       blabel(3)=alpha:sex;
  INPUT ---       blabel(4)=alpha:effort.trapdays;
  INPUT ---       blabel(5)=alpha:recordloss.agout.total;
  INPUT ---       blabel(6)=sigma:(Intercept);
  INPUT ---       blabel(7)=U:(Intercept);
  INPUT ---       blabel(8)=U:sample_monthB;
  INPUT ---       blabel(9)=U:sample_monthC;
  INPUT ---       blabel(10)=U:sample_monthD;
  INPUT ---       blabel(11)=U:sample_monthE;
  INPUT ---       blabel(12)=U:sample_monthF;
  INPUT ---       blabel(13)=Phi:(Intercept);
  INPUT ---       blabel(14)=GammaDoublePrime:(Intercept);
  INPUT ---       blabel(15)=GammaPrime:(Intercept);
  INPUT ---       rlabel(1)=alpha g1 a0 t1;
  INPUT ---       rlabel(2)=alpha g1 a0.2 t1.2;
  INPUT ---       rlabel(3)=alpha g1 a0.4 t1.4;
  INPUT ---       rlabel(4)=alpha g1 a0.6 t1.6;
  INPUT ---       rlabel(5)=alpha g1 a0.8 t1.8;
  INPUT ---       rlabel(6)=alpha g1 a2.8 t3.8;
  INPUT ---       rlabel(7)=alpha g1 a3 t4;
  INPUT ---       rlabel(8)=alpha g1 a3.2 t4.2;
  INPUT ---       rlabel(9)=alpha g1 a3.4 t4.4;
  INPUT ---       rlabel(10)=alpha g1 a3.6 t4.6;
  INPUT ---       rlabel(11)=alpha g1 a6.1 t7.1;
  INPUT ---       rlabel(12)=alpha g1 a6.3 t7.3;
  INPUT ---       rlabel(13)=alpha g1 a6.5 t7.5;
  INPUT ---       rlabel(14)=alpha g1 a6.7 t7.7;
  INPUT ---       rlabel(15)=alpha g1 a6.9 t7.9;
  INPUT ---       rlabel(16)=alpha g1 a9.567 t10.567;
  INPUT ---       rlabel(17)=alpha g1 a9.767 t10.767;
  INPUT ---       rlabel(18)=alpha g1 a9.967 t10.967;
  INPUT ---       rlabel(19)=alpha g1 a10.167 t11.167;
  INPUT ---       rlabel(20)=alpha g1 a10.367 t11.367;
  INPUT ---       rlabel(21)=alpha g1 a12.134 t13.134;
  INPUT ---       rlabel(22)=alpha g1 a12.334 t13.334;
  INPUT ---       rlabel(23)=alpha g1 a12.534 t13.534;
  INPUT ---       rlabel(24)=alpha g1 a12.734 t13.734;
  INPUT ---       rlabel(25)=alpha g1 a12.934 t13.934;
  INPUT ---       rlabel(26)=alpha g1 a16.101 t17.101;
  INPUT ---       rlabel(27)=alpha g1 a16.301 t17.301;
  INPUT ---       rlabel(28)=alpha g1 a16.501 t17.501;
  INPUT ---       rlabel(29)=alpha g1 a16.701 t17.701;

  Program  MARK  - Survival Rate Estimation with Capture-Recapture Data
   gfortran(Win64) Vers. 8.1 Mar 2016    5-Aug-2016 15:46:31    Page  009
 - - - - - - - - - - - - - - - - - - - - - - - - - - - - - - - - - - - - - -
 
  INPUT ---       rlabel(30)=alpha g1 a16.901 t17.901;
  INPUT ---       rlabel(31)=sigma g1 a0 t1;
  INPUT ---       rlabel(32)=U g1 a0 t1;
  INPUT ---       rlabel(33)=U g1 a2.8 t3.8;
  INPUT ---       rlabel(34)=U g1 a6.1 t7.1;
  INPUT ---       rlabel(35)=U g1 a9.567 t10.567;
  INPUT ---       rlabel(36)=U g1 a12.134 t13.134;
  INPUT ---       rlabel(37)=U g1 a16.101 t17.101;
  INPUT ---       rlabel(38)=Phi g1 c1 a0.8 t1.8;
  INPUT ---       rlabel(39)=Gamma'' g1 c1 a0.8 t1.8;
  INPUT ---       rlabel(40)=Gamma' g1 c1 a0.8 t1.8;
  INPUT ---       rlabel(41)=Phi g1 c1 a0 t1;
  INPUT ---       rlabel(42)=Gamma'' g1 c1 a0 t1;

 Link Function Used is PARM-SPECIFIC

 Variance Estimation Procedure Used is 2ndPart 

 M(t+1):
 Group=Group 1                                                                         
       3      3      3      2      3      5      5      5      2      5      5
       4      4      4      4     10      7      7      7      5      5      5
       5      3      4      5      5      5      4      5


 -2logL(saturated) = -0.0000000    
 Effective Sample Size = 169
 Results from first iteration:
  -2logL Initial { alpha(~1 + captive + sex + effort.trapdays + recordloss.agout.total)sigma(~1)U(~sample_month)Phi(~1)Gamma''(~1)Gamma'(~1) } = 1138.4459     
  Penalty Initial { alpha(~1 + captive + sex + effort.trapdays + recordloss.agout.total)sigma(~1)U(~sample_month)Phi(~1)Gamma''(~1)Gamma'(~1) } = -0.0000000    

 Number of function evaluations was 26 for 15 parameters.
 Time for numerical optimization was 2.47 seconds.
 -2logL { alpha(~1 + captive + sex + effort.trapdays + recordloss.agout.total)sigma(~1)U(~sample_month)Phi(~1)Gamma''(~1)Gamma'(~1) } = 1054.1156     
 Penalty { alpha(~1 + captive + sex + effort.trapdays + recordloss.agout.total)sigma(~1)U(~sample_month)Phi(~1)Gamma''(~1)Gamma'(~1) } = -0.0000000    

   * *  WARNING  * *   Numerical underflow occurred during optimization of this model. 
     IEEE flag status at end of optimization:
     overflow       F
     divide by zero F
     invalid        F
     underflow      T
     inexact        T

 Gradient { alpha(~1 + captive + sex + effort.trapdays + recordloss.agout.total)sigma(~1)U(~sample_month)Phi(~1)Gamma''(~1)Gamma'(~1) }:
   0.000000    -0.3595812E-03-0.4670594E-03 0.7631873E-03 0.4134598E-04
 -0.1252022E-04 0.5808801E-03-0.1670694E-03 0.2231115E-03 0.1090970E-03
  0.1502389E-03 0.1642129E-03-0.3856789E-03  0.000000      0.000000    

  Program  MARK  - Survival Rate Estimation with Capture-Recapture Data
   gfortran(Win64) Vers. 8.1 Mar 2016    5-Aug-2016 15:46:34    Page  010
 - - - - - - - - - - - - - - - - - - - - - - - - - - - - - - - - - - - - - -
 
 S Vector { alpha(~1 + captive + sex + effort.trapdays + recordloss.agout.total)sigma(~1)U(~sample_month)Phi(~1)Gamma''(~1)Gamma'(~1) }:
   5633.744      393.1184      305.5990      288.0428      254.0617    
   210.8973      126.7349      46.98388      28.96079      10.58263    
   6.136910      4.833809      2.640311     0.9500005     0.5404024E-08
 Time to compute number of parameters was 2.25 seconds.
   Threshold =  0.3200000E-06     Condition index =  0.9592242E-12     New Threshold =  0.2092969E-07
 New Guessimate of Estimated Parameters { alpha(~1 + captive + sex + effort.trapdays + recordloss.agout.total)sigma(~1)U(~sample_month)Phi(~1)Gamma''(~1)Gamma'(~1) } = 14          
 Conditioned S Vector { alpha(~1 + captive + sex + effort.trapdays + recordloss.agout.total)sigma(~1)U(~sample_month)Phi(~1)Gamma''(~1)Gamma'(~1) }:
   1.000000     0.6977924E-01 0.5424439E-01 0.5112812E-01 0.4509643E-01
  0.3743466E-01 0.2249569E-01 0.8339725E-02 0.5140594E-02 0.1878437E-02
  0.1089313E-02 0.8580100E-03 0.4686601E-03 0.1686268E-03 0.9592242E-12
 Number of Estimated Parameters { alpha(~1 + captive + sex + effort.trapdays + recordloss.agout.total)sigma(~1)U(~sample_month)Phi(~1)Gamma''(~1)Gamma'(~1) } = 14          
 DEVIANCE { alpha(~1 + captive + sex + effort.trapdays + recordloss.agout.total)sigma(~1)U(~sample_month)Phi(~1)Gamma''(~1)Gamma'(~1) } = 1054.1156                     
 DEVIANCE Degrees of Freedom { alpha(~1 + captive + sex + effort.trapdays + recordloss.agout.total)sigma(~1)U(~sample_month)Phi(~1)Gamma''(~1)Gamma'(~1) } = 0            
 c-hat { alpha(~1 + captive + sex + effort.trapdays + recordloss.agout.total)sigma(~1)U(~sample_month)Phi(~1)Gamma''(~1)Gamma'(~1) } = 1.0000000                     
 AIC { alpha(~1 + captive + sex + effort.trapdays + recordloss.agout.total)sigma(~1)U(~sample_month)Phi(~1)Gamma''(~1)Gamma'(~1) } = 1082.1156                  
 AICc { alpha(~1 + captive + sex + effort.trapdays + recordloss.agout.total)sigma(~1)U(~sample_month)Phi(~1)Gamma''(~1)Gamma'(~1) } = 1084.8429                    
 BIC { alpha(~1 + captive + sex + effort.trapdays + recordloss.agout.total)sigma(~1)U(~sample_month)Phi(~1)Gamma''(~1)Gamma'(~1) } = 1125.9342                    
 Pearson Chisquare { alpha(~1 + captive + sex + effort.trapdays + recordloss.agout.total)sigma(~1)U(~sample_month)Phi(~1)Gamma''(~1)Gamma'(~1) } = 0.2062416E+033             

   * *  WARNING  * *   Numerical underflow occurred during variance-covariance calculation of this model. 
     IEEE flag status at end of variance-covariance calculation:
     overflow       F
     divide by zero F
     invalid        F
     underflow      T
     inexact        T



 PARM-SPECIFIC Link Function Parameters of { alpha(~1 + captive + sex + effort.trapdays + recordloss.agout.total)sigma(~1)U(~sample_month)Phi(~1)Gamma''(~1)Gamma'(~1) }
                                                              95% Confidence Interval
 Parameter                    Beta         Standard Error      Lower           Upper
 -------------------------  --------------  --------------  --------------  --------------
    1:alpha:(Intercept)     0.3668951       0.3514330       -0.3219136      1.0557039     
    2:alpha:captive         0.2646583       0.1075420       0.0538760       0.4754405     
    3:alpha:sex             0.5091407       0.2026052       0.1120345       0.9062469     
    4:alpha:effort.trapday  0.0039776       0.0017851       0.4788197E-003  0.0074763     
    5:alpha:recordloss.ago  -2.8495057      0.5499181       -3.9273452      -1.7716663    
    6:sigma:(Intercept)     -0.8160515      0.1423393       -1.0950366      -0.5370664    
    7:U:(Intercept)         2.5620095       0.1399586       2.2876907       2.8363284     
    8:U:sample_monthB       0.3609535       0.1298443       0.1064586       0.6154484     
    9:U:sample_monthC       0.4267450       0.1487113       0.1352708       0.7182191     
   10:U:sample_monthD       0.8757278       0.1471649       0.5872846       1.1641710     
   11:U:sample_monthE       0.3620730       0.1678695       0.0330489       0.6910972     
   12:U:sample_monthF       0.6615526       0.1727624       0.3229383       1.0001669     
   13:Phi:(Intercept)       2.0066612       0.4036687       1.2154705       2.7978519     
   14:GammaDoublePrime:(In  -2.9443454      1.0259781       -4.9552625      -0.9334283    
   15:GammaPrime:(Intercep  17.724958       0.0000000       17.724958       17.724958     


 Real Function Parameters of { alpha(~1 + captive + sex + effort.trapdays + recordloss.agout.total)sigma(~1)U(~sample_month)Phi(~1)Gamma''(~1)Gamma'(~1) }

  Program  MARK  - Survival Rate Estimation with Capture-Recapture Data
   gfortran(Win64) Vers. 8.1 Mar 2016    5-Aug-2016 15:46:34    Page  011
 - - - - - - - - - - - - - - - - - - - - - - - - - - - - - - - - - - - - - -
 

      Following estimates based on unstandardized individual covariate values:
          Variable   Value         
          ---------  ------------- 
          CAPTIVE    0.2142857     
          SEX        0.8461538     
                                                               95% Confidence Interval
  Parameter                  Estimate       Standard Error      Lower           Upper
 --------------------------  --------------  --------------  --------------  --------------
     1:alpha g1 a0 t1        2.0261248       0.2943487       1.5263330       2.6895715                           
     2:alpha g1 a0.2 t1.2    2.3928830       0.3219912       1.8403203       3.1113547                           
     3:alpha g1 a0.4 t1.4    2.9443892       0.3202309       2.3806147       3.6416761                           
     4:alpha g1 a0.6 t1.6    2.3556334       0.2509247       1.9128933       2.9008459                           
     5:alpha g1 a0.8 t1.8    2.2924368       0.2606502       1.8357966       2.8626628                           
     6:alpha g1 a2.8 t3.8    3.2551504       0.3240177       2.6794746       3.9545081                           
     7:alpha g1 a3 t4        3.1089089       0.3023069       2.5705807       3.7599734                           
     8:alpha g1 a3.2 t4.2    2.3882728       0.2376190       1.9660807       2.9011256                           
     9:alpha g1 a3.4 t4.4    3.0584089       0.3354604       2.4683635       3.7895005                           
    10:alpha g1 a3.6 t4.6    3.0064465       0.2887516       2.4916478       3.6276077                           
    11:alpha g1 a6.1 t7.1    3.2522290       0.2874282       2.7358849       3.8660229                           
    12:alpha g1 a6.3 t7.3    3.1192177       0.2375750       2.6872405       3.6206358                           
    13:alpha g1 a6.5 t7.5    2.6151638       0.2012766       2.2494768       3.0402988                           
    14:alpha g1 a6.7 t7.7    3.6646502       0.3367473       3.0618080       4.3861866                           
    15:alpha g1 a6.9 t7.9    3.2156578       0.2546412       2.7540324       3.7546600                           
    16:alpha g1 a9.567 t10.  2.8223473       0.2044088       2.4492976       3.2522156                           
    17:alpha g1 a9.767 t10.  2.9948300       0.2242806       2.5865106       3.4676087                           
    18:alpha g1 a9.967 t10.  2.8111961       0.2034929       2.4398039       3.2391225                           
    19:alpha g1 a10.167 t11  2.4008590       0.1868137       2.0617326       2.7957669                           
    20:alpha g1 a10.367 t11  2.2599596       0.1924803       1.9130823       2.6697322                           
    21:alpha g1 a12.134 t13  3.5238888       0.3419364       2.9148673       4.2601570                           
    22:alpha g1 a12.334 t13  2.7614948       0.2187300       2.3649783       3.2244920                           
    23:alpha g1 a12.534 t13  2.5727523       0.2329668       2.1551436       3.0712822                           
    24:alpha g1 a12.734 t13  2.3072511       0.2209318       1.9132518       2.7823875                           
    25:alpha g1 a12.934 t13  2.0830422       0.2125485       1.7063447       2.5429005                           
    26:alpha g1 a16.101 t17  3.4109935       0.3209382       2.8377023       4.1001048                           
    27:alpha g1 a16.301 t17  2.3626315       0.2109769       1.9839712       2.8135628                           
    28:alpha g1 a16.501 t17  2.9332715       0.2656967       2.4570058       3.5018564                           
    29:alpha g1 a16.701 t17  2.2392089       0.2192865       1.8489853       2.7117882                           
    30:alpha g1 a16.901 t17  2.9010822       0.2619823       2.4313466       3.4615706                           
    31:sigma g1 a0 t1        0.4421741       0.0629388       0.3349953       0.5836439                           
    32:U g1 a0 t1            12.961839       1.8141209       9.8652646       17.030386                           
    33:U g1 a2.8 t3.8        18.596308       2.0615878       14.974377       23.094294                           
    34:U g1 a6.1 t7.1        19.860930       1.6530838       16.876117       23.373657                           
    35:U g1 a9.567 t10.567   31.116473       2.2965760       26.930902       35.952560                           
    36:U g1 a12.134 t13.134  18.617139       1.6324483       15.682548       22.100864                           
    37:U g1 a16.101 t17.101  25.117434       2.2717748       21.044699       29.978356                           
    38:Phi g1 c1 a0.8 t1.8   0.8814947       0.0421680       0.7712655       0.9425596                           
    39:Gamma'' g1 c1 a0.8 t  0.0500044       0.0487381       0.0069969       0.2822297                           
    40:Gamma' g1 c1 a0.8 t1  1.0000000       0.0000000       1.0000000       1.0000000                           

  Program  MARK  - Survival Rate Estimation with Capture-Recapture Data
   gfortran(Win64) Vers. 8.1 Mar 2016    5-Aug-2016 15:46:34    Page  012
 - - - - - - - - - - - - - - - - - - - - - - - - - - - - - - - - - - - - - -
 
    41:Phi g1 c1 a0 t1       1.0000000       0.0000000       1.0000000       1.0000000       Fixed               
    42:Gamma'' g1 c1 a0 t1   0.0000000       0.0000000       0.0000000       0.0000000       Fixed               

  Program  MARK  - Survival Rate Estimation with Capture-Recapture Data
   gfortran(Win64) Vers. 8.1 Mar 2016    5-Aug-2016 15:46:34    Page  013
 - - - - - - - - - - - - - - - - - - - - - - - - - - - - - - - - - - - - - -
 


                      Estimates of Derived Parameters
 Population Estimates of { alpha(~1 + captive + sex + effort.trapdays + recordloss.agout.total)sigma(~1)U(~sample_month)Phi(~1)Gamma''(~1)Gamma'(~1) }
                                                95% Confidence Interval
 Grp. Occ.   N-hat           Standard Error      Lower           Upper
 ---- ----   --------------  --------------  --------------  --------------
   1     1   15.961839       1.8141219       12.783483       19.930429     
   1     2   15.961839       1.8141219       12.783483       19.930429     
   1     3   15.961839       1.8141219       12.783483       19.930429     
   1     4   15.122644       1.8475325       11.912955       19.197114     
   1     5   15.961839       1.8141219       12.783483       19.930429     
   1     6   23.596308       2.0615885       19.889108       27.994506     
   1     7   23.596308       2.0615885       19.889108       27.994506     
   1     8   23.596308       2.0615885       19.889108       27.994506     
   1     9   20.743982       2.0912908       17.033115       25.263306     
   1    10   23.596308       2.0615885       19.889108       27.994506     
   1    11   25.123013       1.6895074       22.023810       28.658338     
   1    12   24.081233       1.6836544       21.000899       27.613380     
   1    13   24.194992       1.6888432       21.104815       27.737634     
   1    14   24.031086       1.6815771       20.954733       27.559077     
   1    15   24.098015       1.6855087       21.014374       27.634148     
   1    16   38.901893       2.4069000       34.463181       43.912294     
   1    17   38.682176       2.3686198       34.311302       43.609849     
   1    18   38.908294       2.4075820       34.468355       43.920149     
   1    19   39.122920       2.4185055       34.662572       44.157222     
   1    20   37.098423       2.4308100       32.631771       42.176473     
   1    21   22.845051       1.6680253       19.802651       26.354874     
   1    22   24.108301       1.6944208       21.009397       27.664296     
   1    23   24.122830       1.7026797       21.009745       27.697190     
   1    24   21.980885       1.6814810       18.924492       25.530901     
   1    25   23.318528       1.7239368       20.176993       26.949195     
   1    26   30.378874       2.3190425       26.162930       35.274183     
   1    27   30.723539       2.3593961       26.436173       35.706221     
   1    28   30.494078       2.3376916       26.245590       35.430289     
   1    29   29.697592       2.3587359       25.422569       34.691497     
   1    30   30.503834       2.3389391       26.253147       35.442755     
 Mean Resighting Rate Estimates of { alpha(~1 + captive + sex + effort.trapdays + recordloss.agout.total)sigma(~1)U(~sample_month)Phi(~1)Gamma''(~1)Gamma'(~1) }
                                                95% Confidence Interval
 Grp. Occ.   Lambda-hat      Standard Error      Lower           Upper
 ---- ----   --------------  --------------  --------------  --------------
   1     1   2.2342017       0.3114952       1.7022187       2.9324418     
   1     2   2.6386249       0.3391254       2.0531657       3.3910275     
   1     3   3.2467691       0.3291312       2.6630685       3.9584072     
   1     4   2.5975498       0.2554163       2.1432124       3.1482019     
   1     5   2.5278632       0.2681675       2.0544947       3.1102988     
   1     6   3.5894445       0.3282350       3.0015812       4.2924416     
   1     7   3.4281845       0.3044651       2.8814696       4.0786303     
   1     8   2.6335412       0.2385797       2.2058884       3.1441026     
   1     9   3.3724983       0.3455158       2.7603949       4.1203323     

  Program  MARK  - Survival Rate Estimation with Capture-Recapture Data
   gfortran(Win64) Vers. 8.1 Mar 2016    5-Aug-2016 15:46:34    Page  014
 - - - - - - - - - - - - - - - - - - - - - - - - - - - - - - - - - - - - - -
 
   1    10   3.3151996       0.2897893       2.7941156       3.9334623     
   1    11   3.9610398       0.2880633       3.4354748       4.5670067     
   1    12   3.6722894       0.2231145       3.2603766       4.1362429     
   1    13   3.3341727       0.1923537       2.9779734       3.7329774     
   1    14   4.7552774       0.3414812       4.1316896       5.4729820     
   1    15   4.4813262       0.2518359       4.0142890       5.0027003     
   1    16   3.6349144       0.1918533       3.2779143       4.0307957     
   1    17   4.2270271       0.2185177       3.8199740       4.6774555     
   1    18   3.8833888       0.1949814       3.5196457       4.2847235     
   1    19   3.2786466       0.1843276       2.9368136       3.6602676     
   1    20   3.0143936       0.1959136       2.6542103       3.4234547     
   1    21   5.3072947       0.3598671       4.6475240       6.0607276     
   1    22   3.4094637       0.2091930       3.0234818       3.8447206     
   1    23   3.1960570       0.2325511       2.7717885       3.6852668     
   1    24   3.1276427       0.2307318       2.7071137       3.6134977     
   1    25   4.0000992       0.2623704       3.5180217       4.5482363     
   1    26   4.1387028       0.3222399       3.5537632       4.8199218     
   1    27   2.6052666       0.2026673       2.2373538       3.0336794     
   1    28   3.7872721       0.2675488       3.2981301       4.3489583     
   1    29   3.1205396       0.2328566       2.6964942       3.6112696     
   1    30   3.7506800       0.2637275       3.2683669       4.3041679     
 Pr(Captured 1 or more times) of { alpha(~1 + captive + sex + effort.trapdays + recordloss.agout.total)sigma(~1)U(~sample_month)Phi(~1)Gamma''(~1)Gamma'(~1) }
                                                95% Confidence Interval
 Grp. Occ.      p*-hat       Standard Error      Lower           Upper
 ---- ----   --------------  --------------  --------------  --------------
   1     1   0.2942656       0.0107659       0.2736139       0.3157984     
   1     2   0.3048443       0.0083991       0.2886361       0.3215514     
   1     3   0.3151335       0.0054960       0.3044621       0.3260036     
   1     4   0.4627905       0.0110439       0.4412280       0.4844931     
   1     5   0.3023180       0.0078450       0.2871668       0.3179121     
   1     6   0.1900601       0.0029485       0.1843481       0.1959066     
   1     7   0.1889296       0.0031032       0.1829223       0.1950871     
   1     8   0.1806746       0.0043292       0.1723442       0.1893156     
   1     9   0.4656199       0.0101762       0.4457400       0.4856096     
   1    10   0.1880498       0.0032232       0.1818137       0.1944489     
   1    11   0.1929705       0.0020493       0.1889857       0.1970189     
   1    12   0.2394966       0.0028105       0.2340315       0.2450485     
   1    13   0.2373138       0.0030614       0.2313658       0.2433662     
   1    14   0.2447463       0.0017897       0.2412555       0.2482712     
   1    15   0.2440950       0.0017311       0.2407181       0.2475039     
   1    16   0.1342822       0.0019135       0.1305757       0.1380772     
   1    17   0.1382245       0.0011887       0.1359111       0.1405708     
   1    18   0.1354917       0.0018095       0.1319840       0.1390777     
   1    19   0.1324785       0.0021060       0.1284049       0.1366611     
   1    20   0.1788423       0.0046193       0.1699670       0.1880760     
   1    21   0.2463425       0.0013160       0.2437722       0.2489310     
   1    22   0.1871133       0.0029527       0.1813947       0.1929696     
   1    23   0.1867802       0.0031758       0.1806353       0.1930848     
   1    24   0.3122179       0.0051034       0.3023038       0.3223070     
   1    25   0.2415534       0.0024669       0.2367512       0.2464216     

  Program  MARK  - Survival Rate Estimation with Capture-Recapture Data
   gfortran(Win64) Vers. 8.1 Mar 2016    5-Aug-2016 15:46:35    Page  015
 - - - - - - - - - - - - - - - - - - - - - - - - - - - - - - - - - - - - - -
 
   1    26   0.1929935       0.0021966       0.1887247       0.1973353     
   1    27   0.1783770       0.0044400       0.1698402       0.1872461     
   1    28   0.1915704       0.0023353       0.1870348       0.1961894     
   1    29   0.2324209       0.0041465       0.2243929       0.2406469     
   1    30   0.1913571       0.0023682       0.1867583       0.1960419     

 Attempted ordering of parameters by estimatibility:
   1  7 10 12 11  9  2  6  8  3  4 13  5 14 15
 Beta number 15 is a singular value.

     CPU Time in seconds for last procedure was 4.98


  INPUT --- proc stop;

   * *  WARNING  * *   Numerical underflow occurred during final processing of this model. 
     IEEE flag status at final processing of this model:
     overflow       F
     divide by zero F
     invalid        F
     underflow      T
     inexact        T


     CPU Time in minutes for this job was 0.08

     Time Start = 15:46:31.526   Time End = 15:46:35.118

     Wall Clock Time in minutes for this job was 0.06


          E X E C U T I O N   S U C C E S S F U L 
