
   Program  MARK  - Survival Rate Estimation with Capture-Recapture Data
   gfortran(Win64) Vers. 8.1 Mar 2016    5-Aug-2016 15:45:09    Page  001
 - - - - - - - - - - - - - - - - - - - - - - - - - - - - - - - - - - - - - -
 
   This version was compiled by GCC version 5.3.0 using the options: 
     -cpp -iprefix c:\tdm-gcc-64\gcc\bin\../lib/gcc/x86_64-w64-mingw32/5.3.0/ -D_MT
     -U_REENTRANT -D IEEE -m64 -mtune=generic -march=x86-64 -mthreads -O2
     -fimplicit-none -fbounds-check -funroll-loops -ftree-vectorize
     -ffpe-summary=invalid,zero,overflow,underflow -fno-unsafe-math-optimizations
     -frounding-math -fsignaling-nans -fopenmp.

   This problem will use 3 of 4 possible threads.


  INPUT --- proc title ;

     CPU Time in seconds for last procedure was 0.00


  INPUT --- proc chmatrix occasions= 30 groups= 1 etype= PoissonMR 
  INPUT --- icovar = 31 ICMeans NoHist  hist= 14 ;

  INPUT ---    time interval 0.2 0.2 0.2 0.2 2 0.2 0.2 0.2 0.2 2.5 0.2 0.2 
  INPUT ---    0.2 0.2 2.667 0.2 0.2 0.2  0.2 1.767 0.2 0.2 0.2 0.2 3.167 
  INPUT ---    0.2 0.2 0.2 0.2 ;

  INPUT ---     icovariates age.t1 age.t1.2 age.t1.4 age.t1.6  age.t1.8 
  INPUT ---    age.t3.8 age.t4 age.t4.2 age.t4.4 age.t4.6 age.t7.1 
  INPUT ---    age.t7.3 age.t7.5 age.t7.7 age.t7.9  age.t10.567 
  INPUT ---    age.t10.767 age.t10.967 age.t11.167 age.t11.367 age.t13.134 
  INPUT ---    age.t13.334 age.t13.534  age.t13.734 age.t13.934 
  INPUT ---    age.t17.101 age.t17.301 age.t17.501 age.t17.701 age.t17.901 
  INPUT ---    sex ;

  INPUT ---    glabel(1)=Group 1;

      Number of unique encounter histories read was 14.

      Number of individual covariates read was 31.
      Time interval lengths vary and/or not equal to 1.

      Data type number is 115
      Data type is Poisson Mark Resight with Robust Design                                                             

     CPU Time in seconds for last procedure was 0.02

  Program  MARK  - Survival Rate Estimation with Capture-Recapture Data
   gfortran(Win64) Vers. 8.1 Mar 2016    5-Aug-2016 15:45:09    Page  002
 - - - - - - - - - - - - - - - - - - - - - - - - - - - - - - - - - - - - - -
 


  INPUT --- proc estimate link=Parm-Specific NOLOOP varest=2ndPart    ;


  INPUT --- model={ alpha(~1 + age.t + sex + 
  INPUT --- recordloss.agout.total)sigma(~1)U(~sample_month)Phi(~1)Gamma
  INPUT --- ''(~1)Gamma'(~1) };

  INPUT ---    fixed=2;
  INPUT ---        parm(41)=1 ;
  INPUT ---        parm(42)=0 ;

  INPUT ---    group=1 alpha    rows=1 cols=30 Square ;
  INPUT ---        1 2 3 4 5 6 7 8 9 10 11 12 13 14 15 16 17 18 19 20 21 22 
  INPUT ---       23 24 25 26 27 28 29 30 ;

  INPUT ---    group=1 sigma    rows=1 cols=30 Square ;
  INPUT ---        31 31 31 31 31 31 31 31 31 31 31 31 31 31 31 31 31 31 31 
  INPUT ---       31 31 31 31 31 31 31 31 31 31 31 ;

  INPUT ---    group=1 U    rows=1 cols=30 Square ;
  INPUT ---        32 32 32 32 32 33 33 33 33 33 34 34 34 34 34 35 35 35 35 
  INPUT ---       35 36 36 36 36 36 37 37 37 37 37 ;

  INPUT ---    group=1 Phi    rows=29 cols=29 Triang ;
  INPUT ---        41 41 41 41 38 41 41 41 41 38 41 41 41 41 38 41 41 41 41 
  INPUT ---       38 41 41 41 41 38 41 41 41 41 ;
  INPUT ---        41 41 41 41 41 41 41 41 41 41 41 41 41 41 41 41 41 41 41 
  INPUT ---       41 41 41 41 41 41 41 41 41 ;
  INPUT ---        41 41 41 41 41 41 41 41 41 41 41 41 41 41 41 41 41 41 41 
  INPUT ---       41 41 41 41 41 41 41 41 ;
  INPUT ---        41 41 41 41 41 41 41 41 41 41 41 41 41 41 41 41 41 41 41 
  INPUT ---       41 41 41 41 41 41 41 ;
  INPUT ---        41 41 41 41 41 41 41 41 41 41 41 41 41 41 41 41 41 41 41 
  INPUT ---       41 41 41 41 41 41 ;
  INPUT ---        41 41 41 41 38 41 41 41 41 38 41 41 41 41 38 41 41 41 41 
  INPUT ---       38 41 41 41 41 ;
  INPUT ---        41 41 41 41 41 41 41 41 41 41 41 41 41 41 41 41 41 41 41 
  INPUT ---       41 41 41 41 ;
  INPUT ---        41 41 41 41 41 41 41 41 41 41 41 41 41 41 41 41 41 41 41 
  INPUT ---       41 41 41 ;
  INPUT ---        41 41 41 41 41 41 41 41 41 41 41 41 41 41 41 41 41 41 41 
  INPUT ---       41 41 ;
  INPUT ---        41 41 41 41 41 41 41 41 41 41 41 41 41 41 41 41 41 41 41 
  INPUT ---       41 ;

  Program  MARK  - Survival Rate Estimation with Capture-Recapture Data
   gfortran(Win64) Vers. 8.1 Mar 2016    5-Aug-2016 15:45:09    Page  003
 - - - - - - - - - - - - - - - - - - - - - - - - - - - - - - - - - - - - - -
 
  INPUT ---        41 41 41 41 38 41 41 41 41 38 41 41 41 41 38 41 41 41 41 ;
  INPUT ---        41 41 41 41 41 41 41 41 41 41 41 41 41 41 41 41 41 41 ;
  INPUT ---        41 41 41 41 41 41 41 41 41 41 41 41 41 41 41 41 41 ;
  INPUT ---        41 41 41 41 41 41 41 41 41 41 41 41 41 41 41 41 ;
  INPUT ---        41 41 41 41 41 41 41 41 41 41 41 41 41 41 41 ;
  INPUT ---        41 41 41 41 38 41 41 41 41 38 41 41 41 41 ;
  INPUT ---        41 41 41 41 41 41 41 41 41 41 41 41 41 ;
  INPUT ---        41 41 41 41 41 41 41 41 41 41 41 41 ;
  INPUT ---        41 41 41 41 41 41 41 41 41 41 41 ;
  INPUT ---        41 41 41 41 41 41 41 41 41 41 ;
  INPUT ---        41 41 41 41 38 41 41 41 41 ;
  INPUT ---        41 41 41 41 41 41 41 41 ;
  INPUT ---        41 41 41 41 41 41 41 ;
  INPUT ---        41 41 41 41 41 41 ;
  INPUT ---        41 41 41 41 41 ;
  INPUT ---        41 41 41 41 ;
  INPUT ---        41 41 41 ;
  INPUT ---        41 41 ;
  INPUT ---        41 ;

  INPUT ---    group=1 Gamma''    rows=29 cols=29 Triang ;
  INPUT ---        42 42 42 42 39 42 42 42 42 39 42 42 42 42 39 42 42 42 42 
  INPUT ---       39 42 42 42 42 39 42 42 42 42 ;
  INPUT ---        42 42 42 42 42 42 42 42 42 42 42 42 42 42 42 42 42 42 42 
  INPUT ---       42 42 42 42 42 42 42 42 42 ;
  INPUT ---        42 42 42 42 42 42 42 42 42 42 42 42 42 42 42 42 42 42 42 
  INPUT ---       42 42 42 42 42 42 42 42 ;
  INPUT ---        42 42 42 42 42 42 42 42 42 42 42 42 42 42 42 42 42 42 42 
  INPUT ---       42 42 42 42 42 42 42 ;
  INPUT ---        42 42 42 42 42 42 42 42 42 42 42 42 42 42 42 42 42 42 42 
  INPUT ---       42 42 42 42 42 42 ;
  INPUT ---        42 42 42 42 39 42 42 42 42 39 42 42 42 42 39 42 42 42 42 
  INPUT ---       39 42 42 42 42 ;
  INPUT ---        42 42 42 42 42 42 42 42 42 42 42 42 42 42 42 42 42 42 42 
  INPUT ---       42 42 42 42 ;
  INPUT ---        42 42 42 42 42 42 42 42 42 42 42 42 42 42 42 42 42 42 42 
  INPUT ---       42 42 42 ;
  INPUT ---        42 42 42 42 42 42 42 42 42 42 42 42 42 42 42 42 42 42 42 
  INPUT ---       42 42 ;
  INPUT ---        42 42 42 42 42 42 42 42 42 42 42 42 42 42 42 42 42 42 42 
  INPUT ---       42 ;
  INPUT ---        42 42 42 42 39 42 42 42 42 39 42 42 42 42 39 42 42 42 42 ;
  INPUT ---        42 42 42 42 42 42 42 42 42 42 42 42 42 42 42 42 42 42 ;
  INPUT ---        42 42 42 42 42 42 42 42 42 42 42 42 42 42 42 42 42 ;
  INPUT ---        42 42 42 42 42 42 42 42 42 42 42 42 42 42 42 42 ;
  INPUT ---        42 42 42 42 42 42 42 42 42 42 42 42 42 42 42 ;

  Program  MARK  - Survival Rate Estimation with Capture-Recapture Data
   gfortran(Win64) Vers. 8.1 Mar 2016    5-Aug-2016 15:45:09    Page  004
 - - - - - - - - - - - - - - - - - - - - - - - - - - - - - - - - - - - - - -
 
  INPUT ---        42 42 42 42 39 42 42 42 42 39 42 42 42 42 ;
  INPUT ---        42 42 42 42 42 42 42 42 42 42 42 42 42 ;
  INPUT ---        42 42 42 42 42 42 42 42 42 42 42 42 ;
  INPUT ---        42 42 42 42 42 42 42 42 42 42 42 ;
  INPUT ---        42 42 42 42 42 42 42 42 42 42 ;
  INPUT ---        42 42 42 42 39 42 42 42 42 ;
  INPUT ---        42 42 42 42 42 42 42 42 ;
  INPUT ---        42 42 42 42 42 42 42 ;
  INPUT ---        42 42 42 42 42 42 ;
  INPUT ---        42 42 42 42 42 ;
  INPUT ---        42 42 42 42 ;
  INPUT ---        42 42 42 ;
  INPUT ---        42 42 ;
  INPUT ---        42 ;

  INPUT ---    group=1 Gamma'    rows=28 cols=28 Triang ;
  INPUT ---        42 42 42 40 42 42 42 42 40 42 42 42 42 40 42 42 42 42 40 
  INPUT ---       42 42 42 42 40 42 42 42 42 ;
  INPUT ---        42 42 42 42 42 42 42 42 42 42 42 42 42 42 42 42 42 42 42 
  INPUT ---       42 42 42 42 42 42 42 42 ;
  INPUT ---        42 42 42 42 42 42 42 42 42 42 42 42 42 42 42 42 42 42 42 
  INPUT ---       42 42 42 42 42 42 42 ;
  INPUT ---        42 42 42 42 42 42 42 42 42 42 42 42 42 42 42 42 42 42 42 
  INPUT ---       42 42 42 42 42 42 ;
  INPUT ---        42 42 42 42 42 42 42 42 42 42 42 42 42 42 42 42 42 42 42 
  INPUT ---       42 42 42 42 42 ;
  INPUT ---        42 42 42 40 42 42 42 42 40 42 42 42 42 40 42 42 42 42 40 
  INPUT ---       42 42 42 42 ;
  INPUT ---        42 42 42 42 42 42 42 42 42 42 42 42 42 42 42 42 42 42 42 
  INPUT ---       42 42 42 ;
  INPUT ---        42 42 42 42 42 42 42 42 42 42 42 42 42 42 42 42 42 42 42 
  INPUT ---       42 42 ;
  INPUT ---        42 42 42 42 42 42 42 42 42 42 42 42 42 42 42 42 42 42 42 
  INPUT ---       42 ;
  INPUT ---        42 42 42 42 42 42 42 42 42 42 42 42 42 42 42 42 42 42 42 ;
  INPUT ---        42 42 42 40 42 42 42 42 40 42 42 42 42 40 42 42 42 42 ;
  INPUT ---        42 42 42 42 42 42 42 42 42 42 42 42 42 42 42 42 42 ;
  INPUT ---        42 42 42 42 42 42 42 42 42 42 42 42 42 42 42 42 ;
  INPUT ---        42 42 42 42 42 42 42 42 42 42 42 42 42 42 42 ;
  INPUT ---        42 42 42 42 42 42 42 42 42 42 42 42 42 42 ;
  INPUT ---        42 42 42 40 42 42 42 42 40 42 42 42 42 ;
  INPUT ---        42 42 42 42 42 42 42 42 42 42 42 42 ;
  INPUT ---        42 42 42 42 42 42 42 42 42 42 42 ;
  INPUT ---        42 42 42 42 42 42 42 42 42 42 ;
  INPUT ---        42 42 42 42 42 42 42 42 42 ;
  INPUT ---        42 42 42 40 42 42 42 42 ;

  Program  MARK  - Survival Rate Estimation with Capture-Recapture Data
   gfortran(Win64) Vers. 8.1 Mar 2016    5-Aug-2016 15:45:09    Page  005
 - - - - - - - - - - - - - - - - - - - - - - - - - - - - - - - - - - - - - -
 
  INPUT ---        42 42 42 42 42 42 42 ;
  INPUT ---        42 42 42 42 42 42 ;
  INPUT ---        42 42 42 42 42 ;
  INPUT ---        42 42 42 42 ;
  INPUT ---        42 42 42 ;
  INPUT ---        42 42 ;
  INPUT ---        42 ;

  INPUT ---    initial  0.8492118 0 0 0 -0.3123225 3.139572 0 0 0 0 0 
  INPUT ---    2.0066797 -2.9445172 17.724958  ;

  INPUT ---    design matrix constraints=42 covariates=14;
  INPUT ---        1 age.t1 sex 0.186046511627907 0 0 0 0 0 0 0 0 0 0;
  INPUT ---        1 age.t1.2 sex 0.127659574468085 0 0 0 0 0 0 0 0 0 0;
  INPUT ---        1 age.t1.4 sex 0.08 0 0 0 0 0 0 0 0 0 0;
  INPUT ---        1 age.t1.6 sex 0.166666666666667 0 0 0 0 0 0 0 0 0 0;
  INPUT ---        1 age.t1.8 sex 0.169230769230769 0 0 0 0 0 0 0 0 0 0;
  INPUT ---        1 age.t3.8 sex 0.0615384615384615 0 0 0 0 0 0 0 0 0 0;
  INPUT ---        1 age.t4 sex 0.0776699029126214 0 0 0 0 0 0 0 0 0 0;
  INPUT ---        1 age.t4.2 sex 0.170212765957447 0 0 0 0 0 0 0 0 0 0;
  INPUT ---        1 age.t4.4 sex 0.0666666666666667 0 0 0 0 0 0 0 0 0 0;
  INPUT ---        1 age.t4.6 sex 0.0894308943089431 0 0 0 0 0 0 0 0 0 0;
  INPUT ---        1 age.t7.1 sex 0.08 0 0 0 0 0 0 0 0 0 0;
  INPUT ---        1 age.t7.3 sex 0.135135135135135 0 0 0 0 0 0 0 0 0 0;
  INPUT ---        1 age.t7.5 sex 0.213740458015267 0 0 0 0 0 0 0 0 0 0;
  INPUT ---        1 age.t7.7 sex 0.0869565217391304 0 0 0 0 0 0 0 0 0 0;
  INPUT ---        1 age.t7.9 sex 0.131428571428571 0 0 0 0 0 0 0 0 0 0;
  INPUT ---        1 age.t10.567 sex 0.167441860465116 0 0 0 0 0 0 0 0 0 0;
  INPUT ---        1 age.t10.767 sex 0.155 0 0 0 0 0 0 0 0 0 0;
  INPUT ---        1 age.t10.967 sex 0.168831168831169 0 0 0 0 0 0 0 0 0 0;
  INPUT ---        1 age.t11.167 sex 0.231182795698925 0 0 0 0 0 0 0 0 0 0;
  INPUT ---        1 age.t11.367 sex 0.224489795918367 0 0 0 0 0 0 0 0 0 0;
  INPUT ---        1 age.t13.134 sex 0.125827814569536 0 0 0 0 0 0 0 0 0 0;
  INPUT ---        1 age.t13.334 sex 0.201612903225806 0 0 0 0 0 0 0 0 0 0;
  INPUT ---        1 age.t13.534 sex 0.244604316546763 0 0 0 0 0 0 0 0 0 0;
  INPUT ---        1 age.t13.734 sex 0.282828282828283 0 0 0 0 0 0 0 0 0 0;
  INPUT ---        1 age.t13.934 sex 0.314516129032258 0 0 0 0 0 0 0 0 0 0;
  INPUT ---        1 age.t17.101 sex 0.137254901960784 0 0 0 0 0 0 0 0 0 0;
  INPUT ---        1 age.t17.301 sex 0.266129032258065 0 0 0 0 0 0 0 0 0 0;
  INPUT ---        1 age.t17.501 sex 0.198581560283688 0 0 0 0 0 0 0 0 0 0;
  INPUT ---        1 age.t17.701 sex 0.293333333333333 0 0 0 0 0 0 0 0 0 0;
  INPUT ---        1 age.t17.901 sex 0.202453987730061 0 0 0 0 0 0 0 0 0 0;
  INPUT ---        0 0 0 0 1 0 0 0 0 0 0 0 0 0;
  INPUT ---        0 0 0 0 0 1 0 0 0 0 0 0 0 0;
  INPUT ---        0 0 0 0 0 1 1 0 0 0 0 0 0 0;
  INPUT ---        0 0 0 0 0 1 0 1 0 0 0 0 0 0;

  Program  MARK  - Survival Rate Estimation with Capture-Recapture Data
   gfortran(Win64) Vers. 8.1 Mar 2016    5-Aug-2016 15:45:09    Page  006
 - - - - - - - - - - - - - - - - - - - - - - - - - - - - - - - - - - - - - -
 
  INPUT ---        0 0 0 0 0 1 0 0 1 0 0 0 0 0;
  INPUT ---        0 0 0 0 0 1 0 0 0 1 0 0 0 0;
  INPUT ---        0 0 0 0 0 1 0 0 0 0 1 0 0 0;
  INPUT ---        0 0 0 0 0 0 0 0 0 0 0 1 0 0;
  INPUT ---        0 0 0 0 0 0 0 0 0 0 0 0 1 0;
  INPUT ---        0 0 0 0 0 0 0 0 0 0 0 0 0 1;
  INPUT ---        0 0 0 0 0 0 0 0 0 0 0 0 0 0;
  INPUT ---        0 0 0 0 0 0 0 0 0 0 0 0 0 0;

  INPUT ---    links=42;

  INPUT ---    Log;

  INPUT ---    Log;

  INPUT ---    Log;

  INPUT ---    Log;

  INPUT ---    Log;

  INPUT ---    Log;

  INPUT ---    Log;

  INPUT ---    Log;

  INPUT ---    Log;

  INPUT ---    Log;

  INPUT ---    Log;

  INPUT ---    Log;

  INPUT ---    Log;

  INPUT ---    Log;

  INPUT ---    Log;

  INPUT ---    Log;

  INPUT ---    Log;

  INPUT ---    Log;

  Program  MARK  - Survival Rate Estimation with Capture-Recapture Data
   gfortran(Win64) Vers. 8.1 Mar 2016    5-Aug-2016 15:45:09    Page  007
 - - - - - - - - - - - - - - - - - - - - - - - - - - - - - - - - - - - - - -
 

  INPUT ---    Log;

  INPUT ---    Log;

  INPUT ---    Log;

  INPUT ---    Log;

  INPUT ---    Log;

  INPUT ---    Log;

  INPUT ---    Log;

  INPUT ---    Log;

  INPUT ---    Log;

  INPUT ---    Log;

  INPUT ---    Log;

  INPUT ---    Log;

  INPUT ---    Log;

  INPUT ---    Log;

  INPUT ---    Log;

  INPUT ---    Log;

  INPUT ---    Log;

  INPUT ---    Log;

  INPUT ---    Log;

  INPUT ---    Logit;

  INPUT ---    Logit;

  INPUT ---    Logit;

  INPUT ---    Logit;

  Program  MARK  - Survival Rate Estimation with Capture-Recapture Data
   gfortran(Win64) Vers. 8.1 Mar 2016    5-Aug-2016 15:45:09    Page  008
 - - - - - - - - - - - - - - - - - - - - - - - - - - - - - - - - - - - - - -
 

  INPUT ---    Logit;
  INPUT ---       blabel(1)=alpha:(Intercept);
  INPUT ---       blabel(2)=alpha:age.t;
  INPUT ---       blabel(3)=alpha:sex;
  INPUT ---       blabel(4)=alpha:recordloss.agout.total;
  INPUT ---       blabel(5)=sigma:(Intercept);
  INPUT ---       blabel(6)=U:(Intercept);
  INPUT ---       blabel(7)=U:sample_monthB;
  INPUT ---       blabel(8)=U:sample_monthC;
  INPUT ---       blabel(9)=U:sample_monthD;
  INPUT ---       blabel(10)=U:sample_monthE;
  INPUT ---       blabel(11)=U:sample_monthF;
  INPUT ---       blabel(12)=Phi:(Intercept);
  INPUT ---       blabel(13)=GammaDoublePrime:(Intercept);
  INPUT ---       blabel(14)=GammaPrime:(Intercept);
  INPUT ---       rlabel(1)=alpha g1 a0 t1;
  INPUT ---       rlabel(2)=alpha g1 a0.2 t1.2;
  INPUT ---       rlabel(3)=alpha g1 a0.4 t1.4;
  INPUT ---       rlabel(4)=alpha g1 a0.6 t1.6;
  INPUT ---       rlabel(5)=alpha g1 a0.8 t1.8;
  INPUT ---       rlabel(6)=alpha g1 a2.8 t3.8;
  INPUT ---       rlabel(7)=alpha g1 a3 t4;
  INPUT ---       rlabel(8)=alpha g1 a3.2 t4.2;
  INPUT ---       rlabel(9)=alpha g1 a3.4 t4.4;
  INPUT ---       rlabel(10)=alpha g1 a3.6 t4.6;
  INPUT ---       rlabel(11)=alpha g1 a6.1 t7.1;
  INPUT ---       rlabel(12)=alpha g1 a6.3 t7.3;
  INPUT ---       rlabel(13)=alpha g1 a6.5 t7.5;
  INPUT ---       rlabel(14)=alpha g1 a6.7 t7.7;
  INPUT ---       rlabel(15)=alpha g1 a6.9 t7.9;
  INPUT ---       rlabel(16)=alpha g1 a9.567 t10.567;
  INPUT ---       rlabel(17)=alpha g1 a9.767 t10.767;
  INPUT ---       rlabel(18)=alpha g1 a9.967 t10.967;
  INPUT ---       rlabel(19)=alpha g1 a10.167 t11.167;
  INPUT ---       rlabel(20)=alpha g1 a10.367 t11.367;
  INPUT ---       rlabel(21)=alpha g1 a12.134 t13.134;
  INPUT ---       rlabel(22)=alpha g1 a12.334 t13.334;
  INPUT ---       rlabel(23)=alpha g1 a12.534 t13.534;
  INPUT ---       rlabel(24)=alpha g1 a12.734 t13.734;
  INPUT ---       rlabel(25)=alpha g1 a12.934 t13.934;
  INPUT ---       rlabel(26)=alpha g1 a16.101 t17.101;
  INPUT ---       rlabel(27)=alpha g1 a16.301 t17.301;
  INPUT ---       rlabel(28)=alpha g1 a16.501 t17.501;
  INPUT ---       rlabel(29)=alpha g1 a16.701 t17.701;
  INPUT ---       rlabel(30)=alpha g1 a16.901 t17.901;

  Program  MARK  - Survival Rate Estimation with Capture-Recapture Data
   gfortran(Win64) Vers. 8.1 Mar 2016    5-Aug-2016 15:45:09    Page  009
 - - - - - - - - - - - - - - - - - - - - - - - - - - - - - - - - - - - - - -
 
  INPUT ---       rlabel(31)=sigma g1 a0 t1;
  INPUT ---       rlabel(32)=U g1 a0 t1;
  INPUT ---       rlabel(33)=U g1 a2.8 t3.8;
  INPUT ---       rlabel(34)=U g1 a6.1 t7.1;
  INPUT ---       rlabel(35)=U g1 a9.567 t10.567;
  INPUT ---       rlabel(36)=U g1 a12.134 t13.134;
  INPUT ---       rlabel(37)=U g1 a16.101 t17.101;
  INPUT ---       rlabel(38)=Phi g1 c1 a0.8 t1.8;
  INPUT ---       rlabel(39)=Gamma'' g1 c1 a0.8 t1.8;
  INPUT ---       rlabel(40)=Gamma' g1 c1 a0.8 t1.8;
  INPUT ---       rlabel(41)=Phi g1 c1 a0 t1;
  INPUT ---       rlabel(42)=Gamma'' g1 c1 a0 t1;

 Link Function Used is PARM-SPECIFIC

 Variance Estimation Procedure Used is 2ndPart 

 M(t+1):
 Group=Group 1                                                                         
       3      3      3      2      3      5      5      5      2      5      5
       4      4      4      4     10      7      7      7      5      5      5
       5      3      4      5      5      5      4      5


 -2logL(saturated) = -0.0000000    
 Effective Sample Size = 169
 Results from first iteration:
  -2logL Initial { alpha(~1 + age.t + sex + recordloss.agout.total)sigma(~1)U(~sample_month)Phi(~1)Gamma''(~1)Gamma'(~1) } = 1138.4459     
  Penalty Initial { alpha(~1 + age.t + sex + recordloss.agout.total)sigma(~1)U(~sample_month)Phi(~1)Gamma''(~1)Gamma'(~1) } = -0.0000000    

 Number of function evaluations was 29 for 14 parameters.
 Time for numerical optimization was 2.80 seconds.
 -2logL { alpha(~1 + age.t + sex + recordloss.agout.total)sigma(~1)U(~sample_month)Phi(~1)Gamma''(~1)Gamma'(~1) } = 1060.3900     
 Penalty { alpha(~1 + age.t + sex + recordloss.agout.total)sigma(~1)U(~sample_month)Phi(~1)Gamma''(~1)Gamma'(~1) } = -0.0000000    

   * *  WARNING  * *   Numerical underflow occurred during optimization of this model. 
     IEEE flag status at end of optimization:
     overflow       F
     divide by zero F
     invalid        F
     underflow      T
     inexact        T

 Gradient { alpha(~1 + age.t + sex + recordloss.agout.total)sigma(~1)U(~sample_month)Phi(~1)Gamma''(~1)Gamma'(~1) }:
 -0.4844372E-04-0.3614960E-04 0.1621351E-04 0.1331299E-04-0.1321730E-04
 -0.3283271E-04 0.1726750E-04  0.000000     0.4644214E-04-0.2997457E-04
 -0.1234091E-04 0.3781166E-04  0.000000      0.000000    
 S Vector { alpha(~1 + age.t + sex + recordloss.agout.total)sigma(~1)U(~sample_month)Phi(~1)Gamma''(~1)Gamma'(~1) }:
   5211.053      364.4524      291.0250      260.4894      244.3842    
   168.1062      65.64764      39.29905      17.04230      9.600135    
   6.136892      3.714428     0.9500123     0.2702012E-08
 Time to compute number of parameters was 1.97 seconds.
   Threshold =  0.3000000E-06     Condition index =  0.5185155E-12     New Threshold =  0.1011000E-07

  Program  MARK  - Survival Rate Estimation with Capture-Recapture Data
   gfortran(Win64) Vers. 8.1 Mar 2016    5-Aug-2016 15:45:12    Page  010
 - - - - - - - - - - - - - - - - - - - - - - - - - - - - - - - - - - - - - -
 
 New Guessimate of Estimated Parameters { alpha(~1 + age.t + sex + recordloss.agout.total)sigma(~1)U(~sample_month)Phi(~1)Gamma''(~1)Gamma'(~1) } = 13          
 Conditioned S Vector { alpha(~1 + age.t + sex + recordloss.agout.total)sigma(~1)U(~sample_month)Phi(~1)Gamma''(~1)Gamma'(~1) }:
   1.000000     0.6993833E-01 0.5584764E-01 0.4998785E-01 0.4689727E-01
  0.3225954E-01 0.1259777E-01 0.7541479E-02 0.3270414E-02 0.1842264E-02
  0.1177668E-02 0.7127979E-03 0.1823072E-03 0.5185155E-12
 Number of Estimated Parameters { alpha(~1 + age.t + sex + recordloss.agout.total)sigma(~1)U(~sample_month)Phi(~1)Gamma''(~1)Gamma'(~1) } = 13          
 DEVIANCE { alpha(~1 + age.t + sex + recordloss.agout.total)sigma(~1)U(~sample_month)Phi(~1)Gamma''(~1)Gamma'(~1) } = 1060.3900                     
 DEVIANCE Degrees of Freedom { alpha(~1 + age.t + sex + recordloss.agout.total)sigma(~1)U(~sample_month)Phi(~1)Gamma''(~1)Gamma'(~1) } = 1            
 c-hat { alpha(~1 + age.t + sex + recordloss.agout.total)sigma(~1)U(~sample_month)Phi(~1)Gamma''(~1)Gamma'(~1) } = 1060.3900                     
 AIC { alpha(~1 + age.t + sex + recordloss.agout.total)sigma(~1)U(~sample_month)Phi(~1)Gamma''(~1)Gamma'(~1) } = 1086.3900                  
 AICc { alpha(~1 + age.t + sex + recordloss.agout.total)sigma(~1)U(~sample_month)Phi(~1)Gamma''(~1)Gamma'(~1) } = 1088.7384                    
 BIC { alpha(~1 + age.t + sex + recordloss.agout.total)sigma(~1)U(~sample_month)Phi(~1)Gamma''(~1)Gamma'(~1) } = 1127.0787                    
 Pearson Chisquare { alpha(~1 + age.t + sex + recordloss.agout.total)sigma(~1)U(~sample_month)Phi(~1)Gamma''(~1)Gamma'(~1) } = 0.3137322E+034             

   * *  WARNING  * *   Numerical underflow occurred during variance-covariance calculation of this model. 
     IEEE flag status at end of variance-covariance calculation:
     overflow       F
     divide by zero F
     invalid        F
     underflow      T
     inexact        T



 PARM-SPECIFIC Link Function Parameters of { alpha(~1 + age.t + sex + recordloss.agout.total)sigma(~1)U(~sample_month)Phi(~1)Gamma''(~1)Gamma'(~1) }
                                                              95% Confidence Interval
 Parameter                    Beta         Standard Error      Lower           Upper
 -------------------------  --------------  --------------  --------------  --------------
    1:alpha:(Intercept)     0.8774254       0.2726740       0.3429844       1.4118665     
    2:alpha:age.t           0.2579597       0.1556845       -0.0471820      0.5631014     
    3:alpha:sex             0.4023713       0.1973672       0.0155317       0.7892109     
    4:alpha:recordloss.ago  -2.4158162      0.5029523       -3.4016028      -1.4300297    
    5:sigma:(Intercept)     -0.7202727      0.1256920       -0.9666290      -0.4739164    
    6:U:(Intercept)         2.4626086       0.1134152       2.2403147       2.6849025     
    7:U:sample_monthB       0.3167727       0.1260188       0.0697758       0.5637696     
    8:U:sample_monthC       0.5913824       0.1191230       0.3579014       0.8248634     
    9:U:sample_monthD       0.9583393       0.1187201       0.7256479       1.1910308     
   10:U:sample_monthE       0.5171103       0.1223420       0.2773199       0.7569007     
   11:U:sample_monthF       0.8424388       0.1212235       0.6048407       1.0800370     
   12:Phi:(Intercept)       2.0066606       0.4036693       1.2154687       2.7978525     
   13:GammaDoublePrime:(In  -2.9444003      1.0259717       -4.9553049      -0.9334957    
   14:GammaPrime:(Intercep  17.724958       0.0000000       17.724958       17.724958     


 Real Function Parameters of { alpha(~1 + age.t + sex + recordloss.agout.total)sigma(~1)U(~sample_month)Phi(~1)Gamma''(~1)Gamma'(~1) }

  Program  MARK  - Survival Rate Estimation with Capture-Recapture Data
   gfortran(Win64) Vers. 8.1 Mar 2016    5-Aug-2016 15:45:12    Page  011
 - - - - - - - - - - - - - - - - - - - - - - - - - - - - - - - - - - - - - -
 

      Following estimates based on unstandardized individual covariate values:
          Variable   Value         
          ---------  ------------- 
          AGE.T1     1.0000000     
          AGE.T1.2   1.0000000     
          AGE.T1.4   1.0000000     
          AGE.T1.6   1.0000000     
          AGE.T1.8   1.0000000     
          AGE.T3.8   1.0000000     
          AGE.T4     1.0000000     
          AGE.T4.2   1.0000000     
          AGE.T4.4   1.0000000     
          AGE.T4.6   1.0000000     
          AGE.T7.1   0.8333333     
          AGE.T7.3   0.8333333     
          AGE.T7.5   0.8333333     
          AGE.T7.7   0.8333333     
          AGE.T7.9   0.8333333     
          AGE.T10.56 0.6666667     
          AGE.T10.76 0.6666667     
          AGE.T10.96 0.6666667     
          AGE.T11.16 0.6666667     
          AGE.T11.36 0.6666667     
          AGE.T13.13 1.0000000     
          AGE.T13.33 1.0000000     
          AGE.T13.53 1.0000000     
          AGE.T13.73 1.0000000     
          AGE.T13.93 1.0000000     
          AGE.T17.10 0.9230769     
          AGE.T17.30 0.9230769     
          AGE.T17.50 0.9230769     
          AGE.T17.70 0.9230769     
          AGE.T17.90 0.9230769     
          SEX        0.8461538     
                                                               95% Confidence Interval
  Parameter                  Estimate       Standard Error      Lower           Upper
 --------------------------  --------------  --------------  --------------  --------------
     1:alpha g1 a0 t1        2.7909972       0.2053195       2.4167078       3.2232549                           
     2:alpha g1 a0.2 t1.2    3.2137905       0.2425242       2.7725080       3.7253091                           
     3:alpha g1 a0.4 t1.4    3.6059593       0.3060656       3.0542253       4.2573619                           
     4:alpha g1 a0.6 t1.6    2.9247737       0.2132176       2.5358308       3.3733722                           
     5:alpha g1 a0.8 t1.8    2.9067125       0.2119402       2.5201050       3.3526291                           
     6:alpha g1 a2.8 t3.8    3.7704243       0.3392906       3.1618831       4.4960862                           
     7:alpha g1 a3 t4        3.6263148       0.3099914       3.0678391       4.2864565                           
     8:alpha g1 a3.2 t4.2    2.8998250       0.2114705       2.5140786       3.3447582                           
     9:alpha g1 a3.4 t4.4    3.7240014       0.3295738       3.1320166       4.4278776                           
    10:alpha g1 a3.6 t4.6    3.5247325       0.2909630       2.9990128       4.1426094                           
    11:alpha g1 a6.1 t7.1    3.4542127       0.2950233       2.9226642       4.0824346                           

  Program  MARK  - Survival Rate Estimation with Capture-Recapture Data
   gfortran(Win64) Vers. 8.1 Mar 2016    5-Aug-2016 15:45:12    Page  012
 - - - - - - - - - - - - - - - - - - - - - - - - - - - - - - - - - - - - - -
 
    12:alpha g1 a6.3 t7.3    3.0234489       0.2260665       2.6118299       3.4999382                           
    13:alpha g1 a6.5 t7.5    2.5005287       0.1907709       2.1536980       2.9032129                           
    14:alpha g1 a6.7 t7.7    3.3966474       0.2840830       2.8839110       4.0005442                           
    15:alpha g1 a6.9 t7.9    3.0506436       0.2294493       2.6330482       3.5344687                           
    16:alpha g1 a9.567 t10.  2.6787702       0.2183712       2.2838091       3.1420358                           
    17:alpha g1 a9.767 t10.  2.7605090       0.2260623       2.3517878       3.2402625                           
    18:alpha g1 a9.967 t10.  2.6697945       0.2176078       2.2762094       3.1314354                           
    19:alpha g1 a10.167 t11  2.2964660       0.1997006       1.9372139       2.7223406                           
    20:alpha g1 a10.367 t11  2.3338995       0.2003513       1.9730784       2.7607048                           
    21:alpha g1 a12.134 t13  3.2280436       0.2443852       2.7834820       3.7436080                           
    22:alpha g1 a12.334 t13  2.6879892       0.2016451       2.3209258       3.1131052                           
    23:alpha g1 a12.534 t13  2.4228246       0.2006750       2.0603394       2.8490836                           
    24:alpha g1 a12.734 t13  2.2091150       0.2065447       1.8399480       2.6523517                           
    25:alpha g1 a12.934 t13  2.0463137       0.2132650       1.6691623       2.5086833                           
    26:alpha g1 a16.101 t17  3.0784538       0.2256853       2.6669352       3.5534714                           
    27:alpha g1 a16.301 t17  2.2548676       0.1966583       1.9011777       2.6743569                           
    28:alpha g1 a16.501 t17  2.6545457       0.1948652       2.2992591       3.0647320                           
    29:alpha g1 a16.701 t17  2.1114410       0.2019897       1.7511897       2.5458026                           
    30:alpha g1 a16.901 t17  2.6298280       0.1942073       2.2758948       3.0388027                           
    31:sigma g1 a0 t1        0.4866195       0.0611642       0.3807302       0.6219589                           
    32:U g1 a0 t1            11.735384       1.3309715       9.4029606       14.646370                           
    33:U g1 a2.8 t3.8        16.109051       1.7143387       13.083913       19.833634                           
    34:U g1 a6.1 t7.1        21.199783       1.7850688       17.979748       24.996502                           
    35:U g1 a9.567 t10.567   30.598405       2.2966992       26.417799       35.440592                           
    36:U g1 a12.134 t13.134  19.682283       1.6544187       16.697492       23.200625                           
    37:U g1 a16.101 t17.101  27.249833       2.2503292       23.184009       32.028687                           
    38:Phi g1 c1 a0.8 t1.8   0.8814946       0.0421680       0.7712651       0.9425597                           
    39:Gamma'' g1 c1 a0.8 t  0.0500018       0.0487354       0.0069966       0.2822160                           
    40:Gamma' g1 c1 a0.8 t1  1.0000000       0.0000000       1.0000000       1.0000000                           
    41:Phi g1 c1 a0 t1       1.0000000       0.0000000       1.0000000       1.0000000       Fixed               
    42:Gamma'' g1 c1 a0 t1   0.0000000       0.0000000       0.0000000       0.0000000       Fixed               

  Program  MARK  - Survival Rate Estimation with Capture-Recapture Data
   gfortran(Win64) Vers. 8.1 Mar 2016    5-Aug-2016 15:45:12    Page  013
 - - - - - - - - - - - - - - - - - - - - - - - - - - - - - - - - - - - - - -
 


                      Estimates of Derived Parameters
 Population Estimates of { alpha(~1 + age.t + sex + recordloss.agout.total)sigma(~1)U(~sample_month)Phi(~1)Gamma''(~1)Gamma'(~1) }
                                                95% Confidence Interval
 Grp. Occ.   N-hat           Standard Error      Lower           Upper
 ---- ----   --------------  --------------  --------------  --------------
   1     1   14.735384       1.3309721       12.348991       17.582938     
   1     2   14.735384       1.3309721       12.348991       17.582938     
   1     3   14.735384       1.3309721       12.348991       17.582938     
   1     4   13.906656       1.3458164       11.509013       16.803793     
   1     5   14.735384       1.3309721       12.348991       17.582938     
   1     6   21.109051       1.7143391       18.007441       24.744884     
   1     7   21.109051       1.7143391       18.007441       24.744884     
   1     8   21.109051       1.7143391       18.007441       24.744884     
   1     9   18.199117       1.7287001       15.113892       21.914136     
   1    10   21.109051       1.7143391       18.007441       24.744884     
   1    11   26.490733       1.8277103       23.143792       30.321691     
   1    12   25.527565       1.8246072       22.194497       29.361177     
   1    13   25.688211       1.8291796       22.345902       29.530434     
   1    14   25.451729       1.8210291       22.125436       29.278090     
   1    15   25.521165       1.8243511       22.188592       29.354269     
   1    16   38.419230       2.4052133       33.986842       43.429668     
   1    17   38.332346       2.3865190       33.932905       43.302180     
   1    18   38.424753       2.4058116       33.991291       43.436468     
   1    19   38.654519       2.4193547       34.196004       43.694341     
   1    20   36.370565       2.3985725       31.965001       41.383325     
   1    21   24.028553       1.6842625       20.947651       27.562584     
   1    22   25.281823       1.7138684       22.139614       28.869996     
   1    23   25.294177       1.7205877       22.140374       28.897226     
   1    24   23.130274       1.7043310       20.023711       26.718801     
   1    25   24.518916       1.7513397       21.319537       28.198419     
   1    26   32.649113       2.2927609       28.455666       37.460538     
   1    27   33.007105       2.3425165       28.725815       37.926478     
   1    28   32.797614       2.3126130       28.569060       37.652043     
   1    29   31.937574       2.3372620       27.675224       36.856383     
   1    30   32.808250       2.3140774       28.577109       37.665855     
 Mean Resighting Rate Estimates of { alpha(~1 + age.t + sex + recordloss.agout.total)sigma(~1)U(~sample_month)Phi(~1)Gamma''(~1)Gamma'(~1) }
                                                95% Confidence Interval
 Grp. Occ.   Lambda-hat      Standard Error      Lower           Upper
 ---- ----   --------------  --------------  --------------  --------------
   1     1   3.1418074       0.1890268       2.7926233       3.5346529     
   1     2   3.6177430       0.2279223       3.1978867       4.0927231     
   1     3   4.0592050       0.3019352       3.5092342       4.6953678     
   1     4   3.2923987       0.1960166       2.9300773       3.6995233     
   1     5   3.2720673       0.1947802       2.9120286       3.6766206     
   1     6   4.2443421       0.3407996       3.6272011       4.9664849     
   1     7   4.0821190       0.3065320       3.5241663       4.7284078     
   1     8   3.2643141       0.1943328       2.9051038       3.6679400     
   1     9   4.1920841       0.3294448       3.5944961       4.8890217     

  Program  MARK  - Survival Rate Estimation with Capture-Recapture Data
   gfortran(Win64) Vers. 8.1 Mar 2016    5-Aug-2016 15:45:12    Page  014
 - - - - - - - - - - - - - - - - - - - - - - - - - - - - - - - - - - - - - -
 
   1    10   3.9677684       0.2842482       3.4486072       4.5650854     
   1    11   4.2647244       0.2908372       3.7317168       4.8738623     
   1    12   3.6338712       0.2087256       3.2472579       4.0665140     
   1    13   3.2585630       0.1814082       2.9219614       3.6339402     
   1    14   4.5275509       0.2822593       4.0072616       5.1153927     
   1    15   4.3570813       0.2223792       3.9425663       4.8151777     
   1    16   3.5301886       0.2106329       3.1409002       3.9677260     
   1    17   4.0137086       0.2252100       3.5960142       4.4799203     
   1    18   3.7769076       0.2147187       3.3789624       4.2217194     
   1    19   3.2062729       0.2026182       2.8331006       3.6285989     
   1    20   3.1511329       0.1996687       2.7834546       3.5673794     
   1    21   5.0310674       0.2478298       4.5683006       5.5407122     
   1    22   3.3864062       0.1927922       3.0291267       3.7858262     
   1    23   3.0797708       0.1999792       2.7120913       3.4972968     
   1    24   3.0607679       0.2201329       2.6588211       3.5234790     
   1    25   3.9894917       0.2696570       3.4950049       4.5539404     
   1    26   3.8351582       0.2111086       3.4432056       4.2717283     
   1    27   2.5382898       0.1903867       2.1917167       2.9396660     
   1    28   3.5276393       0.1852762       3.1827896       3.9098528     
   1    29   3.0147044       0.2182396       2.6164001       3.4736441     
   1    30   3.4987575       0.1852738       3.1540596       3.8811264     
 Pr(Captured 1 or more times) of { alpha(~1 + age.t + sex + recordloss.agout.total)sigma(~1)U(~sample_month)Phi(~1)Gamma''(~1)Gamma'(~1) }
                                                95% Confidence Interval
 Grp. Occ.      p*-hat       Standard Error      Lower           Upper
 ---- ----   --------------  --------------  --------------  --------------
   1     1   0.3050562       0.0056975       0.2940053       0.3163365     
   1     2   0.3122084       0.0049418       0.3026054       0.3219754     
   1     3   0.3170232       0.0045070       0.3082561       0.3259221     
   1     4   0.4605597       0.0081614       0.4446092       0.4765913     
   1     5   0.3072620       0.0054410       0.2967018       0.3180280     
   1     6   0.1913702       0.0025880       0.1863489       0.1964940     
   1     7   0.1905313       0.0026701       0.1853527       0.1958198     
   1     8   0.1845480       0.0032619       0.1782402       0.1910271     
   1     9   0.4784538       0.0064611       0.4658065       0.4911287     
   1    10   0.1898831       0.0027313       0.1845875       0.1952943     
   1    11   0.1921761       0.0022297       0.1878437       0.1965843     
   1    12   0.2345971       0.0036048       0.2276056       0.2417362     
   1    13   0.2316428       0.0038069       0.2242653       0.2391881     
   1    14   0.2421301       0.0023088       0.2376337       0.2466840     
   1    15   0.2418309       0.0021776       0.2375885       0.2461246     
   1    16   0.1328260       0.0023392       0.1283077       0.1374783     
   1    17   0.1367288       0.0015105       0.1337952       0.1397163     
   1    18   0.1351324       0.0018530       0.1315414       0.1388057     
   1    19   0.1319561       0.0022589       0.1275913       0.1364468     
   1    20   0.1829464       0.0038644       0.1754935       0.1906427     
   1    21   0.2443893       0.0016141       0.2412396       0.2475667     
   1    22   0.1843487       0.0031769       0.1782031       0.1906570     
   1    23   0.1841087       0.0032652       0.1777948       0.1905947     
   1    24   0.3073636       0.0055312       0.2966300       0.3183097     
   1    25   0.2393439       0.0029225       0.2336628       0.2451188     

  Program  MARK  - Survival Rate Estimation with Capture-Recapture Data
   gfortran(Win64) Vers. 8.1 Mar 2016    5-Aug-2016 15:45:12    Page  015
 - - - - - - - - - - - - - - - - - - - - - - - - - - - - - - - - - - - - - -
 
   1    26   0.1893766       0.0025135       0.1844992       0.1943521     
   1    27   0.1736934       0.0047321       0.1646130       0.1831648     
   1    28   0.1877603       0.0026232       0.1826728       0.1929560     
   1    29   0.2290259       0.0045040       0.2203179       0.2379730     
   1    30   0.1875323       0.0026573       0.1823795       0.1927963     

 Attempted ordering of parameters by estimatibility:
   1  6  9 11  8 10  5  7  2  3 12  4 13 14
 Beta number 14 is a singular value.

     CPU Time in seconds for last procedure was 5.00


  INPUT --- proc stop;

   * *  WARNING  * *   Numerical underflow occurred during final processing of this model. 
     IEEE flag status at final processing of this model:
     overflow       F
     divide by zero F
     invalid        F
     underflow      T
     inexact        T


     CPU Time in minutes for this job was 0.08

     Time Start = 15:45:09.119   Time End = 15:45:12.878

     Wall Clock Time in minutes for this job was 0.06


          E X E C U T I O N   S U C C E S S F U L 
