
   Program  MARK  - Survival Rate Estimation with Capture-Recapture Data
   gfortran(Win64) Vers. 8.1 Mar 2016    5-Aug-2016 15:53:47    Page  001
 - - - - - - - - - - - - - - - - - - - - - - - - - - - - - - - - - - - - - -
 
   This version was compiled by GCC version 5.3.0 using the options: 
     -cpp -iprefix c:\tdm-gcc-64\gcc\bin\../lib/gcc/x86_64-w64-mingw32/5.3.0/ -D_MT
     -U_REENTRANT -D IEEE -m64 -mtune=generic -march=x86-64 -mthreads -O2
     -fimplicit-none -fbounds-check -funroll-loops -ftree-vectorize
     -ffpe-summary=invalid,zero,overflow,underflow -fno-unsafe-math-optimizations
     -frounding-math -fsignaling-nans -fopenmp.

   This problem will use 3 of 4 possible threads.


  INPUT --- proc title ;

     CPU Time in seconds for last procedure was 0.02


  INPUT --- proc chmatrix occasions= 30 groups= 1 etype= PoissonMR 
  INPUT --- icovar = 32 ICMeans NoHist  hist= 14 ;

  INPUT ---    time interval 0.2 0.2 0.2 0.2 2 0.2 0.2 0.2 0.2 2.5 0.2 0.2 
  INPUT ---    0.2 0.2 2.667 0.2 0.2 0.2  0.2 1.767 0.2 0.2 0.2 0.2 3.167 
  INPUT ---    0.2 0.2 0.2 0.2 ;

  INPUT ---     icovariates captive age.t1 age.t1.2 age.t1.4  age.t1.6 
  INPUT ---    age.t1.8 age.t3.8 age.t4 age.t4.2 age.t4.4 age.t4.6 
  INPUT ---    age.t7.1 age.t7.3 age.t7.5 age.t7.7  age.t7.9 age.t10.567 
  INPUT ---    age.t10.767 age.t10.967 age.t11.167 age.t11.367 age.t13.134 
  INPUT ---    age.t13.334  age.t13.534 age.t13.734 age.t13.934 
  INPUT ---    age.t17.101 age.t17.301 age.t17.501 age.t17.701 age.t17.901 
  INPUT ---     sex ;

  INPUT ---    glabel(1)=Group 1;

      Number of unique encounter histories read was 14.

      Number of individual covariates read was 32.
      Time interval lengths vary and/or not equal to 1.

      Data type number is 115
      Data type is Poisson Mark Resight with Robust Design                                                             

     CPU Time in seconds for last procedure was 0.00

  Program  MARK  - Survival Rate Estimation with Capture-Recapture Data
   gfortran(Win64) Vers. 8.1 Mar 2016    5-Aug-2016 15:53:47    Page  002
 - - - - - - - - - - - - - - - - - - - - - - - - - - - - - - - - - - - - - -
 


  INPUT --- proc estimate link=Parm-Specific NOLOOP varest=2ndPart    ;


  INPUT --- model={ alpha(~1 + captive + age.t + sex + effort.trapdays 
  INPUT --- + recordloss.agout.total)sigma(~1)U(~sample_month)Phi(~1 + 
  INPUT --- captive + sample_month)Gamma''(~1)Gamma'(~1) };

  INPUT ---    fixed=2;
  INPUT ---        parm(45)=1 ;
  INPUT ---        parm(46)=0 ;

  INPUT ---    group=1 alpha    rows=1 cols=30 Square ;
  INPUT ---        1 2 3 4 5 6 7 8 9 10 11 12 13 14 15 16 17 18 19 20 21 22 
  INPUT ---       23 24 25 26 27 28 29 30 ;

  INPUT ---    group=1 sigma    rows=1 cols=30 Square ;
  INPUT ---        31 31 31 31 31 31 31 31 31 31 31 31 31 31 31 31 31 31 31 
  INPUT ---       31 31 31 31 31 31 31 31 31 31 31 ;

  INPUT ---    group=1 U    rows=1 cols=30 Square ;
  INPUT ---        32 32 32 32 32 33 33 33 33 33 34 34 34 34 34 35 35 35 35 
  INPUT ---       35 36 36 36 36 36 37 37 37 37 37 ;

  INPUT ---    group=1 Phi    rows=29 cols=29 Triang ;
  INPUT ---        45 45 45 45 38 45 45 45 45 39 45 45 45 45 40 45 45 45 45 
  INPUT ---       41 45 45 45 45 42 45 45 45 45 ;
  INPUT ---        45 45 45 45 45 45 45 45 45 45 45 45 45 45 45 45 45 45 45 
  INPUT ---       45 45 45 45 45 45 45 45 45 ;
  INPUT ---        45 45 45 45 45 45 45 45 45 45 45 45 45 45 45 45 45 45 45 
  INPUT ---       45 45 45 45 45 45 45 45 ;
  INPUT ---        45 45 45 45 45 45 45 45 45 45 45 45 45 45 45 45 45 45 45 
  INPUT ---       45 45 45 45 45 45 45 ;
  INPUT ---        45 45 45 45 45 45 45 45 45 45 45 45 45 45 45 45 45 45 45 
  INPUT ---       45 45 45 45 45 45 ;
  INPUT ---        45 45 45 45 39 45 45 45 45 40 45 45 45 45 41 45 45 45 45 
  INPUT ---       42 45 45 45 45 ;
  INPUT ---        45 45 45 45 45 45 45 45 45 45 45 45 45 45 45 45 45 45 45 
  INPUT ---       45 45 45 45 ;
  INPUT ---        45 45 45 45 45 45 45 45 45 45 45 45 45 45 45 45 45 45 45 
  INPUT ---       45 45 45 ;
  INPUT ---        45 45 45 45 45 45 45 45 45 45 45 45 45 45 45 45 45 45 45 
  INPUT ---       45 45 ;
  INPUT ---        45 45 45 45 45 45 45 45 45 45 45 45 45 45 45 45 45 45 45 
  INPUT ---       45 ;

  Program  MARK  - Survival Rate Estimation with Capture-Recapture Data
   gfortran(Win64) Vers. 8.1 Mar 2016    5-Aug-2016 15:53:47    Page  003
 - - - - - - - - - - - - - - - - - - - - - - - - - - - - - - - - - - - - - -
 
  INPUT ---        45 45 45 45 40 45 45 45 45 41 45 45 45 45 42 45 45 45 45 ;
  INPUT ---        45 45 45 45 45 45 45 45 45 45 45 45 45 45 45 45 45 45 ;
  INPUT ---        45 45 45 45 45 45 45 45 45 45 45 45 45 45 45 45 45 ;
  INPUT ---        45 45 45 45 45 45 45 45 45 45 45 45 45 45 45 45 ;
  INPUT ---        45 45 45 45 45 45 45 45 45 45 45 45 45 45 45 ;
  INPUT ---        45 45 45 45 41 45 45 45 45 42 45 45 45 45 ;
  INPUT ---        45 45 45 45 45 45 45 45 45 45 45 45 45 ;
  INPUT ---        45 45 45 45 45 45 45 45 45 45 45 45 ;
  INPUT ---        45 45 45 45 45 45 45 45 45 45 45 ;
  INPUT ---        45 45 45 45 45 45 45 45 45 45 ;
  INPUT ---        45 45 45 45 42 45 45 45 45 ;
  INPUT ---        45 45 45 45 45 45 45 45 ;
  INPUT ---        45 45 45 45 45 45 45 ;
  INPUT ---        45 45 45 45 45 45 ;
  INPUT ---        45 45 45 45 45 ;
  INPUT ---        45 45 45 45 ;
  INPUT ---        45 45 45 ;
  INPUT ---        45 45 ;
  INPUT ---        45 ;

  INPUT ---    group=1 Gamma''    rows=29 cols=29 Triang ;
  INPUT ---        46 46 46 46 43 46 46 46 46 43 46 46 46 46 43 46 46 46 46 
  INPUT ---       43 46 46 46 46 43 46 46 46 46 ;
  INPUT ---        46 46 46 46 46 46 46 46 46 46 46 46 46 46 46 46 46 46 46 
  INPUT ---       46 46 46 46 46 46 46 46 46 ;
  INPUT ---        46 46 46 46 46 46 46 46 46 46 46 46 46 46 46 46 46 46 46 
  INPUT ---       46 46 46 46 46 46 46 46 ;
  INPUT ---        46 46 46 46 46 46 46 46 46 46 46 46 46 46 46 46 46 46 46 
  INPUT ---       46 46 46 46 46 46 46 ;
  INPUT ---        46 46 46 46 46 46 46 46 46 46 46 46 46 46 46 46 46 46 46 
  INPUT ---       46 46 46 46 46 46 ;
  INPUT ---        46 46 46 46 43 46 46 46 46 43 46 46 46 46 43 46 46 46 46 
  INPUT ---       43 46 46 46 46 ;
  INPUT ---        46 46 46 46 46 46 46 46 46 46 46 46 46 46 46 46 46 46 46 
  INPUT ---       46 46 46 46 ;
  INPUT ---        46 46 46 46 46 46 46 46 46 46 46 46 46 46 46 46 46 46 46 
  INPUT ---       46 46 46 ;
  INPUT ---        46 46 46 46 46 46 46 46 46 46 46 46 46 46 46 46 46 46 46 
  INPUT ---       46 46 ;
  INPUT ---        46 46 46 46 46 46 46 46 46 46 46 46 46 46 46 46 46 46 46 
  INPUT ---       46 ;
  INPUT ---        46 46 46 46 43 46 46 46 46 43 46 46 46 46 43 46 46 46 46 ;
  INPUT ---        46 46 46 46 46 46 46 46 46 46 46 46 46 46 46 46 46 46 ;
  INPUT ---        46 46 46 46 46 46 46 46 46 46 46 46 46 46 46 46 46 ;
  INPUT ---        46 46 46 46 46 46 46 46 46 46 46 46 46 46 46 46 ;
  INPUT ---        46 46 46 46 46 46 46 46 46 46 46 46 46 46 46 ;

  Program  MARK  - Survival Rate Estimation with Capture-Recapture Data
   gfortran(Win64) Vers. 8.1 Mar 2016    5-Aug-2016 15:53:47    Page  004
 - - - - - - - - - - - - - - - - - - - - - - - - - - - - - - - - - - - - - -
 
  INPUT ---        46 46 46 46 43 46 46 46 46 43 46 46 46 46 ;
  INPUT ---        46 46 46 46 46 46 46 46 46 46 46 46 46 ;
  INPUT ---        46 46 46 46 46 46 46 46 46 46 46 46 ;
  INPUT ---        46 46 46 46 46 46 46 46 46 46 46 ;
  INPUT ---        46 46 46 46 46 46 46 46 46 46 ;
  INPUT ---        46 46 46 46 43 46 46 46 46 ;
  INPUT ---        46 46 46 46 46 46 46 46 ;
  INPUT ---        46 46 46 46 46 46 46 ;
  INPUT ---        46 46 46 46 46 46 ;
  INPUT ---        46 46 46 46 46 ;
  INPUT ---        46 46 46 46 ;
  INPUT ---        46 46 46 ;
  INPUT ---        46 46 ;
  INPUT ---        46 ;

  INPUT ---    group=1 Gamma'    rows=28 cols=28 Triang ;
  INPUT ---        46 46 46 44 46 46 46 46 44 46 46 46 46 44 46 46 46 46 44 
  INPUT ---       46 46 46 46 44 46 46 46 46 ;
  INPUT ---        46 46 46 46 46 46 46 46 46 46 46 46 46 46 46 46 46 46 46 
  INPUT ---       46 46 46 46 46 46 46 46 ;
  INPUT ---        46 46 46 46 46 46 46 46 46 46 46 46 46 46 46 46 46 46 46 
  INPUT ---       46 46 46 46 46 46 46 ;
  INPUT ---        46 46 46 46 46 46 46 46 46 46 46 46 46 46 46 46 46 46 46 
  INPUT ---       46 46 46 46 46 46 ;
  INPUT ---        46 46 46 46 46 46 46 46 46 46 46 46 46 46 46 46 46 46 46 
  INPUT ---       46 46 46 46 46 ;
  INPUT ---        46 46 46 44 46 46 46 46 44 46 46 46 46 44 46 46 46 46 44 
  INPUT ---       46 46 46 46 ;
  INPUT ---        46 46 46 46 46 46 46 46 46 46 46 46 46 46 46 46 46 46 46 
  INPUT ---       46 46 46 ;
  INPUT ---        46 46 46 46 46 46 46 46 46 46 46 46 46 46 46 46 46 46 46 
  INPUT ---       46 46 ;
  INPUT ---        46 46 46 46 46 46 46 46 46 46 46 46 46 46 46 46 46 46 46 
  INPUT ---       46 ;
  INPUT ---        46 46 46 46 46 46 46 46 46 46 46 46 46 46 46 46 46 46 46 ;
  INPUT ---        46 46 46 44 46 46 46 46 44 46 46 46 46 44 46 46 46 46 ;
  INPUT ---        46 46 46 46 46 46 46 46 46 46 46 46 46 46 46 46 46 ;
  INPUT ---        46 46 46 46 46 46 46 46 46 46 46 46 46 46 46 46 ;
  INPUT ---        46 46 46 46 46 46 46 46 46 46 46 46 46 46 46 ;
  INPUT ---        46 46 46 46 46 46 46 46 46 46 46 46 46 46 ;
  INPUT ---        46 46 46 44 46 46 46 46 44 46 46 46 46 ;
  INPUT ---        46 46 46 46 46 46 46 46 46 46 46 46 ;
  INPUT ---        46 46 46 46 46 46 46 46 46 46 46 ;
  INPUT ---        46 46 46 46 46 46 46 46 46 46 ;
  INPUT ---        46 46 46 46 46 46 46 46 46 ;
  INPUT ---        46 46 46 44 46 46 46 46 ;

  Program  MARK  - Survival Rate Estimation with Capture-Recapture Data
   gfortran(Win64) Vers. 8.1 Mar 2016    5-Aug-2016 15:53:47    Page  005
 - - - - - - - - - - - - - - - - - - - - - - - - - - - - - - - - - - - - - -
 
  INPUT ---        46 46 46 46 46 46 46 ;
  INPUT ---        46 46 46 46 46 46 ;
  INPUT ---        46 46 46 46 46 ;
  INPUT ---        46 46 46 46 ;
  INPUT ---        46 46 46 ;
  INPUT ---        46 46 ;
  INPUT ---        46 ;

  INPUT ---    initial  0.8492118 0 0 0 0 0 -0.3123225 3.139572 0 0 0 0 0 
  INPUT ---    2.0066797 0 0 0 0 0 -2.9445172 17.724958  ;

  INPUT ---    design matrix constraints=46 covariates=21;
  INPUT ---        1 captive age.t1 sex 96 0.186046511627907 0 0 0 0 0 0 0 0 
  INPUT ---       0 0 0 0 0 0 0;
  INPUT ---        1 captive age.t1.2 sex 96 0.127659574468085 0 0 0 0 0 0 0 
  INPUT ---       0 0 0 0 0 0 0 0;
  INPUT ---        1 captive age.t1.4 sex 114 0.08 0 0 0 0 0 0 0 0 0 0 0 0 0 
  INPUT ---       0 0;
  INPUT ---        1 captive age.t1.6 sex 120 0.166666666666667 0 0 0 0 0 0 0 
  INPUT ---       0 0 0 0 0 0 0 0;
  INPUT ---        1 captive age.t1.8 sex 115 0.169230769230769 0 0 0 0 0 0 0 
  INPUT ---       0 0 0 0 0 0 0 0;
  INPUT ---        1 captive age.t3.8 sex 126 0.0615384615384615 0 0 0 0 0 0 
  INPUT ---       0 0 0 0 0 0 0 0 0;
  INPUT ---        1 captive age.t4 sex 126 0.0776699029126214 0 0 0 0 0 0 0 
  INPUT ---       0 0 0 0 0 0 0 0;
  INPUT ---        1 captive age.t4.2 sex 126 0.170212765957447 0 0 0 0 0 0 0 
  INPUT ---       0 0 0 0 0 0 0 0;
  INPUT ---        1 captive age.t4.4 sex 114 0.0666666666666667 0 0 0 0 0 0 
  INPUT ---       0 0 0 0 0 0 0 0 0;
  INPUT ---        1 captive age.t4.6 sex 126 0.0894308943089431 0 0 0 0 0 0 
  INPUT ---       0 0 0 0 0 0 0 0 0;
  INPUT ---        1 captive age.t7.1 sex 139 0.08 0 0 0 0 0 0 0 0 0 0 0 0 0 
  INPUT ---       0 0;
  INPUT ---        1 captive age.t7.3 sex 168 0.135135135135135 0 0 0 0 0 0 0 
  INPUT ---       0 0 0 0 0 0 0 0;
  INPUT ---        1 captive age.t7.5 sex 180 0.213740458015267 0 0 0 0 0 0 0 
  INPUT ---       0 0 0 0 0 0 0 0;
  INPUT ---        1 captive age.t7.7 sex 174 0.0869565217391304 0 0 0 0 0 0 
  INPUT ---       0 0 0 0 0 0 0 0 0;
  INPUT ---        1 captive age.t7.9 sex 173 0.131428571428571 0 0 0 0 0 0 0 
  INPUT ---       0 0 0 0 0 0 0 0;
  INPUT ---        1 captive age.t10.567 sex 166 0.167441860465116 0 0 0 0 0 
  INPUT ---       0 0 0 0 0 0 0 0 0 0;
  INPUT ---        1 captive age.t10.767 sex 172 0.155 0 0 0 0 0 0 0 0 0 0 0 
  INPUT ---       0 0 0 0;

  Program  MARK  - Survival Rate Estimation with Capture-Recapture Data
   gfortran(Win64) Vers. 8.1 Mar 2016    5-Aug-2016 15:53:47    Page  006
 - - - - - - - - - - - - - - - - - - - - - - - - - - - - - - - - - - - - - -
 
  INPUT ---        1 captive age.t10.967 sex 166 0.168831168831169 0 0 0 0 0 
  INPUT ---       0 0 0 0 0 0 0 0 0 0;
  INPUT ---        1 captive age.t11.167 sex 171 0.231182795698925 0 0 0 0 0 
  INPUT ---       0 0 0 0 0 0 0 0 0 0;
  INPUT ---        1 captive age.t11.367 sex 151 0.224489795918367 0 0 0 0 0 
  INPUT ---       0 0 0 0 0 0 0 0 0 0;
  INPUT ---        1 captive age.t13.134 sex 192 0.125827814569536 0 0 0 0 0 
  INPUT ---       0 0 0 0 0 0 0 0 0 0;
  INPUT ---        1 captive age.t13.334 sex 185 0.201612903225806 0 0 0 0 0 
  INPUT ---       0 0 0 0 0 0 0 0 0 0;
  INPUT ---        1 captive age.t13.534 sex 198 0.244604316546763 0 0 0 0 0 
  INPUT ---       0 0 0 0 0 0 0 0 0 0;
  INPUT ---        1 captive age.t13.734 sex 198 0.282828282828283 0 0 0 0 0 
  INPUT ---       0 0 0 0 0 0 0 0 0 0;
  INPUT ---        1 captive age.t13.934 sex 195 0.314516129032258 0 0 0 0 0 
  INPUT ---       0 0 0 0 0 0 0 0 0 0;
  INPUT ---        1 captive age.t17.101 sex 192 0.137254901960784 0 0 0 0 0 
  INPUT ---       0 0 0 0 0 0 0 0 0 0;
  INPUT ---        1 captive age.t17.301 sex 192 0.266129032258065 0 0 0 0 0 
  INPUT ---       0 0 0 0 0 0 0 0 0 0;
  INPUT ---        1 captive age.t17.501 sex 198 0.198581560283688 0 0 0 0 0 
  INPUT ---       0 0 0 0 0 0 0 0 0 0;
  INPUT ---        1 captive age.t17.701 sex 198 0.293333333333333 0 0 0 0 0 
  INPUT ---       0 0 0 0 0 0 0 0 0 0;
  INPUT ---        1 captive age.t17.901 sex 198 0.202453987730061 0 0 0 0 0 
  INPUT ---       0 0 0 0 0 0 0 0 0 0;
  INPUT ---        0 0 0 0 0 0 1 0 0 0 0 0 0 0 0 0 0 0 0 0 0;
  INPUT ---        0 0 0 0 0 0 0 1 0 0 0 0 0 0 0 0 0 0 0 0 0;
  INPUT ---        0 0 0 0 0 0 0 1 1 0 0 0 0 0 0 0 0 0 0 0 0;
  INPUT ---        0 0 0 0 0 0 0 1 0 1 0 0 0 0 0 0 0 0 0 0 0;
  INPUT ---        0 0 0 0 0 0 0 1 0 0 1 0 0 0 0 0 0 0 0 0 0;
  INPUT ---        0 0 0 0 0 0 0 1 0 0 0 1 0 0 0 0 0 0 0 0 0;
  INPUT ---        0 0 0 0 0 0 0 1 0 0 0 0 1 0 0 0 0 0 0 0 0;
  INPUT ---        0 0 0 0 0 0 0 0 0 0 0 0 0 1 captive 0 0 0 0 0 0;
  INPUT ---        0 0 0 0 0 0 0 0 0 0 0 0 0 1 captive 1 0 0 0 0 0;
  INPUT ---        0 0 0 0 0 0 0 0 0 0 0 0 0 1 captive 0 1 0 0 0 0;
  INPUT ---        0 0 0 0 0 0 0 0 0 0 0 0 0 1 captive 0 0 1 0 0 0;
  INPUT ---        0 0 0 0 0 0 0 0 0 0 0 0 0 1 captive 0 0 0 1 0 0;
  INPUT ---        0 0 0 0 0 0 0 0 0 0 0 0 0 0 0 0 0 0 0 1 0;
  INPUT ---        0 0 0 0 0 0 0 0 0 0 0 0 0 0 0 0 0 0 0 0 1;
  INPUT ---        0 0 0 0 0 0 0 0 0 0 0 0 0 0 0 0 0 0 0 0 0;
  INPUT ---        0 0 0 0 0 0 0 0 0 0 0 0 0 0 0 0 0 0 0 0 0;

  INPUT ---    links=46;

  INPUT ---    Log;

  Program  MARK  - Survival Rate Estimation with Capture-Recapture Data
   gfortran(Win64) Vers. 8.1 Mar 2016    5-Aug-2016 15:53:47    Page  007
 - - - - - - - - - - - - - - - - - - - - - - - - - - - - - - - - - - - - - -
 

  INPUT ---    Log;

  INPUT ---    Log;

  INPUT ---    Log;

  INPUT ---    Log;

  INPUT ---    Log;

  INPUT ---    Log;

  INPUT ---    Log;

  INPUT ---    Log;

  INPUT ---    Log;

  INPUT ---    Log;

  INPUT ---    Log;

  INPUT ---    Log;

  INPUT ---    Log;

  INPUT ---    Log;

  INPUT ---    Log;

  INPUT ---    Log;

  INPUT ---    Log;

  INPUT ---    Log;

  INPUT ---    Log;

  INPUT ---    Log;

  INPUT ---    Log;

  INPUT ---    Log;

  INPUT ---    Log;

  Program  MARK  - Survival Rate Estimation with Capture-Recapture Data
   gfortran(Win64) Vers. 8.1 Mar 2016    5-Aug-2016 15:53:47    Page  008
 - - - - - - - - - - - - - - - - - - - - - - - - - - - - - - - - - - - - - -
 

  INPUT ---    Log;

  INPUT ---    Log;

  INPUT ---    Log;

  INPUT ---    Log;

  INPUT ---    Log;

  INPUT ---    Log;

  INPUT ---    Log;

  INPUT ---    Log;

  INPUT ---    Log;

  INPUT ---    Log;

  INPUT ---    Log;

  INPUT ---    Log;

  INPUT ---    Log;

  INPUT ---    Logit;

  INPUT ---    Logit;

  INPUT ---    Logit;

  INPUT ---    Logit;

  INPUT ---    Logit;

  INPUT ---    Logit;

  INPUT ---    Logit;

  INPUT ---    Logit;

  INPUT ---    Logit;
  INPUT ---       blabel(1)=alpha:(Intercept);
  INPUT ---       blabel(2)=alpha:captive;

  Program  MARK  - Survival Rate Estimation with Capture-Recapture Data
   gfortran(Win64) Vers. 8.1 Mar 2016    5-Aug-2016 15:53:47    Page  009
 - - - - - - - - - - - - - - - - - - - - - - - - - - - - - - - - - - - - - -
 
  INPUT ---       blabel(3)=alpha:age.t;
  INPUT ---       blabel(4)=alpha:sex;
  INPUT ---       blabel(5)=alpha:effort.trapdays;
  INPUT ---       blabel(6)=alpha:recordloss.agout.total;
  INPUT ---       blabel(7)=sigma:(Intercept);
  INPUT ---       blabel(8)=U:(Intercept);
  INPUT ---       blabel(9)=U:sample_monthB;
  INPUT ---       blabel(10)=U:sample_monthC;
  INPUT ---       blabel(11)=U:sample_monthD;
  INPUT ---       blabel(12)=U:sample_monthE;
  INPUT ---       blabel(13)=U:sample_monthF;
  INPUT ---       blabel(14)=Phi:(Intercept);
  INPUT ---       blabel(15)=Phi:captive;
  INPUT ---       blabel(16)=Phi:sample_monthB;
  INPUT ---       blabel(17)=Phi:sample_monthC;
  INPUT ---       blabel(18)=Phi:sample_monthD;
  INPUT ---       blabel(19)=Phi:sample_monthE;
  INPUT ---       blabel(20)=GammaDoublePrime:(Intercept);
  INPUT ---       blabel(21)=GammaPrime:(Intercept);
  INPUT ---       rlabel(1)=alpha g1 a0 t1;
  INPUT ---       rlabel(2)=alpha g1 a0.2 t1.2;
  INPUT ---       rlabel(3)=alpha g1 a0.4 t1.4;
  INPUT ---       rlabel(4)=alpha g1 a0.6 t1.6;
  INPUT ---       rlabel(5)=alpha g1 a0.8 t1.8;
  INPUT ---       rlabel(6)=alpha g1 a2.8 t3.8;
  INPUT ---       rlabel(7)=alpha g1 a3 t4;
  INPUT ---       rlabel(8)=alpha g1 a3.2 t4.2;
  INPUT ---       rlabel(9)=alpha g1 a3.4 t4.4;
  INPUT ---       rlabel(10)=alpha g1 a3.6 t4.6;
  INPUT ---       rlabel(11)=alpha g1 a6.1 t7.1;
  INPUT ---       rlabel(12)=alpha g1 a6.3 t7.3;
  INPUT ---       rlabel(13)=alpha g1 a6.5 t7.5;
  INPUT ---       rlabel(14)=alpha g1 a6.7 t7.7;
  INPUT ---       rlabel(15)=alpha g1 a6.9 t7.9;
  INPUT ---       rlabel(16)=alpha g1 a9.567 t10.567;
  INPUT ---       rlabel(17)=alpha g1 a9.767 t10.767;
  INPUT ---       rlabel(18)=alpha g1 a9.967 t10.967;
  INPUT ---       rlabel(19)=alpha g1 a10.167 t11.167;
  INPUT ---       rlabel(20)=alpha g1 a10.367 t11.367;
  INPUT ---       rlabel(21)=alpha g1 a12.134 t13.134;
  INPUT ---       rlabel(22)=alpha g1 a12.334 t13.334;
  INPUT ---       rlabel(23)=alpha g1 a12.534 t13.534;
  INPUT ---       rlabel(24)=alpha g1 a12.734 t13.734;
  INPUT ---       rlabel(25)=alpha g1 a12.934 t13.934;
  INPUT ---       rlabel(26)=alpha g1 a16.101 t17.101;
  INPUT ---       rlabel(27)=alpha g1 a16.301 t17.301;

  Program  MARK  - Survival Rate Estimation with Capture-Recapture Data
   gfortran(Win64) Vers. 8.1 Mar 2016    5-Aug-2016 15:53:47    Page  010
 - - - - - - - - - - - - - - - - - - - - - - - - - - - - - - - - - - - - - -
 
  INPUT ---       rlabel(28)=alpha g1 a16.501 t17.501;
  INPUT ---       rlabel(29)=alpha g1 a16.701 t17.701;
  INPUT ---       rlabel(30)=alpha g1 a16.901 t17.901;
  INPUT ---       rlabel(31)=sigma g1 a0 t1;
  INPUT ---       rlabel(32)=U g1 a0 t1;
  INPUT ---       rlabel(33)=U g1 a2.8 t3.8;
  INPUT ---       rlabel(34)=U g1 a6.1 t7.1;
  INPUT ---       rlabel(35)=U g1 a9.567 t10.567;
  INPUT ---       rlabel(36)=U g1 a12.134 t13.134;
  INPUT ---       rlabel(37)=U g1 a16.101 t17.101;
  INPUT ---       rlabel(38)=Phi g1 c1 a0.8 t1.8;
  INPUT ---       rlabel(39)=Phi g1 c1 a3.6 t4.6;
  INPUT ---       rlabel(40)=Phi g1 c1 a6.9 t7.9;
  INPUT ---       rlabel(41)=Phi g1 c1 a10.367 t11.367;
  INPUT ---       rlabel(42)=Phi g1 c1 a12.934 t13.934;
  INPUT ---       rlabel(43)=Gamma'' g1 c1 a0.8 t1.8;
  INPUT ---       rlabel(44)=Gamma' g1 c1 a0.8 t1.8;
  INPUT ---       rlabel(45)=Phi g1 c1 a0 t1;
  INPUT ---       rlabel(46)=Gamma'' g1 c1 a0 t1;

 Link Function Used is PARM-SPECIFIC

 Variance Estimation Procedure Used is 2ndPart 

 M(t+1):
 Group=Group 1                                                                         
       3      3      3      2      3      5      5      5      2      5      5
       4      4      4      4     10      7      7      7      5      5      5
       5      3      4      5      5      5      4      5


 -2logL(saturated) = -0.0000000    
 Effective Sample Size = 169
 Results from first iteration:
  -2logL Initial { alpha(~1 + captive + age.t + sex + effort.trapdays + recordloss.agout.total)sigma(~1)U(~sample_month)Phi(~1 + captive + sample_month)Gamma''(~1)Gamma'(~1) } = 1138.4459     
  Penalty Initial { alpha(~1 + captive + age.t + sex + effort.trapdays + recordloss.agout.total)sigma(~1)U(~sample_month)Phi(~1 + captive + sample_month)Gamma''(~1)Gamma'(~1) } = -0.0000000    

 Number of function evaluations was 36 for 21 parameters.
 Time for numerical optimization was 5.56 seconds.
 -2logL { alpha(~1 + captive + age.t + sex + effort.trapdays + recordloss.agout.total)sigma(~1)U(~sample_month)Phi(~1 + captive + sample_month)Gamma''(~1)Gamma'(~1) } = 1046.0752     
 Penalty { alpha(~1 + captive + age.t + sex + effort.trapdays + recordloss.agout.total)sigma(~1)U(~sample_month)Phi(~1 + captive + sample_month)Gamma''(~1)Gamma'(~1) } = -0.0000000    

   * *  WARNING  * *   Numerical underflow occurred during optimization of this model. 

  Program  MARK  - Survival Rate Estimation with Capture-Recapture Data
   gfortran(Win64) Vers. 8.1 Mar 2016    5-Aug-2016 15:53:51    Page  011
 - - - - - - - - - - - - - - - - - - - - - - - - - - - - - - - - - - - - - -
 
     IEEE flag status at end of optimization:
     overflow       F
     divide by zero F
     invalid        F
     underflow      T
     inexact        T

 Gradient { alpha(~1 + captive + age.t + sex + effort.trapdays + recordloss.agout.total)sigma(~1)U(~sample_month)Phi(~1 + captive + sample_month)Gamma''(~1)Gamma'(~1) }:
 -0.1022334E-01-0.6702311E-02-0.6155816E-02-0.2447155E-02-0.5373118E-02
 -0.4564419E-03-0.7573725E-02-0.6627854E-02-0.1833717E-02 0.1310253E-02
 -0.5492469E-02-0.1056033E-02 0.1644294E-03-0.2330193E-03 0.2432268E-03
  0.6005283E-04-0.9281834E-03-0.4014286E-03 0.8710418E-03 0.8070289E-04
   0.000000    
 S Vector { alpha(~1 + captive + age.t + sex + effort.trapdays + recordloss.agout.total)sigma(~1)U(~sample_month)Phi(~1 + captive + sample_month)Gamma''(~1)Gamma'(~1) }:
   6740.029      401.0280      310.6161      283.4262      251.5097    
   208.0501      126.3754      54.34609      33.41251      27.21323    
   9.780437      7.529567      4.456480      2.520535      1.671228    
  0.9500181     0.9477219     0.9038512     0.6966374     0.5423048E-04
  0.2702012E-08
 Time to compute number of parameters was 4.19 seconds.
   Threshold =  0.4400000E-06     Condition index =  0.4008902E-12     New Threshold =  0.1238217E-07
 New Guessimate of Estimated Parameters { alpha(~1 + captive + age.t + sex + effort.trapdays + recordloss.agout.total)sigma(~1)U(~sample_month)Phi(~1 + captive + sample_month)Gamma''(~1)Gamma'(~1) } = 19          
 Conditioned S Vector { alpha(~1 + captive + age.t + sex + effort.trapdays + recordloss.agout.total)sigma(~1)U(~sample_month)Phi(~1 + captive + sample_month)Gamma''(~1)Gamma'(~1) }:
   1.000000     0.5949945E-01 0.4608527E-01 0.4205118E-01 0.3731582E-01
  0.3086784E-01 0.1874997E-01 0.8063183E-02 0.4957325E-02 0.4037554E-02
  0.1451097E-02 0.1117142E-02 0.6611960E-03 0.3739649E-03 0.2479555E-03
  0.1409516E-03 0.1406109E-03 0.1341020E-03 0.1033582E-03 0.8046030E-08
  0.4008902E-12
 Number of Estimated Parameters { alpha(~1 + captive + age.t + sex + effort.trapdays + recordloss.agout.total)sigma(~1)U(~sample_month)Phi(~1 + captive + sample_month)Gamma''(~1)Gamma'(~1) } = 19          
 DEVIANCE { alpha(~1 + captive + age.t + sex + effort.trapdays + recordloss.agout.total)sigma(~1)U(~sample_month)Phi(~1 + captive + sample_month)Gamma''(~1)Gamma'(~1) } = 1046.0752                     
 DEVIANCE Degrees of Freedom { alpha(~1 + captive + age.t + sex + effort.trapdays + recordloss.agout.total)sigma(~1)U(~sample_month)Phi(~1 + captive + sample_month)Gamma''(~1)Gamma'(~1) } = -5            
 c-hat { alpha(~1 + captive + age.t + sex + effort.trapdays + recordloss.agout.total)sigma(~1)U(~sample_month)Phi(~1 + captive + sample_month)Gamma''(~1)Gamma'(~1) } = 1.0000000                     
 AIC { alpha(~1 + captive + age.t + sex + effort.trapdays + recordloss.agout.total)sigma(~1)U(~sample_month)Phi(~1 + captive + sample_month)Gamma''(~1)Gamma'(~1) } = 1084.0752                  
 AICc { alpha(~1 + captive + age.t + sex + effort.trapdays + recordloss.agout.total)sigma(~1)U(~sample_month)Phi(~1 + captive + sample_month)Gamma''(~1)Gamma'(~1) } = 1089.1759                    
 BIC { alpha(~1 + captive + age.t + sex + effort.trapdays + recordloss.agout.total)sigma(~1)U(~sample_month)Phi(~1 + captive + sample_month)Gamma''(~1)Gamma'(~1) } = 1143.5433                    
 Pearson Chisquare { alpha(~1 + captive + age.t + sex + effort.trapdays + recordloss.agout.total)sigma(~1)U(~sample_month)Phi(~1 + captive + sample_month)Gamma''(~1)Gamma'(~1) } = 0.8794531E+032             

   * *  WARNING  * *   Numerical underflow occurred during variance-covariance calculation of this model. 
     IEEE flag status at end of variance-covariance calculation:
     overflow       F
     divide by zero F
     invalid        F
     underflow      T
     inexact        T



 PARM-SPECIFIC Link Function Parameters of { alpha(~1 + captive + age.t + sex + effort.trapdays + recordloss.agout.total)sigma(~1)U(~sample_month)Phi(~1 + captive + sample_month)Gamma''(~1)Gamma'(~1) }
                                                              95% Confidence Interval
 Parameter                    Beta         Standard Error      Lower           Upper
 -------------------------  --------------  --------------  --------------  --------------
    1:alpha:(Intercept)     0.1120324       0.3978921       -0.6678361      0.8919009     
    2:alpha:captive         0.2280729       0.1110358       0.0104427       0.4457031     
    3:alpha:age.t           0.2225949       0.1583215       -0.0877153      0.5329051     
    4:alpha:sex             0.5423639       0.2052618       0.1400507       0.9446771     
    5:alpha:effort.trapday  0.0042678       0.0018090       0.7221476E-003  0.0078134     
    6:alpha:recordloss.ago  -2.8855210      0.5551279       -3.9735717      -1.7974703    
    7:sigma:(Intercept)     -0.7982807      0.1397876       -1.0722643      -0.5242970    
    8:U:(Intercept)         2.5609396       0.1407324       2.2851041       2.8367751     
    9:U:sample_monthB       0.3391571       0.1319801       0.0804762       0.5978381     
   10:U:sample_monthC       0.4403338       0.1497784       0.1467682       0.7338994     
   11:U:sample_monthD       0.8835794       0.1479435       0.5936102       1.1735487     
   12:U:sample_monthE       0.3349170       0.1701397       0.0014432       0.6683908     
   13:U:sample_monthF       0.6593648       0.1737931       0.3187303       0.9999994     
   14:Phi:(Intercept)       9.7334902       60.728084       -109.29356      128.76054     

  Program  MARK  - Survival Rate Estimation with Capture-Recapture Data
   gfortran(Win64) Vers. 8.1 Mar 2016    5-Aug-2016 15:53:53    Page  012
 - - - - - - - - - - - - - - - - - - - - - - - - - - - - - - - - - - - - - -
 
   15:Phi:captive           1.0566075       1.1584444       -1.2139435      3.3271586     
   16:Phi:sample_monthB     -7.7083236      60.736653       -126.75217      111.33552     
   17:Phi:sample_monthC     -7.5738215      60.736601       -126.61756      111.46992     
   18:Phi:sample_monthD     -9.0254792      60.729610       -128.05552      110.00456     
   19:Phi:sample_monthE     -7.2748563      60.736638       -126.31867      111.76896     
   20:GammaDoublePrime:(In  -2.9443834      1.0259686       -4.9552820      -0.9334849    
   21:GammaPrime:(Intercep  17.724958       0.0000000       17.724958       17.724958     


 Real Function Parameters of { alpha(~1 + captive + age.t + sex + effort.trapdays + recordloss.agout.total)sigma(~1)U(~sample_month)Phi(~1 + captive + sample_month)Gamma''(~1)Gamma'(~1) }

  Program  MARK  - Survival Rate Estimation with Capture-Recapture Data
   gfortran(Win64) Vers. 8.1 Mar 2016    5-Aug-2016 15:53:53    Page  013
 - - - - - - - - - - - - - - - - - - - - - - - - - - - - - - - - - - - - - -
 

      Following estimates based on unstandardized individual covariate values:
          Variable   Value         
          ---------  ------------- 
          CAPTIVE    0.2142857     
          AGE.T1     1.0000000     
          AGE.T1.2   1.0000000     
          AGE.T1.4   1.0000000     
          AGE.T1.6   1.0000000     
          AGE.T1.8   1.0000000     
          AGE.T3.8   1.0000000     
          AGE.T4     1.0000000     
          AGE.T4.2   1.0000000     
          AGE.T4.4   1.0000000     
          AGE.T4.6   1.0000000     
          AGE.T7.1   0.8333333     
          AGE.T7.3   0.8333333     
          AGE.T7.5   0.8333333     
          AGE.T7.7   0.8333333     
          AGE.T7.9   0.8333333     
          AGE.T10.56 0.6666667     
          AGE.T10.76 0.6666667     
          AGE.T10.96 0.6666667     
          AGE.T11.16 0.6666667     
          AGE.T11.36 0.6666667     
          AGE.T13.13 1.0000000     
          AGE.T13.33 1.0000000     
          AGE.T13.53 1.0000000     
          AGE.T13.73 1.0000000     
          AGE.T13.93 1.0000000     
          AGE.T17.10 0.9230769     
          AGE.T17.30 0.9230769     
          AGE.T17.50 0.9230769     
          AGE.T17.70 0.9230769     
          AGE.T17.90 0.9230769     
          SEX        0.8461538     
                                                               95% Confidence Interval
  Parameter                  Estimate       Standard Error      Lower           Upper
 --------------------------  --------------  --------------  --------------  --------------
     1:alpha g1 a0 t1        2.0447739       0.2988302       1.5378082       2.7188698                           
     2:alpha g1 a0.2 t1.2    2.4199913       0.3273657       1.8586026       3.1509468                           
     3:alpha g1 a0.4 t1.4    2.9984825       0.3284442       2.4206934       3.7141826                           
     4:alpha g1 a0.6 t1.6    2.3956016       0.2570821       1.9423535       2.9546152                           
     5:alpha g1 a0.8 t1.8    2.3277377       0.2664497       1.8612918       2.9110764                           
     6:alpha g1 a2.8 t3.8    3.3287292       0.3349300       2.7343009       4.0523843                           
     7:alpha g1 a3 t4        3.1773356       0.3122197       2.6219198       3.8504082                           
     8:alpha g1 a3.2 t4.2    2.4327167       0.2441234       1.9993356       2.9600387                           
     9:alpha g1 a3.4 t4.4    3.1160929       0.3442854       2.5110060       3.8669899                           
    10:alpha g1 a3.6 t4.6    3.0713168       0.2980253       2.5405057       3.7130352                           

  Program  MARK  - Survival Rate Estimation with Capture-Recapture Data
   gfortran(Win64) Vers. 8.1 Mar 2016    5-Aug-2016 15:53:53    Page  014
 - - - - - - - - - - - - - - - - - - - - - - - - - - - - - - - - - - - - - -
 
    11:alpha g1 a6.1 t7.1    3.2145944       0.2868891       2.6996610       3.8277462                           
    12:alpha g1 a6.3 t7.3    3.1030101       0.2376217       2.6711243       3.6047262                           
    13:alpha g1 a6.5 t7.5    2.6032703       0.2013015       2.2376687       3.0286057                           
    14:alpha g1 a6.7 t7.7    3.6583038       0.3377762       3.0538835       4.3823502                           
    15:alpha g1 a6.9 t7.9    3.2040217       0.2548807       2.7421277       3.7437189                           
    16:alpha g1 a9.567 t10.  2.7007142       0.2169224       2.3079075       3.1603766                           
    17:alpha g1 a9.767 t10.  2.8720443       0.2353549       2.4465453       3.3715452                           
    18:alpha g1 a9.967 t10.  2.6899090       0.2160049       2.2987567       3.1476191                           
    19:alpha g1 a10.167 t11  2.2954508       0.1964808       1.9415131       2.7139112                           
    20:alpha g1 a10.367 t11  2.1487512       0.2020032       1.7878847       2.5824549                           
    21:alpha g1 a12.134 t13  3.6647295       0.3681633       3.0112177       4.4600701                           
    22:alpha g1 a12.334 t13  2.8582248       0.2344456       2.4344025       3.3558333                           
    23:alpha g1 a12.534 t13  2.6688002       0.2493519       2.2230934       3.2038664                           
    24:alpha g1 a12.734 t13  2.3900946       0.2349070       1.9722202       2.8965083                           
    25:alpha g1 a12.934 t13  2.1534985       0.2244014       1.7566465       2.6400050                           
    26:alpha g1 a16.101 t17  3.4856646       0.3318143       2.8935935       4.1988821                           
    27:alpha g1 a16.301 t17  2.4031725       0.2159076       2.0158718       2.8648836                           
    28:alpha g1 a16.501 t17  2.9960835       0.2742118       2.5050132       3.5834208                           
    29:alpha g1 a16.701 t17  2.2793668       0.2246090       1.8799131       2.7636986                           
    30:alpha g1 a16.901 t17  2.9627917       0.2702902       2.4786028       3.5415657                           
    31:sigma g1 a0 t1        0.4501022       0.0629187       0.3426863       0.5911878                           
    32:U g1 a0 t1            12.947977       1.8222000       9.8399968       17.037619                           
    33:U g1 a2.8 t3.8        18.175903       2.0500490       14.581124       22.656928                           
    34:U g1 a6.1 t7.1        20.111129       1.6936066       17.056111       23.713350                           
    35:U g1 a9.567 t10.567   31.328212       2.3267661       27.089569       36.230066                           
    36:U g1 a12.134 t13.134  18.098998       1.6363843       15.165266       21.600262                           
    37:U g1 a16.101 t17.101  25.035740       2.2799058       20.950937       29.916957                           
    38:Phi g1 c1 a0.8 t1.8   0.9999527       0.0028695       0.4298197E-047  1.0000000                           
    39:Phi g1 c1 a3.6 t4.6   0.9047870       0.0911639       0.5442469       0.9869485                           
    40:Phi g1 c1 a6.9 t7.9   0.9157600       0.0810396       0.5810532       0.9883999                           
    41:Phi g1 c1 a10.367 t1  0.7179726       0.1237983       0.4344079       0.8940452                           
    42:Phi g1 c1 a12.934 t1  0.9361387       0.0628364       0.6513423       0.9913812                           
    43:Gamma'' g1 c1 a0.8 t  0.0500026       0.0487359       0.0069968       0.2822182                           
    44:Gamma' g1 c1 a0.8 t1  1.0000000       0.0000000       1.0000000       1.0000000                           
    45:Phi g1 c1 a0 t1       1.0000000       0.0000000       1.0000000       1.0000000       Fixed               
    46:Gamma'' g1 c1 a0 t1   0.0000000       0.0000000       0.0000000       0.0000000       Fixed               

  Program  MARK  - Survival Rate Estimation with Capture-Recapture Data
   gfortran(Win64) Vers. 8.1 Mar 2016    5-Aug-2016 15:53:53    Page  015
 - - - - - - - - - - - - - - - - - - - - - - - - - - - - - - - - - - - - - -
 


                      Estimates of Derived Parameters
 Population Estimates of { alpha(~1 + captive + age.t + sex + effort.trapdays + recordloss.agout.total)sigma(~1)U(~sample_month)Phi(~1 + captive + sample_month)Gamma''(~1)Gamma'(~1) }
                                                95% Confidence Interval
 Grp. Occ.   N-hat           Standard Error      Lower           Upper
 ---- ----   --------------  --------------  --------------  --------------
   1     1   15.947977       1.8222010       12.757381       19.936535     
   1     2   15.947977       1.8222010       12.757381       19.936535     
   1     3   15.947977       1.8222010       12.757381       19.936535     
   1     4   15.114198       1.8562056       11.891493       19.210286     
   1     5   15.947977       1.8222010       12.757381       19.936535     
   1     6   23.175903       2.0500498       19.493418       27.554044     
   1     7   23.175903       2.0500498       19.493418       27.554044     
   1     8   23.175903       2.0500498       19.493418       27.554044     
   1     9   20.314716       2.0784699       16.632073       24.812764     
   1    10   23.175903       2.0500498       19.493418       27.554044     
   1    11   25.398290       1.7338813       22.220889       29.030033     
   1    12   24.359438       1.7285401       21.200247       27.989402     
   1    13   24.480407       1.7341912       21.310512       28.121818     
   1    14   24.297126       1.7248630       21.144750       27.919474     
   1    15   24.368558       1.7291680       21.208216       27.999837     
   1    16   39.140088       2.4398177       34.642735       44.221292     
   1    17   38.955221       2.4065881       34.516677       43.964524     
   1    18   39.146691       2.4405213       34.648074       44.229397     
   1    19   39.411790       2.4581388       34.880822       44.531323     
   1    20   37.292711       2.4578778       32.778037       42.429212     
   1    21   22.319275       1.6702586       19.278282       25.839960     
   1    22   23.571550       1.6960843       20.474726       27.136771     
   1    23   23.564222       1.7051682       20.452068       27.149947     
   1    24   21.439191       1.6843200       18.383887       25.002270     
   1    25   22.783013       1.7242572       19.646335       26.420483     
   1    26   30.306845       2.3272311       26.077905       35.221574     
   1    27   30.660064       2.3675769       26.359644       35.662071     
   1    28   30.423767       2.3457720       26.162461       35.379149     
   1    29   29.634481       2.3670989       25.346217       34.648266     
   1    30   30.433742       2.3470173       26.170239       35.391829     
 Mean Resighting Rate Estimates of { alpha(~1 + captive + age.t + sex + effort.trapdays + recordloss.agout.total)sigma(~1)U(~sample_month)Phi(~1 + captive + sample_month)Gamma''(~1)Gamma'(~1) }
                                                95% Confidence Interval
 Grp. Occ.   Lambda-hat      Standard Error      Lower           Upper
 ---- ----   --------------  --------------  --------------  --------------
   1     1   2.2627552       0.3183250       1.7197856       2.9771508     
   1     2   2.6779723       0.3473621       2.0789986       3.4495145     
   1     3   3.3181331       0.3414820       2.7134533       4.0575628     
   1     4   2.6509827       0.2646944       2.1808487       3.2224651     
   1     5   2.5758841       0.2768817       2.0878133       3.1780519     
   1     6   3.6835855       0.3443886       3.0680412       4.4226271     
   1     7   3.5160527       0.3193098       2.9438176       4.1995220     
   1     8   2.6920544       0.2484158       2.2475126       3.2245232     
   1     9   3.4482813       0.3587085       2.8137968       4.2258360     

  Program  MARK  - Survival Rate Estimation with Capture-Recapture Data
   gfortran(Win64) Vers. 8.1 Mar 2016    5-Aug-2016 15:53:54    Page  016
 - - - - - - - - - - - - - - - - - - - - - - - - - - - - - - - - - - - - - -
 
   1    10   3.3987319       0.3037749       2.8535622       4.0480556     
   1    11   3.9311245       0.2885395       3.4050418       4.5384874     
   1    12   3.6661466       0.2239625       3.2528045       4.1320133     
   1    13   3.3303865       0.1929149       2.9732306       3.7304454     
   1    14   4.7618807       0.3441113       4.1337713       5.4854287     
   1    15   4.4797101       0.2530780       4.0105073       5.0038066     
   1    16   3.5063874       0.2088354       3.1203802       3.9401458     
   1    17   4.0951590       0.2341746       3.6612982       4.5804320     
   1    18   3.7526813       0.2126485       3.3585010       4.1931258     
   1    19   3.1639031       0.1981717       2.7987183       3.5767382     
   1    20   2.8927446       0.2093824       2.5106019       3.3330540     
   1    21   5.4828848       0.3938614       4.7636611       6.3106978     
   1    22   3.5293726       0.2316607       3.1037407       4.0133736     
   1    23   3.3148626       0.2547167       2.8520264       3.8528093     
   1    24   3.2328672       0.2492344       2.7801062       3.7593637     
   1    25   4.1005315       0.2771412       3.5923180       4.6806432     
   1    26   4.2354766       0.3375918       3.6237880       4.9504172     
   1    27   2.6593606       0.2100551       2.2784871       3.1039011     
   1    28   3.8698207       0.2795355       3.3595674       4.4575715     
   1    29   3.1761257       0.2401516       2.7392243       3.6827121     
   1    30   3.8318997       0.2754364       3.3289523       4.4108338     
 Pr(Captured 1 or more times) of { alpha(~1 + captive + age.t + sex + effort.trapdays + recordloss.agout.total)sigma(~1)U(~sample_month)Phi(~1 + captive + sample_month)Gamma''(~1)Gamma'(~1) }
                                                95% Confidence Interval
 Grp. Occ.      p*-hat       Standard Error      Lower           Upper
 ---- ----   --------------  --------------  --------------  --------------
   1     1   0.2938513       0.0108658       0.2730135       0.3155891     
   1     2   0.3046014       0.0084572       0.2882831       0.3214263     
   1     3   0.3152236       0.0054788       0.3045852       0.3260593     
   1     4   0.4616336       0.0112710       0.4396319       0.4837857     
   1     5   0.3023112       0.0078609       0.2871298       0.3179372     
   1     6   0.1904502       0.0028691       0.1848901       0.1961373     
   1     7   0.1893404       0.0030258       0.1834810       0.1953422     
   1     8   0.1811805       0.0042663       0.1729683       0.1896933     
   1     9   0.4675491       0.0098191       0.4483614       0.4868333     
   1    10   0.1884751       0.0031473       0.1823838       0.1947213     
   1    11   0.1922953       0.0022369       0.1879490       0.1967176     
   1    12   0.2381909       0.0031843       0.2320059       0.2444883     
   1    13   0.2359682       0.0034154       0.2293397       0.2427279     
   1    14   0.2442283       0.0019614       0.2404044       0.2480932     
   1    15   0.2435368       0.0019065       0.2398196       0.2472929     
   1    16   0.1330695       0.0022980       0.1286297       0.1376385     
   1    17   0.1376891       0.0013585       0.1350481       0.1403733     
   1    18   0.1352296       0.0018598       0.1316256       0.1389164     
   1    19   0.1317050       0.0022934       0.1272746       0.1362656     
   1    20   0.1791227       0.0046150       0.1702551       0.1883474     
   1    21   0.2465009       0.0012824       0.2439961       0.2490229     
   1    22   0.1875538       0.0029057       0.1819250       0.1933156     
   1    23   0.1877762       0.0030774       0.1818188       0.1938826     
   1    24   0.3135158       0.0049622       0.3038727       0.3233227     
   1    25   0.2416944       0.0024562       0.2369130       0.2465412     

  Program  MARK  - Survival Rate Estimation with Capture-Recapture Data
   gfortran(Win64) Vers. 8.1 Mar 2016    5-Aug-2016 15:53:54    Page  017
 - - - - - - - - - - - - - - - - - - - - - - - - - - - - - - - - - - - - - -
 
   1    26   0.1927245       0.0022555       0.1883422       0.1971839     
   1    27   0.1777992       0.0045093       0.1691325       0.1868101     
   1    28   0.1912906       0.0023911       0.1866477       0.1960211     
   1    29   0.2317963       0.0042667       0.2235391       0.2402641     
   1    30   0.1910721       0.0024245       0.1863651       0.1958693     

 Attempted ordering of parameters by estimatibility:
   1  8 11 13 10 12  2  7  9  3  4  5 14  6 18 20 15 17 16 19 21
 Beta number 21 is a singular value.

     CPU Time in seconds for last procedure was 10.06


  INPUT --- proc stop;

   * *  WARNING  * *   Numerical underflow occurred during final processing of this model. 
     IEEE flag status at final processing of this model:
     overflow       F
     divide by zero F
     invalid        F
     underflow      T
     inexact        T


     CPU Time in minutes for this job was 0.17

     Time Start = 15:53:47.219   Time End = 15:53:54.224

     Wall Clock Time in minutes for this job was 0.12


          E X E C U T I O N   S U C C E S S F U L 
