
   Program  MARK  - Survival Rate Estimation with Capture-Recapture Data
   gfortran(Win64) Vers. 8.1 Mar 2016    5-Aug-2016 15:54:35    Page  001
 - - - - - - - - - - - - - - - - - - - - - - - - - - - - - - - - - - - - - -
 
   This version was compiled by GCC version 5.3.0 using the options: 
     -cpp -iprefix c:\tdm-gcc-64\gcc\bin\../lib/gcc/x86_64-w64-mingw32/5.3.0/ -D_MT
     -U_REENTRANT -D IEEE -m64 -mtune=generic -march=x86-64 -mthreads -O2
     -fimplicit-none -fbounds-check -funroll-loops -ftree-vectorize
     -ffpe-summary=invalid,zero,overflow,underflow -fno-unsafe-math-optimizations
     -frounding-math -fsignaling-nans -fopenmp.

   This problem will use 3 of 4 possible threads.


  INPUT --- proc title ;

     CPU Time in seconds for last procedure was 0.00


  INPUT --- proc chmatrix occasions= 30 groups= 1 etype= PoissonMR 
  INPUT --- icovar = 2 ICMeans NoHist  hist= 14 ;

  INPUT ---    time interval 0.2 0.2 0.2 0.2 2 0.2 0.2 0.2 0.2 2.5 0.2 0.2 
  INPUT ---    0.2 0.2 2.667 0.2 0.2 0.2  0.2 1.767 0.2 0.2 0.2 0.2 3.167 
  INPUT ---    0.2 0.2 0.2 0.2 ;

  INPUT ---     icovariates captive sex ;

  INPUT ---    glabel(1)=Group 1;

      Number of unique encounter histories read was 14.

      Number of individual covariates read was 2.
      Time interval lengths vary and/or not equal to 1.

      Data type number is 115
      Data type is Poisson Mark Resight with Robust Design                                                             

     CPU Time in seconds for last procedure was 0.00

  Program  MARK  - Survival Rate Estimation with Capture-Recapture Data
   gfortran(Win64) Vers. 8.1 Mar 2016    5-Aug-2016 15:54:35    Page  002
 - - - - - - - - - - - - - - - - - - - - - - - - - - - - - - - - - - - - - -
 


  INPUT --- proc estimate link=Parm-Specific NOLOOP varest=2ndPart    ;


  INPUT --- model={ alpha(~1 + captive + sex + effort.trapdays + 
  INPUT --- recordloss.agout.total)sigma(~1 + 
  INPUT --- recordloss.agout.var)U(~sample_month)Phi(~1 + captive + 
  INPUT --- sex)Gamma''(~1)Gamma'(~1) };

  INPUT ---    fixed=2;
  INPUT ---        parm(70)=1 ;
  INPUT ---        parm(71)=0 ;

  INPUT ---    group=1 alpha    rows=1 cols=30 Square ;
  INPUT ---        1 2 3 4 5 6 7 8 9 10 11 12 13 14 15 16 17 18 19 20 21 22 
  INPUT ---       23 24 25 26 27 28 29 30 ;

  INPUT ---    group=1 sigma    rows=1 cols=30 Square ;
  INPUT ---        31 32 33 34 35 36 37 38 39 40 41 42 43 44 45 46 47 48 49 
  INPUT ---       50 51 52 53 54 55 56 57 58 59 60 ;

  INPUT ---    group=1 U    rows=1 cols=30 Square ;
  INPUT ---        61 61 61 61 61 62 62 62 62 62 63 63 63 63 63 64 64 64 64 
  INPUT ---       64 65 65 65 65 65 66 66 66 66 66 ;

  INPUT ---    group=1 Phi    rows=29 cols=29 Triang ;
  INPUT ---        70 70 70 70 67 70 70 70 70 67 70 70 70 70 67 70 70 70 70 
  INPUT ---       67 70 70 70 70 67 70 70 70 70 ;
  INPUT ---        70 70 70 70 70 70 70 70 70 70 70 70 70 70 70 70 70 70 70 
  INPUT ---       70 70 70 70 70 70 70 70 70 ;
  INPUT ---        70 70 70 70 70 70 70 70 70 70 70 70 70 70 70 70 70 70 70 
  INPUT ---       70 70 70 70 70 70 70 70 ;
  INPUT ---        70 70 70 70 70 70 70 70 70 70 70 70 70 70 70 70 70 70 70 
  INPUT ---       70 70 70 70 70 70 70 ;
  INPUT ---        70 70 70 70 70 70 70 70 70 70 70 70 70 70 70 70 70 70 70 
  INPUT ---       70 70 70 70 70 70 ;
  INPUT ---        70 70 70 70 67 70 70 70 70 67 70 70 70 70 67 70 70 70 70 
  INPUT ---       67 70 70 70 70 ;
  INPUT ---        70 70 70 70 70 70 70 70 70 70 70 70 70 70 70 70 70 70 70 
  INPUT ---       70 70 70 70 ;
  INPUT ---        70 70 70 70 70 70 70 70 70 70 70 70 70 70 70 70 70 70 70 
  INPUT ---       70 70 70 ;
  INPUT ---        70 70 70 70 70 70 70 70 70 70 70 70 70 70 70 70 70 70 70 
  INPUT ---       70 70 ;
  INPUT ---        70 70 70 70 70 70 70 70 70 70 70 70 70 70 70 70 70 70 70 

  Program  MARK  - Survival Rate Estimation with Capture-Recapture Data
   gfortran(Win64) Vers. 8.1 Mar 2016    5-Aug-2016 15:54:35    Page  003
 - - - - - - - - - - - - - - - - - - - - - - - - - - - - - - - - - - - - - -
 
  INPUT ---       70 ;
  INPUT ---        70 70 70 70 67 70 70 70 70 67 70 70 70 70 67 70 70 70 70 ;
  INPUT ---        70 70 70 70 70 70 70 70 70 70 70 70 70 70 70 70 70 70 ;
  INPUT ---        70 70 70 70 70 70 70 70 70 70 70 70 70 70 70 70 70 ;
  INPUT ---        70 70 70 70 70 70 70 70 70 70 70 70 70 70 70 70 ;
  INPUT ---        70 70 70 70 70 70 70 70 70 70 70 70 70 70 70 ;
  INPUT ---        70 70 70 70 67 70 70 70 70 67 70 70 70 70 ;
  INPUT ---        70 70 70 70 70 70 70 70 70 70 70 70 70 ;
  INPUT ---        70 70 70 70 70 70 70 70 70 70 70 70 ;
  INPUT ---        70 70 70 70 70 70 70 70 70 70 70 ;
  INPUT ---        70 70 70 70 70 70 70 70 70 70 ;
  INPUT ---        70 70 70 70 67 70 70 70 70 ;
  INPUT ---        70 70 70 70 70 70 70 70 ;
  INPUT ---        70 70 70 70 70 70 70 ;
  INPUT ---        70 70 70 70 70 70 ;
  INPUT ---        70 70 70 70 70 ;
  INPUT ---        70 70 70 70 ;
  INPUT ---        70 70 70 ;
  INPUT ---        70 70 ;
  INPUT ---        70 ;

  INPUT ---    group=1 Gamma''    rows=29 cols=29 Triang ;
  INPUT ---        71 71 71 71 68 71 71 71 71 68 71 71 71 71 68 71 71 71 71 
  INPUT ---       68 71 71 71 71 68 71 71 71 71 ;
  INPUT ---        71 71 71 71 71 71 71 71 71 71 71 71 71 71 71 71 71 71 71 
  INPUT ---       71 71 71 71 71 71 71 71 71 ;
  INPUT ---        71 71 71 71 71 71 71 71 71 71 71 71 71 71 71 71 71 71 71 
  INPUT ---       71 71 71 71 71 71 71 71 ;
  INPUT ---        71 71 71 71 71 71 71 71 71 71 71 71 71 71 71 71 71 71 71 
  INPUT ---       71 71 71 71 71 71 71 ;
  INPUT ---        71 71 71 71 71 71 71 71 71 71 71 71 71 71 71 71 71 71 71 
  INPUT ---       71 71 71 71 71 71 ;
  INPUT ---        71 71 71 71 68 71 71 71 71 68 71 71 71 71 68 71 71 71 71 
  INPUT ---       68 71 71 71 71 ;
  INPUT ---        71 71 71 71 71 71 71 71 71 71 71 71 71 71 71 71 71 71 71 
  INPUT ---       71 71 71 71 ;
  INPUT ---        71 71 71 71 71 71 71 71 71 71 71 71 71 71 71 71 71 71 71 
  INPUT ---       71 71 71 ;
  INPUT ---        71 71 71 71 71 71 71 71 71 71 71 71 71 71 71 71 71 71 71 
  INPUT ---       71 71 ;
  INPUT ---        71 71 71 71 71 71 71 71 71 71 71 71 71 71 71 71 71 71 71 
  INPUT ---       71 ;
  INPUT ---        71 71 71 71 68 71 71 71 71 68 71 71 71 71 68 71 71 71 71 ;
  INPUT ---        71 71 71 71 71 71 71 71 71 71 71 71 71 71 71 71 71 71 ;
  INPUT ---        71 71 71 71 71 71 71 71 71 71 71 71 71 71 71 71 71 ;
  INPUT ---        71 71 71 71 71 71 71 71 71 71 71 71 71 71 71 71 ;

  Program  MARK  - Survival Rate Estimation with Capture-Recapture Data
   gfortran(Win64) Vers. 8.1 Mar 2016    5-Aug-2016 15:54:35    Page  004
 - - - - - - - - - - - - - - - - - - - - - - - - - - - - - - - - - - - - - -
 
  INPUT ---        71 71 71 71 71 71 71 71 71 71 71 71 71 71 71 ;
  INPUT ---        71 71 71 71 68 71 71 71 71 68 71 71 71 71 ;
  INPUT ---        71 71 71 71 71 71 71 71 71 71 71 71 71 ;
  INPUT ---        71 71 71 71 71 71 71 71 71 71 71 71 ;
  INPUT ---        71 71 71 71 71 71 71 71 71 71 71 ;
  INPUT ---        71 71 71 71 71 71 71 71 71 71 ;
  INPUT ---        71 71 71 71 68 71 71 71 71 ;
  INPUT ---        71 71 71 71 71 71 71 71 ;
  INPUT ---        71 71 71 71 71 71 71 ;
  INPUT ---        71 71 71 71 71 71 ;
  INPUT ---        71 71 71 71 71 ;
  INPUT ---        71 71 71 71 ;
  INPUT ---        71 71 71 ;
  INPUT ---        71 71 ;
  INPUT ---        71 ;

  INPUT ---    group=1 Gamma'    rows=28 cols=28 Triang ;
  INPUT ---        71 71 71 69 71 71 71 71 69 71 71 71 71 69 71 71 71 71 69 
  INPUT ---       71 71 71 71 69 71 71 71 71 ;
  INPUT ---        71 71 71 71 71 71 71 71 71 71 71 71 71 71 71 71 71 71 71 
  INPUT ---       71 71 71 71 71 71 71 71 ;
  INPUT ---        71 71 71 71 71 71 71 71 71 71 71 71 71 71 71 71 71 71 71 
  INPUT ---       71 71 71 71 71 71 71 ;
  INPUT ---        71 71 71 71 71 71 71 71 71 71 71 71 71 71 71 71 71 71 71 
  INPUT ---       71 71 71 71 71 71 ;
  INPUT ---        71 71 71 71 71 71 71 71 71 71 71 71 71 71 71 71 71 71 71 
  INPUT ---       71 71 71 71 71 ;
  INPUT ---        71 71 71 69 71 71 71 71 69 71 71 71 71 69 71 71 71 71 69 
  INPUT ---       71 71 71 71 ;
  INPUT ---        71 71 71 71 71 71 71 71 71 71 71 71 71 71 71 71 71 71 71 
  INPUT ---       71 71 71 ;
  INPUT ---        71 71 71 71 71 71 71 71 71 71 71 71 71 71 71 71 71 71 71 
  INPUT ---       71 71 ;
  INPUT ---        71 71 71 71 71 71 71 71 71 71 71 71 71 71 71 71 71 71 71 
  INPUT ---       71 ;
  INPUT ---        71 71 71 71 71 71 71 71 71 71 71 71 71 71 71 71 71 71 71 ;
  INPUT ---        71 71 71 69 71 71 71 71 69 71 71 71 71 69 71 71 71 71 ;
  INPUT ---        71 71 71 71 71 71 71 71 71 71 71 71 71 71 71 71 71 ;
  INPUT ---        71 71 71 71 71 71 71 71 71 71 71 71 71 71 71 71 ;
  INPUT ---        71 71 71 71 71 71 71 71 71 71 71 71 71 71 71 ;
  INPUT ---        71 71 71 71 71 71 71 71 71 71 71 71 71 71 ;
  INPUT ---        71 71 71 69 71 71 71 71 69 71 71 71 71 ;
  INPUT ---        71 71 71 71 71 71 71 71 71 71 71 71 ;
  INPUT ---        71 71 71 71 71 71 71 71 71 71 71 ;
  INPUT ---        71 71 71 71 71 71 71 71 71 71 ;
  INPUT ---        71 71 71 71 71 71 71 71 71 ;

  Program  MARK  - Survival Rate Estimation with Capture-Recapture Data
   gfortran(Win64) Vers. 8.1 Mar 2016    5-Aug-2016 15:54:35    Page  005
 - - - - - - - - - - - - - - - - - - - - - - - - - - - - - - - - - - - - - -
 
  INPUT ---        71 71 71 69 71 71 71 71 ;
  INPUT ---        71 71 71 71 71 71 71 ;
  INPUT ---        71 71 71 71 71 71 ;
  INPUT ---        71 71 71 71 71 ;
  INPUT ---        71 71 71 71 ;
  INPUT ---        71 71 71 ;
  INPUT ---        71 71 ;
  INPUT ---        71 ;

  INPUT ---    initial  0.8492118 0 0 0 0 -0.3123225 0 3.139572 0 0 0 0 0 
  INPUT ---    2.0066797 0 0 -2.9445172 17.724958  ;

  INPUT ---    design matrix constraints=71 covariates=18;
  INPUT ---        1 captive sex 96 0.186046511627907 0 0 0 0 0 0 0 0 0 0 0 0 
  INPUT ---       0;
  INPUT ---        1 captive sex 96 0.127659574468085 0 0 0 0 0 0 0 0 0 0 0 0 
  INPUT ---       0;
  INPUT ---        1 captive sex 114 0.08 0 0 0 0 0 0 0 0 0 0 0 0 0;
  INPUT ---        1 captive sex 120 0.166666666666667 0 0 0 0 0 0 0 0 0 0 0 
  INPUT ---       0 0;
  INPUT ---        1 captive sex 115 0.169230769230769 0 0 0 0 0 0 0 0 0 0 0 
  INPUT ---       0 0;
  INPUT ---        1 captive sex 126 0.0615384615384615 0 0 0 0 0 0 0 0 0 0 0 
  INPUT ---       0 0;
  INPUT ---        1 captive sex 126 0.0776699029126214 0 0 0 0 0 0 0 0 0 0 0 
  INPUT ---       0 0;
  INPUT ---        1 captive sex 126 0.170212765957447 0 0 0 0 0 0 0 0 0 0 0 
  INPUT ---       0 0;
  INPUT ---        1 captive sex 114 0.0666666666666667 0 0 0 0 0 0 0 0 0 0 0 
  INPUT ---       0 0;
  INPUT ---        1 captive sex 126 0.0894308943089431 0 0 0 0 0 0 0 0 0 0 0 
  INPUT ---       0 0;
  INPUT ---        1 captive sex 139 0.08 0 0 0 0 0 0 0 0 0 0 0 0 0;
  INPUT ---        1 captive sex 168 0.135135135135135 0 0 0 0 0 0 0 0 0 0 0 
  INPUT ---       0 0;
  INPUT ---        1 captive sex 180 0.213740458015267 0 0 0 0 0 0 0 0 0 0 0 
  INPUT ---       0 0;
  INPUT ---        1 captive sex 174 0.0869565217391304 0 0 0 0 0 0 0 0 0 0 0 
  INPUT ---       0 0;
  INPUT ---        1 captive sex 173 0.131428571428571 0 0 0 0 0 0 0 0 0 0 0 
  INPUT ---       0 0;
  INPUT ---        1 captive sex 166 0.167441860465116 0 0 0 0 0 0 0 0 0 0 0 
  INPUT ---       0 0;
  INPUT ---        1 captive sex 172 0.155 0 0 0 0 0 0 0 0 0 0 0 0 0;
  INPUT ---        1 captive sex 166 0.168831168831169 0 0 0 0 0 0 0 0 0 0 0 
  INPUT ---       0 0;

  Program  MARK  - Survival Rate Estimation with Capture-Recapture Data
   gfortran(Win64) Vers. 8.1 Mar 2016    5-Aug-2016 15:54:35    Page  006
 - - - - - - - - - - - - - - - - - - - - - - - - - - - - - - - - - - - - - -
 
  INPUT ---        1 captive sex 171 0.231182795698925 0 0 0 0 0 0 0 0 0 0 0 
  INPUT ---       0 0;
  INPUT ---        1 captive sex 151 0.224489795918367 0 0 0 0 0 0 0 0 0 0 0 
  INPUT ---       0 0;
  INPUT ---        1 captive sex 192 0.125827814569536 0 0 0 0 0 0 0 0 0 0 0 
  INPUT ---       0 0;
  INPUT ---        1 captive sex 185 0.201612903225806 0 0 0 0 0 0 0 0 0 0 0 
  INPUT ---       0 0;
  INPUT ---        1 captive sex 198 0.244604316546763 0 0 0 0 0 0 0 0 0 0 0 
  INPUT ---       0 0;
  INPUT ---        1 captive sex 198 0.282828282828283 0 0 0 0 0 0 0 0 0 0 0 
  INPUT ---       0 0;
  INPUT ---        1 captive sex 195 0.314516129032258 0 0 0 0 0 0 0 0 0 0 0 
  INPUT ---       0 0;
  INPUT ---        1 captive sex 192 0.137254901960784 0 0 0 0 0 0 0 0 0 0 0 
  INPUT ---       0 0;
  INPUT ---        1 captive sex 192 0.266129032258065 0 0 0 0 0 0 0 0 0 0 0 
  INPUT ---       0 0;
  INPUT ---        1 captive sex 198 0.198581560283688 0 0 0 0 0 0 0 0 0 0 0 
  INPUT ---       0 0;
  INPUT ---        1 captive sex 198 0.293333333333333 0 0 0 0 0 0 0 0 0 0 0 
  INPUT ---       0 0;
  INPUT ---        1 captive sex 198 0.202453987730061 0 0 0 0 0 0 0 0 0 0 0 
  INPUT ---       0 0;
  INPUT ---        0 0 0 0 0 1 0.0440135195492338 0 0 0 0 0 0 0 0 0 0 0;
  INPUT ---        0 0 0 0 0 1 0.0138205395794682 0 0 0 0 0 0 0 0 0 0 0;
  INPUT ---        0 0 0 0 0 1 0.0150462962962963 0 0 0 0 0 0 0 0 0 0 0;
  INPUT ---        0 0 0 0 0 1 0.0435062197227376 0 0 0 0 0 0 0 0 0 0 0;
  INPUT ---        0 0 0 0 0 1 0.0413898241676019 0 0 0 0 0 0 0 0 0 0 0;
  INPUT ---        0 0 0 0 0 1 0.0334785353535354 0 0 0 0 0 0 0 0 0 0 0;
  INPUT ---        0 0 0 0 0 1 0.0145442884245275 0 0 0 0 0 0 0 0 0 0 0;
  INPUT ---        0 0 0 0 0 1 0.0193204258107552 0 0 0 0 0 0 0 0 0 0 0;
  INPUT ---        0 0 0 0 0 1 0.00382154882154882 0 0 0 0 0 0 0 0 0 0 0;
  INPUT ---        0 0 0 0 0 1 0.0399423854156923 0 0 0 0 0 0 0 0 0 0 0;
  INPUT ---        0 0 0 0 0 1 0.010060938021866 0 0 0 0 0 0 0 0 0 0 0;
  INPUT ---        0 0 0 0 0 1 0.0120376449425667 0 0 0 0 0 0 0 0 0 0 0;
  INPUT ---        0 0 0 0 0 1 0.0327860086977532 0 0 0 0 0 0 0 0 0 0 0;
  INPUT ---        0 0 0 0 0 1 0.0190954813692234 0 0 0 0 0 0 0 0 0 0 0;
  INPUT ---        0 0 0 0 0 1 0.0261489672463083 0 0 0 0 0 0 0 0 0 0 0;
  INPUT ---        0 0 0 0 0 1 0.0512150912647815 0 0 0 0 0 0 0 0 0 0 0;
  INPUT ---        0 0 0 0 0 1 0.0473122112945163 0 0 0 0 0 0 0 0 0 0 0;
  INPUT ---        0 0 0 0 0 1 0.0226518050401979 0 0 0 0 0 0 0 0 0 0 0;
  INPUT ---        0 0 0 0 0 1 0.0665651993646785 0 0 0 0 0 0 0 0 0 0 0;
  INPUT ---        0 0 0 0 0 1 0.04010330058655 0 0 0 0 0 0 0 0 0 0 0;
  INPUT ---        0 0 0 0 0 1 0.0206820945059979 0 0 0 0 0 0 0 0 0 0 0;
  INPUT ---        0 0 0 0 0 1 0.054918230087819 0 0 0 0 0 0 0 0 0 0 0;

  Program  MARK  - Survival Rate Estimation with Capture-Recapture Data
   gfortran(Win64) Vers. 8.1 Mar 2016    5-Aug-2016 15:54:35    Page  007
 - - - - - - - - - - - - - - - - - - - - - - - - - - - - - - - - - - - - - -
 
  INPUT ---        0 0 0 0 0 1 0.0879277557364401 0 0 0 0 0 0 0 0 0 0 0;
  INPUT ---        0 0 0 0 0 1 0.0733113017934447 0 0 0 0 0 0 0 0 0 0 0;
  INPUT ---        0 0 0 0 0 1 0.0785302039517285 0 0 0 0 0 0 0 0 0 0 0;
  INPUT ---        0 0 0 0 0 1 0.0474808900748976 0 0 0 0 0 0 0 0 0 0 0;
  INPUT ---        0 0 0 0 0 1 0.0746150243527953 0 0 0 0 0 0 0 0 0 0 0;
  INPUT ---        0 0 0 0 0 1 0.0653219100102685 0 0 0 0 0 0 0 0 0 0 0;
  INPUT ---        0 0 0 0 0 1 0.0656604289706052 0 0 0 0 0 0 0 0 0 0 0;
  INPUT ---        0 0 0 0 0 1 0.109501305572734 0 0 0 0 0 0 0 0 0 0 0;
  INPUT ---        0 0 0 0 0 0 0 1 0 0 0 0 0 0 0 0 0 0;
  INPUT ---        0 0 0 0 0 0 0 1 1 0 0 0 0 0 0 0 0 0;
  INPUT ---        0 0 0 0 0 0 0 1 0 1 0 0 0 0 0 0 0 0;
  INPUT ---        0 0 0 0 0 0 0 1 0 0 1 0 0 0 0 0 0 0;
  INPUT ---        0 0 0 0 0 0 0 1 0 0 0 1 0 0 0 0 0 0;
  INPUT ---        0 0 0 0 0 0 0 1 0 0 0 0 1 0 0 0 0 0;
  INPUT ---        0 0 0 0 0 0 0 0 0 0 0 0 0 1 captive sex 0 0;
  INPUT ---        0 0 0 0 0 0 0 0 0 0 0 0 0 0 0 0 1 0;
  INPUT ---        0 0 0 0 0 0 0 0 0 0 0 0 0 0 0 0 0 1;
  INPUT ---        0 0 0 0 0 0 0 0 0 0 0 0 0 0 0 0 0 0;
  INPUT ---        0 0 0 0 0 0 0 0 0 0 0 0 0 0 0 0 0 0;

  INPUT ---    links=71;

  INPUT ---    Log;

  INPUT ---    Log;

  INPUT ---    Log;

  INPUT ---    Log;

  INPUT ---    Log;

  INPUT ---    Log;

  INPUT ---    Log;

  INPUT ---    Log;

  INPUT ---    Log;

  INPUT ---    Log;

  INPUT ---    Log;

  INPUT ---    Log;


  Program  MARK  - Survival Rate Estimation with Capture-Recapture Data
   gfortran(Win64) Vers. 8.1 Mar 2016    5-Aug-2016 15:54:35    Page  008
 - - - - - - - - - - - - - - - - - - - - - - - - - - - - - - - - - - - - - -
 
  INPUT ---    Log;

  INPUT ---    Log;

  INPUT ---    Log;

  INPUT ---    Log;

  INPUT ---    Log;

  INPUT ---    Log;

  INPUT ---    Log;

  INPUT ---    Log;

  INPUT ---    Log;

  INPUT ---    Log;

  INPUT ---    Log;

  INPUT ---    Log;

  INPUT ---    Log;

  INPUT ---    Log;

  INPUT ---    Log;

  INPUT ---    Log;

  INPUT ---    Log;

  INPUT ---    Log;

  INPUT ---    Log;

  INPUT ---    Log;

  INPUT ---    Log;

  INPUT ---    Log;

  INPUT ---    Log;


  Program  MARK  - Survival Rate Estimation with Capture-Recapture Data
   gfortran(Win64) Vers. 8.1 Mar 2016    5-Aug-2016 15:54:35    Page  009
 - - - - - - - - - - - - - - - - - - - - - - - - - - - - - - - - - - - - - -
 
  INPUT ---    Log;

  INPUT ---    Log;

  INPUT ---    Log;

  INPUT ---    Log;

  INPUT ---    Log;

  INPUT ---    Log;

  INPUT ---    Log;

  INPUT ---    Log;

  INPUT ---    Log;

  INPUT ---    Log;

  INPUT ---    Log;

  INPUT ---    Log;

  INPUT ---    Log;

  INPUT ---    Log;

  INPUT ---    Log;

  INPUT ---    Log;

  INPUT ---    Log;

  INPUT ---    Log;

  INPUT ---    Log;

  INPUT ---    Log;

  INPUT ---    Log;

  INPUT ---    Log;

  INPUT ---    Log;


  Program  MARK  - Survival Rate Estimation with Capture-Recapture Data
   gfortran(Win64) Vers. 8.1 Mar 2016    5-Aug-2016 15:54:35    Page  010
 - - - - - - - - - - - - - - - - - - - - - - - - - - - - - - - - - - - - - -
 
  INPUT ---    Log;

  INPUT ---    Log;

  INPUT ---    Log;

  INPUT ---    Log;

  INPUT ---    Log;

  INPUT ---    Log;

  INPUT ---    Log;

  INPUT ---    Log;

  INPUT ---    Logit;

  INPUT ---    Logit;

  INPUT ---    Logit;

  INPUT ---    Logit;

  INPUT ---    Logit;
  INPUT ---       blabel(1)=alpha:(Intercept);
  INPUT ---       blabel(2)=alpha:captive;
  INPUT ---       blabel(3)=alpha:sex;
  INPUT ---       blabel(4)=alpha:effort.trapdays;
  INPUT ---       blabel(5)=alpha:recordloss.agout.total;
  INPUT ---       blabel(6)=sigma:(Intercept);
  INPUT ---       blabel(7)=sigma:recordloss.agout.var;
  INPUT ---       blabel(8)=U:(Intercept);
  INPUT ---       blabel(9)=U:sample_monthB;
  INPUT ---       blabel(10)=U:sample_monthC;
  INPUT ---       blabel(11)=U:sample_monthD;
  INPUT ---       blabel(12)=U:sample_monthE;
  INPUT ---       blabel(13)=U:sample_monthF;
  INPUT ---       blabel(14)=Phi:(Intercept);
  INPUT ---       blabel(15)=Phi:captive;
  INPUT ---       blabel(16)=Phi:sex;
  INPUT ---       blabel(17)=GammaDoublePrime:(Intercept);
  INPUT ---       blabel(18)=GammaPrime:(Intercept);
  INPUT ---       rlabel(1)=alpha g1 a0 t1;
  INPUT ---       rlabel(2)=alpha g1 a0.2 t1.2;
  INPUT ---       rlabel(3)=alpha g1 a0.4 t1.4;

  Program  MARK  - Survival Rate Estimation with Capture-Recapture Data
   gfortran(Win64) Vers. 8.1 Mar 2016    5-Aug-2016 15:54:35    Page  011
 - - - - - - - - - - - - - - - - - - - - - - - - - - - - - - - - - - - - - -
 
  INPUT ---       rlabel(4)=alpha g1 a0.6 t1.6;
  INPUT ---       rlabel(5)=alpha g1 a0.8 t1.8;
  INPUT ---       rlabel(6)=alpha g1 a2.8 t3.8;
  INPUT ---       rlabel(7)=alpha g1 a3 t4;
  INPUT ---       rlabel(8)=alpha g1 a3.2 t4.2;
  INPUT ---       rlabel(9)=alpha g1 a3.4 t4.4;
  INPUT ---       rlabel(10)=alpha g1 a3.6 t4.6;
  INPUT ---       rlabel(11)=alpha g1 a6.1 t7.1;
  INPUT ---       rlabel(12)=alpha g1 a6.3 t7.3;
  INPUT ---       rlabel(13)=alpha g1 a6.5 t7.5;
  INPUT ---       rlabel(14)=alpha g1 a6.7 t7.7;
  INPUT ---       rlabel(15)=alpha g1 a6.9 t7.9;
  INPUT ---       rlabel(16)=alpha g1 a9.567 t10.567;
  INPUT ---       rlabel(17)=alpha g1 a9.767 t10.767;
  INPUT ---       rlabel(18)=alpha g1 a9.967 t10.967;
  INPUT ---       rlabel(19)=alpha g1 a10.167 t11.167;
  INPUT ---       rlabel(20)=alpha g1 a10.367 t11.367;
  INPUT ---       rlabel(21)=alpha g1 a12.134 t13.134;
  INPUT ---       rlabel(22)=alpha g1 a12.334 t13.334;
  INPUT ---       rlabel(23)=alpha g1 a12.534 t13.534;
  INPUT ---       rlabel(24)=alpha g1 a12.734 t13.734;
  INPUT ---       rlabel(25)=alpha g1 a12.934 t13.934;
  INPUT ---       rlabel(26)=alpha g1 a16.101 t17.101;
  INPUT ---       rlabel(27)=alpha g1 a16.301 t17.301;
  INPUT ---       rlabel(28)=alpha g1 a16.501 t17.501;
  INPUT ---       rlabel(29)=alpha g1 a16.701 t17.701;
  INPUT ---       rlabel(30)=alpha g1 a16.901 t17.901;
  INPUT ---       rlabel(31)=sigma g1 a0 t1;
  INPUT ---       rlabel(32)=sigma g1 a0.2 t1.2;
  INPUT ---       rlabel(33)=sigma g1 a0.4 t1.4;
  INPUT ---       rlabel(34)=sigma g1 a0.6 t1.6;
  INPUT ---       rlabel(35)=sigma g1 a0.8 t1.8;
  INPUT ---       rlabel(36)=sigma g1 a2.8 t3.8;
  INPUT ---       rlabel(37)=sigma g1 a3 t4;
  INPUT ---       rlabel(38)=sigma g1 a3.2 t4.2;
  INPUT ---       rlabel(39)=sigma g1 a3.4 t4.4;
  INPUT ---       rlabel(40)=sigma g1 a3.6 t4.6;
  INPUT ---       rlabel(41)=sigma g1 a6.1 t7.1;
  INPUT ---       rlabel(42)=sigma g1 a6.3 t7.3;
  INPUT ---       rlabel(43)=sigma g1 a6.5 t7.5;
  INPUT ---       rlabel(44)=sigma g1 a6.7 t7.7;
  INPUT ---       rlabel(45)=sigma g1 a6.9 t7.9;
  INPUT ---       rlabel(46)=sigma g1 a9.567 t10.567;
  INPUT ---       rlabel(47)=sigma g1 a9.767 t10.767;
  INPUT ---       rlabel(48)=sigma g1 a9.967 t10.967;
  INPUT ---       rlabel(49)=sigma g1 a10.167 t11.167;

  Program  MARK  - Survival Rate Estimation with Capture-Recapture Data
   gfortran(Win64) Vers. 8.1 Mar 2016    5-Aug-2016 15:54:35    Page  012
 - - - - - - - - - - - - - - - - - - - - - - - - - - - - - - - - - - - - - -
 
  INPUT ---       rlabel(50)=sigma g1 a10.367 t11.367;
  INPUT ---       rlabel(51)=sigma g1 a12.134 t13.134;
  INPUT ---       rlabel(52)=sigma g1 a12.334 t13.334;
  INPUT ---       rlabel(53)=sigma g1 a12.534 t13.534;
  INPUT ---       rlabel(54)=sigma g1 a12.734 t13.734;
  INPUT ---       rlabel(55)=sigma g1 a12.934 t13.934;
  INPUT ---       rlabel(56)=sigma g1 a16.101 t17.101;
  INPUT ---       rlabel(57)=sigma g1 a16.301 t17.301;
  INPUT ---       rlabel(58)=sigma g1 a16.501 t17.501;
  INPUT ---       rlabel(59)=sigma g1 a16.701 t17.701;
  INPUT ---       rlabel(60)=sigma g1 a16.901 t17.901;
  INPUT ---       rlabel(61)=U g1 a0 t1;
  INPUT ---       rlabel(62)=U g1 a2.8 t3.8;
  INPUT ---       rlabel(63)=U g1 a6.1 t7.1;
  INPUT ---       rlabel(64)=U g1 a9.567 t10.567;
  INPUT ---       rlabel(65)=U g1 a12.134 t13.134;
  INPUT ---       rlabel(66)=U g1 a16.101 t17.101;
  INPUT ---       rlabel(67)=Phi g1 c1 a0.8 t1.8;
  INPUT ---       rlabel(68)=Gamma'' g1 c1 a0.8 t1.8;
  INPUT ---       rlabel(69)=Gamma' g1 c1 a0.8 t1.8;
  INPUT ---       rlabel(70)=Phi g1 c1 a0 t1;
  INPUT ---       rlabel(71)=Gamma'' g1 c1 a0 t1;

 Link Function Used is PARM-SPECIFIC

 Variance Estimation Procedure Used is 2ndPart 

 M(t+1):
 Group=Group 1                                                                         
       3      3      3      2      3      5      5      5      2      5      5
       4      4      4      4     10      7      7      7      5      5      5
       5      3      4      5      5      5      4      5


 -2logL(saturated) = -0.0000000    
 Effective Sample Size = 169
 Results from first iteration:
  -2logL Initial { alpha(~1 + captive + sex + effort.trapdays + recordloss.agout.total)sigma(~1 + recordloss.agout.var)U(~sample_month)Phi(~1 + captive + sex)Gamma''(~1)Gamma'(~1) } = 1138.4459     
  Penalty Initial { alpha(~1 + captive + sex + effort.trapdays + recordloss.agout.total)sigma(~1 + recordloss.agout.var)U(~sample_month)Phi(~1 + captive + sex)Gamma''(~1)Gamma'(~1) } = -0.0000000    

 Number of function evaluations was 27 for 18 parameters.
 Time for numerical optimization was 4.39 seconds.
 -2logL { alpha(~1 + captive + sex + effort.trapdays + recordloss.agout.total)sigma(~1 + recordloss.agout.var)U(~sample_month)Phi(~1 + captive + sex)Gamma''(~1)Gamma'(~1) } = 1048.6476     
 Penalty { alpha(~1 + captive + sex + effort.trapdays + recordloss.agout.total)sigma(~1 + recordloss.agout.var)U(~sample_month)Phi(~1 + captive + sex)Gamma''(~1)Gamma'(~1) } = -0.0000000    

   * *  WARNING  * *   Numerical underflow occurred during optimization of this model. 

  Program  MARK  - Survival Rate Estimation with Capture-Recapture Data
   gfortran(Win64) Vers. 8.1 Mar 2016    5-Aug-2016 15:54:38    Page  013
 - - - - - - - - - - - - - - - - - - - - - - - - - - - - - - - - - - - - - -
 
     IEEE flag status at end of optimization:
     overflow       F
     divide by zero F
     invalid        F
     underflow      T
     inexact        T

 Gradient { alpha(~1 + captive + sex + effort.trapdays + recordloss.agout.total)sigma(~1 + recordloss.agout.var)U(~sample_month)Phi(~1 + captive + sex)Gamma''(~1)Gamma'(~1) }:
 -0.3286896E-02 0.1063819E-02-0.4871676E-02-0.7144784E-03 0.2698373E-03
  0.2418416E-02 0.1179466E-03-0.7800865E-03-0.1318707E-02 0.2609542E-03
 -0.2689955E-02 0.4239174E-03 0.1744279E-02 0.2053644E-02 0.3476224E-03
  0.1070548E-02-0.2305773E-04  0.000000    
 S Vector { alpha(~1 + captive + sex + effort.trapdays + recordloss.agout.total)sigma(~1 + recordloss.agout.var)U(~sample_month)Phi(~1 + captive + sex)Gamma''(~1)Gamma'(~1) }:
   5507.322      382.9282      304.2803      265.6971      239.8630    
   225.9013      126.8697      51.12395      29.17231      10.74431    
   10.70909      4.722224      2.638976     0.9499800     0.8623516    
  0.1982310     0.7958736E-01 0.1080805E-07
 Time to compute number of parameters was 3.08 seconds.
   Threshold =  0.3800000E-06     Condition index =  0.1962487E-11     New Threshold =  0.4585466E-07
 New Guessimate of Estimated Parameters { alpha(~1 + captive + sex + effort.trapdays + recordloss.agout.total)sigma(~1 + recordloss.agout.var)U(~sample_month)Phi(~1 + captive + sex)Gamma''(~1)Gamma'(~1) } = 17          
 Conditioned S Vector { alpha(~1 + captive + sex + effort.trapdays + recordloss.agout.total)sigma(~1 + recordloss.agout.var)U(~sample_month)Phi(~1 + captive + sex)Gamma''(~1)Gamma'(~1) }:
   1.000000     0.6953074E-01 0.5525014E-01 0.4824434E-01 0.4355348E-01
  0.4101836E-01 0.2303655E-01 0.9282906E-02 0.5297005E-02 0.1950914E-02
  0.1944518E-02 0.8574447E-03 0.4791760E-03 0.1724940E-03 0.1565827E-03
  0.3599407E-04 0.1445119E-04 0.1962487E-11
 Number of Estimated Parameters { alpha(~1 + captive + sex + effort.trapdays + recordloss.agout.total)sigma(~1 + recordloss.agout.var)U(~sample_month)Phi(~1 + captive + sex)Gamma''(~1)Gamma'(~1) } = 17          
 DEVIANCE { alpha(~1 + captive + sex + effort.trapdays + recordloss.agout.total)sigma(~1 + recordloss.agout.var)U(~sample_month)Phi(~1 + captive + sex)Gamma''(~1)Gamma'(~1) } = 1048.6476                     
 DEVIANCE Degrees of Freedom { alpha(~1 + captive + sex + effort.trapdays + recordloss.agout.total)sigma(~1 + recordloss.agout.var)U(~sample_month)Phi(~1 + captive + sex)Gamma''(~1)Gamma'(~1) } = -3            
 c-hat { alpha(~1 + captive + sex + effort.trapdays + recordloss.agout.total)sigma(~1 + recordloss.agout.var)U(~sample_month)Phi(~1 + captive + sex)Gamma''(~1)Gamma'(~1) } = 1.0000000                     
 AIC { alpha(~1 + captive + sex + effort.trapdays + recordloss.agout.total)sigma(~1 + recordloss.agout.var)U(~sample_month)Phi(~1 + captive + sex)Gamma''(~1)Gamma'(~1) } = 1082.6476                  
 AICc { alpha(~1 + captive + sex + effort.trapdays + recordloss.agout.total)sigma(~1 + recordloss.agout.var)U(~sample_month)Phi(~1 + captive + sex)Gamma''(~1)Gamma'(~1) } = 1086.7006                    
 BIC { alpha(~1 + captive + sex + effort.trapdays + recordloss.agout.total)sigma(~1 + recordloss.agout.var)U(~sample_month)Phi(~1 + captive + sex)Gamma''(~1)Gamma'(~1) } = 1135.8559                    
 Pearson Chisquare { alpha(~1 + captive + sex + effort.trapdays + recordloss.agout.total)sigma(~1 + recordloss.agout.var)U(~sample_month)Phi(~1 + captive + sex)Gamma''(~1)Gamma'(~1) } = 0.7840889E+032             

   * *  WARNING  * *   Numerical underflow occurred during variance-covariance calculation of this model. 
     IEEE flag status at end of variance-covariance calculation:
     overflow       F
     divide by zero F
     invalid        F
     underflow      T
     inexact        T



 PARM-SPECIFIC Link Function Parameters of { alpha(~1 + captive + sex + effort.trapdays + recordloss.agout.total)sigma(~1 + recordloss.agout.var)U(~sample_month)Phi(~1 + captive + sex)Gamma''(~1)Gamma'(~1) }
                                                              95% Confidence Interval
 Parameter                    Beta         Standard Error      Lower           Upper
 -------------------------  --------------  --------------  --------------  --------------
    1:alpha:(Intercept)     0.5288097       0.3599174       -0.1766284      1.2342479     
    2:alpha:captive         0.2824006       0.1066087       0.0734476       0.4913536     
    3:alpha:sex             0.4842378       0.2039636       0.0844691       0.8840065     
    4:alpha:effort.trapday  0.0033070       0.0018086       -.2378738E-003  0.0068518     
    5:alpha:recordloss.ago  -3.1289233      0.5805081       -4.2667191      -1.9911275    
    6:sigma:(Intercept)     -1.0590593      0.2245485       -1.4991743      -0.6189443    
    7:sigma:recordloss.ago  6.1333713       3.5346237       -0.7944913      13.061234     
    8:U:(Intercept)         2.5267844       0.1380274       2.2562507       2.7973182     
    9:U:sample_monthB       0.3793800       0.1270482       0.1303656       0.6283944     
   10:U:sample_monthC       0.4812567       0.1482264       0.1907329       0.7717805     
   11:U:sample_monthD       0.9103425       0.1468451       0.6225261       1.1981590     
   12:U:sample_monthE       0.3945767       0.1681034       0.0650941       0.7240593     
   13:U:sample_monthF       0.6946228       0.1741672       0.3532550       1.0359906     
   14:Phi:(Intercept)       0.0065054       1.5396670       -3.0112421      3.0242528     
   15:Phi:captive           1.6168429       1.2199475       -0.7742543      4.0079401     
   16:Phi:sex               1.7831371       1.5615618       -1.2775241      4.8437983     

  Program  MARK  - Survival Rate Estimation with Capture-Recapture Data
   gfortran(Win64) Vers. 8.1 Mar 2016    5-Aug-2016 15:54:41    Page  014
 - - - - - - - - - - - - - - - - - - - - - - - - - - - - - - - - - - - - - -
 
   17:GammaDoublePrime:(In  -2.9444342      1.0259891       -4.9553730      -0.9334955    
   18:GammaPrime:(Intercep  17.724958       0.0000000       17.724958       17.724958     


 Real Function Parameters of { alpha(~1 + captive + sex + effort.trapdays + recordloss.agout.total)sigma(~1 + recordloss.agout.var)U(~sample_month)Phi(~1 + captive + sex)Gamma''(~1)Gamma'(~1) }

      Following estimates based on unstandardized individual covariate values:
          Variable   Value         
          ---------  ------------- 
          CAPTIVE    0.2142857     
          SEX        0.8461538     
                                                               95% Confidence Interval
  Parameter                  Estimate       Standard Error      Lower           Upper
 --------------------------  --------------  --------------  --------------  --------------
     1:alpha g1 a0 t1        2.0842443       0.2971405       1.5783549       2.7522798                           
     2:alpha g1 a0.2 t1.2    2.5020105       0.3311217       1.9325278       3.2393098                           
     3:alpha g1 a0.4 t1.4    3.0825062       0.3307466       2.4993745       3.8016888                           
     4:alpha g1 a0.6 t1.6    2.3974636       0.2494785       1.9562002       2.9382635                           
     5:alpha g1 a0.8 t1.8    2.3393045       0.2600161       1.8826231       2.9067665                           
     6:alpha g1 a2.8 t3.8    3.3980141       0.3343645       2.8032842       4.1189188                           
     7:alpha g1 a3 t4        3.2307591       0.3089758       2.6796810       3.8951669                           
     8:alpha g1 a3.2 t4.2    2.4185244       0.2352095       1.9996847       2.9250913                           
     9:alpha g1 a3.4 t4.4    3.2138254       0.3491441       2.5990744       3.9739815                           
    10:alpha g1 a3.6 t4.6    3.1140306       0.2932099       2.5903058       3.7436454                           
    11:alpha g1 a6.1 t7.1    3.3481798       0.2902342       2.8259195       3.9669596                           
    12:alpha g1 a6.3 t7.3    3.1012492       0.2368463       2.6706848       3.6012287                           
    13:alpha g1 a6.5 t7.5    2.5232265       0.2094375       2.1449796       2.9681736                           
    14:alpha g1 a6.7 t7.7    3.6780912       0.3364488       3.0755345       4.3987003                           
    15:alpha g1 a6.9 t7.9    3.1897334       0.2543772       2.7288424       3.7284671                           
    16:alpha g1 a9.567 t10.  2.7846044       0.2053317       2.4103568       3.2169600                           
    17:alpha g1 a9.767 t10.  2.9531641       0.2254322       2.5433351       3.4290324                           
    18:alpha g1 a9.967 t10.  2.7725259       0.2045208       2.3997670       3.2031859                           
    19:alpha g1 a10.167 t11  2.3191485       0.1937056       1.9694939       2.7308792                           
    20:alpha g1 a10.367 t11  2.2166629       0.1928853       1.8696904       2.6280256                           
    21:alpha g1 a12.134 t13  3.4566290       0.3419739       2.8486852       4.1943154                           
    22:alpha g1 a12.334 t13  2.6645080       0.2265862       2.2561139       3.1468281                           
    23:alpha g1 a12.534 t13  2.4314627       0.2453118       1.9962049       2.9616252                           
    24:alpha g1 a12.734 t13  2.1573770       0.2347214       1.7441604       2.6684906                           
    25:alpha g1 a12.934 t13  1.9344508       0.2255461       1.5404421       2.4292375                           
    26:alpha g1 a16.101 t17  3.3352224       0.3219331       2.7615397       4.0280820                           
    27:alpha g1 a16.301 t17  2.2284407       0.2239904       1.8308654       2.7123501                           
    28:alpha g1 a16.501 t17  2.8080623       0.2735340       2.3210536       3.3972564                           
    29:alpha g1 a16.701 t17  2.0876179       0.2330814       1.6784456       2.5965384                           
    30:alpha g1 a16.901 t17  2.7742437       0.2702834       2.2930299       3.3564446                           
    31:sigma g1 a0 t1        0.4542498       0.0637128       0.3455290       0.5971795                           
    32:sigma g1 a0.2 t1.2    0.3774592       0.0711720       0.2616785       0.5444674                           

  Program  MARK  - Survival Rate Estimation with Capture-Recapture Data
   gfortran(Win64) Vers. 8.1 Mar 2016    5-Aug-2016 15:54:41    Page  015
 - - - - - - - - - - - - - - - - - - - - - - - - - - - - - - - - - - - - - -
 
    33:sigma g1 a0.4 t1.4    0.3803076       0.0706030       0.2651220       0.5455371                           
    34:sigma g1 a0.6 t1.6    0.4528386       0.0636417       0.3442692       0.5956466                           
    35:sigma g1 a0.8 t1.8    0.4469984       0.0634501       0.3389068       0.5895650                           
    36:sigma g1 a2.8 t3.8    0.4258266       0.0640531       0.3176199       0.5708971                           
    37:sigma g1 a3 t4        0.3791385       0.0708350       0.2637095       0.5450921                           
    38:sigma g1 a3.2 t4.2    0.3904091       0.0686983       0.2772528       0.5497484                           
    39:sigma g1 a3.4 t4.4    0.3550061       0.0760021       0.2344440       0.5375668                           
    40:sigma g1 a3.6 t4.6    0.4430477       0.0634121       0.3351471       0.5856869                           
    41:sigma g1 a6.1 t7.1    0.3688549       0.0729600       0.2512445       0.5415201                           
    42:sigma g1 a6.3 t7.3    0.3733541       0.0720130       0.2567049       0.5430098                           
    43:sigma g1 a6.5 t7.5    0.4240217       0.0641909       0.3156859       0.5695358                           
    44:sigma g1 a6.7 t7.7    0.3898709       0.0687949       0.2766105       0.5495066                           
    45:sigma g1 a6.9 t7.9    0.4071075       0.0660434       0.2968352       0.5583451                           
    46:sigma g1 a9.567 t10.  0.4747637       0.0658698       0.3621931       0.6223215                           
    47:sigma g1 a9.767 t10.  0.4635338       0.0644261       0.3534573       0.6078912                           
    48:sigma g1 a9.967 t10.  0.3984683       0.0673297       0.2867963       0.5536228                           
    49:sigma g1 a10.167 t11  0.5216334       0.0785437       0.3889672       0.6995484                           
    50:sigma g1 a10.367 t11  0.4434852       0.0634127       0.3355685       0.5861071                           
    51:sigma g1 a12.134 t13  0.3936833       0.0681244       0.2811476       0.5512641                           
    52:sigma g1 a12.334 t13  0.4856702       0.0678832       0.3697770       0.6378859                           
    53:sigma g1 a12.534 t13  0.5946598       0.1147461       0.4088047       0.8650104                           
    54:sigma g1 a12.734 t13  0.5436694       0.0877293       0.3970635       0.7444060                           
    55:sigma g1 a12.934 t13  0.5613535       0.0962901       0.4020523       0.7837730                           
    56:sigma g1 a16.101 t17  0.4640136       0.0644747       0.3538498       0.6084746                           
    57:sigma g1 a16.301 t17  0.5480341       0.0897512       0.3984058       0.7538580                           
    58:sigma g1 a16.501 t17  0.5176708       0.0770891       0.3872476       0.6920198                           
    59:sigma g1 a16.701 t17  0.5187467       0.0774777       0.3877232       0.6940470                           
    60:sigma g1 a16.901 t17  0.6787875       0.1710653       0.4173566       1.1039780                           
    61:U g1 a0 t1            12.513204       1.7271652       9.5594108       16.379700                           
    62:U g1 a2.8 t3.8        18.286524       1.9679911       14.817911       22.567079                           
    63:U g1 a6.1 t7.1        20.247698       1.6602788       17.246228       23.771534                           
    64:U g1 a9.567 t10.567   31.097485       2.3297423       26.856135       36.008665                           
    65:U g1 a12.134 t13.134  18.566541       1.6878043       15.542099       22.179530                           
    66:U g1 a16.101 t17.101  25.063365       2.4036509       20.777434       30.233390                           
    67:Phi g1 c1 a0.8 t1.8   0.8655043       0.0493863       0.7369619       0.9366315                           
    68:Gamma'' g1 c1 a0.8 t  0.0500002       0.0487347       0.0069962       0.2822161                           
    69:Gamma' g1 c1 a0.8 t1  1.0000000       0.0000000       1.0000000       1.0000000                           
    70:Phi g1 c1 a0 t1       1.0000000       0.0000000       1.0000000       1.0000000       Fixed               
    71:Gamma'' g1 c1 a0 t1   0.0000000       0.0000000       0.0000000       0.0000000       Fixed               

  Program  MARK  - Survival Rate Estimation with Capture-Recapture Data
   gfortran(Win64) Vers. 8.1 Mar 2016    5-Aug-2016 15:54:41    Page  016
 - - - - - - - - - - - - - - - - - - - - - - - - - - - - - - - - - - - - - -
 


                      Estimates of Derived Parameters
 Population Estimates of { alpha(~1 + captive + sex + effort.trapdays + recordloss.agout.total)sigma(~1 + recordloss.agout.var)U(~sample_month)Phi(~1 + captive + sex)Gamma''(~1)Gamma'(~1) }
                                                95% Confidence Interval
 Grp. Occ.   N-hat           Standard Error      Lower           Upper
 ---- ----   --------------  --------------  --------------  --------------
   1     1   15.513204       1.7271661       12.480235       19.283250     
   1     2   15.513204       1.7271661       12.480235       19.283250     
   1     3   15.513204       1.7271661       12.480235       19.283250     
   1     4   14.665777       1.7579668       11.604716       18.534276     
   1     5   15.513204       1.7271661       12.480235       19.283250     
   1     6   23.286524       1.9679918       19.737608       27.473552     
   1     7   23.286524       1.9679918       19.737608       27.473552     
   1     8   23.286524       1.9679918       19.737608       27.473552     
   1     9   20.402298       1.9944998       16.852451       24.699893     
   1    10   23.286524       1.9679918       19.737608       27.473552     
   1    11   25.459166       1.6905171       22.355508       28.993710     
   1    12   24.444698       1.6899823       21.350399       27.987453     
   1    13   24.600565       1.7032736       21.482244       28.171534     
   1    14   24.399495       1.6877631       21.309372       27.937724     
   1    15   24.477132       1.6944520       21.374927       28.029568     
   1    16   38.921547       2.4418133       34.422300       44.008879     
   1    17   38.695628       2.4036642       34.263961       43.700482     
   1    18   38.864864       2.4400502       34.369070       43.948748     
   1    19   39.247611       2.4620165       34.711109       44.377003     
   1    20   37.100976       2.4657335       32.574345       42.256641     
   1    21   22.780261       1.7240315       19.643992       26.417253     
   1    22   24.116940       1.7535465       20.917590       27.805632     
   1    23   24.246815       1.7674777       21.022637       27.965475     
   1    24   22.026542       1.7412950       18.869423       25.711890     
   1    25   23.422195       1.7863247       20.174487       27.192723     
   1    26   30.354425       2.4525280       25.915440       35.553753     
   1    27   30.824805       2.5010297       26.299558       36.128690     
   1    28   30.530364       2.4758005       26.050572       35.780525     
   1    29   29.781096       2.5013742       25.267998       35.100274     
   1    30   30.654863       2.4824070       26.162610       35.918458     
 Mean Resighting Rate Estimates of { alpha(~1 + captive + sex + effort.trapdays + recordloss.agout.total)sigma(~1 + recordloss.agout.var)U(~sample_month)Phi(~1 + captive + sex)Gamma''(~1)Gamma'(~1) }
                                                95% Confidence Interval
 Grp. Occ.   Lambda-hat      Standard Error      Lower           Upper
 ---- ----   --------------  --------------  --------------  --------------
   1     1   2.3107630       0.3177715       1.7670367       3.0217967     
   1     2   2.6867501       0.3389582       2.1002067       3.4371026     
   1     3   3.3136818       0.3297272       2.7278417       4.0253389     
   1     4   2.6563227       0.2562731       2.1996238       3.2078442     
   1     5   2.5850827       0.2691406       2.1090673       3.1685344     
   1     6   3.7204898       0.3383626       3.1141886       4.4448316     
   1     7   3.4715116       0.3021732       2.9279611       4.1159675     
   1     8   2.6100445       0.2335610       2.1909283       3.1093359     
   1     9   3.4228605       0.3444882       2.8114839       4.1671851     

  Program  MARK  - Survival Rate Estimation with Capture-Recapture Data
   gfortran(Win64) Vers. 8.1 Mar 2016    5-Aug-2016 15:54:41    Page  017
 - - - - - - - - - - - - - - - - - - - - - - - - - - - - - - - - - - - - - -
 
   1    10   3.4351600       0.2979383       2.8990618       4.0703942     
   1    11   3.9629572       0.2828065       3.4462876       4.5570861     
   1    12   3.5592535       0.2280894       3.1395385       4.0350788     
   1    13   3.2084291       0.2067479       2.8281191       3.6398812     
   1    14   4.6865094       0.3389033       4.0679374       5.3991416     
   1    15   4.4029436       0.2538795       3.9327971       4.9292937     
   1    16   3.6362408       0.1920499       3.2788872       4.0325411     
   1    17   4.2082932       0.2195325       3.7995400       4.6610199     
   1    18   3.7867233       0.2021217       3.4108370       4.2040335     
   1    19   3.2771821       0.1868346       2.9309702       3.6642892     
   1    20   2.9653663       0.1967129       2.6041937       3.3766294     
   1    21   5.1596213       0.3622371       4.4970798       5.9197731     
   1    22   3.3579790       0.2132227       2.9653934       3.8025386     
   1    23   3.2496753       0.2495885       2.7961410       3.7767728     
   1    24   3.0674071       0.2351856       2.6399892       3.5640246     
   1    25   3.9082087       0.2713314       3.4115531       4.4771676     
   1    26   4.0896738       0.3231628       3.5037315       4.7736056     
   1    27   2.5895207       0.2058542       2.2164519       3.0253836     
   1    28   3.7542205       0.2710738       3.2593986       4.3241634     
   1    29   3.0217091       0.2401007       2.5865600       3.5300654     
   1    30   4.0240955       0.3995419       3.3140597       4.8862562     
 Pr(Captured 1 or more times) of { alpha(~1 + captive + sex + effort.trapdays + recordloss.agout.total)sigma(~1 + recordloss.agout.var)U(~sample_month)Phi(~1 + captive + sex)Gamma''(~1)Gamma'(~1) }
                                                95% Confidence Interval
 Grp. Occ.      p*-hat       Standard Error      Lower           Upper
 ---- ----   --------------  --------------  --------------  --------------
   1     1   0.2961031       0.0101940       0.2765205       0.3164658     
   1     2   0.3095823       0.0077950       0.2945155       0.3250646     
   1     3   0.3188803       0.0049778       0.3092042       0.3287152     
   1     4   0.4645604       0.0105072       0.4440383       0.4852033     
   1     5   0.3036130       0.0074712       0.2891716       0.3184526     
   1     6   0.1912820       0.0027004       0.1860451       0.1966307     
   1     7   0.1909240       0.0028525       0.1853955       0.1965776     
   1     8   0.1821018       0.0041688       0.1740730       0.1904156     
   1     9   0.4726404       0.0093658       0.4543286       0.4910261     
   1    10   0.1889165       0.0030027       0.1831013       0.1948722     
   1    11   0.1943454       0.0018505       0.1907440       0.1979980     
   1    12   0.2406139       0.0026721       0.2354157       0.2458901     
   1    13   0.2366576       0.0032839       0.2302818       0.2431543     
   1    14   0.2453630       0.0016709       0.2421029       0.2486527     
   1    15   0.2443453       0.0016921       0.2410441       0.2476770     
   1    16   0.1337404       0.0020072       0.1298551       0.1377237     
   1    17   0.1379277       0.0012613       0.1354740       0.1404185     
   1    18   0.1358024       0.0017781       0.1323549       0.1393253     
   1    19   0.1308839       0.0025166       0.1260299       0.1358957     
   1    20   0.1784366       0.0046778       0.1694518       0.1877901     
   1    21   0.2466336       0.0012552       0.2441817       0.2491020     
   1    22   0.1855806       0.0033267       0.1791485       0.1921896     
   1    23   0.1822067       0.0048144       0.1729596       0.1918335     
   1    24   0.3063214       0.0071354       0.2925170       0.3204821     
   1    25   0.2385691       0.0037212       0.2313523       0.2459389     

  Program  MARK  - Survival Rate Estimation with Capture-Recapture Data
   gfortran(Win64) Vers. 8.1 Mar 2016    5-Aug-2016 15:54:41    Page  018
 - - - - - - - - - - - - - - - - - - - - - - - - - - - - - - - - - - - - - -
 
   1    26   0.1922002       0.0024265       0.1874890       0.1970011     
   1    27   0.1735677       0.0057779       0.1625332       0.1851858     
   1    28   0.1894547       0.0030380       0.1835718       0.1954810     
   1    29   0.2280640       0.0056055       0.2172640       0.2392368     
   1    30   0.1863292       0.0047646       0.1771703       0.1958488     

 Attempted ordering of parameters by estimatibility:
   1  8 11 10 13 12  2  6  9  3 14  4  5 17 15 16  7 18
 Beta number 18 is a singular value.

     CPU Time in seconds for last procedure was 7.73


  INPUT --- proc stop;

   * *  WARNING  * *   Numerical underflow occurred during final processing of this model. 
     IEEE flag status at final processing of this model:
     overflow       F
     divide by zero F
     invalid        F
     underflow      T
     inexact        T


     CPU Time in minutes for this job was 0.13

     Time Start = 15:54:35.478   Time End = 15:54:41.245

     Wall Clock Time in minutes for this job was 0.10


          E X E C U T I O N   S U C C E S S F U L 
