
   Program  MARK  - Survival Rate Estimation with Capture-Recapture Data
   gfortran(Win64) Vers. 8.1 Mar 2016    5-Aug-2016 15:53:34    Page  001
 - - - - - - - - - - - - - - - - - - - - - - - - - - - - - - - - - - - - - -
 
   This version was compiled by GCC version 5.3.0 using the options: 
     -cpp -iprefix c:\tdm-gcc-64\gcc\bin\../lib/gcc/x86_64-w64-mingw32/5.3.0/ -D_MT
     -U_REENTRANT -D IEEE -m64 -mtune=generic -march=x86-64 -mthreads -O2
     -fimplicit-none -fbounds-check -funroll-loops -ftree-vectorize
     -ffpe-summary=invalid,zero,overflow,underflow -fno-unsafe-math-optimizations
     -frounding-math -fsignaling-nans -fopenmp.

   This problem will use 3 of 4 possible threads.


  INPUT --- proc title ;

     CPU Time in seconds for last procedure was 0.00


  INPUT --- proc chmatrix occasions= 30 groups= 1 etype= PoissonMR 
  INPUT --- icovar = 2 ICMeans NoHist  hist= 14 ;

  INPUT ---    time interval 0.2 0.2 0.2 0.2 2 0.2 0.2 0.2 0.2 2.5 0.2 0.2 
  INPUT ---    0.2 0.2 2.667 0.2 0.2 0.2  0.2 1.767 0.2 0.2 0.2 0.2 3.167 
  INPUT ---    0.2 0.2 0.2 0.2 ;

  INPUT ---     icovariates captive sex ;

  INPUT ---    glabel(1)=Group 1;

      Number of unique encounter histories read was 14.

      Number of individual covariates read was 2.
      Time interval lengths vary and/or not equal to 1.

      Data type number is 115
      Data type is Poisson Mark Resight with Robust Design                                                             

     CPU Time in seconds for last procedure was 0.00

  Program  MARK  - Survival Rate Estimation with Capture-Recapture Data
   gfortran(Win64) Vers. 8.1 Mar 2016    5-Aug-2016 15:53:34    Page  002
 - - - - - - - - - - - - - - - - - - - - - - - - - - - - - - - - - - - - - -
 


  INPUT --- proc estimate link=Parm-Specific NOLOOP varest=2ndPart    ;


  INPUT --- model={ alpha(~1 + captive + sex + effort.trapdays + 
  INPUT --- recordloss.agout.total)sigma(~1 + 
  INPUT --- recordloss.agout.var)U(~sample_month)Phi(~1 + captive + 
  INPUT --- sample_month)Gamma''(~1)G };

  INPUT ---    fixed=2;
  INPUT ---        parm(74)=1 ;
  INPUT ---        parm(75)=0 ;

  INPUT ---    group=1 alpha    rows=1 cols=30 Square ;
  INPUT ---        1 2 3 4 5 6 7 8 9 10 11 12 13 14 15 16 17 18 19 20 21 22 
  INPUT ---       23 24 25 26 27 28 29 30 ;

  INPUT ---    group=1 sigma    rows=1 cols=30 Square ;
  INPUT ---        31 32 33 34 35 36 37 38 39 40 41 42 43 44 45 46 47 48 49 
  INPUT ---       50 51 52 53 54 55 56 57 58 59 60 ;

  INPUT ---    group=1 U    rows=1 cols=30 Square ;
  INPUT ---        61 61 61 61 61 62 62 62 62 62 63 63 63 63 63 64 64 64 64 
  INPUT ---       64 65 65 65 65 65 66 66 66 66 66 ;

  INPUT ---    group=1 Phi    rows=29 cols=29 Triang ;
  INPUT ---        74 74 74 74 67 74 74 74 74 68 74 74 74 74 69 74 74 74 74 
  INPUT ---       70 74 74 74 74 71 74 74 74 74 ;
  INPUT ---        74 74 74 74 74 74 74 74 74 74 74 74 74 74 74 74 74 74 74 
  INPUT ---       74 74 74 74 74 74 74 74 74 ;
  INPUT ---        74 74 74 74 74 74 74 74 74 74 74 74 74 74 74 74 74 74 74 
  INPUT ---       74 74 74 74 74 74 74 74 ;
  INPUT ---        74 74 74 74 74 74 74 74 74 74 74 74 74 74 74 74 74 74 74 
  INPUT ---       74 74 74 74 74 74 74 ;
  INPUT ---        74 74 74 74 74 74 74 74 74 74 74 74 74 74 74 74 74 74 74 
  INPUT ---       74 74 74 74 74 74 ;
  INPUT ---        74 74 74 74 68 74 74 74 74 69 74 74 74 74 70 74 74 74 74 
  INPUT ---       71 74 74 74 74 ;
  INPUT ---        74 74 74 74 74 74 74 74 74 74 74 74 74 74 74 74 74 74 74 
  INPUT ---       74 74 74 74 ;
  INPUT ---        74 74 74 74 74 74 74 74 74 74 74 74 74 74 74 74 74 74 74 
  INPUT ---       74 74 74 ;
  INPUT ---        74 74 74 74 74 74 74 74 74 74 74 74 74 74 74 74 74 74 74 
  INPUT ---       74 74 ;
  INPUT ---        74 74 74 74 74 74 74 74 74 74 74 74 74 74 74 74 74 74 74 

  Program  MARK  - Survival Rate Estimation with Capture-Recapture Data
   gfortran(Win64) Vers. 8.1 Mar 2016    5-Aug-2016 15:53:34    Page  003
 - - - - - - - - - - - - - - - - - - - - - - - - - - - - - - - - - - - - - -
 
  INPUT ---       74 ;
  INPUT ---        74 74 74 74 69 74 74 74 74 70 74 74 74 74 71 74 74 74 74 ;
  INPUT ---        74 74 74 74 74 74 74 74 74 74 74 74 74 74 74 74 74 74 ;
  INPUT ---        74 74 74 74 74 74 74 74 74 74 74 74 74 74 74 74 74 ;
  INPUT ---        74 74 74 74 74 74 74 74 74 74 74 74 74 74 74 74 ;
  INPUT ---        74 74 74 74 74 74 74 74 74 74 74 74 74 74 74 ;
  INPUT ---        74 74 74 74 70 74 74 74 74 71 74 74 74 74 ;
  INPUT ---        74 74 74 74 74 74 74 74 74 74 74 74 74 ;
  INPUT ---        74 74 74 74 74 74 74 74 74 74 74 74 ;
  INPUT ---        74 74 74 74 74 74 74 74 74 74 74 ;
  INPUT ---        74 74 74 74 74 74 74 74 74 74 ;
  INPUT ---        74 74 74 74 71 74 74 74 74 ;
  INPUT ---        74 74 74 74 74 74 74 74 ;
  INPUT ---        74 74 74 74 74 74 74 ;
  INPUT ---        74 74 74 74 74 74 ;
  INPUT ---        74 74 74 74 74 ;
  INPUT ---        74 74 74 74 ;
  INPUT ---        74 74 74 ;
  INPUT ---        74 74 ;
  INPUT ---        74 ;

  INPUT ---    group=1 Gamma''    rows=29 cols=29 Triang ;
  INPUT ---        75 75 75 75 72 75 75 75 75 72 75 75 75 75 72 75 75 75 75 
  INPUT ---       72 75 75 75 75 72 75 75 75 75 ;
  INPUT ---        75 75 75 75 75 75 75 75 75 75 75 75 75 75 75 75 75 75 75 
  INPUT ---       75 75 75 75 75 75 75 75 75 ;
  INPUT ---        75 75 75 75 75 75 75 75 75 75 75 75 75 75 75 75 75 75 75 
  INPUT ---       75 75 75 75 75 75 75 75 ;
  INPUT ---        75 75 75 75 75 75 75 75 75 75 75 75 75 75 75 75 75 75 75 
  INPUT ---       75 75 75 75 75 75 75 ;
  INPUT ---        75 75 75 75 75 75 75 75 75 75 75 75 75 75 75 75 75 75 75 
  INPUT ---       75 75 75 75 75 75 ;
  INPUT ---        75 75 75 75 72 75 75 75 75 72 75 75 75 75 72 75 75 75 75 
  INPUT ---       72 75 75 75 75 ;
  INPUT ---        75 75 75 75 75 75 75 75 75 75 75 75 75 75 75 75 75 75 75 
  INPUT ---       75 75 75 75 ;
  INPUT ---        75 75 75 75 75 75 75 75 75 75 75 75 75 75 75 75 75 75 75 
  INPUT ---       75 75 75 ;
  INPUT ---        75 75 75 75 75 75 75 75 75 75 75 75 75 75 75 75 75 75 75 
  INPUT ---       75 75 ;
  INPUT ---        75 75 75 75 75 75 75 75 75 75 75 75 75 75 75 75 75 75 75 
  INPUT ---       75 ;
  INPUT ---        75 75 75 75 72 75 75 75 75 72 75 75 75 75 72 75 75 75 75 ;
  INPUT ---        75 75 75 75 75 75 75 75 75 75 75 75 75 75 75 75 75 75 ;
  INPUT ---        75 75 75 75 75 75 75 75 75 75 75 75 75 75 75 75 75 ;
  INPUT ---        75 75 75 75 75 75 75 75 75 75 75 75 75 75 75 75 ;

  Program  MARK  - Survival Rate Estimation with Capture-Recapture Data
   gfortran(Win64) Vers. 8.1 Mar 2016    5-Aug-2016 15:53:35    Page  004
 - - - - - - - - - - - - - - - - - - - - - - - - - - - - - - - - - - - - - -
 
  INPUT ---        75 75 75 75 75 75 75 75 75 75 75 75 75 75 75 ;
  INPUT ---        75 75 75 75 72 75 75 75 75 72 75 75 75 75 ;
  INPUT ---        75 75 75 75 75 75 75 75 75 75 75 75 75 ;
  INPUT ---        75 75 75 75 75 75 75 75 75 75 75 75 ;
  INPUT ---        75 75 75 75 75 75 75 75 75 75 75 ;
  INPUT ---        75 75 75 75 75 75 75 75 75 75 ;
  INPUT ---        75 75 75 75 72 75 75 75 75 ;
  INPUT ---        75 75 75 75 75 75 75 75 ;
  INPUT ---        75 75 75 75 75 75 75 ;
  INPUT ---        75 75 75 75 75 75 ;
  INPUT ---        75 75 75 75 75 ;
  INPUT ---        75 75 75 75 ;
  INPUT ---        75 75 75 ;
  INPUT ---        75 75 ;
  INPUT ---        75 ;

  INPUT ---    group=1 Gamma'    rows=28 cols=28 Triang ;
  INPUT ---        75 75 75 73 75 75 75 75 73 75 75 75 75 73 75 75 75 75 73 
  INPUT ---       75 75 75 75 73 75 75 75 75 ;
  INPUT ---        75 75 75 75 75 75 75 75 75 75 75 75 75 75 75 75 75 75 75 
  INPUT ---       75 75 75 75 75 75 75 75 ;
  INPUT ---        75 75 75 75 75 75 75 75 75 75 75 75 75 75 75 75 75 75 75 
  INPUT ---       75 75 75 75 75 75 75 ;
  INPUT ---        75 75 75 75 75 75 75 75 75 75 75 75 75 75 75 75 75 75 75 
  INPUT ---       75 75 75 75 75 75 ;
  INPUT ---        75 75 75 75 75 75 75 75 75 75 75 75 75 75 75 75 75 75 75 
  INPUT ---       75 75 75 75 75 ;
  INPUT ---        75 75 75 73 75 75 75 75 73 75 75 75 75 73 75 75 75 75 73 
  INPUT ---       75 75 75 75 ;
  INPUT ---        75 75 75 75 75 75 75 75 75 75 75 75 75 75 75 75 75 75 75 
  INPUT ---       75 75 75 ;
  INPUT ---        75 75 75 75 75 75 75 75 75 75 75 75 75 75 75 75 75 75 75 
  INPUT ---       75 75 ;
  INPUT ---        75 75 75 75 75 75 75 75 75 75 75 75 75 75 75 75 75 75 75 
  INPUT ---       75 ;
  INPUT ---        75 75 75 75 75 75 75 75 75 75 75 75 75 75 75 75 75 75 75 ;
  INPUT ---        75 75 75 73 75 75 75 75 73 75 75 75 75 73 75 75 75 75 ;
  INPUT ---        75 75 75 75 75 75 75 75 75 75 75 75 75 75 75 75 75 ;
  INPUT ---        75 75 75 75 75 75 75 75 75 75 75 75 75 75 75 75 ;
  INPUT ---        75 75 75 75 75 75 75 75 75 75 75 75 75 75 75 ;
  INPUT ---        75 75 75 75 75 75 75 75 75 75 75 75 75 75 ;
  INPUT ---        75 75 75 73 75 75 75 75 73 75 75 75 75 ;
  INPUT ---        75 75 75 75 75 75 75 75 75 75 75 75 ;
  INPUT ---        75 75 75 75 75 75 75 75 75 75 75 ;
  INPUT ---        75 75 75 75 75 75 75 75 75 75 ;
  INPUT ---        75 75 75 75 75 75 75 75 75 ;

  Program  MARK  - Survival Rate Estimation with Capture-Recapture Data
   gfortran(Win64) Vers. 8.1 Mar 2016    5-Aug-2016 15:53:35    Page  005
 - - - - - - - - - - - - - - - - - - - - - - - - - - - - - - - - - - - - - -
 
  INPUT ---        75 75 75 73 75 75 75 75 ;
  INPUT ---        75 75 75 75 75 75 75 ;
  INPUT ---        75 75 75 75 75 75 ;
  INPUT ---        75 75 75 75 75 ;
  INPUT ---        75 75 75 75 ;
  INPUT ---        75 75 75 ;
  INPUT ---        75 75 ;
  INPUT ---        75 ;

  INPUT ---    initial  0.8492118 0 0 0 0 -0.3123225 0 3.139572 0 0 0 0 0 
  INPUT ---    2.0066797 0 0 0 0 0 -2.9445172 17.724958  ;

  INPUT ---    design matrix constraints=75 covariates=21;
  INPUT ---        1 captive sex 96 0.186046511627907 0 0 0 0 0 0 0 0 0 0 0 0 
  INPUT ---       0 0 0 0;
  INPUT ---        1 captive sex 96 0.127659574468085 0 0 0 0 0 0 0 0 0 0 0 0 
  INPUT ---       0 0 0 0;
  INPUT ---        1 captive sex 114 0.08 0 0 0 0 0 0 0 0 0 0 0 0 0 0 0 0;
  INPUT ---        1 captive sex 120 0.166666666666667 0 0 0 0 0 0 0 0 0 0 0 
  INPUT ---       0 0 0 0 0;
  INPUT ---        1 captive sex 115 0.169230769230769 0 0 0 0 0 0 0 0 0 0 0 
  INPUT ---       0 0 0 0 0;
  INPUT ---        1 captive sex 126 0.0615384615384615 0 0 0 0 0 0 0 0 0 0 0 
  INPUT ---       0 0 0 0 0;
  INPUT ---        1 captive sex 126 0.0776699029126214 0 0 0 0 0 0 0 0 0 0 0 
  INPUT ---       0 0 0 0 0;
  INPUT ---        1 captive sex 126 0.170212765957447 0 0 0 0 0 0 0 0 0 0 0 
  INPUT ---       0 0 0 0 0;
  INPUT ---        1 captive sex 114 0.0666666666666667 0 0 0 0 0 0 0 0 0 0 0 
  INPUT ---       0 0 0 0 0;
  INPUT ---        1 captive sex 126 0.0894308943089431 0 0 0 0 0 0 0 0 0 0 0 
  INPUT ---       0 0 0 0 0;
  INPUT ---        1 captive sex 139 0.08 0 0 0 0 0 0 0 0 0 0 0 0 0 0 0 0;
  INPUT ---        1 captive sex 168 0.135135135135135 0 0 0 0 0 0 0 0 0 0 0 
  INPUT ---       0 0 0 0 0;
  INPUT ---        1 captive sex 180 0.213740458015267 0 0 0 0 0 0 0 0 0 0 0 
  INPUT ---       0 0 0 0 0;
  INPUT ---        1 captive sex 174 0.0869565217391304 0 0 0 0 0 0 0 0 0 0 0 
  INPUT ---       0 0 0 0 0;
  INPUT ---        1 captive sex 173 0.131428571428571 0 0 0 0 0 0 0 0 0 0 0 
  INPUT ---       0 0 0 0 0;
  INPUT ---        1 captive sex 166 0.167441860465116 0 0 0 0 0 0 0 0 0 0 0 
  INPUT ---       0 0 0 0 0;
  INPUT ---        1 captive sex 172 0.155 0 0 0 0 0 0 0 0 0 0 0 0 0 0 0 0;
  INPUT ---        1 captive sex 166 0.168831168831169 0 0 0 0 0 0 0 0 0 0 0 
  INPUT ---       0 0 0 0 0;

  Program  MARK  - Survival Rate Estimation with Capture-Recapture Data
   gfortran(Win64) Vers. 8.1 Mar 2016    5-Aug-2016 15:53:35    Page  006
 - - - - - - - - - - - - - - - - - - - - - - - - - - - - - - - - - - - - - -
 
  INPUT ---        1 captive sex 171 0.231182795698925 0 0 0 0 0 0 0 0 0 0 0 
  INPUT ---       0 0 0 0 0;
  INPUT ---        1 captive sex 151 0.224489795918367 0 0 0 0 0 0 0 0 0 0 0 
  INPUT ---       0 0 0 0 0;
  INPUT ---        1 captive sex 192 0.125827814569536 0 0 0 0 0 0 0 0 0 0 0 
  INPUT ---       0 0 0 0 0;
  INPUT ---        1 captive sex 185 0.201612903225806 0 0 0 0 0 0 0 0 0 0 0 
  INPUT ---       0 0 0 0 0;
  INPUT ---        1 captive sex 198 0.244604316546763 0 0 0 0 0 0 0 0 0 0 0 
  INPUT ---       0 0 0 0 0;
  INPUT ---        1 captive sex 198 0.282828282828283 0 0 0 0 0 0 0 0 0 0 0 
  INPUT ---       0 0 0 0 0;
  INPUT ---        1 captive sex 195 0.314516129032258 0 0 0 0 0 0 0 0 0 0 0 
  INPUT ---       0 0 0 0 0;
  INPUT ---        1 captive sex 192 0.137254901960784 0 0 0 0 0 0 0 0 0 0 0 
  INPUT ---       0 0 0 0 0;
  INPUT ---        1 captive sex 192 0.266129032258065 0 0 0 0 0 0 0 0 0 0 0 
  INPUT ---       0 0 0 0 0;
  INPUT ---        1 captive sex 198 0.198581560283688 0 0 0 0 0 0 0 0 0 0 0 
  INPUT ---       0 0 0 0 0;
  INPUT ---        1 captive sex 198 0.293333333333333 0 0 0 0 0 0 0 0 0 0 0 
  INPUT ---       0 0 0 0 0;
  INPUT ---        1 captive sex 198 0.202453987730061 0 0 0 0 0 0 0 0 0 0 0 
  INPUT ---       0 0 0 0 0;
  INPUT ---        0 0 0 0 0 1 0.0440135195492338 0 0 0 0 0 0 0 0 0 0 0 0 0 0;
  INPUT ---        0 0 0 0 0 1 0.0138205395794682 0 0 0 0 0 0 0 0 0 0 0 0 0 0;
  INPUT ---        0 0 0 0 0 1 0.0150462962962963 0 0 0 0 0 0 0 0 0 0 0 0 0 0;
  INPUT ---        0 0 0 0 0 1 0.0435062197227376 0 0 0 0 0 0 0 0 0 0 0 0 0 0;
  INPUT ---        0 0 0 0 0 1 0.0413898241676019 0 0 0 0 0 0 0 0 0 0 0 0 0 0;
  INPUT ---        0 0 0 0 0 1 0.0334785353535354 0 0 0 0 0 0 0 0 0 0 0 0 0 0;
  INPUT ---        0 0 0 0 0 1 0.0145442884245275 0 0 0 0 0 0 0 0 0 0 0 0 0 0;
  INPUT ---        0 0 0 0 0 1 0.0193204258107552 0 0 0 0 0 0 0 0 0 0 0 0 0 0;
  INPUT ---        0 0 0 0 0 1 0.00382154882154882 0 0 0 0 0 0 0 0 0 0 0 0 0 
  INPUT ---       0;
  INPUT ---        0 0 0 0 0 1 0.0399423854156923 0 0 0 0 0 0 0 0 0 0 0 0 0 0;
  INPUT ---        0 0 0 0 0 1 0.010060938021866 0 0 0 0 0 0 0 0 0 0 0 0 0 0;
  INPUT ---        0 0 0 0 0 1 0.0120376449425667 0 0 0 0 0 0 0 0 0 0 0 0 0 0;
  INPUT ---        0 0 0 0 0 1 0.0327860086977532 0 0 0 0 0 0 0 0 0 0 0 0 0 0;
  INPUT ---        0 0 0 0 0 1 0.0190954813692234 0 0 0 0 0 0 0 0 0 0 0 0 0 0;
  INPUT ---        0 0 0 0 0 1 0.0261489672463083 0 0 0 0 0 0 0 0 0 0 0 0 0 0;
  INPUT ---        0 0 0 0 0 1 0.0512150912647815 0 0 0 0 0 0 0 0 0 0 0 0 0 0;
  INPUT ---        0 0 0 0 0 1 0.0473122112945163 0 0 0 0 0 0 0 0 0 0 0 0 0 0;
  INPUT ---        0 0 0 0 0 1 0.0226518050401979 0 0 0 0 0 0 0 0 0 0 0 0 0 0;
  INPUT ---        0 0 0 0 0 1 0.0665651993646785 0 0 0 0 0 0 0 0 0 0 0 0 0 0;
  INPUT ---        0 0 0 0 0 1 0.04010330058655 0 0 0 0 0 0 0 0 0 0 0 0 0 0;
  INPUT ---        0 0 0 0 0 1 0.0206820945059979 0 0 0 0 0 0 0 0 0 0 0 0 0 0;

  Program  MARK  - Survival Rate Estimation with Capture-Recapture Data
   gfortran(Win64) Vers. 8.1 Mar 2016    5-Aug-2016 15:53:35    Page  007
 - - - - - - - - - - - - - - - - - - - - - - - - - - - - - - - - - - - - - -
 
  INPUT ---        0 0 0 0 0 1 0.054918230087819 0 0 0 0 0 0 0 0 0 0 0 0 0 0;
  INPUT ---        0 0 0 0 0 1 0.0879277557364401 0 0 0 0 0 0 0 0 0 0 0 0 0 0;
  INPUT ---        0 0 0 0 0 1 0.0733113017934447 0 0 0 0 0 0 0 0 0 0 0 0 0 0;
  INPUT ---        0 0 0 0 0 1 0.0785302039517285 0 0 0 0 0 0 0 0 0 0 0 0 0 0;
  INPUT ---        0 0 0 0 0 1 0.0474808900748976 0 0 0 0 0 0 0 0 0 0 0 0 0 0;
  INPUT ---        0 0 0 0 0 1 0.0746150243527953 0 0 0 0 0 0 0 0 0 0 0 0 0 0;
  INPUT ---        0 0 0 0 0 1 0.0653219100102685 0 0 0 0 0 0 0 0 0 0 0 0 0 0;
  INPUT ---        0 0 0 0 0 1 0.0656604289706052 0 0 0 0 0 0 0 0 0 0 0 0 0 0;
  INPUT ---        0 0 0 0 0 1 0.109501305572734 0 0 0 0 0 0 0 0 0 0 0 0 0 0;
  INPUT ---        0 0 0 0 0 0 0 1 0 0 0 0 0 0 0 0 0 0 0 0 0;
  INPUT ---        0 0 0 0 0 0 0 1 1 0 0 0 0 0 0 0 0 0 0 0 0;
  INPUT ---        0 0 0 0 0 0 0 1 0 1 0 0 0 0 0 0 0 0 0 0 0;
  INPUT ---        0 0 0 0 0 0 0 1 0 0 1 0 0 0 0 0 0 0 0 0 0;
  INPUT ---        0 0 0 0 0 0 0 1 0 0 0 1 0 0 0 0 0 0 0 0 0;
  INPUT ---        0 0 0 0 0 0 0 1 0 0 0 0 1 0 0 0 0 0 0 0 0;
  INPUT ---        0 0 0 0 0 0 0 0 0 0 0 0 0 1 captive 0 0 0 0 0 0;
  INPUT ---        0 0 0 0 0 0 0 0 0 0 0 0 0 1 captive 1 0 0 0 0 0;
  INPUT ---        0 0 0 0 0 0 0 0 0 0 0 0 0 1 captive 0 1 0 0 0 0;
  INPUT ---        0 0 0 0 0 0 0 0 0 0 0 0 0 1 captive 0 0 1 0 0 0;
  INPUT ---        0 0 0 0 0 0 0 0 0 0 0 0 0 1 captive 0 0 0 1 0 0;
  INPUT ---        0 0 0 0 0 0 0 0 0 0 0 0 0 0 0 0 0 0 0 1 0;
  INPUT ---        0 0 0 0 0 0 0 0 0 0 0 0 0 0 0 0 0 0 0 0 1;
  INPUT ---        0 0 0 0 0 0 0 0 0 0 0 0 0 0 0 0 0 0 0 0 0;
  INPUT ---        0 0 0 0 0 0 0 0 0 0 0 0 0 0 0 0 0 0 0 0 0;

  INPUT ---    links=75;

  INPUT ---    Log;

  INPUT ---    Log;

  INPUT ---    Log;

  INPUT ---    Log;

  INPUT ---    Log;

  INPUT ---    Log;

  INPUT ---    Log;

  INPUT ---    Log;

  INPUT ---    Log;

  INPUT ---    Log;

  Program  MARK  - Survival Rate Estimation with Capture-Recapture Data
   gfortran(Win64) Vers. 8.1 Mar 2016    5-Aug-2016 15:53:35    Page  008
 - - - - - - - - - - - - - - - - - - - - - - - - - - - - - - - - - - - - - -
 

  INPUT ---    Log;

  INPUT ---    Log;

  INPUT ---    Log;

  INPUT ---    Log;

  INPUT ---    Log;

  INPUT ---    Log;

  INPUT ---    Log;

  INPUT ---    Log;

  INPUT ---    Log;

  INPUT ---    Log;

  INPUT ---    Log;

  INPUT ---    Log;

  INPUT ---    Log;

  INPUT ---    Log;

  INPUT ---    Log;

  INPUT ---    Log;

  INPUT ---    Log;

  INPUT ---    Log;

  INPUT ---    Log;

  INPUT ---    Log;

  INPUT ---    Log;

  INPUT ---    Log;

  INPUT ---    Log;

  Program  MARK  - Survival Rate Estimation with Capture-Recapture Data
   gfortran(Win64) Vers. 8.1 Mar 2016    5-Aug-2016 15:53:35    Page  009
 - - - - - - - - - - - - - - - - - - - - - - - - - - - - - - - - - - - - - -
 

  INPUT ---    Log;

  INPUT ---    Log;

  INPUT ---    Log;

  INPUT ---    Log;

  INPUT ---    Log;

  INPUT ---    Log;

  INPUT ---    Log;

  INPUT ---    Log;

  INPUT ---    Log;

  INPUT ---    Log;

  INPUT ---    Log;

  INPUT ---    Log;

  INPUT ---    Log;

  INPUT ---    Log;

  INPUT ---    Log;

  INPUT ---    Log;

  INPUT ---    Log;

  INPUT ---    Log;

  INPUT ---    Log;

  INPUT ---    Log;

  INPUT ---    Log;

  INPUT ---    Log;

  INPUT ---    Log;

  Program  MARK  - Survival Rate Estimation with Capture-Recapture Data
   gfortran(Win64) Vers. 8.1 Mar 2016    5-Aug-2016 15:53:35    Page  010
 - - - - - - - - - - - - - - - - - - - - - - - - - - - - - - - - - - - - - -
 

  INPUT ---    Log;

  INPUT ---    Log;

  INPUT ---    Log;

  INPUT ---    Log;

  INPUT ---    Log;

  INPUT ---    Log;

  INPUT ---    Log;

  INPUT ---    Log;

  INPUT ---    Log;

  INPUT ---    Log;

  INPUT ---    Logit;

  INPUT ---    Logit;

  INPUT ---    Logit;

  INPUT ---    Logit;

  INPUT ---    Logit;

  INPUT ---    Logit;

  INPUT ---    Logit;

  INPUT ---    Logit;

  INPUT ---    Logit;
  INPUT ---       blabel(1)=alpha:(Intercept);
  INPUT ---       blabel(2)=alpha:captive;
  INPUT ---       blabel(3)=alpha:sex;
  INPUT ---       blabel(4)=alpha:effort.trapdays;
  INPUT ---       blabel(5)=alpha:recordloss.agout.total;
  INPUT ---       blabel(6)=sigma:(Intercept);
  INPUT ---       blabel(7)=sigma:recordloss.agout.var;
  INPUT ---       blabel(8)=U:(Intercept);

  Program  MARK  - Survival Rate Estimation with Capture-Recapture Data
   gfortran(Win64) Vers. 8.1 Mar 2016    5-Aug-2016 15:53:35    Page  011
 - - - - - - - - - - - - - - - - - - - - - - - - - - - - - - - - - - - - - -
 
  INPUT ---       blabel(9)=U:sample_monthB;
  INPUT ---       blabel(10)=U:sample_monthC;
  INPUT ---       blabel(11)=U:sample_monthD;
  INPUT ---       blabel(12)=U:sample_monthE;
  INPUT ---       blabel(13)=U:sample_monthF;
  INPUT ---       blabel(14)=Phi:(Intercept);
  INPUT ---       blabel(15)=Phi:captive;
  INPUT ---       blabel(16)=Phi:sample_monthB;
  INPUT ---       blabel(17)=Phi:sample_monthC;
  INPUT ---       blabel(18)=Phi:sample_monthD;
  INPUT ---       blabel(19)=Phi:sample_monthE;
  INPUT ---       blabel(20)=GammaDoublePrime:(Intercept);
  INPUT ---       blabel(21)=GammaPrime:(Intercept);
  INPUT ---       rlabel(1)=alpha g1 a0 t1;
  INPUT ---       rlabel(2)=alpha g1 a0.2 t1.2;
  INPUT ---       rlabel(3)=alpha g1 a0.4 t1.4;
  INPUT ---       rlabel(4)=alpha g1 a0.6 t1.6;
  INPUT ---       rlabel(5)=alpha g1 a0.8 t1.8;
  INPUT ---       rlabel(6)=alpha g1 a2.8 t3.8;
  INPUT ---       rlabel(7)=alpha g1 a3 t4;
  INPUT ---       rlabel(8)=alpha g1 a3.2 t4.2;
  INPUT ---       rlabel(9)=alpha g1 a3.4 t4.4;
  INPUT ---       rlabel(10)=alpha g1 a3.6 t4.6;
  INPUT ---       rlabel(11)=alpha g1 a6.1 t7.1;
  INPUT ---       rlabel(12)=alpha g1 a6.3 t7.3;
  INPUT ---       rlabel(13)=alpha g1 a6.5 t7.5;
  INPUT ---       rlabel(14)=alpha g1 a6.7 t7.7;
  INPUT ---       rlabel(15)=alpha g1 a6.9 t7.9;
  INPUT ---       rlabel(16)=alpha g1 a9.567 t10.567;
  INPUT ---       rlabel(17)=alpha g1 a9.767 t10.767;
  INPUT ---       rlabel(18)=alpha g1 a9.967 t10.967;
  INPUT ---       rlabel(19)=alpha g1 a10.167 t11.167;
  INPUT ---       rlabel(20)=alpha g1 a10.367 t11.367;
  INPUT ---       rlabel(21)=alpha g1 a12.134 t13.134;
  INPUT ---       rlabel(22)=alpha g1 a12.334 t13.334;
  INPUT ---       rlabel(23)=alpha g1 a12.534 t13.534;
  INPUT ---       rlabel(24)=alpha g1 a12.734 t13.734;
  INPUT ---       rlabel(25)=alpha g1 a12.934 t13.934;
  INPUT ---       rlabel(26)=alpha g1 a16.101 t17.101;
  INPUT ---       rlabel(27)=alpha g1 a16.301 t17.301;
  INPUT ---       rlabel(28)=alpha g1 a16.501 t17.501;
  INPUT ---       rlabel(29)=alpha g1 a16.701 t17.701;
  INPUT ---       rlabel(30)=alpha g1 a16.901 t17.901;
  INPUT ---       rlabel(31)=sigma g1 a0 t1;
  INPUT ---       rlabel(32)=sigma g1 a0.2 t1.2;
  INPUT ---       rlabel(33)=sigma g1 a0.4 t1.4;

  Program  MARK  - Survival Rate Estimation with Capture-Recapture Data
   gfortran(Win64) Vers. 8.1 Mar 2016    5-Aug-2016 15:53:35    Page  012
 - - - - - - - - - - - - - - - - - - - - - - - - - - - - - - - - - - - - - -
 
  INPUT ---       rlabel(34)=sigma g1 a0.6 t1.6;
  INPUT ---       rlabel(35)=sigma g1 a0.8 t1.8;
  INPUT ---       rlabel(36)=sigma g1 a2.8 t3.8;
  INPUT ---       rlabel(37)=sigma g1 a3 t4;
  INPUT ---       rlabel(38)=sigma g1 a3.2 t4.2;
  INPUT ---       rlabel(39)=sigma g1 a3.4 t4.4;
  INPUT ---       rlabel(40)=sigma g1 a3.6 t4.6;
  INPUT ---       rlabel(41)=sigma g1 a6.1 t7.1;
  INPUT ---       rlabel(42)=sigma g1 a6.3 t7.3;
  INPUT ---       rlabel(43)=sigma g1 a6.5 t7.5;
  INPUT ---       rlabel(44)=sigma g1 a6.7 t7.7;
  INPUT ---       rlabel(45)=sigma g1 a6.9 t7.9;
  INPUT ---       rlabel(46)=sigma g1 a9.567 t10.567;
  INPUT ---       rlabel(47)=sigma g1 a9.767 t10.767;
  INPUT ---       rlabel(48)=sigma g1 a9.967 t10.967;
  INPUT ---       rlabel(49)=sigma g1 a10.167 t11.167;
  INPUT ---       rlabel(50)=sigma g1 a10.367 t11.367;
  INPUT ---       rlabel(51)=sigma g1 a12.134 t13.134;
  INPUT ---       rlabel(52)=sigma g1 a12.334 t13.334;
  INPUT ---       rlabel(53)=sigma g1 a12.534 t13.534;
  INPUT ---       rlabel(54)=sigma g1 a12.734 t13.734;
  INPUT ---       rlabel(55)=sigma g1 a12.934 t13.934;
  INPUT ---       rlabel(56)=sigma g1 a16.101 t17.101;
  INPUT ---       rlabel(57)=sigma g1 a16.301 t17.301;
  INPUT ---       rlabel(58)=sigma g1 a16.501 t17.501;
  INPUT ---       rlabel(59)=sigma g1 a16.701 t17.701;
  INPUT ---       rlabel(60)=sigma g1 a16.901 t17.901;
  INPUT ---       rlabel(61)=U g1 a0 t1;
  INPUT ---       rlabel(62)=U g1 a2.8 t3.8;
  INPUT ---       rlabel(63)=U g1 a6.1 t7.1;
  INPUT ---       rlabel(64)=U g1 a9.567 t10.567;
  INPUT ---       rlabel(65)=U g1 a12.134 t13.134;
  INPUT ---       rlabel(66)=U g1 a16.101 t17.101;
  INPUT ---       rlabel(67)=Phi g1 c1 a0.8 t1.8;
  INPUT ---       rlabel(68)=Phi g1 c1 a3.6 t4.6;
  INPUT ---       rlabel(69)=Phi g1 c1 a6.9 t7.9;
  INPUT ---       rlabel(70)=Phi g1 c1 a10.367 t11.367;
  INPUT ---       rlabel(71)=Phi g1 c1 a12.934 t13.934;
  INPUT ---       rlabel(72)=Gamma'' g1 c1 a0.8 t1.8;
  INPUT ---       rlabel(73)=Gamma' g1 c1 a0.8 t1.8;
  INPUT ---       rlabel(74)=Phi g1 c1 a0 t1;
  INPUT ---       rlabel(75)=Gamma'' g1 c1 a0 t1;

 Link Function Used is PARM-SPECIFIC

 Variance Estimation Procedure Used is 2ndPart 

 M(t+1):

  Program  MARK  - Survival Rate Estimation with Capture-Recapture Data
   gfortran(Win64) Vers. 8.1 Mar 2016    5-Aug-2016 15:53:35    Page  013
 - - - - - - - - - - - - - - - - - - - - - - - - - - - - - - - - - - - - - -
 
 Group=Group 1                                                                         
       3      3      3      2      3      5      5      5      2      5      5
       4      4      4      4     10      7      7      7      5      5      5
       5      3      4      5      5      5      4      5


 -2logL(saturated) = -0.0000000    
 Effective Sample Size = 169
 Results from first iteration:
  -2logL Initial { alpha(~1 + captive + sex + effort.trapdays + recordloss.agout.total)sigma(~1 + recordloss.agout.var)U(~sample_month)Phi(~1 + captive + sample_month)Gamma''(~1)G } = 1138.4459     
  Penalty Initial { alpha(~1 + captive + sex + effort.trapdays + recordloss.agout.total)sigma(~1 + recordloss.agout.var)U(~sample_month)Phi(~1 + captive + sample_month)Gamma''(~1)G } = -0.0000000    

 Number of function evaluations was 47 for 21 parameters.
 Time for numerical optimization was 8.09 seconds.
 -2logL { alpha(~1 + captive + sex + effort.trapdays + recordloss.agout.total)sigma(~1 + recordloss.agout.var)U(~sample_month)Phi(~1 + captive + sample_month)Gamma''(~1)G } = 1045.4317     
 Penalty { alpha(~1 + captive + sex + effort.trapdays + recordloss.agout.total)sigma(~1 + recordloss.agout.var)U(~sample_month)Phi(~1 + captive + sample_month)Gamma''(~1)G } = -0.0000000    

   * *  WARNING  * *   Numerical underflow occurred during optimization of this model. 
     IEEE flag status at end of optimization:
     overflow       F
     divide by zero F
     invalid        F
     underflow      T
     inexact        T

 Gradient { alpha(~1 + captive + sex + effort.trapdays + recordloss.agout.total)sigma(~1 + recordloss.agout.var)U(~sample_month)Phi(~1 + captive + sample_month)Gamma''(~1)G }:
 -0.8802262E-02 0.1028386E-02-0.1202695E-01-0.1191580E-01-0.5232130E-03
 -0.5841721E-02-0.4973524E-03-0.4364730E-02 0.2340631E-02-0.4758248E-02
 -0.4665591E-02 0.1565085E-02 0.5500726E-03 0.5178252E-04 0.8513314E-03
  0.3555824E-04 0.4074438E-03-0.9299307E-04-0.9875112E-04  0.000000    
   0.000000    
 S Vector { alpha(~1 + captive + sex + effort.trapdays + recordloss.agout.total)sigma(~1 + recordloss.agout.var)U(~sample_month)Phi(~1 + captive + sample_month)Gamma''(~1)G }:
   5507.369      382.9303      304.2774      265.7113      239.8719    
   225.8989      126.8686      51.12037      29.17320      10.70989    
   7.529501      4.722681      2.638927      1.671219     0.9502098    
  0.9479434     0.9036672     0.6965914     0.7952802E-01 0.3616169E-04
  0.5404024E-08
 Time to compute number of parameters was 4.39 seconds.
   Threshold =  0.4400000E-06     Condition index =  0.9812351E-12     New Threshold =  0.2476435E-07
 New Guessimate of Estimated Parameters { alpha(~1 + captive + sex + effort.trapdays + recordloss.agout.total)sigma(~1 + recordloss.agout.var)U(~sample_month)Phi(~1 + captive + sample_month)Gamma''(~1)G } = 19          
 Conditioned S Vector { alpha(~1 + captive + sex + effort.trapdays + recordloss.agout.total)sigma(~1 + recordloss.agout.var)U(~sample_month)Phi(~1 + captive + sample_month)Gamma''(~1)G }:
   1.000000     0.6953053E-01 0.5524915E-01 0.4824650E-01 0.4355471E-01
  0.4101757E-01 0.2303616E-01 0.9282176E-02 0.5297122E-02 0.1944648E-02
  0.1367168E-02 0.8575203E-03 0.4791630E-03 0.3034515E-03 0.1725343E-03
  0.1721227E-03 0.1640833E-03 0.1264835E-03 0.1444029E-04 0.6566055E-08
  0.9812351E-12
 Number of Estimated Parameters { alpha(~1 + captive + sex + effort.trapdays + recordloss.agout.total)sigma(~1 + recordloss.agout.var)U(~sample_month)Phi(~1 + captive + sample_month)Gamma''(~1)G } = 19          
 DEVIANCE { alpha(~1 + captive + sex + effort.trapdays + recordloss.agout.total)sigma(~1 + recordloss.agout.var)U(~sample_month)Phi(~1 + captive + sample_month)Gamma''(~1)G } = 1045.4317                     
 DEVIANCE Degrees of Freedom { alpha(~1 + captive + sex + effort.trapdays + recordloss.agout.total)sigma(~1 + recordloss.agout.var)U(~sample_month)Phi(~1 + captive + sample_month)Gamma''(~1)G } = -5            
 c-hat { alpha(~1 + captive + sex + effort.trapdays + recordloss.agout.total)sigma(~1 + recordloss.agout.var)U(~sample_month)Phi(~1 + captive + sample_month)Gamma''(~1)G } = 1.0000000                     
 AIC { alpha(~1 + captive + sex + effort.trapdays + recordloss.agout.total)sigma(~1 + recordloss.agout.var)U(~sample_month)Phi(~1 + captive + sample_month)Gamma''(~1)G } = 1083.4317                  
 AICc { alpha(~1 + captive + sex + effort.trapdays + recordloss.agout.total)sigma(~1 + recordloss.agout.var)U(~sample_month)Phi(~1 + captive + sample_month)Gamma''(~1)G } = 1088.5324                    
 BIC { alpha(~1 + captive + sex + effort.trapdays + recordloss.agout.total)sigma(~1 + recordloss.agout.var)U(~sample_month)Phi(~1 + captive + sample_month)Gamma''(~1)G } = 1142.8998                    
 Pearson Chisquare { alpha(~1 + captive + sex + effort.trapdays + recordloss.agout.total)sigma(~1 + recordloss.agout.var)U(~sample_month)Phi(~1 + captive + sample_month)Gamma''(~1)G } = 0.8093031E+032             

   * *  WARNING  * *   Numerical underflow occurred during variance-covariance calculation of this model. 
     IEEE flag status at end of variance-covariance calculation:
     overflow       F
     divide by zero F
     invalid        F
     underflow      T
     inexact        T


  Program  MARK  - Survival Rate Estimation with Capture-Recapture Data
   gfortran(Win64) Vers. 8.1 Mar 2016    5-Aug-2016 15:53:43    Page  014
 - - - - - - - - - - - - - - - - - - - - - - - - - - - - - - - - - - - - - -
 


 PARM-SPECIFIC Link Function Parameters of { alpha(~1 + captive + sex + effort.trapdays + recordloss.agout.total)sigma(~1 + recordloss.agout.var)U(~sample_month)Phi(~1 + captive + sample_month)Gamma''(~1)G }
                                                              95% Confidence Interval
 Parameter                    Beta         Standard Error      Lower           Upper
 -------------------------  --------------  --------------  --------------  --------------
    1:alpha:(Intercept)     0.5292116       0.3599058       -0.1762038      1.2346270     
    2:alpha:captive         0.2823665       0.1066085       0.0734138       0.4913191     
    3:alpha:sex             0.4840695       0.2039450       0.0843373       0.8838017     
    4:alpha:effort.trapday  0.0033050       0.0018087       -.2400123E-003  0.0068499     
    5:alpha:recordloss.ago  -3.1284331      0.5805229       -4.2662579      -1.9906083    
    6:sigma:(Intercept)     -1.0589939      0.2245889       -1.4991881      -0.6187997    
    7:sigma:recordloss.ago  6.1318233       3.5359749       -0.7986877      13.062334     
    8:U:(Intercept)         2.5267241       0.1380302       2.2561849       2.7972633     
    9:U:sample_monthB       0.3794169       0.1270506       0.1303978       0.6284361     
   10:U:sample_monthC       0.4813401       0.1482322       0.1908050       0.7718751     
   11:U:sample_monthD       0.9103793       0.1468487       0.6225559       1.1982028     
   12:U:sample_monthE       0.3946769       0.1681057       0.0651897       0.7241640     
   13:U:sample_monthF       0.6947437       0.1741693       0.3533719       1.0361155     
   14:Phi:(Intercept)       9.9773368       74.369070       -135.78604      155.74072     
   15:Phi:captive           1.0565168       1.1585125       -1.2141678      3.3272014     
   16:Phi:sample_monthB     -7.9521635      74.375048       -153.72726      137.82293     
   17:Phi:sample_monthC     -7.8171774      74.373861       -153.58995      137.95559     
   18:Phi:sample_monthD     -9.2692533      74.370415       -155.03527      136.49676     
   19:Phi:sample_monthE     -7.5192210      74.375588       -153.29538      138.25693     
   20:GammaDoublePrime:(In  -2.9444247      1.0258664       -4.9551228      -0.9337265    
   21:GammaPrime:(Intercep  17.724958       0.0000000       17.724958       17.724958     


 Real Function Parameters of { alpha(~1 + captive + sex + effort.trapdays + recordloss.agout.total)sigma(~1 + recordloss.agout.var)U(~sample_month)Phi(~1 + captive + sample_month)Gamma''(~1)G }

      Following estimates based on unstandardized individual covariate values:
          Variable   Value         
          ---------  ------------- 
          CAPTIVE    0.2142857     
          SEX        0.8461538     
                                                               95% Confidence Interval
  Parameter                  Estimate       Standard Error      Lower           Upper
 --------------------------  --------------  --------------  --------------  --------------
     1:alpha g1 a0 t1        2.0845612       0.2971816       1.5786010       2.7526877                           
     2:alpha g1 a0.2 t1.2    2.5023193       0.3311605       1.9327695       3.2397044                           
     3:alpha g1 a0.4 t1.4    3.0827040       0.3307676       2.4995354       3.8019322                           
     4:alpha g1 a0.6 t1.6    2.3976907       0.2494954       1.9563962       2.9385257                           
     5:alpha g1 a0.8 t1.8    2.3395524       0.2600373       1.8828324       2.9070592                           
     6:alpha g1 a2.8 t3.8    3.3981202       0.3343770       2.8033684       4.1190522                           
     7:alpha g1 a3 t4        3.2308855       0.3089876       2.6797862       3.8953188                           

  Program  MARK  - Survival Rate Estimation with Capture-Recapture Data
   gfortran(Win64) Vers. 8.1 Mar 2016    5-Aug-2016 15:53:43    Page  015
 - - - - - - - - - - - - - - - - - - - - - - - - - - - - - - - - - - - - - -
 
     8:alpha g1 a3.2 t4.2    2.4187288       0.2352221       1.9998654       2.9253213                           
     9:alpha g1 a3.4 t4.4    3.2140107       0.3491656       2.5992222       3.9742138                           
    10:alpha g1 a3.6 t4.6    3.1141704       0.2932214       2.5904248       3.7438096                           
    11:alpha g1 a6.1 t7.1    3.3482279       0.2902392       2.8259586       3.9670186                           
    12:alpha g1 a6.3 t7.3    3.1011983       0.2368471       2.6706332       3.6011801                           
    13:alpha g1 a6.5 t7.5    2.5232220       0.2094424       2.1449672       2.9681803                           
    14:alpha g1 a6.7 t7.7    3.6779000       0.3364445       3.0753532       4.3985024                           
    15:alpha g1 a6.9 t7.9    3.1896435       0.2543777       2.7287526       3.7283795                           
    16:alpha g1 a9.567 t10.  2.7846139       0.2053332       2.4103638       3.2169728                           
    17:alpha g1 a9.767 t10.  2.9531209       0.2254338       2.5432896       3.4289933                           
    18:alpha g1 a9.967 t10.  2.7725372       0.2045223       2.3997757       3.2032006                           
    19:alpha g1 a10.167 t11  2.3192058       0.1937107       1.9695420       2.7309474                           
    20:alpha g1 a10.367 t11  2.2167987       0.1928912       1.8698147       2.6281730                           
    21:alpha g1 a12.134 t13  3.4563912       0.3419688       2.8484597       4.1940703                           
    22:alpha g1 a12.334 t13  2.6644608       0.2265907       2.2560598       3.1467922                           
    23:alpha g1 a12.534 t13  2.4314079       0.2453188       1.9961400       2.9615881                           
    24:alpha g1 a12.734 t13  2.1573689       0.2347310       1.7441373       2.6685057                           
    25:alpha g1 a12.934 t13  1.9344850       0.2255581       1.5404570       2.4293002                           
    26:alpha g1 a16.101 t17  3.3350116       0.3219301       2.7613371       4.0278684                           
    27:alpha g1 a16.301 t17  2.2284406       0.2239990       1.8308516       2.7123704                           
    28:alpha g1 a16.501 t17  2.8079357       0.2735373       2.3209239       3.3971399                           
    29:alpha g1 a16.701 t17  2.0876207       0.2330917       1.6784323       2.5965661                           
    30:alpha g1 a16.901 t17  2.7741238       0.2702870       2.2929063       3.3563357                           
    31:sigma g1 a0 t1        0.4542485       0.0637133       0.3455270       0.5971797                           
    32:sigma g1 a0.2 t1.2    0.3774758       0.0711837       0.2616786       0.5445151                           
    33:sigma g1 a0.4 t1.4    0.3803236       0.0706141       0.2651223       0.5455824                           
    34:sigma g1 a0.6 t1.6    0.4528377       0.0636423       0.3442675       0.5956472                           
    35:sigma g1 a0.8 t1.8    0.4469990       0.0634509       0.3389062       0.5895676                           
    36:sigma g1 a2.8 t3.8    0.4258324       0.0640558       0.3176216       0.5709097                           
    37:sigma g1 a3 t4        0.3791547       0.0708464       0.2637098       0.5451384                           
    38:sigma g1 a3.2 t4.2    0.3904230       0.0687072       0.2772539       0.5497853                           
    39:sigma g1 a3.4 t4.4    0.3550272       0.0760192       0.2344422       0.5376348                           
    40:sigma g1 a3.6 t4.6    0.4430493       0.0634131       0.3351471       0.5856911                           
    41:sigma g1 a6.1 t7.1    0.3688733       0.0729737       0.2512439       0.5415754                           
    42:sigma g1 a6.3 t7.3    0.3733716       0.0720257       0.2567047       0.5430611                           
    43:sigma g1 a6.5 t7.5    0.4240279       0.0641938       0.3156876       0.5695494                           
    44:sigma g1 a6.7 t7.7    0.3898849       0.0688039       0.2766115       0.5495440                           
    45:sigma g1 a6.9 t7.9    0.4071176       0.0660490       0.2968371       0.5583695                           
    46:sigma g1 a9.567 t10.  0.4747571       0.0658707       0.3621854       0.6223175                           
    47:sigma g1 a9.767 t10.  0.4635302       0.0644266       0.3534531       0.6078889                           
    48:sigma g1 a9.967 t10.  0.3984804       0.0673369       0.2867978       0.5536535                           
    49:sigma g1 a10.167 t11  0.5216138       0.0785507       0.3889384       0.6995476                           
    50:sigma g1 a10.367 t11  0.4434866       0.0634137       0.3355685       0.5861111                           
    51:sigma g1 a12.134 t13  0.3936965       0.0681326       0.2811489       0.5512984                           
    52:sigma g1 a12.334 t13  0.4856607       0.0678850       0.3697653       0.6378812                           
    53:sigma g1 a12.534 t13  0.5946178       0.1147682       0.4087361       0.8650333                           

  Program  MARK  - Survival Rate Estimation with Capture-Recapture Data
   gfortran(Win64) Vers. 8.1 Mar 2016    5-Aug-2016 15:53:43    Page  016
 - - - - - - - - - - - - - - - - - - - - - - - - - - - - - - - - - - - - - -
 
    54:sigma g1 a12.734 t13  0.5436433       0.0877405       0.3970227       0.7444109                           
    55:sigma g1 a12.934 t13  0.5613220       0.0963051       0.4020018       0.7837834                           
    56:sigma g1 a16.101 t17  0.4640098       0.0644752       0.3538455       0.6084723                           
    57:sigma g1 a16.301 t17  0.5480067       0.0897633       0.3983626       0.7538642                           
    58:sigma g1 a16.501 t17  0.5176523       0.0770953       0.3872209       0.6920182                           
    59:sigma g1 a16.701 t17  0.5187279       0.0774841       0.3876959       0.6940456                           
    60:sigma g1 a16.901 t17  0.6787168       0.1711048       0.4172471       1.1040376                           
    61:U g1 a0 t1            12.512449       1.7270960       9.5587823       16.378801                           
    62:U g1 a2.8 t3.8        18.286097       1.9679641       14.817535       22.566597                           
    63:U g1 a6.1 t7.1        20.248165       1.6603475       17.246575       23.772152                           
    64:U g1 a9.567 t10.567   31.096754       2.3296671       26.855538       36.007772                           
    65:U g1 a12.134 t13.134  18.567281       1.6878566       15.542743       22.180379                           
    66:U g1 a16.101 t17.101  25.064883       2.4037652       20.778743       30.235148                           
    67:Phi g1 c1 a0.8 t1.8   0.9999630       0.0027538       0.1344137E-058  1.0000000                           
    68:Phi g1 c1 a3.6 t4.6   0.9047859       0.0911642       0.5442472       0.9869481                           
    69:Phi g1 c1 a6.9 t7.9   0.9157964       0.0810229       0.5810751       0.9884096                           
    70:Phi g1 c1 a10.367 t1  0.7179833       0.1237975       0.4344160       0.8940520                           
    71:Phi g1 c1 a12.934 t1  0.9361065       0.0628521       0.6513226       0.9913728                           
    72:Gamma'' g1 c1 a0.8 t  0.0500007       0.0487293       0.0069979       0.2821693                           
    73:Gamma' g1 c1 a0.8 t1  1.0000000       0.0000000       1.0000000       1.0000000                           
    74:Phi g1 c1 a0 t1       1.0000000       0.0000000       1.0000000       1.0000000       Fixed               
    75:Gamma'' g1 c1 a0 t1   0.0000000       0.0000000       0.0000000       0.0000000       Fixed               

  Program  MARK  - Survival Rate Estimation with Capture-Recapture Data
   gfortran(Win64) Vers. 8.1 Mar 2016    5-Aug-2016 15:53:43    Page  017
 - - - - - - - - - - - - - - - - - - - - - - - - - - - - - - - - - - - - - -
 


                      Estimates of Derived Parameters
 Population Estimates of { alpha(~1 + captive + sex + effort.trapdays + recordloss.agout.total)sigma(~1 + recordloss.agout.var)U(~sample_month)Phi(~1 + captive + sample_month)Gamma''(~1)G }
                                                95% Confidence Interval
 Grp. Occ.   N-hat           Standard Error      Lower           Upper
 ---- ----   --------------  --------------  --------------  --------------
   1     1   15.512449       1.7270969       12.479605       19.282348     
   1     2   15.512449       1.7270969       12.479605       19.282348     
   1     3   15.512449       1.7270969       12.479605       19.282348     
   1     4   14.665002       1.7578947       11.604071       18.533348     
   1     5   15.512449       1.7270969       12.479605       19.282348     
   1     6   23.286097       1.9679648       19.737230       27.473069     
   1     7   23.286097       1.9679648       19.737230       27.473069     
   1     8   23.286097       1.9679648       19.737230       27.473069     
   1     9   20.401862       1.9944723       16.852067       24.699402     
   1    10   23.286097       1.9679648       19.737230       27.473069     
   1    11   25.459646       1.6905858       22.355867       28.994339     
   1    12   24.445194       1.6900543       21.350767       27.988105     
   1    13   24.601057       1.7033470       21.482608       28.172186     
   1    14   24.399997       1.6878371       21.309743       27.938387     
   1    15   24.477631       1.6945253       21.375297       28.030227     
   1    16   38.920742       2.4417239       34.421655       44.007882     
   1    17   38.694906       2.4035871       34.263377       43.699596     
   1    18   38.864071       2.4399611       34.368438       43.947766     
   1    19   39.246782       2.4619301       34.710436       44.375989     
   1    20   37.100041       2.4656269       32.573601       42.255477     
   1    21   22.781030       1.7240904       19.644653       26.418146     
   1    22   24.117679       1.7536041       20.918224       27.806493     
   1    23   24.247577       1.7675424       21.023282       27.966375     
   1    24   22.027291       1.7413533       18.870067       25.712762     
   1    25   23.422866       1.7863784       20.175060       27.193507     
   1    26   30.356000       2.4526559       25.916783       35.555598     
   1    27   30.826331       2.5011534       26.300861       36.130478     
   1    28   30.531934       2.4759289       26.051909       35.782367     
   1    29   29.782625       2.5014965       25.269306       35.102062     
   1    30   30.656395       2.4825355       26.163911       35.920263     
 Mean Resighting Rate Estimates of { alpha(~1 + captive + sex + effort.trapdays + recordloss.agout.total)sigma(~1 + recordloss.agout.var)U(~sample_month)Phi(~1 + captive + sample_month)Gamma''(~1)G }
                                                95% Confidence Interval
 Grp. Occ.   Lambda-hat      Standard Error      Lower           Upper
 ---- ----   --------------  --------------  --------------  --------------
   1     1   2.3111131       0.3178205       1.7673030       3.0222568     
   1     2   2.6870985       0.3389974       2.1004864       3.4375365     
   1     3   3.3139147       0.3297421       2.7280467       4.0256021     
   1     4   2.6565733       0.2562941       2.1998364       3.2081393     
   1     5   2.5853572       0.2691664       2.1092958       3.1688642     
   1     6   3.7206151       0.3383699       3.1143003       4.4449718     
   1     7   3.4716688       0.3021772       2.9281096       4.1161316     
   1     8   2.6102791       0.2335755       2.1911360       3.1096004     
   1     9   3.4230835       0.3445006       2.8116831       4.1674328     

  Program  MARK  - Survival Rate Estimation with Capture-Recapture Data
   gfortran(Win64) Vers. 8.1 Mar 2016    5-Aug-2016 15:53:43    Page  018
 - - - - - - - - - - - - - - - - - - - - - - - - - - - - - - - - - - - - - -
 
   1    10   3.4353167       0.2979487       2.8991993       4.0705725     
   1    11   3.9630331       0.2828032       3.4463684       4.5571539     
   1    12   3.5592196       0.2280935       3.1394979       4.0350542     
   1    13   3.2084310       0.2067578       2.8281040       3.6399048     
   1    14   4.6863195       0.3388967       4.0677606       5.3989389     
   1    15   4.4028552       0.2538806       3.9327075       4.9292083     
   1    16   3.6362425       0.1920484       3.2788915       4.0325395     
   1    17   4.2082375       0.2195312       3.7994868       4.6609618     
   1    18   3.7867497       0.2021264       3.4108549       4.2040700     
   1    19   3.2772258       0.1868350       2.9310130       3.6643335     
   1    20   2.9655260       0.1967200       2.6043401       3.3768035     
   1    21   5.1593690       0.3622376       4.4968289       5.9195246     
   1    22   3.3579112       0.2132230       2.9653256       3.8024720     
   1    23   3.2495374       0.2495798       2.7960192       3.7766170     
   1    24   3.0673634       0.2351843       2.6399480       3.5639786     
   1    25   3.9082238       0.2713334       3.4115646       4.4771871     
   1    26   4.0894293       0.3231542       3.5035040       4.7733447     
   1    27   2.5894817       0.2058514       2.2164181       3.0253387     
   1    28   3.7540415       0.2710677       3.2592314       4.3239727     
   1    29   3.0216907       0.2401041       2.5865360       3.5300551     
   1    30   4.0237776       0.3995266       3.3137719       4.8859083     
 Pr(Captured 1 or more times) of { alpha(~1 + captive + sex + effort.trapdays + recordloss.agout.total)sigma(~1 + recordloss.agout.var)U(~sample_month)Phi(~1 + captive + sample_month)Gamma''(~1)G }
                                                95% Confidence Interval
 Grp. Occ.      p*-hat       Standard Error      Lower           Upper
 ---- ----   --------------  --------------  --------------  --------------
   1     1   0.2961112       0.0101928       0.2765311       0.3164714     
   1     2   0.3095867       0.0077945       0.2945209       0.3250680     
   1     3   0.3188812       0.0049781       0.3092045       0.3287166     
   1     4   0.4645647       0.0105065       0.4440439       0.4852061     
   1     5   0.3036174       0.0074706       0.2891772       0.3184557     
   1     6   0.1912821       0.0027005       0.1860449       0.1966311     
   1     7   0.1909241       0.0028528       0.1853952       0.1965781     
   1     8   0.1821037       0.0041686       0.1740753       0.1904171     
   1     9   0.4726422       0.0093661       0.4543297       0.4910285     
   1    10   0.1889169       0.0030027       0.1831018       0.1948728     
   1    11   0.1943450       0.0018508       0.1907431       0.1979982     
   1    12   0.2406126       0.0026725       0.2354135       0.2458897     
   1    13   0.2366567       0.0032841       0.2302804       0.2431538     
   1    14   0.2453619       0.0016713       0.2421010       0.2486524     
   1    15   0.2443445       0.0016924       0.2410427       0.2476767     
   1    16   0.1337410       0.0020071       0.1298558       0.1377240     
   1    17   0.1379276       0.0012614       0.1354739       0.1404185     
   1    18   0.1358030       0.0017779       0.1323559       0.1393255     
   1    19   0.1308850       0.0025165       0.1260310       0.1358967     
   1    20   0.1784407       0.0046769       0.1694575       0.1877925     
   1    21   0.2466330       0.0012554       0.2441808       0.2491018     
   1    22   0.1855807       0.0033268       0.1791485       0.1921898     
   1    23   0.1822063       0.0048151       0.1729578       0.1918345     
   1    24   0.3063210       0.0071361       0.2925153       0.3204831     
   1    25   0.2385704       0.0037211       0.2313537       0.2459403     

  Program  MARK  - Survival Rate Estimation with Capture-Recapture Data
   gfortran(Win64) Vers. 8.1 Mar 2016    5-Aug-2016 15:53:44    Page  019
 - - - - - - - - - - - - - - - - - - - - - - - - - - - - - - - - - - - - - -
 
   1    26   0.1921988       0.0024270       0.1874866       0.1970006     
   1    27   0.1735675       0.0057784       0.1625320       0.1851866     
   1    28   0.1894536       0.0030385       0.1835698       0.1954808     
   1    29   0.2280638       0.0056060       0.2172629       0.2392375     
   1    30   0.1863290       0.0047656       0.1771685       0.1958505     

 Attempted ordering of parameters by estimatibility:
   1  8 11 10 13 12  2  6  9  3  4 14  5 18 20 15 17 16  7 19 21
 Beta number 21 is a singular value.

     CPU Time in seconds for last procedure was 12.81


  INPUT --- proc stop;

   * *  WARNING  * *   Numerical underflow occurred during final processing of this model. 
     IEEE flag status at final processing of this model:
     overflow       F
     divide by zero F
     invalid        F
     underflow      T
     inexact        T


     CPU Time in minutes for this job was 0.21

     Time Start = 15:53:34.987   Time End = 15:53:44.091

     Wall Clock Time in minutes for this job was 0.15


          E X E C U T I O N   S U C C E S S F U L 
