
   Program  MARK  - Survival Rate Estimation with Capture-Recapture Data
   gfortran(Win64) Vers. 8.1 Mar 2016    5-Aug-2016 15:48:39    Page  001
 - - - - - - - - - - - - - - - - - - - - - - - - - - - - - - - - - - - - - -
 
   This version was compiled by GCC version 5.3.0 using the options: 
     -cpp -iprefix c:\tdm-gcc-64\gcc\bin\../lib/gcc/x86_64-w64-mingw32/5.3.0/ -D_MT
     -U_REENTRANT -D IEEE -m64 -mtune=generic -march=x86-64 -mthreads -O2
     -fimplicit-none -fbounds-check -funroll-loops -ftree-vectorize
     -ffpe-summary=invalid,zero,overflow,underflow -fno-unsafe-math-optimizations
     -frounding-math -fsignaling-nans -fopenmp.

   This problem will use 3 of 4 possible threads.


  INPUT --- proc title ;

     CPU Time in seconds for last procedure was 0.00


  INPUT --- proc chmatrix occasions= 30 groups= 1 etype= PoissonMR 
  INPUT --- icovar = 2 ICMeans NoHist  hist= 14 ;

  INPUT ---    time interval 0.2 0.2 0.2 0.2 2 0.2 0.2 0.2 0.2 2.5 0.2 0.2 
  INPUT ---    0.2 0.2 2.667 0.2 0.2 0.2  0.2 1.767 0.2 0.2 0.2 0.2 3.167 
  INPUT ---    0.2 0.2 0.2 0.2 ;

  INPUT ---     icovariates captive sex ;

  INPUT ---    glabel(1)=Group 1;

      Number of unique encounter histories read was 14.

      Number of individual covariates read was 2.
      Time interval lengths vary and/or not equal to 1.

      Data type number is 115
      Data type is Poisson Mark Resight with Robust Design                                                             

     CPU Time in seconds for last procedure was 0.00

  Program  MARK  - Survival Rate Estimation with Capture-Recapture Data
   gfortran(Win64) Vers. 8.1 Mar 2016    5-Aug-2016 15:48:39    Page  002
 - - - - - - - - - - - - - - - - - - - - - - - - - - - - - - - - - - - - - -
 


  INPUT --- proc estimate link=Parm-Specific NOLOOP varest=2ndPart    ;


  INPUT --- model={ alpha(~1 + captive + sex + effort.trapdays + 
  INPUT --- recordloss.agout.total)sigma(~1 + 
  INPUT --- effort.var)U(~sample_month)Phi(~1)Gamma''(~1)Gamma'(~1) };

  INPUT ---    fixed=2;
  INPUT ---        parm(62)=1 ;
  INPUT ---        parm(63)=0 ;

  INPUT ---    group=1 alpha    rows=1 cols=30 Square ;
  INPUT ---        1 2 3 4 5 6 7 8 9 10 11 12 13 14 15 16 17 18 19 20 21 22 
  INPUT ---       23 24 25 26 27 28 29 30 ;

  INPUT ---    group=1 sigma    rows=1 cols=30 Square ;
  INPUT ---        31 32 33 34 35 36 36 36 37 36 38 39 40 41 42 43 44 45 46 
  INPUT ---       47 48 49 50 50 51 48 52 50 50 50 ;

  INPUT ---    group=1 U    rows=1 cols=30 Square ;
  INPUT ---        53 53 53 53 53 54 54 54 54 54 55 55 55 55 55 56 56 56 56 
  INPUT ---       56 57 57 57 57 57 58 58 58 58 58 ;

  INPUT ---    group=1 Phi    rows=29 cols=29 Triang ;
  INPUT ---        62 62 62 62 59 62 62 62 62 59 62 62 62 62 59 62 62 62 62 
  INPUT ---       59 62 62 62 62 59 62 62 62 62 ;
  INPUT ---        62 62 62 62 62 62 62 62 62 62 62 62 62 62 62 62 62 62 62 
  INPUT ---       62 62 62 62 62 62 62 62 62 ;
  INPUT ---        62 62 62 62 62 62 62 62 62 62 62 62 62 62 62 62 62 62 62 
  INPUT ---       62 62 62 62 62 62 62 62 ;
  INPUT ---        62 62 62 62 62 62 62 62 62 62 62 62 62 62 62 62 62 62 62 
  INPUT ---       62 62 62 62 62 62 62 ;
  INPUT ---        62 62 62 62 62 62 62 62 62 62 62 62 62 62 62 62 62 62 62 
  INPUT ---       62 62 62 62 62 62 ;
  INPUT ---        62 62 62 62 59 62 62 62 62 59 62 62 62 62 59 62 62 62 62 
  INPUT ---       59 62 62 62 62 ;
  INPUT ---        62 62 62 62 62 62 62 62 62 62 62 62 62 62 62 62 62 62 62 
  INPUT ---       62 62 62 62 ;
  INPUT ---        62 62 62 62 62 62 62 62 62 62 62 62 62 62 62 62 62 62 62 
  INPUT ---       62 62 62 ;
  INPUT ---        62 62 62 62 62 62 62 62 62 62 62 62 62 62 62 62 62 62 62 
  INPUT ---       62 62 ;
  INPUT ---        62 62 62 62 62 62 62 62 62 62 62 62 62 62 62 62 62 62 62 
  INPUT ---       62 ;

  Program  MARK  - Survival Rate Estimation with Capture-Recapture Data
   gfortran(Win64) Vers. 8.1 Mar 2016    5-Aug-2016 15:48:39    Page  003
 - - - - - - - - - - - - - - - - - - - - - - - - - - - - - - - - - - - - - -
 
  INPUT ---        62 62 62 62 59 62 62 62 62 59 62 62 62 62 59 62 62 62 62 ;
  INPUT ---        62 62 62 62 62 62 62 62 62 62 62 62 62 62 62 62 62 62 ;
  INPUT ---        62 62 62 62 62 62 62 62 62 62 62 62 62 62 62 62 62 ;
  INPUT ---        62 62 62 62 62 62 62 62 62 62 62 62 62 62 62 62 ;
  INPUT ---        62 62 62 62 62 62 62 62 62 62 62 62 62 62 62 ;
  INPUT ---        62 62 62 62 59 62 62 62 62 59 62 62 62 62 ;
  INPUT ---        62 62 62 62 62 62 62 62 62 62 62 62 62 ;
  INPUT ---        62 62 62 62 62 62 62 62 62 62 62 62 ;
  INPUT ---        62 62 62 62 62 62 62 62 62 62 62 ;
  INPUT ---        62 62 62 62 62 62 62 62 62 62 ;
  INPUT ---        62 62 62 62 59 62 62 62 62 ;
  INPUT ---        62 62 62 62 62 62 62 62 ;
  INPUT ---        62 62 62 62 62 62 62 ;
  INPUT ---        62 62 62 62 62 62 ;
  INPUT ---        62 62 62 62 62 ;
  INPUT ---        62 62 62 62 ;
  INPUT ---        62 62 62 ;
  INPUT ---        62 62 ;
  INPUT ---        62 ;

  INPUT ---    group=1 Gamma''    rows=29 cols=29 Triang ;
  INPUT ---        63 63 63 63 60 63 63 63 63 60 63 63 63 63 60 63 63 63 63 
  INPUT ---       60 63 63 63 63 60 63 63 63 63 ;
  INPUT ---        63 63 63 63 63 63 63 63 63 63 63 63 63 63 63 63 63 63 63 
  INPUT ---       63 63 63 63 63 63 63 63 63 ;
  INPUT ---        63 63 63 63 63 63 63 63 63 63 63 63 63 63 63 63 63 63 63 
  INPUT ---       63 63 63 63 63 63 63 63 ;
  INPUT ---        63 63 63 63 63 63 63 63 63 63 63 63 63 63 63 63 63 63 63 
  INPUT ---       63 63 63 63 63 63 63 ;
  INPUT ---        63 63 63 63 63 63 63 63 63 63 63 63 63 63 63 63 63 63 63 
  INPUT ---       63 63 63 63 63 63 ;
  INPUT ---        63 63 63 63 60 63 63 63 63 60 63 63 63 63 60 63 63 63 63 
  INPUT ---       60 63 63 63 63 ;
  INPUT ---        63 63 63 63 63 63 63 63 63 63 63 63 63 63 63 63 63 63 63 
  INPUT ---       63 63 63 63 ;
  INPUT ---        63 63 63 63 63 63 63 63 63 63 63 63 63 63 63 63 63 63 63 
  INPUT ---       63 63 63 ;
  INPUT ---        63 63 63 63 63 63 63 63 63 63 63 63 63 63 63 63 63 63 63 
  INPUT ---       63 63 ;
  INPUT ---        63 63 63 63 63 63 63 63 63 63 63 63 63 63 63 63 63 63 63 
  INPUT ---       63 ;
  INPUT ---        63 63 63 63 60 63 63 63 63 60 63 63 63 63 60 63 63 63 63 ;
  INPUT ---        63 63 63 63 63 63 63 63 63 63 63 63 63 63 63 63 63 63 ;
  INPUT ---        63 63 63 63 63 63 63 63 63 63 63 63 63 63 63 63 63 ;
  INPUT ---        63 63 63 63 63 63 63 63 63 63 63 63 63 63 63 63 ;
  INPUT ---        63 63 63 63 63 63 63 63 63 63 63 63 63 63 63 ;

  Program  MARK  - Survival Rate Estimation with Capture-Recapture Data
   gfortran(Win64) Vers. 8.1 Mar 2016    5-Aug-2016 15:48:39    Page  004
 - - - - - - - - - - - - - - - - - - - - - - - - - - - - - - - - - - - - - -
 
  INPUT ---        63 63 63 63 60 63 63 63 63 60 63 63 63 63 ;
  INPUT ---        63 63 63 63 63 63 63 63 63 63 63 63 63 ;
  INPUT ---        63 63 63 63 63 63 63 63 63 63 63 63 ;
  INPUT ---        63 63 63 63 63 63 63 63 63 63 63 ;
  INPUT ---        63 63 63 63 63 63 63 63 63 63 ;
  INPUT ---        63 63 63 63 60 63 63 63 63 ;
  INPUT ---        63 63 63 63 63 63 63 63 ;
  INPUT ---        63 63 63 63 63 63 63 ;
  INPUT ---        63 63 63 63 63 63 ;
  INPUT ---        63 63 63 63 63 ;
  INPUT ---        63 63 63 63 ;
  INPUT ---        63 63 63 ;
  INPUT ---        63 63 ;
  INPUT ---        63 ;

  INPUT ---    group=1 Gamma'    rows=28 cols=28 Triang ;
  INPUT ---        63 63 63 61 63 63 63 63 61 63 63 63 63 61 63 63 63 63 61 
  INPUT ---       63 63 63 63 61 63 63 63 63 ;
  INPUT ---        63 63 63 63 63 63 63 63 63 63 63 63 63 63 63 63 63 63 63 
  INPUT ---       63 63 63 63 63 63 63 63 ;
  INPUT ---        63 63 63 63 63 63 63 63 63 63 63 63 63 63 63 63 63 63 63 
  INPUT ---       63 63 63 63 63 63 63 ;
  INPUT ---        63 63 63 63 63 63 63 63 63 63 63 63 63 63 63 63 63 63 63 
  INPUT ---       63 63 63 63 63 63 ;
  INPUT ---        63 63 63 63 63 63 63 63 63 63 63 63 63 63 63 63 63 63 63 
  INPUT ---       63 63 63 63 63 ;
  INPUT ---        63 63 63 61 63 63 63 63 61 63 63 63 63 61 63 63 63 63 61 
  INPUT ---       63 63 63 63 ;
  INPUT ---        63 63 63 63 63 63 63 63 63 63 63 63 63 63 63 63 63 63 63 
  INPUT ---       63 63 63 ;
  INPUT ---        63 63 63 63 63 63 63 63 63 63 63 63 63 63 63 63 63 63 63 
  INPUT ---       63 63 ;
  INPUT ---        63 63 63 63 63 63 63 63 63 63 63 63 63 63 63 63 63 63 63 
  INPUT ---       63 ;
  INPUT ---        63 63 63 63 63 63 63 63 63 63 63 63 63 63 63 63 63 63 63 ;
  INPUT ---        63 63 63 61 63 63 63 63 61 63 63 63 63 61 63 63 63 63 ;
  INPUT ---        63 63 63 63 63 63 63 63 63 63 63 63 63 63 63 63 63 ;
  INPUT ---        63 63 63 63 63 63 63 63 63 63 63 63 63 63 63 63 ;
  INPUT ---        63 63 63 63 63 63 63 63 63 63 63 63 63 63 63 ;
  INPUT ---        63 63 63 63 63 63 63 63 63 63 63 63 63 63 ;
  INPUT ---        63 63 63 61 63 63 63 63 61 63 63 63 63 ;
  INPUT ---        63 63 63 63 63 63 63 63 63 63 63 63 ;
  INPUT ---        63 63 63 63 63 63 63 63 63 63 63 ;
  INPUT ---        63 63 63 63 63 63 63 63 63 63 ;
  INPUT ---        63 63 63 63 63 63 63 63 63 ;
  INPUT ---        63 63 63 61 63 63 63 63 ;

  Program  MARK  - Survival Rate Estimation with Capture-Recapture Data
   gfortran(Win64) Vers. 8.1 Mar 2016    5-Aug-2016 15:48:39    Page  005
 - - - - - - - - - - - - - - - - - - - - - - - - - - - - - - - - - - - - - -
 
  INPUT ---        63 63 63 63 63 63 63 ;
  INPUT ---        63 63 63 63 63 63 ;
  INPUT ---        63 63 63 63 63 ;
  INPUT ---        63 63 63 63 ;
  INPUT ---        63 63 63 ;
  INPUT ---        63 63 ;
  INPUT ---        63 ;

  INPUT ---    initial  0.8492118 0 0 0 0 -0.3123225 0 3.139572 0 0 0 0 0 
  INPUT ---    2.0066797 -2.9445172 17.724958  ;

  INPUT ---    design matrix constraints=63 covariates=16;
  INPUT ---        1 captive sex 96 0.186046511627907 0 0 0 0 0 0 0 0 0 0 0;
  INPUT ---        1 captive sex 96 0.127659574468085 0 0 0 0 0 0 0 0 0 0 0;
  INPUT ---        1 captive sex 114 0.08 0 0 0 0 0 0 0 0 0 0 0;
  INPUT ---        1 captive sex 120 0.166666666666667 0 0 0 0 0 0 0 0 0 0 0;
  INPUT ---        1 captive sex 115 0.169230769230769 0 0 0 0 0 0 0 0 0 0 0;
  INPUT ---        1 captive sex 126 0.0615384615384615 0 0 0 0 0 0 0 0 0 0 0;
  INPUT ---        1 captive sex 126 0.0776699029126214 0 0 0 0 0 0 0 0 0 0 0;
  INPUT ---        1 captive sex 126 0.170212765957447 0 0 0 0 0 0 0 0 0 0 0;
  INPUT ---        1 captive sex 114 0.0666666666666667 0 0 0 0 0 0 0 0 0 0 0;
  INPUT ---        1 captive sex 126 0.0894308943089431 0 0 0 0 0 0 0 0 0 0 0;
  INPUT ---        1 captive sex 139 0.08 0 0 0 0 0 0 0 0 0 0 0;
  INPUT ---        1 captive sex 168 0.135135135135135 0 0 0 0 0 0 0 0 0 0 0;
  INPUT ---        1 captive sex 180 0.213740458015267 0 0 0 0 0 0 0 0 0 0 0;
  INPUT ---        1 captive sex 174 0.0869565217391304 0 0 0 0 0 0 0 0 0 0 0;
  INPUT ---        1 captive sex 173 0.131428571428571 0 0 0 0 0 0 0 0 0 0 0;
  INPUT ---        1 captive sex 166 0.167441860465116 0 0 0 0 0 0 0 0 0 0 0;
  INPUT ---        1 captive sex 172 0.155 0 0 0 0 0 0 0 0 0 0 0;
  INPUT ---        1 captive sex 166 0.168831168831169 0 0 0 0 0 0 0 0 0 0 0;
  INPUT ---        1 captive sex 171 0.231182795698925 0 0 0 0 0 0 0 0 0 0 0;
  INPUT ---        1 captive sex 151 0.224489795918367 0 0 0 0 0 0 0 0 0 0 0;
  INPUT ---        1 captive sex 192 0.125827814569536 0 0 0 0 0 0 0 0 0 0 0;
  INPUT ---        1 captive sex 185 0.201612903225806 0 0 0 0 0 0 0 0 0 0 0;
  INPUT ---        1 captive sex 198 0.244604316546763 0 0 0 0 0 0 0 0 0 0 0;
  INPUT ---        1 captive sex 198 0.282828282828283 0 0 0 0 0 0 0 0 0 0 0;
  INPUT ---        1 captive sex 195 0.314516129032258 0 0 0 0 0 0 0 0 0 0 0;
  INPUT ---        1 captive sex 192 0.137254901960784 0 0 0 0 0 0 0 0 0 0 0;
  INPUT ---        1 captive sex 192 0.266129032258065 0 0 0 0 0 0 0 0 0 0 0;
  INPUT ---        1 captive sex 198 0.198581560283688 0 0 0 0 0 0 0 0 0 0 0;
  INPUT ---        1 captive sex 198 0.293333333333333 0 0 0 0 0 0 0 0 0 0 0;
  INPUT ---        1 captive sex 198 0.202453987730061 0 0 0 0 0 0 0 0 0 0 0;
  INPUT ---        0 0 0 0 0 1 8.96022727272727 0 0 0 0 0 0 0 0 0;
  INPUT ---        0 0 0 0 0 1 8.71022727272727 0 0 0 0 0 0 0 0 0;
  INPUT ---        0 0 0 0 0 1 7.94318181818182 0 0 0 0 0 0 0 0 0;
  INPUT ---        0 0 0 0 0 1 8.36363636363636 0 0 0 0 0 0 0 0 0;

  Program  MARK  - Survival Rate Estimation with Capture-Recapture Data
   gfortran(Win64) Vers. 8.1 Mar 2016    5-Aug-2016 15:48:39    Page  006
 - - - - - - - - - - - - - - - - - - - - - - - - - - - - - - - - - - - - - -
 
  INPUT ---        0 0 0 0 0 1 8.38257575757576 0 0 0 0 0 0 0 0 0;
  INPUT ---        0 0 0 0 0 1 8.59090909090909 0 0 0 0 0 0 0 0 0;
  INPUT ---        0 0 0 0 0 1 9.06818181818182 0 0 0 0 0 0 0 0 0;
  INPUT ---        0 0 0 0 0 1 7.04734848484848 0 0 0 0 0 0 0 0 0;
  INPUT ---        0 0 0 0 0 1 4.77272727272727 0 0 0 0 0 0 0 0 0;
  INPUT ---        0 0 0 0 0 1 3.06818181818182 0 0 0 0 0 0 0 0 0;
  INPUT ---        0 0 0 0 0 1 3.95454545454545 0 0 0 0 0 0 0 0 0;
  INPUT ---        0 0 0 0 0 1 3.62689393939394 0 0 0 0 0 0 0 0 0;
  INPUT ---        0 0 0 0 0 1 4.78030303030303 0 0 0 0 0 0 0 0 0;
  INPUT ---        0 0 0 0 0 1 3.60984848484848 0 0 0 0 0 0 0 0 0;
  INPUT ---        0 0 0 0 0 1 4.09280303030303 0 0 0 0 0 0 0 0 0;
  INPUT ---        0 0 0 0 0 1 3.34090909090909 0 0 0 0 0 0 0 0 0;
  INPUT ---        0 0 0 0 0 1 5.62689393939394 0 0 0 0 0 0 0 0 0;
  INPUT ---        0 0 0 0 0 1 1.09090909090909 0 0 0 0 0 0 0 0 0;
  INPUT ---        0 0 0 0 0 1 1.62121212121212 0 0 0 0 0 0 0 0 0;
  INPUT ---        0 0 0 0 0 1 0 0 0 0 0 0 0 0 0 0;
  INPUT ---        0 0 0 0 0 1 0.272727272727273 0 0 0 0 0 0 0 0 0;
  INPUT ---        0 0 0 0 0 1 0.778409090909091 0 0 0 0 0 0 0 0 0;
  INPUT ---        0 0 0 0 0 0 0 1 0 0 0 0 0 0 0 0;
  INPUT ---        0 0 0 0 0 0 0 1 1 0 0 0 0 0 0 0;
  INPUT ---        0 0 0 0 0 0 0 1 0 1 0 0 0 0 0 0;
  INPUT ---        0 0 0 0 0 0 0 1 0 0 1 0 0 0 0 0;
  INPUT ---        0 0 0 0 0 0 0 1 0 0 0 1 0 0 0 0;
  INPUT ---        0 0 0 0 0 0 0 1 0 0 0 0 1 0 0 0;
  INPUT ---        0 0 0 0 0 0 0 0 0 0 0 0 0 1 0 0;
  INPUT ---        0 0 0 0 0 0 0 0 0 0 0 0 0 0 1 0;
  INPUT ---        0 0 0 0 0 0 0 0 0 0 0 0 0 0 0 1;
  INPUT ---        0 0 0 0 0 0 0 0 0 0 0 0 0 0 0 0;
  INPUT ---        0 0 0 0 0 0 0 0 0 0 0 0 0 0 0 0;

  INPUT ---    links=63;

  INPUT ---    Log;

  INPUT ---    Log;

  INPUT ---    Log;

  INPUT ---    Log;

  INPUT ---    Log;

  INPUT ---    Log;

  INPUT ---    Log;


  Program  MARK  - Survival Rate Estimation with Capture-Recapture Data
   gfortran(Win64) Vers. 8.1 Mar 2016    5-Aug-2016 15:48:39    Page  007
 - - - - - - - - - - - - - - - - - - - - - - - - - - - - - - - - - - - - - -
 
  INPUT ---    Log;

  INPUT ---    Log;

  INPUT ---    Log;

  INPUT ---    Log;

  INPUT ---    Log;

  INPUT ---    Log;

  INPUT ---    Log;

  INPUT ---    Log;

  INPUT ---    Log;

  INPUT ---    Log;

  INPUT ---    Log;

  INPUT ---    Log;

  INPUT ---    Log;

  INPUT ---    Log;

  INPUT ---    Log;

  INPUT ---    Log;

  INPUT ---    Log;

  INPUT ---    Log;

  INPUT ---    Log;

  INPUT ---    Log;

  INPUT ---    Log;

  INPUT ---    Log;

  INPUT ---    Log;


  Program  MARK  - Survival Rate Estimation with Capture-Recapture Data
   gfortran(Win64) Vers. 8.1 Mar 2016    5-Aug-2016 15:48:39    Page  008
 - - - - - - - - - - - - - - - - - - - - - - - - - - - - - - - - - - - - - -
 
  INPUT ---    Log;

  INPUT ---    Log;

  INPUT ---    Log;

  INPUT ---    Log;

  INPUT ---    Log;

  INPUT ---    Log;

  INPUT ---    Log;

  INPUT ---    Log;

  INPUT ---    Log;

  INPUT ---    Log;

  INPUT ---    Log;

  INPUT ---    Log;

  INPUT ---    Log;

  INPUT ---    Log;

  INPUT ---    Log;

  INPUT ---    Log;

  INPUT ---    Log;

  INPUT ---    Log;

  INPUT ---    Log;

  INPUT ---    Log;

  INPUT ---    Log;

  INPUT ---    Log;

  INPUT ---    Log;


  Program  MARK  - Survival Rate Estimation with Capture-Recapture Data
   gfortran(Win64) Vers. 8.1 Mar 2016    5-Aug-2016 15:48:39    Page  009
 - - - - - - - - - - - - - - - - - - - - - - - - - - - - - - - - - - - - - -
 
  INPUT ---    Log;

  INPUT ---    Log;

  INPUT ---    Log;

  INPUT ---    Log;

  INPUT ---    Log;

  INPUT ---    Logit;

  INPUT ---    Logit;

  INPUT ---    Logit;

  INPUT ---    Logit;

  INPUT ---    Logit;
  INPUT ---       blabel(1)=alpha:(Intercept);
  INPUT ---       blabel(2)=alpha:captive;
  INPUT ---       blabel(3)=alpha:sex;
  INPUT ---       blabel(4)=alpha:effort.trapdays;
  INPUT ---       blabel(5)=alpha:recordloss.agout.total;
  INPUT ---       blabel(6)=sigma:(Intercept);
  INPUT ---       blabel(7)=sigma:effort.var;
  INPUT ---       blabel(8)=U:(Intercept);
  INPUT ---       blabel(9)=U:sample_monthB;
  INPUT ---       blabel(10)=U:sample_monthC;
  INPUT ---       blabel(11)=U:sample_monthD;
  INPUT ---       blabel(12)=U:sample_monthE;
  INPUT ---       blabel(13)=U:sample_monthF;
  INPUT ---       blabel(14)=Phi:(Intercept);
  INPUT ---       blabel(15)=GammaDoublePrime:(Intercept);
  INPUT ---       blabel(16)=GammaPrime:(Intercept);
  INPUT ---       rlabel(1)=alpha g1 a0 t1;
  INPUT ---       rlabel(2)=alpha g1 a0.2 t1.2;
  INPUT ---       rlabel(3)=alpha g1 a0.4 t1.4;
  INPUT ---       rlabel(4)=alpha g1 a0.6 t1.6;
  INPUT ---       rlabel(5)=alpha g1 a0.8 t1.8;
  INPUT ---       rlabel(6)=alpha g1 a2.8 t3.8;
  INPUT ---       rlabel(7)=alpha g1 a3 t4;
  INPUT ---       rlabel(8)=alpha g1 a3.2 t4.2;
  INPUT ---       rlabel(9)=alpha g1 a3.4 t4.4;
  INPUT ---       rlabel(10)=alpha g1 a3.6 t4.6;
  INPUT ---       rlabel(11)=alpha g1 a6.1 t7.1;

  Program  MARK  - Survival Rate Estimation with Capture-Recapture Data
   gfortran(Win64) Vers. 8.1 Mar 2016    5-Aug-2016 15:48:39    Page  010
 - - - - - - - - - - - - - - - - - - - - - - - - - - - - - - - - - - - - - -
 
  INPUT ---       rlabel(12)=alpha g1 a6.3 t7.3;
  INPUT ---       rlabel(13)=alpha g1 a6.5 t7.5;
  INPUT ---       rlabel(14)=alpha g1 a6.7 t7.7;
  INPUT ---       rlabel(15)=alpha g1 a6.9 t7.9;
  INPUT ---       rlabel(16)=alpha g1 a9.567 t10.567;
  INPUT ---       rlabel(17)=alpha g1 a9.767 t10.767;
  INPUT ---       rlabel(18)=alpha g1 a9.967 t10.967;
  INPUT ---       rlabel(19)=alpha g1 a10.167 t11.167;
  INPUT ---       rlabel(20)=alpha g1 a10.367 t11.367;
  INPUT ---       rlabel(21)=alpha g1 a12.134 t13.134;
  INPUT ---       rlabel(22)=alpha g1 a12.334 t13.334;
  INPUT ---       rlabel(23)=alpha g1 a12.534 t13.534;
  INPUT ---       rlabel(24)=alpha g1 a12.734 t13.734;
  INPUT ---       rlabel(25)=alpha g1 a12.934 t13.934;
  INPUT ---       rlabel(26)=alpha g1 a16.101 t17.101;
  INPUT ---       rlabel(27)=alpha g1 a16.301 t17.301;
  INPUT ---       rlabel(28)=alpha g1 a16.501 t17.501;
  INPUT ---       rlabel(29)=alpha g1 a16.701 t17.701;
  INPUT ---       rlabel(30)=alpha g1 a16.901 t17.901;
  INPUT ---       rlabel(31)=sigma g1 a0 t1;
  INPUT ---       rlabel(32)=sigma g1 a0.2 t1.2;
  INPUT ---       rlabel(33)=sigma g1 a0.4 t1.4;
  INPUT ---       rlabel(34)=sigma g1 a0.6 t1.6;
  INPUT ---       rlabel(35)=sigma g1 a0.8 t1.8;
  INPUT ---       rlabel(36)=sigma g1 a2.8 t3.8;
  INPUT ---       rlabel(37)=sigma g1 a3.4 t4.4;
  INPUT ---       rlabel(38)=sigma g1 a6.1 t7.1;
  INPUT ---       rlabel(39)=sigma g1 a6.3 t7.3;
  INPUT ---       rlabel(40)=sigma g1 a6.5 t7.5;
  INPUT ---       rlabel(41)=sigma g1 a6.7 t7.7;
  INPUT ---       rlabel(42)=sigma g1 a6.9 t7.9;
  INPUT ---       rlabel(43)=sigma g1 a9.567 t10.567;
  INPUT ---       rlabel(44)=sigma g1 a9.767 t10.767;
  INPUT ---       rlabel(45)=sigma g1 a9.967 t10.967;
  INPUT ---       rlabel(46)=sigma g1 a10.167 t11.167;
  INPUT ---       rlabel(47)=sigma g1 a10.367 t11.367;
  INPUT ---       rlabel(48)=sigma g1 a12.134 t13.134;
  INPUT ---       rlabel(49)=sigma g1 a12.334 t13.334;
  INPUT ---       rlabel(50)=sigma g1 a12.534 t13.534;
  INPUT ---       rlabel(51)=sigma g1 a12.934 t13.934;
  INPUT ---       rlabel(52)=sigma g1 a16.301 t17.301;
  INPUT ---       rlabel(53)=U g1 a0 t1;
  INPUT ---       rlabel(54)=U g1 a2.8 t3.8;
  INPUT ---       rlabel(55)=U g1 a6.1 t7.1;
  INPUT ---       rlabel(56)=U g1 a9.567 t10.567;
  INPUT ---       rlabel(57)=U g1 a12.134 t13.134;

  Program  MARK  - Survival Rate Estimation with Capture-Recapture Data
   gfortran(Win64) Vers. 8.1 Mar 2016    5-Aug-2016 15:48:39    Page  011
 - - - - - - - - - - - - - - - - - - - - - - - - - - - - - - - - - - - - - -
 
  INPUT ---       rlabel(58)=U g1 a16.101 t17.101;
  INPUT ---       rlabel(59)=Phi g1 c1 a0.8 t1.8;
  INPUT ---       rlabel(60)=Gamma'' g1 c1 a0.8 t1.8;
  INPUT ---       rlabel(61)=Gamma' g1 c1 a0.8 t1.8;
  INPUT ---       rlabel(62)=Phi g1 c1 a0 t1;
  INPUT ---       rlabel(63)=Gamma'' g1 c1 a0 t1;

 Link Function Used is PARM-SPECIFIC

 Variance Estimation Procedure Used is 2ndPart 

 M(t+1):
 Group=Group 1                                                                         
       3      3      3      2      3      5      5      5      2      5      5
       4      4      4      4     10      7      7      7      5      5      5
       5      3      4      5      5      5      4      5


 -2logL(saturated) = -0.0000000    
 Effective Sample Size = 169
 Results from first iteration:
  -2logL Initial { alpha(~1 + captive + sex + effort.trapdays + recordloss.agout.total)sigma(~1 + effort.var)U(~sample_month)Phi(~1)Gamma''(~1)Gamma'(~1) } = 1138.4459     
  Penalty Initial { alpha(~1 + captive + sex + effort.trapdays + recordloss.agout.total)sigma(~1 + effort.var)U(~sample_month)Phi(~1)Gamma''(~1)Gamma'(~1) } = -0.0000000    

 Number of function evaluations was 36 for 16 parameters.
 Time for numerical optimization was 4.06 seconds.
 -2logL { alpha(~1 + captive + sex + effort.trapdays + recordloss.agout.total)sigma(~1 + effort.var)U(~sample_month)Phi(~1)Gamma''(~1)Gamma'(~1) } = 1053.5530     
 Penalty { alpha(~1 + captive + sex + effort.trapdays + recordloss.agout.total)sigma(~1 + effort.var)U(~sample_month)Phi(~1)Gamma''(~1)Gamma'(~1) } = -0.0000000    

   * *  WARNING  * *   Numerical underflow occurred during optimization of this model. 
     IEEE flag status at end of optimization:
     overflow       F
     divide by zero F
     invalid        F
     underflow      T
     inexact        T

 Gradient { alpha(~1 + captive + sex + effort.trapdays + recordloss.agout.total)sigma(~1 + effort.var)U(~sample_month)Phi(~1)Gamma''(~1)Gamma'(~1) }:
  0.4866971E-03 0.1494915E-02 0.1313246E-02 0.9840457E-04 0.3540944E-04
  0.9911559E-03 0.7326016E-03  0.000000     0.3285557E-04  0.000000    
  0.1189482E-04 0.1638450E-04  0.000000     0.5142359E-03  0.000000    
   0.000000    
 S Vector { alpha(~1 + captive + sex + effort.trapdays + recordloss.agout.total)sigma(~1 + effort.var)U(~sample_month)Phi(~1)Gamma''(~1)Gamma'(~1) }:
   5619.723      396.2964      291.2895      282.4463      239.7167    
   232.9845      131.8726      55.10958      30.45455      11.12837    
   8.198498      6.136907      3.393585      2.226175     0.9499947    
  0.8106035E-08
 Time to compute number of parameters was 2.73 seconds.
   Threshold =  0.3400000E-06     Condition index =  0.1442426E-11     New Threshold =  0.3242414E-07
 New Guessimate of Estimated Parameters { alpha(~1 + captive + sex + effort.trapdays + recordloss.agout.total)sigma(~1 + effort.var)U(~sample_month)Phi(~1)Gamma''(~1)Gamma'(~1) } = 15          
 Conditioned S Vector { alpha(~1 + captive + sex + effort.trapdays + recordloss.agout.total)sigma(~1 + effort.var)U(~sample_month)Phi(~1)Gamma''(~1)Gamma'(~1) }:
   1.000000     0.7051885E-01 0.5183343E-01 0.5025983E-01 0.4265632E-01
  0.4145837E-01 0.2346603E-01 0.9806459E-02 0.5419226E-02 0.1980235E-02
  0.1458879E-02 0.1092030E-02 0.6038705E-03 0.3961361E-03 0.1690465E-03
  0.1442426E-11
 Number of Estimated Parameters { alpha(~1 + captive + sex + effort.trapdays + recordloss.agout.total)sigma(~1 + effort.var)U(~sample_month)Phi(~1)Gamma''(~1)Gamma'(~1) } = 15          
 DEVIANCE { alpha(~1 + captive + sex + effort.trapdays + recordloss.agout.total)sigma(~1 + effort.var)U(~sample_month)Phi(~1)Gamma''(~1)Gamma'(~1) } = 1053.5530                     
 DEVIANCE Degrees of Freedom { alpha(~1 + captive + sex + effort.trapdays + recordloss.agout.total)sigma(~1 + effort.var)U(~sample_month)Phi(~1)Gamma''(~1)Gamma'(~1) } = -1            
 c-hat { alpha(~1 + captive + sex + effort.trapdays + recordloss.agout.total)sigma(~1 + effort.var)U(~sample_month)Phi(~1)Gamma''(~1)Gamma'(~1) } = 1.0000000                     
 AIC { alpha(~1 + captive + sex + effort.trapdays + recordloss.agout.total)sigma(~1 + effort.var)U(~sample_month)Phi(~1)Gamma''(~1)Gamma'(~1) } = 1083.5530                  
 AICc { alpha(~1 + captive + sex + effort.trapdays + recordloss.agout.total)sigma(~1 + effort.var)U(~sample_month)Phi(~1)Gamma''(~1)Gamma'(~1) } = 1086.6902                    
 BIC { alpha(~1 + captive + sex + effort.trapdays + recordloss.agout.total)sigma(~1 + effort.var)U(~sample_month)Phi(~1)Gamma''(~1)Gamma'(~1) } = 1130.5014                    
 Pearson Chisquare { alpha(~1 + captive + sex + effort.trapdays + recordloss.agout.total)sigma(~1 + effort.var)U(~sample_month)Phi(~1)Gamma''(~1)Gamma'(~1) } = 0.1570971E+033             

  Program  MARK  - Survival Rate Estimation with Capture-Recapture Data
   gfortran(Win64) Vers. 8.1 Mar 2016    5-Aug-2016 15:48:43    Page  012
 - - - - - - - - - - - - - - - - - - - - - - - - - - - - - - - - - - - - - -
 

   * *  WARNING  * *   Numerical underflow occurred during variance-covariance calculation of this model. 
     IEEE flag status at end of variance-covariance calculation:
     overflow       F
     divide by zero F
     invalid        F
     underflow      T
     inexact        T



 PARM-SPECIFIC Link Function Parameters of { alpha(~1 + captive + sex + effort.trapdays + recordloss.agout.total)sigma(~1 + effort.var)U(~sample_month)Phi(~1)Gamma''(~1)Gamma'(~1) }
                                                              95% Confidence Interval
 Parameter                    Beta         Standard Error      Lower           Upper
 -------------------------  --------------  --------------  --------------  --------------
    1:alpha:(Intercept)     0.4949664       0.3842287       -0.2581219      1.2480547     
    2:alpha:captive         0.2928332       0.1118854       0.0735379       0.5121286     
    3:alpha:sex             0.5063067       0.2033714       0.1076988       0.9049146     
    4:alpha:effort.trapday  0.0031183       0.0020726       -.9440359E-003  0.0071806     
    5:alpha:recordloss.ago  -2.8527641      0.5558046       -3.9421412      -1.7633870    
    6:sigma:(Intercept)     -0.6746386      0.2199467       -1.1057341      -0.2435430    
    7:sigma:effort.var      -0.0334722      0.0449104       -0.1214965      0.0545522     
    8:U:(Intercept)         2.5357747       0.1381435       2.2650135       2.8065359     
    9:U:sample_monthB       0.3840798       0.1271469       0.1348718       0.6332878     
   10:U:sample_monthC       0.4627286       0.1518389       0.1651244       0.7603328     
   11:U:sample_monthD       0.9115352       0.1504741       0.6166059       1.2064645     
   12:U:sample_monthE       0.3877361       0.1672626       0.0599014       0.7155708     
   13:U:sample_monthF       0.6957099       0.1744005       0.3538849       1.0375349     
   14:Phi:(Intercept)       2.0066766       0.4036688       1.2154857       2.7978676     
   15:GammaDoublePrime:(In  -2.9443376      1.0259812       -4.9552609      -0.9334144    
   16:GammaPrime:(Intercep  17.724958       0.0000000       17.724958       17.724958     


 Real Function Parameters of { alpha(~1 + captive + sex + effort.trapdays + recordloss.agout.total)sigma(~1 + effort.var)U(~sample_month)Phi(~1)Gamma''(~1)Gamma'(~1) }

      Following estimates based on unstandardized individual covariate values:
          Variable   Value         
          ---------  ------------- 
          CAPTIVE    0.2142857     
          SEX        0.8461538     
                                                               95% Confidence Interval
  Parameter                  Estimate       Standard Error      Lower           Upper
 --------------------------  --------------  --------------  --------------  --------------
     1:alpha g1 a0 t1        2.1270549       0.3242256       1.5804201       2.8627595                           
     2:alpha g1 a0.2 t1.2    2.5125609       0.3584267       1.9023840       3.3184480                           
     3:alpha g1 a0.4 t1.4    3.0446720       0.3421818       2.4444139       3.7923314                           
     4:alpha g1 a0.6 t1.6    2.4226533       0.2615500       1.9618231       2.9917321                           

  Program  MARK  - Survival Rate Estimation with Capture-Recapture Data
   gfortran(Win64) Vers. 8.1 Mar 2016    5-Aug-2016 15:48:43    Page  013
 - - - - - - - - - - - - - - - - - - - - - - - - - - - - - - - - - - - - - -
 
     5:alpha g1 a0.8 t1.8    2.3677902       0.2752579       1.8867759       2.9714343                           
     6:alpha g1 a2.8 t3.8    3.3316878       0.3348584       2.7373214       4.0551116                           
     7:alpha g1 a3 t4        3.1818406       0.3120270       2.6266578       3.8543694                           
     8:alpha g1 a3.2 t4.2    2.4435621       0.2436401       2.0107633       2.9695171                           
     9:alpha g1 a3.4 t4.4    3.1627125       0.3587224       2.5340839       3.9472846                           
    10:alpha g1 a3.6 t4.6    3.0768566       0.2977486       2.5463994       3.7178169                           
    11:alpha g1 a6.1 t7.1    3.2915228       0.2875008       2.7745197       3.9048641                           
    12:alpha g1 a6.3 t7.3    3.0786558       0.2427507       2.6384386       3.5923220                           
    13:alpha g1 a6.5 t7.5    2.5540237       0.2176392       2.1618236       3.0173772                           
    14:alpha g1 a6.7 t7.7    3.5989603       0.3454651       2.9830173       4.3420851                           
    15:alpha g1 a6.9 t7.9    3.1602731       0.2641468       2.6834941       3.7217618                           
    16:alpha g1 a9.567 t10.  2.7901435       0.2083022       2.4108265       3.2291418                           
    17:alpha g1 a9.767 t10.  2.9455526       0.2333209       2.5225873       3.4394369                           
    18:alpha g1 a9.967 t10.  2.7791070       0.2073938       2.4014330       3.2161779                           
    19:alpha g1 a10.167 t11  2.3627982       0.1941656       2.0118452       2.7749726                           
    20:alpha g1 a10.367 t11  2.2627354       0.1905513       1.9190090       2.6680290                           
    21:alpha g1 a12.134 t13  3.4071750       0.3696879       2.7561645       4.2119551                           
    22:alpha g1 a12.334 t13  2.6854774       0.2407465       2.2535366       3.2002094                           
    23:alpha g1 a12.534 t13  2.4737912       0.2652398       2.0061169       3.0504917                           
    24:alpha g1 a12.734 t13  2.2182263       0.2488598       1.7815886       2.7618767                           
    25:alpha g1 a12.934 t13  2.0076304       0.2338681       1.5990414       2.5206225                           
    26:alpha g1 a16.101 t17  3.2978961       0.3493903       2.6810668       4.0566383                           
    27:alpha g1 a16.301 t17  2.2833353       0.2353033       1.8667289       2.7929176                           
    28:alpha g1 a16.501 t17  2.8208660       0.3009389       2.2899644       3.4748511                           
    29:alpha g1 a16.701 t17  2.1527358       0.2458650       1.7222160       2.6908769                           
    30:alpha g1 a16.901 t17  2.7898751       0.2970992       2.2656478       3.4353983                           
    31:sigma g1 a0 t1        0.3773596       0.1038392       0.2222206       0.6408058                           
    32:sigma g1 a0.2 t1.2    0.3805306       0.1010846       0.2280944       0.6348404                           
    33:sigma g1 a0.4 t1.4    0.3904271       0.0926576       0.2467669       0.6177219                           
    34:sigma g1 a0.6 t1.6    0.3849709       0.0972657       0.2364177       0.6268675                           
    35:sigma g1 a0.8 t1.8    0.3847269       0.0974741       0.2359578       0.6272936                           
    36:sigma g1 a2.8 t3.8    0.3820534       0.0997692       0.2309369       0.6320548                           
    37:sigma g1 a3.4 t4.4    0.3759985       0.1050269       0.2197197       0.6434328                           
    38:sigma g1 a6.1 t7.1    0.4023115       0.0831266       0.2694740       0.6006316                           
    39:sigma g1 a6.3 t7.3    0.4341383       0.0653103       0.3238096       0.5820584                           
    40:sigma g1 a6.5 t7.5    0.4596283       0.0670453       0.3458549       0.6108288                           
    41:sigma g1 a6.7 t7.7    0.4461921       0.0639142       0.3374496       0.5899765                           
    42:sigma g1 a6.9 t7.9    0.4511125       0.0644792       0.3413751       0.5961257                           
    43:sigma g1 a9.567 t10.  0.4340283       0.0653401       0.3236608       0.5820307                           
    44:sigma g1 a9.767 t10.  0.4513699       0.0645274       0.3415532       0.5964951                           
    45:sigma g1 a9.967 t10.  0.4441320       0.0638780       0.3355138       0.5879138                           
    46:sigma g1 a10.167 t11  0.4554515       0.0655385       0.3440178       0.6029807                           
    47:sigma g1 a10.367 t11  0.4219017       0.0702407       0.3051147       0.5833907                           
    48:sigma g1 a12.134 t13  0.4910773       0.0910691       0.3424729       0.7041635                           
    49:sigma g1 a12.334 t13  0.4824374       0.0826169       0.3457189       0.6732230                           
    50:sigma g1 a12.534 t13  0.5093405       0.1120278       0.3326539       0.7798728                           

  Program  MARK  - Survival Rate Estimation with Capture-Recapture Data
   gfortran(Win64) Vers. 8.1 Mar 2016    5-Aug-2016 15:48:43    Page  014
 - - - - - - - - - - - - - - - - - - - - - - - - - - - - - - - - - - - - - -
 
    51:sigma g1 a12.934 t13  0.5047120       0.1063854       0.3354028       0.7594873                           
    52:sigma g1 a16.301 t17  0.4962410       0.0966161       0.3400190       0.7242392                           
    53:U g1 a0 t1            12.626208       1.7442282       9.6435766       16.531328                           
    54:U g1 a2.8 t3.8        18.538590       1.9622944       15.073944       22.799561                           
    55:U g1 a6.1 t7.1        20.055497       1.6887798       17.009164       23.647427                           
    56:U g1 a9.567 t10.567   31.415766       2.3666428       27.109009       36.406730                           
    57:U g1 a12.134 t13.134  18.606496       1.6880984       15.580989       22.219493                           
    58:U g1 a16.101 t17.101  25.317214       2.3780342       21.068663       30.422495                           
    59:Phi g1 c1 a0.8 t1.8   0.8814963       0.0421675       0.7712681       0.9425605                           
    60:Gamma'' g1 c1 a0.8 t  0.0500048       0.0487386       0.0069969       0.2822325                           
    61:Gamma' g1 c1 a0.8 t1  1.0000000       0.0000000       1.0000000       1.0000000                           
    62:Phi g1 c1 a0 t1       1.0000000       0.0000000       1.0000000       1.0000000       Fixed               
    63:Gamma'' g1 c1 a0 t1   0.0000000       0.0000000       0.0000000       0.0000000       Fixed               

  Program  MARK  - Survival Rate Estimation with Capture-Recapture Data
   gfortran(Win64) Vers. 8.1 Mar 2016    5-Aug-2016 15:48:43    Page  015
 - - - - - - - - - - - - - - - - - - - - - - - - - - - - - - - - - - - - - -
 


                      Estimates of Derived Parameters
 Population Estimates of { alpha(~1 + captive + sex + effort.trapdays + recordloss.agout.total)sigma(~1 + effort.var)U(~sample_month)Phi(~1)Gamma''(~1)Gamma'(~1) }
                                                95% Confidence Interval
 Grp. Occ.   N-hat           Standard Error      Lower           Upper
 ---- ----   --------------  --------------  --------------  --------------
   1     1   15.626208       1.7442291       12.564146       19.434538     
   1     2   15.626208       1.7442291       12.564146       19.434538     
   1     3   15.626208       1.7442291       12.564146       19.434538     
   1     4   14.757023       1.7807540       11.658750       18.678651     
   1     5   15.626208       1.7442291       12.564146       19.434538     
   1     6   23.538590       1.9622951       19.995926       27.708904     
   1     7   23.538590       1.9622951       19.995926       27.708904     
   1     8   23.538590       1.9622951       19.995926       27.708904     
   1     9   20.663085       1.9904321       17.115455       24.946056     
   1    10   23.538590       1.9622951       19.995926       27.708904     
   1    11   25.289647       1.7166300       22.142650       28.883908     
   1    12   24.277068       1.7196856       21.133674       27.888005     
   1    13   24.411811       1.7312997       21.247453       28.047432     
   1    14   24.235976       1.7208197       21.091029       27.849876     
   1    15   24.307280       1.7258527       21.153131       27.931746     
   1    16   39.209514       2.4790201       34.643913       44.376798     
   1    17   39.007565       2.4468833       34.498939       44.105418     
   1    18   39.224470       2.4820700       34.653495       44.398380     
   1    19   39.471219       2.5041082       34.860400       44.691888     
   1    20   37.381395       2.4943118       32.803504       42.598153     
   1    21   22.869431       1.7250207       19.730580       26.507628     
   1    22   24.146799       1.7514260       20.950755       27.830400     
   1    23   24.202606       1.7642568       20.984304       27.914489     
   1    24   22.026369       1.7392069       18.872743       25.706965     
   1    25   23.379134       1.7820706       20.139027       27.140532     
   1    26   30.629516       2.4362385       26.214523       35.788073     
   1    27   31.005670       2.4827729       26.508732       36.265468     
   1    28   30.772247       2.4613720       26.313683       35.986265     
   1    29   29.989025       2.4847482       25.500877       35.267085     
   1    30   30.783003       2.4628122       26.321913       36.000167     
 Mean Resighting Rate Estimates of { alpha(~1 + captive + sex + effort.trapdays + recordloss.agout.total)sigma(~1 + effort.var)U(~sample_month)Phi(~1)Gamma''(~1)Gamma'(~1) }
                                                95% Confidence Interval
 Grp. Occ.   Lambda-hat      Standard Error      Lower           Upper
 ---- ----   --------------  --------------  --------------  --------------
   1     1   2.2840233       0.3168863       1.7424678       2.9938931     
   1     2   2.7012221       0.3463714       2.1030781       3.4694864     
   1     3   3.2857990       0.3267495       2.7052139       3.9909876     
   1     4   2.6089938       0.2497071       2.1636579       3.1459911     
   1     5   2.5496715       0.2642157       2.0821418       3.1221817     
   1     6   3.5839352       0.3203191       3.0090731       4.2686207     
   1     7   3.4227428       0.2963653       2.8893986       4.0545352     
   1     8   2.6285682       0.2319765       2.2117866       3.1238866     
   1     9   3.3943676       0.3396857       2.7911736       4.1279164     

  Program  MARK  - Survival Rate Estimation with Capture-Recapture Data
   gfortran(Win64) Vers. 8.1 Mar 2016    5-Aug-2016 15:48:43    Page  016
 - - - - - - - - - - - - - - - - - - - - - - - - - - - - - - - - - - - - - -
 
   1    10   3.3098104       0.2816417       2.8022126       3.9093552     
   1    11   3.9459611       0.2823980       3.4301418       4.5393485     
   1    12   3.6153315       0.2355680       3.1823151       4.1072682     
   1    13   3.2858179       0.2047358       2.9084154       3.7121930     
   1    14   4.6880566       0.3520418       4.0472679       5.4302990     
   1    15   4.4307765       0.2613780       3.9473797       4.9733702     
   1    16   3.5877699       0.2023542       3.2125737       4.0067853     
   1    17   4.1824468       0.2275632       3.7596783       4.6527548     
   1    18   3.8487658       0.2008567       3.4747932       4.2629870     
   1    19   3.2488681       0.1901254       2.8970834       3.6433691     
   1    20   2.9970473       0.1953521       2.6379635       3.4050103     
   1    21   5.2516848       0.3674853       4.5793905       6.0226778     
   1    22   3.3775687       0.2145587       2.9825339       3.8249256     
   1    23   3.1695645       0.2358574       2.7399664       3.6665191     
   1    24   3.0984952       0.2350079       2.6710506       3.5943430     
   1    25   3.9534525       0.2721110       3.4550758       4.5237175     
   1    26   4.0941658       0.3268526       3.5020107       4.7864484     
   1    27   2.5825177       0.2057845       2.2096450       3.0183119     
   1    28   3.7561157       0.2710866       3.2612542       4.3260674     
   1    29   3.0904363       0.2374263       2.6590117       3.5918596     
   1    30   3.7196697       0.2673049       3.2315620       4.2815031     
 Pr(Captured 1 or more times) of { alpha(~1 + captive + sex + effort.trapdays + recordloss.agout.total)sigma(~1 + effort.var)U(~sample_month)Phi(~1)Gamma''(~1)Gamma'(~1) }
                                                95% Confidence Interval
 Grp. Occ.      p*-hat       Standard Error      Lower           Upper
 ---- ----   --------------  --------------  --------------  --------------
   1     1   0.3003470       0.0120673       0.2772388       0.3245166     
   1     2   0.3100356       0.0095159       0.2916997       0.3289887     
   1     3   0.3183676       0.0060897       0.3065527       0.3304208     
   1     4   0.4693040       0.0124289       0.4450356       0.4937186     
   1     5   0.3066757       0.0087435       0.2898103       0.3240747     
   1     6   0.1916499       0.0032103       0.1854363       0.1980210     
   1     7   0.1906049       0.0033957       0.1840380       0.1973494     
   1     8   0.1827721       0.0047051       0.1737300       0.1921753     
   1     9   0.4707000       0.0109519       0.4493014       0.4922068     
   1    10   0.1897858       0.0035357       0.1829526       0.1968128     
   1    11   0.1937292       0.0020934       0.1896591       0.1978654     
   1    12   0.2394416       0.0028387       0.2339220       0.2450497     
   1    13   0.2364571       0.0034330       0.2297945       0.2432518     
   1    14   0.2444198       0.0019319       0.2406532       0.2482262     
   1    15   0.2437026       0.0019017       0.2399947       0.2474491     
   1    16   0.1341661       0.0019477       0.1303943       0.1380297     
   1    17   0.1379973       0.0012755       0.1355163       0.1405163     
   1    18   0.1353329       0.0018495       0.1317487       0.1389990     
   1    19   0.1319646       0.0022907       0.1275393       0.1365195     
   1    20   0.1792418       0.0046055       0.1703919       0.1884469     
   1    21   0.2456107       0.0018394       0.2420233       0.2492337     
   1    22   0.1858323       0.0035988       0.1788817       0.1929895     
   1    23   0.1844346       0.0048465       0.1751241       0.1941236     
   1    24   0.3087447       0.0075262       0.2941916       0.3236876     
   1    25   0.2401821       0.0034201       0.2335427       0.2469494     

  Program  MARK  - Survival Rate Estimation with Capture-Recapture Data
   gfortran(Win64) Vers. 8.1 Mar 2016    5-Aug-2016 15:48:43    Page  017
 - - - - - - - - - - - - - - - - - - - - - - - - - - - - - - - - - - - - - -
 
   1    26   0.1916201       0.0031395       0.1855420       0.1978490     
   1    27   0.1757946       0.0059338       0.1644653       0.1877291     
   1    28   0.1897328       0.0037540       0.1824840       0.1972001     
   1    29   0.2294417       0.0062636       0.2173961       0.2419483     
   1    30   0.1894975       0.0037990       0.1821633       0.1970558     

 Attempted ordering of parameters by estimatibility:
   1  8 11 13 10 12  2  6  9  3  7 14  4  5 15 16
 Beta number 16 is a singular value.

     CPU Time in seconds for last procedure was 7.02


  INPUT --- proc stop;

   * *  WARNING  * *   Numerical underflow occurred during final processing of this model. 
     IEEE flag status at final processing of this model:
     overflow       F
     divide by zero F
     invalid        F
     underflow      T
     inexact        T


     CPU Time in minutes for this job was 0.12

     Time Start = 15:48:39.019   Time End = 15:48:43.888

     Wall Clock Time in minutes for this job was 0.08


          E X E C U T I O N   S U C C E S S F U L 
