
   Program  MARK  - Survival Rate Estimation with Capture-Recapture Data
   gfortran(Win64) Vers. 8.1 Mar 2016    5-Aug-2016 15:43:18    Page  001
 - - - - - - - - - - - - - - - - - - - - - - - - - - - - - - - - - - - - - -
 
   This version was compiled by GCC version 5.3.0 using the options: 
     -cpp -iprefix c:\tdm-gcc-64\gcc\bin\../lib/gcc/x86_64-w64-mingw32/5.3.0/ -D_MT
     -U_REENTRANT -D IEEE -m64 -mtune=generic -march=x86-64 -mthreads -O2
     -fimplicit-none -fbounds-check -funroll-loops -ftree-vectorize
     -ffpe-summary=invalid,zero,overflow,underflow -fno-unsafe-math-optimizations
     -frounding-math -fsignaling-nans -fopenmp.

   This problem will use 3 of 4 possible threads.


  INPUT --- proc title ;

     CPU Time in seconds for last procedure was 0.00


  INPUT --- proc chmatrix occasions= 30 groups= 1 etype= PoissonMR 
  INPUT --- icovar = 31 ICMeans NoHist  hist= 14 ;

  INPUT ---    time interval 0.2 0.2 0.2 0.2 2 0.2 0.2 0.2 0.2 2.5 0.2 0.2 
  INPUT ---    0.2 0.2 2.667 0.2 0.2 0.2  0.2 1.767 0.2 0.2 0.2 0.2 3.167 
  INPUT ---    0.2 0.2 0.2 0.2 ;

  INPUT ---     icovariates age.t1 age.t1.2 age.t1.4 age.t1.6  age.t1.8 
  INPUT ---    age.t3.8 age.t4 age.t4.2 age.t4.4 age.t4.6 age.t7.1 
  INPUT ---    age.t7.3 age.t7.5 age.t7.7 age.t7.9  age.t10.567 
  INPUT ---    age.t10.767 age.t10.967 age.t11.167 age.t11.367 age.t13.134 
  INPUT ---    age.t13.334 age.t13.534  age.t13.734 age.t13.934 
  INPUT ---    age.t17.101 age.t17.301 age.t17.501 age.t17.701 age.t17.901 
  INPUT ---    sex ;

  INPUT ---    glabel(1)=Group 1;

      Number of unique encounter histories read was 14.

      Number of individual covariates read was 31.
      Time interval lengths vary and/or not equal to 1.

      Data type number is 115
      Data type is Poisson Mark Resight with Robust Design                                                             

     CPU Time in seconds for last procedure was 0.00

  Program  MARK  - Survival Rate Estimation with Capture-Recapture Data
   gfortran(Win64) Vers. 8.1 Mar 2016    5-Aug-2016 15:43:18    Page  002
 - - - - - - - - - - - - - - - - - - - - - - - - - - - - - - - - - - - - - -
 


  INPUT --- proc estimate link=Parm-Specific NOLOOP varest=2ndPart    ;


  INPUT --- model={ alpha(~1 + age.t + 
  INPUT --- sex)sigma(~1)U(~sample_month)Phi(~1)Gamma''(~1)Gamma'(~1) };

  INPUT ---    fixed=2;
  INPUT ---        parm(41)=1 ;
  INPUT ---        parm(42)=0 ;

  INPUT ---    group=1 alpha    rows=1 cols=30 Square ;
  INPUT ---        1 2 3 4 5 6 7 8 9 10 11 12 13 14 15 16 17 18 19 20 21 22 
  INPUT ---       23 24 25 26 27 28 29 30 ;

  INPUT ---    group=1 sigma    rows=1 cols=30 Square ;
  INPUT ---        31 31 31 31 31 31 31 31 31 31 31 31 31 31 31 31 31 31 31 
  INPUT ---       31 31 31 31 31 31 31 31 31 31 31 ;

  INPUT ---    group=1 U    rows=1 cols=30 Square ;
  INPUT ---        32 32 32 32 32 33 33 33 33 33 34 34 34 34 34 35 35 35 35 
  INPUT ---       35 36 36 36 36 36 37 37 37 37 37 ;

  INPUT ---    group=1 Phi    rows=29 cols=29 Triang ;
  INPUT ---        41 41 41 41 38 41 41 41 41 38 41 41 41 41 38 41 41 41 41 
  INPUT ---       38 41 41 41 41 38 41 41 41 41 ;
  INPUT ---        41 41 41 41 41 41 41 41 41 41 41 41 41 41 41 41 41 41 41 
  INPUT ---       41 41 41 41 41 41 41 41 41 ;
  INPUT ---        41 41 41 41 41 41 41 41 41 41 41 41 41 41 41 41 41 41 41 
  INPUT ---       41 41 41 41 41 41 41 41 ;
  INPUT ---        41 41 41 41 41 41 41 41 41 41 41 41 41 41 41 41 41 41 41 
  INPUT ---       41 41 41 41 41 41 41 ;
  INPUT ---        41 41 41 41 41 41 41 41 41 41 41 41 41 41 41 41 41 41 41 
  INPUT ---       41 41 41 41 41 41 ;
  INPUT ---        41 41 41 41 38 41 41 41 41 38 41 41 41 41 38 41 41 41 41 
  INPUT ---       38 41 41 41 41 ;
  INPUT ---        41 41 41 41 41 41 41 41 41 41 41 41 41 41 41 41 41 41 41 
  INPUT ---       41 41 41 41 ;
  INPUT ---        41 41 41 41 41 41 41 41 41 41 41 41 41 41 41 41 41 41 41 
  INPUT ---       41 41 41 ;
  INPUT ---        41 41 41 41 41 41 41 41 41 41 41 41 41 41 41 41 41 41 41 
  INPUT ---       41 41 ;
  INPUT ---        41 41 41 41 41 41 41 41 41 41 41 41 41 41 41 41 41 41 41 
  INPUT ---       41 ;
  INPUT ---        41 41 41 41 38 41 41 41 41 38 41 41 41 41 38 41 41 41 41 ;

  Program  MARK  - Survival Rate Estimation with Capture-Recapture Data
   gfortran(Win64) Vers. 8.1 Mar 2016    5-Aug-2016 15:43:18    Page  003
 - - - - - - - - - - - - - - - - - - - - - - - - - - - - - - - - - - - - - -
 
  INPUT ---        41 41 41 41 41 41 41 41 41 41 41 41 41 41 41 41 41 41 ;
  INPUT ---        41 41 41 41 41 41 41 41 41 41 41 41 41 41 41 41 41 ;
  INPUT ---        41 41 41 41 41 41 41 41 41 41 41 41 41 41 41 41 ;
  INPUT ---        41 41 41 41 41 41 41 41 41 41 41 41 41 41 41 ;
  INPUT ---        41 41 41 41 38 41 41 41 41 38 41 41 41 41 ;
  INPUT ---        41 41 41 41 41 41 41 41 41 41 41 41 41 ;
  INPUT ---        41 41 41 41 41 41 41 41 41 41 41 41 ;
  INPUT ---        41 41 41 41 41 41 41 41 41 41 41 ;
  INPUT ---        41 41 41 41 41 41 41 41 41 41 ;
  INPUT ---        41 41 41 41 38 41 41 41 41 ;
  INPUT ---        41 41 41 41 41 41 41 41 ;
  INPUT ---        41 41 41 41 41 41 41 ;
  INPUT ---        41 41 41 41 41 41 ;
  INPUT ---        41 41 41 41 41 ;
  INPUT ---        41 41 41 41 ;
  INPUT ---        41 41 41 ;
  INPUT ---        41 41 ;
  INPUT ---        41 ;

  INPUT ---    group=1 Gamma''    rows=29 cols=29 Triang ;
  INPUT ---        42 42 42 42 39 42 42 42 42 39 42 42 42 42 39 42 42 42 42 
  INPUT ---       39 42 42 42 42 39 42 42 42 42 ;
  INPUT ---        42 42 42 42 42 42 42 42 42 42 42 42 42 42 42 42 42 42 42 
  INPUT ---       42 42 42 42 42 42 42 42 42 ;
  INPUT ---        42 42 42 42 42 42 42 42 42 42 42 42 42 42 42 42 42 42 42 
  INPUT ---       42 42 42 42 42 42 42 42 ;
  INPUT ---        42 42 42 42 42 42 42 42 42 42 42 42 42 42 42 42 42 42 42 
  INPUT ---       42 42 42 42 42 42 42 ;
  INPUT ---        42 42 42 42 42 42 42 42 42 42 42 42 42 42 42 42 42 42 42 
  INPUT ---       42 42 42 42 42 42 ;
  INPUT ---        42 42 42 42 39 42 42 42 42 39 42 42 42 42 39 42 42 42 42 
  INPUT ---       39 42 42 42 42 ;
  INPUT ---        42 42 42 42 42 42 42 42 42 42 42 42 42 42 42 42 42 42 42 
  INPUT ---       42 42 42 42 ;
  INPUT ---        42 42 42 42 42 42 42 42 42 42 42 42 42 42 42 42 42 42 42 
  INPUT ---       42 42 42 ;
  INPUT ---        42 42 42 42 42 42 42 42 42 42 42 42 42 42 42 42 42 42 42 
  INPUT ---       42 42 ;
  INPUT ---        42 42 42 42 42 42 42 42 42 42 42 42 42 42 42 42 42 42 42 
  INPUT ---       42 ;
  INPUT ---        42 42 42 42 39 42 42 42 42 39 42 42 42 42 39 42 42 42 42 ;
  INPUT ---        42 42 42 42 42 42 42 42 42 42 42 42 42 42 42 42 42 42 ;
  INPUT ---        42 42 42 42 42 42 42 42 42 42 42 42 42 42 42 42 42 ;
  INPUT ---        42 42 42 42 42 42 42 42 42 42 42 42 42 42 42 42 ;
  INPUT ---        42 42 42 42 42 42 42 42 42 42 42 42 42 42 42 ;
  INPUT ---        42 42 42 42 39 42 42 42 42 39 42 42 42 42 ;

  Program  MARK  - Survival Rate Estimation with Capture-Recapture Data
   gfortran(Win64) Vers. 8.1 Mar 2016    5-Aug-2016 15:43:18    Page  004
 - - - - - - - - - - - - - - - - - - - - - - - - - - - - - - - - - - - - - -
 
  INPUT ---        42 42 42 42 42 42 42 42 42 42 42 42 42 ;
  INPUT ---        42 42 42 42 42 42 42 42 42 42 42 42 ;
  INPUT ---        42 42 42 42 42 42 42 42 42 42 42 ;
  INPUT ---        42 42 42 42 42 42 42 42 42 42 ;
  INPUT ---        42 42 42 42 39 42 42 42 42 ;
  INPUT ---        42 42 42 42 42 42 42 42 ;
  INPUT ---        42 42 42 42 42 42 42 ;
  INPUT ---        42 42 42 42 42 42 ;
  INPUT ---        42 42 42 42 42 ;
  INPUT ---        42 42 42 42 ;
  INPUT ---        42 42 42 ;
  INPUT ---        42 42 ;
  INPUT ---        42 ;

  INPUT ---    group=1 Gamma'    rows=28 cols=28 Triang ;
  INPUT ---        42 42 42 40 42 42 42 42 40 42 42 42 42 40 42 42 42 42 40 
  INPUT ---       42 42 42 42 40 42 42 42 42 ;
  INPUT ---        42 42 42 42 42 42 42 42 42 42 42 42 42 42 42 42 42 42 42 
  INPUT ---       42 42 42 42 42 42 42 42 ;
  INPUT ---        42 42 42 42 42 42 42 42 42 42 42 42 42 42 42 42 42 42 42 
  INPUT ---       42 42 42 42 42 42 42 ;
  INPUT ---        42 42 42 42 42 42 42 42 42 42 42 42 42 42 42 42 42 42 42 
  INPUT ---       42 42 42 42 42 42 ;
  INPUT ---        42 42 42 42 42 42 42 42 42 42 42 42 42 42 42 42 42 42 42 
  INPUT ---       42 42 42 42 42 ;
  INPUT ---        42 42 42 40 42 42 42 42 40 42 42 42 42 40 42 42 42 42 40 
  INPUT ---       42 42 42 42 ;
  INPUT ---        42 42 42 42 42 42 42 42 42 42 42 42 42 42 42 42 42 42 42 
  INPUT ---       42 42 42 ;
  INPUT ---        42 42 42 42 42 42 42 42 42 42 42 42 42 42 42 42 42 42 42 
  INPUT ---       42 42 ;
  INPUT ---        42 42 42 42 42 42 42 42 42 42 42 42 42 42 42 42 42 42 42 
  INPUT ---       42 ;
  INPUT ---        42 42 42 42 42 42 42 42 42 42 42 42 42 42 42 42 42 42 42 ;
  INPUT ---        42 42 42 40 42 42 42 42 40 42 42 42 42 40 42 42 42 42 ;
  INPUT ---        42 42 42 42 42 42 42 42 42 42 42 42 42 42 42 42 42 ;
  INPUT ---        42 42 42 42 42 42 42 42 42 42 42 42 42 42 42 42 ;
  INPUT ---        42 42 42 42 42 42 42 42 42 42 42 42 42 42 42 ;
  INPUT ---        42 42 42 42 42 42 42 42 42 42 42 42 42 42 ;
  INPUT ---        42 42 42 40 42 42 42 42 40 42 42 42 42 ;
  INPUT ---        42 42 42 42 42 42 42 42 42 42 42 42 ;
  INPUT ---        42 42 42 42 42 42 42 42 42 42 42 ;
  INPUT ---        42 42 42 42 42 42 42 42 42 42 ;
  INPUT ---        42 42 42 42 42 42 42 42 42 ;
  INPUT ---        42 42 42 40 42 42 42 42 ;
  INPUT ---        42 42 42 42 42 42 42 ;

  Program  MARK  - Survival Rate Estimation with Capture-Recapture Data
   gfortran(Win64) Vers. 8.1 Mar 2016    5-Aug-2016 15:43:18    Page  005
 - - - - - - - - - - - - - - - - - - - - - - - - - - - - - - - - - - - - - -
 
  INPUT ---        42 42 42 42 42 42 ;
  INPUT ---        42 42 42 42 42 ;
  INPUT ---        42 42 42 42 ;
  INPUT ---        42 42 42 ;
  INPUT ---        42 42 ;
  INPUT ---        42 ;

  INPUT ---    initial  0.8492118 0 0 -0.3123225 3.139572 0 0 0 0 0 
  INPUT ---    2.0066797 -2.9445172 17.724958  ;

  INPUT ---    design matrix constraints=42 covariates=13;
  INPUT ---        1 age.t1 sex 0 0 0 0 0 0 0 0 0 0;
  INPUT ---        1 age.t1.2 sex 0 0 0 0 0 0 0 0 0 0;
  INPUT ---        1 age.t1.4 sex 0 0 0 0 0 0 0 0 0 0;
  INPUT ---        1 age.t1.6 sex 0 0 0 0 0 0 0 0 0 0;
  INPUT ---        1 age.t1.8 sex 0 0 0 0 0 0 0 0 0 0;
  INPUT ---        1 age.t3.8 sex 0 0 0 0 0 0 0 0 0 0;
  INPUT ---        1 age.t4 sex 0 0 0 0 0 0 0 0 0 0;
  INPUT ---        1 age.t4.2 sex 0 0 0 0 0 0 0 0 0 0;
  INPUT ---        1 age.t4.4 sex 0 0 0 0 0 0 0 0 0 0;
  INPUT ---        1 age.t4.6 sex 0 0 0 0 0 0 0 0 0 0;
  INPUT ---        1 age.t7.1 sex 0 0 0 0 0 0 0 0 0 0;
  INPUT ---        1 age.t7.3 sex 0 0 0 0 0 0 0 0 0 0;
  INPUT ---        1 age.t7.5 sex 0 0 0 0 0 0 0 0 0 0;
  INPUT ---        1 age.t7.7 sex 0 0 0 0 0 0 0 0 0 0;
  INPUT ---        1 age.t7.9 sex 0 0 0 0 0 0 0 0 0 0;
  INPUT ---        1 age.t10.567 sex 0 0 0 0 0 0 0 0 0 0;
  INPUT ---        1 age.t10.767 sex 0 0 0 0 0 0 0 0 0 0;
  INPUT ---        1 age.t10.967 sex 0 0 0 0 0 0 0 0 0 0;
  INPUT ---        1 age.t11.167 sex 0 0 0 0 0 0 0 0 0 0;
  INPUT ---        1 age.t11.367 sex 0 0 0 0 0 0 0 0 0 0;
  INPUT ---        1 age.t13.134 sex 0 0 0 0 0 0 0 0 0 0;
  INPUT ---        1 age.t13.334 sex 0 0 0 0 0 0 0 0 0 0;
  INPUT ---        1 age.t13.534 sex 0 0 0 0 0 0 0 0 0 0;
  INPUT ---        1 age.t13.734 sex 0 0 0 0 0 0 0 0 0 0;
  INPUT ---        1 age.t13.934 sex 0 0 0 0 0 0 0 0 0 0;
  INPUT ---        1 age.t17.101 sex 0 0 0 0 0 0 0 0 0 0;
  INPUT ---        1 age.t17.301 sex 0 0 0 0 0 0 0 0 0 0;
  INPUT ---        1 age.t17.501 sex 0 0 0 0 0 0 0 0 0 0;
  INPUT ---        1 age.t17.701 sex 0 0 0 0 0 0 0 0 0 0;
  INPUT ---        1 age.t17.901 sex 0 0 0 0 0 0 0 0 0 0;
  INPUT ---        0 0 0 1 0 0 0 0 0 0 0 0 0;
  INPUT ---        0 0 0 0 1 0 0 0 0 0 0 0 0;
  INPUT ---        0 0 0 0 1 1 0 0 0 0 0 0 0;
  INPUT ---        0 0 0 0 1 0 1 0 0 0 0 0 0;
  INPUT ---        0 0 0 0 1 0 0 1 0 0 0 0 0;

  Program  MARK  - Survival Rate Estimation with Capture-Recapture Data
   gfortran(Win64) Vers. 8.1 Mar 2016    5-Aug-2016 15:43:18    Page  006
 - - - - - - - - - - - - - - - - - - - - - - - - - - - - - - - - - - - - - -
 
  INPUT ---        0 0 0 0 1 0 0 0 1 0 0 0 0;
  INPUT ---        0 0 0 0 1 0 0 0 0 1 0 0 0;
  INPUT ---        0 0 0 0 0 0 0 0 0 0 1 0 0;
  INPUT ---        0 0 0 0 0 0 0 0 0 0 0 1 0;
  INPUT ---        0 0 0 0 0 0 0 0 0 0 0 0 1;
  INPUT ---        0 0 0 0 0 0 0 0 0 0 0 0 0;
  INPUT ---        0 0 0 0 0 0 0 0 0 0 0 0 0;

  INPUT ---    links=42;

  INPUT ---    Log;

  INPUT ---    Log;

  INPUT ---    Log;

  INPUT ---    Log;

  INPUT ---    Log;

  INPUT ---    Log;

  INPUT ---    Log;

  INPUT ---    Log;

  INPUT ---    Log;

  INPUT ---    Log;

  INPUT ---    Log;

  INPUT ---    Log;

  INPUT ---    Log;

  INPUT ---    Log;

  INPUT ---    Log;

  INPUT ---    Log;

  INPUT ---    Log;

  INPUT ---    Log;


  Program  MARK  - Survival Rate Estimation with Capture-Recapture Data
   gfortran(Win64) Vers. 8.1 Mar 2016    5-Aug-2016 15:43:18    Page  007
 - - - - - - - - - - - - - - - - - - - - - - - - - - - - - - - - - - - - - -
 
  INPUT ---    Log;

  INPUT ---    Log;

  INPUT ---    Log;

  INPUT ---    Log;

  INPUT ---    Log;

  INPUT ---    Log;

  INPUT ---    Log;

  INPUT ---    Log;

  INPUT ---    Log;

  INPUT ---    Log;

  INPUT ---    Log;

  INPUT ---    Log;

  INPUT ---    Log;

  INPUT ---    Log;

  INPUT ---    Log;

  INPUT ---    Log;

  INPUT ---    Log;

  INPUT ---    Log;

  INPUT ---    Log;

  INPUT ---    Logit;

  INPUT ---    Logit;

  INPUT ---    Logit;

  INPUT ---    Logit;


  Program  MARK  - Survival Rate Estimation with Capture-Recapture Data
   gfortran(Win64) Vers. 8.1 Mar 2016    5-Aug-2016 15:43:18    Page  008
 - - - - - - - - - - - - - - - - - - - - - - - - - - - - - - - - - - - - - -
 
  INPUT ---    Logit;
  INPUT ---       blabel(1)=alpha:(Intercept);
  INPUT ---       blabel(2)=alpha:age.t;
  INPUT ---       blabel(3)=alpha:sex;
  INPUT ---       blabel(4)=sigma:(Intercept);
  INPUT ---       blabel(5)=U:(Intercept);
  INPUT ---       blabel(6)=U:sample_monthB;
  INPUT ---       blabel(7)=U:sample_monthC;
  INPUT ---       blabel(8)=U:sample_monthD;
  INPUT ---       blabel(9)=U:sample_monthE;
  INPUT ---       blabel(10)=U:sample_monthF;
  INPUT ---       blabel(11)=Phi:(Intercept);
  INPUT ---       blabel(12)=GammaDoublePrime:(Intercept);
  INPUT ---       blabel(13)=GammaPrime:(Intercept);
  INPUT ---       rlabel(1)=alpha g1 a0 t1;
  INPUT ---       rlabel(2)=alpha g1 a0.2 t1.2;
  INPUT ---       rlabel(3)=alpha g1 a0.4 t1.4;
  INPUT ---       rlabel(4)=alpha g1 a0.6 t1.6;
  INPUT ---       rlabel(5)=alpha g1 a0.8 t1.8;
  INPUT ---       rlabel(6)=alpha g1 a2.8 t3.8;
  INPUT ---       rlabel(7)=alpha g1 a3 t4;
  INPUT ---       rlabel(8)=alpha g1 a3.2 t4.2;
  INPUT ---       rlabel(9)=alpha g1 a3.4 t4.4;
  INPUT ---       rlabel(10)=alpha g1 a3.6 t4.6;
  INPUT ---       rlabel(11)=alpha g1 a6.1 t7.1;
  INPUT ---       rlabel(12)=alpha g1 a6.3 t7.3;
  INPUT ---       rlabel(13)=alpha g1 a6.5 t7.5;
  INPUT ---       rlabel(14)=alpha g1 a6.7 t7.7;
  INPUT ---       rlabel(15)=alpha g1 a6.9 t7.9;
  INPUT ---       rlabel(16)=alpha g1 a9.567 t10.567;
  INPUT ---       rlabel(17)=alpha g1 a9.767 t10.767;
  INPUT ---       rlabel(18)=alpha g1 a9.967 t10.967;
  INPUT ---       rlabel(19)=alpha g1 a10.167 t11.167;
  INPUT ---       rlabel(20)=alpha g1 a10.367 t11.367;
  INPUT ---       rlabel(21)=alpha g1 a12.134 t13.134;
  INPUT ---       rlabel(22)=alpha g1 a12.334 t13.334;
  INPUT ---       rlabel(23)=alpha g1 a12.534 t13.534;
  INPUT ---       rlabel(24)=alpha g1 a12.734 t13.734;
  INPUT ---       rlabel(25)=alpha g1 a12.934 t13.934;
  INPUT ---       rlabel(26)=alpha g1 a16.101 t17.101;
  INPUT ---       rlabel(27)=alpha g1 a16.301 t17.301;
  INPUT ---       rlabel(28)=alpha g1 a16.501 t17.501;
  INPUT ---       rlabel(29)=alpha g1 a16.701 t17.701;
  INPUT ---       rlabel(30)=alpha g1 a16.901 t17.901;
  INPUT ---       rlabel(31)=sigma g1 a0 t1;
  INPUT ---       rlabel(32)=U g1 a0 t1;

  Program  MARK  - Survival Rate Estimation with Capture-Recapture Data
   gfortran(Win64) Vers. 8.1 Mar 2016    5-Aug-2016 15:43:18    Page  009
 - - - - - - - - - - - - - - - - - - - - - - - - - - - - - - - - - - - - - -
 
  INPUT ---       rlabel(33)=U g1 a2.8 t3.8;
  INPUT ---       rlabel(34)=U g1 a6.1 t7.1;
  INPUT ---       rlabel(35)=U g1 a9.567 t10.567;
  INPUT ---       rlabel(36)=U g1 a12.134 t13.134;
  INPUT ---       rlabel(37)=U g1 a16.101 t17.101;
  INPUT ---       rlabel(38)=Phi g1 c1 a0.8 t1.8;
  INPUT ---       rlabel(39)=Gamma'' g1 c1 a0.8 t1.8;
  INPUT ---       rlabel(40)=Gamma' g1 c1 a0.8 t1.8;
  INPUT ---       rlabel(41)=Phi g1 c1 a0 t1;
  INPUT ---       rlabel(42)=Gamma'' g1 c1 a0 t1;

 Link Function Used is PARM-SPECIFIC

 Variance Estimation Procedure Used is 2ndPart 

 M(t+1):
 Group=Group 1                                                                         
       3      3      3      2      3      5      5      5      2      5      5
       4      4      4      4     10      7      7      7      5      5      5
       5      3      4      5      5      5      4      5


 -2logL(saturated) = -0.0000000    
 Effective Sample Size = 169
 Results from first iteration:
  -2logL Initial { alpha(~1 + age.t + sex)sigma(~1)U(~sample_month)Phi(~1)Gamma''(~1)Gamma'(~1) } = 1138.4459     
  Penalty Initial { alpha(~1 + age.t + sex)sigma(~1)U(~sample_month)Phi(~1)Gamma''(~1)Gamma'(~1) } = -0.0000000    

 Number of function evaluations was 24 for 13 parameters.
 Time for numerical optimization was 2.17 seconds.
 -2logL { alpha(~1 + age.t + sex)sigma(~1)U(~sample_month)Phi(~1)Gamma''(~1)Gamma'(~1) } = 1082.5679     
 Penalty { alpha(~1 + age.t + sex)sigma(~1)U(~sample_month)Phi(~1)Gamma''(~1)Gamma'(~1) } = -0.0000000    

   * *  WARNING  * *   Numerical underflow occurred during optimization of this model. 
     IEEE flag status at end of optimization:
     overflow       F
     divide by zero F
     invalid        F
     underflow      T
     inexact        T

 Gradient { alpha(~1 + age.t + sex)sigma(~1)U(~sample_month)Phi(~1)Gamma''(~1)Gamma'(~1) }:
  0.1530524E-03 0.1729181E-03 0.2057529E-03 0.1131906E-03 0.7706994E-04
  0.1591238E-04 0.2795433E-04-0.1217106E-04  0.000000     0.2707956E-04
  0.1512467E-04-0.5764417E-05  0.000000    
 S Vector { alpha(~1 + age.t + sex)sigma(~1)U(~sample_month)Phi(~1)Gamma''(~1)Gamma'(~1) }:
   4742.772      334.6962      262.7337      231.4428      216.9001    
   159.3042      75.97178      37.27291      15.50441      8.684622    
   6.136873     0.9500017     0.8106035E-08
 Time to compute number of parameters was 1.72 seconds.
   Threshold =  0.2800000E-06     Condition index =  0.1709135E-11     New Threshold =  0.2922673E-07
 New Guessimate of Estimated Parameters { alpha(~1 + age.t + sex)sigma(~1)U(~sample_month)Phi(~1)Gamma''(~1)Gamma'(~1) } = 12          
 Conditioned S Vector { alpha(~1 + age.t + sex)sigma(~1)U(~sample_month)Phi(~1)Gamma''(~1)Gamma'(~1) }:
   1.000000     0.7056975E-01 0.5539667E-01 0.4879907E-01 0.4573276E-01
  0.3358883E-01 0.1601844E-01 0.7858888E-02 0.3269062E-02 0.1831128E-02
  0.1293942E-02 0.2003052E-03 0.1709135E-11
 Number of Estimated Parameters { alpha(~1 + age.t + sex)sigma(~1)U(~sample_month)Phi(~1)Gamma''(~1)Gamma'(~1) } = 12          
 DEVIANCE { alpha(~1 + age.t + sex)sigma(~1)U(~sample_month)Phi(~1)Gamma''(~1)Gamma'(~1) } = 1082.5679                     
 DEVIANCE Degrees of Freedom { alpha(~1 + age.t + sex)sigma(~1)U(~sample_month)Phi(~1)Gamma''(~1)Gamma'(~1) } = 2            
 c-hat { alpha(~1 + age.t + sex)sigma(~1)U(~sample_month)Phi(~1)Gamma''(~1)Gamma'(~1) } = 541.28395                     
 AIC { alpha(~1 + age.t + sex)sigma(~1)U(~sample_month)Phi(~1)Gamma''(~1)Gamma'(~1) } = 1106.5679                  
 AICc { alpha(~1 + age.t + sex)sigma(~1)U(~sample_month)Phi(~1)Gamma''(~1)Gamma'(~1) } = 1108.5679                    
 BIC { alpha(~1 + age.t + sex)sigma(~1)U(~sample_month)Phi(~1)Gamma''(~1)Gamma'(~1) } = 1144.1267                    
 Pearson Chisquare { alpha(~1 + age.t + sex)sigma(~1)U(~sample_month)Phi(~1)Gamma''(~1)Gamma'(~1) } = 0.3254942E+035             

  Program  MARK  - Survival Rate Estimation with Capture-Recapture Data
   gfortran(Win64) Vers. 8.1 Mar 2016    5-Aug-2016 15:43:21    Page  010
 - - - - - - - - - - - - - - - - - - - - - - - - - - - - - - - - - - - - - -
 

   * *  WARNING  * *   Numerical underflow occurred during variance-covariance calculation of this model. 
     IEEE flag status at end of variance-covariance calculation:
     overflow       F
     divide by zero F
     invalid        F
     underflow      T
     inexact        T



 PARM-SPECIFIC Link Function Parameters of { alpha(~1 + age.t + sex)sigma(~1)U(~sample_month)Phi(~1)Gamma''(~1)Gamma'(~1) }
                                                              95% Confidence Interval
 Parameter                    Beta         Standard Error      Lower           Upper
 -------------------------  --------------  --------------  --------------  --------------
    1:alpha:(Intercept)     0.3370339       0.2652768       -0.1829086      0.8569765     
    2:alpha:age.t           0.3149213       0.1604216       0.4949355E-003  0.6293477     
    3:alpha:sex             0.4366059       0.2055608       0.0337068       0.8395051     
    4:sigma:(Intercept)     -0.6070145      0.1135508       -0.8295740      -0.3844549    
    5:U:(Intercept)         2.5402701       0.1177054       2.3095675       2.7709727     
    6:U:sample_monthB       0.4289101       0.1280720       0.1778890       0.6799312     
    7:U:sample_monthC       0.6267507       0.1231926       0.3852933       0.8682082     
    8:U:sample_monthD       0.8681501       0.1224717       0.6281054       1.1081947     
    9:U:sample_monthE       0.3488880       0.1235269       0.1067752       0.5910007     
   10:U:sample_monthF       0.6793010       0.1220713       0.4400413       0.9185608     
   11:Phi:(Intercept)       2.0066600       0.4036699       1.2154669       2.7978531     
   12:GammaDoublePrime:(In  -2.9444349      1.0259775       -4.9553508      -0.9335191    
   13:GammaPrime:(Intercep  17.724958       0.0000000       17.724958       17.724958     


 Real Function Parameters of { alpha(~1 + age.t + sex)sigma(~1)U(~sample_month)Phi(~1)Gamma''(~1)Gamma'(~1) }

  Program  MARK  - Survival Rate Estimation with Capture-Recapture Data
   gfortran(Win64) Vers. 8.1 Mar 2016    5-Aug-2016 15:43:21    Page  011
 - - - - - - - - - - - - - - - - - - - - - - - - - - - - - - - - - - - - - -
 

      Following estimates based on unstandardized individual covariate values:
          Variable   Value         
          ---------  ------------- 
          AGE.T1     1.0000000     
          AGE.T1.2   1.0000000     
          AGE.T1.4   1.0000000     
          AGE.T1.6   1.0000000     
          AGE.T1.8   1.0000000     
          AGE.T3.8   1.0000000     
          AGE.T4     1.0000000     
          AGE.T4.2   1.0000000     
          AGE.T4.4   1.0000000     
          AGE.T4.6   1.0000000     
          AGE.T7.1   0.8333333     
          AGE.T7.3   0.8333333     
          AGE.T7.5   0.8333333     
          AGE.T7.7   0.8333333     
          AGE.T7.9   0.8333333     
          AGE.T10.56 0.6666667     
          AGE.T10.76 0.6666667     
          AGE.T10.96 0.6666667     
          AGE.T11.16 0.6666667     
          AGE.T11.36 0.6666667     
          AGE.T13.13 1.0000000     
          AGE.T13.33 1.0000000     
          AGE.T13.53 1.0000000     
          AGE.T13.73 1.0000000     
          AGE.T13.93 1.0000000     
          AGE.T17.10 0.9230769     
          AGE.T17.30 0.9230769     
          AGE.T17.50 0.9230769     
          AGE.T17.70 0.9230769     
          AGE.T17.90 0.9230769     
          SEX        0.8461538     
                                                               95% Confidence Interval
  Parameter                  Estimate       Standard Error      Lower           Upper
 --------------------------  --------------  --------------  --------------  --------------
     1:alpha g1 a0 t1        2.7770551       0.2152800       2.3861411       3.2320112                           
     2:alpha g1 a0.2 t1.2    2.7770551       0.2152800       2.3861411       3.2320112                           
     3:alpha g1 a0.4 t1.4    2.7770551       0.2152800       2.3861411       3.2320112                           
     4:alpha g1 a0.6 t1.6    2.7770551       0.2152800       2.3861411       3.2320112                           
     5:alpha g1 a0.8 t1.8    2.7770551       0.2152800       2.3861411       3.2320112                           
     6:alpha g1 a2.8 t3.8    2.7770551       0.2152800       2.3861411       3.2320112                           
     7:alpha g1 a3 t4        2.7770551       0.2152800       2.3861411       3.2320112                           
     8:alpha g1 a3.2 t4.2    2.7770551       0.2152800       2.3861411       3.2320112                           
     9:alpha g1 a3.4 t4.4    2.7770551       0.2152800       2.3861411       3.2320112                           
    10:alpha g1 a3.6 t4.6    2.7770551       0.2152800       2.3861411       3.2320112                           
    11:alpha g1 a6.1 t7.1    2.6350552       0.2038827       2.2647829       3.0658639                           

  Program  MARK  - Survival Rate Estimation with Capture-Recapture Data
   gfortran(Win64) Vers. 8.1 Mar 2016    5-Aug-2016 15:43:21    Page  012
 - - - - - - - - - - - - - - - - - - - - - - - - - - - - - - - - - - - - - -
 
    12:alpha g1 a6.3 t7.3    2.6350552       0.2038827       2.2647829       3.0658639                           
    13:alpha g1 a6.5 t7.5    2.6350552       0.2038827       2.2647829       3.0658639                           
    14:alpha g1 a6.7 t7.7    2.6350552       0.2038827       2.2647829       3.0658639                           
    15:alpha g1 a6.9 t7.9    2.6350552       0.2038827       2.2647829       3.0658639                           
    16:alpha g1 a9.567 t10.  2.5003164       0.2149902       2.1131856       2.9583686                           
    17:alpha g1 a9.767 t10.  2.5003164       0.2149902       2.1131856       2.9583686                           
    18:alpha g1 a9.967 t10.  2.5003164       0.2149902       2.1131856       2.9583686                           
    19:alpha g1 a10.167 t11  2.5003164       0.2149902       2.1131856       2.9583686                           
    20:alpha g1 a10.367 t11  2.5003164       0.2149902       2.1131856       2.9583686                           
    21:alpha g1 a12.134 t13  2.7770551       0.2152800       2.3861411       3.2320112                           
    22:alpha g1 a12.334 t13  2.7770551       0.2152800       2.3861411       3.2320112                           
    23:alpha g1 a12.534 t13  2.7770551       0.2152800       2.3861411       3.2320112                           
    24:alpha g1 a12.734 t13  2.7770551       0.2152800       2.3861411       3.2320112                           
    25:alpha g1 a12.934 t13  2.7770551       0.2152800       2.3861411       3.2320112                           
    26:alpha g1 a16.101 t17  2.7105900       0.2068107       2.3345999       3.1471337                           
    27:alpha g1 a16.301 t17  2.7105900       0.2068107       2.3345999       3.1471337                           
    28:alpha g1 a16.501 t17  2.7105900       0.2068107       2.3345999       3.1471337                           
    29:alpha g1 a16.701 t17  2.7105900       0.2068107       2.3345999       3.1471337                           
    30:alpha g1 a16.901 t17  2.7105900       0.2068107       2.3345999       3.1471337                           
    31:sigma g1 a0 t1        0.5449755       0.0618824       0.4365460       0.6803367                           
    32:U g1 a0 t1            12.683096       1.4928690       10.078058       15.961500                           
    33:U g1 a2.8 t3.8        19.475947       2.0096586       15.918302       23.828703                           
    34:U g1 a6.1 t7.1        23.736664       1.9995467       20.129868       27.989711                           
    35:U g1 a9.567 t10.567   30.217468       2.3579471       25.937981       35.203023                           
    36:U g1 a12.134 t13.134  17.978167       1.5436999       15.198111       21.266754                           
    37:U g1 a16.101 t17.101  25.017389       2.1204944       21.194403       29.529953                           
    38:Phi g1 c1 a0.8 t1.8   0.8814946       0.0421681       0.7712648       0.9425597                           
    39:Gamma'' g1 c1 a0.8 t  0.0500002       0.0487341       0.0069963       0.2822113                           
    40:Gamma' g1 c1 a0.8 t1  1.0000000       0.0000000       1.0000000       1.0000000                           
    41:Phi g1 c1 a0 t1       1.0000000       0.0000000       1.0000000       1.0000000       Fixed               
    42:Gamma'' g1 c1 a0 t1   0.0000000       0.0000000       0.0000000       0.0000000       Fixed               

  Program  MARK  - Survival Rate Estimation with Capture-Recapture Data
   gfortran(Win64) Vers. 8.1 Mar 2016    5-Aug-2016 15:43:21    Page  013
 - - - - - - - - - - - - - - - - - - - - - - - - - - - - - - - - - - - - - -
 


                      Estimates of Derived Parameters
 Population Estimates of { alpha(~1 + age.t + sex)sigma(~1)U(~sample_month)Phi(~1)Gamma''(~1)Gamma'(~1) }
                                                95% Confidence Interval
 Grp. Occ.   N-hat           Standard Error      Lower           Upper
 ---- ----   --------------  --------------  --------------  --------------
   1     1   15.683096       1.4928698       13.019291       18.891929     
   1     2   15.683096       1.4928698       13.019291       18.891929     
   1     3   15.683096       1.4928698       13.019291       18.891929     
   1     4   14.889053       1.5102984       12.210774       18.154779     
   1     5   15.683096       1.4928698       13.019291       18.891929     
   1     6   24.475947       2.0096591       20.843255       28.741767     
   1     7   24.475947       2.0096591       20.843255       28.741767     
   1     8   24.475947       2.0096591       20.843255       28.741767     
   1     9   21.668025       2.0301134       18.040209       26.025381     
   1    10   24.475947       2.0096591       20.843255       28.741767     
   1    11   29.306310       2.0597178       25.539314       33.628929     
   1    12   28.210637       2.0491592       24.471672       32.520868     
   1    13   28.210637       2.0491592       24.471672       32.520868     
   1    14   28.210637       2.0491592       24.471672       32.520868     
   1    15   28.210637       2.0491592       24.471672       32.520868     
   1    16   38.208919       2.4809927       33.647391       43.388847     
   1    17   38.171141       2.4665495       33.634759       43.319352     
   1    18   38.208919       2.4809927       33.647391       43.388847     
   1    19   38.171141       2.4665495       33.634759       43.319352     
   1    20   35.925146       2.4498701       31.435341       41.056215     
   1    21   22.488873       1.5909867       19.580467       25.829282     
   1    22   23.584186       1.6004399       20.650141       26.935111     
   1    23   23.472189       1.5907033       20.555731       26.802436     
   1    24   21.280134       1.5716149       18.415959       24.589764     
   1    25   22.488873       1.5909867       19.580467       25.829282     
   1    26   30.587034       2.1805926       26.602950       35.167779     
   1    27   30.587034       2.1805926       26.602950       35.167779     
   1    28   30.587034       2.1805926       26.602950       35.167779     
   1    29   29.477046       2.1696522       25.522011       34.044975     
   1    30   30.587034       2.1805926       26.602950       35.167779     
 Mean Resighting Rate Estimates of { alpha(~1 + age.t + sex)sigma(~1)U(~sample_month)Phi(~1)Gamma''(~1)Gamma'(~1) }
                                                95% Confidence Interval
 Grp. Occ.   Lambda-hat      Standard Error      Lower           Upper
 ---- ----   --------------  --------------  --------------  --------------
   1     1   3.2216388       0.1987353       2.8550724       3.6352692     
   1     2   3.2216388       0.1987353       2.8550724       3.6352692     
   1     3   3.2216388       0.1987353       2.8550724       3.6352692     
   1     4   3.2216388       0.1987353       2.8550724       3.6352692     
   1     5   3.2216388       0.1987353       2.8550724       3.6352692     
   1     6   3.2216388       0.1987353       2.8550724       3.6352692     
   1     7   3.2216388       0.1987353       2.8550724       3.6352692     
   1     8   3.2216388       0.1987353       2.8550724       3.6352692     
   1     9   3.2216388       0.1987353       2.8550724       3.6352692     

  Program  MARK  - Survival Rate Estimation with Capture-Recapture Data
   gfortran(Win64) Vers. 8.1 Mar 2016    5-Aug-2016 15:43:21    Page  014
 - - - - - - - - - - - - - - - - - - - - - - - - - - - - - - - - - - - - - -
 
   1    10   3.2216388       0.1987353       2.8550724       3.6352692     
   1    11   3.4134185       0.1882170       3.0640000       3.8026848     
   1    12   3.2797263       0.1858443       2.9352318       3.6646526     
   1    13   3.5025467       0.1898087       3.1498429       3.8947444     
   1    14   3.7253670       0.1938209       3.3644372       4.1250166     
   1    15   3.9481873       0.1978779       3.5790076       4.3554484     
   1    16   3.4040830       0.2095730       3.0174796       3.8402185     
   1    17   3.7816979       0.2176329       3.3786299       4.2328515     
   1    18   3.6558262       0.2149327       3.2582476       4.1019183     
   1    19   3.5299546       0.2122459       3.1378636       3.9710392     
   1    20   3.4292573       0.2101065       3.0415563       3.8663778     
   1    21   4.5729831       0.2209529       4.1600188       5.0269422     
   1    22   3.5819973       0.2045088       3.2030654       4.0057579     
   1    23   3.5819973       0.2045088       3.2030654       4.0057579     
   1    24   3.8222363       0.2084225       3.4350733       4.2530359     
   1    25   5.0234312       0.2286664       4.5948689       5.4919653     
   1    26   3.5031448       0.1921352       3.1463489       3.9004014     
   1    27   3.1445332       0.1861965       2.8002537       3.5311405     
   1    28   3.6824506       0.1951512       3.3193906       4.0852203     
   1    29   3.8169299       0.1974324       3.4491652       4.2239072     
   1    30   3.6824506       0.1951512       3.3193906       4.0852203     
 Pr(Captured 1 or more times) of { alpha(~1 + age.t + sex)sigma(~1)U(~sample_month)Phi(~1)Gamma''(~1)Gamma'(~1) }
                                                95% Confidence Interval
 Grp. Occ.      p*-hat       Standard Error      Lower           Upper
 ---- ----   --------------  --------------  --------------  --------------
   1     1   0.3028498       0.0061060       0.2910174       0.3149495     
   1     2   0.3028498       0.0061060       0.2910174       0.3149495     
   1     3   0.3028498       0.0061060       0.2910174       0.3149495     
   1     4   0.4533180       0.0092090       0.4353374       0.4714213     
   1     5   0.3028498       0.0061060       0.2910174       0.3149495     
   1     6   0.1820160       0.0036539       0.1749636       0.1892875     
   1     7   0.1820160       0.0036539       0.1749636       0.1892875     
   1     8   0.1820160       0.0036539       0.1749636       0.1892875     
   1     9   0.4561880       0.0091250       0.4383671       0.4741218     
   1    10   0.1820160       0.0036539       0.1749636       0.1892875     
   1    11   0.1849944       0.0031226       0.1789521       0.1911932     
   1    12   0.2281612       0.0044283       0.2195983       0.2369567     
   1    13   0.2319704       0.0038430       0.2245237       0.2395878     
   1    14   0.2350967       0.0033365       0.2286202       0.2416992     
   1    15   0.2376652       0.0028983       0.2320314       0.2433924     
   1    16   0.1305241       0.0026983       0.1253259       0.1359044     
   1    17   0.1347270       0.0018592       0.1311244       0.1384128     
   1    18   0.1334597       0.0021434       0.1293142       0.1377170     
   1    19   0.1328201       0.0021659       0.1286322       0.1371230     
   1    20   0.1840963       0.0037504       0.1768588       0.1915611     
   1    21   0.2412409       0.0022360       0.2368856       0.2456505     
   1    22   0.1840658       0.0032790       0.1777256       0.1905798     
   1    23   0.1869058       0.0028569       0.1813707       0.1925700     
   1    24   0.3153202       0.0040672       0.3074033       0.3233458     
   1    25   0.2435407       0.0018588       0.2399159       0.2472025     

  Program  MARK  - Survival Rate Estimation with Capture-Recapture Data
   gfortran(Win64) Vers. 8.1 Mar 2016    5-Aug-2016 15:43:21    Page  015
 - - - - - - - - - - - - - - - - - - - - - - - - - - - - - - - - - - - - - -
 
   1    26   0.1849944       0.0031226       0.1789521       0.1911932     
   1    27   0.1795446       0.0039330       0.1719647       0.1873830     
   1    28   0.1871329       0.0027837       0.1817380       0.1926503     
   1    29   0.2355263       0.0033030       0.2291141       0.2420616     
   1    30   0.1871329       0.0027837       0.1817380       0.1926503     

 Attempted ordering of parameters by estimatibility:
   1  5  8 10  7  9  4  6  2  3 11 12 13
 Beta number 13 is a singular value.

     CPU Time in seconds for last procedure was 4.09


  INPUT --- proc stop;

   * *  WARNING  * *   Numerical underflow occurred during final processing of this model. 
     IEEE flag status at final processing of this model:
     overflow       F
     divide by zero F
     invalid        F
     underflow      T
     inexact        T


     CPU Time in minutes for this job was 0.07

     Time Start = 15:43:18.804   Time End = 15:43:21.510

     Wall Clock Time in minutes for this job was 0.05


          E X E C U T I O N   S U C C E S S F U L 
