
   Program  MARK  - Survival Rate Estimation with Capture-Recapture Data
   gfortran(Win64) Vers. 8.1 Mar 2016    5-Aug-2016 15:56:22    Page  001
 - - - - - - - - - - - - - - - - - - - - - - - - - - - - - - - - - - - - - -
 
   This version was compiled by GCC version 5.3.0 using the options: 
     -cpp -iprefix c:\tdm-gcc-64\gcc\bin\../lib/gcc/x86_64-w64-mingw32/5.3.0/ -D_MT
     -U_REENTRANT -D IEEE -m64 -mtune=generic -march=x86-64 -mthreads -O2
     -fimplicit-none -fbounds-check -funroll-loops -ftree-vectorize
     -ffpe-summary=invalid,zero,overflow,underflow -fno-unsafe-math-optimizations
     -frounding-math -fsignaling-nans -fopenmp.

   This problem will use 3 of 4 possible threads.


  INPUT --- proc title ;

     CPU Time in seconds for last procedure was 0.00


  INPUT --- proc chmatrix occasions= 30 groups= 1 etype= PoissonMR 
  INPUT --- icovar = 32 ICMeans NoHist  hist= 14 ;

  INPUT ---    time interval 0.2 0.2 0.2 0.2 2 0.2 0.2 0.2 0.2 2.5 0.2 0.2 
  INPUT ---    0.2 0.2 2.667 0.2 0.2 0.2  0.2 1.767 0.2 0.2 0.2 0.2 3.167 
  INPUT ---    0.2 0.2 0.2 0.2 ;

  INPUT ---     icovariates captive age.t1 age.t1.2 age.t1.4  age.t1.6 
  INPUT ---    age.t1.8 age.t3.8 age.t4 age.t4.2 age.t4.4 age.t4.6 
  INPUT ---    age.t7.1 age.t7.3 age.t7.5 age.t7.7  age.t7.9 age.t10.567 
  INPUT ---    age.t10.767 age.t10.967 age.t11.167 age.t11.367 age.t13.134 
  INPUT ---    age.t13.334  age.t13.534 age.t13.734 age.t13.934 
  INPUT ---    age.t17.101 age.t17.301 age.t17.501 age.t17.701 age.t17.901 
  INPUT ---     sex ;

  INPUT ---    glabel(1)=Group 1;

      Number of unique encounter histories read was 14.

      Number of individual covariates read was 32.
      Time interval lengths vary and/or not equal to 1.

      Data type number is 115
      Data type is Poisson Mark Resight with Robust Design                                                             

     CPU Time in seconds for last procedure was 0.00

  Program  MARK  - Survival Rate Estimation with Capture-Recapture Data
   gfortran(Win64) Vers. 8.1 Mar 2016    5-Aug-2016 15:56:22    Page  002
 - - - - - - - - - - - - - - - - - - - - - - - - - - - - - - - - - - - - - -
 


  INPUT --- proc estimate link=Parm-Specific NOLOOP varest=2ndPart    ;


  INPUT --- model={ alpha(~1 + captive + age.t + sex + effort.trapdays 
  INPUT --- + recordloss.agout.total)sigma(~1)U(~sample_month)Phi(~1 + 
  INPUT --- age.t + sex)Gamma''(~1 + sample_month)Gamma'(~1 +  };

  INPUT ---    fixed=2;
  INPUT ---        parm(53)=1 ;
  INPUT ---        parm(54)=0 ;

  INPUT ---    group=1 alpha    rows=1 cols=30 Square ;
  INPUT ---        1 2 3 4 5 6 7 8 9 10 11 12 13 14 15 16 17 18 19 20 21 22 
  INPUT ---       23 24 25 26 27 28 29 30 ;

  INPUT ---    group=1 sigma    rows=1 cols=30 Square ;
  INPUT ---        31 31 31 31 31 31 31 31 31 31 31 31 31 31 31 31 31 31 31 
  INPUT ---       31 31 31 31 31 31 31 31 31 31 31 ;

  INPUT ---    group=1 U    rows=1 cols=30 Square ;
  INPUT ---        32 32 32 32 32 33 33 33 33 33 34 34 34 34 34 35 35 35 35 
  INPUT ---       35 36 36 36 36 36 37 37 37 37 37 ;

  INPUT ---    group=1 Phi    rows=29 cols=29 Triang ;
  INPUT ---        53 53 53 53 38 53 53 53 53 39 53 53 53 53 40 53 53 53 53 
  INPUT ---       41 53 53 53 53 42 53 53 53 53 ;
  INPUT ---        53 53 53 53 53 53 53 53 53 53 53 53 53 53 53 53 53 53 53 
  INPUT ---       53 53 53 53 53 53 53 53 53 ;
  INPUT ---        53 53 53 53 53 53 53 53 53 53 53 53 53 53 53 53 53 53 53 
  INPUT ---       53 53 53 53 53 53 53 53 ;
  INPUT ---        53 53 53 53 53 53 53 53 53 53 53 53 53 53 53 53 53 53 53 
  INPUT ---       53 53 53 53 53 53 53 ;
  INPUT ---        53 53 53 53 53 53 53 53 53 53 53 53 53 53 53 53 53 53 53 
  INPUT ---       53 53 53 53 53 53 ;
  INPUT ---        53 53 53 53 39 53 53 53 53 40 53 53 53 53 41 53 53 53 53 
  INPUT ---       42 53 53 53 53 ;
  INPUT ---        53 53 53 53 53 53 53 53 53 53 53 53 53 53 53 53 53 53 53 
  INPUT ---       53 53 53 53 ;
  INPUT ---        53 53 53 53 53 53 53 53 53 53 53 53 53 53 53 53 53 53 53 
  INPUT ---       53 53 53 ;
  INPUT ---        53 53 53 53 53 53 53 53 53 53 53 53 53 53 53 53 53 53 53 
  INPUT ---       53 53 ;
  INPUT ---        53 53 53 53 53 53 53 53 53 53 53 53 53 53 53 53 53 53 53 
  INPUT ---       53 ;

  Program  MARK  - Survival Rate Estimation with Capture-Recapture Data
   gfortran(Win64) Vers. 8.1 Mar 2016    5-Aug-2016 15:56:22    Page  003
 - - - - - - - - - - - - - - - - - - - - - - - - - - - - - - - - - - - - - -
 
  INPUT ---        53 53 53 53 40 53 53 53 53 41 53 53 53 53 42 53 53 53 53 ;
  INPUT ---        53 53 53 53 53 53 53 53 53 53 53 53 53 53 53 53 53 53 ;
  INPUT ---        53 53 53 53 53 53 53 53 53 53 53 53 53 53 53 53 53 ;
  INPUT ---        53 53 53 53 53 53 53 53 53 53 53 53 53 53 53 53 ;
  INPUT ---        53 53 53 53 53 53 53 53 53 53 53 53 53 53 53 ;
  INPUT ---        53 53 53 53 41 53 53 53 53 42 53 53 53 53 ;
  INPUT ---        53 53 53 53 53 53 53 53 53 53 53 53 53 ;
  INPUT ---        53 53 53 53 53 53 53 53 53 53 53 53 ;
  INPUT ---        53 53 53 53 53 53 53 53 53 53 53 ;
  INPUT ---        53 53 53 53 53 53 53 53 53 53 ;
  INPUT ---        53 53 53 53 42 53 53 53 53 ;
  INPUT ---        53 53 53 53 53 53 53 53 ;
  INPUT ---        53 53 53 53 53 53 53 ;
  INPUT ---        53 53 53 53 53 53 ;
  INPUT ---        53 53 53 53 53 ;
  INPUT ---        53 53 53 53 ;
  INPUT ---        53 53 53 ;
  INPUT ---        53 53 ;
  INPUT ---        53 ;

  INPUT ---    group=1 Gamma''    rows=29 cols=29 Triang ;
  INPUT ---        54 54 54 54 43 54 54 54 54 44 54 54 54 54 45 54 54 54 54 
  INPUT ---       46 54 54 54 54 47 54 54 54 54 ;
  INPUT ---        54 54 54 54 54 54 54 54 54 54 54 54 54 54 54 54 54 54 54 
  INPUT ---       54 54 54 54 54 54 54 54 54 ;
  INPUT ---        54 54 54 54 54 54 54 54 54 54 54 54 54 54 54 54 54 54 54 
  INPUT ---       54 54 54 54 54 54 54 54 ;
  INPUT ---        54 54 54 54 54 54 54 54 54 54 54 54 54 54 54 54 54 54 54 
  INPUT ---       54 54 54 54 54 54 54 ;
  INPUT ---        54 54 54 54 54 54 54 54 54 54 54 54 54 54 54 54 54 54 54 
  INPUT ---       54 54 54 54 54 54 ;
  INPUT ---        54 54 54 54 44 54 54 54 54 45 54 54 54 54 46 54 54 54 54 
  INPUT ---       47 54 54 54 54 ;
  INPUT ---        54 54 54 54 54 54 54 54 54 54 54 54 54 54 54 54 54 54 54 
  INPUT ---       54 54 54 54 ;
  INPUT ---        54 54 54 54 54 54 54 54 54 54 54 54 54 54 54 54 54 54 54 
  INPUT ---       54 54 54 ;
  INPUT ---        54 54 54 54 54 54 54 54 54 54 54 54 54 54 54 54 54 54 54 
  INPUT ---       54 54 ;
  INPUT ---        54 54 54 54 54 54 54 54 54 54 54 54 54 54 54 54 54 54 54 
  INPUT ---       54 ;
  INPUT ---        54 54 54 54 45 54 54 54 54 46 54 54 54 54 47 54 54 54 54 ;
  INPUT ---        54 54 54 54 54 54 54 54 54 54 54 54 54 54 54 54 54 54 ;
  INPUT ---        54 54 54 54 54 54 54 54 54 54 54 54 54 54 54 54 54 ;
  INPUT ---        54 54 54 54 54 54 54 54 54 54 54 54 54 54 54 54 ;
  INPUT ---        54 54 54 54 54 54 54 54 54 54 54 54 54 54 54 ;

  Program  MARK  - Survival Rate Estimation with Capture-Recapture Data
   gfortran(Win64) Vers. 8.1 Mar 2016    5-Aug-2016 15:56:22    Page  004
 - - - - - - - - - - - - - - - - - - - - - - - - - - - - - - - - - - - - - -
 
  INPUT ---        54 54 54 54 46 54 54 54 54 47 54 54 54 54 ;
  INPUT ---        54 54 54 54 54 54 54 54 54 54 54 54 54 ;
  INPUT ---        54 54 54 54 54 54 54 54 54 54 54 54 ;
  INPUT ---        54 54 54 54 54 54 54 54 54 54 54 ;
  INPUT ---        54 54 54 54 54 54 54 54 54 54 ;
  INPUT ---        54 54 54 54 47 54 54 54 54 ;
  INPUT ---        54 54 54 54 54 54 54 54 ;
  INPUT ---        54 54 54 54 54 54 54 ;
  INPUT ---        54 54 54 54 54 54 ;
  INPUT ---        54 54 54 54 54 ;
  INPUT ---        54 54 54 54 ;
  INPUT ---        54 54 54 ;
  INPUT ---        54 54 ;
  INPUT ---        54 ;

  INPUT ---    group=1 Gamma'    rows=28 cols=28 Triang ;
  INPUT ---        54 54 54 48 54 54 54 54 49 54 54 54 54 50 54 54 54 54 51 
  INPUT ---       54 54 54 54 52 54 54 54 54 ;
  INPUT ---        54 54 54 54 54 54 54 54 54 54 54 54 54 54 54 54 54 54 54 
  INPUT ---       54 54 54 54 54 54 54 54 ;
  INPUT ---        54 54 54 54 54 54 54 54 54 54 54 54 54 54 54 54 54 54 54 
  INPUT ---       54 54 54 54 54 54 54 ;
  INPUT ---        54 54 54 54 54 54 54 54 54 54 54 54 54 54 54 54 54 54 54 
  INPUT ---       54 54 54 54 54 54 ;
  INPUT ---        54 54 54 54 54 54 54 54 54 54 54 54 54 54 54 54 54 54 54 
  INPUT ---       54 54 54 54 54 ;
  INPUT ---        54 54 54 49 54 54 54 54 50 54 54 54 54 51 54 54 54 54 52 
  INPUT ---       54 54 54 54 ;
  INPUT ---        54 54 54 54 54 54 54 54 54 54 54 54 54 54 54 54 54 54 54 
  INPUT ---       54 54 54 ;
  INPUT ---        54 54 54 54 54 54 54 54 54 54 54 54 54 54 54 54 54 54 54 
  INPUT ---       54 54 ;
  INPUT ---        54 54 54 54 54 54 54 54 54 54 54 54 54 54 54 54 54 54 54 
  INPUT ---       54 ;
  INPUT ---        54 54 54 54 54 54 54 54 54 54 54 54 54 54 54 54 54 54 54 ;
  INPUT ---        54 54 54 50 54 54 54 54 51 54 54 54 54 52 54 54 54 54 ;
  INPUT ---        54 54 54 54 54 54 54 54 54 54 54 54 54 54 54 54 54 ;
  INPUT ---        54 54 54 54 54 54 54 54 54 54 54 54 54 54 54 54 ;
  INPUT ---        54 54 54 54 54 54 54 54 54 54 54 54 54 54 54 ;
  INPUT ---        54 54 54 54 54 54 54 54 54 54 54 54 54 54 ;
  INPUT ---        54 54 54 51 54 54 54 54 52 54 54 54 54 ;
  INPUT ---        54 54 54 54 54 54 54 54 54 54 54 54 ;
  INPUT ---        54 54 54 54 54 54 54 54 54 54 54 ;
  INPUT ---        54 54 54 54 54 54 54 54 54 54 ;
  INPUT ---        54 54 54 54 54 54 54 54 54 ;
  INPUT ---        54 54 54 52 54 54 54 54 ;

  Program  MARK  - Survival Rate Estimation with Capture-Recapture Data
   gfortran(Win64) Vers. 8.1 Mar 2016    5-Aug-2016 15:56:22    Page  005
 - - - - - - - - - - - - - - - - - - - - - - - - - - - - - - - - - - - - - -
 
  INPUT ---        54 54 54 54 54 54 54 ;
  INPUT ---        54 54 54 54 54 54 ;
  INPUT ---        54 54 54 54 54 ;
  INPUT ---        54 54 54 54 ;
  INPUT ---        54 54 54 ;
  INPUT ---        54 54 ;
  INPUT ---        54 ;

  INPUT ---    initial  0.8492118 0 0 0 0 0 -0.3123225 3.139572 0 0 0 0 0 
  INPUT ---    2.0066797 0 0 -2.9445172 0 0 0 0 17.724958 0 0 0 0  ;

  INPUT ---    design matrix constraints=54 covariates=26;
  INPUT ---        1 captive age.t1 sex 96 0.186046511627907 0 0 0 0 0 0 0 0 
  INPUT ---       0 0 0 0 0 0 0 0 0 0 0 0;
  INPUT ---        1 captive age.t1.2 sex 96 0.127659574468085 0 0 0 0 0 0 0 
  INPUT ---       0 0 0 0 0 0 0 0 0 0 0 0 0;
  INPUT ---        1 captive age.t1.4 sex 114 0.08 0 0 0 0 0 0 0 0 0 0 0 0 0 
  INPUT ---       0 0 0 0 0 0 0;
  INPUT ---        1 captive age.t1.6 sex 120 0.166666666666667 0 0 0 0 0 0 0 
  INPUT ---       0 0 0 0 0 0 0 0 0 0 0 0 0;
  INPUT ---        1 captive age.t1.8 sex 115 0.169230769230769 0 0 0 0 0 0 0 
  INPUT ---       0 0 0 0 0 0 0 0 0 0 0 0 0;
  INPUT ---        1 captive age.t3.8 sex 126 0.0615384615384615 0 0 0 0 0 0 
  INPUT ---       0 0 0 0 0 0 0 0 0 0 0 0 0 0;
  INPUT ---        1 captive age.t4 sex 126 0.0776699029126214 0 0 0 0 0 0 0 
  INPUT ---       0 0 0 0 0 0 0 0 0 0 0 0 0;
  INPUT ---        1 captive age.t4.2 sex 126 0.170212765957447 0 0 0 0 0 0 0 
  INPUT ---       0 0 0 0 0 0 0 0 0 0 0 0 0;
  INPUT ---        1 captive age.t4.4 sex 114 0.0666666666666667 0 0 0 0 0 0 
  INPUT ---       0 0 0 0 0 0 0 0 0 0 0 0 0 0;
  INPUT ---        1 captive age.t4.6 sex 126 0.0894308943089431 0 0 0 0 0 0 
  INPUT ---       0 0 0 0 0 0 0 0 0 0 0 0 0 0;
  INPUT ---        1 captive age.t7.1 sex 139 0.08 0 0 0 0 0 0 0 0 0 0 0 0 0 
  INPUT ---       0 0 0 0 0 0 0;
  INPUT ---        1 captive age.t7.3 sex 168 0.135135135135135 0 0 0 0 0 0 0 
  INPUT ---       0 0 0 0 0 0 0 0 0 0 0 0 0;
  INPUT ---        1 captive age.t7.5 sex 180 0.213740458015267 0 0 0 0 0 0 0 
  INPUT ---       0 0 0 0 0 0 0 0 0 0 0 0 0;
  INPUT ---        1 captive age.t7.7 sex 174 0.0869565217391304 0 0 0 0 0 0 
  INPUT ---       0 0 0 0 0 0 0 0 0 0 0 0 0 0;
  INPUT ---        1 captive age.t7.9 sex 173 0.131428571428571 0 0 0 0 0 0 0 
  INPUT ---       0 0 0 0 0 0 0 0 0 0 0 0 0;
  INPUT ---        1 captive age.t10.567 sex 166 0.167441860465116 0 0 0 0 0 
  INPUT ---       0 0 0 0 0 0 0 0 0 0 0 0 0 0 0;
  INPUT ---        1 captive age.t10.767 sex 172 0.155 0 0 0 0 0 0 0 0 0 0 0 
  INPUT ---       0 0 0 0 0 0 0 0 0;

  Program  MARK  - Survival Rate Estimation with Capture-Recapture Data
   gfortran(Win64) Vers. 8.1 Mar 2016    5-Aug-2016 15:56:22    Page  006
 - - - - - - - - - - - - - - - - - - - - - - - - - - - - - - - - - - - - - -
 
  INPUT ---        1 captive age.t10.967 sex 166 0.168831168831169 0 0 0 0 0 
  INPUT ---       0 0 0 0 0 0 0 0 0 0 0 0 0 0 0;
  INPUT ---        1 captive age.t11.167 sex 171 0.231182795698925 0 0 0 0 0 
  INPUT ---       0 0 0 0 0 0 0 0 0 0 0 0 0 0 0;
  INPUT ---        1 captive age.t11.367 sex 151 0.224489795918367 0 0 0 0 0 
  INPUT ---       0 0 0 0 0 0 0 0 0 0 0 0 0 0 0;
  INPUT ---        1 captive age.t13.134 sex 192 0.125827814569536 0 0 0 0 0 
  INPUT ---       0 0 0 0 0 0 0 0 0 0 0 0 0 0 0;
  INPUT ---        1 captive age.t13.334 sex 185 0.201612903225806 0 0 0 0 0 
  INPUT ---       0 0 0 0 0 0 0 0 0 0 0 0 0 0 0;
  INPUT ---        1 captive age.t13.534 sex 198 0.244604316546763 0 0 0 0 0 
  INPUT ---       0 0 0 0 0 0 0 0 0 0 0 0 0 0 0;
  INPUT ---        1 captive age.t13.734 sex 198 0.282828282828283 0 0 0 0 0 
  INPUT ---       0 0 0 0 0 0 0 0 0 0 0 0 0 0 0;
  INPUT ---        1 captive age.t13.934 sex 195 0.314516129032258 0 0 0 0 0 
  INPUT ---       0 0 0 0 0 0 0 0 0 0 0 0 0 0 0;
  INPUT ---        1 captive age.t17.101 sex 192 0.137254901960784 0 0 0 0 0 
  INPUT ---       0 0 0 0 0 0 0 0 0 0 0 0 0 0 0;
  INPUT ---        1 captive age.t17.301 sex 192 0.266129032258065 0 0 0 0 0 
  INPUT ---       0 0 0 0 0 0 0 0 0 0 0 0 0 0 0;
  INPUT ---        1 captive age.t17.501 sex 198 0.198581560283688 0 0 0 0 0 
  INPUT ---       0 0 0 0 0 0 0 0 0 0 0 0 0 0 0;
  INPUT ---        1 captive age.t17.701 sex 198 0.293333333333333 0 0 0 0 0 
  INPUT ---       0 0 0 0 0 0 0 0 0 0 0 0 0 0 0;
  INPUT ---        1 captive age.t17.901 sex 198 0.202453987730061 0 0 0 0 0 
  INPUT ---       0 0 0 0 0 0 0 0 0 0 0 0 0 0 0;
  INPUT ---        0 0 0 0 0 0 1 0 0 0 0 0 0 0 0 0 0 0 0 0 0 0 0 0 0 0;
  INPUT ---        0 0 0 0 0 0 0 1 0 0 0 0 0 0 0 0 0 0 0 0 0 0 0 0 0 0;
  INPUT ---        0 0 0 0 0 0 0 1 1 0 0 0 0 0 0 0 0 0 0 0 0 0 0 0 0 0;
  INPUT ---        0 0 0 0 0 0 0 1 0 1 0 0 0 0 0 0 0 0 0 0 0 0 0 0 0 0;
  INPUT ---        0 0 0 0 0 0 0 1 0 0 1 0 0 0 0 0 0 0 0 0 0 0 0 0 0 0;
  INPUT ---        0 0 0 0 0 0 0 1 0 0 0 1 0 0 0 0 0 0 0 0 0 0 0 0 0 0;
  INPUT ---        0 0 0 0 0 0 0 1 0 0 0 0 1 0 0 0 0 0 0 0 0 0 0 0 0 0;
  INPUT ---        0 0 0 0 0 0 0 0 0 0 0 0 0 1 age.t1.8 sex 0 0 0 0 0 0 0 0 0 
  INPUT ---       0;
  INPUT ---        0 0 0 0 0 0 0 0 0 0 0 0 0 1 age.t4.6 sex 0 0 0 0 0 0 0 0 0 
  INPUT ---       0;
  INPUT ---        0 0 0 0 0 0 0 0 0 0 0 0 0 1 age.t7.9 sex 0 0 0 0 0 0 0 0 0 
  INPUT ---       0;
  INPUT ---        0 0 0 0 0 0 0 0 0 0 0 0 0 1 age.t11.367 sex 0 0 0 0 0 0 0 
  INPUT ---       0 0 0;
  INPUT ---        0 0 0 0 0 0 0 0 0 0 0 0 0 1 age.t13.934 sex 0 0 0 0 0 0 0 
  INPUT ---       0 0 0;
  INPUT ---        0 0 0 0 0 0 0 0 0 0 0 0 0 0 0 0 1 0 0 0 0 0 0 0 0 0;
  INPUT ---        0 0 0 0 0 0 0 0 0 0 0 0 0 0 0 0 1 1 0 0 0 0 0 0 0 0;
  INPUT ---        0 0 0 0 0 0 0 0 0 0 0 0 0 0 0 0 1 0 1 0 0 0 0 0 0 0;

  Program  MARK  - Survival Rate Estimation with Capture-Recapture Data
   gfortran(Win64) Vers. 8.1 Mar 2016    5-Aug-2016 15:56:22    Page  007
 - - - - - - - - - - - - - - - - - - - - - - - - - - - - - - - - - - - - - -
 
  INPUT ---        0 0 0 0 0 0 0 0 0 0 0 0 0 0 0 0 1 0 0 1 0 0 0 0 0 0;
  INPUT ---        0 0 0 0 0 0 0 0 0 0 0 0 0 0 0 0 1 0 0 0 1 0 0 0 0 0;
  INPUT ---        0 0 0 0 0 0 0 0 0 0 0 0 0 0 0 0 0 0 0 0 0 1 0 0 0 0;
  INPUT ---        0 0 0 0 0 0 0 0 0 0 0 0 0 0 0 0 0 0 0 0 0 1 1 0 0 0;
  INPUT ---        0 0 0 0 0 0 0 0 0 0 0 0 0 0 0 0 0 0 0 0 0 1 0 1 0 0;
  INPUT ---        0 0 0 0 0 0 0 0 0 0 0 0 0 0 0 0 0 0 0 0 0 1 0 0 1 0;
  INPUT ---        0 0 0 0 0 0 0 0 0 0 0 0 0 0 0 0 0 0 0 0 0 1 0 0 0 1;
  INPUT ---        0 0 0 0 0 0 0 0 0 0 0 0 0 0 0 0 0 0 0 0 0 0 0 0 0 0;
  INPUT ---        0 0 0 0 0 0 0 0 0 0 0 0 0 0 0 0 0 0 0 0 0 0 0 0 0 0;

  INPUT ---    links=54;

  INPUT ---    Log;

  INPUT ---    Log;

  INPUT ---    Log;

  INPUT ---    Log;

  INPUT ---    Log;

  INPUT ---    Log;

  INPUT ---    Log;

  INPUT ---    Log;

  INPUT ---    Log;

  INPUT ---    Log;

  INPUT ---    Log;

  INPUT ---    Log;

  INPUT ---    Log;

  INPUT ---    Log;

  INPUT ---    Log;

  INPUT ---    Log;

  INPUT ---    Log;


  Program  MARK  - Survival Rate Estimation with Capture-Recapture Data
   gfortran(Win64) Vers. 8.1 Mar 2016    5-Aug-2016 15:56:22    Page  008
 - - - - - - - - - - - - - - - - - - - - - - - - - - - - - - - - - - - - - -
 
  INPUT ---    Log;

  INPUT ---    Log;

  INPUT ---    Log;

  INPUT ---    Log;

  INPUT ---    Log;

  INPUT ---    Log;

  INPUT ---    Log;

  INPUT ---    Log;

  INPUT ---    Log;

  INPUT ---    Log;

  INPUT ---    Log;

  INPUT ---    Log;

  INPUT ---    Log;

  INPUT ---    Log;

  INPUT ---    Log;

  INPUT ---    Log;

  INPUT ---    Log;

  INPUT ---    Log;

  INPUT ---    Log;

  INPUT ---    Log;

  INPUT ---    Logit;

  INPUT ---    Logit;

  INPUT ---    Logit;


  Program  MARK  - Survival Rate Estimation with Capture-Recapture Data
   gfortran(Win64) Vers. 8.1 Mar 2016    5-Aug-2016 15:56:22    Page  009
 - - - - - - - - - - - - - - - - - - - - - - - - - - - - - - - - - - - - - -
 
  INPUT ---    Logit;

  INPUT ---    Logit;

  INPUT ---    Logit;

  INPUT ---    Logit;

  INPUT ---    Logit;

  INPUT ---    Logit;

  INPUT ---    Logit;

  INPUT ---    Logit;

  INPUT ---    Logit;

  INPUT ---    Logit;

  INPUT ---    Logit;

  INPUT ---    Logit;

  INPUT ---    Logit;

  INPUT ---    Logit;
  INPUT ---       blabel(1)=alpha:(Intercept);
  INPUT ---       blabel(2)=alpha:captive;
  INPUT ---       blabel(3)=alpha:age.t;
  INPUT ---       blabel(4)=alpha:sex;
  INPUT ---       blabel(5)=alpha:effort.trapdays;
  INPUT ---       blabel(6)=alpha:recordloss.agout.total;
  INPUT ---       blabel(7)=sigma:(Intercept);
  INPUT ---       blabel(8)=U:(Intercept);
  INPUT ---       blabel(9)=U:sample_monthB;
  INPUT ---       blabel(10)=U:sample_monthC;
  INPUT ---       blabel(11)=U:sample_monthD;
  INPUT ---       blabel(12)=U:sample_monthE;
  INPUT ---       blabel(13)=U:sample_monthF;
  INPUT ---       blabel(14)=Phi:(Intercept);
  INPUT ---       blabel(15)=Phi:age.t;
  INPUT ---       blabel(16)=Phi:sex;
  INPUT ---       blabel(17)=GammaDoublePrime:(Intercept);
  INPUT ---       blabel(18)=GammaDoublePrime:sample_monthB;
  INPUT ---       blabel(19)=GammaDoublePrime:sample_monthC;

  Program  MARK  - Survival Rate Estimation with Capture-Recapture Data
   gfortran(Win64) Vers. 8.1 Mar 2016    5-Aug-2016 15:56:22    Page  010
 - - - - - - - - - - - - - - - - - - - - - - - - - - - - - - - - - - - - - -
 
  INPUT ---       blabel(20)=GammaDoublePrime:sample_monthD;
  INPUT ---       blabel(21)=GammaDoublePrime:sample_monthE;
  INPUT ---       blabel(22)=GammaPrime:(Intercept);
  INPUT ---       blabel(23)=GammaPrime:sample_monthB;
  INPUT ---       blabel(24)=GammaPrime:sample_monthC;
  INPUT ---       blabel(25)=GammaPrime:sample_monthD;
  INPUT ---       blabel(26)=GammaPrime:sample_monthE;
  INPUT ---       rlabel(1)=alpha g1 a0 t1;
  INPUT ---       rlabel(2)=alpha g1 a0.2 t1.2;
  INPUT ---       rlabel(3)=alpha g1 a0.4 t1.4;
  INPUT ---       rlabel(4)=alpha g1 a0.6 t1.6;
  INPUT ---       rlabel(5)=alpha g1 a0.8 t1.8;
  INPUT ---       rlabel(6)=alpha g1 a2.8 t3.8;
  INPUT ---       rlabel(7)=alpha g1 a3 t4;
  INPUT ---       rlabel(8)=alpha g1 a3.2 t4.2;
  INPUT ---       rlabel(9)=alpha g1 a3.4 t4.4;
  INPUT ---       rlabel(10)=alpha g1 a3.6 t4.6;
  INPUT ---       rlabel(11)=alpha g1 a6.1 t7.1;
  INPUT ---       rlabel(12)=alpha g1 a6.3 t7.3;
  INPUT ---       rlabel(13)=alpha g1 a6.5 t7.5;
  INPUT ---       rlabel(14)=alpha g1 a6.7 t7.7;
  INPUT ---       rlabel(15)=alpha g1 a6.9 t7.9;
  INPUT ---       rlabel(16)=alpha g1 a9.567 t10.567;
  INPUT ---       rlabel(17)=alpha g1 a9.767 t10.767;
  INPUT ---       rlabel(18)=alpha g1 a9.967 t10.967;
  INPUT ---       rlabel(19)=alpha g1 a10.167 t11.167;
  INPUT ---       rlabel(20)=alpha g1 a10.367 t11.367;
  INPUT ---       rlabel(21)=alpha g1 a12.134 t13.134;
  INPUT ---       rlabel(22)=alpha g1 a12.334 t13.334;
  INPUT ---       rlabel(23)=alpha g1 a12.534 t13.534;
  INPUT ---       rlabel(24)=alpha g1 a12.734 t13.734;
  INPUT ---       rlabel(25)=alpha g1 a12.934 t13.934;
  INPUT ---       rlabel(26)=alpha g1 a16.101 t17.101;
  INPUT ---       rlabel(27)=alpha g1 a16.301 t17.301;
  INPUT ---       rlabel(28)=alpha g1 a16.501 t17.501;
  INPUT ---       rlabel(29)=alpha g1 a16.701 t17.701;
  INPUT ---       rlabel(30)=alpha g1 a16.901 t17.901;
  INPUT ---       rlabel(31)=sigma g1 a0 t1;
  INPUT ---       rlabel(32)=U g1 a0 t1;
  INPUT ---       rlabel(33)=U g1 a2.8 t3.8;
  INPUT ---       rlabel(34)=U g1 a6.1 t7.1;
  INPUT ---       rlabel(35)=U g1 a9.567 t10.567;
  INPUT ---       rlabel(36)=U g1 a12.134 t13.134;
  INPUT ---       rlabel(37)=U g1 a16.101 t17.101;
  INPUT ---       rlabel(38)=Phi g1 c1 a0.8 t1.8;
  INPUT ---       rlabel(39)=Phi g1 c1 a3.6 t4.6;

  Program  MARK  - Survival Rate Estimation with Capture-Recapture Data
   gfortran(Win64) Vers. 8.1 Mar 2016    5-Aug-2016 15:56:22    Page  011
 - - - - - - - - - - - - - - - - - - - - - - - - - - - - - - - - - - - - - -
 
  INPUT ---       rlabel(40)=Phi g1 c1 a6.9 t7.9;
  INPUT ---       rlabel(41)=Phi g1 c1 a10.367 t11.367;
  INPUT ---       rlabel(42)=Phi g1 c1 a12.934 t13.934;
  INPUT ---       rlabel(43)=Gamma'' g1 c1 a0.8 t1.8;
  INPUT ---       rlabel(44)=Gamma'' g1 c1 a3.6 t4.6;
  INPUT ---       rlabel(45)=Gamma'' g1 c1 a6.9 t7.9;
  INPUT ---       rlabel(46)=Gamma'' g1 c1 a10.367 t11.367;
  INPUT ---       rlabel(47)=Gamma'' g1 c1 a12.934 t13.934;
  INPUT ---       rlabel(48)=Gamma' g1 c1 a0.8 t1.8;
  INPUT ---       rlabel(49)=Gamma' g1 c1 a3.6 t4.6;
  INPUT ---       rlabel(50)=Gamma' g1 c1 a6.9 t7.9;
  INPUT ---       rlabel(51)=Gamma' g1 c1 a10.367 t11.367;
  INPUT ---       rlabel(52)=Gamma' g1 c1 a12.934 t13.934;
  INPUT ---       rlabel(53)=Phi g1 c1 a0 t1;
  INPUT ---       rlabel(54)=Gamma'' g1 c1 a0 t1;

 Link Function Used is PARM-SPECIFIC

 Variance Estimation Procedure Used is 2ndPart 

 M(t+1):
 Group=Group 1                                                                         
       3      3      3      2      3      5      5      5      2      5      5
       4      4      4      4     10      7      7      7      5      5      5
       5      3      4      5      5      5      4      5


 -2logL(saturated) = -0.0000000    
 Effective Sample Size = 169
 Results from first iteration:
  -2logL Initial { alpha(~1 + captive + age.t + sex + effort.trapdays + recordloss.agout.total)sigma(~1)U(~sample_month)Phi(~1 + age.t + sex)Gamma''(~1 + sample_month)Gamma'(~1 +  } = 1138.4459     
  Penalty Initial { alpha(~1 + captive + age.t + sex + effort.trapdays + recordloss.agout.total)sigma(~1)U(~sample_month)Phi(~1 + age.t + sex)Gamma''(~1 + sample_month)Gamma'(~1 +  } = -0.0000000    

 Number of function evaluations was 47 for 26 parameters.
 Time for numerical optimization was 6.98 seconds.
 -2logL { alpha(~1 + captive + age.t + sex + effort.trapdays + recordloss.agout.total)sigma(~1)U(~sample_month)Phi(~1 + age.t + sex)Gamma''(~1 + sample_month)Gamma'(~1 +  } = 1042.2733     
 Penalty { alpha(~1 + captive + age.t + sex + effort.trapdays + recordloss.agout.total)sigma(~1)U(~sample_month)Phi(~1 + age.t + sex)Gamma''(~1 + sample_month)Gamma'(~1 +  } = -0.0000000    

   * *  WARNING  * *   Numerical underflow occurred during optimization of this model. 
     IEEE flag status at end of optimization:
     overflow       F
     divide by zero F
     invalid        F
     underflow      T
     inexact        T

 Gradient { alpha(~1 + captive + age.t + sex + effort.trapdays + recordloss.agout.total)sigma(~1)U(~sample_month)Phi(~1 + age.t + sex)Gamma''(~1 + sample_month)Gamma'(~1 +  }:
 -0.1287741E-02 0.8146543E-03 0.8369283E-03-0.1017270E-02-0.7025355E-03
 -0.1755525E-03-0.1264421E-02-0.5746765E-04-0.1018722E-03 0.1420713E-03
 -0.5432001E-03-0.3236049E-03 0.8221068E-04-0.2576208E-03 0.7562820E-04
 -0.1623411E-03-0.4592282E-04  0.000000      0.000000    -0.4563695E-04
   0.000000      0.000000      0.000000      0.000000      0.000000    
   0.000000    

  Program  MARK  - Survival Rate Estimation with Capture-Recapture Data
   gfortran(Win64) Vers. 8.1 Mar 2016    5-Aug-2016 15:56:31    Page  012
 - - - - - - - - - - - - - - - - - - - - - - - - - - - - - - - - - - - - - -
 
 S Vector { alpha(~1 + captive + age.t + sex + effort.trapdays + recordloss.agout.total)sigma(~1)U(~sample_month)Phi(~1 + age.t + sex)Gamma''(~1 + sample_month)Gamma'(~1 +  }:
   6739.809      401.0197      310.6109      283.4181      251.5054    
   208.0406      126.3741      54.35231      33.41142      27.21235    
   11.50766      9.779029      4.456071      2.520025      1.599972    
   1.079748     0.2031760     0.3531424E-06 0.3338197E-06 0.3162293E-06
  0.1536360E-06 -0.000000     -0.000000     -0.000000     -0.000000    
   0.000000    
 Time to compute number of parameters was 6.44 seconds.
   Threshold =  0.5400000E-06     Condition index =   0.000000         New Threshold =   0.000000    
 New Guessimate of Estimated Parameters { alpha(~1 + captive + age.t + sex + effort.trapdays + recordloss.agout.total)sigma(~1)U(~sample_month)Phi(~1 + age.t + sex)Gamma''(~1 + sample_month)Gamma'(~1 +  } = 21          
 Conditioned S Vector { alpha(~1 + captive + age.t + sex + effort.trapdays + recordloss.agout.total)sigma(~1)U(~sample_month)Phi(~1 + age.t + sex)Gamma''(~1 + sample_month)Gamma'(~1 +  }:
   1.000000     0.5950015E-01 0.4608601E-01 0.4205135E-01 0.3731640E-01
  0.3086743E-01 0.1875040E-01 0.8064370E-02 0.4957325E-02 0.4037555E-02
  0.1707417E-02 0.1450936E-02 0.6611569E-03 0.3739015E-03 0.2373913E-03
  0.1602045E-03 0.3014566E-04 0.5239651E-10 0.4952955E-10 0.4691963E-10
  0.2279530E-10 -0.000000     -0.000000     -0.000000     -0.000000    
   0.000000    
 Number of Estimated Parameters { alpha(~1 + captive + age.t + sex + effort.trapdays + recordloss.agout.total)sigma(~1)U(~sample_month)Phi(~1 + age.t + sex)Gamma''(~1 + sample_month)Gamma'(~1 +  } = 17          
 DEVIANCE { alpha(~1 + captive + age.t + sex + effort.trapdays + recordloss.agout.total)sigma(~1)U(~sample_month)Phi(~1 + age.t + sex)Gamma''(~1 + sample_month)Gamma'(~1 +  } = 1042.2733                     
 DEVIANCE Degrees of Freedom { alpha(~1 + captive + age.t + sex + effort.trapdays + recordloss.agout.total)sigma(~1)U(~sample_month)Phi(~1 + age.t + sex)Gamma''(~1 + sample_month)Gamma'(~1 +  } = -3            
 c-hat { alpha(~1 + captive + age.t + sex + effort.trapdays + recordloss.agout.total)sigma(~1)U(~sample_month)Phi(~1 + age.t + sex)Gamma''(~1 + sample_month)Gamma'(~1 +  } = 1.0000000                     
 AIC { alpha(~1 + captive + age.t + sex + effort.trapdays + recordloss.agout.total)sigma(~1)U(~sample_month)Phi(~1 + age.t + sex)Gamma''(~1 + sample_month)Gamma'(~1 +  } = 1076.2733                  
 AICc { alpha(~1 + captive + age.t + sex + effort.trapdays + recordloss.agout.total)sigma(~1)U(~sample_month)Phi(~1 + age.t + sex)Gamma''(~1 + sample_month)Gamma'(~1 +  } = 1080.3262                    
 BIC { alpha(~1 + captive + age.t + sex + effort.trapdays + recordloss.agout.total)sigma(~1)U(~sample_month)Phi(~1 + age.t + sex)Gamma''(~1 + sample_month)Gamma'(~1 +  } = 1129.4815                    
 Pearson Chisquare { alpha(~1 + captive + age.t + sex + effort.trapdays + recordloss.agout.total)sigma(~1)U(~sample_month)Phi(~1 + age.t + sex)Gamma''(~1 + sample_month)Gamma'(~1 +  } = 0.1232702E+033             

   * *  WARNING  * *   Numerical underflow occurred during variance-covariance calculation of this model. 
     IEEE flag status at end of variance-covariance calculation:
     overflow       F
     divide by zero F
     invalid        F
     underflow      T
     inexact        T



 PARM-SPECIFIC Link Function Parameters of { alpha(~1 + captive + age.t + sex + effort.trapdays + recordloss.agout.total)sigma(~1)U(~sample_month)Phi(~1 + age.t + sex)Gamma''(~1 + sample_month)Gamma'(~1 +  }
                                                              95% Confidence Interval
 Parameter                    Beta         Standard Error      Lower           Upper
 -------------------------  --------------  --------------  --------------  --------------
    1:alpha:(Intercept)     0.1123779       0.3979318       -0.6675685      0.8923243     
    2:alpha:captive         0.2280598       0.1110387       0.0104239       0.4456957     
    3:alpha:age.t           0.2225439       0.1583235       -0.0877702      0.5328580     
    4:alpha:sex             0.5422439       0.2052782       0.1398986       0.9445892     
    5:alpha:effort.trapday  0.0042666       0.0018092       0.7205915E-003  0.0078126     
    6:alpha:recordloss.ago  -2.8855662      0.5551589       -3.9736777      -1.7974548    
    7:sigma:(Intercept)     -0.7982430      0.1397758       -1.0722036      -0.5242823    
    8:U:(Intercept)         2.5608959       0.1407380       2.2850495       2.8367424     
    9:U:sample_monthB       0.3391707       0.1319837       0.0804827       0.5978587     
   10:U:sample_monthC       0.4403777       0.1497857       0.1467977       0.7339577     
   11:U:sample_monthD       0.8836181       0.1479513       0.5936336       1.1736026     
   12:U:sample_monthE       0.3349921       0.1701503       0.0014976       0.6684866     
   13:U:sample_monthF       0.6594463       0.1738027       0.3187929       1.0000997     
   14:Phi:(Intercept)       -1.6477716      1.6674274       -4.9159294      1.6203862     
   15:Phi:age.t             2.6077601       1.0182702       0.6119505       4.6035697     
   16:Phi:sex               1.8011841       1.4552304       -1.0510676      4.6534357     
   17:GammaDoublePrime:(In  -16.329248      1740.9782       -3428.6467      3395.9882     
   18:GammaDoublePrime:sam  -5.5245949      1815.3579       -3563.6261      3552.5769     

  Program  MARK  - Survival Rate Estimation with Capture-Recapture Data
   gfortran(Win64) Vers. 8.1 Mar 2016    5-Aug-2016 15:56:31    Page  013
 - - - - - - - - - - - - - - - - - - - - - - - - - - - - - - - - - - - - - -
 
   19:GammaDoublePrime:sam  -5.5245614      1752.2682       -3439.9703      3428.9212     
   20:GammaDoublePrime:sam  14.943128       1740.9784       -3397.3747      3427.2609     
   21:GammaDoublePrime:sam  -5.5246453      1752.2907       -3440.0145      3428.9652     
   22:GammaPrime:(Intercep  17.724958       0.0000000       17.724958       17.724958     
   23:GammaPrime:sample_mo  0.0000000       0.0000000       0.0000000       0.0000000     
   24:GammaPrime:sample_mo  0.0000000       0.0000000       0.0000000       0.0000000     
   25:GammaPrime:sample_mo  0.0000000       0.0000000       0.0000000       0.0000000     
   26:GammaPrime:sample_mo  0.0000000       0.0000000       0.0000000       0.0000000     


 Real Function Parameters of { alpha(~1 + captive + age.t + sex + effort.trapdays + recordloss.agout.total)sigma(~1)U(~sample_month)Phi(~1 + age.t + sex)Gamma''(~1 + sample_month)Gamma'(~1 +  }

  Program  MARK  - Survival Rate Estimation with Capture-Recapture Data
   gfortran(Win64) Vers. 8.1 Mar 2016    5-Aug-2016 15:56:31    Page  014
 - - - - - - - - - - - - - - - - - - - - - - - - - - - - - - - - - - - - - -
 

      Following estimates based on unstandardized individual covariate values:
          Variable   Value         
          ---------  ------------- 
          CAPTIVE    0.2142857     
          AGE.T1     1.0000000     
          AGE.T1.2   1.0000000     
          AGE.T1.4   1.0000000     
          AGE.T1.6   1.0000000     
          AGE.T1.8   1.0000000     
          AGE.T3.8   1.0000000     
          AGE.T4     1.0000000     
          AGE.T4.2   1.0000000     
          AGE.T4.4   1.0000000     
          AGE.T4.6   1.0000000     
          AGE.T7.1   0.8333333     
          AGE.T7.3   0.8333333     
          AGE.T7.5   0.8333333     
          AGE.T7.7   0.8333333     
          AGE.T7.9   0.8333333     
          AGE.T10.56 0.6666667     
          AGE.T10.76 0.6666667     
          AGE.T10.96 0.6666667     
          AGE.T11.16 0.6666667     
          AGE.T11.36 0.6666667     
          AGE.T13.13 1.0000000     
          AGE.T13.33 1.0000000     
          AGE.T13.53 1.0000000     
          AGE.T13.73 1.0000000     
          AGE.T13.93 1.0000000     
          AGE.T17.10 0.9230769     
          AGE.T17.30 0.9230769     
          AGE.T17.50 0.9230769     
          AGE.T17.70 0.9230769     
          AGE.T17.90 0.9230769     
          SEX        0.8461538     
                                                               95% Confidence Interval
  Parameter                  Estimate       Standard Error      Lower           Upper
 --------------------------  --------------  --------------  --------------  --------------
     1:alpha g1 a0 t1        2.0449203       0.2988756       1.5378835       2.7191261                           
     2:alpha g1 a0.2 t1.2    2.4201710       0.3274127       1.8587069       3.1512380                           
     3:alpha g1 a0.4 t1.4    2.9986497       0.3284749       2.4208089       3.7144197                           
     4:alpha g1 a0.6 t1.6    2.3957094       0.2571084       1.9424175       2.9547835                           
     5:alpha g1 a0.8 t1.8    2.3278554       0.2664800       1.8613598       2.9112645                           
     6:alpha g1 a2.8 t3.8    3.3288718       0.3349511       2.7344072       4.0525739                           
     7:alpha g1 a3 t4        3.1774694       0.3122402       2.6220185       3.8505876                           
     8:alpha g1 a3.2 t4.2    2.4328090       0.2441453       1.9993911       2.9601810                           
     9:alpha g1 a3.4 t4.4    3.1162686       0.3443165       2.5111292       3.8672363                           
    10:alpha g1 a3.6 t4.6    3.0714445       0.2980456       2.5405987       3.7132080                           

  Program  MARK  - Survival Rate Estimation with Capture-Recapture Data
   gfortran(Win64) Vers. 8.1 Mar 2016    5-Aug-2016 15:56:31    Page  015
 - - - - - - - - - - - - - - - - - - - - - - - - - - - - - - - - - - - - - -
 
    11:alpha g1 a6.1 t7.1    3.2147088       0.2869042       2.6997490       3.8278938                           
    12:alpha g1 a6.3 t7.3    3.1030095       0.2376270       2.6711149       3.6047376                           
    13:alpha g1 a6.5 t7.5    2.6032247       0.2013062       2.2376157       3.0285713                           
    14:alpha g1 a6.7 t7.7    3.6582859       0.3377856       3.0538505       4.3823546                           
    15:alpha g1 a6.9 t7.9    3.2040033       0.2548866       2.7420997       3.7437140                           
    16:alpha g1 a9.567 t10.  2.7007389       0.2169280       2.3079226       3.1604138                           
    17:alpha g1 a9.767 t10.  2.8720524       0.2353591       2.4465463       3.3715629                           
    18:alpha g1 a9.967 t10.  2.6899334       0.2160105       2.2987715       3.1476560                           
    19:alpha g1 a10.167 t11  2.2954520       0.1964873       1.9415037       2.7139273                           
    20:alpha g1 a10.367 t11  2.1488023       0.2020184       1.7879103       2.5825407                           
    21:alpha g1 a12.134 t13  3.6645983       0.3681767       3.0110674       4.4599733                           
    22:alpha g1 a12.334 t13  2.8581356       0.2344520       2.4343038       3.3557599                           
    23:alpha g1 a12.534 t13  2.6686719       0.2493578       2.2229575       3.2037542                           
    24:alpha g1 a12.734 t13  2.3899756       0.2349108       1.9720972       2.8964004                           
    25:alpha g1 a12.934 t13  2.1533955       0.2244039       1.7565417       2.6399102                           
    26:alpha g1 a16.101 t17  3.4855517       0.3318257       2.8934639       4.1987981                           
    27:alpha g1 a16.301 t17  2.4030806       0.2159120       2.0157740       2.8648034                           
    28:alpha g1 a16.501 t17  2.9959575       0.2742202       2.5048753       3.5833166                           
    29:alpha g1 a16.701 t17  2.2792612       0.2246123       1.8798039       2.7636029                           
    30:alpha g1 a16.901 t17  2.9626666       0.2702984       2.4784662       3.5414617                           
    31:sigma g1 a0 t1        0.4501192       0.0629158       0.3427070       0.5911967                           
    32:U g1 a0 t1            12.947412       1.8221925       9.8394616       17.037059                           
    33:U g1 a2.8 t3.8        18.175356       2.0500496       14.580588       22.656397                           
    34:U g1 a6.1 t7.1        20.111135       1.6936291       17.056080       23.713407                           
    35:U g1 a9.567 t10.567   31.328057       2.3268643       27.089249       36.230134                           
    36:U g1 a12.134 t13.134  18.099567       1.6364986       15.165641       21.601088                           
    37:U g1 a16.101 t17.101  25.036687       2.2800568       20.951624       29.918240                           
    38:Phi g1 c1 a0.8 t1.8   0.9230173       0.0381862       0.8070182       0.9717330                           
    39:Phi g1 c1 a3.6 t4.6   0.9230173       0.0381862       0.8070182       0.9717330                           
    40:Phi g1 c1 a6.9 t7.9   0.8858911       0.0469155       0.7576417       0.9506912                           
    41:Phi g1 c1 a10.367 t1  0.8340787       0.0618265       0.6768170       0.9234693                           
    42:Phi g1 c1 a12.934 t1  0.9230173       0.0381862       0.8070182       0.9717330                           
    43:Gamma'' g1 c1 a0.8 t  0.8096505E-007  0.1409584E-003  0.7982893E-311  1.0000000                           
    44:Gamma'' g1 c1 a3.6 t  0.3228468E-009  0.7436587E-006  -.1457248E-005  0.1457894E-005                      
    45:Gamma'' g1 c1 a6.9 t  0.3228576E-009  0.7325959E-006  -.1435565E-005  0.1436211E-005                      
    46:Gamma'' g1 c1 a10.36  0.2000279       0.1789057       0.0271861       0.6910954                           
    47:Gamma'' g1 c1 a12.93  0.3228306E-009  0.7325392E-006  -.1435454E-005  0.1436100E-005                      
    48:Gamma' g1 c1 a0.8 t1  1.0000000       0.0000000       1.0000000       1.0000000                           
    49:Gamma' g1 c1 a3.6 t4  1.0000000       0.0000000       1.0000000       1.0000000                           
    50:Gamma' g1 c1 a6.9 t7  1.0000000       0.0000000       1.0000000       1.0000000                           
    51:Gamma' g1 c1 a10.367  1.0000000       0.0000000       1.0000000       1.0000000                           
    52:Gamma' g1 c1 a12.934  1.0000000       0.0000000       1.0000000       1.0000000                           
    53:Phi g1 c1 a0 t1       1.0000000       0.0000000       1.0000000       1.0000000       Fixed               
    54:Gamma'' g1 c1 a0 t1   0.0000000       0.0000000       0.0000000       0.0000000       Fixed               

  Program  MARK  - Survival Rate Estimation with Capture-Recapture Data
   gfortran(Win64) Vers. 8.1 Mar 2016    5-Aug-2016 15:56:31    Page  016
 - - - - - - - - - - - - - - - - - - - - - - - - - - - - - - - - - - - - - -
 


                      Estimates of Derived Parameters
 Population Estimates of { alpha(~1 + captive + age.t + sex + effort.trapdays + recordloss.agout.total)sigma(~1)U(~sample_month)Phi(~1 + age.t + sex)Gamma''(~1 + sample_month)Gamma'(~1 +  }
                                                95% Confidence Interval
 Grp. Occ.   N-hat           Standard Error      Lower           Upper
 ---- ----   --------------  --------------  --------------  --------------
   1     1   15.947412       1.8221934       12.756841       19.935967     
   1     2   15.947412       1.8221934       12.756841       19.935967     
   1     3   15.947412       1.8221934       12.756841       19.935967     
   1     4   15.113627       1.8561972       11.890949       19.209712     
   1     5   15.947412       1.8221934       12.756841       19.935967     
   1     6   23.175356       2.0500503       19.492878       27.553507     
   1     7   23.175356       2.0500503       19.492878       27.553507     
   1     8   23.175356       2.0500503       19.492878       27.553507     
   1     9   20.314160       2.0784692       16.631528       24.812218     
   1    10   23.175356       2.0500503       19.492878       27.553507     
   1    11   25.398288       1.7339006       22.220853       29.030074     
   1    12   24.359456       1.7285624       21.200227       27.989469     
   1    13   24.480442       1.7342141       21.310508       28.121903     
   1    14   24.297143       1.7248861       21.144728       27.919543     
   1    15   24.368578       1.7291907       21.208198       27.999908     
   1    16   39.139900       2.4399240       34.642364       44.221340     
   1    17   38.955069       2.4066896       34.516350       43.964596     
   1    18   39.146502       2.4406278       34.647703       44.229445     
   1    19   39.411633       2.4582476       34.880478       44.531408     
   1    20   37.292487       2.4579880       32.777625       42.429234     
   1    21   22.319857       1.6703797       19.278654       25.840809     
   1    22   23.572146       1.6962082       20.475107       27.137640     
   1    23   23.564866       1.7052963       20.452489       27.150872     
   1    24   21.439812       1.6844434       18.384295       25.003164     
   1    25   22.783628       1.7243858       19.646728       26.421383     
   1    26   30.307825       2.3273890       26.078609       35.222901     
   1    27   30.661078       2.3677376       26.360378       35.663438     
   1    28   30.424766       2.3459329       26.163178       35.380501     
   1    29   29.635497       2.3672601       25.346952       34.649636     
   1    30   30.434741       2.3471784       26.170958       35.393182     
 Mean Resighting Rate Estimates of { alpha(~1 + captive + age.t + sex + effort.trapdays + recordloss.agout.total)sigma(~1)U(~sample_month)Phi(~1 + age.t + sex)Gamma''(~1 + sample_month)Gamma'(~1 +  }
                                                95% Confidence Interval
 Grp. Occ.   Lambda-hat      Standard Error      Lower           Upper
 ---- ----   --------------  --------------  --------------  --------------
   1     1   2.2629346       0.3183796       1.7198790       2.9774612     
   1     2   2.6781917       0.3474193       2.0791258       3.4498687     
   1     3   3.3183435       0.3415217       2.7135967       4.0578631     
   1     4   2.6511221       0.2647279       2.1809322       3.2226809     
   1     5   2.5760341       0.2769196       2.0879005       3.1782892     
   1     6   3.6837714       0.3444177       3.0681770       4.4228778     
   1     7   3.5162277       0.3193379       2.9439441       4.1997594     
   1     8   2.6921770       0.2484443       2.2475872       3.2247102     
   1     9   3.4485020       0.3587489       2.8139492       4.2261482     

  Program  MARK  - Survival Rate Estimation with Capture-Recapture Data
   gfortran(Win64) Vers. 8.1 Mar 2016    5-Aug-2016 15:56:31    Page  017
 - - - - - - - - - - - - - - - - - - - - - - - - - - - - - - - - - - - - - -
 
   1    10   3.3988992       0.3038026       2.8536819       4.0482843     
   1    11   3.9312796       0.2885614       3.4051583       4.5386903     
   1    12   3.6661718       0.2239725       3.2528120       4.1320604     
   1    13   3.3303555       0.1929238       2.9731842       3.7304342     
   1    14   4.7618902       0.3441277       4.1337530       5.4854749     
   1    15   4.4797143       0.2530893       4.0104917       5.0038353     
   1    16   3.5064375       0.2088452       3.1204129       3.9402171     
   1    17   4.0951910       0.2341831       3.6613152       4.5804822     
   1    18   3.7527311       0.2126583       3.3585333       4.1931966     
   1    19   3.1639227       0.1981823       2.7987196       3.5767810     
   1    20   2.8928217       0.2094033       2.5106428       3.3331772     
   1    21   5.4827620       0.3938840       4.7635010       6.3106272     
   1    22   3.5292953       0.2316716       3.1036451       4.0133214     
   1    23   3.3147389       0.2547273       2.8518864       3.8527111     
   1    24   3.2327476       0.2492427       2.7799740       3.7592643     
   1    25   4.1004101       0.2771509       3.5921809       4.6805447     
   1    26   4.2353788       0.3376103       3.6236605       4.9503628     
   1    27   2.6592792       0.2100627       2.2783941       3.1038379     
   1    28   3.8697015       0.2795502       3.3594245       4.4574867     
   1    29   3.1760191       0.2401595       2.7391054       3.6826247     
   1    30   3.8317811       0.2754508       3.3288105       4.4107487     
 Pr(Captured 1 or more times) of { alpha(~1 + captive + age.t + sex + effort.trapdays + recordloss.agout.total)sigma(~1)U(~sample_month)Phi(~1 + age.t + sex)Gamma''(~1 + sample_month)Gamma'(~1 +  }
                                                95% Confidence Interval
 Grp. Occ.      p*-hat       Standard Error      Lower           Upper
 ---- ----   --------------  --------------  --------------  --------------
   1     1   0.2938545       0.0108657       0.2730168       0.3155922     
   1     2   0.3046041       0.0084569       0.2882863       0.3214284     
   1     3   0.3152246       0.0054785       0.3045868       0.3260598     
   1     4   0.4616348       0.0112707       0.4396337       0.4837863     
   1     5   0.3023126       0.0078608       0.2871315       0.3179384     
   1     6   0.1904505       0.0028690       0.1848906       0.1961373     
   1     7   0.1893407       0.0030256       0.1834815       0.1953422     
   1     8   0.1811810       0.0042663       0.1729688       0.1896936     
   1     9   0.4675512       0.0098187       0.4483643       0.4868346     
   1    10   0.1884754       0.0031472       0.1823843       0.1947214     
   1    11   0.1922955       0.0022368       0.1879494       0.1967177     
   1    12   0.2381904       0.0031843       0.2320054       0.2444878     
   1    13   0.2359671       0.0034155       0.2293385       0.2427270     
   1    14   0.2442280       0.0019615       0.2404040       0.2480929     
   1    15   0.2435364       0.0019065       0.2398192       0.2472926     
   1    16   0.1330699       0.0022980       0.1286301       0.1376388     
   1    17   0.1376890       0.0013584       0.1350481       0.1403733     
   1    18   0.1352299       0.0018598       0.1316260       0.1389167     
   1    19   0.1317051       0.0022935       0.1272746       0.1362658     
   1    20   0.1791241       0.0046151       0.1702563       0.1883490     
   1    21   0.2465006       0.0012825       0.2439956       0.2490228     
   1    22   0.1875531       0.0029059       0.1819240       0.1933153     
   1    23   0.1877744       0.0030778       0.1818163       0.1938814     
   1    24   0.3135128       0.0049628       0.3038686       0.3233208     
   1    25   0.2416938       0.0024564       0.2369120       0.2465410     

  Program  MARK  - Survival Rate Estimation with Capture-Recapture Data
   gfortran(Win64) Vers. 8.1 Mar 2016    5-Aug-2016 15:56:32    Page  018
 - - - - - - - - - - - - - - - - - - - - - - - - - - - - - - - - - - - - - -
 
   1    26   0.1927236       0.0022557       0.1883410       0.1971834     
   1    27   0.1777970       0.0045095       0.1691299       0.1868085     
   1    28   0.1912894       0.0023914       0.1866462       0.1960204     
   1    29   0.2317942       0.0042670       0.2235364       0.2402627     
   1    30   0.1910709       0.0024247       0.1863635       0.1958686     

 Attempted ordering of parameters by estimatibility:
   1  8 11 13 10 12  2  7  9  3  4 14  5  6 17 15 16 19 21 18 20 22 23 24 25
  26
 Beta number 26 is a singular value.

     CPU Time in seconds for last procedure was 13.77


  INPUT --- proc stop;

   * *  WARNING  * *   Numerical underflow occurred during final processing of this model. 
     IEEE flag status at final processing of this model:
     overflow       F
     divide by zero F
     invalid        F
     underflow      T
     inexact        T


     CPU Time in minutes for this job was 0.23

     Time Start = 15:56:22.411   Time End = 15:56:32.167

     Wall Clock Time in minutes for this job was 0.16


          E X E C U T I O N   S U C C E S S F U L 
