
   Program  MARK  - Survival Rate Estimation with Capture-Recapture Data
   gfortran(Win64) Vers. 8.1 Mar 2016    5-Aug-2016 15:45:44    Page  001
 - - - - - - - - - - - - - - - - - - - - - - - - - - - - - - - - - - - - - -
 
   This version was compiled by GCC version 5.3.0 using the options: 
     -cpp -iprefix c:\tdm-gcc-64\gcc\bin\../lib/gcc/x86_64-w64-mingw32/5.3.0/ -D_MT
     -U_REENTRANT -D IEEE -m64 -mtune=generic -march=x86-64 -mthreads -O2
     -fimplicit-none -fbounds-check -funroll-loops -ftree-vectorize
     -ffpe-summary=invalid,zero,overflow,underflow -fno-unsafe-math-optimizations
     -frounding-math -fsignaling-nans -fopenmp.

   This problem will use 3 of 4 possible threads.


  INPUT --- proc title ;

     CPU Time in seconds for last procedure was 0.00


  INPUT --- proc chmatrix occasions= 30 groups= 1 etype= PoissonMR 
  INPUT --- icovar = 31 ICMeans NoHist  hist= 14 ;

  INPUT ---    time interval 0.2 0.2 0.2 0.2 2 0.2 0.2 0.2 0.2 2.5 0.2 0.2 
  INPUT ---    0.2 0.2 2.667 0.2 0.2 0.2  0.2 1.767 0.2 0.2 0.2 0.2 3.167 
  INPUT ---    0.2 0.2 0.2 0.2 ;

  INPUT ---     icovariates age.t1 age.t1.2 age.t1.4 age.t1.6  age.t1.8 
  INPUT ---    age.t3.8 age.t4 age.t4.2 age.t4.4 age.t4.6 age.t7.1 
  INPUT ---    age.t7.3 age.t7.5 age.t7.7 age.t7.9  age.t10.567 
  INPUT ---    age.t10.767 age.t10.967 age.t11.167 age.t11.367 age.t13.134 
  INPUT ---    age.t13.334 age.t13.534  age.t13.734 age.t13.934 
  INPUT ---    age.t17.101 age.t17.301 age.t17.501 age.t17.701 age.t17.901 
  INPUT ---    sex ;

  INPUT ---    glabel(1)=Group 1;

      Number of unique encounter histories read was 14.

      Number of individual covariates read was 31.
      Time interval lengths vary and/or not equal to 1.

      Data type number is 115
      Data type is Poisson Mark Resight with Robust Design                                                             

     CPU Time in seconds for last procedure was 0.00

  Program  MARK  - Survival Rate Estimation with Capture-Recapture Data
   gfortran(Win64) Vers. 8.1 Mar 2016    5-Aug-2016 15:45:44    Page  002
 - - - - - - - - - - - - - - - - - - - - - - - - - - - - - - - - - - - - - -
 


  INPUT --- proc estimate link=Parm-Specific NOLOOP varest=2ndPart    ;


  INPUT --- model={ alpha(~1 + age.t + sex + effort.trapdays + 
  INPUT --- recordloss.agout.total)sigma(~1)U(~sample_month)Phi(~1)Gamma
  INPUT --- ''(~1)Gamma'(~1) };

  INPUT ---    fixed=2;
  INPUT ---        parm(41)=1 ;
  INPUT ---        parm(42)=0 ;

  INPUT ---    group=1 alpha    rows=1 cols=30 Square ;
  INPUT ---        1 2 3 4 5 6 7 8 9 10 11 12 13 14 15 16 17 18 19 20 21 22 
  INPUT ---       23 24 25 26 27 28 29 30 ;

  INPUT ---    group=1 sigma    rows=1 cols=30 Square ;
  INPUT ---        31 31 31 31 31 31 31 31 31 31 31 31 31 31 31 31 31 31 31 
  INPUT ---       31 31 31 31 31 31 31 31 31 31 31 ;

  INPUT ---    group=1 U    rows=1 cols=30 Square ;
  INPUT ---        32 32 32 32 32 33 33 33 33 33 34 34 34 34 34 35 35 35 35 
  INPUT ---       35 36 36 36 36 36 37 37 37 37 37 ;

  INPUT ---    group=1 Phi    rows=29 cols=29 Triang ;
  INPUT ---        41 41 41 41 38 41 41 41 41 38 41 41 41 41 38 41 41 41 41 
  INPUT ---       38 41 41 41 41 38 41 41 41 41 ;
  INPUT ---        41 41 41 41 41 41 41 41 41 41 41 41 41 41 41 41 41 41 41 
  INPUT ---       41 41 41 41 41 41 41 41 41 ;
  INPUT ---        41 41 41 41 41 41 41 41 41 41 41 41 41 41 41 41 41 41 41 
  INPUT ---       41 41 41 41 41 41 41 41 ;
  INPUT ---        41 41 41 41 41 41 41 41 41 41 41 41 41 41 41 41 41 41 41 
  INPUT ---       41 41 41 41 41 41 41 ;
  INPUT ---        41 41 41 41 41 41 41 41 41 41 41 41 41 41 41 41 41 41 41 
  INPUT ---       41 41 41 41 41 41 ;
  INPUT ---        41 41 41 41 38 41 41 41 41 38 41 41 41 41 38 41 41 41 41 
  INPUT ---       38 41 41 41 41 ;
  INPUT ---        41 41 41 41 41 41 41 41 41 41 41 41 41 41 41 41 41 41 41 
  INPUT ---       41 41 41 41 ;
  INPUT ---        41 41 41 41 41 41 41 41 41 41 41 41 41 41 41 41 41 41 41 
  INPUT ---       41 41 41 ;
  INPUT ---        41 41 41 41 41 41 41 41 41 41 41 41 41 41 41 41 41 41 41 
  INPUT ---       41 41 ;
  INPUT ---        41 41 41 41 41 41 41 41 41 41 41 41 41 41 41 41 41 41 41 
  INPUT ---       41 ;

  Program  MARK  - Survival Rate Estimation with Capture-Recapture Data
   gfortran(Win64) Vers. 8.1 Mar 2016    5-Aug-2016 15:45:44    Page  003
 - - - - - - - - - - - - - - - - - - - - - - - - - - - - - - - - - - - - - -
 
  INPUT ---        41 41 41 41 38 41 41 41 41 38 41 41 41 41 38 41 41 41 41 ;
  INPUT ---        41 41 41 41 41 41 41 41 41 41 41 41 41 41 41 41 41 41 ;
  INPUT ---        41 41 41 41 41 41 41 41 41 41 41 41 41 41 41 41 41 ;
  INPUT ---        41 41 41 41 41 41 41 41 41 41 41 41 41 41 41 41 ;
  INPUT ---        41 41 41 41 41 41 41 41 41 41 41 41 41 41 41 ;
  INPUT ---        41 41 41 41 38 41 41 41 41 38 41 41 41 41 ;
  INPUT ---        41 41 41 41 41 41 41 41 41 41 41 41 41 ;
  INPUT ---        41 41 41 41 41 41 41 41 41 41 41 41 ;
  INPUT ---        41 41 41 41 41 41 41 41 41 41 41 ;
  INPUT ---        41 41 41 41 41 41 41 41 41 41 ;
  INPUT ---        41 41 41 41 38 41 41 41 41 ;
  INPUT ---        41 41 41 41 41 41 41 41 ;
  INPUT ---        41 41 41 41 41 41 41 ;
  INPUT ---        41 41 41 41 41 41 ;
  INPUT ---        41 41 41 41 41 ;
  INPUT ---        41 41 41 41 ;
  INPUT ---        41 41 41 ;
  INPUT ---        41 41 ;
  INPUT ---        41 ;

  INPUT ---    group=1 Gamma''    rows=29 cols=29 Triang ;
  INPUT ---        42 42 42 42 39 42 42 42 42 39 42 42 42 42 39 42 42 42 42 
  INPUT ---       39 42 42 42 42 39 42 42 42 42 ;
  INPUT ---        42 42 42 42 42 42 42 42 42 42 42 42 42 42 42 42 42 42 42 
  INPUT ---       42 42 42 42 42 42 42 42 42 ;
  INPUT ---        42 42 42 42 42 42 42 42 42 42 42 42 42 42 42 42 42 42 42 
  INPUT ---       42 42 42 42 42 42 42 42 ;
  INPUT ---        42 42 42 42 42 42 42 42 42 42 42 42 42 42 42 42 42 42 42 
  INPUT ---       42 42 42 42 42 42 42 ;
  INPUT ---        42 42 42 42 42 42 42 42 42 42 42 42 42 42 42 42 42 42 42 
  INPUT ---       42 42 42 42 42 42 ;
  INPUT ---        42 42 42 42 39 42 42 42 42 39 42 42 42 42 39 42 42 42 42 
  INPUT ---       39 42 42 42 42 ;
  INPUT ---        42 42 42 42 42 42 42 42 42 42 42 42 42 42 42 42 42 42 42 
  INPUT ---       42 42 42 42 ;
  INPUT ---        42 42 42 42 42 42 42 42 42 42 42 42 42 42 42 42 42 42 42 
  INPUT ---       42 42 42 ;
  INPUT ---        42 42 42 42 42 42 42 42 42 42 42 42 42 42 42 42 42 42 42 
  INPUT ---       42 42 ;
  INPUT ---        42 42 42 42 42 42 42 42 42 42 42 42 42 42 42 42 42 42 42 
  INPUT ---       42 ;
  INPUT ---        42 42 42 42 39 42 42 42 42 39 42 42 42 42 39 42 42 42 42 ;
  INPUT ---        42 42 42 42 42 42 42 42 42 42 42 42 42 42 42 42 42 42 ;
  INPUT ---        42 42 42 42 42 42 42 42 42 42 42 42 42 42 42 42 42 ;
  INPUT ---        42 42 42 42 42 42 42 42 42 42 42 42 42 42 42 42 ;
  INPUT ---        42 42 42 42 42 42 42 42 42 42 42 42 42 42 42 ;

  Program  MARK  - Survival Rate Estimation with Capture-Recapture Data
   gfortran(Win64) Vers. 8.1 Mar 2016    5-Aug-2016 15:45:44    Page  004
 - - - - - - - - - - - - - - - - - - - - - - - - - - - - - - - - - - - - - -
 
  INPUT ---        42 42 42 42 39 42 42 42 42 39 42 42 42 42 ;
  INPUT ---        42 42 42 42 42 42 42 42 42 42 42 42 42 ;
  INPUT ---        42 42 42 42 42 42 42 42 42 42 42 42 ;
  INPUT ---        42 42 42 42 42 42 42 42 42 42 42 ;
  INPUT ---        42 42 42 42 42 42 42 42 42 42 ;
  INPUT ---        42 42 42 42 39 42 42 42 42 ;
  INPUT ---        42 42 42 42 42 42 42 42 ;
  INPUT ---        42 42 42 42 42 42 42 ;
  INPUT ---        42 42 42 42 42 42 ;
  INPUT ---        42 42 42 42 42 ;
  INPUT ---        42 42 42 42 ;
  INPUT ---        42 42 42 ;
  INPUT ---        42 42 ;
  INPUT ---        42 ;

  INPUT ---    group=1 Gamma'    rows=28 cols=28 Triang ;
  INPUT ---        42 42 42 40 42 42 42 42 40 42 42 42 42 40 42 42 42 42 40 
  INPUT ---       42 42 42 42 40 42 42 42 42 ;
  INPUT ---        42 42 42 42 42 42 42 42 42 42 42 42 42 42 42 42 42 42 42 
  INPUT ---       42 42 42 42 42 42 42 42 ;
  INPUT ---        42 42 42 42 42 42 42 42 42 42 42 42 42 42 42 42 42 42 42 
  INPUT ---       42 42 42 42 42 42 42 ;
  INPUT ---        42 42 42 42 42 42 42 42 42 42 42 42 42 42 42 42 42 42 42 
  INPUT ---       42 42 42 42 42 42 ;
  INPUT ---        42 42 42 42 42 42 42 42 42 42 42 42 42 42 42 42 42 42 42 
  INPUT ---       42 42 42 42 42 ;
  INPUT ---        42 42 42 40 42 42 42 42 40 42 42 42 42 40 42 42 42 42 40 
  INPUT ---       42 42 42 42 ;
  INPUT ---        42 42 42 42 42 42 42 42 42 42 42 42 42 42 42 42 42 42 42 
  INPUT ---       42 42 42 ;
  INPUT ---        42 42 42 42 42 42 42 42 42 42 42 42 42 42 42 42 42 42 42 
  INPUT ---       42 42 ;
  INPUT ---        42 42 42 42 42 42 42 42 42 42 42 42 42 42 42 42 42 42 42 
  INPUT ---       42 ;
  INPUT ---        42 42 42 42 42 42 42 42 42 42 42 42 42 42 42 42 42 42 42 ;
  INPUT ---        42 42 42 40 42 42 42 42 40 42 42 42 42 40 42 42 42 42 ;
  INPUT ---        42 42 42 42 42 42 42 42 42 42 42 42 42 42 42 42 42 ;
  INPUT ---        42 42 42 42 42 42 42 42 42 42 42 42 42 42 42 42 ;
  INPUT ---        42 42 42 42 42 42 42 42 42 42 42 42 42 42 42 ;
  INPUT ---        42 42 42 42 42 42 42 42 42 42 42 42 42 42 ;
  INPUT ---        42 42 42 40 42 42 42 42 40 42 42 42 42 ;
  INPUT ---        42 42 42 42 42 42 42 42 42 42 42 42 ;
  INPUT ---        42 42 42 42 42 42 42 42 42 42 42 ;
  INPUT ---        42 42 42 42 42 42 42 42 42 42 ;
  INPUT ---        42 42 42 42 42 42 42 42 42 ;
  INPUT ---        42 42 42 40 42 42 42 42 ;

  Program  MARK  - Survival Rate Estimation with Capture-Recapture Data
   gfortran(Win64) Vers. 8.1 Mar 2016    5-Aug-2016 15:45:44    Page  005
 - - - - - - - - - - - - - - - - - - - - - - - - - - - - - - - - - - - - - -
 
  INPUT ---        42 42 42 42 42 42 42 ;
  INPUT ---        42 42 42 42 42 42 ;
  INPUT ---        42 42 42 42 42 ;
  INPUT ---        42 42 42 42 ;
  INPUT ---        42 42 42 ;
  INPUT ---        42 42 ;
  INPUT ---        42 ;

  INPUT ---    initial  0.8492118 0 0 0 0 -0.3123225 3.139572 0 0 0 0 0 
  INPUT ---    2.0066797 -2.9445172 17.724958  ;

  INPUT ---    design matrix constraints=42 covariates=15;
  INPUT ---        1 age.t1 sex 96 0.186046511627907 0 0 0 0 0 0 0 0 0 0;
  INPUT ---        1 age.t1.2 sex 96 0.127659574468085 0 0 0 0 0 0 0 0 0 0;
  INPUT ---        1 age.t1.4 sex 114 0.08 0 0 0 0 0 0 0 0 0 0;
  INPUT ---        1 age.t1.6 sex 120 0.166666666666667 0 0 0 0 0 0 0 0 0 0;
  INPUT ---        1 age.t1.8 sex 115 0.169230769230769 0 0 0 0 0 0 0 0 0 0;
  INPUT ---        1 age.t3.8 sex 126 0.0615384615384615 0 0 0 0 0 0 0 0 0 0;
  INPUT ---        1 age.t4 sex 126 0.0776699029126214 0 0 0 0 0 0 0 0 0 0;
  INPUT ---        1 age.t4.2 sex 126 0.170212765957447 0 0 0 0 0 0 0 0 0 0;
  INPUT ---        1 age.t4.4 sex 114 0.0666666666666667 0 0 0 0 0 0 0 0 0 0;
  INPUT ---        1 age.t4.6 sex 126 0.0894308943089431 0 0 0 0 0 0 0 0 0 0;
  INPUT ---        1 age.t7.1 sex 139 0.08 0 0 0 0 0 0 0 0 0 0;
  INPUT ---        1 age.t7.3 sex 168 0.135135135135135 0 0 0 0 0 0 0 0 0 0;
  INPUT ---        1 age.t7.5 sex 180 0.213740458015267 0 0 0 0 0 0 0 0 0 0;
  INPUT ---        1 age.t7.7 sex 174 0.0869565217391304 0 0 0 0 0 0 0 0 0 0;
  INPUT ---        1 age.t7.9 sex 173 0.131428571428571 0 0 0 0 0 0 0 0 0 0;
  INPUT ---        1 age.t10.567 sex 166 0.167441860465116 0 0 0 0 0 0 0 0 0 
  INPUT ---       0;
  INPUT ---        1 age.t10.767 sex 172 0.155 0 0 0 0 0 0 0 0 0 0;
  INPUT ---        1 age.t10.967 sex 166 0.168831168831169 0 0 0 0 0 0 0 0 0 
  INPUT ---       0;
  INPUT ---        1 age.t11.167 sex 171 0.231182795698925 0 0 0 0 0 0 0 0 0 
  INPUT ---       0;
  INPUT ---        1 age.t11.367 sex 151 0.224489795918367 0 0 0 0 0 0 0 0 0 
  INPUT ---       0;
  INPUT ---        1 age.t13.134 sex 192 0.125827814569536 0 0 0 0 0 0 0 0 0 
  INPUT ---       0;
  INPUT ---        1 age.t13.334 sex 185 0.201612903225806 0 0 0 0 0 0 0 0 0 
  INPUT ---       0;
  INPUT ---        1 age.t13.534 sex 198 0.244604316546763 0 0 0 0 0 0 0 0 0 
  INPUT ---       0;
  INPUT ---        1 age.t13.734 sex 198 0.282828282828283 0 0 0 0 0 0 0 0 0 
  INPUT ---       0;
  INPUT ---        1 age.t13.934 sex 195 0.314516129032258 0 0 0 0 0 0 0 0 0 
  INPUT ---       0;

  Program  MARK  - Survival Rate Estimation with Capture-Recapture Data
   gfortran(Win64) Vers. 8.1 Mar 2016    5-Aug-2016 15:45:44    Page  006
 - - - - - - - - - - - - - - - - - - - - - - - - - - - - - - - - - - - - - -
 
  INPUT ---        1 age.t17.101 sex 192 0.137254901960784 0 0 0 0 0 0 0 0 0 
  INPUT ---       0;
  INPUT ---        1 age.t17.301 sex 192 0.266129032258065 0 0 0 0 0 0 0 0 0 
  INPUT ---       0;
  INPUT ---        1 age.t17.501 sex 198 0.198581560283688 0 0 0 0 0 0 0 0 0 
  INPUT ---       0;
  INPUT ---        1 age.t17.701 sex 198 0.293333333333333 0 0 0 0 0 0 0 0 0 
  INPUT ---       0;
  INPUT ---        1 age.t17.901 sex 198 0.202453987730061 0 0 0 0 0 0 0 0 0 
  INPUT ---       0;
  INPUT ---        0 0 0 0 0 1 0 0 0 0 0 0 0 0 0;
  INPUT ---        0 0 0 0 0 0 1 0 0 0 0 0 0 0 0;
  INPUT ---        0 0 0 0 0 0 1 1 0 0 0 0 0 0 0;
  INPUT ---        0 0 0 0 0 0 1 0 1 0 0 0 0 0 0;
  INPUT ---        0 0 0 0 0 0 1 0 0 1 0 0 0 0 0;
  INPUT ---        0 0 0 0 0 0 1 0 0 0 1 0 0 0 0;
  INPUT ---        0 0 0 0 0 0 1 0 0 0 0 1 0 0 0;
  INPUT ---        0 0 0 0 0 0 0 0 0 0 0 0 1 0 0;
  INPUT ---        0 0 0 0 0 0 0 0 0 0 0 0 0 1 0;
  INPUT ---        0 0 0 0 0 0 0 0 0 0 0 0 0 0 1;
  INPUT ---        0 0 0 0 0 0 0 0 0 0 0 0 0 0 0;
  INPUT ---        0 0 0 0 0 0 0 0 0 0 0 0 0 0 0;

  INPUT ---    links=42;

  INPUT ---    Log;

  INPUT ---    Log;

  INPUT ---    Log;

  INPUT ---    Log;

  INPUT ---    Log;

  INPUT ---    Log;

  INPUT ---    Log;

  INPUT ---    Log;

  INPUT ---    Log;

  INPUT ---    Log;

  INPUT ---    Log;

  Program  MARK  - Survival Rate Estimation with Capture-Recapture Data
   gfortran(Win64) Vers. 8.1 Mar 2016    5-Aug-2016 15:45:44    Page  007
 - - - - - - - - - - - - - - - - - - - - - - - - - - - - - - - - - - - - - -
 

  INPUT ---    Log;

  INPUT ---    Log;

  INPUT ---    Log;

  INPUT ---    Log;

  INPUT ---    Log;

  INPUT ---    Log;

  INPUT ---    Log;

  INPUT ---    Log;

  INPUT ---    Log;

  INPUT ---    Log;

  INPUT ---    Log;

  INPUT ---    Log;

  INPUT ---    Log;

  INPUT ---    Log;

  INPUT ---    Log;

  INPUT ---    Log;

  INPUT ---    Log;

  INPUT ---    Log;

  INPUT ---    Log;

  INPUT ---    Log;

  INPUT ---    Log;

  INPUT ---    Log;

  INPUT ---    Log;

  Program  MARK  - Survival Rate Estimation with Capture-Recapture Data
   gfortran(Win64) Vers. 8.1 Mar 2016    5-Aug-2016 15:45:44    Page  008
 - - - - - - - - - - - - - - - - - - - - - - - - - - - - - - - - - - - - - -
 

  INPUT ---    Log;

  INPUT ---    Log;

  INPUT ---    Log;

  INPUT ---    Logit;

  INPUT ---    Logit;

  INPUT ---    Logit;

  INPUT ---    Logit;

  INPUT ---    Logit;
  INPUT ---       blabel(1)=alpha:(Intercept);
  INPUT ---       blabel(2)=alpha:age.t;
  INPUT ---       blabel(3)=alpha:sex;
  INPUT ---       blabel(4)=alpha:effort.trapdays;
  INPUT ---       blabel(5)=alpha:recordloss.agout.total;
  INPUT ---       blabel(6)=sigma:(Intercept);
  INPUT ---       blabel(7)=U:(Intercept);
  INPUT ---       blabel(8)=U:sample_monthB;
  INPUT ---       blabel(9)=U:sample_monthC;
  INPUT ---       blabel(10)=U:sample_monthD;
  INPUT ---       blabel(11)=U:sample_monthE;
  INPUT ---       blabel(12)=U:sample_monthF;
  INPUT ---       blabel(13)=Phi:(Intercept);
  INPUT ---       blabel(14)=GammaDoublePrime:(Intercept);
  INPUT ---       blabel(15)=GammaPrime:(Intercept);
  INPUT ---       rlabel(1)=alpha g1 a0 t1;
  INPUT ---       rlabel(2)=alpha g1 a0.2 t1.2;
  INPUT ---       rlabel(3)=alpha g1 a0.4 t1.4;
  INPUT ---       rlabel(4)=alpha g1 a0.6 t1.6;
  INPUT ---       rlabel(5)=alpha g1 a0.8 t1.8;
  INPUT ---       rlabel(6)=alpha g1 a2.8 t3.8;
  INPUT ---       rlabel(7)=alpha g1 a3 t4;
  INPUT ---       rlabel(8)=alpha g1 a3.2 t4.2;
  INPUT ---       rlabel(9)=alpha g1 a3.4 t4.4;
  INPUT ---       rlabel(10)=alpha g1 a3.6 t4.6;
  INPUT ---       rlabel(11)=alpha g1 a6.1 t7.1;
  INPUT ---       rlabel(12)=alpha g1 a6.3 t7.3;
  INPUT ---       rlabel(13)=alpha g1 a6.5 t7.5;
  INPUT ---       rlabel(14)=alpha g1 a6.7 t7.7;
  INPUT ---       rlabel(15)=alpha g1 a6.9 t7.9;

  Program  MARK  - Survival Rate Estimation with Capture-Recapture Data
   gfortran(Win64) Vers. 8.1 Mar 2016    5-Aug-2016 15:45:44    Page  009
 - - - - - - - - - - - - - - - - - - - - - - - - - - - - - - - - - - - - - -
 
  INPUT ---       rlabel(16)=alpha g1 a9.567 t10.567;
  INPUT ---       rlabel(17)=alpha g1 a9.767 t10.767;
  INPUT ---       rlabel(18)=alpha g1 a9.967 t10.967;
  INPUT ---       rlabel(19)=alpha g1 a10.167 t11.167;
  INPUT ---       rlabel(20)=alpha g1 a10.367 t11.367;
  INPUT ---       rlabel(21)=alpha g1 a12.134 t13.134;
  INPUT ---       rlabel(22)=alpha g1 a12.334 t13.334;
  INPUT ---       rlabel(23)=alpha g1 a12.534 t13.534;
  INPUT ---       rlabel(24)=alpha g1 a12.734 t13.734;
  INPUT ---       rlabel(25)=alpha g1 a12.934 t13.934;
  INPUT ---       rlabel(26)=alpha g1 a16.101 t17.101;
  INPUT ---       rlabel(27)=alpha g1 a16.301 t17.301;
  INPUT ---       rlabel(28)=alpha g1 a16.501 t17.501;
  INPUT ---       rlabel(29)=alpha g1 a16.701 t17.701;
  INPUT ---       rlabel(30)=alpha g1 a16.901 t17.901;
  INPUT ---       rlabel(31)=sigma g1 a0 t1;
  INPUT ---       rlabel(32)=U g1 a0 t1;
  INPUT ---       rlabel(33)=U g1 a2.8 t3.8;
  INPUT ---       rlabel(34)=U g1 a6.1 t7.1;
  INPUT ---       rlabel(35)=U g1 a9.567 t10.567;
  INPUT ---       rlabel(36)=U g1 a12.134 t13.134;
  INPUT ---       rlabel(37)=U g1 a16.101 t17.101;
  INPUT ---       rlabel(38)=Phi g1 c1 a0.8 t1.8;
  INPUT ---       rlabel(39)=Gamma'' g1 c1 a0.8 t1.8;
  INPUT ---       rlabel(40)=Gamma' g1 c1 a0.8 t1.8;
  INPUT ---       rlabel(41)=Phi g1 c1 a0 t1;
  INPUT ---       rlabel(42)=Gamma'' g1 c1 a0 t1;

 Link Function Used is PARM-SPECIFIC

 Variance Estimation Procedure Used is 2ndPart 

 M(t+1):
 Group=Group 1                                                                         
       3      3      3      2      3      5      5      5      2      5      5
       4      4      4      4     10      7      7      7      5      5      5
       5      3      4      5      5      5      4      5


 -2logL(saturated) = -0.0000000    
 Effective Sample Size = 169
 Results from first iteration:
  -2logL Initial { alpha(~1 + age.t + sex + effort.trapdays + recordloss.agout.total)sigma(~1)U(~sample_month)Phi(~1)Gamma''(~1)Gamma'(~1) } = 1138.4459     
  Penalty Initial { alpha(~1 + age.t + sex + effort.trapdays + recordloss.agout.total)sigma(~1)U(~sample_month)Phi(~1)Gamma''(~1)Gamma'(~1) } = -0.0000000    

 Number of function evaluations was 28 for 15 parameters.
 Time for numerical optimization was 2.67 seconds.

  Program  MARK  - Survival Rate Estimation with Capture-Recapture Data
   gfortran(Win64) Vers. 8.1 Mar 2016    5-Aug-2016 15:45:46    Page  010
 - - - - - - - - - - - - - - - - - - - - - - - - - - - - - - - - - - - - - -
 
 -2logL { alpha(~1 + age.t + sex + effort.trapdays + recordloss.agout.total)sigma(~1)U(~sample_month)Phi(~1)Gamma''(~1)Gamma'(~1) } = 1056.1449     
 Penalty { alpha(~1 + age.t + sex + effort.trapdays + recordloss.agout.total)sigma(~1)U(~sample_month)Phi(~1)Gamma''(~1)Gamma'(~1) } = -0.0000000    

   * *  WARNING  * *   Numerical underflow occurred during optimization of this model. 
     IEEE flag status at end of optimization:
     overflow       F
     divide by zero F
     invalid        F
     underflow      T
     inexact        T

 Gradient { alpha(~1 + age.t + sex + effort.trapdays + recordloss.agout.total)sigma(~1)U(~sample_month)Phi(~1)Gamma''(~1)Gamma'(~1) }:
 -0.3464032E-04 0.1226095E-03-0.4813550E-04 0.1166092E-03 0.5731895E-05
  0.3901674E-04 0.1376775E-03-0.3654896E-04 0.3268781E-04 0.7644286E-04
   0.000000     0.1150116E-03  0.000000     0.5764448E-05  0.000000    
 S Vector { alpha(~1 + age.t + sex + effort.trapdays + recordloss.agout.total)sigma(~1)U(~sample_month)Phi(~1)Gamma''(~1)Gamma'(~1) }:
   6306.955      375.1656      290.7663      261.4121      242.3366    
   197.5704      61.17480      42.50854      29.82493      11.21109    
   6.136825      4.478056      2.402590     0.9499818     0.5404024E-08
 Time to compute number of parameters was 2.19 seconds.
   Threshold =  0.3200000E-06     Condition index =  0.8568356E-12     New Threshold =  0.2092969E-07
 New Guessimate of Estimated Parameters { alpha(~1 + age.t + sex + effort.trapdays + recordloss.agout.total)sigma(~1)U(~sample_month)Phi(~1)Gamma''(~1)Gamma'(~1) } = 14          
 Conditioned S Vector { alpha(~1 + age.t + sex + effort.trapdays + recordloss.agout.total)sigma(~1)U(~sample_month)Phi(~1)Gamma''(~1)Gamma'(~1) }:
   1.000000     0.5948443E-01 0.4610249E-01 0.4144823E-01 0.3842371E-01
  0.3132579E-01 0.9699579E-02 0.6739947E-02 0.4728896E-02 0.1777576E-02
  0.9730251E-03 0.7100187E-03 0.3809430E-03 0.1506245E-03 0.8568356E-12
 Number of Estimated Parameters { alpha(~1 + age.t + sex + effort.trapdays + recordloss.agout.total)sigma(~1)U(~sample_month)Phi(~1)Gamma''(~1)Gamma'(~1) } = 14          
 DEVIANCE { alpha(~1 + age.t + sex + effort.trapdays + recordloss.agout.total)sigma(~1)U(~sample_month)Phi(~1)Gamma''(~1)Gamma'(~1) } = 1056.1449                     
 DEVIANCE Degrees of Freedom { alpha(~1 + age.t + sex + effort.trapdays + recordloss.agout.total)sigma(~1)U(~sample_month)Phi(~1)Gamma''(~1)Gamma'(~1) } = 0            
 c-hat { alpha(~1 + age.t + sex + effort.trapdays + recordloss.agout.total)sigma(~1)U(~sample_month)Phi(~1)Gamma''(~1)Gamma'(~1) } = 1.0000000                     
 AIC { alpha(~1 + age.t + sex + effort.trapdays + recordloss.agout.total)sigma(~1)U(~sample_month)Phi(~1)Gamma''(~1)Gamma'(~1) } = 1084.1449                  
 AICc { alpha(~1 + age.t + sex + effort.trapdays + recordloss.agout.total)sigma(~1)U(~sample_month)Phi(~1)Gamma''(~1)Gamma'(~1) } = 1086.8722                    
 BIC { alpha(~1 + age.t + sex + effort.trapdays + recordloss.agout.total)sigma(~1)U(~sample_month)Phi(~1)Gamma''(~1)Gamma'(~1) } = 1127.9635                    
 Pearson Chisquare { alpha(~1 + age.t + sex + effort.trapdays + recordloss.agout.total)sigma(~1)U(~sample_month)Phi(~1)Gamma''(~1)Gamma'(~1) } = 0.1434100E+034             

   * *  WARNING  * *   Numerical underflow occurred during variance-covariance calculation of this model. 
     IEEE flag status at end of variance-covariance calculation:
     overflow       F
     divide by zero F
     invalid        F
     underflow      T
     inexact        T



 PARM-SPECIFIC Link Function Parameters of { alpha(~1 + age.t + sex + effort.trapdays + recordloss.agout.total)sigma(~1)U(~sample_month)Phi(~1)Gamma''(~1)Gamma'(~1) }
                                                              95% Confidence Interval
 Parameter                    Beta         Standard Error      Lower           Upper
 -------------------------  --------------  --------------  --------------  --------------
    1:alpha:(Intercept)     0.3127689       0.3894575       -0.4505678      1.0761057     
    2:alpha:age.t           0.2981180       0.1565835       -0.0087857      0.6050217     
    3:alpha:sex             0.4170851       0.1956214       0.0336670       0.8005031     
    4:alpha:effort.trapday  0.0038126       0.0018421       0.2021243E-003  0.0074230     
    5:alpha:recordloss.ago  -2.9668151      0.5662553       -4.0766755      -1.8569548    
    6:sigma:(Intercept)     -0.7482777      0.1308848       -1.0048119      -0.4917435    

  Program  MARK  - Survival Rate Estimation with Capture-Recapture Data
   gfortran(Win64) Vers. 8.1 Mar 2016    5-Aug-2016 15:45:48    Page  011
 - - - - - - - - - - - - - - - - - - - - - - - - - - - - - - - - - - - - - -
 
    7:U:(Intercept)         2.6332896       0.1383054       2.3622110       2.9043682     
    8:U:sample_monthB       0.2442141       0.1256553       -0.0020703      0.4904985     
    9:U:sample_monthC       0.3911834       0.1501063       0.0969750       0.6853918     
   10:U:sample_monthD       0.7846560       0.1419638       0.5064069       1.0629051     
   11:U:sample_monthE       0.2682869       0.1696823       -0.0642904      0.6008643     
   12:U:sample_monthF       0.5815709       0.1724549       0.2435592       0.9195826     
   13:Phi:(Intercept)       2.0066650       0.4036715       1.2154687       2.7978612     
   14:GammaDoublePrime:(In  -2.9444139      1.0259882       -4.9553508      -0.9334770    
   15:GammaPrime:(Intercep  17.724958       0.0000000       17.724958       17.724958     


 Real Function Parameters of { alpha(~1 + age.t + sex + effort.trapdays + recordloss.agout.total)sigma(~1)U(~sample_month)Phi(~1)Gamma''(~1)Gamma'(~1) }

  Program  MARK  - Survival Rate Estimation with Capture-Recapture Data
   gfortran(Win64) Vers. 8.1 Mar 2016    5-Aug-2016 15:45:48    Page  012
 - - - - - - - - - - - - - - - - - - - - - - - - - - - - - - - - - - - - - -
 

      Following estimates based on unstandardized individual covariate values:
          Variable   Value         
          ---------  ------------- 
          AGE.T1     1.0000000     
          AGE.T1.2   1.0000000     
          AGE.T1.4   1.0000000     
          AGE.T1.6   1.0000000     
          AGE.T1.8   1.0000000     
          AGE.T3.8   1.0000000     
          AGE.T4     1.0000000     
          AGE.T4.2   1.0000000     
          AGE.T4.4   1.0000000     
          AGE.T4.6   1.0000000     
          AGE.T7.1   0.8333333     
          AGE.T7.3   0.8333333     
          AGE.T7.5   0.8333333     
          AGE.T7.7   0.8333333     
          AGE.T7.9   0.8333333     
          AGE.T10.56 0.6666667     
          AGE.T10.76 0.6666667     
          AGE.T10.96 0.6666667     
          AGE.T11.16 0.6666667     
          AGE.T11.36 0.6666667     
          AGE.T13.13 1.0000000     
          AGE.T13.33 1.0000000     
          AGE.T13.53 1.0000000     
          AGE.T13.73 1.0000000     
          AGE.T13.93 1.0000000     
          AGE.T17.10 0.9230769     
          AGE.T17.30 0.9230769     
          AGE.T17.50 0.9230769     
          AGE.T17.70 0.9230769     
          AGE.T17.90 0.9230769     
          SEX        0.8461538     
                                                               95% Confidence Interval
  Parameter                  Estimate       Standard Error      Lower           Upper
 --------------------------  --------------  --------------  --------------  --------------
     1:alpha g1 a0 t1        2.1767806       0.3163319       1.6396859       2.8898058                           
     2:alpha g1 a0.2 t1.2    2.5884785       0.3444126       1.9965562       3.3558891                           
     3:alpha g1 a0.4 t1.4    3.1934244       0.3380397       2.5965818       3.9274555                           
     4:alpha g1 a0.6 t1.6    2.5265262       0.2657026       2.0570812       3.1031029                           
     5:alpha g1 a0.8 t1.8    2.4600341       0.2768623       1.9744355       3.0650622                           
     6:alpha g1 a2.8 t3.8    3.5311258       0.3416367       2.9224670       4.2665492                           
     7:alpha g1 a3 t4        3.3661099       0.3179434       2.7983735       4.0490291                           
     8:alpha g1 a3.2 t4.2    2.5579347       0.2509913       2.1113769       3.0989398                           
     9:alpha g1 a3.4 t4.4    3.3222802       0.3543739       2.6971005       4.0923748                           
    10:alpha g1 a3.6 t4.6    3.2506827       0.3033211       2.7084425       3.9014815                           
    11:alpha g1 a6.1 t7.1    3.3425098       0.2923283       2.8168838       3.9662167                           

  Program  MARK  - Survival Rate Estimation with Capture-Recapture Data
   gfortran(Win64) Vers. 8.1 Mar 2016    5-Aug-2016 15:45:48    Page  013
 - - - - - - - - - - - - - - - - - - - - - - - - - - - - - - - - - - - - - -
 
    12:alpha g1 a6.3 t7.3    3.1699347       0.2419288       2.7301083       3.6806181                           
    13:alpha g1 a6.5 t7.5    2.6280824       0.2052303       2.2556274       3.0620381                           
    14:alpha g1 a6.7 t7.7    3.7416380       0.3469223       3.1210900       4.4855660                           
    15:alpha g1 a6.9 t7.9    3.2666682       0.2601964       2.7951885       3.8176749                           
    16:alpha g1 a9.567 t10.  2.7197811       0.2206301       2.3205769       3.1876597                           
    17:alpha g1 a9.767 t10.  2.8873513       0.2394400       2.4548869       3.3960008                           
    18:alpha g1 a9.967 t10.  2.7085938       0.2196885       2.3110883       3.1744698                           
    19:alpha g1 a10.167 t11  2.2944811       0.1994006       1.9357489       2.7196935                           
    20:alpha g1 a10.367 t11  2.1686656       0.2064176       1.8003411       2.6123442                           
    21:alpha g1 a12.134 t13  3.7528378       0.3797792       3.0791989       4.5738492                           
    22:alpha g1 a12.334 t13  2.9182494       0.2396810       2.4850085       3.4270222                           
    23:alpha g1 a12.534 t13  2.6993199       0.2554071       2.2433261       3.2480022                           
    24:alpha g1 a12.734 t13  2.4099269       0.2403025       1.9830597       2.9286801                           
    25:alpha g1 a12.934 t13  2.1687407       0.2294883       1.7635409       2.6670412                           
    26:alpha g1 a16.101 t17  3.5454961       0.3412524       2.9372204       4.2797410                           
    27:alpha g1 a16.301 t17  2.4189471       0.2204814       2.0239526       2.8910288                           
    28:alpha g1 a16.501 t17  3.0240854       0.2808645       2.5217744       3.6264516                           
    29:alpha g1 a16.701 t17  2.2830168       0.2288624       1.8766857       2.7773247                           
    30:alpha g1 a16.901 t17  2.9895412       0.2767748       2.4943998       3.5829688                           
    31:sigma g1 a0 t1        0.4731808       0.0619322       0.3665122       0.6108938                           
    32:U g1 a0 t1            13.919484       1.9251400       10.628022       18.230302                           
    33:U g1 a2.8 t3.8        17.769859       2.0435852       14.194265       22.246159                           
    34:U g1 a6.1 t7.1        20.583155       1.7451878       17.436882       24.297134                           
    35:U g1 a9.567 t10.567   30.506678       2.2696368       26.372628       35.288763                           
    36:U g1 a12.134 t13.134  18.202820       1.6735556       15.206979       21.788856                           
    37:U g1 a16.101 t17.101  24.899819       2.3111224       20.766259       29.856170                           
    38:Phi g1 c1 a0.8 t1.8   0.8814951       0.0421681       0.7712651       0.9425601                           
    39:Gamma'' g1 c1 a0.8 t  0.0500012       0.0487355       0.0069963       0.2822198                           
    40:Gamma' g1 c1 a0.8 t1  1.0000000       0.0000000       1.0000000       1.0000000                           
    41:Phi g1 c1 a0 t1       1.0000000       0.0000000       1.0000000       1.0000000       Fixed               
    42:Gamma'' g1 c1 a0 t1   0.0000000       0.0000000       0.0000000       0.0000000       Fixed               

  Program  MARK  - Survival Rate Estimation with Capture-Recapture Data
   gfortran(Win64) Vers. 8.1 Mar 2016    5-Aug-2016 15:45:48    Page  014
 - - - - - - - - - - - - - - - - - - - - - - - - - - - - - - - - - - - - - -
 


                      Estimates of Derived Parameters
 Population Estimates of { alpha(~1 + age.t + sex + effort.trapdays + recordloss.agout.total)sigma(~1)U(~sample_month)Phi(~1)Gamma''(~1)Gamma'(~1) }
                                                95% Confidence Interval
 Grp. Occ.   N-hat           Standard Error      Lower           Upper
 ---- ----   --------------  --------------  --------------  --------------
   1     1   16.919484       1.9251411       13.547052       21.131457     
   1     2   16.919484       1.9251411       13.547052       21.131457     
   1     3   16.919484       1.9251411       13.547052       21.131457     
   1     4   16.148922       1.9623170       12.737603       20.473844     
   1     5   16.919484       1.9251411       13.547052       21.131457     
   1     6   22.769859       2.0435860       19.103683       27.139608     
   1     7   22.769859       2.0435860       19.103683       27.139608     
   1     8   22.769859       2.0435860       19.103683       27.139608     
   1     9   19.885387       2.0668956       16.229149       24.365333     
   1    10   22.769859       2.0435860       19.103683       27.139608     
   1    11   25.891751       1.7875686       22.618467       29.638736     
   1    12   24.875000       1.7828030       21.618924       28.621481     
   1    13   25.021273       1.7878463       21.755284       28.777565     
   1    14   24.780328       1.7778183       21.533589       28.516595     
   1    15   24.855626       1.7821588       21.600824       28.600862     
   1    16   38.285469       2.3749478       33.906381       43.230127     
   1    17   38.164761       2.3535343       33.823591       43.063109     
   1    18   38.292027       2.3756516       33.911674       43.238187     
   1    19   38.552542       2.3924422       34.141301       43.533739     
   1    20   36.368089       2.3811632       31.992450       41.342188     
   1    21   22.447146       1.7097487       19.338357       26.055697     
   1    22   23.704144       1.7353382       20.539574       27.356285     
   1    23   23.681384       1.7442940       20.501893       27.353959     
   1    24   21.573755       1.7247669       18.449366       25.227257     
   1    25   22.954134       1.7666237       19.744458       26.685578     
   1    26   30.185707       2.3597062       25.903622       35.175655     
   1    27   30.557946       2.4013331       26.202090       35.637923     
   1    28   30.311999       2.3793331       25.995673       35.345008     
   1    29   29.493792       2.3960944       25.158856       34.575649     
   1    30   30.322570       2.3806243       26.003967       35.358385     
 Mean Resighting Rate Estimates of { alpha(~1 + age.t + sex + effort.trapdays + recordloss.agout.total)sigma(~1)U(~sample_month)Phi(~1)Gamma''(~1)Gamma'(~1) }
                                                95% Confidence Interval
 Grp. Occ.   Lambda-hat      Standard Error      Lower           Upper
 ---- ----   --------------  --------------  --------------  --------------
   1     1   2.4346355       0.3381495       1.8568278       3.1922454     
   1     2   2.8951019       0.3659490       2.2620058       3.7053905     
   1     3   3.5717078       0.3493707       2.9499271       4.3245465     
   1     4   2.8258109       0.2721360       2.3407598       3.4113739     
   1     5   2.7514423       0.2869247       2.2440580       3.3735468     
   1     6   3.9494123       0.3478972       3.3242601       4.6921290     
   1     7   3.7648491       0.3215065       3.1855780       4.4494557     
   1     8   2.8609399       0.2532978       2.4059797       3.4019311     
   1     9   3.7158275       0.3671615       3.0630272       4.5077542     

  Program  MARK  - Survival Rate Estimation with Capture-Recapture Data
   gfortran(Win64) Vers. 8.1 Mar 2016    5-Aug-2016 15:45:48    Page  015
 - - - - - - - - - - - - - - - - - - - - - - - - - - - - - - - - - - - - - -
 
   1    10   3.6357488       0.3054332       3.0846808       4.2852633     
   1    11   4.1135698       0.2905426       3.5823824       4.7235204     
   1    12   3.7779947       0.2251060       3.3619234       4.2455590     
   1    13   3.3886955       0.1953874       3.0268666       3.7937770     
   1    14   4.8987984       0.3530066       4.2543225       5.6409043     
   1    15   4.5882218       0.2561105       4.1130800       5.1182519     
   1    16   3.5590830       0.2117387       3.1676838       3.9988436     
   1    17   4.1448274       0.2380417       3.7039099       4.6382322     
   1    18   3.8044884       0.2155685       3.4048937       4.2509791     
   1    19   3.1882894       0.2013069       2.8175120       3.6078600     
   1    20   2.9404141       0.2139353       2.5501067       3.3904603     
   1    21   5.6257713       0.4061778       4.8843244       6.4797709     
   1    22   3.6308291       0.2347805       3.1990491       4.1208870     
   1    23   3.3805084       0.2608900       2.9066117       3.9316697     
   1    24   3.2829534       0.2551725       2.8196953       3.8223219     
   1    25   4.1418425       0.2833052       3.6227435       4.7353225     
   1    26   4.3436839       0.3477183       3.7138624       5.0803146     
   1    27   2.7054883       0.2145390       2.3166042       3.1596536     
   1    28   3.9361190       0.2866862       3.4131236       4.5392533     
   1    29   3.2057406       0.2453408       2.7598047       3.7237319     
   1    30   3.8963819       0.2823820       3.3810542       4.4902539     
 Pr(Captured 1 or more times) of { alpha(~1 + age.t + sex + effort.trapdays + recordloss.agout.total)sigma(~1)U(~sample_month)Phi(~1)Gamma''(~1)Gamma'(~1) }
                                                95% Confidence Interval
 Grp. Occ.      p*-hat       Standard Error      Lower           Upper
 ---- ----   --------------  --------------  --------------  --------------
   1     1   0.2895122       0.0115440       0.2674197       0.3126510     
   1     2   0.3012139       0.0090632       0.2837534       0.3192700     
   1     3   0.3124344       0.0059671       0.3008600       0.3242476     
   1     4   0.4485436       0.0117789       0.4255838       0.4717248     
   1     5   0.2980055       0.0083973       0.2818124       0.3147213     
   1     6   0.1902196       0.0029217       0.1845589       0.1960123     
   1     7   0.1890713       0.0030848       0.1830991       0.1951918     
   1     8   0.1806122       0.0043776       0.1721904       0.1893518     
   1     9   0.4726952       0.0083389       0.4563860       0.4890629     
   1    10   0.1881755       0.0032114       0.1819618       0.1945509     
   1    11   0.1917240       0.0023478       0.1871643       0.1963680     
   1    12   0.2362122       0.0034329       0.2295500       0.2430067     
   1    13   0.2334605       0.0036608       0.2263620       0.2407123     
   1    14   0.2438512       0.0020540       0.2398479       0.2478995     
   1    15   0.2431068       0.0019996       0.2392091       0.2470474     
   1    16   0.1331577       0.0023069       0.1287008       0.1377445     
   1    17   0.1373816       0.0014250       0.1346124       0.1401985     
   1    18   0.1355300       0.0017993       0.1320419       0.1390953     
   1    19   0.1320794       0.0022610       0.1277105       0.1365744     
   1    20   0.1811515       0.0042409       0.1729875       0.1896126     
   1    21   0.2461691       0.0013939       0.2434473       0.2489113     
   1    22   0.1867886       0.0030460       0.1808919       0.1928323     
   1    23   0.1874113       0.0031462       0.1813227       0.1936559     
   1    24   0.3117052       0.0052540       0.3015016       0.3220948     
   1    25   0.2406075       0.0027128       0.2353307       0.2459647     

  Program  MARK  - Survival Rate Estimation with Capture-Recapture Data
   gfortran(Win64) Vers. 8.1 Mar 2016    5-Aug-2016 15:45:48    Page  016
 - - - - - - - - - - - - - - - - - - - - - - - - - - - - - - - - - - - - - -
 
   1    26   0.1923166       0.0023434       0.1877653       0.1969515     
   1    27   0.1767369       0.0046302       0.1678438       0.1859959     
   1    28   0.1907210       0.0025008       0.1858676       0.1956707     
   1    29   0.2317929       0.0042896       0.2234921       0.2403067     
   1    30   0.1904893       0.0025352       0.1855699       0.1955079     

 Attempted ordering of parameters by estimatibility:
   1  7 10 12  9 11  6  8  2  3  4 13  5 14 15
 Beta number 15 is a singular value.

     CPU Time in seconds for last procedure was 5.08


  INPUT --- proc stop;

   * *  WARNING  * *   Numerical underflow occurred during final processing of this model. 
     IEEE flag status at final processing of this model:
     overflow       F
     divide by zero F
     invalid        F
     underflow      T
     inexact        T


     CPU Time in minutes for this job was 0.08

     Time Start = 15:45:44.869   Time End = 15:45:48.542

     Wall Clock Time in minutes for this job was 0.06


          E X E C U T I O N   S U C C E S S F U L 
