
   Program  MARK  - Survival Rate Estimation with Capture-Recapture Data
   gfortran(Win64) Vers. 8.1 Mar 2016    5-Aug-2016 15:43:22    Page  001
 - - - - - - - - - - - - - - - - - - - - - - - - - - - - - - - - - - - - - -
 
   This version was compiled by GCC version 5.3.0 using the options: 
     -cpp -iprefix c:\tdm-gcc-64\gcc\bin\../lib/gcc/x86_64-w64-mingw32/5.3.0/ -D_MT
     -U_REENTRANT -D IEEE -m64 -mtune=generic -march=x86-64 -mthreads -O2
     -fimplicit-none -fbounds-check -funroll-loops -ftree-vectorize
     -ffpe-summary=invalid,zero,overflow,underflow -fno-unsafe-math-optimizations
     -frounding-math -fsignaling-nans -fopenmp.

   This problem will use 3 of 4 possible threads.


  INPUT --- proc title ;

     CPU Time in seconds for last procedure was 0.00


  INPUT --- proc chmatrix occasions= 30 groups= 1 etype= PoissonMR 
  INPUT --- icovar = 30 ICMeans NoHist  hist= 14 ;

  INPUT ---    time interval 0.2 0.2 0.2 0.2 2 0.2 0.2 0.2 0.2 2.5 0.2 0.2 
  INPUT ---    0.2 0.2 2.667 0.2 0.2 0.2  0.2 1.767 0.2 0.2 0.2 0.2 3.167 
  INPUT ---    0.2 0.2 0.2 0.2 ;

  INPUT ---     icovariates age.t1 age.t1.2 age.t1.4 age.t1.6  age.t1.8 
  INPUT ---    age.t3.8 age.t4 age.t4.2 age.t4.4 age.t4.6 age.t7.1 
  INPUT ---    age.t7.3 age.t7.5 age.t7.7 age.t7.9  age.t10.567 
  INPUT ---    age.t10.767 age.t10.967 age.t11.167 age.t11.367 age.t13.134 
  INPUT ---    age.t13.334 age.t13.534  age.t13.734 age.t13.934 
  INPUT ---    age.t17.101 age.t17.301 age.t17.501 age.t17.701 age.t17.901 
  INPUT ---    ;

  INPUT ---    glabel(1)=Group 1;

      Number of unique encounter histories read was 14.

      Number of individual covariates read was 30.
      Time interval lengths vary and/or not equal to 1.

      Data type number is 115
      Data type is Poisson Mark Resight with Robust Design                                                             

     CPU Time in seconds for last procedure was 0.02

  Program  MARK  - Survival Rate Estimation with Capture-Recapture Data
   gfortran(Win64) Vers. 8.1 Mar 2016    5-Aug-2016 15:43:22    Page  002
 - - - - - - - - - - - - - - - - - - - - - - - - - - - - - - - - - - - - - -
 


  INPUT --- proc estimate link=Parm-Specific NOLOOP varest=2ndPart    ;


  INPUT --- model={ alpha(~1 + age.t + 
  INPUT --- effort.trapdays)sigma(~1)U(~sample_month)Phi(~1)Gamma''(~1)G
  INPUT --- amma'(~1) };

  INPUT ---    fixed=2;
  INPUT ---        parm(41)=1 ;
  INPUT ---        parm(42)=0 ;

  INPUT ---    group=1 alpha    rows=1 cols=30 Square ;
  INPUT ---        1 2 3 4 5 6 7 8 9 10 11 12 13 14 15 16 17 18 19 20 21 22 
  INPUT ---       23 24 25 26 27 28 29 30 ;

  INPUT ---    group=1 sigma    rows=1 cols=30 Square ;
  INPUT ---        31 31 31 31 31 31 31 31 31 31 31 31 31 31 31 31 31 31 31 
  INPUT ---       31 31 31 31 31 31 31 31 31 31 31 ;

  INPUT ---    group=1 U    rows=1 cols=30 Square ;
  INPUT ---        32 32 32 32 32 33 33 33 33 33 34 34 34 34 34 35 35 35 35 
  INPUT ---       35 36 36 36 36 36 37 37 37 37 37 ;

  INPUT ---    group=1 Phi    rows=29 cols=29 Triang ;
  INPUT ---        41 41 41 41 38 41 41 41 41 38 41 41 41 41 38 41 41 41 41 
  INPUT ---       38 41 41 41 41 38 41 41 41 41 ;
  INPUT ---        41 41 41 41 41 41 41 41 41 41 41 41 41 41 41 41 41 41 41 
  INPUT ---       41 41 41 41 41 41 41 41 41 ;
  INPUT ---        41 41 41 41 41 41 41 41 41 41 41 41 41 41 41 41 41 41 41 
  INPUT ---       41 41 41 41 41 41 41 41 ;
  INPUT ---        41 41 41 41 41 41 41 41 41 41 41 41 41 41 41 41 41 41 41 
  INPUT ---       41 41 41 41 41 41 41 ;
  INPUT ---        41 41 41 41 41 41 41 41 41 41 41 41 41 41 41 41 41 41 41 
  INPUT ---       41 41 41 41 41 41 ;
  INPUT ---        41 41 41 41 38 41 41 41 41 38 41 41 41 41 38 41 41 41 41 
  INPUT ---       38 41 41 41 41 ;
  INPUT ---        41 41 41 41 41 41 41 41 41 41 41 41 41 41 41 41 41 41 41 
  INPUT ---       41 41 41 41 ;
  INPUT ---        41 41 41 41 41 41 41 41 41 41 41 41 41 41 41 41 41 41 41 
  INPUT ---       41 41 41 ;
  INPUT ---        41 41 41 41 41 41 41 41 41 41 41 41 41 41 41 41 41 41 41 
  INPUT ---       41 41 ;
  INPUT ---        41 41 41 41 41 41 41 41 41 41 41 41 41 41 41 41 41 41 41 
  INPUT ---       41 ;

  Program  MARK  - Survival Rate Estimation with Capture-Recapture Data
   gfortran(Win64) Vers. 8.1 Mar 2016    5-Aug-2016 15:43:22    Page  003
 - - - - - - - - - - - - - - - - - - - - - - - - - - - - - - - - - - - - - -
 
  INPUT ---        41 41 41 41 38 41 41 41 41 38 41 41 41 41 38 41 41 41 41 ;
  INPUT ---        41 41 41 41 41 41 41 41 41 41 41 41 41 41 41 41 41 41 ;
  INPUT ---        41 41 41 41 41 41 41 41 41 41 41 41 41 41 41 41 41 ;
  INPUT ---        41 41 41 41 41 41 41 41 41 41 41 41 41 41 41 41 ;
  INPUT ---        41 41 41 41 41 41 41 41 41 41 41 41 41 41 41 ;
  INPUT ---        41 41 41 41 38 41 41 41 41 38 41 41 41 41 ;
  INPUT ---        41 41 41 41 41 41 41 41 41 41 41 41 41 ;
  INPUT ---        41 41 41 41 41 41 41 41 41 41 41 41 ;
  INPUT ---        41 41 41 41 41 41 41 41 41 41 41 ;
  INPUT ---        41 41 41 41 41 41 41 41 41 41 ;
  INPUT ---        41 41 41 41 38 41 41 41 41 ;
  INPUT ---        41 41 41 41 41 41 41 41 ;
  INPUT ---        41 41 41 41 41 41 41 ;
  INPUT ---        41 41 41 41 41 41 ;
  INPUT ---        41 41 41 41 41 ;
  INPUT ---        41 41 41 41 ;
  INPUT ---        41 41 41 ;
  INPUT ---        41 41 ;
  INPUT ---        41 ;

  INPUT ---    group=1 Gamma''    rows=29 cols=29 Triang ;
  INPUT ---        42 42 42 42 39 42 42 42 42 39 42 42 42 42 39 42 42 42 42 
  INPUT ---       39 42 42 42 42 39 42 42 42 42 ;
  INPUT ---        42 42 42 42 42 42 42 42 42 42 42 42 42 42 42 42 42 42 42 
  INPUT ---       42 42 42 42 42 42 42 42 42 ;
  INPUT ---        42 42 42 42 42 42 42 42 42 42 42 42 42 42 42 42 42 42 42 
  INPUT ---       42 42 42 42 42 42 42 42 ;
  INPUT ---        42 42 42 42 42 42 42 42 42 42 42 42 42 42 42 42 42 42 42 
  INPUT ---       42 42 42 42 42 42 42 ;
  INPUT ---        42 42 42 42 42 42 42 42 42 42 42 42 42 42 42 42 42 42 42 
  INPUT ---       42 42 42 42 42 42 ;
  INPUT ---        42 42 42 42 39 42 42 42 42 39 42 42 42 42 39 42 42 42 42 
  INPUT ---       39 42 42 42 42 ;
  INPUT ---        42 42 42 42 42 42 42 42 42 42 42 42 42 42 42 42 42 42 42 
  INPUT ---       42 42 42 42 ;
  INPUT ---        42 42 42 42 42 42 42 42 42 42 42 42 42 42 42 42 42 42 42 
  INPUT ---       42 42 42 ;
  INPUT ---        42 42 42 42 42 42 42 42 42 42 42 42 42 42 42 42 42 42 42 
  INPUT ---       42 42 ;
  INPUT ---        42 42 42 42 42 42 42 42 42 42 42 42 42 42 42 42 42 42 42 
  INPUT ---       42 ;
  INPUT ---        42 42 42 42 39 42 42 42 42 39 42 42 42 42 39 42 42 42 42 ;
  INPUT ---        42 42 42 42 42 42 42 42 42 42 42 42 42 42 42 42 42 42 ;
  INPUT ---        42 42 42 42 42 42 42 42 42 42 42 42 42 42 42 42 42 ;
  INPUT ---        42 42 42 42 42 42 42 42 42 42 42 42 42 42 42 42 ;
  INPUT ---        42 42 42 42 42 42 42 42 42 42 42 42 42 42 42 ;

  Program  MARK  - Survival Rate Estimation with Capture-Recapture Data
   gfortran(Win64) Vers. 8.1 Mar 2016    5-Aug-2016 15:43:22    Page  004
 - - - - - - - - - - - - - - - - - - - - - - - - - - - - - - - - - - - - - -
 
  INPUT ---        42 42 42 42 39 42 42 42 42 39 42 42 42 42 ;
  INPUT ---        42 42 42 42 42 42 42 42 42 42 42 42 42 ;
  INPUT ---        42 42 42 42 42 42 42 42 42 42 42 42 ;
  INPUT ---        42 42 42 42 42 42 42 42 42 42 42 ;
  INPUT ---        42 42 42 42 42 42 42 42 42 42 ;
  INPUT ---        42 42 42 42 39 42 42 42 42 ;
  INPUT ---        42 42 42 42 42 42 42 42 ;
  INPUT ---        42 42 42 42 42 42 42 ;
  INPUT ---        42 42 42 42 42 42 ;
  INPUT ---        42 42 42 42 42 ;
  INPUT ---        42 42 42 42 ;
  INPUT ---        42 42 42 ;
  INPUT ---        42 42 ;
  INPUT ---        42 ;

  INPUT ---    group=1 Gamma'    rows=28 cols=28 Triang ;
  INPUT ---        42 42 42 40 42 42 42 42 40 42 42 42 42 40 42 42 42 42 40 
  INPUT ---       42 42 42 42 40 42 42 42 42 ;
  INPUT ---        42 42 42 42 42 42 42 42 42 42 42 42 42 42 42 42 42 42 42 
  INPUT ---       42 42 42 42 42 42 42 42 ;
  INPUT ---        42 42 42 42 42 42 42 42 42 42 42 42 42 42 42 42 42 42 42 
  INPUT ---       42 42 42 42 42 42 42 ;
  INPUT ---        42 42 42 42 42 42 42 42 42 42 42 42 42 42 42 42 42 42 42 
  INPUT ---       42 42 42 42 42 42 ;
  INPUT ---        42 42 42 42 42 42 42 42 42 42 42 42 42 42 42 42 42 42 42 
  INPUT ---       42 42 42 42 42 ;
  INPUT ---        42 42 42 40 42 42 42 42 40 42 42 42 42 40 42 42 42 42 40 
  INPUT ---       42 42 42 42 ;
  INPUT ---        42 42 42 42 42 42 42 42 42 42 42 42 42 42 42 42 42 42 42 
  INPUT ---       42 42 42 ;
  INPUT ---        42 42 42 42 42 42 42 42 42 42 42 42 42 42 42 42 42 42 42 
  INPUT ---       42 42 ;
  INPUT ---        42 42 42 42 42 42 42 42 42 42 42 42 42 42 42 42 42 42 42 
  INPUT ---       42 ;
  INPUT ---        42 42 42 42 42 42 42 42 42 42 42 42 42 42 42 42 42 42 42 ;
  INPUT ---        42 42 42 40 42 42 42 42 40 42 42 42 42 40 42 42 42 42 ;
  INPUT ---        42 42 42 42 42 42 42 42 42 42 42 42 42 42 42 42 42 ;
  INPUT ---        42 42 42 42 42 42 42 42 42 42 42 42 42 42 42 42 ;
  INPUT ---        42 42 42 42 42 42 42 42 42 42 42 42 42 42 42 ;
  INPUT ---        42 42 42 42 42 42 42 42 42 42 42 42 42 42 ;
  INPUT ---        42 42 42 40 42 42 42 42 40 42 42 42 42 ;
  INPUT ---        42 42 42 42 42 42 42 42 42 42 42 42 ;
  INPUT ---        42 42 42 42 42 42 42 42 42 42 42 ;
  INPUT ---        42 42 42 42 42 42 42 42 42 42 ;
  INPUT ---        42 42 42 42 42 42 42 42 42 ;
  INPUT ---        42 42 42 40 42 42 42 42 ;

  Program  MARK  - Survival Rate Estimation with Capture-Recapture Data
   gfortran(Win64) Vers. 8.1 Mar 2016    5-Aug-2016 15:43:22    Page  005
 - - - - - - - - - - - - - - - - - - - - - - - - - - - - - - - - - - - - - -
 
  INPUT ---        42 42 42 42 42 42 42 ;
  INPUT ---        42 42 42 42 42 42 ;
  INPUT ---        42 42 42 42 42 ;
  INPUT ---        42 42 42 42 ;
  INPUT ---        42 42 42 ;
  INPUT ---        42 42 ;
  INPUT ---        42 ;

  INPUT ---    initial  0.8492118 0 0 -0.3123225 3.139572 0 0 0 0 0 
  INPUT ---    2.0066797 -2.9445172 17.724958  ;

  INPUT ---    design matrix constraints=42 covariates=13;
  INPUT ---        1 age.t1 96 0 0 0 0 0 0 0 0 0 0;
  INPUT ---        1 age.t1.2 96 0 0 0 0 0 0 0 0 0 0;
  INPUT ---        1 age.t1.4 114 0 0 0 0 0 0 0 0 0 0;
  INPUT ---        1 age.t1.6 120 0 0 0 0 0 0 0 0 0 0;
  INPUT ---        1 age.t1.8 115 0 0 0 0 0 0 0 0 0 0;
  INPUT ---        1 age.t3.8 126 0 0 0 0 0 0 0 0 0 0;
  INPUT ---        1 age.t4 126 0 0 0 0 0 0 0 0 0 0;
  INPUT ---        1 age.t4.2 126 0 0 0 0 0 0 0 0 0 0;
  INPUT ---        1 age.t4.4 114 0 0 0 0 0 0 0 0 0 0;
  INPUT ---        1 age.t4.6 126 0 0 0 0 0 0 0 0 0 0;
  INPUT ---        1 age.t7.1 139 0 0 0 0 0 0 0 0 0 0;
  INPUT ---        1 age.t7.3 168 0 0 0 0 0 0 0 0 0 0;
  INPUT ---        1 age.t7.5 180 0 0 0 0 0 0 0 0 0 0;
  INPUT ---        1 age.t7.7 174 0 0 0 0 0 0 0 0 0 0;
  INPUT ---        1 age.t7.9 173 0 0 0 0 0 0 0 0 0 0;
  INPUT ---        1 age.t10.567 166 0 0 0 0 0 0 0 0 0 0;
  INPUT ---        1 age.t10.767 172 0 0 0 0 0 0 0 0 0 0;
  INPUT ---        1 age.t10.967 166 0 0 0 0 0 0 0 0 0 0;
  INPUT ---        1 age.t11.167 171 0 0 0 0 0 0 0 0 0 0;
  INPUT ---        1 age.t11.367 151 0 0 0 0 0 0 0 0 0 0;
  INPUT ---        1 age.t13.134 192 0 0 0 0 0 0 0 0 0 0;
  INPUT ---        1 age.t13.334 185 0 0 0 0 0 0 0 0 0 0;
  INPUT ---        1 age.t13.534 198 0 0 0 0 0 0 0 0 0 0;
  INPUT ---        1 age.t13.734 198 0 0 0 0 0 0 0 0 0 0;
  INPUT ---        1 age.t13.934 195 0 0 0 0 0 0 0 0 0 0;
  INPUT ---        1 age.t17.101 192 0 0 0 0 0 0 0 0 0 0;
  INPUT ---        1 age.t17.301 192 0 0 0 0 0 0 0 0 0 0;
  INPUT ---        1 age.t17.501 198 0 0 0 0 0 0 0 0 0 0;
  INPUT ---        1 age.t17.701 198 0 0 0 0 0 0 0 0 0 0;
  INPUT ---        1 age.t17.901 198 0 0 0 0 0 0 0 0 0 0;
  INPUT ---        0 0 0 1 0 0 0 0 0 0 0 0 0;
  INPUT ---        0 0 0 0 1 0 0 0 0 0 0 0 0;
  INPUT ---        0 0 0 0 1 1 0 0 0 0 0 0 0;
  INPUT ---        0 0 0 0 1 0 1 0 0 0 0 0 0;

  Program  MARK  - Survival Rate Estimation with Capture-Recapture Data
   gfortran(Win64) Vers. 8.1 Mar 2016    5-Aug-2016 15:43:22    Page  006
 - - - - - - - - - - - - - - - - - - - - - - - - - - - - - - - - - - - - - -
 
  INPUT ---        0 0 0 0 1 0 0 1 0 0 0 0 0;
  INPUT ---        0 0 0 0 1 0 0 0 1 0 0 0 0;
  INPUT ---        0 0 0 0 1 0 0 0 0 1 0 0 0;
  INPUT ---        0 0 0 0 0 0 0 0 0 0 1 0 0;
  INPUT ---        0 0 0 0 0 0 0 0 0 0 0 1 0;
  INPUT ---        0 0 0 0 0 0 0 0 0 0 0 0 1;
  INPUT ---        0 0 0 0 0 0 0 0 0 0 0 0 0;
  INPUT ---        0 0 0 0 0 0 0 0 0 0 0 0 0;

  INPUT ---    links=42;

  INPUT ---    Log;

  INPUT ---    Log;

  INPUT ---    Log;

  INPUT ---    Log;

  INPUT ---    Log;

  INPUT ---    Log;

  INPUT ---    Log;

  INPUT ---    Log;

  INPUT ---    Log;

  INPUT ---    Log;

  INPUT ---    Log;

  INPUT ---    Log;

  INPUT ---    Log;

  INPUT ---    Log;

  INPUT ---    Log;

  INPUT ---    Log;

  INPUT ---    Log;

  INPUT ---    Log;

  Program  MARK  - Survival Rate Estimation with Capture-Recapture Data
   gfortran(Win64) Vers. 8.1 Mar 2016    5-Aug-2016 15:43:22    Page  007
 - - - - - - - - - - - - - - - - - - - - - - - - - - - - - - - - - - - - - -
 

  INPUT ---    Log;

  INPUT ---    Log;

  INPUT ---    Log;

  INPUT ---    Log;

  INPUT ---    Log;

  INPUT ---    Log;

  INPUT ---    Log;

  INPUT ---    Log;

  INPUT ---    Log;

  INPUT ---    Log;

  INPUT ---    Log;

  INPUT ---    Log;

  INPUT ---    Log;

  INPUT ---    Log;

  INPUT ---    Log;

  INPUT ---    Log;

  INPUT ---    Log;

  INPUT ---    Log;

  INPUT ---    Log;

  INPUT ---    Logit;

  INPUT ---    Logit;

  INPUT ---    Logit;

  INPUT ---    Logit;

  Program  MARK  - Survival Rate Estimation with Capture-Recapture Data
   gfortran(Win64) Vers. 8.1 Mar 2016    5-Aug-2016 15:43:22    Page  008
 - - - - - - - - - - - - - - - - - - - - - - - - - - - - - - - - - - - - - -
 

  INPUT ---    Logit;
  INPUT ---       blabel(1)=alpha:(Intercept);
  INPUT ---       blabel(2)=alpha:age.t;
  INPUT ---       blabel(3)=alpha:effort.trapdays;
  INPUT ---       blabel(4)=sigma:(Intercept);
  INPUT ---       blabel(5)=U:(Intercept);
  INPUT ---       blabel(6)=U:sample_monthB;
  INPUT ---       blabel(7)=U:sample_monthC;
  INPUT ---       blabel(8)=U:sample_monthD;
  INPUT ---       blabel(9)=U:sample_monthE;
  INPUT ---       blabel(10)=U:sample_monthF;
  INPUT ---       blabel(11)=Phi:(Intercept);
  INPUT ---       blabel(12)=GammaDoublePrime:(Intercept);
  INPUT ---       blabel(13)=GammaPrime:(Intercept);
  INPUT ---       rlabel(1)=alpha g1 a0 t1;
  INPUT ---       rlabel(2)=alpha g1 a0.2 t1.2;
  INPUT ---       rlabel(3)=alpha g1 a0.4 t1.4;
  INPUT ---       rlabel(4)=alpha g1 a0.6 t1.6;
  INPUT ---       rlabel(5)=alpha g1 a0.8 t1.8;
  INPUT ---       rlabel(6)=alpha g1 a2.8 t3.8;
  INPUT ---       rlabel(7)=alpha g1 a3 t4;
  INPUT ---       rlabel(8)=alpha g1 a3.2 t4.2;
  INPUT ---       rlabel(9)=alpha g1 a3.4 t4.4;
  INPUT ---       rlabel(10)=alpha g1 a3.6 t4.6;
  INPUT ---       rlabel(11)=alpha g1 a6.1 t7.1;
  INPUT ---       rlabel(12)=alpha g1 a6.3 t7.3;
  INPUT ---       rlabel(13)=alpha g1 a6.5 t7.5;
  INPUT ---       rlabel(14)=alpha g1 a6.7 t7.7;
  INPUT ---       rlabel(15)=alpha g1 a6.9 t7.9;
  INPUT ---       rlabel(16)=alpha g1 a9.567 t10.567;
  INPUT ---       rlabel(17)=alpha g1 a9.767 t10.767;
  INPUT ---       rlabel(18)=alpha g1 a9.967 t10.967;
  INPUT ---       rlabel(19)=alpha g1 a10.167 t11.167;
  INPUT ---       rlabel(20)=alpha g1 a10.367 t11.367;
  INPUT ---       rlabel(21)=alpha g1 a12.134 t13.134;
  INPUT ---       rlabel(22)=alpha g1 a12.334 t13.334;
  INPUT ---       rlabel(23)=alpha g1 a12.534 t13.534;
  INPUT ---       rlabel(24)=alpha g1 a12.734 t13.734;
  INPUT ---       rlabel(25)=alpha g1 a12.934 t13.934;
  INPUT ---       rlabel(26)=alpha g1 a16.101 t17.101;
  INPUT ---       rlabel(27)=alpha g1 a16.301 t17.301;
  INPUT ---       rlabel(28)=alpha g1 a16.501 t17.501;
  INPUT ---       rlabel(29)=alpha g1 a16.701 t17.701;
  INPUT ---       rlabel(30)=alpha g1 a16.901 t17.901;
  INPUT ---       rlabel(31)=sigma g1 a0 t1;

  Program  MARK  - Survival Rate Estimation with Capture-Recapture Data
   gfortran(Win64) Vers. 8.1 Mar 2016    5-Aug-2016 15:43:22    Page  009
 - - - - - - - - - - - - - - - - - - - - - - - - - - - - - - - - - - - - - -
 
  INPUT ---       rlabel(32)=U g1 a0 t1;
  INPUT ---       rlabel(33)=U g1 a2.8 t3.8;
  INPUT ---       rlabel(34)=U g1 a6.1 t7.1;
  INPUT ---       rlabel(35)=U g1 a9.567 t10.567;
  INPUT ---       rlabel(36)=U g1 a12.134 t13.134;
  INPUT ---       rlabel(37)=U g1 a16.101 t17.101;
  INPUT ---       rlabel(38)=Phi g1 c1 a0.8 t1.8;
  INPUT ---       rlabel(39)=Gamma'' g1 c1 a0.8 t1.8;
  INPUT ---       rlabel(40)=Gamma' g1 c1 a0.8 t1.8;
  INPUT ---       rlabel(41)=Phi g1 c1 a0 t1;
  INPUT ---       rlabel(42)=Gamma'' g1 c1 a0 t1;

 Link Function Used is PARM-SPECIFIC

 Variance Estimation Procedure Used is 2ndPart 

 M(t+1):
 Group=Group 1                                                                         
       3      3      3      2      3      5      5      5      2      5      5
       4      4      4      4     10      7      7      7      5      5      5
       5      3      4      5      5      5      4      5


 -2logL(saturated) = -0.0000000    
 Effective Sample Size = 169
 Results from first iteration:
  -2logL Initial { alpha(~1 + age.t + effort.trapdays)sigma(~1)U(~sample_month)Phi(~1)Gamma''(~1)Gamma'(~1) } = 1138.4459     
  Penalty Initial { alpha(~1 + age.t + effort.trapdays)sigma(~1)U(~sample_month)Phi(~1)Gamma''(~1)Gamma'(~1) } = -0.0000000    

 Number of function evaluations was 21 for 13 parameters.
 Time for numerical optimization was 2.70 seconds.
 -2logL { alpha(~1 + age.t + effort.trapdays)sigma(~1)U(~sample_month)Phi(~1)Gamma''(~1)Gamma'(~1) } = 1086.9554     
 Penalty { alpha(~1 + age.t + effort.trapdays)sigma(~1)U(~sample_month)Phi(~1)Gamma''(~1)Gamma'(~1) } = -0.0000000    

   * *  WARNING  * *   Numerical underflow occurred during optimization of this model. 
     IEEE flag status at end of optimization:
     overflow       F
     divide by zero F
     invalid        F
     underflow      T
     inexact        T

 Gradient { alpha(~1 + age.t + effort.trapdays)sigma(~1)U(~sample_month)Phi(~1)Gamma''(~1)Gamma'(~1) }:
  0.3471884E-04-0.1832722E-04 0.3724904E-04-0.1427415E-04-0.6461979E-05
   0.000000      0.000000    -0.1231574E-04  0.000000     0.1287252E-04
  0.1512466E-04  0.000000      0.000000    
 S Vector { alpha(~1 + age.t + effort.trapdays)sigma(~1)U(~sample_month)Phi(~1)Gamma''(~1)Gamma'(~1) }:
   4544.287      316.0536      263.3052      237.2776      215.3823    
   172.8417      77.53463      33.90079      14.87538      6.136856    
   3.552739     0.9500015     0.5404024E-08
 Time to compute number of parameters was 1.84 seconds.
   Threshold =  0.2800000E-06     Condition index =  0.1189191E-11     New Threshold =  0.1948448E-07

  Program  MARK  - Survival Rate Estimation with Capture-Recapture Data
   gfortran(Win64) Vers. 8.1 Mar 2016    5-Aug-2016 15:43:25    Page  010
 - - - - - - - - - - - - - - - - - - - - - - - - - - - - - - - - - - - - - -
 
 New Guessimate of Estimated Parameters { alpha(~1 + age.t + effort.trapdays)sigma(~1)U(~sample_month)Phi(~1)Gamma''(~1)Gamma'(~1) } = 12          
 Conditioned S Vector { alpha(~1 + age.t + effort.trapdays)sigma(~1)U(~sample_month)Phi(~1)Gamma''(~1)Gamma'(~1) }:
   1.000000     0.6954966E-01 0.5794203E-01 0.5221449E-01 0.4739629E-01
  0.3803493E-01 0.1706200E-01 0.7460090E-02 0.3273424E-02 0.1350455E-02
  0.7818033E-03 0.2090540E-03 0.1189191E-11
 Number of Estimated Parameters { alpha(~1 + age.t + effort.trapdays)sigma(~1)U(~sample_month)Phi(~1)Gamma''(~1)Gamma'(~1) } = 12          
 DEVIANCE { alpha(~1 + age.t + effort.trapdays)sigma(~1)U(~sample_month)Phi(~1)Gamma''(~1)Gamma'(~1) } = 1086.9554                     
 DEVIANCE Degrees of Freedom { alpha(~1 + age.t + effort.trapdays)sigma(~1)U(~sample_month)Phi(~1)Gamma''(~1)Gamma'(~1) } = 2            
 c-hat { alpha(~1 + age.t + effort.trapdays)sigma(~1)U(~sample_month)Phi(~1)Gamma''(~1)Gamma'(~1) } = 543.47770                     
 AIC { alpha(~1 + age.t + effort.trapdays)sigma(~1)U(~sample_month)Phi(~1)Gamma''(~1)Gamma'(~1) } = 1110.9554                  
 AICc { alpha(~1 + age.t + effort.trapdays)sigma(~1)U(~sample_month)Phi(~1)Gamma''(~1)Gamma'(~1) } = 1112.9554                    
 BIC { alpha(~1 + age.t + effort.trapdays)sigma(~1)U(~sample_month)Phi(~1)Gamma''(~1)Gamma'(~1) } = 1148.5142                    
 Pearson Chisquare { alpha(~1 + age.t + effort.trapdays)sigma(~1)U(~sample_month)Phi(~1)Gamma''(~1)Gamma'(~1) } = 0.3283340E+035             

   * *  WARNING  * *   Numerical underflow occurred during variance-covariance calculation of this model. 
     IEEE flag status at end of variance-covariance calculation:
     overflow       F
     divide by zero F
     invalid        F
     underflow      T
     inexact        T



 PARM-SPECIFIC Link Function Parameters of { alpha(~1 + age.t + effort.trapdays)sigma(~1)U(~sample_month)Phi(~1)Gamma''(~1)Gamma'(~1) }
                                                              95% Confidence Interval
 Parameter                    Beta         Standard Error      Lower           Upper
 -------------------------  --------------  --------------  --------------  --------------
    1:alpha:(Intercept)     0.9646998       0.3338477       0.3103583       1.6190412     
    2:alpha:age.t           0.2406341       0.1590788       -0.0711603      0.5524286     
    3:alpha:effort.trapday  -0.0011153      0.0017100       -0.0044668      0.0022362     
    4:sigma:(Intercept)     -0.5929053      0.1119735       -0.8123734      -0.3734371    
    5:U:(Intercept)         2.5186385       0.1462624       2.2319643       2.8053127     
    6:U:sample_monthB       0.4566933       0.1308141       0.2002977       0.7130890     
    7:U:sample_monthC       0.6754103       0.1513305       0.3788024       0.9720182     
    8:U:sample_monthD       0.8462038       0.1495986       0.5529904       1.1394171     
    9:U:sample_monthE       0.3907568       0.1787276       0.0404507       0.7410629     
   10:U:sample_monthF       0.7663488       0.1823693       0.4089049       1.1237926     
   11:Phi:(Intercept)       2.0066604       0.4036705       1.2154661       2.7978546     
   12:GammaDoublePrime:(In  -2.9444380      1.0259775       -4.9553540      -0.9335220    
   13:GammaPrime:(Intercep  17.724958       0.0000000       17.724958       17.724958     


 Real Function Parameters of { alpha(~1 + age.t + effort.trapdays)sigma(~1)U(~sample_month)Phi(~1)Gamma''(~1)Gamma'(~1) }

  Program  MARK  - Survival Rate Estimation with Capture-Recapture Data
   gfortran(Win64) Vers. 8.1 Mar 2016    5-Aug-2016 15:43:25    Page  011
 - - - - - - - - - - - - - - - - - - - - - - - - - - - - - - - - - - - - - -
 

      Following estimates based on unstandardized individual covariate values:
          Variable   Value         
          ---------  ------------- 
          AGE.T1     1.0000000     
          AGE.T1.2   1.0000000     
          AGE.T1.4   1.0000000     
          AGE.T1.6   1.0000000     
          AGE.T1.8   1.0000000     
          AGE.T3.8   1.0000000     
          AGE.T4     1.0000000     
          AGE.T4.2   1.0000000     
          AGE.T4.4   1.0000000     
          AGE.T4.6   1.0000000     
          AGE.T7.1   0.8333333     
          AGE.T7.3   0.8333333     
          AGE.T7.5   0.8333333     
          AGE.T7.7   0.8333333     
          AGE.T7.9   0.8333333     
          AGE.T10.56 0.6666667     
          AGE.T10.76 0.6666667     
          AGE.T10.96 0.6666667     
          AGE.T11.16 0.6666667     
          AGE.T11.36 0.6666667     
          AGE.T13.13 1.0000000     
          AGE.T13.33 1.0000000     
          AGE.T13.53 1.0000000     
          AGE.T13.73 1.0000000     
          AGE.T13.93 1.0000000     
          AGE.T17.10 0.9230769     
          AGE.T17.30 0.9230769     
          AGE.T17.50 0.9230769     
          AGE.T17.70 0.9230769     
          AGE.T17.90 0.9230769     
                                                               95% Confidence Interval
  Parameter                  Estimate       Standard Error      Lower           Upper
 --------------------------  --------------  --------------  --------------  --------------
     1:alpha g1 a0 t1        2.9989583       0.4077409       2.3002115       3.9099671                           
     2:alpha g1 a0.2 t1.2    2.9989583       0.4077409       2.3002115       3.9099671                           
     3:alpha g1 a0.4 t1.4    2.9393533       0.3295070       2.3611660       3.6591234                           
     4:alpha g1 a0.6 t1.6    2.9197494       0.3064352       2.3782237       3.5845813                           
     5:alpha g1 a0.8 t1.8    2.9360768       0.3255416       2.3641535       3.6463568                           
     6:alpha g1 a2.8 t3.8    2.9002762       0.2852578       2.3928694       3.5152784                           
     7:alpha g1 a3 t4        2.9002762       0.2852578       2.3928694       3.5152784                           
     8:alpha g1 a3.2 t4.2    2.9002762       0.2852578       2.3928694       3.5152784                           
     9:alpha g1 a3.4 t4.4    2.9393533       0.3295070       2.3611660       3.6591234                           
    10:alpha g1 a3.6 t4.6    2.9002762       0.2852578       2.3928694       3.5152784                           
    11:alpha g1 a6.1 t7.1    2.7461539       0.2392379       2.3158431       3.2564215                           
    12:alpha g1 a6.3 t7.3    2.6587541       0.2061327       2.2844534       3.0943828                           

  Program  MARK  - Survival Rate Estimation with Capture-Recapture Data
   gfortran(Win64) Vers. 8.1 Mar 2016    5-Aug-2016 15:43:25    Page  012
 - - - - - - - - - - - - - - - - - - - - - - - - - - - - - - - - - - - - - -
 
    13:alpha g1 a6.5 t7.5    2.6234074       0.2162724       2.2325984       3.0826263                           
    14:alpha g1 a6.7 t7.7    2.6410216       0.2095965       2.2611208       3.0847513                           
    15:alpha g1 a6.9 t7.9    2.6439688       0.2087862       2.2653886       3.0858154                           
    16:alpha g1 a9.567 t10.  2.5599367       0.2174799       2.1679232       3.0228359                           
    17:alpha g1 a9.767 t10.  2.5428633       0.2184366       2.1494942       3.0082211                           
    18:alpha g1 a9.967 t10.  2.5599367       0.2174799       2.1679232       3.0228359                           
    19:alpha g1 a10.167 t11  2.5457010       0.2180634       2.1529096       3.0101558                           
    20:alpha g1 a10.367 t11  2.6031235       0.2289284       2.1916928       3.0917890                           
    21:alpha g1 a12.134 t13  2.6944554       0.2529739       2.2424779       3.2375302                           
    22:alpha g1 a12.334 t13  2.7155736       0.2382634       2.2872795       3.2240660                           
    23:alpha g1 a12.534 t13  2.6764848       0.2676460       2.2011798       3.2544233                           
    24:alpha g1 a12.734 t13  2.6764848       0.2676460       2.2011798       3.2544233                           
    25:alpha g1 a12.934 t13  2.6854550       0.2601007       2.2221088       3.2454166                           
    26:alpha g1 a16.101 t17  2.6450389       0.2432804       2.2095572       3.1663497                           
    27:alpha g1 a16.301 t17  2.6450389       0.2432804       2.2095572       3.1663497                           
    28:alpha g1 a16.501 t17  2.6273979       0.2576866       2.1689071       3.1828102                           
    29:alpha g1 a16.701 t17  2.6273979       0.2576866       2.1689071       3.1828102                           
    30:alpha g1 a16.901 t17  2.6273979       0.2576866       2.1689071       3.1828102                           
    31:sigma g1 a0 t1        0.5527192       0.0618899       0.4441068       0.6878941                           
    32:U g1 a0 t1            12.411686       1.8153624       9.3322852       16.507206                           
    33:U g1 a2.8 t3.8        19.596124       2.3794992       15.459214       24.840079                           
    34:U g1 a6.1 t7.1        24.386966       2.0389529       20.706793       28.721207                           
    35:U g1 a9.567 t10.567   28.928933       2.2108484       24.910025       33.596240                           
    36:U g1 a12.134 t13.134  18.345701       1.7581992       15.210465       22.127183                           
    37:U g1 a16.101 t17.101  26.708644       2.5668322       22.132661       32.230723                           
    38:Phi g1 c1 a0.8 t1.8   0.8814946       0.0421682       0.7712647       0.9425598                           
    39:Gamma'' g1 c1 a0.8 t  0.0500000       0.0487340       0.0069963       0.2822107                           
    40:Gamma' g1 c1 a0.8 t1  1.0000000       0.0000000       1.0000000       1.0000000                           
    41:Phi g1 c1 a0 t1       1.0000000       0.0000000       1.0000000       1.0000000       Fixed               
    42:Gamma'' g1 c1 a0 t1   0.0000000       0.0000000       0.0000000       0.0000000       Fixed               

  Program  MARK  - Survival Rate Estimation with Capture-Recapture Data
   gfortran(Win64) Vers. 8.1 Mar 2016    5-Aug-2016 15:43:25    Page  013
 - - - - - - - - - - - - - - - - - - - - - - - - - - - - - - - - - - - - - -
 


                      Estimates of Derived Parameters
 Population Estimates of { alpha(~1 + age.t + effort.trapdays)sigma(~1)U(~sample_month)Phi(~1)Gamma''(~1)Gamma'(~1) }
                                                95% Confidence Interval
 Grp. Occ.   N-hat           Standard Error      Lower           Upper
 ---- ----   --------------  --------------  --------------  --------------
   1     1   15.411686       1.8153634       12.244170       19.398627     
   1     2   15.411686       1.8153634       12.244170       19.398627     
   1     3   15.411686       1.8153634       12.244170       19.398627     
   1     4   14.612676       1.8453924       11.419759       18.698319     
   1     5   15.411686       1.8153634       12.244170       19.398627     
   1     6   24.596124       2.3795001       20.356785       29.718315     
   1     7   24.596124       2.3795001       20.356785       29.718315     
   1     8   24.596124       2.3795001       20.356785       29.718315     
   1     9   21.794411       2.4131187       17.554307       27.058678     
   1    10   24.596124       2.3795001       20.356785       29.718315     
   1    11   29.969596       2.1004889       26.127293       34.376951     
   1    12   28.895458       2.0913933       25.078451       33.293424     
   1    13   28.908548       2.0924710       25.089591       33.308799     
   1    14   28.901971       2.0919052       25.084034       33.301019     
   1    15   28.900881       2.0918162       25.083106       33.299740     
   1    16   36.768935       2.3007985       32.528840       41.561721     
   1    17   36.842011       2.3098389       32.585765       41.654193     
   1    18   36.768935       2.3007985       32.528840       41.561721     
   1    19   36.840085       2.3095167       32.584410       41.651570     
   1    20   34.467475       2.2671298       30.302628       39.204746     
   1    21   22.817149       1.8194215       19.520616       26.670383     
   1    22   23.926090       1.8282606       20.602620       27.785679     
   1    23   23.942743       1.8417772       20.596395       27.832779     
   1    24   21.703926       1.8074289       18.440567       25.544789     
   1    25   22.820234       1.8219218       19.519493       26.679129     
   1    26   32.361259       2.6558356       27.560342       37.998479     
   1    27   32.361259       2.6558356       27.560342       37.998479     
   1    28   32.369576       2.6632220       27.556294       38.023599     
   1    29   31.250351       2.6450477       26.481094       36.878553     
   1    30   32.369576       2.6632220       27.556294       38.023599     
 Mean Resighting Rate Estimates of { alpha(~1 + age.t + effort.trapdays)sigma(~1)U(~sample_month)Phi(~1)Gamma''(~1)Gamma'(~1) }
                                                95% Confidence Interval
 Grp. Occ.   Lambda-hat      Standard Error      Lower           Upper
 ---- ----   --------------  --------------  --------------  --------------
   1     1   3.4938848       0.4506214       2.7162886       4.4940847     
   1     2   3.4938848       0.4506214       2.7162886       4.4940847     
   1     3   3.4244429       0.3526298       2.8000606       4.1880555     
   1     4   3.4016037       0.3229652       2.8251803       4.0956353     
   1     5   3.4206258       0.3475638       2.8043801       4.1722877     
   1     6   3.3789169       0.2952623       2.8479764       4.0088390     
   1     7   3.3789169       0.2952623       2.8479764       4.0088390     
   1     8   3.3789169       0.2952623       2.8479764       4.0088390     
   1     9   3.4244429       0.3526298       2.8000606       4.1880555     

  Program  MARK  - Survival Rate Estimation with Capture-Recapture Data
   gfortran(Win64) Vers. 8.1 Mar 2016    5-Aug-2016 15:43:25    Page  014
 - - - - - - - - - - - - - - - - - - - - - - - - - - - - - - - - - - - - - -
 
   1    10   3.3789169       0.2952623       2.8479764       4.0088390     
   1    11   3.5585692       0.2381298       3.1216045       4.0567005     
   1    12   3.3205589       0.1866709       2.9743788       3.7070298     
   1    13   3.5011436       0.2062929       3.1195957       3.9293574     
   1    14   3.7450059       0.2001508       3.3728101       4.1582742     
   1    15   3.9713588       0.2030052       3.5929863       4.3895771     
   1    16   3.4880536       0.2096398       3.1007675       3.9237118     
   1    17   3.8460897       0.2191997       3.4398968       4.3002471     
   1    18   3.7408753       0.2148427       3.3429286       4.1861941     
   1    19   3.5971028       0.2132767       3.2027821       4.0399715     
   1    20   3.5655839       0.2269296       3.1478220       4.0387889     
   1    21   4.4809760       0.2778078       3.9687173       5.0593539     
   1    22   3.5221302       0.2368411       3.0876705       4.0177218     
   1    23   3.4755241       0.2779404       2.9720510       4.0642870     
   1    24   3.7137452       0.2830955       3.1990317       4.3112745     
   1    25   4.9165392       0.2980241       4.3662528       5.5361793     
   1    26   3.4380068       0.2440240       2.9920209       3.9504706     
   1    27   3.0815570       0.2367888       2.6512970       3.5816409     
   1    28   3.5949228       0.2682094       3.1064918       4.1601494     
   1    29   3.7284023       0.2711485       3.2336985       4.2987880     
   1    30   3.5949228       0.2682094       3.1064918       4.1601494     
 Pr(Captured 1 or more times) of { alpha(~1 + age.t + effort.trapdays)sigma(~1)U(~sample_month)Phi(~1)Gamma''(~1)Gamma'(~1) }
                                                95% Confidence Interval
 Grp. Occ.      p*-hat       Standard Error      Lower           Upper
 ---- ----   --------------  --------------  --------------  --------------
   1     1   0.3043657       0.0083868       0.2881815       0.3210488     
   1     2   0.3043657       0.0083868       0.2881815       0.3210488     
   1     3   0.3032665       0.0074608       0.2888455       0.3180854     
   1     4   0.4543411       0.0107863       0.4332947       0.4755519     
   1     5   0.3032046       0.0074141       0.2888726       0.3179298     
   1     6   0.1815111       0.0041686       0.1734833       0.1898252     
   1     7   0.1815111       0.0041686       0.1734833       0.1898252     
   1     8   0.1815111       0.0041686       0.1734833       0.1898252     
   1     9   0.4548997       0.0111911       0.4330664       0.4769078     
   1    10   0.1815111       0.0041686       0.1734833       0.1898252     
   1    11   0.1846710       0.0033518       0.1781917       0.1913311     
   1    12   0.2267049       0.0045907       0.2178336       0.2358286     
   1    13   0.2302646       0.0041639       0.2222048       0.2385270     
   1    14   0.2338417       0.0035425       0.2269703       0.2408564     
   1    15   0.2366226       0.0030780       0.2306430       0.2427084     
   1    16   0.1317374       0.0024784       0.1269553       0.1366715     
   1    17   0.1350949       0.0018028       0.1316002       0.1386676     
   1    18   0.1349117       0.0017403       0.1315369       0.1383592     
   1    19   0.1332712       0.0021015       0.1292059       0.1374443     
   1    20   0.1878278       0.0026609       0.1826679       0.1930990     
   1    21   0.2416084       0.0022809       0.2371661       0.2461070     
   1    22   0.1847453       0.0033048       0.1783555       0.1913106     
   1    23   0.1843362       0.0036300       0.1773273       0.1915576     
   1    24   0.3120505       0.0051685       0.3020111       0.3222695     
   1    25   0.2441695       0.0017481       0.2407596       0.2476119     

  Program  MARK  - Survival Rate Estimation with Capture-Recapture Data
   gfortran(Win64) Vers. 8.1 Mar 2016    5-Aug-2016 15:43:25    Page  015
 - - - - - - - - - - - - - - - - - - - - - - - - - - - - - - - - - - - - - -
 
   1    26   0.1829619       0.0036632       0.1758911       0.1902513     
   1    27   0.1769093       0.0045886       0.1680944       0.1860830     
   1    28   0.1851694       0.0034169       0.1785656       0.1919603     
   1    29   0.2330340       0.0040373       0.2252145       0.2410405     
   1    30   0.1851694       0.0034169       0.1785656       0.1919603     

 Attempted ordering of parameters by estimatibility:
   1  5  8 10  7  9  4  6  2 11  3 12 13
 Beta number 13 is a singular value.

     CPU Time in seconds for last procedure was 4.77


  INPUT --- proc stop;

   * *  WARNING  * *   Numerical underflow occurred during final processing of this model. 
     IEEE flag status at final processing of this model:
     overflow       F
     divide by zero F
     invalid        F
     underflow      T
     inexact        T


     CPU Time in minutes for this job was 0.08

     Time Start = 15:43:22.076   Time End = 15:43:25.334

     Wall Clock Time in minutes for this job was 0.05


          E X E C U T I O N   S U C C E S S F U L 
