
   Program  MARK  - Survival Rate Estimation with Capture-Recapture Data
   gfortran(Win64) Vers. 8.1 Mar 2016    5-Aug-2016 15:45:13    Page  001
 - - - - - - - - - - - - - - - - - - - - - - - - - - - - - - - - - - - - - -
 
   This version was compiled by GCC version 5.3.0 using the options: 
     -cpp -iprefix c:\tdm-gcc-64\gcc\bin\../lib/gcc/x86_64-w64-mingw32/5.3.0/ -D_MT
     -U_REENTRANT -D IEEE -m64 -mtune=generic -march=x86-64 -mthreads -O2
     -fimplicit-none -fbounds-check -funroll-loops -ftree-vectorize
     -ffpe-summary=invalid,zero,overflow,underflow -fno-unsafe-math-optimizations
     -frounding-math -fsignaling-nans -fopenmp.

   This problem will use 3 of 4 possible threads.


  INPUT --- proc title ;

     CPU Time in seconds for last procedure was 0.02


  INPUT --- proc chmatrix occasions= 30 groups= 1 etype= PoissonMR 
  INPUT --- icovar = 30 ICMeans NoHist  hist= 14 ;

  INPUT ---    time interval 0.2 0.2 0.2 0.2 2 0.2 0.2 0.2 0.2 2.5 0.2 0.2 
  INPUT ---    0.2 0.2 2.667 0.2 0.2 0.2  0.2 1.767 0.2 0.2 0.2 0.2 3.167 
  INPUT ---    0.2 0.2 0.2 0.2 ;

  INPUT ---     icovariates age.t1 age.t1.2 age.t1.4 age.t1.6  age.t1.8 
  INPUT ---    age.t3.8 age.t4 age.t4.2 age.t4.4 age.t4.6 age.t7.1 
  INPUT ---    age.t7.3 age.t7.5 age.t7.7 age.t7.9  age.t10.567 
  INPUT ---    age.t10.767 age.t10.967 age.t11.167 age.t11.367 age.t13.134 
  INPUT ---    age.t13.334 age.t13.534  age.t13.734 age.t13.934 
  INPUT ---    age.t17.101 age.t17.301 age.t17.501 age.t17.701 age.t17.901 
  INPUT ---    ;

  INPUT ---    glabel(1)=Group 1;

      Number of unique encounter histories read was 14.

      Number of individual covariates read was 30.
      Time interval lengths vary and/or not equal to 1.

      Data type number is 115
      Data type is Poisson Mark Resight with Robust Design                                                             

     CPU Time in seconds for last procedure was 0.00

  Program  MARK  - Survival Rate Estimation with Capture-Recapture Data
   gfortran(Win64) Vers. 8.1 Mar 2016    5-Aug-2016 15:45:13    Page  002
 - - - - - - - - - - - - - - - - - - - - - - - - - - - - - - - - - - - - - -
 


  INPUT --- proc estimate link=Parm-Specific NOLOOP varest=2ndPart    ;


  INPUT --- model={ alpha(~1 + age.t + effort.trapdays + 
  INPUT --- recordloss.agout.total)sigma(~1)U(~sample_month)Phi(~1)Gamma
  INPUT --- ''(~1)Gamma'(~1) };

  INPUT ---    fixed=2;
  INPUT ---        parm(41)=1 ;
  INPUT ---        parm(42)=0 ;

  INPUT ---    group=1 alpha    rows=1 cols=30 Square ;
  INPUT ---        1 2 3 4 5 6 7 8 9 10 11 12 13 14 15 16 17 18 19 20 21 22 
  INPUT ---       23 24 25 26 27 28 29 30 ;

  INPUT ---    group=1 sigma    rows=1 cols=30 Square ;
  INPUT ---        31 31 31 31 31 31 31 31 31 31 31 31 31 31 31 31 31 31 31 
  INPUT ---       31 31 31 31 31 31 31 31 31 31 31 ;

  INPUT ---    group=1 U    rows=1 cols=30 Square ;
  INPUT ---        32 32 32 32 32 33 33 33 33 33 34 34 34 34 34 35 35 35 35 
  INPUT ---       35 36 36 36 36 36 37 37 37 37 37 ;

  INPUT ---    group=1 Phi    rows=29 cols=29 Triang ;
  INPUT ---        41 41 41 41 38 41 41 41 41 38 41 41 41 41 38 41 41 41 41 
  INPUT ---       38 41 41 41 41 38 41 41 41 41 ;
  INPUT ---        41 41 41 41 41 41 41 41 41 41 41 41 41 41 41 41 41 41 41 
  INPUT ---       41 41 41 41 41 41 41 41 41 ;
  INPUT ---        41 41 41 41 41 41 41 41 41 41 41 41 41 41 41 41 41 41 41 
  INPUT ---       41 41 41 41 41 41 41 41 ;
  INPUT ---        41 41 41 41 41 41 41 41 41 41 41 41 41 41 41 41 41 41 41 
  INPUT ---       41 41 41 41 41 41 41 ;
  INPUT ---        41 41 41 41 41 41 41 41 41 41 41 41 41 41 41 41 41 41 41 
  INPUT ---       41 41 41 41 41 41 ;
  INPUT ---        41 41 41 41 38 41 41 41 41 38 41 41 41 41 38 41 41 41 41 
  INPUT ---       38 41 41 41 41 ;
  INPUT ---        41 41 41 41 41 41 41 41 41 41 41 41 41 41 41 41 41 41 41 
  INPUT ---       41 41 41 41 ;
  INPUT ---        41 41 41 41 41 41 41 41 41 41 41 41 41 41 41 41 41 41 41 
  INPUT ---       41 41 41 ;
  INPUT ---        41 41 41 41 41 41 41 41 41 41 41 41 41 41 41 41 41 41 41 
  INPUT ---       41 41 ;
  INPUT ---        41 41 41 41 41 41 41 41 41 41 41 41 41 41 41 41 41 41 41 
  INPUT ---       41 ;

  Program  MARK  - Survival Rate Estimation with Capture-Recapture Data
   gfortran(Win64) Vers. 8.1 Mar 2016    5-Aug-2016 15:45:13    Page  003
 - - - - - - - - - - - - - - - - - - - - - - - - - - - - - - - - - - - - - -
 
  INPUT ---        41 41 41 41 38 41 41 41 41 38 41 41 41 41 38 41 41 41 41 ;
  INPUT ---        41 41 41 41 41 41 41 41 41 41 41 41 41 41 41 41 41 41 ;
  INPUT ---        41 41 41 41 41 41 41 41 41 41 41 41 41 41 41 41 41 ;
  INPUT ---        41 41 41 41 41 41 41 41 41 41 41 41 41 41 41 41 ;
  INPUT ---        41 41 41 41 41 41 41 41 41 41 41 41 41 41 41 ;
  INPUT ---        41 41 41 41 38 41 41 41 41 38 41 41 41 41 ;
  INPUT ---        41 41 41 41 41 41 41 41 41 41 41 41 41 ;
  INPUT ---        41 41 41 41 41 41 41 41 41 41 41 41 ;
  INPUT ---        41 41 41 41 41 41 41 41 41 41 41 ;
  INPUT ---        41 41 41 41 41 41 41 41 41 41 ;
  INPUT ---        41 41 41 41 38 41 41 41 41 ;
  INPUT ---        41 41 41 41 41 41 41 41 ;
  INPUT ---        41 41 41 41 41 41 41 ;
  INPUT ---        41 41 41 41 41 41 ;
  INPUT ---        41 41 41 41 41 ;
  INPUT ---        41 41 41 41 ;
  INPUT ---        41 41 41 ;
  INPUT ---        41 41 ;
  INPUT ---        41 ;

  INPUT ---    group=1 Gamma''    rows=29 cols=29 Triang ;
  INPUT ---        42 42 42 42 39 42 42 42 42 39 42 42 42 42 39 42 42 42 42 
  INPUT ---       39 42 42 42 42 39 42 42 42 42 ;
  INPUT ---        42 42 42 42 42 42 42 42 42 42 42 42 42 42 42 42 42 42 42 
  INPUT ---       42 42 42 42 42 42 42 42 42 ;
  INPUT ---        42 42 42 42 42 42 42 42 42 42 42 42 42 42 42 42 42 42 42 
  INPUT ---       42 42 42 42 42 42 42 42 ;
  INPUT ---        42 42 42 42 42 42 42 42 42 42 42 42 42 42 42 42 42 42 42 
  INPUT ---       42 42 42 42 42 42 42 ;
  INPUT ---        42 42 42 42 42 42 42 42 42 42 42 42 42 42 42 42 42 42 42 
  INPUT ---       42 42 42 42 42 42 ;
  INPUT ---        42 42 42 42 39 42 42 42 42 39 42 42 42 42 39 42 42 42 42 
  INPUT ---       39 42 42 42 42 ;
  INPUT ---        42 42 42 42 42 42 42 42 42 42 42 42 42 42 42 42 42 42 42 
  INPUT ---       42 42 42 42 ;
  INPUT ---        42 42 42 42 42 42 42 42 42 42 42 42 42 42 42 42 42 42 42 
  INPUT ---       42 42 42 ;
  INPUT ---        42 42 42 42 42 42 42 42 42 42 42 42 42 42 42 42 42 42 42 
  INPUT ---       42 42 ;
  INPUT ---        42 42 42 42 42 42 42 42 42 42 42 42 42 42 42 42 42 42 42 
  INPUT ---       42 ;
  INPUT ---        42 42 42 42 39 42 42 42 42 39 42 42 42 42 39 42 42 42 42 ;
  INPUT ---        42 42 42 42 42 42 42 42 42 42 42 42 42 42 42 42 42 42 ;
  INPUT ---        42 42 42 42 42 42 42 42 42 42 42 42 42 42 42 42 42 ;
  INPUT ---        42 42 42 42 42 42 42 42 42 42 42 42 42 42 42 42 ;
  INPUT ---        42 42 42 42 42 42 42 42 42 42 42 42 42 42 42 ;

  Program  MARK  - Survival Rate Estimation with Capture-Recapture Data
   gfortran(Win64) Vers. 8.1 Mar 2016    5-Aug-2016 15:45:13    Page  004
 - - - - - - - - - - - - - - - - - - - - - - - - - - - - - - - - - - - - - -
 
  INPUT ---        42 42 42 42 39 42 42 42 42 39 42 42 42 42 ;
  INPUT ---        42 42 42 42 42 42 42 42 42 42 42 42 42 ;
  INPUT ---        42 42 42 42 42 42 42 42 42 42 42 42 ;
  INPUT ---        42 42 42 42 42 42 42 42 42 42 42 ;
  INPUT ---        42 42 42 42 42 42 42 42 42 42 ;
  INPUT ---        42 42 42 42 39 42 42 42 42 ;
  INPUT ---        42 42 42 42 42 42 42 42 ;
  INPUT ---        42 42 42 42 42 42 42 ;
  INPUT ---        42 42 42 42 42 42 ;
  INPUT ---        42 42 42 42 42 ;
  INPUT ---        42 42 42 42 ;
  INPUT ---        42 42 42 ;
  INPUT ---        42 42 ;
  INPUT ---        42 ;

  INPUT ---    group=1 Gamma'    rows=28 cols=28 Triang ;
  INPUT ---        42 42 42 40 42 42 42 42 40 42 42 42 42 40 42 42 42 42 40 
  INPUT ---       42 42 42 42 40 42 42 42 42 ;
  INPUT ---        42 42 42 42 42 42 42 42 42 42 42 42 42 42 42 42 42 42 42 
  INPUT ---       42 42 42 42 42 42 42 42 ;
  INPUT ---        42 42 42 42 42 42 42 42 42 42 42 42 42 42 42 42 42 42 42 
  INPUT ---       42 42 42 42 42 42 42 ;
  INPUT ---        42 42 42 42 42 42 42 42 42 42 42 42 42 42 42 42 42 42 42 
  INPUT ---       42 42 42 42 42 42 ;
  INPUT ---        42 42 42 42 42 42 42 42 42 42 42 42 42 42 42 42 42 42 42 
  INPUT ---       42 42 42 42 42 ;
  INPUT ---        42 42 42 40 42 42 42 42 40 42 42 42 42 40 42 42 42 42 40 
  INPUT ---       42 42 42 42 ;
  INPUT ---        42 42 42 42 42 42 42 42 42 42 42 42 42 42 42 42 42 42 42 
  INPUT ---       42 42 42 ;
  INPUT ---        42 42 42 42 42 42 42 42 42 42 42 42 42 42 42 42 42 42 42 
  INPUT ---       42 42 ;
  INPUT ---        42 42 42 42 42 42 42 42 42 42 42 42 42 42 42 42 42 42 42 
  INPUT ---       42 ;
  INPUT ---        42 42 42 42 42 42 42 42 42 42 42 42 42 42 42 42 42 42 42 ;
  INPUT ---        42 42 42 40 42 42 42 42 40 42 42 42 42 40 42 42 42 42 ;
  INPUT ---        42 42 42 42 42 42 42 42 42 42 42 42 42 42 42 42 42 ;
  INPUT ---        42 42 42 42 42 42 42 42 42 42 42 42 42 42 42 42 ;
  INPUT ---        42 42 42 42 42 42 42 42 42 42 42 42 42 42 42 ;
  INPUT ---        42 42 42 42 42 42 42 42 42 42 42 42 42 42 ;
  INPUT ---        42 42 42 40 42 42 42 42 40 42 42 42 42 ;
  INPUT ---        42 42 42 42 42 42 42 42 42 42 42 42 ;
  INPUT ---        42 42 42 42 42 42 42 42 42 42 42 ;
  INPUT ---        42 42 42 42 42 42 42 42 42 42 ;
  INPUT ---        42 42 42 42 42 42 42 42 42 ;
  INPUT ---        42 42 42 40 42 42 42 42 ;

  Program  MARK  - Survival Rate Estimation with Capture-Recapture Data
   gfortran(Win64) Vers. 8.1 Mar 2016    5-Aug-2016 15:45:13    Page  005
 - - - - - - - - - - - - - - - - - - - - - - - - - - - - - - - - - - - - - -
 
  INPUT ---        42 42 42 42 42 42 42 ;
  INPUT ---        42 42 42 42 42 42 ;
  INPUT ---        42 42 42 42 42 ;
  INPUT ---        42 42 42 42 ;
  INPUT ---        42 42 42 ;
  INPUT ---        42 42 ;
  INPUT ---        42 ;

  INPUT ---    initial  0.8492118 0 0 0 -0.3123225 3.139572 0 0 0 0 0 
  INPUT ---    2.0066797 -2.9445172 17.724958  ;

  INPUT ---    design matrix constraints=42 covariates=14;
  INPUT ---        1 age.t1 96 0.186046511627907 0 0 0 0 0 0 0 0 0 0;
  INPUT ---        1 age.t1.2 96 0.127659574468085 0 0 0 0 0 0 0 0 0 0;
  INPUT ---        1 age.t1.4 114 0.08 0 0 0 0 0 0 0 0 0 0;
  INPUT ---        1 age.t1.6 120 0.166666666666667 0 0 0 0 0 0 0 0 0 0;
  INPUT ---        1 age.t1.8 115 0.169230769230769 0 0 0 0 0 0 0 0 0 0;
  INPUT ---        1 age.t3.8 126 0.0615384615384615 0 0 0 0 0 0 0 0 0 0;
  INPUT ---        1 age.t4 126 0.0776699029126214 0 0 0 0 0 0 0 0 0 0;
  INPUT ---        1 age.t4.2 126 0.170212765957447 0 0 0 0 0 0 0 0 0 0;
  INPUT ---        1 age.t4.4 114 0.0666666666666667 0 0 0 0 0 0 0 0 0 0;
  INPUT ---        1 age.t4.6 126 0.0894308943089431 0 0 0 0 0 0 0 0 0 0;
  INPUT ---        1 age.t7.1 139 0.08 0 0 0 0 0 0 0 0 0 0;
  INPUT ---        1 age.t7.3 168 0.135135135135135 0 0 0 0 0 0 0 0 0 0;
  INPUT ---        1 age.t7.5 180 0.213740458015267 0 0 0 0 0 0 0 0 0 0;
  INPUT ---        1 age.t7.7 174 0.0869565217391304 0 0 0 0 0 0 0 0 0 0;
  INPUT ---        1 age.t7.9 173 0.131428571428571 0 0 0 0 0 0 0 0 0 0;
  INPUT ---        1 age.t10.567 166 0.167441860465116 0 0 0 0 0 0 0 0 0 0;
  INPUT ---        1 age.t10.767 172 0.155 0 0 0 0 0 0 0 0 0 0;
  INPUT ---        1 age.t10.967 166 0.168831168831169 0 0 0 0 0 0 0 0 0 0;
  INPUT ---        1 age.t11.167 171 0.231182795698925 0 0 0 0 0 0 0 0 0 0;
  INPUT ---        1 age.t11.367 151 0.224489795918367 0 0 0 0 0 0 0 0 0 0;
  INPUT ---        1 age.t13.134 192 0.125827814569536 0 0 0 0 0 0 0 0 0 0;
  INPUT ---        1 age.t13.334 185 0.201612903225806 0 0 0 0 0 0 0 0 0 0;
  INPUT ---        1 age.t13.534 198 0.244604316546763 0 0 0 0 0 0 0 0 0 0;
  INPUT ---        1 age.t13.734 198 0.282828282828283 0 0 0 0 0 0 0 0 0 0;
  INPUT ---        1 age.t13.934 195 0.314516129032258 0 0 0 0 0 0 0 0 0 0;
  INPUT ---        1 age.t17.101 192 0.137254901960784 0 0 0 0 0 0 0 0 0 0;
  INPUT ---        1 age.t17.301 192 0.266129032258065 0 0 0 0 0 0 0 0 0 0;
  INPUT ---        1 age.t17.501 198 0.198581560283688 0 0 0 0 0 0 0 0 0 0;
  INPUT ---        1 age.t17.701 198 0.293333333333333 0 0 0 0 0 0 0 0 0 0;
  INPUT ---        1 age.t17.901 198 0.202453987730061 0 0 0 0 0 0 0 0 0 0;
  INPUT ---        0 0 0 0 1 0 0 0 0 0 0 0 0 0;
  INPUT ---        0 0 0 0 0 1 0 0 0 0 0 0 0 0;
  INPUT ---        0 0 0 0 0 1 1 0 0 0 0 0 0 0;
  INPUT ---        0 0 0 0 0 1 0 1 0 0 0 0 0 0;

  Program  MARK  - Survival Rate Estimation with Capture-Recapture Data
   gfortran(Win64) Vers. 8.1 Mar 2016    5-Aug-2016 15:45:13    Page  006
 - - - - - - - - - - - - - - - - - - - - - - - - - - - - - - - - - - - - - -
 
  INPUT ---        0 0 0 0 0 1 0 0 1 0 0 0 0 0;
  INPUT ---        0 0 0 0 0 1 0 0 0 1 0 0 0 0;
  INPUT ---        0 0 0 0 0 1 0 0 0 0 1 0 0 0;
  INPUT ---        0 0 0 0 0 0 0 0 0 0 0 1 0 0;
  INPUT ---        0 0 0 0 0 0 0 0 0 0 0 0 1 0;
  INPUT ---        0 0 0 0 0 0 0 0 0 0 0 0 0 1;
  INPUT ---        0 0 0 0 0 0 0 0 0 0 0 0 0 0;
  INPUT ---        0 0 0 0 0 0 0 0 0 0 0 0 0 0;

  INPUT ---    links=42;

  INPUT ---    Log;

  INPUT ---    Log;

  INPUT ---    Log;

  INPUT ---    Log;

  INPUT ---    Log;

  INPUT ---    Log;

  INPUT ---    Log;

  INPUT ---    Log;

  INPUT ---    Log;

  INPUT ---    Log;

  INPUT ---    Log;

  INPUT ---    Log;

  INPUT ---    Log;

  INPUT ---    Log;

  INPUT ---    Log;

  INPUT ---    Log;

  INPUT ---    Log;

  INPUT ---    Log;

  Program  MARK  - Survival Rate Estimation with Capture-Recapture Data
   gfortran(Win64) Vers. 8.1 Mar 2016    5-Aug-2016 15:45:13    Page  007
 - - - - - - - - - - - - - - - - - - - - - - - - - - - - - - - - - - - - - -
 

  INPUT ---    Log;

  INPUT ---    Log;

  INPUT ---    Log;

  INPUT ---    Log;

  INPUT ---    Log;

  INPUT ---    Log;

  INPUT ---    Log;

  INPUT ---    Log;

  INPUT ---    Log;

  INPUT ---    Log;

  INPUT ---    Log;

  INPUT ---    Log;

  INPUT ---    Log;

  INPUT ---    Log;

  INPUT ---    Log;

  INPUT ---    Log;

  INPUT ---    Log;

  INPUT ---    Log;

  INPUT ---    Log;

  INPUT ---    Logit;

  INPUT ---    Logit;

  INPUT ---    Logit;

  INPUT ---    Logit;

  Program  MARK  - Survival Rate Estimation with Capture-Recapture Data
   gfortran(Win64) Vers. 8.1 Mar 2016    5-Aug-2016 15:45:13    Page  008
 - - - - - - - - - - - - - - - - - - - - - - - - - - - - - - - - - - - - - -
 

  INPUT ---    Logit;
  INPUT ---       blabel(1)=alpha:(Intercept);
  INPUT ---       blabel(2)=alpha:age.t;
  INPUT ---       blabel(3)=alpha:effort.trapdays;
  INPUT ---       blabel(4)=alpha:recordloss.agout.total;
  INPUT ---       blabel(5)=sigma:(Intercept);
  INPUT ---       blabel(6)=U:(Intercept);
  INPUT ---       blabel(7)=U:sample_monthB;
  INPUT ---       blabel(8)=U:sample_monthC;
  INPUT ---       blabel(9)=U:sample_monthD;
  INPUT ---       blabel(10)=U:sample_monthE;
  INPUT ---       blabel(11)=U:sample_monthF;
  INPUT ---       blabel(12)=Phi:(Intercept);
  INPUT ---       blabel(13)=GammaDoublePrime:(Intercept);
  INPUT ---       blabel(14)=GammaPrime:(Intercept);
  INPUT ---       rlabel(1)=alpha g1 a0 t1;
  INPUT ---       rlabel(2)=alpha g1 a0.2 t1.2;
  INPUT ---       rlabel(3)=alpha g1 a0.4 t1.4;
  INPUT ---       rlabel(4)=alpha g1 a0.6 t1.6;
  INPUT ---       rlabel(5)=alpha g1 a0.8 t1.8;
  INPUT ---       rlabel(6)=alpha g1 a2.8 t3.8;
  INPUT ---       rlabel(7)=alpha g1 a3 t4;
  INPUT ---       rlabel(8)=alpha g1 a3.2 t4.2;
  INPUT ---       rlabel(9)=alpha g1 a3.4 t4.4;
  INPUT ---       rlabel(10)=alpha g1 a3.6 t4.6;
  INPUT ---       rlabel(11)=alpha g1 a6.1 t7.1;
  INPUT ---       rlabel(12)=alpha g1 a6.3 t7.3;
  INPUT ---       rlabel(13)=alpha g1 a6.5 t7.5;
  INPUT ---       rlabel(14)=alpha g1 a6.7 t7.7;
  INPUT ---       rlabel(15)=alpha g1 a6.9 t7.9;
  INPUT ---       rlabel(16)=alpha g1 a9.567 t10.567;
  INPUT ---       rlabel(17)=alpha g1 a9.767 t10.767;
  INPUT ---       rlabel(18)=alpha g1 a9.967 t10.967;
  INPUT ---       rlabel(19)=alpha g1 a10.167 t11.167;
  INPUT ---       rlabel(20)=alpha g1 a10.367 t11.367;
  INPUT ---       rlabel(21)=alpha g1 a12.134 t13.134;
  INPUT ---       rlabel(22)=alpha g1 a12.334 t13.334;
  INPUT ---       rlabel(23)=alpha g1 a12.534 t13.534;
  INPUT ---       rlabel(24)=alpha g1 a12.734 t13.734;
  INPUT ---       rlabel(25)=alpha g1 a12.934 t13.934;
  INPUT ---       rlabel(26)=alpha g1 a16.101 t17.101;
  INPUT ---       rlabel(27)=alpha g1 a16.301 t17.301;
  INPUT ---       rlabel(28)=alpha g1 a16.501 t17.501;
  INPUT ---       rlabel(29)=alpha g1 a16.701 t17.701;
  INPUT ---       rlabel(30)=alpha g1 a16.901 t17.901;

  Program  MARK  - Survival Rate Estimation with Capture-Recapture Data
   gfortran(Win64) Vers. 8.1 Mar 2016    5-Aug-2016 15:45:13    Page  009
 - - - - - - - - - - - - - - - - - - - - - - - - - - - - - - - - - - - - - -
 
  INPUT ---       rlabel(31)=sigma g1 a0 t1;
  INPUT ---       rlabel(32)=U g1 a0 t1;
  INPUT ---       rlabel(33)=U g1 a2.8 t3.8;
  INPUT ---       rlabel(34)=U g1 a6.1 t7.1;
  INPUT ---       rlabel(35)=U g1 a9.567 t10.567;
  INPUT ---       rlabel(36)=U g1 a12.134 t13.134;
  INPUT ---       rlabel(37)=U g1 a16.101 t17.101;
  INPUT ---       rlabel(38)=Phi g1 c1 a0.8 t1.8;
  INPUT ---       rlabel(39)=Gamma'' g1 c1 a0.8 t1.8;
  INPUT ---       rlabel(40)=Gamma' g1 c1 a0.8 t1.8;
  INPUT ---       rlabel(41)=Phi g1 c1 a0 t1;
  INPUT ---       rlabel(42)=Gamma'' g1 c1 a0 t1;

 Link Function Used is PARM-SPECIFIC

 Variance Estimation Procedure Used is 2ndPart 

 M(t+1):
 Group=Group 1                                                                         
       3      3      3      2      3      5      5      5      2      5      5
       4      4      4      4     10      7      7      7      5      5      5
       5      3      4      5      5      5      4      5


 -2logL(saturated) = -0.0000000    
 Effective Sample Size = 169
 Results from first iteration:
  -2logL Initial { alpha(~1 + age.t + effort.trapdays + recordloss.agout.total)sigma(~1)U(~sample_month)Phi(~1)Gamma''(~1)Gamma'(~1) } = 1138.4459     
  Penalty Initial { alpha(~1 + age.t + effort.trapdays + recordloss.agout.total)sigma(~1)U(~sample_month)Phi(~1)Gamma''(~1)Gamma'(~1) } = -0.0000000    

 Number of function evaluations was 23 for 14 parameters.
 Time for numerical optimization was 2.34 seconds.
 -2logL { alpha(~1 + age.t + effort.trapdays + recordloss.agout.total)sigma(~1)U(~sample_month)Phi(~1)Gamma''(~1)Gamma'(~1) } = 1061.0342     
 Penalty { alpha(~1 + age.t + effort.trapdays + recordloss.agout.total)sigma(~1)U(~sample_month)Phi(~1)Gamma''(~1)Gamma'(~1) } = -0.0000000    

   * *  WARNING  * *   Numerical underflow occurred during optimization of this model. 
     IEEE flag status at end of optimization:
     overflow       F
     divide by zero F
     invalid        F
     underflow      T
     inexact        T

 Gradient { alpha(~1 + age.t + effort.trapdays + recordloss.agout.total)sigma(~1)U(~sample_month)Phi(~1)Gamma''(~1)Gamma'(~1) }:
  0.2704256E-03 0.2948876E-03 0.2645798E-03 0.9154657E-04 0.3016970E-03
 -0.7464186E-04  0.000000    -0.1631579E-04 0.3973016E-04-0.1826850E-04
 -0.2849182E-04 0.8318556E-04 0.5764422E-05  0.000000    
 S Vector { alpha(~1 + age.t + effort.trapdays + recordloss.agout.total)sigma(~1)U(~sample_month)Phi(~1)Gamma''(~1)Gamma'(~1) }:
   5089.826      346.4073      289.8483      262.1106      237.0733    
   197.6912      61.96863      38.41480      17.01755      6.136878    
   4.860991      2.396359     0.9500079     0.5404024E-08
 Time to compute number of parameters was 2.06 seconds.
   Threshold =  0.3000000E-06     Condition index =  0.1061730E-11     New Threshold =  0.2022000E-07

  Program  MARK  - Survival Rate Estimation with Capture-Recapture Data
   gfortran(Win64) Vers. 8.1 Mar 2016    5-Aug-2016 15:45:16    Page  010
 - - - - - - - - - - - - - - - - - - - - - - - - - - - - - - - - - - - - - -
 
 New Guessimate of Estimated Parameters { alpha(~1 + age.t + effort.trapdays + recordloss.agout.total)sigma(~1)U(~sample_month)Phi(~1)Gamma''(~1)Gamma'(~1) } = 13          
 Conditioned S Vector { alpha(~1 + age.t + effort.trapdays + recordloss.agout.total)sigma(~1)U(~sample_month)Phi(~1)Gamma''(~1)Gamma'(~1) }:
   1.000000     0.6805876E-01 0.5694660E-01 0.5149696E-01 0.4657787E-01
  0.3884046E-01 0.1217500E-01 0.7547369E-02 0.3343444E-02 0.1205715E-02
  0.9550407E-03 0.4708136E-03 0.1866484E-03 0.1061730E-11
 Number of Estimated Parameters { alpha(~1 + age.t + effort.trapdays + recordloss.agout.total)sigma(~1)U(~sample_month)Phi(~1)Gamma''(~1)Gamma'(~1) } = 13          
 DEVIANCE { alpha(~1 + age.t + effort.trapdays + recordloss.agout.total)sigma(~1)U(~sample_month)Phi(~1)Gamma''(~1)Gamma'(~1) } = 1061.0342                     
 DEVIANCE Degrees of Freedom { alpha(~1 + age.t + effort.trapdays + recordloss.agout.total)sigma(~1)U(~sample_month)Phi(~1)Gamma''(~1)Gamma'(~1) } = 1            
 c-hat { alpha(~1 + age.t + effort.trapdays + recordloss.agout.total)sigma(~1)U(~sample_month)Phi(~1)Gamma''(~1)Gamma'(~1) } = 1061.0342                     
 AIC { alpha(~1 + age.t + effort.trapdays + recordloss.agout.total)sigma(~1)U(~sample_month)Phi(~1)Gamma''(~1)Gamma'(~1) } = 1087.0342                  
 AICc { alpha(~1 + age.t + effort.trapdays + recordloss.agout.total)sigma(~1)U(~sample_month)Phi(~1)Gamma''(~1)Gamma'(~1) } = 1089.3826                    
 BIC { alpha(~1 + age.t + effort.trapdays + recordloss.agout.total)sigma(~1)U(~sample_month)Phi(~1)Gamma''(~1)Gamma'(~1) } = 1127.7229                    
 Pearson Chisquare { alpha(~1 + age.t + effort.trapdays + recordloss.agout.total)sigma(~1)U(~sample_month)Phi(~1)Gamma''(~1)Gamma'(~1) } = 0.1374590E+034             

   * *  WARNING  * *   Numerical underflow occurred during variance-covariance calculation of this model. 
     IEEE flag status at end of variance-covariance calculation:
     overflow       F
     divide by zero F
     invalid        F
     underflow      T
     inexact        T



 PARM-SPECIFIC Link Function Parameters of { alpha(~1 + age.t + effort.trapdays + recordloss.agout.total)sigma(~1)U(~sample_month)Phi(~1)Gamma''(~1)Gamma'(~1) }
                                                              95% Confidence Interval
 Parameter                    Beta         Standard Error      Lower           Upper
 -------------------------  --------------  --------------  --------------  --------------
    1:alpha:(Intercept)     0.7656789       0.3264071       0.1259209       1.4054369     
    2:alpha:age.t           0.2336831       0.1544768       -0.0690914      0.5364576     
    3:alpha:effort.trapday  0.0036301       0.0018531       -.2038393E-005  0.0072622     
    4:alpha:recordloss.ago  -2.9739107      0.5703717       -4.0918391      -1.8559822    
    5:sigma:(Intercept)     -0.7333927      0.1294511       -0.9871168      -0.4796687    
    6:U:(Intercept)         2.6554342       0.1389978       2.3829985       2.9278700     
    7:U:sample_monthB       0.2602784       0.1256727       0.0139599       0.5065969     
    8:U:sample_monthC       0.3935809       0.1509392       0.0977400       0.6894218     
    9:U:sample_monthD       0.7168848       0.1401764       0.4421389       0.9916306     
   10:U:sample_monthE       0.2446212       0.1701668       -0.0889057      0.5781481     
   11:U:sample_monthF       0.5960628       0.1730867       0.2568129       0.9353128     
   12:Phi:(Intercept)       2.0066641       0.4036698       1.2154713       2.7978569     
   13:GammaDoublePrime:(In  -2.9444318      1.0259741       -4.9553410      -0.9335225    
   14:GammaPrime:(Intercep  17.724958       0.0000000       17.724958       17.724958     


 Real Function Parameters of { alpha(~1 + age.t + effort.trapdays + recordloss.agout.total)sigma(~1)U(~sample_month)Phi(~1)Gamma''(~1)Gamma'(~1) }

  Program  MARK  - Survival Rate Estimation with Capture-Recapture Data
   gfortran(Win64) Vers. 8.1 Mar 2016    5-Aug-2016 15:45:16    Page  011
 - - - - - - - - - - - - - - - - - - - - - - - - - - - - - - - - - - - - - -
 

      Following estimates based on unstandardized individual covariate values:
          Variable   Value         
          ---------  ------------- 
          AGE.T1     1.0000000     
          AGE.T1.2   1.0000000     
          AGE.T1.4   1.0000000     
          AGE.T1.6   1.0000000     
          AGE.T1.8   1.0000000     
          AGE.T3.8   1.0000000     
          AGE.T4     1.0000000     
          AGE.T4.2   1.0000000     
          AGE.T4.4   1.0000000     
          AGE.T4.6   1.0000000     
          AGE.T7.1   0.8333333     
          AGE.T7.3   0.8333333     
          AGE.T7.5   0.8333333     
          AGE.T7.7   0.8333333     
          AGE.T7.9   0.8333333     
          AGE.T10.56 0.6666667     
          AGE.T10.76 0.6666667     
          AGE.T10.96 0.6666667     
          AGE.T11.16 0.6666667     
          AGE.T11.36 0.6666667     
          AGE.T13.13 1.0000000     
          AGE.T13.33 1.0000000     
          AGE.T13.53 1.0000000     
          AGE.T13.73 1.0000000     
          AGE.T13.93 1.0000000     
          AGE.T17.10 0.9230769     
          AGE.T17.30 0.9230769     
          AGE.T17.50 0.9230769     
          AGE.T17.70 0.9230769     
          AGE.T17.90 0.9230769     
                                                               95% Confidence Interval
  Parameter                  Estimate       Standard Error      Lower           Upper
 --------------------------  --------------  --------------  --------------  --------------
     1:alpha g1 a0 t1        2.2134725       0.3240475       1.6638641       2.9446278                           
     2:alpha g1 a0.2 t1.2    2.6332006       0.3526605       2.0276269       3.4196358                           
     3:alpha g1 a0.4 t1.4    3.2390386       0.3448631       2.6305201       3.9883259                           
     4:alpha g1 a0.6 t1.6    2.5582362       0.2709841       2.0798207       3.1467004                           
     5:alpha g1 a0.8 t1.8    2.4931383       0.2826303       1.9978253       3.1112523                           
     6:alpha g1 a2.8 t3.8    3.5741962       0.3477961       2.9549059       4.3232777                           
     7:alpha g1 a3 t4        3.4067776       0.3236890       2.8291013       4.1024099                           
     8:alpha g1 a3.2 t4.2    2.5871390       0.2556960       2.1325310       3.1386594                           
     9:alpha g1 a3.4 t4.4    3.3700538       0.3614918       2.7326958       4.1560655                           
    10:alpha g1 a3.6 t4.6    3.2896814       0.3088195       2.7379208       3.9526358                           
    11:alpha g1 a6.1 t7.1    3.4112576       0.2978079       2.8756962       4.0465604                           
    12:alpha g1 a6.3 t7.3    3.2167964       0.2450820       2.7711794       3.7340703                           

  Program  MARK  - Survival Rate Estimation with Capture-Recapture Data
   gfortran(Win64) Vers. 8.1 Mar 2016    5-Aug-2016 15:45:16    Page  012
 - - - - - - - - - - - - - - - - - - - - - - - - - - - - - - - - - - - - - -
 
    13:alpha g1 a6.5 t7.5    2.6596154       0.2071341       2.2836272       3.0975083                           
    14:alpha g1 a6.7 t7.7    3.7940924       0.3525493       3.1636050       4.5502322                           
    15:alpha g1 a6.9 t7.9    3.3120233       0.2636462       2.8342693       3.8703090                           
    16:alpha g1 a9.567 t10.  2.7901666       0.2235046       2.3853544       3.2636785                           
    17:alpha g1 a9.767 t10.  2.9590927       0.2427970       2.5201844       3.4744400                           
    18:alpha g1 a9.967 t10.  2.7786623       0.2225410       2.3755894       3.2501258                           
    19:alpha g1 a10.167 t11  2.3506498       0.2021128       1.9867060       2.7812643                           
    20:alpha g1 a10.367 t11  2.2299850       0.2103160       1.8543811       2.6816673                           
    21:alpha g1 a12.134 t13  3.7514178       0.3817489       3.0746630       4.5771310                           
    22:alpha g1 a12.334 t13  2.9193042       0.2406025       2.4845209       3.4301733                           
    23:alpha g1 a12.534 t13  2.6930746       0.2553880       2.2372106       3.2418275                           
    24:alpha g1 a12.734 t13  2.4036992       0.2401483       1.9771879       2.9222157                           
    25:alpha g1 a12.934 t13  2.1638344       0.2295021       1.7587092       2.6622818                           
    26:alpha g1 a16.101 t17  3.5614761       0.3442410       2.9481208       4.3024397                           
    27:alpha g1 a16.301 t17  2.4276287       0.2214606       2.0309103       2.9018421                           
    28:alpha g1 a16.501 t17  3.0330705       0.2823368       2.5282314       3.6387162                           
    29:alpha g1 a16.701 t17  2.2882610       0.2295869       1.8806787       2.7841751                           
    30:alpha g1 a16.901 t17  2.9983412       0.2781812       2.5007812       3.5948968                           
    31:sigma g1 a0 t1        0.4802768       0.0621723       0.3730423       0.6183367                           
    32:U g1 a0 t1            14.231165       1.9781006       10.851473       18.663461                           
    33:U g1 a2.8 t3.8        18.461965       2.1141204       14.761159       23.090609                           
    34:U g1 a6.1 t7.1        21.094559       1.7824058       17.880262       24.886683                           
    35:U g1 a9.567 t10.567   29.146039       2.1115792       25.292458       33.586754                           
    36:U g1 a12.134 t13.134  18.175153       1.6718748       15.182462       21.757750                           
    37:U g1 a16.101 t17.101  25.828979       2.3619605       21.598755       30.887714                           
    38:Phi g1 c1 a0.8 t1.8   0.8814950       0.0421680       0.7712656       0.9425599                           
    39:Gamma'' g1 c1 a0.8 t  0.0500003       0.0487341       0.0069964       0.2822106                           
    40:Gamma' g1 c1 a0.8 t1  1.0000000       0.0000000       1.0000000       1.0000000                           
    41:Phi g1 c1 a0 t1       1.0000000       0.0000000       1.0000000       1.0000000       Fixed               
    42:Gamma'' g1 c1 a0 t1   0.0000000       0.0000000       0.0000000       0.0000000       Fixed               

  Program  MARK  - Survival Rate Estimation with Capture-Recapture Data
   gfortran(Win64) Vers. 8.1 Mar 2016    5-Aug-2016 15:45:16    Page  013
 - - - - - - - - - - - - - - - - - - - - - - - - - - - - - - - - - - - - - -
 


                      Estimates of Derived Parameters
 Population Estimates of { alpha(~1 + age.t + effort.trapdays + recordloss.agout.total)sigma(~1)U(~sample_month)Phi(~1)Gamma''(~1)Gamma'(~1) }
                                                95% Confidence Interval
 Grp. Occ.   N-hat           Standard Error      Lower           Upper
 ---- ----   --------------  --------------  --------------  --------------
   1     1   17.231165       1.9781017       13.769442       21.563186     
   1     2   17.231165       1.9781017       13.769442       21.563186     
   1     3   17.231165       1.9781017       13.769442       21.563186     
   1     4   16.471662       2.0170720       12.968432       20.921238     
   1     5   17.231165       1.9781017       13.769442       21.563186     
   1     6   23.461965       2.1141212       19.670597       27.984092     
   1     7   23.461965       2.1141212       19.670597       27.984092     
   1     8   23.461965       2.1141212       19.670597       27.984092     
   1     9   20.593708       2.1397111       16.808516       25.231307     
   1    10   23.461965       2.1141212       19.670597       27.984092     
   1    11   26.425838       1.8278330       23.079249       30.257697     
   1    12   25.406376       1.8224739       22.078051       29.236454     
   1    13   25.562411       1.8273850       22.224306       29.401901     
   1    14   25.306916       1.8174662       21.988013       29.126779     
   1    15   25.386572       1.8218535       22.059485       29.215463     
   1    16   36.790570       2.1862769       32.748964       41.330957     
   1    17   36.760023       2.1851710       32.720539       41.298198     
   1    18   36.796335       2.1868361       32.753719       41.337910     
   1    19   37.132351       2.2217180       33.026881       41.748159     
   1    20   34.823660       2.1834850       30.800263       39.372628     
   1    21   22.378813       1.7036738       19.280950       25.974408     
   1    22   23.630415       1.7299836       20.475615       27.271293     
   1    23   23.715870       1.7498279       20.526690       27.400544     
   1    24   21.584055       1.7272297       18.455440       25.243041     
   1    25   22.843338       1.7574269       19.650278       26.555252     
   1    26   31.143621       2.4145603       26.759206       36.246410     
   1    27   31.542370       2.4572953       27.082009       36.737344     
   1    28   31.280650       2.4351103       26.860307       36.428438     
   1    29   30.483556       2.4521454       26.043704       35.680300     
   1    30   31.292012       2.4364401       26.869318       36.442682     
 Mean Resighting Rate Estimates of { alpha(~1 + age.t + effort.trapdays + recordloss.agout.total)sigma(~1)U(~sample_month)Phi(~1)Gamma''(~1)Gamma'(~1) }
                                                95% Confidence Interval
 Grp. Occ.   Lambda-hat      Standard Error      Lower           Upper
 ---- ----   --------------  --------------  --------------  --------------
   1     1   2.4840627       0.3472282       1.8912657       3.2626656     
   1     2   2.9551014       0.3755134       2.3058900       3.7870948     
   1     3   3.6350013       0.3568080       3.0001997       4.4041181     
   1     4   2.8709728       0.2778542       2.3759636       3.4691124     
   1     5   2.7979169       0.2933382       2.2794789       3.4342669     
   1     6   4.0111308       0.3543256       3.3745830       4.7677507     
   1     7   3.8232458       0.3274011       3.2334929       4.5205630     
   1     8   2.9034089       0.2582089       2.4398096       3.4550988     
   1     9   3.7820326       0.3749529       3.1155978       4.5910197     

  Program  MARK  - Survival Rate Estimation with Capture-Recapture Data
   gfortran(Win64) Vers. 8.1 Mar 2016    5-Aug-2016 15:45:16    Page  014
 - - - - - - - - - - - - - - - - - - - - - - - - - - - - - - - - - - - - - -
 
   1    10   3.6918349       0.3110212       3.1308167       4.3533833     
   1    11   4.2042057       0.2949857       3.6646466       4.8232060     
   1    12   3.8429561       0.2264842       3.4240689       4.3130882     
   1    13   3.4347906       0.1956288       3.0722628       3.8400968     
   1    14   4.9725290       0.3580795       4.3187603       5.7252644     
   1    15   4.6527219       0.2579554       4.1739791       5.1863751     
   1    16   3.6505670       0.2118563       3.2583855       4.0899518     
   1    17   4.2396111       0.2386599       3.7970512       4.7337529     
   1    18   3.8966858       0.2155070       3.4966695       4.3424637     
   1    19   3.2632422       0.2018790       2.8909423       3.6834875     
   1    20   3.0208418       0.2163014       2.6257669       3.4753600     
   1    21   5.6373449       0.4084039       4.8920162       6.4962291     
   1    22   3.6427988       0.2349040       3.2107154       4.1330299     
   1    23   3.3832590       0.2604188       2.9101237       3.9333178     
   1    24   3.2842433       0.2547236       2.8217236       3.8225763     
   1    25   4.1420850       0.2833254       3.6229495       4.7356078     
   1    26   4.3750038       0.3504939       3.7401934       5.1175584     
   1    27   2.7243989       0.2148633       2.3347607       3.1790622     
   1    28   3.9575019       0.2876181       3.4327245       4.5625047     
   1    29   3.2201111       0.2456552       2.7734961       3.7386443     
   1    30   3.9174267       0.2832267       3.4004687       4.5129754     
 Pr(Captured 1 or more times) of { alpha(~1 + age.t + effort.trapdays + recordloss.agout.total)sigma(~1)U(~sample_month)Phi(~1)Gamma''(~1)Gamma'(~1) }
                                                95% Confidence Interval
 Grp. Occ.      p*-hat       Standard Error      Lower           Upper
 ---- ----   --------------  --------------  --------------  --------------
   1     1   0.2873552       0.0119137       0.2645812       0.3112599     
   1     2   0.2994046       0.0094133       0.2812858       0.3181738     
   1     3   0.3108870       0.0062732       0.2987269       0.3233138     
   1     4   0.4463294       0.0121540       0.4226484       0.4702566     
   1     5   0.2958486       0.0087247       0.2790393       0.3132306     
   1     6   0.1891623       0.0031251       0.1831131       0.1953637     
   1     7   0.1879311       0.0032872       0.1815730       0.1944590     
   1     8   0.1789683       0.0045821       0.1701629       0.1881260     
   1     9   0.4690996       0.0089820       0.4515406       0.4867354     
   1    10   0.1869735       0.0034131       0.1803757       0.1937555     
   1    11   0.1911340       0.0024673       0.1863448       0.1960167     
   1    12   0.2353162       0.0035804       0.2283712       0.2424061     
   1    13   0.2323944       0.0038062       0.2250179       0.2399379     
   1    14   0.2433757       0.0021744       0.2391391       0.2476628     
   1    15   0.2426029       0.0021078       0.2384955       0.2467581     
   1    16   0.1342386       0.0021011       0.1301737       0.1384103     
   1    17   0.1377676       0.0013518       0.1351394       0.1404385     
   1    18   0.1368141       0.0014257       0.1340437       0.1396325     
   1    19   0.1326898       0.0021745       0.1284855       0.1370100     
   1    20   0.1850604       0.0031262       0.1790113       0.1912662     
   1    21   0.2466679       0.0012212       0.2442822       0.2490691     
   1    22   0.1879849       0.0028037       0.1825513       0.1935420     
   1    23   0.1858598       0.0033423       0.1793978       0.1925001     
   1    24   0.3095598       0.0055438       0.2988005       0.3205294     
   1    25   0.2419278       0.0023053       0.2374383       0.2464748     

  Program  MARK  - Survival Rate Estimation with Capture-Recapture Data
   gfortran(Win64) Vers. 8.1 Mar 2016    5-Aug-2016 15:45:16    Page  015
 - - - - - - - - - - - - - - - - - - - - - - - - - - - - - - - - - - - - - -
 
   1    26   0.1915657       0.0025009       0.1867118       0.1965153     
   1    27   0.1750274       0.0047872       0.1658418       0.1846092     
   1    28   0.1898554       0.0026521       0.1847117       0.1951081     
   1    29   0.2300300       0.0045085       0.2213125       0.2389855     
   1    30   0.1896080       0.0026866       0.1843982       0.1949298     

 Attempted ordering of parameters by estimatibility:
   1  6  9 11  8 10  5  7  2  3 12  4 13 14
 Beta number 14 is a singular value.

     CPU Time in seconds for last procedure was 4.67


  INPUT --- proc stop;

   * *  WARNING  * *   Numerical underflow occurred during final processing of this model. 
     IEEE flag status at final processing of this model:
     overflow       F
     divide by zero F
     invalid        F
     underflow      T
     inexact        T


     CPU Time in minutes for this job was 0.08

     Time Start = 15:45:13.515   Time End = 15:45:16.893

     Wall Clock Time in minutes for this job was 0.06


          E X E C U T I O N   S U C C E S S F U L 
