
   Program  MARK  - Survival Rate Estimation with Capture-Recapture Data
   gfortran(Win64) Vers. 8.1 Mar 2016    5-Aug-2016 15:49:23    Page  001
 - - - - - - - - - - - - - - - - - - - - - - - - - - - - - - - - - - - - - -
 
   This version was compiled by GCC version 5.3.0 using the options: 
     -cpp -iprefix c:\tdm-gcc-64\gcc\bin\../lib/gcc/x86_64-w64-mingw32/5.3.0/ -D_MT
     -U_REENTRANT -D IEEE -m64 -mtune=generic -march=x86-64 -mthreads -O2
     -fimplicit-none -fbounds-check -funroll-loops -ftree-vectorize
     -ffpe-summary=invalid,zero,overflow,underflow -fno-unsafe-math-optimizations
     -frounding-math -fsignaling-nans -fopenmp.

   This problem will use 3 of 4 possible threads.


  INPUT --- proc title ;

     CPU Time in seconds for last procedure was 0.00


  INPUT --- proc chmatrix occasions= 30 groups= 1 etype= PoissonMR 
  INPUT --- icovar = 32 ICMeans NoHist  hist= 14 ;

  INPUT ---    time interval 0.2 0.2 0.2 0.2 2 0.2 0.2 0.2 0.2 2.5 0.2 0.2 
  INPUT ---    0.2 0.2 2.667 0.2 0.2 0.2  0.2 1.767 0.2 0.2 0.2 0.2 3.167 
  INPUT ---    0.2 0.2 0.2 0.2 ;

  INPUT ---     icovariates captive age.t1 age.t1.2 age.t1.4  age.t1.6 
  INPUT ---    age.t1.8 age.t3.8 age.t4 age.t4.2 age.t4.4 age.t4.6 
  INPUT ---    age.t7.1 age.t7.3 age.t7.5 age.t7.7  age.t7.9 age.t10.567 
  INPUT ---    age.t10.767 age.t10.967 age.t11.167 age.t11.367 age.t13.134 
  INPUT ---    age.t13.334  age.t13.534 age.t13.734 age.t13.934 
  INPUT ---    age.t17.101 age.t17.301 age.t17.501 age.t17.701 age.t17.901 
  INPUT ---     sex ;

  INPUT ---    glabel(1)=Group 1;

      Number of unique encounter histories read was 14.

      Number of individual covariates read was 32.
      Time interval lengths vary and/or not equal to 1.

      Data type number is 115
      Data type is Poisson Mark Resight with Robust Design                                                             

     CPU Time in seconds for last procedure was 0.00

  Program  MARK  - Survival Rate Estimation with Capture-Recapture Data
   gfortran(Win64) Vers. 8.1 Mar 2016    5-Aug-2016 15:49:23    Page  002
 - - - - - - - - - - - - - - - - - - - - - - - - - - - - - - - - - - - - - -
 


  INPUT --- proc estimate link=Parm-Specific NOLOOP varest=2ndPart    ;


  INPUT --- model={ alpha(~1 + captive + age.t + sex + effort.trapdays 
  INPUT --- + 
  INPUT --- recordloss.agout.total)sigma(~1)U(~sample_month)Phi(~1)Gamma
  INPUT --- ''(~1)Gamma'(~1) };

  INPUT ---    fixed=2;
  INPUT ---        parm(40)=0 ;
  INPUT ---        parm(41)=1 ;

  INPUT ---    group=1 alpha    rows=1 cols=30 Square ;
  INPUT ---        1 2 3 4 5 6 7 8 9 10 11 12 13 14 15 16 17 18 19 20 21 22 
  INPUT ---       23 24 25 26 27 28 29 30 ;

  INPUT ---    group=1 sigma    rows=1 cols=30 Square ;
  INPUT ---        40 40 40 40 40 40 40 40 40 40 40 40 40 40 40 40 40 40 40 
  INPUT ---       40 40 40 40 40 40 40 40 40 40 40 ;

  INPUT ---    group=1 U    rows=1 cols=30 Square ;
  INPUT ---        31 31 31 31 31 32 32 32 32 32 33 33 33 33 33 34 34 34 34 
  INPUT ---       34 35 35 35 35 35 36 36 36 36 36 ;

  INPUT ---    group=1 Phi    rows=29 cols=29 Triang ;
  INPUT ---        41 41 41 41 37 41 41 41 41 37 41 41 41 41 37 41 41 41 41 
  INPUT ---       37 41 41 41 41 37 41 41 41 41 ;
  INPUT ---        41 41 41 41 41 41 41 41 41 41 41 41 41 41 41 41 41 41 41 
  INPUT ---       41 41 41 41 41 41 41 41 41 ;
  INPUT ---        41 41 41 41 41 41 41 41 41 41 41 41 41 41 41 41 41 41 41 
  INPUT ---       41 41 41 41 41 41 41 41 ;
  INPUT ---        41 41 41 41 41 41 41 41 41 41 41 41 41 41 41 41 41 41 41 
  INPUT ---       41 41 41 41 41 41 41 ;
  INPUT ---        41 41 41 41 41 41 41 41 41 41 41 41 41 41 41 41 41 41 41 
  INPUT ---       41 41 41 41 41 41 ;
  INPUT ---        41 41 41 41 37 41 41 41 41 37 41 41 41 41 37 41 41 41 41 
  INPUT ---       37 41 41 41 41 ;
  INPUT ---        41 41 41 41 41 41 41 41 41 41 41 41 41 41 41 41 41 41 41 
  INPUT ---       41 41 41 41 ;
  INPUT ---        41 41 41 41 41 41 41 41 41 41 41 41 41 41 41 41 41 41 41 
  INPUT ---       41 41 41 ;
  INPUT ---        41 41 41 41 41 41 41 41 41 41 41 41 41 41 41 41 41 41 41 
  INPUT ---       41 41 ;
  INPUT ---        41 41 41 41 41 41 41 41 41 41 41 41 41 41 41 41 41 41 41 

  Program  MARK  - Survival Rate Estimation with Capture-Recapture Data
   gfortran(Win64) Vers. 8.1 Mar 2016    5-Aug-2016 15:49:23    Page  003
 - - - - - - - - - - - - - - - - - - - - - - - - - - - - - - - - - - - - - -
 
  INPUT ---       41 ;
  INPUT ---        41 41 41 41 37 41 41 41 41 37 41 41 41 41 37 41 41 41 41 ;
  INPUT ---        41 41 41 41 41 41 41 41 41 41 41 41 41 41 41 41 41 41 ;
  INPUT ---        41 41 41 41 41 41 41 41 41 41 41 41 41 41 41 41 41 ;
  INPUT ---        41 41 41 41 41 41 41 41 41 41 41 41 41 41 41 41 ;
  INPUT ---        41 41 41 41 41 41 41 41 41 41 41 41 41 41 41 ;
  INPUT ---        41 41 41 41 37 41 41 41 41 37 41 41 41 41 ;
  INPUT ---        41 41 41 41 41 41 41 41 41 41 41 41 41 ;
  INPUT ---        41 41 41 41 41 41 41 41 41 41 41 41 ;
  INPUT ---        41 41 41 41 41 41 41 41 41 41 41 ;
  INPUT ---        41 41 41 41 41 41 41 41 41 41 ;
  INPUT ---        41 41 41 41 37 41 41 41 41 ;
  INPUT ---        41 41 41 41 41 41 41 41 ;
  INPUT ---        41 41 41 41 41 41 41 ;
  INPUT ---        41 41 41 41 41 41 ;
  INPUT ---        41 41 41 41 41 ;
  INPUT ---        41 41 41 41 ;
  INPUT ---        41 41 41 ;
  INPUT ---        41 41 ;
  INPUT ---        41 ;

  INPUT ---    group=1 Gamma''    rows=29 cols=29 Triang ;
  INPUT ---        40 40 40 40 38 40 40 40 40 38 40 40 40 40 38 40 40 40 40 
  INPUT ---       38 40 40 40 40 38 40 40 40 40 ;
  INPUT ---        40 40 40 40 40 40 40 40 40 40 40 40 40 40 40 40 40 40 40 
  INPUT ---       40 40 40 40 40 40 40 40 40 ;
  INPUT ---        40 40 40 40 40 40 40 40 40 40 40 40 40 40 40 40 40 40 40 
  INPUT ---       40 40 40 40 40 40 40 40 ;
  INPUT ---        40 40 40 40 40 40 40 40 40 40 40 40 40 40 40 40 40 40 40 
  INPUT ---       40 40 40 40 40 40 40 ;
  INPUT ---        40 40 40 40 40 40 40 40 40 40 40 40 40 40 40 40 40 40 40 
  INPUT ---       40 40 40 40 40 40 ;
  INPUT ---        40 40 40 40 38 40 40 40 40 38 40 40 40 40 38 40 40 40 40 
  INPUT ---       38 40 40 40 40 ;
  INPUT ---        40 40 40 40 40 40 40 40 40 40 40 40 40 40 40 40 40 40 40 
  INPUT ---       40 40 40 40 ;
  INPUT ---        40 40 40 40 40 40 40 40 40 40 40 40 40 40 40 40 40 40 40 
  INPUT ---       40 40 40 ;
  INPUT ---        40 40 40 40 40 40 40 40 40 40 40 40 40 40 40 40 40 40 40 
  INPUT ---       40 40 ;
  INPUT ---        40 40 40 40 40 40 40 40 40 40 40 40 40 40 40 40 40 40 40 
  INPUT ---       40 ;
  INPUT ---        40 40 40 40 38 40 40 40 40 38 40 40 40 40 38 40 40 40 40 ;
  INPUT ---        40 40 40 40 40 40 40 40 40 40 40 40 40 40 40 40 40 40 ;
  INPUT ---        40 40 40 40 40 40 40 40 40 40 40 40 40 40 40 40 40 ;
  INPUT ---        40 40 40 40 40 40 40 40 40 40 40 40 40 40 40 40 ;

  Program  MARK  - Survival Rate Estimation with Capture-Recapture Data
   gfortran(Win64) Vers. 8.1 Mar 2016    5-Aug-2016 15:49:23    Page  004
 - - - - - - - - - - - - - - - - - - - - - - - - - - - - - - - - - - - - - -
 
  INPUT ---        40 40 40 40 40 40 40 40 40 40 40 40 40 40 40 ;
  INPUT ---        40 40 40 40 38 40 40 40 40 38 40 40 40 40 ;
  INPUT ---        40 40 40 40 40 40 40 40 40 40 40 40 40 ;
  INPUT ---        40 40 40 40 40 40 40 40 40 40 40 40 ;
  INPUT ---        40 40 40 40 40 40 40 40 40 40 40 ;
  INPUT ---        40 40 40 40 40 40 40 40 40 40 ;
  INPUT ---        40 40 40 40 38 40 40 40 40 ;
  INPUT ---        40 40 40 40 40 40 40 40 ;
  INPUT ---        40 40 40 40 40 40 40 ;
  INPUT ---        40 40 40 40 40 40 ;
  INPUT ---        40 40 40 40 40 ;
  INPUT ---        40 40 40 40 ;
  INPUT ---        40 40 40 ;
  INPUT ---        40 40 ;
  INPUT ---        40 ;

  INPUT ---    group=1 Gamma'    rows=28 cols=28 Triang ;
  INPUT ---        40 40 40 39 40 40 40 40 39 40 40 40 40 39 40 40 40 40 39 
  INPUT ---       40 40 40 40 39 40 40 40 40 ;
  INPUT ---        40 40 40 40 40 40 40 40 40 40 40 40 40 40 40 40 40 40 40 
  INPUT ---       40 40 40 40 40 40 40 40 ;
  INPUT ---        40 40 40 40 40 40 40 40 40 40 40 40 40 40 40 40 40 40 40 
  INPUT ---       40 40 40 40 40 40 40 ;
  INPUT ---        40 40 40 40 40 40 40 40 40 40 40 40 40 40 40 40 40 40 40 
  INPUT ---       40 40 40 40 40 40 ;
  INPUT ---        40 40 40 40 40 40 40 40 40 40 40 40 40 40 40 40 40 40 40 
  INPUT ---       40 40 40 40 40 ;
  INPUT ---        40 40 40 39 40 40 40 40 39 40 40 40 40 39 40 40 40 40 39 
  INPUT ---       40 40 40 40 ;
  INPUT ---        40 40 40 40 40 40 40 40 40 40 40 40 40 40 40 40 40 40 40 
  INPUT ---       40 40 40 ;
  INPUT ---        40 40 40 40 40 40 40 40 40 40 40 40 40 40 40 40 40 40 40 
  INPUT ---       40 40 ;
  INPUT ---        40 40 40 40 40 40 40 40 40 40 40 40 40 40 40 40 40 40 40 
  INPUT ---       40 ;
  INPUT ---        40 40 40 40 40 40 40 40 40 40 40 40 40 40 40 40 40 40 40 ;
  INPUT ---        40 40 40 39 40 40 40 40 39 40 40 40 40 39 40 40 40 40 ;
  INPUT ---        40 40 40 40 40 40 40 40 40 40 40 40 40 40 40 40 40 ;
  INPUT ---        40 40 40 40 40 40 40 40 40 40 40 40 40 40 40 40 ;
  INPUT ---        40 40 40 40 40 40 40 40 40 40 40 40 40 40 40 ;
  INPUT ---        40 40 40 40 40 40 40 40 40 40 40 40 40 40 ;
  INPUT ---        40 40 40 39 40 40 40 40 39 40 40 40 40 ;
  INPUT ---        40 40 40 40 40 40 40 40 40 40 40 40 ;
  INPUT ---        40 40 40 40 40 40 40 40 40 40 40 ;
  INPUT ---        40 40 40 40 40 40 40 40 40 40 ;
  INPUT ---        40 40 40 40 40 40 40 40 40 ;

  Program  MARK  - Survival Rate Estimation with Capture-Recapture Data
   gfortran(Win64) Vers. 8.1 Mar 2016    5-Aug-2016 15:49:23    Page  005
 - - - - - - - - - - - - - - - - - - - - - - - - - - - - - - - - - - - - - -
 
  INPUT ---        40 40 40 39 40 40 40 40 ;
  INPUT ---        40 40 40 40 40 40 40 ;
  INPUT ---        40 40 40 40 40 40 ;
  INPUT ---        40 40 40 40 40 ;
  INPUT ---        40 40 40 40 ;
  INPUT ---        40 40 40 ;
  INPUT ---        40 40 ;
  INPUT ---        40 ;

  INPUT ---    initial  0.8492118 0 0 0 0 0 3.139572 0 0 0 0 0 2.0066797 
  INPUT ---    -2.9445172 17.724958  ;

  INPUT ---    design matrix constraints=41 covariates=15;
  INPUT ---        1 captive age.t1 sex 96 0.186046511627907 0 0 0 0 0 0 0 0 
  INPUT ---       0;
  INPUT ---        1 captive age.t1.2 sex 96 0.127659574468085 0 0 0 0 0 0 0 
  INPUT ---       0 0;
  INPUT ---        1 captive age.t1.4 sex 114 0.08 0 0 0 0 0 0 0 0 0;
  INPUT ---        1 captive age.t1.6 sex 120 0.166666666666667 0 0 0 0 0 0 0 
  INPUT ---       0 0;
  INPUT ---        1 captive age.t1.8 sex 115 0.169230769230769 0 0 0 0 0 0 0 
  INPUT ---       0 0;
  INPUT ---        1 captive age.t3.8 sex 126 0.0615384615384615 0 0 0 0 0 0 
  INPUT ---       0 0 0;
  INPUT ---        1 captive age.t4 sex 126 0.0776699029126214 0 0 0 0 0 0 0 
  INPUT ---       0 0;
  INPUT ---        1 captive age.t4.2 sex 126 0.170212765957447 0 0 0 0 0 0 0 
  INPUT ---       0 0;
  INPUT ---        1 captive age.t4.4 sex 114 0.0666666666666667 0 0 0 0 0 0 
  INPUT ---       0 0 0;
  INPUT ---        1 captive age.t4.6 sex 126 0.0894308943089431 0 0 0 0 0 0 
  INPUT ---       0 0 0;
  INPUT ---        1 captive age.t7.1 sex 139 0.08 0 0 0 0 0 0 0 0 0;
  INPUT ---        1 captive age.t7.3 sex 168 0.135135135135135 0 0 0 0 0 0 0 
  INPUT ---       0 0;
  INPUT ---        1 captive age.t7.5 sex 180 0.213740458015267 0 0 0 0 0 0 0 
  INPUT ---       0 0;
  INPUT ---        1 captive age.t7.7 sex 174 0.0869565217391304 0 0 0 0 0 0 
  INPUT ---       0 0 0;
  INPUT ---        1 captive age.t7.9 sex 173 0.131428571428571 0 0 0 0 0 0 0 
  INPUT ---       0 0;
  INPUT ---        1 captive age.t10.567 sex 166 0.167441860465116 0 0 0 0 0 
  INPUT ---       0 0 0 0;
  INPUT ---        1 captive age.t10.767 sex 172 0.155 0 0 0 0 0 0 0 0 0;
  INPUT ---        1 captive age.t10.967 sex 166 0.168831168831169 0 0 0 0 0 
  INPUT ---       0 0 0 0;

  Program  MARK  - Survival Rate Estimation with Capture-Recapture Data
   gfortran(Win64) Vers. 8.1 Mar 2016    5-Aug-2016 15:49:23    Page  006
 - - - - - - - - - - - - - - - - - - - - - - - - - - - - - - - - - - - - - -
 
  INPUT ---        1 captive age.t11.167 sex 171 0.231182795698925 0 0 0 0 0 
  INPUT ---       0 0 0 0;
  INPUT ---        1 captive age.t11.367 sex 151 0.224489795918367 0 0 0 0 0 
  INPUT ---       0 0 0 0;
  INPUT ---        1 captive age.t13.134 sex 192 0.125827814569536 0 0 0 0 0 
  INPUT ---       0 0 0 0;
  INPUT ---        1 captive age.t13.334 sex 185 0.201612903225806 0 0 0 0 0 
  INPUT ---       0 0 0 0;
  INPUT ---        1 captive age.t13.534 sex 198 0.244604316546763 0 0 0 0 0 
  INPUT ---       0 0 0 0;
  INPUT ---        1 captive age.t13.734 sex 198 0.282828282828283 0 0 0 0 0 
  INPUT ---       0 0 0 0;
  INPUT ---        1 captive age.t13.934 sex 195 0.314516129032258 0 0 0 0 0 
  INPUT ---       0 0 0 0;
  INPUT ---        1 captive age.t17.101 sex 192 0.137254901960784 0 0 0 0 0 
  INPUT ---       0 0 0 0;
  INPUT ---        1 captive age.t17.301 sex 192 0.266129032258065 0 0 0 0 0 
  INPUT ---       0 0 0 0;
  INPUT ---        1 captive age.t17.501 sex 198 0.198581560283688 0 0 0 0 0 
  INPUT ---       0 0 0 0;
  INPUT ---        1 captive age.t17.701 sex 198 0.293333333333333 0 0 0 0 0 
  INPUT ---       0 0 0 0;
  INPUT ---        1 captive age.t17.901 sex 198 0.202453987730061 0 0 0 0 0 
  INPUT ---       0 0 0 0;
  INPUT ---        0 0 0 0 0 0 1 0 0 0 0 0 0 0 0;
  INPUT ---        0 0 0 0 0 0 1 1 0 0 0 0 0 0 0;
  INPUT ---        0 0 0 0 0 0 1 0 1 0 0 0 0 0 0;
  INPUT ---        0 0 0 0 0 0 1 0 0 1 0 0 0 0 0;
  INPUT ---        0 0 0 0 0 0 1 0 0 0 1 0 0 0 0;
  INPUT ---        0 0 0 0 0 0 1 0 0 0 0 1 0 0 0;
  INPUT ---        0 0 0 0 0 0 0 0 0 0 0 0 1 0 0;
  INPUT ---        0 0 0 0 0 0 0 0 0 0 0 0 0 1 0;
  INPUT ---        0 0 0 0 0 0 0 0 0 0 0 0 0 0 1;
  INPUT ---        0 0 0 0 0 0 0 0 0 0 0 0 0 0 0;
  INPUT ---        0 0 0 0 0 0 0 0 0 0 0 0 0 0 0;

  INPUT ---    links=41;

  INPUT ---    Log;

  INPUT ---    Log;

  INPUT ---    Log;

  INPUT ---    Log;


  Program  MARK  - Survival Rate Estimation with Capture-Recapture Data
   gfortran(Win64) Vers. 8.1 Mar 2016    5-Aug-2016 15:49:23    Page  007
 - - - - - - - - - - - - - - - - - - - - - - - - - - - - - - - - - - - - - -
 
  INPUT ---    Log;

  INPUT ---    Log;

  INPUT ---    Log;

  INPUT ---    Log;

  INPUT ---    Log;

  INPUT ---    Log;

  INPUT ---    Log;

  INPUT ---    Log;

  INPUT ---    Log;

  INPUT ---    Log;

  INPUT ---    Log;

  INPUT ---    Log;

  INPUT ---    Log;

  INPUT ---    Log;

  INPUT ---    Log;

  INPUT ---    Log;

  INPUT ---    Log;

  INPUT ---    Log;

  INPUT ---    Log;

  INPUT ---    Log;

  INPUT ---    Log;

  INPUT ---    Log;

  INPUT ---    Log;


  Program  MARK  - Survival Rate Estimation with Capture-Recapture Data
   gfortran(Win64) Vers. 8.1 Mar 2016    5-Aug-2016 15:49:23    Page  008
 - - - - - - - - - - - - - - - - - - - - - - - - - - - - - - - - - - - - - -
 
  INPUT ---    Log;

  INPUT ---    Log;

  INPUT ---    Log;

  INPUT ---    Log;

  INPUT ---    Log;

  INPUT ---    Log;

  INPUT ---    Log;

  INPUT ---    Log;

  INPUT ---    Log;

  INPUT ---    Logit;

  INPUT ---    Logit;

  INPUT ---    Logit;

  INPUT ---    Log;

  INPUT ---    Logit;
  INPUT ---       blabel(1)=alpha:(Intercept);
  INPUT ---       blabel(2)=alpha:captive;
  INPUT ---       blabel(3)=alpha:age.t;
  INPUT ---       blabel(4)=alpha:sex;
  INPUT ---       blabel(5)=alpha:effort.trapdays;
  INPUT ---       blabel(6)=alpha:recordloss.agout.total;
  INPUT ---       blabel(7)=U:(Intercept);
  INPUT ---       blabel(8)=U:sample_monthB;
  INPUT ---       blabel(9)=U:sample_monthC;
  INPUT ---       blabel(10)=U:sample_monthD;
  INPUT ---       blabel(11)=U:sample_monthE;
  INPUT ---       blabel(12)=U:sample_monthF;
  INPUT ---       blabel(13)=Phi:(Intercept);
  INPUT ---       blabel(14)=GammaDoublePrime:(Intercept);
  INPUT ---       blabel(15)=GammaPrime:(Intercept);
  INPUT ---       rlabel(1)=alpha g1 a0 t1;
  INPUT ---       rlabel(2)=alpha g1 a0.2 t1.2;
  INPUT ---       rlabel(3)=alpha g1 a0.4 t1.4;
  INPUT ---       rlabel(4)=alpha g1 a0.6 t1.6;

  Program  MARK  - Survival Rate Estimation with Capture-Recapture Data
   gfortran(Win64) Vers. 8.1 Mar 2016    5-Aug-2016 15:49:23    Page  009
 - - - - - - - - - - - - - - - - - - - - - - - - - - - - - - - - - - - - - -
 
  INPUT ---       rlabel(5)=alpha g1 a0.8 t1.8;
  INPUT ---       rlabel(6)=alpha g1 a2.8 t3.8;
  INPUT ---       rlabel(7)=alpha g1 a3 t4;
  INPUT ---       rlabel(8)=alpha g1 a3.2 t4.2;
  INPUT ---       rlabel(9)=alpha g1 a3.4 t4.4;
  INPUT ---       rlabel(10)=alpha g1 a3.6 t4.6;
  INPUT ---       rlabel(11)=alpha g1 a6.1 t7.1;
  INPUT ---       rlabel(12)=alpha g1 a6.3 t7.3;
  INPUT ---       rlabel(13)=alpha g1 a6.5 t7.5;
  INPUT ---       rlabel(14)=alpha g1 a6.7 t7.7;
  INPUT ---       rlabel(15)=alpha g1 a6.9 t7.9;
  INPUT ---       rlabel(16)=alpha g1 a9.567 t10.567;
  INPUT ---       rlabel(17)=alpha g1 a9.767 t10.767;
  INPUT ---       rlabel(18)=alpha g1 a9.967 t10.967;
  INPUT ---       rlabel(19)=alpha g1 a10.167 t11.167;
  INPUT ---       rlabel(20)=alpha g1 a10.367 t11.367;
  INPUT ---       rlabel(21)=alpha g1 a12.134 t13.134;
  INPUT ---       rlabel(22)=alpha g1 a12.334 t13.334;
  INPUT ---       rlabel(23)=alpha g1 a12.534 t13.534;
  INPUT ---       rlabel(24)=alpha g1 a12.734 t13.734;
  INPUT ---       rlabel(25)=alpha g1 a12.934 t13.934;
  INPUT ---       rlabel(26)=alpha g1 a16.101 t17.101;
  INPUT ---       rlabel(27)=alpha g1 a16.301 t17.301;
  INPUT ---       rlabel(28)=alpha g1 a16.501 t17.501;
  INPUT ---       rlabel(29)=alpha g1 a16.701 t17.701;
  INPUT ---       rlabel(30)=alpha g1 a16.901 t17.901;
  INPUT ---       rlabel(31)=U g1 a0 t1;
  INPUT ---       rlabel(32)=U g1 a2.8 t3.8;
  INPUT ---       rlabel(33)=U g1 a6.1 t7.1;
  INPUT ---       rlabel(34)=U g1 a9.567 t10.567;
  INPUT ---       rlabel(35)=U g1 a12.134 t13.134;
  INPUT ---       rlabel(36)=U g1 a16.101 t17.101;
  INPUT ---       rlabel(37)=Phi g1 c1 a0.8 t1.8;
  INPUT ---       rlabel(38)=Gamma'' g1 c1 a0.8 t1.8;
  INPUT ---       rlabel(39)=Gamma' g1 c1 a0.8 t1.8;
  INPUT ---       rlabel(40)=sigma g1 a0 t1;
  INPUT ---       rlabel(41)=Phi g1 c1 a0 t1;

 Link Function Used is PARM-SPECIFIC

 Variance Estimation Procedure Used is 2ndPart 

 M(t+1):
 Group=Group 1                                                                         
       3      3      3      2      3      5      5      5      2      5      5
       4      4      4      4     10      7      7      7      5      5      5
       5      3      4      5      5      5      4      5


 -2logL(saturated) = -0.0000000    
 Effective Sample Size = 169

  Program  MARK  - Survival Rate Estimation with Capture-Recapture Data
   gfortran(Win64) Vers. 8.1 Mar 2016    5-Aug-2016 15:49:23    Page  010
 - - - - - - - - - - - - - - - - - - - - - - - - - - - - - - - - - - - - - -
 
 Results from first iteration:
  -2logL Initial { alpha(~1 + captive + age.t + sex + effort.trapdays + recordloss.agout.total)sigma(~1)U(~sample_month)Phi(~1)Gamma''(~1)Gamma'(~1) } = 1474.9173     
  Penalty Initial { alpha(~1 + captive + age.t + sex + effort.trapdays + recordloss.agout.total)sigma(~1)U(~sample_month)Phi(~1)Gamma''(~1)Gamma'(~1) } = -0.0000000    

 Number of function evaluations was 24 for 15 parameters.
 Time for numerical optimization was 3.02 seconds.
 -2logL { alpha(~1 + captive + age.t + sex + effort.trapdays + recordloss.agout.total)sigma(~1)U(~sample_month)Phi(~1)Gamma''(~1)Gamma'(~1) } = 1078.6865     
 Penalty { alpha(~1 + captive + age.t + sex + effort.trapdays + recordloss.agout.total)sigma(~1)U(~sample_month)Phi(~1)Gamma''(~1)Gamma'(~1) } = -0.0000000    
 Gradient { alpha(~1 + captive + age.t + sex + effort.trapdays + recordloss.agout.total)sigma(~1)U(~sample_month)Phi(~1)Gamma''(~1)Gamma'(~1) }:
 -0.6979935E-03-0.6412395E-03 0.5303628E-03-0.5926979E-03 0.8646934E-03
  0.1387749E-03-0.2730098E-03-0.3367718E-04-0.9535559E-04-0.8439507E-04
 -0.1177390E-03-0.1384001E-04  0.000000    -0.5764502E-05  0.000000    
 S Vector { alpha(~1 + captive + age.t + sex + effort.trapdays + recordloss.agout.total)sigma(~1)U(~sample_month)Phi(~1)Gamma''(~1)Gamma'(~1) }:
   10956.61      615.0299      499.5601      471.9423      407.3245    
   365.2523      202.6660      51.12268      45.56764      14.35882    
   6.787435      6.137113      4.242067     0.9499976     0.2702012E-08
 Time to compute number of parameters was 2.41 seconds.
   Threshold =  0.3200000E-06     Condition index =  0.2466102E-12     New Threshold =  0.1046485E-07
 New Guessimate of Estimated Parameters { alpha(~1 + captive + age.t + sex + effort.trapdays + recordloss.agout.total)sigma(~1)U(~sample_month)Phi(~1)Gamma''(~1)Gamma'(~1) } = 14          
 Conditioned S Vector { alpha(~1 + captive + age.t + sex + effort.trapdays + recordloss.agout.total)sigma(~1)U(~sample_month)Phi(~1)Gamma''(~1)Gamma'(~1) }:
   1.000000     0.5613322E-01 0.4559439E-01 0.4307375E-01 0.3717614E-01
  0.3333624E-01 0.1849714E-01 0.4665920E-02 0.4158917E-02 0.1310517E-02
  0.6194830E-03 0.5601287E-03 0.3871696E-03 0.8670542E-04 0.2466102E-12
 Number of Estimated Parameters { alpha(~1 + captive + age.t + sex + effort.trapdays + recordloss.agout.total)sigma(~1)U(~sample_month)Phi(~1)Gamma''(~1)Gamma'(~1) } = 14          
 DEVIANCE { alpha(~1 + captive + age.t + sex + effort.trapdays + recordloss.agout.total)sigma(~1)U(~sample_month)Phi(~1)Gamma''(~1)Gamma'(~1) } = 1078.6865                     
 DEVIANCE Degrees of Freedom { alpha(~1 + captive + age.t + sex + effort.trapdays + recordloss.agout.total)sigma(~1)U(~sample_month)Phi(~1)Gamma''(~1)Gamma'(~1) } = 0            
 c-hat { alpha(~1 + captive + age.t + sex + effort.trapdays + recordloss.agout.total)sigma(~1)U(~sample_month)Phi(~1)Gamma''(~1)Gamma'(~1) } = 1.0000000                     
 AIC { alpha(~1 + captive + age.t + sex + effort.trapdays + recordloss.agout.total)sigma(~1)U(~sample_month)Phi(~1)Gamma''(~1)Gamma'(~1) } = 1106.6865                  
 AICc { alpha(~1 + captive + age.t + sex + effort.trapdays + recordloss.agout.total)sigma(~1)U(~sample_month)Phi(~1)Gamma''(~1)Gamma'(~1) } = 1109.4138                    
 BIC { alpha(~1 + captive + age.t + sex + effort.trapdays + recordloss.agout.total)sigma(~1)U(~sample_month)Phi(~1)Gamma''(~1)Gamma'(~1) } = 1150.5051                    
 Pearson Chisquare { alpha(~1 + captive + age.t + sex + effort.trapdays + recordloss.agout.total)sigma(~1)U(~sample_month)Phi(~1)Gamma''(~1)Gamma'(~1) } = 0.5934974E+031             


 PARM-SPECIFIC Link Function Parameters of { alpha(~1 + captive + age.t + sex + effort.trapdays + recordloss.agout.total)sigma(~1)U(~sample_month)Phi(~1)Gamma''(~1)Gamma'(~1) }
                                                              95% Confidence Interval
 Parameter                    Beta         Standard Error      Lower           Upper
 -------------------------  --------------  --------------  --------------  --------------
    1:alpha:(Intercept)     0.3030131       0.3271910       -0.3382812      0.9443074     
    2:alpha:captive         0.2765046       0.0875275       0.1049508       0.4480585     
    3:alpha:age.t           0.1146550       0.1303943       -0.1409180      0.3702279     
    4:alpha:sex             0.5728621       0.1825605       0.2150436       0.9306807     
    5:alpha:effort.trapday  0.0043786       0.0013929       0.0016484       0.0071088     
    6:alpha:recordloss.ago  -2.7684002      0.4301412       -3.6114769      -1.9253234    
    7:U:(Intercept)         2.4979304       0.1076877       2.2868626       2.7089983     
    8:U:sample_monthB       0.3503131       0.0996277       0.1550427       0.5455834     
    9:U:sample_monthC       0.4306892       0.1149092       0.2054672       0.6559111     
   10:U:sample_monthD       0.8859109       0.1160223       0.6585072       1.1133146     
   11:U:sample_monthE       0.3518175       0.1326350       0.0918528       0.6117821     
   12:U:sample_monthF       0.6428726       0.1351512       0.3779761       0.9077690     
   13:Phi:(Intercept)       2.0066707       0.4036621       1.2154930       2.7978484     
   14:GammaDoublePrime:(In  -2.9443768      1.0259796       -4.9552970      -0.9334567    
   15:GammaPrime:(Intercep  17.724958       0.0000000       17.724958       17.724958     

  Program  MARK  - Survival Rate Estimation with Capture-Recapture Data
   gfortran(Win64) Vers. 8.1 Mar 2016    5-Aug-2016 15:49:27    Page  011
 - - - - - - - - - - - - - - - - - - - - - - - - - - - - - - - - - - - - - -
 


 Real Function Parameters of { alpha(~1 + captive + age.t + sex + effort.trapdays + recordloss.agout.total)sigma(~1)U(~sample_month)Phi(~1)Gamma''(~1)Gamma'(~1) }

      Following estimates based on unstandardized individual covariate values:
          Variable   Value         
          ---------  ------------- 
          CAPTIVE    0.2142857     
          AGE.T1     1.0000000     
          AGE.T1.2   1.0000000     
          AGE.T1.4   1.0000000     
          AGE.T1.6   1.0000000     
          AGE.T1.8   1.0000000     
          AGE.T3.8   1.0000000     
          AGE.T4     1.0000000     
          AGE.T4.2   1.0000000     
          AGE.T4.4   1.0000000     
          AGE.T4.6   1.0000000     
          AGE.T7.1   0.8333333     
          AGE.T7.3   0.8333333     
          AGE.T7.5   0.8333333     
          AGE.T7.7   0.8333333     
          AGE.T7.9   0.8333333     
          AGE.T10.56 0.6666667     
          AGE.T10.76 0.6666667     
          AGE.T10.96 0.6666667     
          AGE.T11.16 0.6666667     
          AGE.T11.36 0.6666667     
          AGE.T13.13 1.0000000     
          AGE.T13.33 1.0000000     
          AGE.T13.53 1.0000000     
          AGE.T13.73 1.0000000     
          AGE.T13.93 1.0000000     
          AGE.T17.10 0.9230769     
          AGE.T17.30 0.9230769     
          AGE.T17.50 0.9230769     
          AGE.T17.70 0.9230769     
          AGE.T17.90 0.9230769     
          SEX        0.8461538     
                                                               95% Confidence Interval
  Parameter                  Estimate       Standard Error      Lower           Upper
 --------------------------  --------------  --------------  --------------  --------------
     1:alpha g1 a0 t1        2.3796286       0.2595407       1.9228402       2.9449314                           
     2:alpha g1 a0.2 t1.2    2.7970991       0.2815904       2.2973639       3.4055394                           
     3:alpha g1 a0.4 t1.4    3.4533290       0.2766403       2.9522792       4.0394151                           
     4:alpha g1 a0.6 t1.6    2.7889979       0.2175126       2.3942131       3.2488794                           

  Program  MARK  - Survival Rate Estimation with Capture-Recapture Data
   gfortran(Win64) Vers. 8.1 Mar 2016    5-Aug-2016 15:49:27    Page  012
 - - - - - - - - - - - - - - - - - - - - - - - - - - - - - - - - - - - - - -
 
     5:alpha g1 a0.8 t1.8    2.7093014       0.2270128       2.2996324       3.1919512                           
     6:alpha g1 a2.8 t3.8    3.8304834       0.2786399       3.3221204       4.4166379                           
     7:alpha g1 a3 t4        3.6631840       0.2591713       3.1894076       4.2073384                           
     8:alpha g1 a3.2 t4.2    2.8352696       0.2049684       2.4611496       3.2662597                           
     9:alpha g1 a3.4 t4.4    3.5831801       0.2900400       3.0582954       4.1981489                           
    10:alpha g1 a3.6 t4.6    3.5458347       0.2471387       3.0935843       4.0641995                           
    11:alpha g1 a6.1 t7.1    3.7798900       0.2354369       3.3458847       4.2701916                           
    12:alpha g1 a6.3 t7.3    3.6841456       0.1857731       3.3376545       4.0666068                           
    13:alpha g1 a6.5 t7.5    3.1235527       0.1610980       2.8234249       3.4555838                           
    14:alpha g1 a6.7 t7.7    4.3218693       0.2760429       3.8138070       4.8976138                           
    15:alpha g1 a6.9 t7.9    3.8045319       0.2014391       3.4297561       4.2202601                           
    16:alpha g1 a9.567 t10.  3.2763641       0.1749823       2.9509590       3.6376520                           
    17:alpha g1 a9.767 t10.  3.4814541       0.1901710       3.1282280       3.8745649                           
    18:alpha g1 a9.967 t10.  3.2637869       0.1742665       2.9397086       3.6235920                           
    19:alpha g1 a10.167 t11  2.8071422       0.1633445       2.5048105       3.1459656                           
    20:alpha g1 a10.367 t11  2.6198670       0.1721353       2.3036221       2.9795265                           
    21:alpha g1 a12.134 t13  4.2802052       0.3084483       3.7170805       4.9286413                           
    22:alpha g1 a12.334 t13  3.3654012       0.1937341       3.0066014       3.7670193                           
    23:alpha g1 a12.534 t13  3.1627812       0.2146127       2.7693352       3.6121249                           
    24:alpha g1 a12.734 t13  2.8451976       0.2059933       2.4692471       3.2783877                           
    25:alpha g1 a12.934 t13  2.5722269       0.1995183       2.2099499       2.9938920                           
    26:alpha g1 a16.101 t17  4.1105079       0.2752661       3.6054232       4.6863500                           
    27:alpha g1 a16.301 t17  2.8770671       0.1844009       2.5377482       3.2617560                           
    28:alpha g1 a16.501 t17  3.5610005       0.2299579       3.1380536       4.0409522                           
    29:alpha g1 a16.701 t17  2.7393776       0.1965836       2.3803737       3.1525258                           
    30:alpha g1 a16.901 t17  3.5230290       0.2268208       3.1057718       3.9963442                           
    31:U g1 a0 t1            12.157308       1.3091920       9.8499930       15.005100                           
    32:U g1 a2.8 t3.8        17.257443       1.4677180       14.612085       20.381714                           
    33:U g1 a6.1 t7.1        18.701797       1.1943842       16.503496       21.192917                           
    34:U g1 a9.567 t10.567   29.483811       1.7779408       26.199914       33.179312                           
    35:U g1 a12.134 t13.134  17.283425       1.2461472       15.008455       19.903233                           
    36:U g1 a16.101 t17.101  23.122427       1.6459531       20.114845       26.579704                           
    37:Phi g1 c1 a0.8 t1.8   0.8814957       0.0421670       0.7712694       0.9425594                           
    38:Gamma'' g1 c1 a0.8 t  0.0500030       0.0487368       0.0069967       0.2822240                           
    39:Gamma' g1 c1 a0.8 t1  1.0000000       0.0000000       1.0000000       1.0000000                           
    40:sigma g1 a0 t1        0.0000000       0.0000000       0.0000000       0.0000000       Fixed               
    41:Phi g1 c1 a0 t1       1.0000000       0.0000000       1.0000000       1.0000000       Fixed               

  Program  MARK  - Survival Rate Estimation with Capture-Recapture Data
   gfortran(Win64) Vers. 8.1 Mar 2016    5-Aug-2016 15:49:27    Page  013
 - - - - - - - - - - - - - - - - - - - - - - - - - - - - - - - - - - - - - -
 


                      Estimates of Derived Parameters
 Population Estimates of { alpha(~1 + captive + age.t + sex + effort.trapdays + recordloss.agout.total)sigma(~1)U(~sample_month)Phi(~1)Gamma''(~1)Gamma'(~1) }
                                                95% Confidence Interval
 Grp. Occ.   N-hat           Standard Error      Lower           Upper
 ---- ----   --------------  --------------  --------------  --------------
   1     1   15.157308       1.3091926       12.800763       17.947678     
   1     2   15.157308       1.3091926       12.800763       17.947678     
   1     3   15.157308       1.3091926       12.800763       17.947678     
   1     4   14.212759       1.3222426       11.848365       17.048979     
   1     5   15.157308       1.3091926       12.800763       17.947678     
   1     6   22.257443       1.4677185       19.561605       25.324801     
   1     7   22.257443       1.4677185       19.561605       25.324801     
   1     8   22.257443       1.4677185       19.561605       25.324801     
   1     9   19.308762       1.4795139       16.619816       22.432756     
   1    10   22.257443       1.4677185       19.561605       25.324801     
   1    11   23.783848       1.2051727       21.536592       26.265596     
   1    12   22.771322       1.2038710       20.531355       25.255669     
   1    13   22.829739       1.2068655       20.584191       25.320256     
   1    14   22.745472       1.2019829       20.508968       25.225868     
   1    15   22.776651       1.2043966       20.535730       25.262109     
   1    16   36.864799       1.8372931       33.436025       40.645185     
   1    17   36.709611       1.8078705       33.333777       40.427328     
   1    18   36.869015       1.8377688       33.439377       40.650406     
   1    19   37.019148       1.8449508       33.576079       40.815287     
   1    20   35.055039       1.8603492       31.594293       38.894865     
   1    21   21.351676       1.2577834       19.025319       23.962494     
   1    22   22.475844       1.2716877       20.118354       25.109587     
   1    23   22.463581       1.2744416       20.101344       25.103420     
   1    24   20.425979       1.2673022       18.089268       23.064539     
   1    25   21.633864       1.2923254       19.245574       24.318530     
   1    26   28.193450       1.6591260       25.124599       31.637146     
   1    27   28.383404       1.6820657       25.273396       31.876113     
   1    28   28.248351       1.6683748       25.163042       31.711957     
   1    29   27.393208       1.6853714       24.284048       30.900443     
   1    30   28.253479       1.6690780       25.166913       31.718593     
 Mean Resighting Rate Estimates of { alpha(~1 + captive + age.t + sex + effort.trapdays + recordloss.agout.total)sigma(~1)U(~sample_month)Phi(~1)Gamma''(~1)Gamma'(~1) }
                                                95% Confidence Interval
 Grp. Occ.   Lambda-hat      Standard Error      Lower           Upper
 ---- ----   --------------  --------------  --------------  --------------
   1     1   2.3796286       0.2595407       1.9228401       2.9449315     
   1     2   2.7970991       0.2815905       2.2973639       3.4055395     
   1     3   3.4533290       0.2766403       2.9522792       4.0394151     
   1     4   2.7889979       0.2175126       2.3942130       3.2488794     
   1     5   2.7093014       0.2270128       2.2996324       3.1919512     
   1     6   3.8304834       0.2786400       3.3221204       4.4166379     
   1     7   3.6631840       0.2591714       3.1894076       4.2073384     
   1     8   2.8352696       0.2049684       2.4611496       3.2662598     
   1     9   3.5831801       0.2900401       3.0582954       4.1981489     

  Program  MARK  - Survival Rate Estimation with Capture-Recapture Data
   gfortran(Win64) Vers. 8.1 Mar 2016    5-Aug-2016 15:49:27    Page  014
 - - - - - - - - - - - - - - - - - - - - - - - - - - - - - - - - - - - - - -
 
   1    10   3.5458347       0.2471387       3.0935842       4.0641995     
   1    11   4.1707599       0.2375865       3.7304829       4.6629991     
   1    12   3.9278659       0.1869397       3.5782230       4.3116738     
   1    13   3.6015524       0.1646423       3.2930421       3.9389656     
   1    14   5.0619130       0.2787913       4.5443137       5.6384670     
   1    15   4.7822623       0.2059252       4.3953836       5.2031937     
   1    16   3.8262125       0.1787585       3.4915830       4.1929124     
   1    17   4.4506914       0.1960212       4.0827765       4.8517606     
   1    18   4.0881498       0.1799789       3.7503386       4.4563892     
   1    19   3.4783013       0.1703890       3.1600519       3.8286016     
   1    20   3.1761795       0.1796554       2.8431237       3.5482508     
   1    21   5.7594454       0.3148517       5.1746606       6.4103164     
   1    22   3.7515820       0.1964114       3.3859463       4.1567012     
   1    23   3.5458580       0.2182447       3.1432515       4.0000328     
   1    24   3.4731157       0.2139752       3.0784086       3.9184313     
   1    25   4.4194963       0.2299909       3.9912168       4.8937326     
   1    26   4.5039481       0.2770719       3.9928042       5.0805266     
   1    27   2.8770671       0.1844009       2.5377481       3.2617561     
   1    28   4.1439543       0.2338779       3.7103242       4.6282632     
   1    29   3.4409196       0.2061097       3.0600788       3.8691579     
   1    30   4.1053230       0.2308369       3.6772425       4.5832378     
 Pr(Captured 1 or more times) of { alpha(~1 + captive + age.t + sex + effort.trapdays + recordloss.agout.total)sigma(~1)U(~sample_month)Phi(~1)Gamma''(~1)Gamma'(~1) }
                                                95% Confidence Interval
 Grp. Occ.      p*-hat       Standard Error      Lower           Upper
 ---- ----   --------------  --------------  --------------  --------------
   1     1   0.3135670       0.0057085       0.3024883       0.3248625     
   1     2   0.3211576       0.0037353       0.3138808       0.3285223     
   1     3   0.3276112       0.0016634       0.3243593       0.3308797     
   1     4   0.4865111       0.0041262       0.4784279       0.4946013     
   1     5   0.3198551       0.0033243       0.3133749       0.3264055     
   1     6   0.1971090       0.8318381E-003  0.1954836       0.1987444     
   1     7   0.1965361       0.9241045E-003  0.1947311       0.1983536     
   1     8   0.1914842       0.0018032       0.1879747       0.1950434     
   1     9   0.4874912       0.0039350       0.4797823       0.4952061     
   1    10   0.1960670       0.9986658E-003  0.1941170       0.1980318     
   1    11   0.1978176       0.5588266E-003  0.1967246       0.1989152     
   1    12   0.2466544       0.7567727E-003  0.2451741       0.2481407     
   1    13   0.2452070       0.9372089E-003  0.2433748       0.2470486     
   1    14   0.2487121       0.3917360E-003  0.2479451       0.2494807     
   1    15   0.2482743       0.3941321E-003  0.2475026       0.2490476     
   1    16   0.1387103       0.9589669E-003  0.1368414       0.1406006     
   1    17   0.1411501       0.3637141E-003  0.1404387       0.1418645     
   1    18   0.1394608       0.8923755E-003  0.1377209       0.1412191     
   1    19   0.1375024       0.0010278       0.1355002       0.1395294     
   1    20   0.1877905       0.0029855       0.1820089       0.1937123     
   1    21   0.2490826       0.3255748E-003  0.2484450       0.2497212     
   1    22   0.1949346       0.0011227       0.1927434       0.1971446     
   1    23   0.1952691       0.0011146       0.1930937       0.1974630     
   1    24   0.3253160       0.0018298       0.3217399       0.3289126     
   1    25   0.2466821       0.8786406E-003  0.2449641       0.2484083     

  Program  MARK  - Survival Rate Estimation with Capture-Recapture Data
   gfortran(Win64) Vers. 8.1 Mar 2016    5-Aug-2016 15:49:27    Page  015
 - - - - - - - - - - - - - - - - - - - - - - - - - - - - - - - - - - - - - -
 
   1    26   0.1981104       0.5340925E-003  0.1970656       0.1991593     
   1    27   0.1900788       0.0018684       0.1864437       0.1937678     
   1    28   0.1972592       0.6511200E-003  0.1959861       0.1985385     
   1    29   0.2421401       0.0016748       0.2388727       0.2454378     
   1    30   0.1971486       0.6685672E-003  0.1958415       0.1984623     

 Attempted ordering of parameters by estimatibility:
   1  7 10 12  9 11  2  8  3  4  5 13  6 14 15
 Beta number 15 is a singular value.

     CPU Time in seconds for last procedure was 5.72


  INPUT --- proc stop;

     CPU Time in minutes for this job was 0.10

     Time Start = 15:49:23.409   Time End = 15:49:27.337

     Wall Clock Time in minutes for this job was 0.07


          E X E C U T I O N   S U C C E S S F U L 
