
   Program  MARK  - Survival Rate Estimation with Capture-Recapture Data
   gfortran(Win64) Vers. 8.1 Mar 2016    5-Aug-2016 15:52:02    Page  001
 - - - - - - - - - - - - - - - - - - - - - - - - - - - - - - - - - - - - - -
 
   This version was compiled by GCC version 5.3.0 using the options: 
     -cpp -iprefix c:\tdm-gcc-64\gcc\bin\../lib/gcc/x86_64-w64-mingw32/5.3.0/ -D_MT
     -U_REENTRANT -D IEEE -m64 -mtune=generic -march=x86-64 -mthreads -O2
     -fimplicit-none -fbounds-check -funroll-loops -ftree-vectorize
     -ffpe-summary=invalid,zero,overflow,underflow -fno-unsafe-math-optimizations
     -frounding-math -fsignaling-nans -fopenmp.

   This problem will use 3 of 4 possible threads.


  INPUT --- proc title ;

     CPU Time in seconds for last procedure was 0.00


  INPUT --- proc chmatrix occasions= 30 groups= 1 etype= PoissonMR 
  INPUT --- icovar = 2 ICMeans NoHist  hist= 14 ;

  INPUT ---    time interval 0.2 0.2 0.2 0.2 2 0.2 0.2 0.2 0.2 2.5 0.2 0.2 
  INPUT ---    0.2 0.2 2.667 0.2 0.2 0.2  0.2 1.767 0.2 0.2 0.2 0.2 3.167 
  INPUT ---    0.2 0.2 0.2 0.2 ;

  INPUT ---     icovariates captive sex ;

  INPUT ---    glabel(1)=Group 1;

      Number of unique encounter histories read was 14.

      Number of individual covariates read was 2.
      Time interval lengths vary and/or not equal to 1.

      Data type number is 115
      Data type is Poisson Mark Resight with Robust Design                                                             

     CPU Time in seconds for last procedure was 0.00

  Program  MARK  - Survival Rate Estimation with Capture-Recapture Data
   gfortran(Win64) Vers. 8.1 Mar 2016    5-Aug-2016 15:52:02    Page  002
 - - - - - - - - - - - - - - - - - - - - - - - - - - - - - - - - - - - - - -
 


  INPUT --- proc estimate link=Parm-Specific NOLOOP varest=2ndPart    ;


  INPUT --- model={ alpha(~1 + captive + sex + effort.trapdays + 
  INPUT --- recordloss.agout.total)sigma(~1 + 
  INPUT --- recordloss.agout.var)U(~sample_month)Phi(~1 + 
  INPUT --- sample_month)Gamma''(~1)Gamma'(~1) };

  INPUT ---    fixed=2;
  INPUT ---        parm(74)=1 ;
  INPUT ---        parm(75)=0 ;

  INPUT ---    group=1 alpha    rows=1 cols=30 Square ;
  INPUT ---        1 2 3 4 5 6 7 8 9 10 11 12 13 14 15 16 17 18 19 20 21 22 
  INPUT ---       23 24 25 26 27 28 29 30 ;

  INPUT ---    group=1 sigma    rows=1 cols=30 Square ;
  INPUT ---        31 32 33 34 35 36 37 38 39 40 41 42 43 44 45 46 47 48 49 
  INPUT ---       50 51 52 53 54 55 56 57 58 59 60 ;

  INPUT ---    group=1 U    rows=1 cols=30 Square ;
  INPUT ---        61 61 61 61 61 62 62 62 62 62 63 63 63 63 63 64 64 64 64 
  INPUT ---       64 65 65 65 65 65 66 66 66 66 66 ;

  INPUT ---    group=1 Phi    rows=29 cols=29 Triang ;
  INPUT ---        74 74 74 74 67 74 74 74 74 68 74 74 74 74 69 74 74 74 74 
  INPUT ---       70 74 74 74 74 71 74 74 74 74 ;
  INPUT ---        74 74 74 74 74 74 74 74 74 74 74 74 74 74 74 74 74 74 74 
  INPUT ---       74 74 74 74 74 74 74 74 74 ;
  INPUT ---        74 74 74 74 74 74 74 74 74 74 74 74 74 74 74 74 74 74 74 
  INPUT ---       74 74 74 74 74 74 74 74 ;
  INPUT ---        74 74 74 74 74 74 74 74 74 74 74 74 74 74 74 74 74 74 74 
  INPUT ---       74 74 74 74 74 74 74 ;
  INPUT ---        74 74 74 74 74 74 74 74 74 74 74 74 74 74 74 74 74 74 74 
  INPUT ---       74 74 74 74 74 74 ;
  INPUT ---        74 74 74 74 68 74 74 74 74 69 74 74 74 74 70 74 74 74 74 
  INPUT ---       71 74 74 74 74 ;
  INPUT ---        74 74 74 74 74 74 74 74 74 74 74 74 74 74 74 74 74 74 74 
  INPUT ---       74 74 74 74 ;
  INPUT ---        74 74 74 74 74 74 74 74 74 74 74 74 74 74 74 74 74 74 74 
  INPUT ---       74 74 74 ;
  INPUT ---        74 74 74 74 74 74 74 74 74 74 74 74 74 74 74 74 74 74 74 
  INPUT ---       74 74 ;
  INPUT ---        74 74 74 74 74 74 74 74 74 74 74 74 74 74 74 74 74 74 74 

  Program  MARK  - Survival Rate Estimation with Capture-Recapture Data
   gfortran(Win64) Vers. 8.1 Mar 2016    5-Aug-2016 15:52:02    Page  003
 - - - - - - - - - - - - - - - - - - - - - - - - - - - - - - - - - - - - - -
 
  INPUT ---       74 ;
  INPUT ---        74 74 74 74 69 74 74 74 74 70 74 74 74 74 71 74 74 74 74 ;
  INPUT ---        74 74 74 74 74 74 74 74 74 74 74 74 74 74 74 74 74 74 ;
  INPUT ---        74 74 74 74 74 74 74 74 74 74 74 74 74 74 74 74 74 ;
  INPUT ---        74 74 74 74 74 74 74 74 74 74 74 74 74 74 74 74 ;
  INPUT ---        74 74 74 74 74 74 74 74 74 74 74 74 74 74 74 ;
  INPUT ---        74 74 74 74 70 74 74 74 74 71 74 74 74 74 ;
  INPUT ---        74 74 74 74 74 74 74 74 74 74 74 74 74 ;
  INPUT ---        74 74 74 74 74 74 74 74 74 74 74 74 ;
  INPUT ---        74 74 74 74 74 74 74 74 74 74 74 ;
  INPUT ---        74 74 74 74 74 74 74 74 74 74 ;
  INPUT ---        74 74 74 74 71 74 74 74 74 ;
  INPUT ---        74 74 74 74 74 74 74 74 ;
  INPUT ---        74 74 74 74 74 74 74 ;
  INPUT ---        74 74 74 74 74 74 ;
  INPUT ---        74 74 74 74 74 ;
  INPUT ---        74 74 74 74 ;
  INPUT ---        74 74 74 ;
  INPUT ---        74 74 ;
  INPUT ---        74 ;

  INPUT ---    group=1 Gamma''    rows=29 cols=29 Triang ;
  INPUT ---        75 75 75 75 72 75 75 75 75 72 75 75 75 75 72 75 75 75 75 
  INPUT ---       72 75 75 75 75 72 75 75 75 75 ;
  INPUT ---        75 75 75 75 75 75 75 75 75 75 75 75 75 75 75 75 75 75 75 
  INPUT ---       75 75 75 75 75 75 75 75 75 ;
  INPUT ---        75 75 75 75 75 75 75 75 75 75 75 75 75 75 75 75 75 75 75 
  INPUT ---       75 75 75 75 75 75 75 75 ;
  INPUT ---        75 75 75 75 75 75 75 75 75 75 75 75 75 75 75 75 75 75 75 
  INPUT ---       75 75 75 75 75 75 75 ;
  INPUT ---        75 75 75 75 75 75 75 75 75 75 75 75 75 75 75 75 75 75 75 
  INPUT ---       75 75 75 75 75 75 ;
  INPUT ---        75 75 75 75 72 75 75 75 75 72 75 75 75 75 72 75 75 75 75 
  INPUT ---       72 75 75 75 75 ;
  INPUT ---        75 75 75 75 75 75 75 75 75 75 75 75 75 75 75 75 75 75 75 
  INPUT ---       75 75 75 75 ;
  INPUT ---        75 75 75 75 75 75 75 75 75 75 75 75 75 75 75 75 75 75 75 
  INPUT ---       75 75 75 ;
  INPUT ---        75 75 75 75 75 75 75 75 75 75 75 75 75 75 75 75 75 75 75 
  INPUT ---       75 75 ;
  INPUT ---        75 75 75 75 75 75 75 75 75 75 75 75 75 75 75 75 75 75 75 
  INPUT ---       75 ;
  INPUT ---        75 75 75 75 72 75 75 75 75 72 75 75 75 75 72 75 75 75 75 ;
  INPUT ---        75 75 75 75 75 75 75 75 75 75 75 75 75 75 75 75 75 75 ;
  INPUT ---        75 75 75 75 75 75 75 75 75 75 75 75 75 75 75 75 75 ;
  INPUT ---        75 75 75 75 75 75 75 75 75 75 75 75 75 75 75 75 ;

  Program  MARK  - Survival Rate Estimation with Capture-Recapture Data
   gfortran(Win64) Vers. 8.1 Mar 2016    5-Aug-2016 15:52:02    Page  004
 - - - - - - - - - - - - - - - - - - - - - - - - - - - - - - - - - - - - - -
 
  INPUT ---        75 75 75 75 75 75 75 75 75 75 75 75 75 75 75 ;
  INPUT ---        75 75 75 75 72 75 75 75 75 72 75 75 75 75 ;
  INPUT ---        75 75 75 75 75 75 75 75 75 75 75 75 75 ;
  INPUT ---        75 75 75 75 75 75 75 75 75 75 75 75 ;
  INPUT ---        75 75 75 75 75 75 75 75 75 75 75 ;
  INPUT ---        75 75 75 75 75 75 75 75 75 75 ;
  INPUT ---        75 75 75 75 72 75 75 75 75 ;
  INPUT ---        75 75 75 75 75 75 75 75 ;
  INPUT ---        75 75 75 75 75 75 75 ;
  INPUT ---        75 75 75 75 75 75 ;
  INPUT ---        75 75 75 75 75 ;
  INPUT ---        75 75 75 75 ;
  INPUT ---        75 75 75 ;
  INPUT ---        75 75 ;
  INPUT ---        75 ;

  INPUT ---    group=1 Gamma'    rows=28 cols=28 Triang ;
  INPUT ---        75 75 75 73 75 75 75 75 73 75 75 75 75 73 75 75 75 75 73 
  INPUT ---       75 75 75 75 73 75 75 75 75 ;
  INPUT ---        75 75 75 75 75 75 75 75 75 75 75 75 75 75 75 75 75 75 75 
  INPUT ---       75 75 75 75 75 75 75 75 ;
  INPUT ---        75 75 75 75 75 75 75 75 75 75 75 75 75 75 75 75 75 75 75 
  INPUT ---       75 75 75 75 75 75 75 ;
  INPUT ---        75 75 75 75 75 75 75 75 75 75 75 75 75 75 75 75 75 75 75 
  INPUT ---       75 75 75 75 75 75 ;
  INPUT ---        75 75 75 75 75 75 75 75 75 75 75 75 75 75 75 75 75 75 75 
  INPUT ---       75 75 75 75 75 ;
  INPUT ---        75 75 75 73 75 75 75 75 73 75 75 75 75 73 75 75 75 75 73 
  INPUT ---       75 75 75 75 ;
  INPUT ---        75 75 75 75 75 75 75 75 75 75 75 75 75 75 75 75 75 75 75 
  INPUT ---       75 75 75 ;
  INPUT ---        75 75 75 75 75 75 75 75 75 75 75 75 75 75 75 75 75 75 75 
  INPUT ---       75 75 ;
  INPUT ---        75 75 75 75 75 75 75 75 75 75 75 75 75 75 75 75 75 75 75 
  INPUT ---       75 ;
  INPUT ---        75 75 75 75 75 75 75 75 75 75 75 75 75 75 75 75 75 75 75 ;
  INPUT ---        75 75 75 73 75 75 75 75 73 75 75 75 75 73 75 75 75 75 ;
  INPUT ---        75 75 75 75 75 75 75 75 75 75 75 75 75 75 75 75 75 ;
  INPUT ---        75 75 75 75 75 75 75 75 75 75 75 75 75 75 75 75 ;
  INPUT ---        75 75 75 75 75 75 75 75 75 75 75 75 75 75 75 ;
  INPUT ---        75 75 75 75 75 75 75 75 75 75 75 75 75 75 ;
  INPUT ---        75 75 75 73 75 75 75 75 73 75 75 75 75 ;
  INPUT ---        75 75 75 75 75 75 75 75 75 75 75 75 ;
  INPUT ---        75 75 75 75 75 75 75 75 75 75 75 ;
  INPUT ---        75 75 75 75 75 75 75 75 75 75 ;
  INPUT ---        75 75 75 75 75 75 75 75 75 ;

  Program  MARK  - Survival Rate Estimation with Capture-Recapture Data
   gfortran(Win64) Vers. 8.1 Mar 2016    5-Aug-2016 15:52:02    Page  005
 - - - - - - - - - - - - - - - - - - - - - - - - - - - - - - - - - - - - - -
 
  INPUT ---        75 75 75 73 75 75 75 75 ;
  INPUT ---        75 75 75 75 75 75 75 ;
  INPUT ---        75 75 75 75 75 75 ;
  INPUT ---        75 75 75 75 75 ;
  INPUT ---        75 75 75 75 ;
  INPUT ---        75 75 75 ;
  INPUT ---        75 75 ;
  INPUT ---        75 ;

  INPUT ---    initial  0.8492118 0 0 0 0 -0.3123225 0 3.139572 0 0 0 0 0 
  INPUT ---    2.0066797 0 0 0 0 -2.9445172 17.724958  ;

  INPUT ---    design matrix constraints=75 covariates=20;
  INPUT ---        1 captive sex 96 0.186046511627907 0 0 0 0 0 0 0 0 0 0 0 0 
  INPUT ---       0 0 0;
  INPUT ---        1 captive sex 96 0.127659574468085 0 0 0 0 0 0 0 0 0 0 0 0 
  INPUT ---       0 0 0;
  INPUT ---        1 captive sex 114 0.08 0 0 0 0 0 0 0 0 0 0 0 0 0 0 0;
  INPUT ---        1 captive sex 120 0.166666666666667 0 0 0 0 0 0 0 0 0 0 0 
  INPUT ---       0 0 0 0;
  INPUT ---        1 captive sex 115 0.169230769230769 0 0 0 0 0 0 0 0 0 0 0 
  INPUT ---       0 0 0 0;
  INPUT ---        1 captive sex 126 0.0615384615384615 0 0 0 0 0 0 0 0 0 0 0 
  INPUT ---       0 0 0 0;
  INPUT ---        1 captive sex 126 0.0776699029126214 0 0 0 0 0 0 0 0 0 0 0 
  INPUT ---       0 0 0 0;
  INPUT ---        1 captive sex 126 0.170212765957447 0 0 0 0 0 0 0 0 0 0 0 
  INPUT ---       0 0 0 0;
  INPUT ---        1 captive sex 114 0.0666666666666667 0 0 0 0 0 0 0 0 0 0 0 
  INPUT ---       0 0 0 0;
  INPUT ---        1 captive sex 126 0.0894308943089431 0 0 0 0 0 0 0 0 0 0 0 
  INPUT ---       0 0 0 0;
  INPUT ---        1 captive sex 139 0.08 0 0 0 0 0 0 0 0 0 0 0 0 0 0 0;
  INPUT ---        1 captive sex 168 0.135135135135135 0 0 0 0 0 0 0 0 0 0 0 
  INPUT ---       0 0 0 0;
  INPUT ---        1 captive sex 180 0.213740458015267 0 0 0 0 0 0 0 0 0 0 0 
  INPUT ---       0 0 0 0;
  INPUT ---        1 captive sex 174 0.0869565217391304 0 0 0 0 0 0 0 0 0 0 0 
  INPUT ---       0 0 0 0;
  INPUT ---        1 captive sex 173 0.131428571428571 0 0 0 0 0 0 0 0 0 0 0 
  INPUT ---       0 0 0 0;
  INPUT ---        1 captive sex 166 0.167441860465116 0 0 0 0 0 0 0 0 0 0 0 
  INPUT ---       0 0 0 0;
  INPUT ---        1 captive sex 172 0.155 0 0 0 0 0 0 0 0 0 0 0 0 0 0 0;
  INPUT ---        1 captive sex 166 0.168831168831169 0 0 0 0 0 0 0 0 0 0 0 
  INPUT ---       0 0 0 0;

  Program  MARK  - Survival Rate Estimation with Capture-Recapture Data
   gfortran(Win64) Vers. 8.1 Mar 2016    5-Aug-2016 15:52:02    Page  006
 - - - - - - - - - - - - - - - - - - - - - - - - - - - - - - - - - - - - - -
 
  INPUT ---        1 captive sex 171 0.231182795698925 0 0 0 0 0 0 0 0 0 0 0 
  INPUT ---       0 0 0 0;
  INPUT ---        1 captive sex 151 0.224489795918367 0 0 0 0 0 0 0 0 0 0 0 
  INPUT ---       0 0 0 0;
  INPUT ---        1 captive sex 192 0.125827814569536 0 0 0 0 0 0 0 0 0 0 0 
  INPUT ---       0 0 0 0;
  INPUT ---        1 captive sex 185 0.201612903225806 0 0 0 0 0 0 0 0 0 0 0 
  INPUT ---       0 0 0 0;
  INPUT ---        1 captive sex 198 0.244604316546763 0 0 0 0 0 0 0 0 0 0 0 
  INPUT ---       0 0 0 0;
  INPUT ---        1 captive sex 198 0.282828282828283 0 0 0 0 0 0 0 0 0 0 0 
  INPUT ---       0 0 0 0;
  INPUT ---        1 captive sex 195 0.314516129032258 0 0 0 0 0 0 0 0 0 0 0 
  INPUT ---       0 0 0 0;
  INPUT ---        1 captive sex 192 0.137254901960784 0 0 0 0 0 0 0 0 0 0 0 
  INPUT ---       0 0 0 0;
  INPUT ---        1 captive sex 192 0.266129032258065 0 0 0 0 0 0 0 0 0 0 0 
  INPUT ---       0 0 0 0;
  INPUT ---        1 captive sex 198 0.198581560283688 0 0 0 0 0 0 0 0 0 0 0 
  INPUT ---       0 0 0 0;
  INPUT ---        1 captive sex 198 0.293333333333333 0 0 0 0 0 0 0 0 0 0 0 
  INPUT ---       0 0 0 0;
  INPUT ---        1 captive sex 198 0.202453987730061 0 0 0 0 0 0 0 0 0 0 0 
  INPUT ---       0 0 0 0;
  INPUT ---        0 0 0 0 0 1 0.0440135195492338 0 0 0 0 0 0 0 0 0 0 0 0 0;
  INPUT ---        0 0 0 0 0 1 0.0138205395794682 0 0 0 0 0 0 0 0 0 0 0 0 0;
  INPUT ---        0 0 0 0 0 1 0.0150462962962963 0 0 0 0 0 0 0 0 0 0 0 0 0;
  INPUT ---        0 0 0 0 0 1 0.0435062197227376 0 0 0 0 0 0 0 0 0 0 0 0 0;
  INPUT ---        0 0 0 0 0 1 0.0413898241676019 0 0 0 0 0 0 0 0 0 0 0 0 0;
  INPUT ---        0 0 0 0 0 1 0.0334785353535354 0 0 0 0 0 0 0 0 0 0 0 0 0;
  INPUT ---        0 0 0 0 0 1 0.0145442884245275 0 0 0 0 0 0 0 0 0 0 0 0 0;
  INPUT ---        0 0 0 0 0 1 0.0193204258107552 0 0 0 0 0 0 0 0 0 0 0 0 0;
  INPUT ---        0 0 0 0 0 1 0.00382154882154882 0 0 0 0 0 0 0 0 0 0 0 0 0;
  INPUT ---        0 0 0 0 0 1 0.0399423854156923 0 0 0 0 0 0 0 0 0 0 0 0 0;
  INPUT ---        0 0 0 0 0 1 0.010060938021866 0 0 0 0 0 0 0 0 0 0 0 0 0;
  INPUT ---        0 0 0 0 0 1 0.0120376449425667 0 0 0 0 0 0 0 0 0 0 0 0 0;
  INPUT ---        0 0 0 0 0 1 0.0327860086977532 0 0 0 0 0 0 0 0 0 0 0 0 0;
  INPUT ---        0 0 0 0 0 1 0.0190954813692234 0 0 0 0 0 0 0 0 0 0 0 0 0;
  INPUT ---        0 0 0 0 0 1 0.0261489672463083 0 0 0 0 0 0 0 0 0 0 0 0 0;
  INPUT ---        0 0 0 0 0 1 0.0512150912647815 0 0 0 0 0 0 0 0 0 0 0 0 0;
  INPUT ---        0 0 0 0 0 1 0.0473122112945163 0 0 0 0 0 0 0 0 0 0 0 0 0;
  INPUT ---        0 0 0 0 0 1 0.0226518050401979 0 0 0 0 0 0 0 0 0 0 0 0 0;
  INPUT ---        0 0 0 0 0 1 0.0665651993646785 0 0 0 0 0 0 0 0 0 0 0 0 0;
  INPUT ---        0 0 0 0 0 1 0.04010330058655 0 0 0 0 0 0 0 0 0 0 0 0 0;
  INPUT ---        0 0 0 0 0 1 0.0206820945059979 0 0 0 0 0 0 0 0 0 0 0 0 0;
  INPUT ---        0 0 0 0 0 1 0.054918230087819 0 0 0 0 0 0 0 0 0 0 0 0 0;

  Program  MARK  - Survival Rate Estimation with Capture-Recapture Data
   gfortran(Win64) Vers. 8.1 Mar 2016    5-Aug-2016 15:52:02    Page  007
 - - - - - - - - - - - - - - - - - - - - - - - - - - - - - - - - - - - - - -
 
  INPUT ---        0 0 0 0 0 1 0.0879277557364401 0 0 0 0 0 0 0 0 0 0 0 0 0;
  INPUT ---        0 0 0 0 0 1 0.0733113017934447 0 0 0 0 0 0 0 0 0 0 0 0 0;
  INPUT ---        0 0 0 0 0 1 0.0785302039517285 0 0 0 0 0 0 0 0 0 0 0 0 0;
  INPUT ---        0 0 0 0 0 1 0.0474808900748976 0 0 0 0 0 0 0 0 0 0 0 0 0;
  INPUT ---        0 0 0 0 0 1 0.0746150243527953 0 0 0 0 0 0 0 0 0 0 0 0 0;
  INPUT ---        0 0 0 0 0 1 0.0653219100102685 0 0 0 0 0 0 0 0 0 0 0 0 0;
  INPUT ---        0 0 0 0 0 1 0.0656604289706052 0 0 0 0 0 0 0 0 0 0 0 0 0;
  INPUT ---        0 0 0 0 0 1 0.109501305572734 0 0 0 0 0 0 0 0 0 0 0 0 0;
  INPUT ---        0 0 0 0 0 0 0 1 0 0 0 0 0 0 0 0 0 0 0 0;
  INPUT ---        0 0 0 0 0 0 0 1 1 0 0 0 0 0 0 0 0 0 0 0;
  INPUT ---        0 0 0 0 0 0 0 1 0 1 0 0 0 0 0 0 0 0 0 0;
  INPUT ---        0 0 0 0 0 0 0 1 0 0 1 0 0 0 0 0 0 0 0 0;
  INPUT ---        0 0 0 0 0 0 0 1 0 0 0 1 0 0 0 0 0 0 0 0;
  INPUT ---        0 0 0 0 0 0 0 1 0 0 0 0 1 0 0 0 0 0 0 0;
  INPUT ---        0 0 0 0 0 0 0 0 0 0 0 0 0 1 0 0 0 0 0 0;
  INPUT ---        0 0 0 0 0 0 0 0 0 0 0 0 0 1 1 0 0 0 0 0;
  INPUT ---        0 0 0 0 0 0 0 0 0 0 0 0 0 1 0 1 0 0 0 0;
  INPUT ---        0 0 0 0 0 0 0 0 0 0 0 0 0 1 0 0 1 0 0 0;
  INPUT ---        0 0 0 0 0 0 0 0 0 0 0 0 0 1 0 0 0 1 0 0;
  INPUT ---        0 0 0 0 0 0 0 0 0 0 0 0 0 0 0 0 0 0 1 0;
  INPUT ---        0 0 0 0 0 0 0 0 0 0 0 0 0 0 0 0 0 0 0 1;
  INPUT ---        0 0 0 0 0 0 0 0 0 0 0 0 0 0 0 0 0 0 0 0;
  INPUT ---        0 0 0 0 0 0 0 0 0 0 0 0 0 0 0 0 0 0 0 0;

  INPUT ---    links=75;

  INPUT ---    Log;

  INPUT ---    Log;

  INPUT ---    Log;

  INPUT ---    Log;

  INPUT ---    Log;

  INPUT ---    Log;

  INPUT ---    Log;

  INPUT ---    Log;

  INPUT ---    Log;

  INPUT ---    Log;


  Program  MARK  - Survival Rate Estimation with Capture-Recapture Data
   gfortran(Win64) Vers. 8.1 Mar 2016    5-Aug-2016 15:52:02    Page  008
 - - - - - - - - - - - - - - - - - - - - - - - - - - - - - - - - - - - - - -
 
  INPUT ---    Log;

  INPUT ---    Log;

  INPUT ---    Log;

  INPUT ---    Log;

  INPUT ---    Log;

  INPUT ---    Log;

  INPUT ---    Log;

  INPUT ---    Log;

  INPUT ---    Log;

  INPUT ---    Log;

  INPUT ---    Log;

  INPUT ---    Log;

  INPUT ---    Log;

  INPUT ---    Log;

  INPUT ---    Log;

  INPUT ---    Log;

  INPUT ---    Log;

  INPUT ---    Log;

  INPUT ---    Log;

  INPUT ---    Log;

  INPUT ---    Log;

  INPUT ---    Log;

  INPUT ---    Log;


  Program  MARK  - Survival Rate Estimation with Capture-Recapture Data
   gfortran(Win64) Vers. 8.1 Mar 2016    5-Aug-2016 15:52:02    Page  009
 - - - - - - - - - - - - - - - - - - - - - - - - - - - - - - - - - - - - - -
 
  INPUT ---    Log;

  INPUT ---    Log;

  INPUT ---    Log;

  INPUT ---    Log;

  INPUT ---    Log;

  INPUT ---    Log;

  INPUT ---    Log;

  INPUT ---    Log;

  INPUT ---    Log;

  INPUT ---    Log;

  INPUT ---    Log;

  INPUT ---    Log;

  INPUT ---    Log;

  INPUT ---    Log;

  INPUT ---    Log;

  INPUT ---    Log;

  INPUT ---    Log;

  INPUT ---    Log;

  INPUT ---    Log;

  INPUT ---    Log;

  INPUT ---    Log;

  INPUT ---    Log;

  INPUT ---    Log;


  Program  MARK  - Survival Rate Estimation with Capture-Recapture Data
   gfortran(Win64) Vers. 8.1 Mar 2016    5-Aug-2016 15:52:02    Page  010
 - - - - - - - - - - - - - - - - - - - - - - - - - - - - - - - - - - - - - -
 
  INPUT ---    Log;

  INPUT ---    Log;

  INPUT ---    Log;

  INPUT ---    Log;

  INPUT ---    Log;

  INPUT ---    Log;

  INPUT ---    Log;

  INPUT ---    Log;

  INPUT ---    Log;

  INPUT ---    Log;

  INPUT ---    Logit;

  INPUT ---    Logit;

  INPUT ---    Logit;

  INPUT ---    Logit;

  INPUT ---    Logit;

  INPUT ---    Logit;

  INPUT ---    Logit;

  INPUT ---    Logit;

  INPUT ---    Logit;
  INPUT ---       blabel(1)=alpha:(Intercept);
  INPUT ---       blabel(2)=alpha:captive;
  INPUT ---       blabel(3)=alpha:sex;
  INPUT ---       blabel(4)=alpha:effort.trapdays;
  INPUT ---       blabel(5)=alpha:recordloss.agout.total;
  INPUT ---       blabel(6)=sigma:(Intercept);
  INPUT ---       blabel(7)=sigma:recordloss.agout.var;
  INPUT ---       blabel(8)=U:(Intercept);
  INPUT ---       blabel(9)=U:sample_monthB;

  Program  MARK  - Survival Rate Estimation with Capture-Recapture Data
   gfortran(Win64) Vers. 8.1 Mar 2016    5-Aug-2016 15:52:02    Page  011
 - - - - - - - - - - - - - - - - - - - - - - - - - - - - - - - - - - - - - -
 
  INPUT ---       blabel(10)=U:sample_monthC;
  INPUT ---       blabel(11)=U:sample_monthD;
  INPUT ---       blabel(12)=U:sample_monthE;
  INPUT ---       blabel(13)=U:sample_monthF;
  INPUT ---       blabel(14)=Phi:(Intercept);
  INPUT ---       blabel(15)=Phi:sample_monthB;
  INPUT ---       blabel(16)=Phi:sample_monthC;
  INPUT ---       blabel(17)=Phi:sample_monthD;
  INPUT ---       blabel(18)=Phi:sample_monthE;
  INPUT ---       blabel(19)=GammaDoublePrime:(Intercept);
  INPUT ---       blabel(20)=GammaPrime:(Intercept);
  INPUT ---       rlabel(1)=alpha g1 a0 t1;
  INPUT ---       rlabel(2)=alpha g1 a0.2 t1.2;
  INPUT ---       rlabel(3)=alpha g1 a0.4 t1.4;
  INPUT ---       rlabel(4)=alpha g1 a0.6 t1.6;
  INPUT ---       rlabel(5)=alpha g1 a0.8 t1.8;
  INPUT ---       rlabel(6)=alpha g1 a2.8 t3.8;
  INPUT ---       rlabel(7)=alpha g1 a3 t4;
  INPUT ---       rlabel(8)=alpha g1 a3.2 t4.2;
  INPUT ---       rlabel(9)=alpha g1 a3.4 t4.4;
  INPUT ---       rlabel(10)=alpha g1 a3.6 t4.6;
  INPUT ---       rlabel(11)=alpha g1 a6.1 t7.1;
  INPUT ---       rlabel(12)=alpha g1 a6.3 t7.3;
  INPUT ---       rlabel(13)=alpha g1 a6.5 t7.5;
  INPUT ---       rlabel(14)=alpha g1 a6.7 t7.7;
  INPUT ---       rlabel(15)=alpha g1 a6.9 t7.9;
  INPUT ---       rlabel(16)=alpha g1 a9.567 t10.567;
  INPUT ---       rlabel(17)=alpha g1 a9.767 t10.767;
  INPUT ---       rlabel(18)=alpha g1 a9.967 t10.967;
  INPUT ---       rlabel(19)=alpha g1 a10.167 t11.167;
  INPUT ---       rlabel(20)=alpha g1 a10.367 t11.367;
  INPUT ---       rlabel(21)=alpha g1 a12.134 t13.134;
  INPUT ---       rlabel(22)=alpha g1 a12.334 t13.334;
  INPUT ---       rlabel(23)=alpha g1 a12.534 t13.534;
  INPUT ---       rlabel(24)=alpha g1 a12.734 t13.734;
  INPUT ---       rlabel(25)=alpha g1 a12.934 t13.934;
  INPUT ---       rlabel(26)=alpha g1 a16.101 t17.101;
  INPUT ---       rlabel(27)=alpha g1 a16.301 t17.301;
  INPUT ---       rlabel(28)=alpha g1 a16.501 t17.501;
  INPUT ---       rlabel(29)=alpha g1 a16.701 t17.701;
  INPUT ---       rlabel(30)=alpha g1 a16.901 t17.901;
  INPUT ---       rlabel(31)=sigma g1 a0 t1;
  INPUT ---       rlabel(32)=sigma g1 a0.2 t1.2;
  INPUT ---       rlabel(33)=sigma g1 a0.4 t1.4;
  INPUT ---       rlabel(34)=sigma g1 a0.6 t1.6;
  INPUT ---       rlabel(35)=sigma g1 a0.8 t1.8;

  Program  MARK  - Survival Rate Estimation with Capture-Recapture Data
   gfortran(Win64) Vers. 8.1 Mar 2016    5-Aug-2016 15:52:02    Page  012
 - - - - - - - - - - - - - - - - - - - - - - - - - - - - - - - - - - - - - -
 
  INPUT ---       rlabel(36)=sigma g1 a2.8 t3.8;
  INPUT ---       rlabel(37)=sigma g1 a3 t4;
  INPUT ---       rlabel(38)=sigma g1 a3.2 t4.2;
  INPUT ---       rlabel(39)=sigma g1 a3.4 t4.4;
  INPUT ---       rlabel(40)=sigma g1 a3.6 t4.6;
  INPUT ---       rlabel(41)=sigma g1 a6.1 t7.1;
  INPUT ---       rlabel(42)=sigma g1 a6.3 t7.3;
  INPUT ---       rlabel(43)=sigma g1 a6.5 t7.5;
  INPUT ---       rlabel(44)=sigma g1 a6.7 t7.7;
  INPUT ---       rlabel(45)=sigma g1 a6.9 t7.9;
  INPUT ---       rlabel(46)=sigma g1 a9.567 t10.567;
  INPUT ---       rlabel(47)=sigma g1 a9.767 t10.767;
  INPUT ---       rlabel(48)=sigma g1 a9.967 t10.967;
  INPUT ---       rlabel(49)=sigma g1 a10.167 t11.167;
  INPUT ---       rlabel(50)=sigma g1 a10.367 t11.367;
  INPUT ---       rlabel(51)=sigma g1 a12.134 t13.134;
  INPUT ---       rlabel(52)=sigma g1 a12.334 t13.334;
  INPUT ---       rlabel(53)=sigma g1 a12.534 t13.534;
  INPUT ---       rlabel(54)=sigma g1 a12.734 t13.734;
  INPUT ---       rlabel(55)=sigma g1 a12.934 t13.934;
  INPUT ---       rlabel(56)=sigma g1 a16.101 t17.101;
  INPUT ---       rlabel(57)=sigma g1 a16.301 t17.301;
  INPUT ---       rlabel(58)=sigma g1 a16.501 t17.501;
  INPUT ---       rlabel(59)=sigma g1 a16.701 t17.701;
  INPUT ---       rlabel(60)=sigma g1 a16.901 t17.901;
  INPUT ---       rlabel(61)=U g1 a0 t1;
  INPUT ---       rlabel(62)=U g1 a2.8 t3.8;
  INPUT ---       rlabel(63)=U g1 a6.1 t7.1;
  INPUT ---       rlabel(64)=U g1 a9.567 t10.567;
  INPUT ---       rlabel(65)=U g1 a12.134 t13.134;
  INPUT ---       rlabel(66)=U g1 a16.101 t17.101;
  INPUT ---       rlabel(67)=Phi g1 c1 a0.8 t1.8;
  INPUT ---       rlabel(68)=Phi g1 c1 a3.6 t4.6;
  INPUT ---       rlabel(69)=Phi g1 c1 a6.9 t7.9;
  INPUT ---       rlabel(70)=Phi g1 c1 a10.367 t11.367;
  INPUT ---       rlabel(71)=Phi g1 c1 a12.934 t13.934;
  INPUT ---       rlabel(72)=Gamma'' g1 c1 a0.8 t1.8;
  INPUT ---       rlabel(73)=Gamma' g1 c1 a0.8 t1.8;
  INPUT ---       rlabel(74)=Phi g1 c1 a0 t1;
  INPUT ---       rlabel(75)=Gamma'' g1 c1 a0 t1;

 Link Function Used is PARM-SPECIFIC

 Variance Estimation Procedure Used is 2ndPart 

 M(t+1):
 Group=Group 1                                                                         
       3      3      3      2      3      5      5      5      2      5      5
       4      4      4      4     10      7      7      7      5      5      5
       5      3      4      5      5      5      4      5



  Program  MARK  - Survival Rate Estimation with Capture-Recapture Data
   gfortran(Win64) Vers. 8.1 Mar 2016    5-Aug-2016 15:52:02    Page  013
 - - - - - - - - - - - - - - - - - - - - - - - - - - - - - - - - - - - - - -
 
 -2logL(saturated) = -0.0000000    
 Effective Sample Size = 169
 Results from first iteration:
  -2logL Initial { alpha(~1 + captive + sex + effort.trapdays + recordloss.agout.total)sigma(~1 + recordloss.agout.var)U(~sample_month)Phi(~1 + sample_month)Gamma''(~1)Gamma'(~1) } = 1138.4459     
  Penalty Initial { alpha(~1 + captive + sex + effort.trapdays + recordloss.agout.total)sigma(~1 + recordloss.agout.var)U(~sample_month)Phi(~1 + sample_month)Gamma''(~1)Gamma'(~1) } = -0.0000000    

 Number of function evaluations was 57 for 20 parameters.
 Time for numerical optimization was 10.41 seconds.
 -2logL { alpha(~1 + captive + sex + effort.trapdays + recordloss.agout.total)sigma(~1 + recordloss.agout.var)U(~sample_month)Phi(~1 + sample_month)Gamma''(~1)Gamma'(~1) } = 1046.4169     
 Penalty { alpha(~1 + captive + sex + effort.trapdays + recordloss.agout.total)sigma(~1 + recordloss.agout.var)U(~sample_month)Phi(~1 + sample_month)Gamma''(~1)Gamma'(~1) } = -0.0000000    

   * *  WARNING  * *   Numerical underflow occurred during optimization of this model. 
     IEEE flag status at end of optimization:
     overflow       F
     divide by zero F
     invalid        F
     underflow      T
     inexact        T

 Gradient { alpha(~1 + captive + sex + effort.trapdays + recordloss.agout.total)sigma(~1 + recordloss.agout.var)U(~sample_month)Phi(~1 + sample_month)Gamma''(~1)Gamma'(~1) }:
  0.1344316E-01 0.2677356E-02 0.8334529E-02 0.1119881E-01 0.2808540E-02
  0.2849024E-02 0.3251284E-03 0.9109652E-02 0.3609954E-02-0.1320112E-02
  0.3213673E-03 0.3505427E-02 0.8318803E-03-0.2733767E-04-0.3139352E-03
  0.2175696E-03 0.3618800E-03-0.2233238E-03-0.1037584E-03  0.000000    
 S Vector { alpha(~1 + captive + sex + effort.trapdays + recordloss.agout.total)sigma(~1 + recordloss.agout.var)U(~sample_month)Phi(~1 + sample_month)Gamma''(~1)Gamma'(~1) }:
   5507.452      382.9370      304.3024      265.6917      239.8648    
   225.9148      126.8740      51.12284      29.17331      10.70962    
   7.600626      4.721977      2.638654      1.700168     0.9500522    
  0.9237743     0.9137347     0.7951855E-01 0.7560054E-05  0.000000    
 Time to compute number of parameters was 4.11 seconds.
   Threshold =  0.4200000E-06     Condition index =   0.000000         New Threshold =   0.000000    
 New Guessimate of Estimated Parameters { alpha(~1 + captive + sex + effort.trapdays + recordloss.agout.total)sigma(~1 + recordloss.agout.var)U(~sample_month)Phi(~1 + sample_month)Gamma''(~1)Gamma'(~1) } = 19          
 Conditioned S Vector { alpha(~1 + captive + sex + effort.trapdays + recordloss.agout.total)sigma(~1 + recordloss.agout.var)U(~sample_month)Phi(~1 + sample_month)Gamma''(~1)Gamma'(~1) }:
   1.000000     0.6953071E-01 0.5525284E-01 0.4824222E-01 0.4355277E-01
  0.4101983E-01 0.2303679E-01 0.9282484E-02 0.5297061E-02 0.1944570E-02
  0.1380062E-02 0.8573796E-03 0.4791061E-03 0.3087032E-03 0.1725030E-03
  0.1677317E-03 0.1659088E-03 0.1443836E-04 0.1372695E-08  0.000000    
 Number of Estimated Parameters { alpha(~1 + captive + sex + effort.trapdays + recordloss.agout.total)sigma(~1 + recordloss.agout.var)U(~sample_month)Phi(~1 + sample_month)Gamma''(~1)Gamma'(~1) } = 18          
 DEVIANCE { alpha(~1 + captive + sex + effort.trapdays + recordloss.agout.total)sigma(~1 + recordloss.agout.var)U(~sample_month)Phi(~1 + sample_month)Gamma''(~1)Gamma'(~1) } = 1046.4169                     
 DEVIANCE Degrees of Freedom { alpha(~1 + captive + sex + effort.trapdays + recordloss.agout.total)sigma(~1 + recordloss.agout.var)U(~sample_month)Phi(~1 + sample_month)Gamma''(~1)Gamma'(~1) } = -4            
 c-hat { alpha(~1 + captive + sex + effort.trapdays + recordloss.agout.total)sigma(~1 + recordloss.agout.var)U(~sample_month)Phi(~1 + sample_month)Gamma''(~1)Gamma'(~1) } = 1.0000000                     
 AIC { alpha(~1 + captive + sex + effort.trapdays + recordloss.agout.total)sigma(~1 + recordloss.agout.var)U(~sample_month)Phi(~1 + sample_month)Gamma''(~1)Gamma'(~1) } = 1082.4169                  
 AICc { alpha(~1 + captive + sex + effort.trapdays + recordloss.agout.total)sigma(~1 + recordloss.agout.var)U(~sample_month)Phi(~1 + sample_month)Gamma''(~1)Gamma'(~1) } = 1086.9769                    
 BIC { alpha(~1 + captive + sex + effort.trapdays + recordloss.agout.total)sigma(~1 + recordloss.agout.var)U(~sample_month)Phi(~1 + sample_month)Gamma''(~1)Gamma'(~1) } = 1138.7551                    
 Pearson Chisquare { alpha(~1 + captive + sex + effort.trapdays + recordloss.agout.total)sigma(~1 + recordloss.agout.var)U(~sample_month)Phi(~1 + sample_month)Gamma''(~1)Gamma'(~1) } = 0.1485994E+033             

   * *  WARNING  * *   Numerical underflow occurred during variance-covariance calculation of this model. 
     IEEE flag status at end of variance-covariance calculation:
     overflow       F
     divide by zero F
     invalid        F
     underflow      T
     inexact        T


  Program  MARK  - Survival Rate Estimation with Capture-Recapture Data
   gfortran(Win64) Vers. 8.1 Mar 2016    5-Aug-2016 15:52:12    Page  014
 - - - - - - - - - - - - - - - - - - - - - - - - - - - - - - - - - - - - - -
 


 PARM-SPECIFIC Link Function Parameters of { alpha(~1 + captive + sex + effort.trapdays + recordloss.agout.total)sigma(~1 + recordloss.agout.var)U(~sample_month)Phi(~1 + sample_month)Gamma''(~1)Gamma'(~1) }
                                                              95% Confidence Interval
 Parameter                    Beta         Standard Error      Lower           Upper
 -------------------------  --------------  --------------  --------------  --------------
    1:alpha:(Intercept)     0.5291346       0.3599339       -0.1763358      1.2346050     
    2:alpha:captive         0.2823315       0.1066070       0.0733817       0.4912812     
    3:alpha:sex             0.4841005       0.2039586       0.0843416       0.8838595     
    4:alpha:effort.trapday  0.0033061       0.0018088       -.2390684E-003  0.0068513     
    5:alpha:recordloss.ago  -3.1290594      0.5805308       -4.2668997      -1.9912190    
    6:sigma:(Intercept)     -1.0592492      0.2246457       -1.4995548      -0.6189436    
    7:sigma:recordloss.ago  6.1367450       3.5361561       -0.7941210      13.067611     
    8:U:(Intercept)         2.5267690       0.1380297       2.2562307       2.7973072     
    9:U:sample_monthB       0.3793633       0.1270449       0.1303553       0.6283713     
   10:U:sample_monthC       0.4812852       0.1482304       0.1907536       0.7718168     
   11:U:sample_monthD       0.9103338       0.1468478       0.6225122       1.1981555     
   12:U:sample_monthE       0.3945932       0.1681085       0.0651006       0.7240858     
   13:U:sample_monthF       0.6946365       0.1741737       0.3532561       1.0360169     
   14:Phi:(Intercept)       12.351168       162.64928       -306.44143      331.14376     
   15:Phi:sample_monthB     -9.9800259      162.65272       -328.77937      308.81931     
   16:Phi:sample_monthC     -9.9122712      162.65090       -328.70805      308.88351     
   17:Phi:sample_monthD     -11.421433      162.65039       -330.21620      307.37334     
   18:Phi:sample_monthE     -9.7339277      162.65279       -328.53341      309.06555     
   19:GammaDoublePrime:(In  -2.9444744      1.0259529       -4.9553422      -0.9336066    
   20:GammaPrime:(Intercep  17.724958       0.0000000       17.724958       17.724958     


 Real Function Parameters of { alpha(~1 + captive + sex + effort.trapdays + recordloss.agout.total)sigma(~1 + recordloss.agout.var)U(~sample_month)Phi(~1 + sample_month)Gamma''(~1)Gamma'(~1) }

      Following estimates based on unstandardized individual covariate values:
          Variable   Value         
          ---------  ------------- 
          CAPTIVE    0.2142857     
          SEX        0.8461538     
                                                               95% Confidence Interval
  Parameter                  Estimate       Standard Error      Lower           Upper
 --------------------------  --------------  --------------  --------------  --------------
     1:alpha g1 a0 t1        2.0844265       0.2971824       1.5784696       2.7525609                           
     2:alpha g1 a0.2 t1.2    2.5022491       0.3311708       1.9326859       3.2396626                           
     3:alpha g1 a0.4 t1.4    3.0827732       0.3307847       2.4995762       3.8020407                           
     4:alpha g1 a0.6 t1.6    2.3976308       0.2495022       1.9563266       2.9384835                           
     5:alpha g1 a0.8 t1.8    2.3394768       0.2600438       1.8827484       2.9070012                           
     6:alpha g1 a2.8 t3.8    3.3982825       0.3343945       2.8034998       4.1192526                           
     7:alpha g1 a3 t4        3.2310072       0.3090026       2.6798818       3.8954732                           
     8:alpha g1 a3.2 t4.2    2.4186797       0.2352284       1.9998071       2.9252879                           

  Program  MARK  - Survival Rate Estimation with Capture-Recapture Data
   gfortran(Win64) Vers. 8.1 Mar 2016    5-Aug-2016 15:52:12    Page  015
 - - - - - - - - - - - - - - - - - - - - - - - - - - - - - - - - - - - - - -
 
     9:alpha g1 a3.4 t4.4    3.2141096       0.3491848       2.5992889       3.9743564                           
    10:alpha g1 a3.6 t4.6    3.1142647       0.2932348       2.5904959       3.7439336                           
    11:alpha g1 a6.1 t7.1    3.3483991       0.2902507       2.8261086       3.9672136                           
    12:alpha g1 a6.3 t7.3    3.1013529       0.2368501       2.6707810       3.6013397                           
    13:alpha g1 a6.5 t7.5    2.5232583       0.2094409       2.1450054       2.9682127                           
    14:alpha g1 a6.7 t7.7    3.6782196       0.3364624       3.0756389       4.3988582                           
    15:alpha g1 a6.9 t7.9    3.1898281       0.2543829       2.7289265       3.7285737                           
    16:alpha g1 a9.567 t10.  2.7846900       0.2053332       2.4104391       3.2170480                           
    17:alpha g1 a9.767 t10.  2.9532449       0.2254354       2.5434096       3.4291195                           
    18:alpha g1 a9.967 t10.  2.7726106       0.2045222       2.3998484       3.2032729                           
    19:alpha g1 a10.167 t11  2.3191899       0.1937079       1.9695310       2.7309251                           
    20:alpha g1 a10.367 t11  2.2167419       0.1928906       1.8697596       2.6281157                           
    21:alpha g1 a12.134 t13  3.4566788       0.3419897       2.8487088       4.1944014                           
    22:alpha g1 a12.334 t13  2.6645346       0.2265913       2.2561316       3.1468664                           
    23:alpha g1 a12.534 t13  2.4314461       0.2453192       1.9961768       2.9616264                           
    24:alpha g1 a12.734 t13  2.1573511       0.2347270       1.7441262       2.6684787                           
    25:alpha g1 a12.934 t13  1.9344240       0.2255502       1.5404097       2.4292216                           
    26:alpha g1 a16.101 t17  3.3352652       0.3219472       2.7615591       4.0281572                           
    27:alpha g1 a16.301 t17  2.2284302       0.2239954       1.8308470       2.7123518                           
    28:alpha g1 a16.501 t17  2.8080607       0.2735445       2.3210352       3.3972794                           
    29:alpha g1 a16.701 t17  2.0875898       0.2330866       1.6784100       2.5965235                           
    30:alpha g1 a16.901 t17  2.7742406       0.2702935       2.2930106       3.3564655                           
    31:sigma g1 a0 t1        0.4542310       0.0637163       0.3455058       0.5971703                           
    32:sigma g1 a0.2 t1.2    0.3774051       0.0711884       0.2616058       0.5444628                           
    33:sigma g1 a0.4 t1.4    0.3802547       0.0706191       0.2650506       0.5455323                           
    34:sigma g1 a0.6 t1.6    0.4528191       0.0636454       0.3442450       0.5956372                           
    35:sigma g1 a0.8 t1.8    0.4469760       0.0634547       0.3388784       0.5895553                           
    36:sigma g1 a2.8 t3.8    0.4257939       0.0640616       0.3175762       0.5708880                           
    37:sigma g1 a3 t4        0.3790851       0.0708513       0.2636375       0.5450874                           
    38:sigma g1 a3.2 t4.2    0.3903605       0.0687131       0.2771866       0.5497427                           
    39:sigma g1 a3.4 t4.4    0.3549433       0.0760206       0.2343626       0.5375634                           
    40:sigma g1 a3.6 t4.6    0.4430233       0.0634174       0.3351157       0.5856771                           
    41:sigma g1 a6.1 t7.1    0.3687974       0.0729774       0.2511680       0.5415161                           
    42:sigma g1 a6.3 t7.3    0.3732984       0.0720299       0.2566303       0.5430055                           
    43:sigma g1 a6.5 t7.5    0.4239881       0.0641997       0.3156409       0.5695268                           
    44:sigma g1 a6.7 t7.7    0.3898220       0.0688097       0.2765440       0.5495009                           
    45:sigma g1 a6.9 t7.9    0.4070661       0.0660553       0.2967789       0.5583377                           
    46:sigma g1 a9.567 t10.  0.4747556       0.0658708       0.3621838       0.6223162                           
    47:sigma g1 a9.767 t10.  0.4635198       0.0644283       0.3534406       0.6078832                           
    48:sigma g1 a9.967 t10.  0.3984231       0.0673432       0.2867346       0.5536162                           
    49:sigma g1 a10.167 t11  0.5216515       0.0785458       0.3889818       0.6995708                           
    50:sigma g1 a10.367 t11  0.4434610       0.0634180       0.3355375       0.5860974                           
    51:sigma g1 a12.134 t13  0.3936361       0.0681387       0.2810832       0.5512580                           
    52:sigma g1 a12.334 t13  0.4856680       0.0678836       0.3697744       0.6378846                           
    53:sigma g1 a12.534 t13  0.5947233       0.1147672       0.4088366       0.8651276                           
    54:sigma g1 a12.734 t13  0.5437007       0.0877351       0.3970852       0.7444509                           

  Program  MARK  - Survival Rate Estimation with Capture-Recapture Data
   gfortran(Win64) Vers. 8.1 Mar 2016    5-Aug-2016 15:52:12    Page  016
 - - - - - - - - - - - - - - - - - - - - - - - - - - - - - - - - - - - - - -
 
    55:sigma g1 a12.934 t13  0.5613957       0.0963004       0.4020784       0.7838399                           
    56:sigma g1 a16.101 t17  0.4639998       0.0644769       0.3538334       0.6084667                           
    57:sigma g1 a16.301 t17  0.5480681       0.0897580       0.3984287       0.7539080                           
    58:sigma g1 a16.501 t17  0.5176866       0.0770907       0.3872606       0.6920389                           
    59:sigma g1 a16.701 t17  0.5187631       0.0774794       0.3877367       0.6940669                           
    60:sigma g1 a16.901 t17  0.6789094       0.1711258       0.4173973       1.1042668                           
    61:U g1 a0 t1            12.513011       1.7271672       9.5592207       16.379520                           
    62:U g1 a2.8 t3.8        18.285937       1.9679152       14.817455       22.566324                           
    63:U g1 a6.1 t7.1        20.247963       1.6602598       17.246521       23.771752                           
    64:U g1 a9.567 t10.567   31.096734       2.3296683       26.855516       36.007755                           
    65:U g1 a12.134 t13.134  18.566561       1.6878369       15.542065       22.179625                           
    66:U g1 a16.101 t17.101  25.063321       2.4037306       20.777262       30.233535                           
    67:Phi g1 c1 a0.8 t1.8   0.9999957       0.7034031E-003  0.8206905E-133  1.0000000                           
    68:Phi g1 c1 a3.6 t4.6   0.9146001       0.0818096       0.5788912       0.9881565                           
    69:Phi g1 c1 a6.9 t7.9   0.9197457       0.0771082       0.5966230       0.9888641                           
    70:Phi g1 c1 a10.367 t1  0.7170215       0.1209827       0.4405477       0.8907485                           
    71:Phi g1 c1 a12.934 t1  0.9319629       0.0658035       0.6418018       0.9905410                           
    72:Gamma'' g1 c1 a0.8 t  0.0499983       0.0487312       0.0069964       0.2821936                           
    73:Gamma' g1 c1 a0.8 t1  1.0000000       0.0000000       1.0000000       1.0000000                           
    74:Phi g1 c1 a0 t1       1.0000000       0.0000000       1.0000000       1.0000000       Fixed               
    75:Gamma'' g1 c1 a0 t1   0.0000000       0.0000000       0.0000000       0.0000000       Fixed               

  Program  MARK  - Survival Rate Estimation with Capture-Recapture Data
   gfortran(Win64) Vers. 8.1 Mar 2016    5-Aug-2016 15:52:12    Page  017
 - - - - - - - - - - - - - - - - - - - - - - - - - - - - - - - - - - - - - -
 


                      Estimates of Derived Parameters
 Population Estimates of { alpha(~1 + captive + sex + effort.trapdays + recordloss.agout.total)sigma(~1 + recordloss.agout.var)U(~sample_month)Phi(~1 + sample_month)Gamma''(~1)Gamma'(~1) }
                                                95% Confidence Interval
 Grp. Occ.   N-hat           Standard Error      Lower           Upper
 ---- ----   --------------  --------------  --------------  --------------
   1     1   15.513011       1.7271681       12.480043       19.283067     
   1     2   15.513011       1.7271681       12.480043       19.283067     
   1     3   15.513011       1.7271681       12.480043       19.283067     
   1     4   14.665577       1.7579715       11.604514       18.534094     
   1     5   15.513011       1.7271681       12.480043       19.283067     
   1     6   23.285937       1.9679159       19.737154       27.472799     
   1     7   23.285937       1.9679159       19.737154       27.472799     
   1     8   23.285937       1.9679159       19.737154       27.472799     
   1     9   20.401673       1.9944212       16.851964       24.699096     
   1    10   23.285937       1.9679159       19.737154       27.472799     
   1    11   25.459382       1.6904944       22.355762       28.993873     
   1    12   24.444941       1.6899637       21.350671       27.987652     
   1    13   24.600828       1.7032586       21.482531       28.171762     
   1    14   24.399735       1.6877434       21.309643       27.937918     
   1    15   24.477372       1.6944333       21.375197       28.029764     
   1    16   38.920691       2.4417261       34.421601       44.007837     
   1    17   38.694827       2.4035839       34.263305       43.699510     
   1    18   38.863978       2.4399627       34.368343       43.947677     
   1    19   39.246809       2.4619336       34.710457       44.376024     
   1    20   37.100069       2.4656429       32.573601       42.255540     
   1    21   22.780250       1.7240659       19.643923       26.417320     
   1    22   24.116943       1.7535809       20.917535       27.805713     
   1    23   24.246908       1.7675145       21.022667       27.965649     
   1    24   22.026602       1.7413306       18.869424       25.712030     
   1    25   23.422255       1.7863574       20.174491       27.192856     
   1    26   30.354374       2.4526109       25.915252       35.553892     
   1    27   30.824812       2.5011141       26.299425       36.128890     
   1    28   30.530345       2.4758858       26.050411       35.780701     
   1    29   29.781087       2.5014581       25.267851       35.100458     
   1    30   30.654925       2.4824933       26.162528       35.918716     
 Mean Resighting Rate Estimates of { alpha(~1 + captive + sex + effort.trapdays + recordloss.agout.total)sigma(~1 + recordloss.agout.var)U(~sample_month)Phi(~1 + sample_month)Gamma''(~1)Gamma'(~1) }
                                                95% Confidence Interval
 Grp. Occ.   Lambda-hat      Standard Error      Lower           Upper
 ---- ----   --------------  --------------  --------------  --------------
   1     1   2.3109453       0.3178156       1.7671479       3.0220832     
   1     2   2.6869515       0.3389990       2.1003409       3.4373984     
   1     3   3.3139022       0.3297533       2.7280164       4.0256164     
   1     4   2.6564846       0.2562971       2.1997442       3.2080594     
   1     5   2.5852471       0.2691683       2.1091848       3.1687610     
   1     6   3.7207318       0.3383838       3.1143925       4.4451189     
   1     7   3.4717079       0.3021873       2.9281316       4.1161933     
   1     8   2.6101624       0.2335751       2.1910216       3.1094847     
   1     9   3.4230869       0.3445140       2.8116649       4.1674680     

  Program  MARK  - Survival Rate Estimation with Capture-Recapture Data
   gfortran(Win64) Vers. 8.1 Mar 2016    5-Aug-2016 15:52:12    Page  018
 - - - - - - - - - - - - - - - - - - - - - - - - - - - - - - - - - - - - - -
 
   1    10   3.4353812       0.2979589       2.8992461       4.0706595     
   1    11   3.9631212       0.2828095       3.4464450       4.5572553     
   1    12   3.5592980       0.2280897       3.1395822       4.0351236     
   1    13   3.2084275       0.2067541       2.8281068       3.6398932     
   1    14   4.6865783       0.3389104       4.0679937       5.3992256     
   1    15   4.4029963       0.2538822       3.9328449       4.9293520     
   1    16   3.6363282       0.1920494       3.2789749       4.0326270     
   1    17   4.2083677       0.2195336       3.7996122       4.6610964     
   1    18   3.7867693       0.2021212       3.4108836       4.2040782     
   1    19   3.2772559       0.1868371       2.9310392       3.6643681     
   1    20   2.9654335       0.1967178       2.6042521       3.3767070     
   1    21   5.1596145       0.3622522       4.4970474       5.9198001     
   1    22   3.3580066       0.2132279       2.9654118       3.8025775     
   1    23   3.2497616       0.2496167       2.7961791       3.7769220     
   1    24   3.0674155       0.2351898       2.6399903       3.5640425     
   1    25   3.9082158       0.2713344       3.4115551       4.4771813     
   1    26   4.0896991       0.3231778       3.5037313       4.7736647     
   1    27   2.5895567       0.2058594       2.2164790       3.0254308     
   1    28   3.7542439       0.2710858       3.2594013       4.3242136     
   1    29   3.0216936       0.2401050       2.5865374       3.5300601     
   1    30   4.0243719       0.3997392       3.3140153       4.8869929     
 Pr(Captured 1 or more times) of { alpha(~1 + captive + sex + effort.trapdays + recordloss.agout.total)sigma(~1 + recordloss.agout.var)U(~sample_month)Phi(~1 + sample_month)Gamma''(~1)Gamma'(~1) }
                                                95% Confidence Interval
 Grp. Occ.      p*-hat       Standard Error      Lower           Upper
 ---- ----   --------------  --------------  --------------  --------------
   1     1   0.2961068       0.0101943       0.2765237       0.3164701     
   1     2   0.3095868       0.0077952       0.2945197       0.3250696     
   1     3   0.3188835       0.0049779       0.3092073       0.3287185     
   1     4   0.4645618       0.0105077       0.4440386       0.4852057     
   1     5   0.3036157       0.0074714       0.2891739       0.3184557     
   1     6   0.1912838       0.0027003       0.1860470       0.1966323     
   1     7   0.1909261       0.0028525       0.1853978       0.1965796     
   1     8   0.1821042       0.0041689       0.1740752       0.1904181     
   1     9   0.4726486       0.0093650       0.4543384       0.4910327     
   1    10   0.1889182       0.0030026       0.1831032       0.1948738     
   1    11   0.1943467       0.0018504       0.1907455       0.1979992     
   1    12   0.2406150       0.0026722       0.2354166       0.2458913     
   1    13   0.2366578       0.0032840       0.2302816       0.2431547     
   1    14   0.2453638       0.0016708       0.2421038       0.2486534     
   1    15   0.2443460       0.0016921       0.2410448       0.2476776     
   1    16   0.1337414       0.0020070       0.1298564       0.1377243     
   1    17   0.1379281       0.0012613       0.1354746       0.1404189     
   1    18   0.1358038       0.0017779       0.1323567       0.1393263     
   1    19   0.1308844       0.0025165       0.1260305       0.1358961     
   1    20   0.1784399       0.0046773       0.1694559       0.1877925     
   1    21   0.2466341       0.0012551       0.2441824       0.2491024     
   1    22   0.1855811       0.0033267       0.1791490       0.1921900     
   1    23   0.1822048       0.0048151       0.1729564       0.1918329     
   1    24   0.3063190       0.0071361       0.2925133       0.3204811     
   1    25   0.2385682       0.0037215       0.2313507       0.2459388     

  Program  MARK  - Survival Rate Estimation with Capture-Recapture Data
   gfortran(Win64) Vers. 8.1 Mar 2016    5-Aug-2016 15:52:13    Page  019
 - - - - - - - - - - - - - - - - - - - - - - - - - - - - - - - - - - - - - -
 
   1    26   0.1922004       0.0024266       0.1874891       0.1970014     
   1    27   0.1735662       0.0057782       0.1625310       0.1851850     
   1    28   0.1894541       0.0030382       0.1835708       0.1954808     
   1    29   0.2280629       0.0056059       0.2172622       0.2392364     
   1    30   0.1863265       0.0047660       0.1771650       0.1958489     

 Attempted ordering of parameters by estimatibility:
   1  8 11 10 13 12  2  6  9  3  4 14  5 17 19 18 16  7 15 20
 Beta number 20 is a singular value.

     CPU Time in seconds for last procedure was 14.81


  INPUT --- proc stop;

   * *  WARNING  * *   Numerical underflow occurred during final processing of this model. 
     IEEE flag status at final processing of this model:
     overflow       F
     divide by zero F
     invalid        F
     underflow      T
     inexact        T


     CPU Time in minutes for this job was 0.25

     Time Start = 15:52:02.310   Time End = 15:52:13.031

     Wall Clock Time in minutes for this job was 0.18


          E X E C U T I O N   S U C C E S S F U L 
