
   Program  MARK  - Survival Rate Estimation with Capture-Recapture Data
   gfortran(Win64) Vers. 8.1 Mar 2016    5-Aug-2016 15:46:21    Page  001
 - - - - - - - - - - - - - - - - - - - - - - - - - - - - - - - - - - - - - -
 
   This version was compiled by GCC version 5.3.0 using the options: 
     -cpp -iprefix c:\tdm-gcc-64\gcc\bin\../lib/gcc/x86_64-w64-mingw32/5.3.0/ -D_MT
     -U_REENTRANT -D IEEE -m64 -mtune=generic -march=x86-64 -mthreads -O2
     -fimplicit-none -fbounds-check -funroll-loops -ftree-vectorize
     -ffpe-summary=invalid,zero,overflow,underflow -fno-unsafe-math-optimizations
     -frounding-math -fsignaling-nans -fopenmp.

   This problem will use 3 of 4 possible threads.


  INPUT --- proc title ;

     CPU Time in seconds for last procedure was 0.00


  INPUT --- proc chmatrix occasions= 30 groups= 1 etype= PoissonMR 
  INPUT --- icovar = 31 ICMeans NoHist  hist= 14 ;

  INPUT ---    time interval 0.2 0.2 0.2 0.2 2 0.2 0.2 0.2 0.2 2.5 0.2 0.2 
  INPUT ---    0.2 0.2 2.667 0.2 0.2 0.2  0.2 1.767 0.2 0.2 0.2 0.2 3.167 
  INPUT ---    0.2 0.2 0.2 0.2 ;

  INPUT ---     icovariates captive age.t1 age.t1.2 age.t1.4  age.t1.6 
  INPUT ---    age.t1.8 age.t3.8 age.t4 age.t4.2 age.t4.4 age.t4.6 
  INPUT ---    age.t7.1 age.t7.3 age.t7.5 age.t7.7  age.t7.9 age.t10.567 
  INPUT ---    age.t10.767 age.t10.967 age.t11.167 age.t11.367 age.t13.134 
  INPUT ---    age.t13.334  age.t13.534 age.t13.734 age.t13.934 
  INPUT ---    age.t17.101 age.t17.301 age.t17.501 age.t17.701 age.t17.901 
  INPUT ---    ;

  INPUT ---    glabel(1)=Group 1;

      Number of unique encounter histories read was 14.

      Number of individual covariates read was 31.
      Time interval lengths vary and/or not equal to 1.

      Data type number is 115
      Data type is Poisson Mark Resight with Robust Design                                                             

     CPU Time in seconds for last procedure was 0.02

  Program  MARK  - Survival Rate Estimation with Capture-Recapture Data
   gfortran(Win64) Vers. 8.1 Mar 2016    5-Aug-2016 15:46:21    Page  002
 - - - - - - - - - - - - - - - - - - - - - - - - - - - - - - - - - - - - - -
 


  INPUT --- proc estimate link=Parm-Specific NOLOOP varest=2ndPart    ;


  INPUT --- model={ alpha(~1 + captive + 
  INPUT --- age.t)sigma(~1)U(~sample_month)Phi(~1)Gamma''(~1)Gamma'(~1) 
  INPUT --- };

  INPUT ---    fixed=2;
  INPUT ---        parm(41)=1 ;
  INPUT ---        parm(42)=0 ;

  INPUT ---    group=1 alpha    rows=1 cols=30 Square ;
  INPUT ---        1 2 3 4 5 6 7 8 9 10 11 12 13 14 15 16 17 18 19 20 21 22 
  INPUT ---       23 24 25 26 27 28 29 30 ;

  INPUT ---    group=1 sigma    rows=1 cols=30 Square ;
  INPUT ---        31 31 31 31 31 31 31 31 31 31 31 31 31 31 31 31 31 31 31 
  INPUT ---       31 31 31 31 31 31 31 31 31 31 31 ;

  INPUT ---    group=1 U    rows=1 cols=30 Square ;
  INPUT ---        32 32 32 32 32 33 33 33 33 33 34 34 34 34 34 35 35 35 35 
  INPUT ---       35 36 36 36 36 36 37 37 37 37 37 ;

  INPUT ---    group=1 Phi    rows=29 cols=29 Triang ;
  INPUT ---        41 41 41 41 38 41 41 41 41 38 41 41 41 41 38 41 41 41 41 
  INPUT ---       38 41 41 41 41 38 41 41 41 41 ;
  INPUT ---        41 41 41 41 41 41 41 41 41 41 41 41 41 41 41 41 41 41 41 
  INPUT ---       41 41 41 41 41 41 41 41 41 ;
  INPUT ---        41 41 41 41 41 41 41 41 41 41 41 41 41 41 41 41 41 41 41 
  INPUT ---       41 41 41 41 41 41 41 41 ;
  INPUT ---        41 41 41 41 41 41 41 41 41 41 41 41 41 41 41 41 41 41 41 
  INPUT ---       41 41 41 41 41 41 41 ;
  INPUT ---        41 41 41 41 41 41 41 41 41 41 41 41 41 41 41 41 41 41 41 
  INPUT ---       41 41 41 41 41 41 ;
  INPUT ---        41 41 41 41 38 41 41 41 41 38 41 41 41 41 38 41 41 41 41 
  INPUT ---       38 41 41 41 41 ;
  INPUT ---        41 41 41 41 41 41 41 41 41 41 41 41 41 41 41 41 41 41 41 
  INPUT ---       41 41 41 41 ;
  INPUT ---        41 41 41 41 41 41 41 41 41 41 41 41 41 41 41 41 41 41 41 
  INPUT ---       41 41 41 ;
  INPUT ---        41 41 41 41 41 41 41 41 41 41 41 41 41 41 41 41 41 41 41 
  INPUT ---       41 41 ;
  INPUT ---        41 41 41 41 41 41 41 41 41 41 41 41 41 41 41 41 41 41 41 
  INPUT ---       41 ;

  Program  MARK  - Survival Rate Estimation with Capture-Recapture Data
   gfortran(Win64) Vers. 8.1 Mar 2016    5-Aug-2016 15:46:21    Page  003
 - - - - - - - - - - - - - - - - - - - - - - - - - - - - - - - - - - - - - -
 
  INPUT ---        41 41 41 41 38 41 41 41 41 38 41 41 41 41 38 41 41 41 41 ;
  INPUT ---        41 41 41 41 41 41 41 41 41 41 41 41 41 41 41 41 41 41 ;
  INPUT ---        41 41 41 41 41 41 41 41 41 41 41 41 41 41 41 41 41 ;
  INPUT ---        41 41 41 41 41 41 41 41 41 41 41 41 41 41 41 41 ;
  INPUT ---        41 41 41 41 41 41 41 41 41 41 41 41 41 41 41 ;
  INPUT ---        41 41 41 41 38 41 41 41 41 38 41 41 41 41 ;
  INPUT ---        41 41 41 41 41 41 41 41 41 41 41 41 41 ;
  INPUT ---        41 41 41 41 41 41 41 41 41 41 41 41 ;
  INPUT ---        41 41 41 41 41 41 41 41 41 41 41 ;
  INPUT ---        41 41 41 41 41 41 41 41 41 41 ;
  INPUT ---        41 41 41 41 38 41 41 41 41 ;
  INPUT ---        41 41 41 41 41 41 41 41 ;
  INPUT ---        41 41 41 41 41 41 41 ;
  INPUT ---        41 41 41 41 41 41 ;
  INPUT ---        41 41 41 41 41 ;
  INPUT ---        41 41 41 41 ;
  INPUT ---        41 41 41 ;
  INPUT ---        41 41 ;
  INPUT ---        41 ;

  INPUT ---    group=1 Gamma''    rows=29 cols=29 Triang ;
  INPUT ---        42 42 42 42 39 42 42 42 42 39 42 42 42 42 39 42 42 42 42 
  INPUT ---       39 42 42 42 42 39 42 42 42 42 ;
  INPUT ---        42 42 42 42 42 42 42 42 42 42 42 42 42 42 42 42 42 42 42 
  INPUT ---       42 42 42 42 42 42 42 42 42 ;
  INPUT ---        42 42 42 42 42 42 42 42 42 42 42 42 42 42 42 42 42 42 42 
  INPUT ---       42 42 42 42 42 42 42 42 ;
  INPUT ---        42 42 42 42 42 42 42 42 42 42 42 42 42 42 42 42 42 42 42 
  INPUT ---       42 42 42 42 42 42 42 ;
  INPUT ---        42 42 42 42 42 42 42 42 42 42 42 42 42 42 42 42 42 42 42 
  INPUT ---       42 42 42 42 42 42 ;
  INPUT ---        42 42 42 42 39 42 42 42 42 39 42 42 42 42 39 42 42 42 42 
  INPUT ---       39 42 42 42 42 ;
  INPUT ---        42 42 42 42 42 42 42 42 42 42 42 42 42 42 42 42 42 42 42 
  INPUT ---       42 42 42 42 ;
  INPUT ---        42 42 42 42 42 42 42 42 42 42 42 42 42 42 42 42 42 42 42 
  INPUT ---       42 42 42 ;
  INPUT ---        42 42 42 42 42 42 42 42 42 42 42 42 42 42 42 42 42 42 42 
  INPUT ---       42 42 ;
  INPUT ---        42 42 42 42 42 42 42 42 42 42 42 42 42 42 42 42 42 42 42 
  INPUT ---       42 ;
  INPUT ---        42 42 42 42 39 42 42 42 42 39 42 42 42 42 39 42 42 42 42 ;
  INPUT ---        42 42 42 42 42 42 42 42 42 42 42 42 42 42 42 42 42 42 ;
  INPUT ---        42 42 42 42 42 42 42 42 42 42 42 42 42 42 42 42 42 ;
  INPUT ---        42 42 42 42 42 42 42 42 42 42 42 42 42 42 42 42 ;
  INPUT ---        42 42 42 42 42 42 42 42 42 42 42 42 42 42 42 ;

  Program  MARK  - Survival Rate Estimation with Capture-Recapture Data
   gfortran(Win64) Vers. 8.1 Mar 2016    5-Aug-2016 15:46:21    Page  004
 - - - - - - - - - - - - - - - - - - - - - - - - - - - - - - - - - - - - - -
 
  INPUT ---        42 42 42 42 39 42 42 42 42 39 42 42 42 42 ;
  INPUT ---        42 42 42 42 42 42 42 42 42 42 42 42 42 ;
  INPUT ---        42 42 42 42 42 42 42 42 42 42 42 42 ;
  INPUT ---        42 42 42 42 42 42 42 42 42 42 42 ;
  INPUT ---        42 42 42 42 42 42 42 42 42 42 ;
  INPUT ---        42 42 42 42 39 42 42 42 42 ;
  INPUT ---        42 42 42 42 42 42 42 42 ;
  INPUT ---        42 42 42 42 42 42 42 ;
  INPUT ---        42 42 42 42 42 42 ;
  INPUT ---        42 42 42 42 42 ;
  INPUT ---        42 42 42 42 ;
  INPUT ---        42 42 42 ;
  INPUT ---        42 42 ;
  INPUT ---        42 ;

  INPUT ---    group=1 Gamma'    rows=28 cols=28 Triang ;
  INPUT ---        42 42 42 40 42 42 42 42 40 42 42 42 42 40 42 42 42 42 40 
  INPUT ---       42 42 42 42 40 42 42 42 42 ;
  INPUT ---        42 42 42 42 42 42 42 42 42 42 42 42 42 42 42 42 42 42 42 
  INPUT ---       42 42 42 42 42 42 42 42 ;
  INPUT ---        42 42 42 42 42 42 42 42 42 42 42 42 42 42 42 42 42 42 42 
  INPUT ---       42 42 42 42 42 42 42 ;
  INPUT ---        42 42 42 42 42 42 42 42 42 42 42 42 42 42 42 42 42 42 42 
  INPUT ---       42 42 42 42 42 42 ;
  INPUT ---        42 42 42 42 42 42 42 42 42 42 42 42 42 42 42 42 42 42 42 
  INPUT ---       42 42 42 42 42 ;
  INPUT ---        42 42 42 40 42 42 42 42 40 42 42 42 42 40 42 42 42 42 40 
  INPUT ---       42 42 42 42 ;
  INPUT ---        42 42 42 42 42 42 42 42 42 42 42 42 42 42 42 42 42 42 42 
  INPUT ---       42 42 42 ;
  INPUT ---        42 42 42 42 42 42 42 42 42 42 42 42 42 42 42 42 42 42 42 
  INPUT ---       42 42 ;
  INPUT ---        42 42 42 42 42 42 42 42 42 42 42 42 42 42 42 42 42 42 42 
  INPUT ---       42 ;
  INPUT ---        42 42 42 42 42 42 42 42 42 42 42 42 42 42 42 42 42 42 42 ;
  INPUT ---        42 42 42 40 42 42 42 42 40 42 42 42 42 40 42 42 42 42 ;
  INPUT ---        42 42 42 42 42 42 42 42 42 42 42 42 42 42 42 42 42 ;
  INPUT ---        42 42 42 42 42 42 42 42 42 42 42 42 42 42 42 42 ;
  INPUT ---        42 42 42 42 42 42 42 42 42 42 42 42 42 42 42 ;
  INPUT ---        42 42 42 42 42 42 42 42 42 42 42 42 42 42 ;
  INPUT ---        42 42 42 40 42 42 42 42 40 42 42 42 42 ;
  INPUT ---        42 42 42 42 42 42 42 42 42 42 42 42 ;
  INPUT ---        42 42 42 42 42 42 42 42 42 42 42 ;
  INPUT ---        42 42 42 42 42 42 42 42 42 42 ;
  INPUT ---        42 42 42 42 42 42 42 42 42 ;
  INPUT ---        42 42 42 40 42 42 42 42 ;

  Program  MARK  - Survival Rate Estimation with Capture-Recapture Data
   gfortran(Win64) Vers. 8.1 Mar 2016    5-Aug-2016 15:46:21    Page  005
 - - - - - - - - - - - - - - - - - - - - - - - - - - - - - - - - - - - - - -
 
  INPUT ---        42 42 42 42 42 42 42 ;
  INPUT ---        42 42 42 42 42 42 ;
  INPUT ---        42 42 42 42 42 ;
  INPUT ---        42 42 42 42 ;
  INPUT ---        42 42 42 ;
  INPUT ---        42 42 ;
  INPUT ---        42 ;

  INPUT ---    initial  0.8492118 0 0 -0.3123225 3.139572 0 0 0 0 0 
  INPUT ---    2.0066797 -2.9445172 17.724958  ;

  INPUT ---    design matrix constraints=42 covariates=13;
  INPUT ---        1 captive age.t1 0 0 0 0 0 0 0 0 0 0;
  INPUT ---        1 captive age.t1.2 0 0 0 0 0 0 0 0 0 0;
  INPUT ---        1 captive age.t1.4 0 0 0 0 0 0 0 0 0 0;
  INPUT ---        1 captive age.t1.6 0 0 0 0 0 0 0 0 0 0;
  INPUT ---        1 captive age.t1.8 0 0 0 0 0 0 0 0 0 0;
  INPUT ---        1 captive age.t3.8 0 0 0 0 0 0 0 0 0 0;
  INPUT ---        1 captive age.t4 0 0 0 0 0 0 0 0 0 0;
  INPUT ---        1 captive age.t4.2 0 0 0 0 0 0 0 0 0 0;
  INPUT ---        1 captive age.t4.4 0 0 0 0 0 0 0 0 0 0;
  INPUT ---        1 captive age.t4.6 0 0 0 0 0 0 0 0 0 0;
  INPUT ---        1 captive age.t7.1 0 0 0 0 0 0 0 0 0 0;
  INPUT ---        1 captive age.t7.3 0 0 0 0 0 0 0 0 0 0;
  INPUT ---        1 captive age.t7.5 0 0 0 0 0 0 0 0 0 0;
  INPUT ---        1 captive age.t7.7 0 0 0 0 0 0 0 0 0 0;
  INPUT ---        1 captive age.t7.9 0 0 0 0 0 0 0 0 0 0;
  INPUT ---        1 captive age.t10.567 0 0 0 0 0 0 0 0 0 0;
  INPUT ---        1 captive age.t10.767 0 0 0 0 0 0 0 0 0 0;
  INPUT ---        1 captive age.t10.967 0 0 0 0 0 0 0 0 0 0;
  INPUT ---        1 captive age.t11.167 0 0 0 0 0 0 0 0 0 0;
  INPUT ---        1 captive age.t11.367 0 0 0 0 0 0 0 0 0 0;
  INPUT ---        1 captive age.t13.134 0 0 0 0 0 0 0 0 0 0;
  INPUT ---        1 captive age.t13.334 0 0 0 0 0 0 0 0 0 0;
  INPUT ---        1 captive age.t13.534 0 0 0 0 0 0 0 0 0 0;
  INPUT ---        1 captive age.t13.734 0 0 0 0 0 0 0 0 0 0;
  INPUT ---        1 captive age.t13.934 0 0 0 0 0 0 0 0 0 0;
  INPUT ---        1 captive age.t17.101 0 0 0 0 0 0 0 0 0 0;
  INPUT ---        1 captive age.t17.301 0 0 0 0 0 0 0 0 0 0;
  INPUT ---        1 captive age.t17.501 0 0 0 0 0 0 0 0 0 0;
  INPUT ---        1 captive age.t17.701 0 0 0 0 0 0 0 0 0 0;
  INPUT ---        1 captive age.t17.901 0 0 0 0 0 0 0 0 0 0;
  INPUT ---        0 0 0 1 0 0 0 0 0 0 0 0 0;
  INPUT ---        0 0 0 0 1 0 0 0 0 0 0 0 0;
  INPUT ---        0 0 0 0 1 1 0 0 0 0 0 0 0;
  INPUT ---        0 0 0 0 1 0 1 0 0 0 0 0 0;

  Program  MARK  - Survival Rate Estimation with Capture-Recapture Data
   gfortran(Win64) Vers. 8.1 Mar 2016    5-Aug-2016 15:46:21    Page  006
 - - - - - - - - - - - - - - - - - - - - - - - - - - - - - - - - - - - - - -
 
  INPUT ---        0 0 0 0 1 0 0 1 0 0 0 0 0;
  INPUT ---        0 0 0 0 1 0 0 0 1 0 0 0 0;
  INPUT ---        0 0 0 0 1 0 0 0 0 1 0 0 0;
  INPUT ---        0 0 0 0 0 0 0 0 0 0 1 0 0;
  INPUT ---        0 0 0 0 0 0 0 0 0 0 0 1 0;
  INPUT ---        0 0 0 0 0 0 0 0 0 0 0 0 1;
  INPUT ---        0 0 0 0 0 0 0 0 0 0 0 0 0;
  INPUT ---        0 0 0 0 0 0 0 0 0 0 0 0 0;

  INPUT ---    links=42;

  INPUT ---    Log;

  INPUT ---    Log;

  INPUT ---    Log;

  INPUT ---    Log;

  INPUT ---    Log;

  INPUT ---    Log;

  INPUT ---    Log;

  INPUT ---    Log;

  INPUT ---    Log;

  INPUT ---    Log;

  INPUT ---    Log;

  INPUT ---    Log;

  INPUT ---    Log;

  INPUT ---    Log;

  INPUT ---    Log;

  INPUT ---    Log;

  INPUT ---    Log;

  INPUT ---    Log;

  Program  MARK  - Survival Rate Estimation with Capture-Recapture Data
   gfortran(Win64) Vers. 8.1 Mar 2016    5-Aug-2016 15:46:21    Page  007
 - - - - - - - - - - - - - - - - - - - - - - - - - - - - - - - - - - - - - -
 

  INPUT ---    Log;

  INPUT ---    Log;

  INPUT ---    Log;

  INPUT ---    Log;

  INPUT ---    Log;

  INPUT ---    Log;

  INPUT ---    Log;

  INPUT ---    Log;

  INPUT ---    Log;

  INPUT ---    Log;

  INPUT ---    Log;

  INPUT ---    Log;

  INPUT ---    Log;

  INPUT ---    Log;

  INPUT ---    Log;

  INPUT ---    Log;

  INPUT ---    Log;

  INPUT ---    Log;

  INPUT ---    Log;

  INPUT ---    Logit;

  INPUT ---    Logit;

  INPUT ---    Logit;

  INPUT ---    Logit;

  Program  MARK  - Survival Rate Estimation with Capture-Recapture Data
   gfortran(Win64) Vers. 8.1 Mar 2016    5-Aug-2016 15:46:21    Page  008
 - - - - - - - - - - - - - - - - - - - - - - - - - - - - - - - - - - - - - -
 

  INPUT ---    Logit;
  INPUT ---       blabel(1)=alpha:(Intercept);
  INPUT ---       blabel(2)=alpha:captive;
  INPUT ---       blabel(3)=alpha:age.t;
  INPUT ---       blabel(4)=sigma:(Intercept);
  INPUT ---       blabel(5)=U:(Intercept);
  INPUT ---       blabel(6)=U:sample_monthB;
  INPUT ---       blabel(7)=U:sample_monthC;
  INPUT ---       blabel(8)=U:sample_monthD;
  INPUT ---       blabel(9)=U:sample_monthE;
  INPUT ---       blabel(10)=U:sample_monthF;
  INPUT ---       blabel(11)=Phi:(Intercept);
  INPUT ---       blabel(12)=GammaDoublePrime:(Intercept);
  INPUT ---       blabel(13)=GammaPrime:(Intercept);
  INPUT ---       rlabel(1)=alpha g1 a0 t1;
  INPUT ---       rlabel(2)=alpha g1 a0.2 t1.2;
  INPUT ---       rlabel(3)=alpha g1 a0.4 t1.4;
  INPUT ---       rlabel(4)=alpha g1 a0.6 t1.6;
  INPUT ---       rlabel(5)=alpha g1 a0.8 t1.8;
  INPUT ---       rlabel(6)=alpha g1 a2.8 t3.8;
  INPUT ---       rlabel(7)=alpha g1 a3 t4;
  INPUT ---       rlabel(8)=alpha g1 a3.2 t4.2;
  INPUT ---       rlabel(9)=alpha g1 a3.4 t4.4;
  INPUT ---       rlabel(10)=alpha g1 a3.6 t4.6;
  INPUT ---       rlabel(11)=alpha g1 a6.1 t7.1;
  INPUT ---       rlabel(12)=alpha g1 a6.3 t7.3;
  INPUT ---       rlabel(13)=alpha g1 a6.5 t7.5;
  INPUT ---       rlabel(14)=alpha g1 a6.7 t7.7;
  INPUT ---       rlabel(15)=alpha g1 a6.9 t7.9;
  INPUT ---       rlabel(16)=alpha g1 a9.567 t10.567;
  INPUT ---       rlabel(17)=alpha g1 a9.767 t10.767;
  INPUT ---       rlabel(18)=alpha g1 a9.967 t10.967;
  INPUT ---       rlabel(19)=alpha g1 a10.167 t11.167;
  INPUT ---       rlabel(20)=alpha g1 a10.367 t11.367;
  INPUT ---       rlabel(21)=alpha g1 a12.134 t13.134;
  INPUT ---       rlabel(22)=alpha g1 a12.334 t13.334;
  INPUT ---       rlabel(23)=alpha g1 a12.534 t13.534;
  INPUT ---       rlabel(24)=alpha g1 a12.734 t13.734;
  INPUT ---       rlabel(25)=alpha g1 a12.934 t13.934;
  INPUT ---       rlabel(26)=alpha g1 a16.101 t17.101;
  INPUT ---       rlabel(27)=alpha g1 a16.301 t17.301;
  INPUT ---       rlabel(28)=alpha g1 a16.501 t17.501;
  INPUT ---       rlabel(29)=alpha g1 a16.701 t17.701;
  INPUT ---       rlabel(30)=alpha g1 a16.901 t17.901;
  INPUT ---       rlabel(31)=sigma g1 a0 t1;

  Program  MARK  - Survival Rate Estimation with Capture-Recapture Data
   gfortran(Win64) Vers. 8.1 Mar 2016    5-Aug-2016 15:46:21    Page  009
 - - - - - - - - - - - - - - - - - - - - - - - - - - - - - - - - - - - - - -
 
  INPUT ---       rlabel(32)=U g1 a0 t1;
  INPUT ---       rlabel(33)=U g1 a2.8 t3.8;
  INPUT ---       rlabel(34)=U g1 a6.1 t7.1;
  INPUT ---       rlabel(35)=U g1 a9.567 t10.567;
  INPUT ---       rlabel(36)=U g1 a12.134 t13.134;
  INPUT ---       rlabel(37)=U g1 a16.101 t17.101;
  INPUT ---       rlabel(38)=Phi g1 c1 a0.8 t1.8;
  INPUT ---       rlabel(39)=Gamma'' g1 c1 a0.8 t1.8;
  INPUT ---       rlabel(40)=Gamma' g1 c1 a0.8 t1.8;
  INPUT ---       rlabel(41)=Phi g1 c1 a0 t1;
  INPUT ---       rlabel(42)=Gamma'' g1 c1 a0 t1;

 Link Function Used is PARM-SPECIFIC

 Variance Estimation Procedure Used is 2ndPart 

 M(t+1):
 Group=Group 1                                                                         
       3      3      3      2      3      5      5      5      2      5      5
       4      4      4      4     10      7      7      7      5      5      5
       5      3      4      5      5      5      4      5


 -2logL(saturated) = -0.0000000    
 Effective Sample Size = 169
 Results from first iteration:
  -2logL Initial { alpha(~1 + captive + age.t)sigma(~1)U(~sample_month)Phi(~1)Gamma''(~1)Gamma'(~1) } = 1138.4459     
  Penalty Initial { alpha(~1 + captive + age.t)sigma(~1)U(~sample_month)Phi(~1)Gamma''(~1)Gamma'(~1) } = -0.0000000    

 Number of function evaluations was 24 for 13 parameters.
 Time for numerical optimization was 2.16 seconds.
 -2logL { alpha(~1 + captive + age.t)sigma(~1)U(~sample_month)Phi(~1)Gamma''(~1)Gamma'(~1) } = 1085.4382     
 Penalty { alpha(~1 + captive + age.t)sigma(~1)U(~sample_month)Phi(~1)Gamma''(~1)Gamma'(~1) } = -0.0000000    

   * *  WARNING  * *   Numerical underflow occurred during optimization of this model. 
     IEEE flag status at end of optimization:
     overflow       F
     divide by zero F
     invalid        F
     underflow      T
     inexact        T

 Gradient { alpha(~1 + captive + age.t)sigma(~1)U(~sample_month)Phi(~1)Gamma''(~1)Gamma'(~1) }:
  0.1273167E-04-0.1962360E-04-0.1924976E-04 0.1125013E-03 0.5174762E-04
   0.000000      0.000000     0.4898504E-04 0.1660991E-04 0.3877162E-04
 -0.3024934E-04  0.000000      0.000000    
 S Vector { alpha(~1 + captive + age.t)sigma(~1)U(~sample_month)Phi(~1)Gamma''(~1)Gamma'(~1) }:
   3935.449      328.1679      271.2677      245.3164      216.6059    
   165.4640      95.22388      68.92570      19.27917      12.17116    
   6.136874     0.9500053     0.2702012E-08
 Time to compute number of parameters was 1.83 seconds.
   Threshold =  0.2800000E-06     Condition index =  0.6865829E-12     New Threshold =  0.9742242E-08

  Program  MARK  - Survival Rate Estimation with Capture-Recapture Data
   gfortran(Win64) Vers. 8.1 Mar 2016    5-Aug-2016 15:46:24    Page  010
 - - - - - - - - - - - - - - - - - - - - - - - - - - - - - - - - - - - - - -
 
 New Guessimate of Estimated Parameters { alpha(~1 + captive + age.t)sigma(~1)U(~sample_month)Phi(~1)Gamma''(~1)Gamma'(~1) } = 12          
 Conditioned S Vector { alpha(~1 + captive + age.t)sigma(~1)U(~sample_month)Phi(~1)Gamma''(~1)Gamma'(~1) }:
   1.000000     0.8338767E-01 0.6892930E-01 0.6233506E-01 0.5503969E-01
  0.4204451E-01 0.2419645E-01 0.1751407E-01 0.4898851E-02 0.3092701E-02
  0.1559384E-02 0.2413970E-03 0.6865829E-12
 Number of Estimated Parameters { alpha(~1 + captive + age.t)sigma(~1)U(~sample_month)Phi(~1)Gamma''(~1)Gamma'(~1) } = 12          
 DEVIANCE { alpha(~1 + captive + age.t)sigma(~1)U(~sample_month)Phi(~1)Gamma''(~1)Gamma'(~1) } = 1085.4382                     
 DEVIANCE Degrees of Freedom { alpha(~1 + captive + age.t)sigma(~1)U(~sample_month)Phi(~1)Gamma''(~1)Gamma'(~1) } = 2            
 c-hat { alpha(~1 + captive + age.t)sigma(~1)U(~sample_month)Phi(~1)Gamma''(~1)Gamma'(~1) } = 542.71911                     
 AIC { alpha(~1 + captive + age.t)sigma(~1)U(~sample_month)Phi(~1)Gamma''(~1)Gamma'(~1) } = 1109.4382                  
 AICc { alpha(~1 + captive + age.t)sigma(~1)U(~sample_month)Phi(~1)Gamma''(~1)Gamma'(~1) } = 1111.4382                    
 BIC { alpha(~1 + captive + age.t)sigma(~1)U(~sample_month)Phi(~1)Gamma''(~1)Gamma'(~1) } = 1146.9970                    
 Pearson Chisquare { alpha(~1 + captive + age.t)sigma(~1)U(~sample_month)Phi(~1)Gamma''(~1)Gamma'(~1) } = 0.9172697E+034             

   * *  WARNING  * *   Numerical underflow occurred during variance-covariance calculation of this model. 
     IEEE flag status at end of variance-covariance calculation:
     overflow       F
     divide by zero F
     invalid        F
     underflow      T
     inexact        T



 PARM-SPECIFIC Link Function Parameters of { alpha(~1 + captive + age.t)sigma(~1)U(~sample_month)Phi(~1)Gamma''(~1)Gamma'(~1) }
                                                              95% Confidence Interval
 Parameter                    Beta         Standard Error      Lower           Upper
 -------------------------  --------------  --------------  --------------  --------------
    1:alpha:(Intercept)     0.7858911       0.1608638       0.4705980       1.1011842     
    2:alpha:captive         0.1586747       0.1126654       -0.0621495      0.3794990     
    3:alpha:age.t           0.1811767       0.1646347       -0.1415074      0.5038607     
    4:sigma:(Intercept)     -0.6168601      0.1151933       -0.8426389      -0.3910814    
    5:U:(Intercept)         2.5151167       0.1243844       2.2713233       2.7589102     
    6:U:sample_monthB       0.5141848       0.1364643       0.2467149       0.7816548     
    7:U:sample_monthC       0.6679766       0.1278328       0.4174243       0.9185288     
    8:U:sample_monthD       0.8566785       0.1278566       0.6060795       1.1072775     
    9:U:sample_monthE       0.3689039       0.1299542       0.1141936       0.6236143     
   10:U:sample_monthF       0.7593309       0.1347212       0.4952774       1.0233844     
   11:Phi:(Intercept)       2.0066596       0.4036699       1.2154665       2.7978527     
   12:GammaDoublePrime:(In  -2.9444376      1.0259755       -4.9553496      -0.9335256    
   13:GammaPrime:(Intercep  17.724958       0.0000000       17.724958       17.724958     


 Real Function Parameters of { alpha(~1 + captive + age.t)sigma(~1)U(~sample_month)Phi(~1)Gamma''(~1)Gamma'(~1) }

  Program  MARK  - Survival Rate Estimation with Capture-Recapture Data
   gfortran(Win64) Vers. 8.1 Mar 2016    5-Aug-2016 15:46:24    Page  011
 - - - - - - - - - - - - - - - - - - - - - - - - - - - - - - - - - - - - - -
 

      Following estimates based on unstandardized individual covariate values:
          Variable   Value         
          ---------  ------------- 
          CAPTIVE    0.2142857     
          AGE.T1     1.0000000     
          AGE.T1.2   1.0000000     
          AGE.T1.4   1.0000000     
          AGE.T1.6   1.0000000     
          AGE.T1.8   1.0000000     
          AGE.T3.8   1.0000000     
          AGE.T4     1.0000000     
          AGE.T4.2   1.0000000     
          AGE.T4.4   1.0000000     
          AGE.T4.6   1.0000000     
          AGE.T7.1   0.8333333     
          AGE.T7.3   0.8333333     
          AGE.T7.5   0.8333333     
          AGE.T7.7   0.8333333     
          AGE.T7.9   0.8333333     
          AGE.T10.56 0.6666667     
          AGE.T10.76 0.6666667     
          AGE.T10.96 0.6666667     
          AGE.T11.16 0.6666667     
          AGE.T11.36 0.6666667     
          AGE.T13.13 1.0000000     
          AGE.T13.33 1.0000000     
          AGE.T13.53 1.0000000     
          AGE.T13.73 1.0000000     
          AGE.T13.93 1.0000000     
          AGE.T17.10 0.9230769     
          AGE.T17.30 0.9230769     
          AGE.T17.50 0.9230769     
          AGE.T17.70 0.9230769     
          AGE.T17.90 0.9230769     
                                                               95% Confidence Interval
  Parameter                  Estimate       Standard Error      Lower           Upper
 --------------------------  --------------  --------------  --------------  --------------
     1:alpha g1 a0 t1        2.7211905       0.2171993       2.3276867       3.1812174                           
     2:alpha g1 a0.2 t1.2    2.7211905       0.2171993       2.3276867       3.1812174                           
     3:alpha g1 a0.4 t1.4    2.7211905       0.2171993       2.3276867       3.1812174                           
     4:alpha g1 a0.6 t1.6    2.7211905       0.2171993       2.3276867       3.1812174                           
     5:alpha g1 a0.8 t1.8    2.7211905       0.2171993       2.3276867       3.1812174                           
     6:alpha g1 a2.8 t3.8    2.7211905       0.2171993       2.3276867       3.1812174                           
     7:alpha g1 a3 t4        2.7211905       0.2171993       2.3276867       3.1812174                           
     8:alpha g1 a3.2 t4.2    2.7211905       0.2171993       2.3276867       3.1812174                           
     9:alpha g1 a3.4 t4.4    2.7211905       0.2171993       2.3276867       3.1812174                           
    10:alpha g1 a3.6 t4.6    2.7211905       0.2171993       2.3276867       3.1812174                           
    11:alpha g1 a6.1 t7.1    2.6402493       0.2044277       2.2690070       3.0722321                           

  Program  MARK  - Survival Rate Estimation with Capture-Recapture Data
   gfortran(Win64) Vers. 8.1 Mar 2016    5-Aug-2016 15:46:24    Page  012
 - - - - - - - - - - - - - - - - - - - - - - - - - - - - - - - - - - - - - -
 
    12:alpha g1 a6.3 t7.3    2.6402493       0.2044277       2.2690070       3.0722321                           
    13:alpha g1 a6.5 t7.5    2.6402493       0.2044277       2.2690070       3.0722321                           
    14:alpha g1 a6.7 t7.7    2.6402493       0.2044277       2.2690070       3.0722321                           
    15:alpha g1 a6.9 t7.9    2.6402493       0.2044277       2.2690070       3.0722321                           
    16:alpha g1 a9.567 t10.  2.5617157       0.2162329       2.1717393       3.0217197                           
    17:alpha g1 a9.767 t10.  2.5617157       0.2162329       2.1717393       3.0217197                           
    18:alpha g1 a9.967 t10.  2.5617157       0.2162329       2.1717393       3.0217197                           
    19:alpha g1 a10.167 t11  2.5617157       0.2162329       2.1717393       3.0217197                           
    20:alpha g1 a10.367 t11  2.5617157       0.2162329       2.1717393       3.0217197                           
    21:alpha g1 a12.134 t13  2.7211905       0.2171993       2.3276867       3.1812174                           
    22:alpha g1 a12.334 t13  2.7211905       0.2171993       2.3276867       3.1812174                           
    23:alpha g1 a12.534 t13  2.7211905       0.2171993       2.3276867       3.1812174                           
    24:alpha g1 a12.734 t13  2.7211905       0.2171993       2.3276867       3.1812174                           
    25:alpha g1 a12.934 t13  2.7211905       0.2171993       2.3276867       3.1812174                           
    26:alpha g1 a16.101 t17  2.6835292       0.2080433       2.3057577       3.1231941                           
    27:alpha g1 a16.301 t17  2.6835292       0.2080433       2.3057577       3.1231941                           
    28:alpha g1 a16.501 t17  2.6835292       0.2080433       2.3057577       3.1231941                           
    29:alpha g1 a16.701 t17  2.6835292       0.2080433       2.3057577       3.1231941                           
    30:alpha g1 a16.901 t17  2.6835292       0.2080433       2.3057577       3.1231941                           
    31:sigma g1 a0 t1        0.5396362       0.0621624       0.4308931       0.6758224                           
    32:U g1 a0 t1            12.368052       1.5383929       9.7012856       15.767881                           
    33:U g1 a2.8 t3.8        20.682782       2.0660204       17.013400       25.143561                           
    34:U g1 a6.1 t7.1        24.121252       2.0107757       20.491049       28.394583                           
    35:U g1 a9.567 t10.567   29.130776       2.2089107       25.113021       33.791318                           
    36:U g1 a12.134 t13.134  17.886043       1.5260441       15.136300       21.135318                           
    37:U g1 a16.101 t17.101  26.428623       2.2147061       22.431985       31.137331                           
    38:Phi g1 c1 a0.8 t1.8   0.8814945       0.0421681       0.7712648       0.9425597                           
    39:Gamma'' g1 c1 a0.8 t  0.0500001       0.0487339       0.0069963       0.2822100                           
    40:Gamma' g1 c1 a0.8 t1  1.0000000       0.0000000       1.0000000       1.0000000                           
    41:Phi g1 c1 a0 t1       1.0000000       0.0000000       1.0000000       1.0000000       Fixed               
    42:Gamma'' g1 c1 a0 t1   0.0000000       0.0000000       0.0000000       0.0000000       Fixed               

  Program  MARK  - Survival Rate Estimation with Capture-Recapture Data
   gfortran(Win64) Vers. 8.1 Mar 2016    5-Aug-2016 15:46:24    Page  013
 - - - - - - - - - - - - - - - - - - - - - - - - - - - - - - - - - - - - - -
 


                      Estimates of Derived Parameters
 Population Estimates of { alpha(~1 + captive + age.t)sigma(~1)U(~sample_month)Phi(~1)Gamma''(~1)Gamma'(~1) }
                                                95% Confidence Interval
 Grp. Occ.   N-hat           Standard Error      Lower           Upper
 ---- ----   --------------  --------------  --------------  --------------
   1     1   15.368052       1.5383937       12.636344       18.690298     
   1     2   15.368052       1.5383937       12.636344       18.690298     
   1     3   15.368052       1.5383937       12.636344       18.690298     
   1     4   14.544516       1.5620391       11.790792       17.941369     
   1     5   15.368052       1.5383937       12.636344       18.690298     
   1     6   25.682782       2.0660209       21.942055       30.061236     
   1     7   25.682782       2.0660209       21.942055       30.061236     
   1     8   25.682782       2.0660209       21.942055       30.061236     
   1     9   22.926114       2.0905878       19.180956       27.402530     
   1    10   25.682782       2.0660209       21.942055       30.061236     
   1    11   29.708044       2.0733064       25.914347       34.057114     
   1    12   28.586399       2.0622685       24.821667       32.922131     
   1    13   28.586399       2.0622685       24.821667       32.922131     
   1    14   28.620793       2.0624580       24.855418       32.956590     
   1    15   28.620793       2.0624580       24.855418       32.956590     
   1    16   36.960877       2.2986795       32.723086       41.747481     
   1    17   37.008203       2.3040410       32.760801       41.806274     
   1    18   36.960877       2.2986795       32.723086       41.747481     
   1    19   37.043044       2.3090381       32.786752       41.851877     
   1    20   34.704856       2.2710969       30.531337       39.448879     
   1    21   22.304827       1.5655497       19.441345       25.590067     
   1    22   23.426287       1.5774867       20.532827       26.727490     
   1    23   23.460123       1.5806047       20.561046       26.767965     
   1    24   21.216929       1.5566599       18.378648       24.493536     
   1    25   22.304827       1.5655497       19.441345       25.590067     
   1    26   32.049823       2.2809684       27.881843       36.840863     
   1    27   32.049823       2.2809684       27.881843       36.840863     
   1    28   32.049823       2.2809684       27.881843       36.840863     
   1    29   30.963093       2.2740869       26.817030       35.750160     
   1    30   32.049823       2.2809684       27.881843       36.840863     
 Mean Resighting Rate Estimates of { alpha(~1 + captive + age.t)sigma(~1)U(~sample_month)Phi(~1)Gamma''(~1)Gamma'(~1) }
                                                95% Confidence Interval
 Grp. Occ.   Lambda-hat      Standard Error      Lower           Upper
 ---- ----   --------------  --------------  --------------  --------------
   1     1   3.1477032       0.2053980       2.7701803       3.5766754     
   1     2   3.1477032       0.2053980       2.7701803       3.5766754     
   1     3   3.1477032       0.2053980       2.7701803       3.5766754     
   1     4   3.1477032       0.2053980       2.7701803       3.5766754     
   1     5   3.1477032       0.2053980       2.7701803       3.5766754     
   1     6   3.1477032       0.2053980       2.7701803       3.5766754     
   1     7   3.1477032       0.2053980       2.7701803       3.5766754     
   1     8   3.1477032       0.2053980       2.7701803       3.5766754     
   1     9   3.1477032       0.2053980       2.7701803       3.5766754     

  Program  MARK  - Survival Rate Estimation with Capture-Recapture Data
   gfortran(Win64) Vers. 8.1 Mar 2016    5-Aug-2016 15:46:24    Page  014
 - - - - - - - - - - - - - - - - - - - - - - - - - - - - - - - - - - - - - -
 
   1    10   3.1477032       0.2053980       2.7701803       3.5766754     
   1    11   3.4109749       0.1897973       3.0587977       3.8037004     
   1    12   3.2771377       0.1874406       2.9298665       3.6655701     
   1    13   3.5001998       0.1913782       3.1447499       3.8958261     
   1    14   3.7232619       0.1953633       3.3596193       4.1262650     
   1    15   3.9463241       0.1993931       3.5744671       4.3568658     
   1    16   3.4697878       0.2083318       3.0848951       3.9027023     
   1    17   3.8497040       0.2161087       3.4489001       4.2970862     
   1    18   3.7230653       0.2135031       3.3275667       4.1655709     
   1    19   3.5964265       0.2109106       3.2062311       4.0341083     
   1    20   3.4951155       0.2088464       3.1091623       3.9289787     
   1    21   4.4944596       0.2284182       4.0685969       4.9648975     
   1    22   3.5068382       0.2113855       3.1163950       3.9461988     
   1    23   3.5068382       0.2113855       3.1163950       3.9461988     
   1    24   3.7462616       0.2154419       3.3472356       4.1928557     
   1    25   4.9433783       0.2363993       4.5013283       5.4288396     
   1    26   3.4622516       0.1966908       3.0977035       3.8697009     
   1    27   3.1041390       0.1906660       2.7523644       3.5008733     
   1    28   3.6413079       0.1997498       3.2703751       4.0543125     
   1    29   3.7756001       0.2020633       3.3998749       4.1928472     
   1    30   3.6413079       0.1997498       3.2703751       4.0543125     
 Pr(Captured 1 or more times) of { alpha(~1 + captive + age.t)sigma(~1)U(~sample_month)Phi(~1)Gamma''(~1)Gamma'(~1) }
                                                95% Confidence Interval
 Grp. Occ.      p*-hat       Standard Error      Lower           Upper
 ---- ----   --------------  --------------  --------------  --------------
   1     1   0.3032638       0.0062422       0.2911702       0.3156361     
   1     2   0.3032638       0.0062422       0.2911702       0.3156361     
   1     3   0.3032638       0.0062422       0.2911702       0.3156361     
   1     4   0.4594609       0.0102810       0.4393871       0.4796670     
   1     5   0.3032638       0.0062422       0.2911702       0.3156361     
   1     6   0.1804974       0.0037534       0.1732572       0.1879714     
   1     7   0.1804974       0.0037534       0.1732572       0.1879714     
   1     8   0.1804974       0.0037534       0.1732572       0.1879714     
   1     9   0.4457654       0.0106438       0.4250110       0.4667107     
   1    10   0.1804974       0.0037534       0.1732572       0.1879714     
   1    11   0.1845833       0.0031682       0.1784543       0.1908739     
   1    12   0.2285414       0.0044729       0.2198930       0.2374265     
   1    13   0.2322978       0.0038734       0.2247926       0.2399761     
   1    14   0.2343534       0.0034211       0.2277147       0.2411252     
   1    15   0.2370426       0.0029760       0.2312591       0.2429250     
   1    16   0.1319240       0.0024461       0.1272031       0.1367927     
   1    17   0.1354209       0.0017375       0.1320515       0.1388626     
   1    18   0.1350260       0.0017158       0.1316981       0.1384245     
   1    19   0.1332913       0.0020856       0.1292562       0.1374324     
   1    20   0.1870829       0.0027685       0.1817172       0.1925697     
   1    21   0.2423753       0.0019320       0.2386088       0.2461821     
   1    22   0.1857527       0.0029569       0.1800267       0.1916181     
   1    23   0.1849199       0.0031128       0.1788964       0.1910989     
   1    24   0.3136560       0.0042678       0.3053523       0.3220808     
   1    25   0.2449524       0.0014120       0.2421955       0.2477305     

  Program  MARK  - Survival Rate Estimation with Capture-Recapture Data
   gfortran(Win64) Vers. 8.1 Mar 2016    5-Aug-2016 15:46:24    Page  015
 - - - - - - - - - - - - - - - - - - - - - - - - - - - - - - - - - - - - - -
 
   1    26   0.1837505       0.0032603       0.1774462       0.1902269     
   1    27   0.1778980       0.0040850       0.1700320       0.1860462     
   1    28   0.1860510       0.0029135       0.1804079       0.1918293     
   1    29   0.2333279       0.0036318       0.2262853       0.2405216     
   1    30   0.1860510       0.0029135       0.1804079       0.1918293     

 Attempted ordering of parameters by estimatibility:
   1  5  8 10  7  9  2  4  6  3 11 12 13
 Beta number 13 is a singular value.

     CPU Time in seconds for last procedure was 4.16


  INPUT --- proc stop;

   * *  WARNING  * *   Numerical underflow occurred during final processing of this model. 
     IEEE flag status at final processing of this model:
     overflow       F
     divide by zero F
     invalid        F
     underflow      T
     inexact        T


     CPU Time in minutes for this job was 0.07

     Time Start = 15:46:21.748   Time End = 15:46:24.733

     Wall Clock Time in minutes for this job was 0.05


          E X E C U T I O N   S U C C E S S F U L 
