
   Program  MARK  - Survival Rate Estimation with Capture-Recapture Data
   gfortran(Win64) Vers. 8.1 Mar 2016    5-Aug-2016 15:44:24    Page  001
 - - - - - - - - - - - - - - - - - - - - - - - - - - - - - - - - - - - - - -
 
   This version was compiled by GCC version 5.3.0 using the options: 
     -cpp -iprefix c:\tdm-gcc-64\gcc\bin\../lib/gcc/x86_64-w64-mingw32/5.3.0/ -D_MT
     -U_REENTRANT -D IEEE -m64 -mtune=generic -march=x86-64 -mthreads -O2
     -fimplicit-none -fbounds-check -funroll-loops -ftree-vectorize
     -ffpe-summary=invalid,zero,overflow,underflow -fno-unsafe-math-optimizations
     -frounding-math -fsignaling-nans -fopenmp.

   This problem will use 3 of 4 possible threads.


  INPUT --- proc title ;

     CPU Time in seconds for last procedure was 0.00


  INPUT --- proc chmatrix occasions= 30 groups= 1 etype= PoissonMR 
  INPUT --- icovar = 2 ICMeans NoHist  hist= 14 ;

  INPUT ---    time interval 0.2 0.2 0.2 0.2 2 0.2 0.2 0.2 0.2 2.5 0.2 0.2 
  INPUT ---    0.2 0.2 2.667 0.2 0.2 0.2  0.2 1.767 0.2 0.2 0.2 0.2 3.167 
  INPUT ---    0.2 0.2 0.2 0.2 ;

  INPUT ---     icovariates captive sex ;

  INPUT ---    glabel(1)=Group 1;

      Number of unique encounter histories read was 14.

      Number of individual covariates read was 2.
      Time interval lengths vary and/or not equal to 1.

      Data type number is 115
      Data type is Poisson Mark Resight with Robust Design                                                             

     CPU Time in seconds for last procedure was 0.00

  Program  MARK  - Survival Rate Estimation with Capture-Recapture Data
   gfortran(Win64) Vers. 8.1 Mar 2016    5-Aug-2016 15:44:24    Page  002
 - - - - - - - - - - - - - - - - - - - - - - - - - - - - - - - - - - - - - -
 


  INPUT --- proc estimate link=Parm-Specific NOLOOP varest=2ndPart    ;


  INPUT --- model={ alpha(~1 + captive + sex + 
  INPUT --- recordloss.agout.total)sigma(~1)U(~sample_month)Phi(~1)Gamma
  INPUT --- ''(~1)Gamma'(~1) };

  INPUT ---    fixed=2;
  INPUT ---        parm(40)=1 ;
  INPUT ---        parm(41)=0 ;

  INPUT ---    group=1 alpha    rows=1 cols=30 Square ;
  INPUT ---        1 2 3 4 5 6 7 8 9 10 3 11 12 13 14 15 16 17 18 19 20 21 22 
  INPUT ---       23 24 25 26 27 28 29 ;

  INPUT ---    group=1 sigma    rows=1 cols=30 Square ;
  INPUT ---        30 30 30 30 30 30 30 30 30 30 30 30 30 30 30 30 30 30 30 
  INPUT ---       30 30 30 30 30 30 30 30 30 30 30 ;

  INPUT ---    group=1 U    rows=1 cols=30 Square ;
  INPUT ---        31 31 31 31 31 32 32 32 32 32 33 33 33 33 33 34 34 34 34 
  INPUT ---       34 35 35 35 35 35 36 36 36 36 36 ;

  INPUT ---    group=1 Phi    rows=29 cols=29 Triang ;
  INPUT ---        40 40 40 40 37 40 40 40 40 37 40 40 40 40 37 40 40 40 40 
  INPUT ---       37 40 40 40 40 37 40 40 40 40 ;
  INPUT ---        40 40 40 40 40 40 40 40 40 40 40 40 40 40 40 40 40 40 40 
  INPUT ---       40 40 40 40 40 40 40 40 40 ;
  INPUT ---        40 40 40 40 40 40 40 40 40 40 40 40 40 40 40 40 40 40 40 
  INPUT ---       40 40 40 40 40 40 40 40 ;
  INPUT ---        40 40 40 40 40 40 40 40 40 40 40 40 40 40 40 40 40 40 40 
  INPUT ---       40 40 40 40 40 40 40 ;
  INPUT ---        40 40 40 40 40 40 40 40 40 40 40 40 40 40 40 40 40 40 40 
  INPUT ---       40 40 40 40 40 40 ;
  INPUT ---        40 40 40 40 37 40 40 40 40 37 40 40 40 40 37 40 40 40 40 
  INPUT ---       37 40 40 40 40 ;
  INPUT ---        40 40 40 40 40 40 40 40 40 40 40 40 40 40 40 40 40 40 40 
  INPUT ---       40 40 40 40 ;
  INPUT ---        40 40 40 40 40 40 40 40 40 40 40 40 40 40 40 40 40 40 40 
  INPUT ---       40 40 40 ;
  INPUT ---        40 40 40 40 40 40 40 40 40 40 40 40 40 40 40 40 40 40 40 
  INPUT ---       40 40 ;
  INPUT ---        40 40 40 40 40 40 40 40 40 40 40 40 40 40 40 40 40 40 40 
  INPUT ---       40 ;

  Program  MARK  - Survival Rate Estimation with Capture-Recapture Data
   gfortran(Win64) Vers. 8.1 Mar 2016    5-Aug-2016 15:44:24    Page  003
 - - - - - - - - - - - - - - - - - - - - - - - - - - - - - - - - - - - - - -
 
  INPUT ---        40 40 40 40 37 40 40 40 40 37 40 40 40 40 37 40 40 40 40 ;
  INPUT ---        40 40 40 40 40 40 40 40 40 40 40 40 40 40 40 40 40 40 ;
  INPUT ---        40 40 40 40 40 40 40 40 40 40 40 40 40 40 40 40 40 ;
  INPUT ---        40 40 40 40 40 40 40 40 40 40 40 40 40 40 40 40 ;
  INPUT ---        40 40 40 40 40 40 40 40 40 40 40 40 40 40 40 ;
  INPUT ---        40 40 40 40 37 40 40 40 40 37 40 40 40 40 ;
  INPUT ---        40 40 40 40 40 40 40 40 40 40 40 40 40 ;
  INPUT ---        40 40 40 40 40 40 40 40 40 40 40 40 ;
  INPUT ---        40 40 40 40 40 40 40 40 40 40 40 ;
  INPUT ---        40 40 40 40 40 40 40 40 40 40 ;
  INPUT ---        40 40 40 40 37 40 40 40 40 ;
  INPUT ---        40 40 40 40 40 40 40 40 ;
  INPUT ---        40 40 40 40 40 40 40 ;
  INPUT ---        40 40 40 40 40 40 ;
  INPUT ---        40 40 40 40 40 ;
  INPUT ---        40 40 40 40 ;
  INPUT ---        40 40 40 ;
  INPUT ---        40 40 ;
  INPUT ---        40 ;

  INPUT ---    group=1 Gamma''    rows=29 cols=29 Triang ;
  INPUT ---        41 41 41 41 38 41 41 41 41 38 41 41 41 41 38 41 41 41 41 
  INPUT ---       38 41 41 41 41 38 41 41 41 41 ;
  INPUT ---        41 41 41 41 41 41 41 41 41 41 41 41 41 41 41 41 41 41 41 
  INPUT ---       41 41 41 41 41 41 41 41 41 ;
  INPUT ---        41 41 41 41 41 41 41 41 41 41 41 41 41 41 41 41 41 41 41 
  INPUT ---       41 41 41 41 41 41 41 41 ;
  INPUT ---        41 41 41 41 41 41 41 41 41 41 41 41 41 41 41 41 41 41 41 
  INPUT ---       41 41 41 41 41 41 41 ;
  INPUT ---        41 41 41 41 41 41 41 41 41 41 41 41 41 41 41 41 41 41 41 
  INPUT ---       41 41 41 41 41 41 ;
  INPUT ---        41 41 41 41 38 41 41 41 41 38 41 41 41 41 38 41 41 41 41 
  INPUT ---       38 41 41 41 41 ;
  INPUT ---        41 41 41 41 41 41 41 41 41 41 41 41 41 41 41 41 41 41 41 
  INPUT ---       41 41 41 41 ;
  INPUT ---        41 41 41 41 41 41 41 41 41 41 41 41 41 41 41 41 41 41 41 
  INPUT ---       41 41 41 ;
  INPUT ---        41 41 41 41 41 41 41 41 41 41 41 41 41 41 41 41 41 41 41 
  INPUT ---       41 41 ;
  INPUT ---        41 41 41 41 41 41 41 41 41 41 41 41 41 41 41 41 41 41 41 
  INPUT ---       41 ;
  INPUT ---        41 41 41 41 38 41 41 41 41 38 41 41 41 41 38 41 41 41 41 ;
  INPUT ---        41 41 41 41 41 41 41 41 41 41 41 41 41 41 41 41 41 41 ;
  INPUT ---        41 41 41 41 41 41 41 41 41 41 41 41 41 41 41 41 41 ;
  INPUT ---        41 41 41 41 41 41 41 41 41 41 41 41 41 41 41 41 ;
  INPUT ---        41 41 41 41 41 41 41 41 41 41 41 41 41 41 41 ;

  Program  MARK  - Survival Rate Estimation with Capture-Recapture Data
   gfortran(Win64) Vers. 8.1 Mar 2016    5-Aug-2016 15:44:24    Page  004
 - - - - - - - - - - - - - - - - - - - - - - - - - - - - - - - - - - - - - -
 
  INPUT ---        41 41 41 41 38 41 41 41 41 38 41 41 41 41 ;
  INPUT ---        41 41 41 41 41 41 41 41 41 41 41 41 41 ;
  INPUT ---        41 41 41 41 41 41 41 41 41 41 41 41 ;
  INPUT ---        41 41 41 41 41 41 41 41 41 41 41 ;
  INPUT ---        41 41 41 41 41 41 41 41 41 41 ;
  INPUT ---        41 41 41 41 38 41 41 41 41 ;
  INPUT ---        41 41 41 41 41 41 41 41 ;
  INPUT ---        41 41 41 41 41 41 41 ;
  INPUT ---        41 41 41 41 41 41 ;
  INPUT ---        41 41 41 41 41 ;
  INPUT ---        41 41 41 41 ;
  INPUT ---        41 41 41 ;
  INPUT ---        41 41 ;
  INPUT ---        41 ;

  INPUT ---    group=1 Gamma'    rows=28 cols=28 Triang ;
  INPUT ---        41 41 41 39 41 41 41 41 39 41 41 41 41 39 41 41 41 41 39 
  INPUT ---       41 41 41 41 39 41 41 41 41 ;
  INPUT ---        41 41 41 41 41 41 41 41 41 41 41 41 41 41 41 41 41 41 41 
  INPUT ---       41 41 41 41 41 41 41 41 ;
  INPUT ---        41 41 41 41 41 41 41 41 41 41 41 41 41 41 41 41 41 41 41 
  INPUT ---       41 41 41 41 41 41 41 ;
  INPUT ---        41 41 41 41 41 41 41 41 41 41 41 41 41 41 41 41 41 41 41 
  INPUT ---       41 41 41 41 41 41 ;
  INPUT ---        41 41 41 41 41 41 41 41 41 41 41 41 41 41 41 41 41 41 41 
  INPUT ---       41 41 41 41 41 ;
  INPUT ---        41 41 41 39 41 41 41 41 39 41 41 41 41 39 41 41 41 41 39 
  INPUT ---       41 41 41 41 ;
  INPUT ---        41 41 41 41 41 41 41 41 41 41 41 41 41 41 41 41 41 41 41 
  INPUT ---       41 41 41 ;
  INPUT ---        41 41 41 41 41 41 41 41 41 41 41 41 41 41 41 41 41 41 41 
  INPUT ---       41 41 ;
  INPUT ---        41 41 41 41 41 41 41 41 41 41 41 41 41 41 41 41 41 41 41 
  INPUT ---       41 ;
  INPUT ---        41 41 41 41 41 41 41 41 41 41 41 41 41 41 41 41 41 41 41 ;
  INPUT ---        41 41 41 39 41 41 41 41 39 41 41 41 41 39 41 41 41 41 ;
  INPUT ---        41 41 41 41 41 41 41 41 41 41 41 41 41 41 41 41 41 ;
  INPUT ---        41 41 41 41 41 41 41 41 41 41 41 41 41 41 41 41 ;
  INPUT ---        41 41 41 41 41 41 41 41 41 41 41 41 41 41 41 ;
  INPUT ---        41 41 41 41 41 41 41 41 41 41 41 41 41 41 ;
  INPUT ---        41 41 41 39 41 41 41 41 39 41 41 41 41 ;
  INPUT ---        41 41 41 41 41 41 41 41 41 41 41 41 ;
  INPUT ---        41 41 41 41 41 41 41 41 41 41 41 ;
  INPUT ---        41 41 41 41 41 41 41 41 41 41 ;
  INPUT ---        41 41 41 41 41 41 41 41 41 ;
  INPUT ---        41 41 41 39 41 41 41 41 ;

  Program  MARK  - Survival Rate Estimation with Capture-Recapture Data
   gfortran(Win64) Vers. 8.1 Mar 2016    5-Aug-2016 15:44:24    Page  005
 - - - - - - - - - - - - - - - - - - - - - - - - - - - - - - - - - - - - - -
 
  INPUT ---        41 41 41 41 41 41 41 ;
  INPUT ---        41 41 41 41 41 41 ;
  INPUT ---        41 41 41 41 41 ;
  INPUT ---        41 41 41 41 ;
  INPUT ---        41 41 41 ;
  INPUT ---        41 41 ;
  INPUT ---        41 ;

  INPUT ---    initial  0.8492118 0 0 0 -0.3123225 3.139572 0 0 0 0 0 
  INPUT ---    2.0066797 -2.9445172 17.724958  ;

  INPUT ---    design matrix constraints=41 covariates=14;
  INPUT ---        1 captive sex 0.186046511627907 0 0 0 0 0 0 0 0 0 0;
  INPUT ---        1 captive sex 0.127659574468085 0 0 0 0 0 0 0 0 0 0;
  INPUT ---        1 captive sex 0.08 0 0 0 0 0 0 0 0 0 0;
  INPUT ---        1 captive sex 0.166666666666667 0 0 0 0 0 0 0 0 0 0;
  INPUT ---        1 captive sex 0.169230769230769 0 0 0 0 0 0 0 0 0 0;
  INPUT ---        1 captive sex 0.0615384615384615 0 0 0 0 0 0 0 0 0 0;
  INPUT ---        1 captive sex 0.0776699029126214 0 0 0 0 0 0 0 0 0 0;
  INPUT ---        1 captive sex 0.170212765957447 0 0 0 0 0 0 0 0 0 0;
  INPUT ---        1 captive sex 0.0666666666666667 0 0 0 0 0 0 0 0 0 0;
  INPUT ---        1 captive sex 0.0894308943089431 0 0 0 0 0 0 0 0 0 0;
  INPUT ---        1 captive sex 0.135135135135135 0 0 0 0 0 0 0 0 0 0;
  INPUT ---        1 captive sex 0.213740458015267 0 0 0 0 0 0 0 0 0 0;
  INPUT ---        1 captive sex 0.0869565217391304 0 0 0 0 0 0 0 0 0 0;
  INPUT ---        1 captive sex 0.131428571428571 0 0 0 0 0 0 0 0 0 0;
  INPUT ---        1 captive sex 0.167441860465116 0 0 0 0 0 0 0 0 0 0;
  INPUT ---        1 captive sex 0.155 0 0 0 0 0 0 0 0 0 0;
  INPUT ---        1 captive sex 0.168831168831169 0 0 0 0 0 0 0 0 0 0;
  INPUT ---        1 captive sex 0.231182795698925 0 0 0 0 0 0 0 0 0 0;
  INPUT ---        1 captive sex 0.224489795918367 0 0 0 0 0 0 0 0 0 0;
  INPUT ---        1 captive sex 0.125827814569536 0 0 0 0 0 0 0 0 0 0;
  INPUT ---        1 captive sex 0.201612903225806 0 0 0 0 0 0 0 0 0 0;
  INPUT ---        1 captive sex 0.244604316546763 0 0 0 0 0 0 0 0 0 0;
  INPUT ---        1 captive sex 0.282828282828283 0 0 0 0 0 0 0 0 0 0;
  INPUT ---        1 captive sex 0.314516129032258 0 0 0 0 0 0 0 0 0 0;
  INPUT ---        1 captive sex 0.137254901960784 0 0 0 0 0 0 0 0 0 0;
  INPUT ---        1 captive sex 0.266129032258065 0 0 0 0 0 0 0 0 0 0;
  INPUT ---        1 captive sex 0.198581560283688 0 0 0 0 0 0 0 0 0 0;
  INPUT ---        1 captive sex 0.293333333333333 0 0 0 0 0 0 0 0 0 0;
  INPUT ---        1 captive sex 0.202453987730061 0 0 0 0 0 0 0 0 0 0;
  INPUT ---        0 0 0 0 1 0 0 0 0 0 0 0 0 0;
  INPUT ---        0 0 0 0 0 1 0 0 0 0 0 0 0 0;
  INPUT ---        0 0 0 0 0 1 1 0 0 0 0 0 0 0;
  INPUT ---        0 0 0 0 0 1 0 1 0 0 0 0 0 0;
  INPUT ---        0 0 0 0 0 1 0 0 1 0 0 0 0 0;

  Program  MARK  - Survival Rate Estimation with Capture-Recapture Data
   gfortran(Win64) Vers. 8.1 Mar 2016    5-Aug-2016 15:44:24    Page  006
 - - - - - - - - - - - - - - - - - - - - - - - - - - - - - - - - - - - - - -
 
  INPUT ---        0 0 0 0 0 1 0 0 0 1 0 0 0 0;
  INPUT ---        0 0 0 0 0 1 0 0 0 0 1 0 0 0;
  INPUT ---        0 0 0 0 0 0 0 0 0 0 0 1 0 0;
  INPUT ---        0 0 0 0 0 0 0 0 0 0 0 0 1 0;
  INPUT ---        0 0 0 0 0 0 0 0 0 0 0 0 0 1;
  INPUT ---        0 0 0 0 0 0 0 0 0 0 0 0 0 0;
  INPUT ---        0 0 0 0 0 0 0 0 0 0 0 0 0 0;

  INPUT ---    links=41;

  INPUT ---    Log;

  INPUT ---    Log;

  INPUT ---    Log;

  INPUT ---    Log;

  INPUT ---    Log;

  INPUT ---    Log;

  INPUT ---    Log;

  INPUT ---    Log;

  INPUT ---    Log;

  INPUT ---    Log;

  INPUT ---    Log;

  INPUT ---    Log;

  INPUT ---    Log;

  INPUT ---    Log;

  INPUT ---    Log;

  INPUT ---    Log;

  INPUT ---    Log;

  INPUT ---    Log;


  Program  MARK  - Survival Rate Estimation with Capture-Recapture Data
   gfortran(Win64) Vers. 8.1 Mar 2016    5-Aug-2016 15:44:24    Page  007
 - - - - - - - - - - - - - - - - - - - - - - - - - - - - - - - - - - - - - -
 
  INPUT ---    Log;

  INPUT ---    Log;

  INPUT ---    Log;

  INPUT ---    Log;

  INPUT ---    Log;

  INPUT ---    Log;

  INPUT ---    Log;

  INPUT ---    Log;

  INPUT ---    Log;

  INPUT ---    Log;

  INPUT ---    Log;

  INPUT ---    Log;

  INPUT ---    Log;

  INPUT ---    Log;

  INPUT ---    Log;

  INPUT ---    Log;

  INPUT ---    Log;

  INPUT ---    Log;

  INPUT ---    Logit;

  INPUT ---    Logit;

  INPUT ---    Logit;

  INPUT ---    Logit;

  INPUT ---    Logit;
  INPUT ---       blabel(1)=alpha:(Intercept);

  Program  MARK  - Survival Rate Estimation with Capture-Recapture Data
   gfortran(Win64) Vers. 8.1 Mar 2016    5-Aug-2016 15:44:24    Page  008
 - - - - - - - - - - - - - - - - - - - - - - - - - - - - - - - - - - - - - -
 
  INPUT ---       blabel(2)=alpha:captive;
  INPUT ---       blabel(3)=alpha:sex;
  INPUT ---       blabel(4)=alpha:recordloss.agout.total;
  INPUT ---       blabel(5)=sigma:(Intercept);
  INPUT ---       blabel(6)=U:(Intercept);
  INPUT ---       blabel(7)=U:sample_monthB;
  INPUT ---       blabel(8)=U:sample_monthC;
  INPUT ---       blabel(9)=U:sample_monthD;
  INPUT ---       blabel(10)=U:sample_monthE;
  INPUT ---       blabel(11)=U:sample_monthF;
  INPUT ---       blabel(12)=Phi:(Intercept);
  INPUT ---       blabel(13)=GammaDoublePrime:(Intercept);
  INPUT ---       blabel(14)=GammaPrime:(Intercept);
  INPUT ---       rlabel(1)=alpha g1 a0 t1;
  INPUT ---       rlabel(2)=alpha g1 a0.2 t1.2;
  INPUT ---       rlabel(3)=alpha g1 a0.4 t1.4;
  INPUT ---       rlabel(4)=alpha g1 a0.6 t1.6;
  INPUT ---       rlabel(5)=alpha g1 a0.8 t1.8;
  INPUT ---       rlabel(6)=alpha g1 a2.8 t3.8;
  INPUT ---       rlabel(7)=alpha g1 a3 t4;
  INPUT ---       rlabel(8)=alpha g1 a3.2 t4.2;
  INPUT ---       rlabel(9)=alpha g1 a3.4 t4.4;
  INPUT ---       rlabel(10)=alpha g1 a3.6 t4.6;
  INPUT ---       rlabel(11)=alpha g1 a6.3 t7.3;
  INPUT ---       rlabel(12)=alpha g1 a6.5 t7.5;
  INPUT ---       rlabel(13)=alpha g1 a6.7 t7.7;
  INPUT ---       rlabel(14)=alpha g1 a6.9 t7.9;
  INPUT ---       rlabel(15)=alpha g1 a9.567 t10.567;
  INPUT ---       rlabel(16)=alpha g1 a9.767 t10.767;
  INPUT ---       rlabel(17)=alpha g1 a9.967 t10.967;
  INPUT ---       rlabel(18)=alpha g1 a10.167 t11.167;
  INPUT ---       rlabel(19)=alpha g1 a10.367 t11.367;
  INPUT ---       rlabel(20)=alpha g1 a12.134 t13.134;
  INPUT ---       rlabel(21)=alpha g1 a12.334 t13.334;
  INPUT ---       rlabel(22)=alpha g1 a12.534 t13.534;
  INPUT ---       rlabel(23)=alpha g1 a12.734 t13.734;
  INPUT ---       rlabel(24)=alpha g1 a12.934 t13.934;
  INPUT ---       rlabel(25)=alpha g1 a16.101 t17.101;
  INPUT ---       rlabel(26)=alpha g1 a16.301 t17.301;
  INPUT ---       rlabel(27)=alpha g1 a16.501 t17.501;
  INPUT ---       rlabel(28)=alpha g1 a16.701 t17.701;
  INPUT ---       rlabel(29)=alpha g1 a16.901 t17.901;
  INPUT ---       rlabel(30)=sigma g1 a0 t1;
  INPUT ---       rlabel(31)=U g1 a0 t1;
  INPUT ---       rlabel(32)=U g1 a2.8 t3.8;
  INPUT ---       rlabel(33)=U g1 a6.1 t7.1;

  Program  MARK  - Survival Rate Estimation with Capture-Recapture Data
   gfortran(Win64) Vers. 8.1 Mar 2016    5-Aug-2016 15:44:24    Page  009
 - - - - - - - - - - - - - - - - - - - - - - - - - - - - - - - - - - - - - -
 
  INPUT ---       rlabel(34)=U g1 a9.567 t10.567;
  INPUT ---       rlabel(35)=U g1 a12.134 t13.134;
  INPUT ---       rlabel(36)=U g1 a16.101 t17.101;
  INPUT ---       rlabel(37)=Phi g1 c1 a0.8 t1.8;
  INPUT ---       rlabel(38)=Gamma'' g1 c1 a0.8 t1.8;
  INPUT ---       rlabel(39)=Gamma' g1 c1 a0.8 t1.8;
  INPUT ---       rlabel(40)=Phi g1 c1 a0 t1;
  INPUT ---       rlabel(41)=Gamma'' g1 c1 a0 t1;

 Link Function Used is PARM-SPECIFIC

 Variance Estimation Procedure Used is 2ndPart 

 M(t+1):
 Group=Group 1                                                                         
       3      3      3      2      3      5      5      5      2      5      5
       4      4      4      4     10      7      7      7      5      5      5
       5      3      4      5      5      5      4      5


 -2logL(saturated) = -0.0000000    
 Effective Sample Size = 169
 Results from first iteration:
  -2logL Initial { alpha(~1 + captive + sex + recordloss.agout.total)sigma(~1)U(~sample_month)Phi(~1)Gamma''(~1)Gamma'(~1) } = 1138.4459     
  Penalty Initial { alpha(~1 + captive + sex + recordloss.agout.total)sigma(~1)U(~sample_month)Phi(~1)Gamma''(~1)Gamma'(~1) } = -0.0000000    

 Number of function evaluations was 24 for 14 parameters.
 Time for numerical optimization was 2.95 seconds.
 -2logL { alpha(~1 + captive + sex + recordloss.agout.total)sigma(~1)U(~sample_month)Phi(~1)Gamma''(~1)Gamma'(~1) } = 1058.9956     
 Penalty { alpha(~1 + captive + sex + recordloss.agout.total)sigma(~1)U(~sample_month)Phi(~1)Gamma''(~1)Gamma'(~1) } = -0.0000000    

   * *  WARNING  * *   Numerical underflow occurred during optimization of this model. 
     IEEE flag status at end of optimization:
     overflow       F
     divide by zero F
     invalid        F
     underflow      T
     inexact        T

 Gradient { alpha(~1 + captive + sex + recordloss.agout.total)sigma(~1)U(~sample_month)Phi(~1)Gamma''(~1)Gamma'(~1) }:
  0.3967746E-03 0.1297835E-03 0.2921904E-03 0.4820518E-04 0.6020212E-03
  0.1071197E-03 0.1121074E-03 0.2791326E-04-0.1670375E-03 0.7073678E-04
  0.3551678E-04 0.1966204E-03 0.1729382E-04  0.000000    
 S Vector { alpha(~1 + captive + sex + recordloss.agout.total)sigma(~1)U(~sample_month)Phi(~1)Gamma''(~1)Gamma'(~1) }:
   4473.110      377.6436      305.3971      279.8199      249.8078    
   179.5818      116.6682      52.26738      16.49180      10.05141    
   6.136889      3.796194     0.9500342     0.5404024E-08
 Time to compute number of parameters was 2.44 seconds.
   Threshold =  0.3000000E-06     Condition index =  0.1208113E-11     New Threshold =  0.2022000E-07
 New Guessimate of Estimated Parameters { alpha(~1 + captive + sex + recordloss.agout.total)sigma(~1)U(~sample_month)Phi(~1)Gamma''(~1)Gamma'(~1) } = 13          
 Conditioned S Vector { alpha(~1 + captive + sex + recordloss.agout.total)sigma(~1)U(~sample_month)Phi(~1)Gamma''(~1)Gamma'(~1) }:
   1.000000     0.8442530E-01 0.6827400E-01 0.6255600E-01 0.5584656E-01
  0.4014697E-01 0.2608211E-01 0.1168480E-01 0.3686875E-02 0.2247075E-02
  0.1371951E-02 0.8486698E-03 0.2123878E-03 0.1208113E-11
 Number of Estimated Parameters { alpha(~1 + captive + sex + recordloss.agout.total)sigma(~1)U(~sample_month)Phi(~1)Gamma''(~1)Gamma'(~1) } = 13          
 DEVIANCE { alpha(~1 + captive + sex + recordloss.agout.total)sigma(~1)U(~sample_month)Phi(~1)Gamma''(~1)Gamma'(~1) } = 1058.9956                     
 DEVIANCE Degrees of Freedom { alpha(~1 + captive + sex + recordloss.agout.total)sigma(~1)U(~sample_month)Phi(~1)Gamma''(~1)Gamma'(~1) } = 1            
 c-hat { alpha(~1 + captive + sex + recordloss.agout.total)sigma(~1)U(~sample_month)Phi(~1)Gamma''(~1)Gamma'(~1) } = 1058.9956                     
 AIC { alpha(~1 + captive + sex + recordloss.agout.total)sigma(~1)U(~sample_month)Phi(~1)Gamma''(~1)Gamma'(~1) } = 1084.9956                  
 AICc { alpha(~1 + captive + sex + recordloss.agout.total)sigma(~1)U(~sample_month)Phi(~1)Gamma''(~1)Gamma'(~1) } = 1087.3440                    
 BIC { alpha(~1 + captive + sex + recordloss.agout.total)sigma(~1)U(~sample_month)Phi(~1)Gamma''(~1)Gamma'(~1) } = 1125.6843                    
 Pearson Chisquare { alpha(~1 + captive + sex + recordloss.agout.total)sigma(~1)U(~sample_month)Phi(~1)Gamma''(~1)Gamma'(~1) } = 0.6180039E+033             

   * *  WARNING  * *   Numerical underflow occurred during variance-covariance calculation of this model. 

  Program  MARK  - Survival Rate Estimation with Capture-Recapture Data
   gfortran(Win64) Vers. 8.1 Mar 2016    5-Aug-2016 15:44:28    Page  010
 - - - - - - - - - - - - - - - - - - - - - - - - - - - - - - - - - - - - - -
 
     IEEE flag status at end of variance-covariance calculation:
     overflow       F
     divide by zero F
     invalid        F
     underflow      T
     inexact        T



 PARM-SPECIFIC Link Function Parameters of { alpha(~1 + captive + sex + recordloss.agout.total)sigma(~1)U(~sample_month)Phi(~1)Gamma''(~1)Gamma'(~1) }
                                                              95% Confidence Interval
 Parameter                    Beta         Standard Error      Lower           Upper
 -------------------------  --------------  --------------  --------------  --------------
    1:alpha:(Intercept)     0.9483873       0.2330815       0.4915475       1.4052271     
    2:alpha:captive         0.2263622       0.1081158       0.0144552       0.4382692     
    3:alpha:sex             0.4785224       0.2038447       0.0789868       0.8780580     
    4:alpha:recordloss.ago  -2.3017527      0.4972230       -3.2763098      -1.3271956    
    5:sigma:(Intercept)     -0.7751139      0.1339755       -1.0377059      -0.5125219    
    6:U:(Intercept)         2.3961797       0.1204961       2.1600073       2.6323521     
    7:U:sample_monthB       0.4197239       0.1326794       0.1596723       0.6797755     
    8:U:sample_monthC       0.6291445       0.1217251       0.3905632       0.8677258     
    9:U:sample_monthD       1.0418194       0.1304996       0.7860402       1.2975987     
   10:U:sample_monthE       0.6071815       0.1292801       0.3537925       0.8605704     
   11:U:sample_monthF       0.9205600       0.1308012       0.6641897       1.1769303     
   12:Phi:(Intercept)       2.0066649       0.4036694       1.2154728       2.7978570     
   13:GammaDoublePrime:(In  -2.9443050      1.0259599       -4.9551864      -0.9334236    
   14:GammaPrime:(Intercep  17.724958       0.0000000       17.724958       17.724958     


 Real Function Parameters of { alpha(~1 + captive + sex + recordloss.agout.total)sigma(~1)U(~sample_month)Phi(~1)Gamma''(~1)Gamma'(~1) }

      Following estimates based on unstandardized individual covariate values:
          Variable   Value         
          ---------  ------------- 
          CAPTIVE    0.2142857     
          SEX        0.8461538     
                                                               95% Confidence Interval
  Parameter                  Estimate       Standard Error      Lower           Upper
 --------------------------  --------------  --------------  --------------  --------------
     1:alpha g1 a0 t1        2.6473628       0.1937758       2.2939881       3.0551726                           
     2:alpha g1 a0.2 t1.2    3.0281633       0.2310404       2.6081226       3.5158519                           
     3:alpha g1 a0.4 t1.4    3.3792602       0.2916609       2.8542375       4.0008582                           
     4:alpha g1 a0.6 t1.6    2.7681288       0.2019904       2.3996916       3.1931342                           
     5:alpha g1 a0.8 t1.8    2.7518396       0.2006830       2.3857714       3.1740767                           
     6:alpha g1 a2.8 t3.8    3.5259528       0.3228064       2.9478734       4.2173940                           
     7:alpha g1 a3 t4        3.3974329       0.2953550       2.8660896       4.0272817                           
     8:alpha g1 a3.2 t4.2    2.7456267       0.2002008       2.3804343       3.1668447                           

  Program  MARK  - Survival Rate Estimation with Capture-Recapture Data
   gfortran(Win64) Vers. 8.1 Mar 2016    5-Aug-2016 15:44:28    Page  011
 - - - - - - - - - - - - - - - - - - - - - - - - - - - - - - - - - - - - - -
 
     9:alpha g1 a3.4 t4.4    3.4845777       0.3137237       2.9219174       4.1555868                           
    10:alpha g1 a3.6 t4.6    3.3066951       0.2774075       2.8061342       3.8965465                           
    11:alpha g1 a6.3 t7.3    2.9765037       0.2240857       2.5686989       3.4490514                           
    12:alpha g1 a6.5 t7.5    2.4838738       0.1879734       2.1419211       2.8804184                           
    13:alpha g1 a6.7 t7.7    3.3255818       0.2810389       2.8187772       3.9235076                           
    14:alpha g1 a6.9 t7.9    3.0020067       0.2274492       2.5882776       3.4818693                           
    15:alpha g1 a9.567 t10.  2.7631941       0.2015877       2.3954856       3.1873460                           
    16:alpha g1 a9.767 t10.  2.8434706       0.2088413       2.4627163       3.2830924                           
    17:alpha g1 a9.967 t10.  2.7543719       0.2008822       2.3879423       3.1770301                           
    18:alpha g1 a10.167 t11  2.3861267       0.1871919       2.0465285       2.7820773                           
    19:alpha g1 a10.367 t11  2.4231711       0.1872698       2.0830390       2.8188421                           
    20:alpha g1 a12.134 t13  3.0409578       0.2328485       2.6177446       3.5325922                           
    21:alpha g1 a12.334 t13  2.5541870       0.1897439       2.2085384       2.9539316                           
    22:alpha g1 a12.534 t13  2.3135390       0.1877485       1.9738407       2.7116995                           
    23:alpha g1 a12.734 t13  2.1186864       0.1930433       1.7728361       2.5320062                           
    24:alpha g1 a12.934 t13  1.9696556       0.1996295       1.6156141       2.4012807                           
    25:alpha g1 a16.101 t17  2.9620162       0.2222366       2.5574739       3.4305492                           
    26:alpha g1 a16.301 t17  2.2017089       0.1902056       1.8593446       2.6071132                           
    27:alpha g1 a16.501 t17  2.5720709       0.1903658       2.2251952       2.9730195                           
    28:alpha g1 a16.701 t17  2.0680709       0.1951025       1.7196463       2.4870912                           
    29:alpha g1 a16.901 t17  2.5492470       0.1895846       2.2039164       2.9486873                           
    30:sigma g1 a0 t1        0.4606513       0.0617160       0.3546801       0.5982845                           
    31:U g1 a0 t1            10.981145       1.3231855       8.6785797       13.894618                           
    32:U g1 a2.8 t3.8        16.708267       1.6951301       13.702270       20.373718                           
    33:U g1 a6.1 t7.1        20.600683       1.6980732       17.532193       24.206222                           
    34:U g1 a9.567 t10.567   31.124621       2.3259500       26.889390       36.026924                           
    35:U g1 a12.134 t13.134  20.153162       1.6279668       17.206553       23.604375                           
    36:U g1 a16.101 t17.101  27.570318       2.2404549       23.517050       32.322184                           
    37:Phi g1 c1 a0.8 t1.8   0.8814951       0.0421679       0.7712659       0.9425599                           
    38:Gamma'' g1 c1 a0.8 t  0.0500064       0.0487390       0.0069975       0.2822307                           
    39:Gamma' g1 c1 a0.8 t1  1.0000000       0.0000000       1.0000000       1.0000000                           
    40:Phi g1 c1 a0 t1       1.0000000       0.0000000       1.0000000       1.0000000       Fixed               
    41:Gamma'' g1 c1 a0 t1   0.0000000       0.0000000       0.0000000       0.0000000       Fixed               

  Program  MARK  - Survival Rate Estimation with Capture-Recapture Data
   gfortran(Win64) Vers. 8.1 Mar 2016    5-Aug-2016 15:44:28    Page  012
 - - - - - - - - - - - - - - - - - - - - - - - - - - - - - - - - - - - - - -
 


                      Estimates of Derived Parameters
 Population Estimates of { alpha(~1 + captive + sex + recordloss.agout.total)sigma(~1)U(~sample_month)Phi(~1)Gamma''(~1)Gamma'(~1) }
                                                95% Confidence Interval
 Grp. Occ.   N-hat           Standard Error      Lower           Upper
 ---- ----   --------------  --------------  --------------  --------------
   1     1   13.981145       1.3231861       11.618831       16.823760     
   1     2   13.981145       1.3231861       11.618831       16.823760     
   1     3   13.981145       1.3231861       11.618831       16.823760     
   1     4   13.103443       1.3424275       10.725241       16.008984     
   1     5   13.981145       1.3231861       11.618831       16.823760     
   1     6   21.708267       1.6951305       18.631905       25.292575     
   1     7   21.708267       1.6951305       18.631905       25.292575     
   1     8   21.708267       1.6951305       18.631905       25.292575     
   1     9   18.818741       1.7122387       15.750757       22.484316     
   1    10   21.708267       1.6951305       18.631905       25.292575     
   1    11   25.852393       1.7351405       22.669065       29.482743     
   1    12   24.862616       1.7305026       21.695590       28.491951     
   1    13   24.994339       1.7349565       21.818569       28.632353     
   1    14   24.828285       1.7295354       21.663208       28.455791     
   1    15   24.890970       1.7324576       21.720364       28.524402     
   1    16   38.952007       2.4392998       34.456887       44.033545     
   1    17   38.777887       2.4048861       34.343528       43.784801     
   1    18   38.957350       2.4398639       34.461216       44.040091     
   1    19   39.147960       2.4479267       34.636527       44.247011     
   1    20   36.984896       2.4455375       32.493844       42.096668     
   1    21   24.487398       1.6589381       21.445767       27.960422     
   1    22   25.748902       1.6888150       22.645875       29.277117     
   1    23   25.801042       1.6946755       22.687539       29.341825     
   1    24   23.598634       1.6763818       20.535005       27.119327     
   1    25   24.949273       1.7237668       21.792978       28.562698     
   1    26   32.950778       2.2830815       28.771165       37.737567     
   1    27   33.285783       2.3298038       29.023614       38.173858     
   1    28   33.090121       2.3018642       28.877272       37.917574     
   1    29   32.253706       2.3298198       28.000941       37.152377     
   1    30   33.100078       2.3032410       28.884796       37.930515     
 Mean Resighting Rate Estimates of { alpha(~1 + captive + sex + recordloss.agout.total)sigma(~1)U(~sample_month)Phi(~1)Gamma''(~1)Gamma'(~1) }
                                                95% Confidence Interval
 Grp. Occ.   Lambda-hat      Standard Error      Lower           Upper
 ---- ----   --------------  --------------  --------------  --------------
   1     1   2.9436897       0.1756322       2.6190883       3.3085211     
   1     2   3.3671143       0.2154128       2.9706836       3.8164476     
   1     3   3.7575105       0.2856088       3.2381148       4.3602175     
   1     4   3.0779734       0.1833871       2.7390115       3.4588830     
   1     5   3.0598609       0.1820679       2.7233113       3.4380017     
   1     6   3.9206228       0.3216801       3.3391146       4.6034010     
   1     7   3.7777173       0.2898939       3.2509083       4.3898955     
   1     8   3.0529525       0.1815871       2.7172840       3.4300864     
   1     9   3.8746164       0.3111754       3.3111299       4.5339968     

  Program  MARK  - Survival Rate Estimation with Capture-Recapture Data
   gfortran(Win64) Vers. 8.1 Mar 2016    5-Aug-2016 15:44:28    Page  013
 - - - - - - - - - - - - - - - - - - - - - - - - - - - - - - - - - - - - - -
 
   1    10   3.6768229       0.2690630       3.1861438       4.2430686     
   1    11   4.1337141       0.2904918       3.6024323       4.7433487     
   1    12   3.5401155       0.2107584       3.1505443       3.9778579     
   1    13   3.2063245       0.1805591       2.8715107       3.5801770     
   1    14   4.4015769       0.2825395       3.8817215       4.9910534     
   1    15   4.2611733       0.2244640       3.8434483       4.7242987     
   1    16   3.5919919       0.1910275       3.2366692       3.9863221     
   1    17   4.0758977       0.2043684       3.6946170       4.4965262     
   1    18   3.8414453       0.1944581       3.4788259       4.2418629     
   1    19   3.2821702       0.1866035       2.9363330       3.6687396     
   1    20   3.2246659       0.1833763       2.8848140       3.6045548     
   1    21   4.7691165       0.2371838       4.3264356       5.2570925     
   1    22   3.1978482       0.1790382       2.8657477       3.5684346     
   1    23   2.9220618       0.1841143       2.5829067       3.3057505     
   1    24   2.9250779       0.2031807       2.5531812       3.3511451     
   1    25   3.8621316       0.2527456       3.3976702       4.3900848     
   1    26   3.6619558       0.2106613       3.2717912       4.0986479     
   1    27   2.4481524       0.1827143       2.1154233       2.8332156     
   1    28   3.3974335       0.1824315       3.0582725       3.7742073     
   1    29   2.9356033       0.2096919       2.5525353       3.3761596     
   1    30   3.3710090       0.1821471       3.0324893       3.7473180     
 Pr(Captured 1 or more times) of { alpha(~1 + captive + sex + recordloss.agout.total)sigma(~1)U(~sample_month)Phi(~1)Gamma''(~1)Gamma'(~1) }
                                                95% Confidence Interval
 Grp. Occ.      p*-hat       Standard Error      Lower           Upper
 ---- ----   --------------  --------------  --------------  --------------
   1     1   0.3087336       0.0055525       0.2979581       0.3197212     
   1     2   0.3149983       0.0047068       0.3058468       0.3242957     
   1     3   0.3191938       0.0042115       0.3109966       0.3275044     
   1     4   0.4711875       0.0084374       0.4546878       0.4877503     
   1     5   0.3106698       0.0052704       0.3004352       0.3210929     
   1     6   0.1913468       0.0025852       0.1863311       0.1964650     
   1     7   0.1905358       0.0026595       0.1853775       0.1958031     
   1     8   0.1847964       0.0032089       0.1785894       0.1911688     
   1     9   0.4738272       0.0076164       0.4589268       0.4887744     
   1    10   0.1899104       0.0027151       0.1846458       0.1952892     
   1    11   0.1932307       0.0019754       0.1893884       0.1971321     
   1    12   0.2375834       0.0030412       0.2316742       0.2435956     
   1    13   0.2351132       0.0032784       0.2287485       0.2415995     
   1    14   0.2429459       0.0020590       0.2389331       0.2470043     
   1    15   0.2427128       0.0019237       0.2389622       0.2465032     
   1    16   0.1337987       0.0019711       0.1299823       0.1377094     
   1    17   0.1374713       0.0012862       0.1349698       0.1400117     
   1    18   0.1350973       0.0018642       0.1314851       0.1387930     
   1    19   0.1322913       0.0021242       0.1281832       0.1365105     
   1    20   0.1812263       0.0041521       0.1732299       0.1895071     
   1    21   0.2444842       0.0015638       0.2414322       0.2475622     
   1    22   0.1845144       0.0031191       0.1784792       0.1907063     
   1    23   0.1832903       0.0033211       0.1768705       0.1898894     
   1    24   0.3076237       0.0054391       0.2970669       0.3183857     
   1    25   0.2401676       0.0027218       0.2348734       0.2455427     

  Program  MARK  - Survival Rate Estimation with Capture-Recapture Data
   gfortran(Win64) Vers. 8.1 Mar 2016    5-Aug-2016 15:44:29    Page  014
 - - - - - - - - - - - - - - - - - - - - - - - - - - - - - - - - - - - - - -
 
   1    26   0.1899010       0.0024007       0.1852402       0.1946511     
   1    27   0.1749639       0.0045705       0.1661855       0.1841036     
   1    28   0.1884389       0.0024886       0.1836097       0.1933650     
   1    29   0.2293579       0.0043966       0.2208543       0.2380888     
   1    30   0.1882258       0.0025209       0.1833345       0.1932167     

 Attempted ordering of parameters by estimatibility:
   1  6  9 11  8 10  2  5  7  3 12  4 13 14
 Beta number 14 is a singular value.

     CPU Time in seconds for last procedure was 5.67


  INPUT --- proc stop;

   * *  WARNING  * *   Numerical underflow occurred during final processing of this model. 
     IEEE flag status at final processing of this model:
     overflow       F
     divide by zero F
     invalid        F
     underflow      T
     inexact        T


     CPU Time in minutes for this job was 0.09

     Time Start = 15:44:24.472   Time End = 15:44:29.114

     Wall Clock Time in minutes for this job was 0.08


          E X E C U T I O N   S U C C E S S F U L 
