
   Program  MARK  - Survival Rate Estimation with Capture-Recapture Data
   gfortran(Win64) Vers. 8.1 Mar 2016    5-Aug-2016 15:44:16    Page  001
 - - - - - - - - - - - - - - - - - - - - - - - - - - - - - - - - - - - - - -
 
   This version was compiled by GCC version 5.3.0 using the options: 
     -cpp -iprefix c:\tdm-gcc-64\gcc\bin\../lib/gcc/x86_64-w64-mingw32/5.3.0/ -D_MT
     -U_REENTRANT -D IEEE -m64 -mtune=generic -march=x86-64 -mthreads -O2
     -fimplicit-none -fbounds-check -funroll-loops -ftree-vectorize
     -ffpe-summary=invalid,zero,overflow,underflow -fno-unsafe-math-optimizations
     -frounding-math -fsignaling-nans -fopenmp.

   This problem will use 3 of 4 possible threads.


  INPUT --- proc title ;

     CPU Time in seconds for last procedure was 0.00


  INPUT --- proc chmatrix occasions= 30 groups= 1 etype= PoissonMR 
  INPUT --- icovar = 31 ICMeans NoHist  hist= 14 ;

  INPUT ---    time interval 0.2 0.2 0.2 0.2 2 0.2 0.2 0.2 0.2 2.5 0.2 0.2 
  INPUT ---    0.2 0.2 2.667 0.2 0.2 0.2  0.2 1.767 0.2 0.2 0.2 0.2 3.167 
  INPUT ---    0.2 0.2 0.2 0.2 ;

  INPUT ---     icovariates captive age.t1 age.t1.2 age.t1.4  age.t1.6 
  INPUT ---    age.t1.8 age.t3.8 age.t4 age.t4.2 age.t4.4 age.t4.6 
  INPUT ---    age.t7.1 age.t7.3 age.t7.5 age.t7.7  age.t7.9 age.t10.567 
  INPUT ---    age.t10.767 age.t10.967 age.t11.167 age.t11.367 age.t13.134 
  INPUT ---    age.t13.334  age.t13.534 age.t13.734 age.t13.934 
  INPUT ---    age.t17.101 age.t17.301 age.t17.501 age.t17.701 age.t17.901 
  INPUT ---    ;

  INPUT ---    glabel(1)=Group 1;

      Number of unique encounter histories read was 14.

      Number of individual covariates read was 31.
      Time interval lengths vary and/or not equal to 1.

      Data type number is 115
      Data type is Poisson Mark Resight with Robust Design                                                             

     CPU Time in seconds for last procedure was 0.00

  Program  MARK  - Survival Rate Estimation with Capture-Recapture Data
   gfortran(Win64) Vers. 8.1 Mar 2016    5-Aug-2016 15:44:16    Page  002
 - - - - - - - - - - - - - - - - - - - - - - - - - - - - - - - - - - - - - -
 


  INPUT --- proc estimate link=Parm-Specific NOLOOP varest=2ndPart    ;


  INPUT --- model={ alpha(~1 + captive + age.t + 
  INPUT --- recordloss.agout.total)sigma(~1)U(~sample_month)Phi(~1)Gamma
  INPUT --- ''(~1)Gamma'(~1) };

  INPUT ---    fixed=2;
  INPUT ---        parm(41)=1 ;
  INPUT ---        parm(42)=0 ;

  INPUT ---    group=1 alpha    rows=1 cols=30 Square ;
  INPUT ---        1 2 3 4 5 6 7 8 9 10 11 12 13 14 15 16 17 18 19 20 21 22 
  INPUT ---       23 24 25 26 27 28 29 30 ;

  INPUT ---    group=1 sigma    rows=1 cols=30 Square ;
  INPUT ---        31 31 31 31 31 31 31 31 31 31 31 31 31 31 31 31 31 31 31 
  INPUT ---       31 31 31 31 31 31 31 31 31 31 31 ;

  INPUT ---    group=1 U    rows=1 cols=30 Square ;
  INPUT ---        32 32 32 32 32 33 33 33 33 33 34 34 34 34 34 35 35 35 35 
  INPUT ---       35 36 36 36 36 36 37 37 37 37 37 ;

  INPUT ---    group=1 Phi    rows=29 cols=29 Triang ;
  INPUT ---        41 41 41 41 38 41 41 41 41 38 41 41 41 41 38 41 41 41 41 
  INPUT ---       38 41 41 41 41 38 41 41 41 41 ;
  INPUT ---        41 41 41 41 41 41 41 41 41 41 41 41 41 41 41 41 41 41 41 
  INPUT ---       41 41 41 41 41 41 41 41 41 ;
  INPUT ---        41 41 41 41 41 41 41 41 41 41 41 41 41 41 41 41 41 41 41 
  INPUT ---       41 41 41 41 41 41 41 41 ;
  INPUT ---        41 41 41 41 41 41 41 41 41 41 41 41 41 41 41 41 41 41 41 
  INPUT ---       41 41 41 41 41 41 41 ;
  INPUT ---        41 41 41 41 41 41 41 41 41 41 41 41 41 41 41 41 41 41 41 
  INPUT ---       41 41 41 41 41 41 ;
  INPUT ---        41 41 41 41 38 41 41 41 41 38 41 41 41 41 38 41 41 41 41 
  INPUT ---       38 41 41 41 41 ;
  INPUT ---        41 41 41 41 41 41 41 41 41 41 41 41 41 41 41 41 41 41 41 
  INPUT ---       41 41 41 41 ;
  INPUT ---        41 41 41 41 41 41 41 41 41 41 41 41 41 41 41 41 41 41 41 
  INPUT ---       41 41 41 ;
  INPUT ---        41 41 41 41 41 41 41 41 41 41 41 41 41 41 41 41 41 41 41 
  INPUT ---       41 41 ;
  INPUT ---        41 41 41 41 41 41 41 41 41 41 41 41 41 41 41 41 41 41 41 
  INPUT ---       41 ;

  Program  MARK  - Survival Rate Estimation with Capture-Recapture Data
   gfortran(Win64) Vers. 8.1 Mar 2016    5-Aug-2016 15:44:16    Page  003
 - - - - - - - - - - - - - - - - - - - - - - - - - - - - - - - - - - - - - -
 
  INPUT ---        41 41 41 41 38 41 41 41 41 38 41 41 41 41 38 41 41 41 41 ;
  INPUT ---        41 41 41 41 41 41 41 41 41 41 41 41 41 41 41 41 41 41 ;
  INPUT ---        41 41 41 41 41 41 41 41 41 41 41 41 41 41 41 41 41 ;
  INPUT ---        41 41 41 41 41 41 41 41 41 41 41 41 41 41 41 41 ;
  INPUT ---        41 41 41 41 41 41 41 41 41 41 41 41 41 41 41 ;
  INPUT ---        41 41 41 41 38 41 41 41 41 38 41 41 41 41 ;
  INPUT ---        41 41 41 41 41 41 41 41 41 41 41 41 41 ;
  INPUT ---        41 41 41 41 41 41 41 41 41 41 41 41 ;
  INPUT ---        41 41 41 41 41 41 41 41 41 41 41 ;
  INPUT ---        41 41 41 41 41 41 41 41 41 41 ;
  INPUT ---        41 41 41 41 38 41 41 41 41 ;
  INPUT ---        41 41 41 41 41 41 41 41 ;
  INPUT ---        41 41 41 41 41 41 41 ;
  INPUT ---        41 41 41 41 41 41 ;
  INPUT ---        41 41 41 41 41 ;
  INPUT ---        41 41 41 41 ;
  INPUT ---        41 41 41 ;
  INPUT ---        41 41 ;
  INPUT ---        41 ;

  INPUT ---    group=1 Gamma''    rows=29 cols=29 Triang ;
  INPUT ---        42 42 42 42 39 42 42 42 42 39 42 42 42 42 39 42 42 42 42 
  INPUT ---       39 42 42 42 42 39 42 42 42 42 ;
  INPUT ---        42 42 42 42 42 42 42 42 42 42 42 42 42 42 42 42 42 42 42 
  INPUT ---       42 42 42 42 42 42 42 42 42 ;
  INPUT ---        42 42 42 42 42 42 42 42 42 42 42 42 42 42 42 42 42 42 42 
  INPUT ---       42 42 42 42 42 42 42 42 ;
  INPUT ---        42 42 42 42 42 42 42 42 42 42 42 42 42 42 42 42 42 42 42 
  INPUT ---       42 42 42 42 42 42 42 ;
  INPUT ---        42 42 42 42 42 42 42 42 42 42 42 42 42 42 42 42 42 42 42 
  INPUT ---       42 42 42 42 42 42 ;
  INPUT ---        42 42 42 42 39 42 42 42 42 39 42 42 42 42 39 42 42 42 42 
  INPUT ---       39 42 42 42 42 ;
  INPUT ---        42 42 42 42 42 42 42 42 42 42 42 42 42 42 42 42 42 42 42 
  INPUT ---       42 42 42 42 ;
  INPUT ---        42 42 42 42 42 42 42 42 42 42 42 42 42 42 42 42 42 42 42 
  INPUT ---       42 42 42 ;
  INPUT ---        42 42 42 42 42 42 42 42 42 42 42 42 42 42 42 42 42 42 42 
  INPUT ---       42 42 ;
  INPUT ---        42 42 42 42 42 42 42 42 42 42 42 42 42 42 42 42 42 42 42 
  INPUT ---       42 ;
  INPUT ---        42 42 42 42 39 42 42 42 42 39 42 42 42 42 39 42 42 42 42 ;
  INPUT ---        42 42 42 42 42 42 42 42 42 42 42 42 42 42 42 42 42 42 ;
  INPUT ---        42 42 42 42 42 42 42 42 42 42 42 42 42 42 42 42 42 ;
  INPUT ---        42 42 42 42 42 42 42 42 42 42 42 42 42 42 42 42 ;
  INPUT ---        42 42 42 42 42 42 42 42 42 42 42 42 42 42 42 ;

  Program  MARK  - Survival Rate Estimation with Capture-Recapture Data
   gfortran(Win64) Vers. 8.1 Mar 2016    5-Aug-2016 15:44:16    Page  004
 - - - - - - - - - - - - - - - - - - - - - - - - - - - - - - - - - - - - - -
 
  INPUT ---        42 42 42 42 39 42 42 42 42 39 42 42 42 42 ;
  INPUT ---        42 42 42 42 42 42 42 42 42 42 42 42 42 ;
  INPUT ---        42 42 42 42 42 42 42 42 42 42 42 42 ;
  INPUT ---        42 42 42 42 42 42 42 42 42 42 42 ;
  INPUT ---        42 42 42 42 42 42 42 42 42 42 ;
  INPUT ---        42 42 42 42 39 42 42 42 42 ;
  INPUT ---        42 42 42 42 42 42 42 42 ;
  INPUT ---        42 42 42 42 42 42 42 ;
  INPUT ---        42 42 42 42 42 42 ;
  INPUT ---        42 42 42 42 42 ;
  INPUT ---        42 42 42 42 ;
  INPUT ---        42 42 42 ;
  INPUT ---        42 42 ;
  INPUT ---        42 ;

  INPUT ---    group=1 Gamma'    rows=28 cols=28 Triang ;
  INPUT ---        42 42 42 40 42 42 42 42 40 42 42 42 42 40 42 42 42 42 40 
  INPUT ---       42 42 42 42 40 42 42 42 42 ;
  INPUT ---        42 42 42 42 42 42 42 42 42 42 42 42 42 42 42 42 42 42 42 
  INPUT ---       42 42 42 42 42 42 42 42 ;
  INPUT ---        42 42 42 42 42 42 42 42 42 42 42 42 42 42 42 42 42 42 42 
  INPUT ---       42 42 42 42 42 42 42 ;
  INPUT ---        42 42 42 42 42 42 42 42 42 42 42 42 42 42 42 42 42 42 42 
  INPUT ---       42 42 42 42 42 42 ;
  INPUT ---        42 42 42 42 42 42 42 42 42 42 42 42 42 42 42 42 42 42 42 
  INPUT ---       42 42 42 42 42 ;
  INPUT ---        42 42 42 40 42 42 42 42 40 42 42 42 42 40 42 42 42 42 40 
  INPUT ---       42 42 42 42 ;
  INPUT ---        42 42 42 42 42 42 42 42 42 42 42 42 42 42 42 42 42 42 42 
  INPUT ---       42 42 42 ;
  INPUT ---        42 42 42 42 42 42 42 42 42 42 42 42 42 42 42 42 42 42 42 
  INPUT ---       42 42 ;
  INPUT ---        42 42 42 42 42 42 42 42 42 42 42 42 42 42 42 42 42 42 42 
  INPUT ---       42 ;
  INPUT ---        42 42 42 42 42 42 42 42 42 42 42 42 42 42 42 42 42 42 42 ;
  INPUT ---        42 42 42 40 42 42 42 42 40 42 42 42 42 40 42 42 42 42 ;
  INPUT ---        42 42 42 42 42 42 42 42 42 42 42 42 42 42 42 42 42 ;
  INPUT ---        42 42 42 42 42 42 42 42 42 42 42 42 42 42 42 42 ;
  INPUT ---        42 42 42 42 42 42 42 42 42 42 42 42 42 42 42 ;
  INPUT ---        42 42 42 42 42 42 42 42 42 42 42 42 42 42 ;
  INPUT ---        42 42 42 40 42 42 42 42 40 42 42 42 42 ;
  INPUT ---        42 42 42 42 42 42 42 42 42 42 42 42 ;
  INPUT ---        42 42 42 42 42 42 42 42 42 42 42 ;
  INPUT ---        42 42 42 42 42 42 42 42 42 42 ;
  INPUT ---        42 42 42 42 42 42 42 42 42 ;
  INPUT ---        42 42 42 40 42 42 42 42 ;

  Program  MARK  - Survival Rate Estimation with Capture-Recapture Data
   gfortran(Win64) Vers. 8.1 Mar 2016    5-Aug-2016 15:44:16    Page  005
 - - - - - - - - - - - - - - - - - - - - - - - - - - - - - - - - - - - - - -
 
  INPUT ---        42 42 42 42 42 42 42 ;
  INPUT ---        42 42 42 42 42 42 ;
  INPUT ---        42 42 42 42 42 ;
  INPUT ---        42 42 42 42 ;
  INPUT ---        42 42 42 ;
  INPUT ---        42 42 ;
  INPUT ---        42 ;

  INPUT ---    initial  0.8492118 0 0 0 -0.3123225 3.139572 0 0 0 0 0 
  INPUT ---    2.0066797 -2.9445172 17.724958  ;

  INPUT ---    design matrix constraints=42 covariates=14;
  INPUT ---        1 captive age.t1 0.186046511627907 0 0 0 0 0 0 0 0 0 0;
  INPUT ---        1 captive age.t1.2 0.127659574468085 0 0 0 0 0 0 0 0 0 0;
  INPUT ---        1 captive age.t1.4 0.08 0 0 0 0 0 0 0 0 0 0;
  INPUT ---        1 captive age.t1.6 0.166666666666667 0 0 0 0 0 0 0 0 0 0;
  INPUT ---        1 captive age.t1.8 0.169230769230769 0 0 0 0 0 0 0 0 0 0;
  INPUT ---        1 captive age.t3.8 0.0615384615384615 0 0 0 0 0 0 0 0 0 0;
  INPUT ---        1 captive age.t4 0.0776699029126214 0 0 0 0 0 0 0 0 0 0;
  INPUT ---        1 captive age.t4.2 0.170212765957447 0 0 0 0 0 0 0 0 0 0;
  INPUT ---        1 captive age.t4.4 0.0666666666666667 0 0 0 0 0 0 0 0 0 0;
  INPUT ---        1 captive age.t4.6 0.0894308943089431 0 0 0 0 0 0 0 0 0 0;
  INPUT ---        1 captive age.t7.1 0.08 0 0 0 0 0 0 0 0 0 0;
  INPUT ---        1 captive age.t7.3 0.135135135135135 0 0 0 0 0 0 0 0 0 0;
  INPUT ---        1 captive age.t7.5 0.213740458015267 0 0 0 0 0 0 0 0 0 0;
  INPUT ---        1 captive age.t7.7 0.0869565217391304 0 0 0 0 0 0 0 0 0 0;
  INPUT ---        1 captive age.t7.9 0.131428571428571 0 0 0 0 0 0 0 0 0 0;
  INPUT ---        1 captive age.t10.567 0.167441860465116 0 0 0 0 0 0 0 0 0 
  INPUT ---       0;
  INPUT ---        1 captive age.t10.767 0.155 0 0 0 0 0 0 0 0 0 0;
  INPUT ---        1 captive age.t10.967 0.168831168831169 0 0 0 0 0 0 0 0 0 
  INPUT ---       0;
  INPUT ---        1 captive age.t11.167 0.231182795698925 0 0 0 0 0 0 0 0 0 
  INPUT ---       0;
  INPUT ---        1 captive age.t11.367 0.224489795918367 0 0 0 0 0 0 0 0 0 
  INPUT ---       0;
  INPUT ---        1 captive age.t13.134 0.125827814569536 0 0 0 0 0 0 0 0 0 
  INPUT ---       0;
  INPUT ---        1 captive age.t13.334 0.201612903225806 0 0 0 0 0 0 0 0 0 
  INPUT ---       0;
  INPUT ---        1 captive age.t13.534 0.244604316546763 0 0 0 0 0 0 0 0 0 
  INPUT ---       0;
  INPUT ---        1 captive age.t13.734 0.282828282828283 0 0 0 0 0 0 0 0 0 
  INPUT ---       0;
  INPUT ---        1 captive age.t13.934 0.314516129032258 0 0 0 0 0 0 0 0 0 
  INPUT ---       0;

  Program  MARK  - Survival Rate Estimation with Capture-Recapture Data
   gfortran(Win64) Vers. 8.1 Mar 2016    5-Aug-2016 15:44:16    Page  006
 - - - - - - - - - - - - - - - - - - - - - - - - - - - - - - - - - - - - - -
 
  INPUT ---        1 captive age.t17.101 0.137254901960784 0 0 0 0 0 0 0 0 0 
  INPUT ---       0;
  INPUT ---        1 captive age.t17.301 0.266129032258065 0 0 0 0 0 0 0 0 0 
  INPUT ---       0;
  INPUT ---        1 captive age.t17.501 0.198581560283688 0 0 0 0 0 0 0 0 0 
  INPUT ---       0;
  INPUT ---        1 captive age.t17.701 0.293333333333333 0 0 0 0 0 0 0 0 0 
  INPUT ---       0;
  INPUT ---        1 captive age.t17.901 0.202453987730061 0 0 0 0 0 0 0 0 0 
  INPUT ---       0;
  INPUT ---        0 0 0 0 1 0 0 0 0 0 0 0 0 0;
  INPUT ---        0 0 0 0 0 1 0 0 0 0 0 0 0 0;
  INPUT ---        0 0 0 0 0 1 1 0 0 0 0 0 0 0;
  INPUT ---        0 0 0 0 0 1 0 1 0 0 0 0 0 0;
  INPUT ---        0 0 0 0 0 1 0 0 1 0 0 0 0 0;
  INPUT ---        0 0 0 0 0 1 0 0 0 1 0 0 0 0;
  INPUT ---        0 0 0 0 0 1 0 0 0 0 1 0 0 0;
  INPUT ---        0 0 0 0 0 0 0 0 0 0 0 1 0 0;
  INPUT ---        0 0 0 0 0 0 0 0 0 0 0 0 1 0;
  INPUT ---        0 0 0 0 0 0 0 0 0 0 0 0 0 1;
  INPUT ---        0 0 0 0 0 0 0 0 0 0 0 0 0 0;
  INPUT ---        0 0 0 0 0 0 0 0 0 0 0 0 0 0;

  INPUT ---    links=42;

  INPUT ---    Log;

  INPUT ---    Log;

  INPUT ---    Log;

  INPUT ---    Log;

  INPUT ---    Log;

  INPUT ---    Log;

  INPUT ---    Log;

  INPUT ---    Log;

  INPUT ---    Log;

  INPUT ---    Log;

  INPUT ---    Log;

  Program  MARK  - Survival Rate Estimation with Capture-Recapture Data
   gfortran(Win64) Vers. 8.1 Mar 2016    5-Aug-2016 15:44:16    Page  007
 - - - - - - - - - - - - - - - - - - - - - - - - - - - - - - - - - - - - - -
 

  INPUT ---    Log;

  INPUT ---    Log;

  INPUT ---    Log;

  INPUT ---    Log;

  INPUT ---    Log;

  INPUT ---    Log;

  INPUT ---    Log;

  INPUT ---    Log;

  INPUT ---    Log;

  INPUT ---    Log;

  INPUT ---    Log;

  INPUT ---    Log;

  INPUT ---    Log;

  INPUT ---    Log;

  INPUT ---    Log;

  INPUT ---    Log;

  INPUT ---    Log;

  INPUT ---    Log;

  INPUT ---    Log;

  INPUT ---    Log;

  INPUT ---    Log;

  INPUT ---    Log;

  INPUT ---    Log;

  Program  MARK  - Survival Rate Estimation with Capture-Recapture Data
   gfortran(Win64) Vers. 8.1 Mar 2016    5-Aug-2016 15:44:16    Page  008
 - - - - - - - - - - - - - - - - - - - - - - - - - - - - - - - - - - - - - -
 

  INPUT ---    Log;

  INPUT ---    Log;

  INPUT ---    Log;

  INPUT ---    Logit;

  INPUT ---    Logit;

  INPUT ---    Logit;

  INPUT ---    Logit;

  INPUT ---    Logit;
  INPUT ---       blabel(1)=alpha:(Intercept);
  INPUT ---       blabel(2)=alpha:captive;
  INPUT ---       blabel(3)=alpha:age.t;
  INPUT ---       blabel(4)=alpha:recordloss.agout.total;
  INPUT ---       blabel(5)=sigma:(Intercept);
  INPUT ---       blabel(6)=U:(Intercept);
  INPUT ---       blabel(7)=U:sample_monthB;
  INPUT ---       blabel(8)=U:sample_monthC;
  INPUT ---       blabel(9)=U:sample_monthD;
  INPUT ---       blabel(10)=U:sample_monthE;
  INPUT ---       blabel(11)=U:sample_monthF;
  INPUT ---       blabel(12)=Phi:(Intercept);
  INPUT ---       blabel(13)=GammaDoublePrime:(Intercept);
  INPUT ---       blabel(14)=GammaPrime:(Intercept);
  INPUT ---       rlabel(1)=alpha g1 a0 t1;
  INPUT ---       rlabel(2)=alpha g1 a0.2 t1.2;
  INPUT ---       rlabel(3)=alpha g1 a0.4 t1.4;
  INPUT ---       rlabel(4)=alpha g1 a0.6 t1.6;
  INPUT ---       rlabel(5)=alpha g1 a0.8 t1.8;
  INPUT ---       rlabel(6)=alpha g1 a2.8 t3.8;
  INPUT ---       rlabel(7)=alpha g1 a3 t4;
  INPUT ---       rlabel(8)=alpha g1 a3.2 t4.2;
  INPUT ---       rlabel(9)=alpha g1 a3.4 t4.4;
  INPUT ---       rlabel(10)=alpha g1 a3.6 t4.6;
  INPUT ---       rlabel(11)=alpha g1 a6.1 t7.1;
  INPUT ---       rlabel(12)=alpha g1 a6.3 t7.3;
  INPUT ---       rlabel(13)=alpha g1 a6.5 t7.5;
  INPUT ---       rlabel(14)=alpha g1 a6.7 t7.7;
  INPUT ---       rlabel(15)=alpha g1 a6.9 t7.9;
  INPUT ---       rlabel(16)=alpha g1 a9.567 t10.567;

  Program  MARK  - Survival Rate Estimation with Capture-Recapture Data
   gfortran(Win64) Vers. 8.1 Mar 2016    5-Aug-2016 15:44:16    Page  009
 - - - - - - - - - - - - - - - - - - - - - - - - - - - - - - - - - - - - - -
 
  INPUT ---       rlabel(17)=alpha g1 a9.767 t10.767;
  INPUT ---       rlabel(18)=alpha g1 a9.967 t10.967;
  INPUT ---       rlabel(19)=alpha g1 a10.167 t11.167;
  INPUT ---       rlabel(20)=alpha g1 a10.367 t11.367;
  INPUT ---       rlabel(21)=alpha g1 a12.134 t13.134;
  INPUT ---       rlabel(22)=alpha g1 a12.334 t13.334;
  INPUT ---       rlabel(23)=alpha g1 a12.534 t13.534;
  INPUT ---       rlabel(24)=alpha g1 a12.734 t13.734;
  INPUT ---       rlabel(25)=alpha g1 a12.934 t13.934;
  INPUT ---       rlabel(26)=alpha g1 a16.101 t17.101;
  INPUT ---       rlabel(27)=alpha g1 a16.301 t17.301;
  INPUT ---       rlabel(28)=alpha g1 a16.501 t17.501;
  INPUT ---       rlabel(29)=alpha g1 a16.701 t17.701;
  INPUT ---       rlabel(30)=alpha g1 a16.901 t17.901;
  INPUT ---       rlabel(31)=sigma g1 a0 t1;
  INPUT ---       rlabel(32)=U g1 a0 t1;
  INPUT ---       rlabel(33)=U g1 a2.8 t3.8;
  INPUT ---       rlabel(34)=U g1 a6.1 t7.1;
  INPUT ---       rlabel(35)=U g1 a9.567 t10.567;
  INPUT ---       rlabel(36)=U g1 a12.134 t13.134;
  INPUT ---       rlabel(37)=U g1 a16.101 t17.101;
  INPUT ---       rlabel(38)=Phi g1 c1 a0.8 t1.8;
  INPUT ---       rlabel(39)=Gamma'' g1 c1 a0.8 t1.8;
  INPUT ---       rlabel(40)=Gamma' g1 c1 a0.8 t1.8;
  INPUT ---       rlabel(41)=Phi g1 c1 a0 t1;
  INPUT ---       rlabel(42)=Gamma'' g1 c1 a0 t1;

 Link Function Used is PARM-SPECIFIC

 Variance Estimation Procedure Used is 2ndPart 

 M(t+1):
 Group=Group 1                                                                         
       3      3      3      2      3      5      5      5      2      5      5
       4      4      4      4     10      7      7      7      5      5      5
       5      3      4      5      5      5      4      5


 -2logL(saturated) = -0.0000000    
 Effective Sample Size = 169
 Results from first iteration:
  -2logL Initial { alpha(~1 + captive + age.t + recordloss.agout.total)sigma(~1)U(~sample_month)Phi(~1)Gamma''(~1)Gamma'(~1) } = 1138.4459     
  Penalty Initial { alpha(~1 + captive + age.t + recordloss.agout.total)sigma(~1)U(~sample_month)Phi(~1)Gamma''(~1)Gamma'(~1) } = -0.0000000    

 Number of function evaluations was 27 for 14 parameters.
 Time for numerical optimization was 2.58 seconds.
 -2logL { alpha(~1 + captive + age.t + recordloss.agout.total)sigma(~1)U(~sample_month)Phi(~1)Gamma''(~1)Gamma'(~1) } = 1063.9553     
 Penalty { alpha(~1 + captive + age.t + recordloss.agout.total)sigma(~1)U(~sample_month)Phi(~1)Gamma''(~1)Gamma'(~1) } = -0.0000000    

  Program  MARK  - Survival Rate Estimation with Capture-Recapture Data
   gfortran(Win64) Vers. 8.1 Mar 2016    5-Aug-2016 15:44:18    Page  010
 - - - - - - - - - - - - - - - - - - - - - - - - - - - - - - - - - - - - - -
 

   * *  WARNING  * *   Numerical underflow occurred during optimization of this model. 
     IEEE flag status at end of optimization:
     overflow       F
     divide by zero F
     invalid        F
     underflow      T
     inexact        T

 Gradient { alpha(~1 + captive + age.t + recordloss.agout.total)sigma(~1)U(~sample_month)Phi(~1)Gamma''(~1)Gamma'(~1) }:
  0.7961726E-04 0.2062880E-04 0.7880042E-04-0.4034706E-04 0.1713584E-03
 -0.1975015E-04-0.1650402E-04 0.1406421E-04 0.3537457E-04-0.2992666E-04
  0.2402854E-04 0.3781168E-04  0.000000      0.000000    
 S Vector { alpha(~1 + captive + age.t + recordloss.agout.total)sigma(~1)U(~sample_month)Phi(~1)Gamma''(~1)Gamma'(~1) }:
   4282.342      355.5373      304.8071      265.5309      243.6646    
   172.6647      100.5006      62.57513      20.43760      13.25036    
   6.136872      3.740343     0.9500051      0.000000    
 Time to compute number of parameters was 2.14 seconds.
   Threshold =  0.3000000E-06     Condition index =   0.000000         New Threshold =   0.000000    
 New Guessimate of Estimated Parameters { alpha(~1 + captive + age.t + recordloss.agout.total)sigma(~1)U(~sample_month)Phi(~1)Gamma''(~1)Gamma'(~1) } = 13          
 Conditioned S Vector { alpha(~1 + captive + age.t + recordloss.agout.total)sigma(~1)U(~sample_month)Phi(~1)Gamma''(~1)Gamma'(~1) }:
   1.000000     0.8302404E-01 0.7117767E-01 0.6200602E-01 0.5689986E-01
  0.4032016E-01 0.2346861E-01 0.1461236E-01 0.4772530E-02 0.3094186E-02
  0.1433064E-02 0.8734339E-03 0.2218424E-03  0.000000    
 Number of Estimated Parameters { alpha(~1 + captive + age.t + recordloss.agout.total)sigma(~1)U(~sample_month)Phi(~1)Gamma''(~1)Gamma'(~1) } = 13          
 DEVIANCE { alpha(~1 + captive + age.t + recordloss.agout.total)sigma(~1)U(~sample_month)Phi(~1)Gamma''(~1)Gamma'(~1) } = 1063.9553                     
 DEVIANCE Degrees of Freedom { alpha(~1 + captive + age.t + recordloss.agout.total)sigma(~1)U(~sample_month)Phi(~1)Gamma''(~1)Gamma'(~1) } = 1            
 c-hat { alpha(~1 + captive + age.t + recordloss.agout.total)sigma(~1)U(~sample_month)Phi(~1)Gamma''(~1)Gamma'(~1) } = 1063.9553                     
 AIC { alpha(~1 + captive + age.t + recordloss.agout.total)sigma(~1)U(~sample_month)Phi(~1)Gamma''(~1)Gamma'(~1) } = 1089.9553                  
 AICc { alpha(~1 + captive + age.t + recordloss.agout.total)sigma(~1)U(~sample_month)Phi(~1)Gamma''(~1)Gamma'(~1) } = 1092.3037                    
 BIC { alpha(~1 + captive + age.t + recordloss.agout.total)sigma(~1)U(~sample_month)Phi(~1)Gamma''(~1)Gamma'(~1) } = 1130.6440                    
 Pearson Chisquare { alpha(~1 + captive + age.t + recordloss.agout.total)sigma(~1)U(~sample_month)Phi(~1)Gamma''(~1)Gamma'(~1) } = 0.1250191E+034             

   * *  WARNING  * *   Numerical underflow occurred during variance-covariance calculation of this model. 
     IEEE flag status at end of variance-covariance calculation:
     overflow       F
     divide by zero F
     invalid        F
     underflow      T
     inexact        T



 PARM-SPECIFIC Link Function Parameters of { alpha(~1 + captive + age.t + recordloss.agout.total)sigma(~1)U(~sample_month)Phi(~1)Gamma''(~1)Gamma'(~1) }
                                                              95% Confidence Interval
 Parameter                    Beta         Standard Error      Lower           Upper
 -------------------------  --------------  --------------  --------------  --------------
    1:alpha:(Intercept)     1.2846672       0.1797447       0.9323677       1.6369668     
    2:alpha:captive         0.1022150       0.1080032       -0.1094712      0.3139012     
    3:alpha:age.t           0.1541750       0.1600561       -0.1595349      0.4678849     
    4:alpha:recordloss.ago  -2.3812678      0.5050135       -3.3710944      -1.3914413    
    5:sigma:(Intercept)     -0.7249567      0.1279994       -0.9758356      -0.4740779    
    6:U:(Intercept)         2.4537516       0.1194290       2.2196708       2.6878323     
    7:U:sample_monthB       0.3776868       0.1351373       0.1128176       0.6425559     
    8:U:sample_monthC       0.6166832       0.1237255       0.3741811       0.8591853     
    9:U:sample_monthD       0.9282809       0.1232908       0.6866309       1.1699308     
   10:U:sample_monthE       0.5195394       0.1276567       0.2693323       0.7697464     
   11:U:sample_monthF       0.8925298       0.1316444       0.6345068       1.1505527     
   12:Phi:(Intercept)       2.0066592       0.4036700       1.2154660       2.7978525     
   13:GammaDoublePrime:(In  -2.9444290      1.0259756       -4.9553412      -0.9335168    
   14:GammaPrime:(Intercep  17.724960       0.0000000       17.724960       17.724960     

  Program  MARK  - Survival Rate Estimation with Capture-Recapture Data
   gfortran(Win64) Vers. 8.1 Mar 2016    5-Aug-2016 15:44:19    Page  011
 - - - - - - - - - - - - - - - - - - - - - - - - - - - - - - - - - - - - - -
 


 Real Function Parameters of { alpha(~1 + captive + age.t + recordloss.agout.total)sigma(~1)U(~sample_month)Phi(~1)Gamma''(~1)Gamma'(~1) }

      Following estimates based on unstandardized individual covariate values:
          Variable   Value         
          ---------  ------------- 
          CAPTIVE    0.2142857     
          AGE.T1     1.0000000     
          AGE.T1.2   1.0000000     
          AGE.T1.4   1.0000000     
          AGE.T1.6   1.0000000     
          AGE.T1.8   1.0000000     
          AGE.T3.8   1.0000000     
          AGE.T4     1.0000000     
          AGE.T4.2   1.0000000     
          AGE.T4.4   1.0000000     
          AGE.T4.6   1.0000000     
          AGE.T7.1   0.8333333     
          AGE.T7.3   0.8333333     
          AGE.T7.5   0.8333333     
          AGE.T7.7   0.8333333     
          AGE.T7.9   0.8333333     
          AGE.T10.56 0.6666667     
          AGE.T10.76 0.6666667     
          AGE.T10.96 0.6666667     
          AGE.T11.16 0.6666667     
          AGE.T11.36 0.6666667     
          AGE.T13.13 1.0000000     
          AGE.T13.33 1.0000000     
          AGE.T13.53 1.0000000     
          AGE.T13.73 1.0000000     
          AGE.T13.93 1.0000000     
          AGE.T17.10 0.9230769     
          AGE.T17.30 0.9230769     
          AGE.T17.50 0.9230769     
          AGE.T17.70 0.9230769     
          AGE.T17.90 0.9230769     
                                                               95% Confidence Interval
  Parameter                  Estimate       Standard Error      Lower           Upper
 --------------------------  --------------  --------------  --------------  --------------
     1:alpha g1 a0 t1        2.7668758       0.2087067       2.3871133       3.2070543                           
     2:alpha g1 a0.2 t1.2    3.1795948       0.2491799       2.7275033       3.7066217                           
     3:alpha g1 a0.4 t1.4    3.5617214       0.3145518       2.9966158       4.2333954                           
     4:alpha g1 a0.6 t1.6    2.8975554       0.2177400       2.5012443       3.3566603                           
     5:alpha g1 a0.8 t1.8    2.8799174       0.2163124       2.4861909       3.3359965                           

  Program  MARK  - Survival Rate Estimation with Capture-Recapture Data
   gfortran(Win64) Vers. 8.1 Mar 2016    5-Aug-2016 15:44:19    Page  012
 - - - - - - - - - - - - - - - - - - - - - - - - - - - - - - - - - - - - - -
 
     6:alpha g1 a2.8 t3.8    3.7217941       0.3482010       3.0994755       4.4690630                           
     7:alpha g1 a3 t4        3.5815388       0.3185399       3.0096223       4.2621363                           
     8:alpha g1 a3.2 t4.2    2.8731909       0.2157851       2.4804212       3.3281549                           
     9:alpha g1 a3.4 t4.4    3.6766213       0.3383823       3.0709393       4.4017620                           
    10:alpha g1 a3.6 t4.6    3.4826256       0.2991706       2.9438685       4.1199805                           
    11:alpha g1 a6.1 t7.1    3.4713659       0.3000735       2.9312709       4.1109749                           
    12:alpha g1 a6.3 t7.3    3.0442562       0.2289606       2.6275490       3.5270497                           
    13:alpha g1 a6.5 t7.5    2.5245840       0.1914234       2.1764055       2.9284636                           
    14:alpha g1 a6.7 t7.7    3.4143352       0.2888645       2.8934676       4.0289667                           
    15:alpha g1 a6.9 t7.9    3.0712448       0.2324852       2.6483266       3.5616998                           
    16:alpha g1 a9.567 t10.  2.7473308       0.2198672       2.3490771       3.2131030                           
    17:alpha g1 a9.767 t10.  2.8299449       0.2277109       2.4176613       3.3125351                           
    18:alpha g1 a9.967 t10.  2.7382568       0.2190914       2.3414012       3.2023774                           
    19:alpha g1 a10.167 t11  2.3604342       0.2014708       1.9974206       2.7894223                           
    20:alpha g1 a10.367 t11  2.3983558       0.2020228       2.0339439       2.8280576                           
    21:alpha g1 a12.134 t13  3.1934942       0.2511298       2.7379865       3.7247827                           
    22:alpha g1 a12.334 t13  2.6661916       0.2041488       2.2951409       3.0972292                           
    23:alpha g1 a12.534 t13  2.4067493       0.2011196       2.0437264       2.8342553                           
    24:alpha g1 a12.734 t13  2.1973575       0.2057880       1.8295996       2.6390364                           
    25:alpha g1 a12.934 t13  2.0376522       0.2119336       1.6627773       2.4970431                           
    26:alpha g1 a16.101 t17  3.0711285       0.2302061       2.6520499       3.5564303                           
    27:alpha g1 a16.301 t17  2.2595401       0.1965378       1.9059852       2.6786784                           
    28:alpha g1 a16.501 t17  2.6538460       0.1966132       2.2956125       3.0679822                           
    29:alpha g1 a16.701 t17  2.1178058       0.2015774       1.7581180       2.5510809                           
    30:alpha g1 a16.901 t17  2.6294866       0.1958031       2.2728627       3.0420666                           
    31:sigma g1 a0 t1        0.4843455       0.0619959       0.3772614       0.6218251                           
    32:U g1 a0 t1            11.631903       1.3891861       9.2119273       14.687606                           
    33:U g1 a2.8 t3.8        16.969851       1.7788846       13.825851       20.828798                           
    34:U g1 a6.1 t7.1        21.551270       1.8037091       18.295972       25.385764                           
    35:U g1 a9.567 t10.567   29.430526       2.1403984       25.525429       33.933059                           
    36:U g1 a12.134 t13.134  19.556172       1.6366938       16.602294       23.035602                           
    37:U g1 a16.101 t17.101  28.396938       2.3258739       24.191812       33.333018                           
    38:Phi g1 c1 a0.8 t1.8   0.8814945       0.0421682       0.7712647       0.9425597                           
    39:Gamma'' g1 c1 a0.8 t  0.0500005       0.0487343       0.0069964       0.2822118                           
    40:Gamma' g1 c1 a0.8 t1  1.0000000       0.0000000       1.0000000       1.0000000                           
    41:Phi g1 c1 a0 t1       1.0000000       0.0000000       1.0000000       1.0000000       Fixed               
    42:Gamma'' g1 c1 a0 t1   0.0000000       0.0000000       0.0000000       0.0000000       Fixed               

  Program  MARK  - Survival Rate Estimation with Capture-Recapture Data
   gfortran(Win64) Vers. 8.1 Mar 2016    5-Aug-2016 15:44:19    Page  013
 - - - - - - - - - - - - - - - - - - - - - - - - - - - - - - - - - - - - - -
 


                      Estimates of Derived Parameters
 Population Estimates of { alpha(~1 + captive + age.t + recordloss.agout.total)sigma(~1)U(~sample_month)Phi(~1)Gamma''(~1)Gamma'(~1) }
                                                95% Confidence Interval
 Grp. Occ.   N-hat           Standard Error      Lower           Upper
 ---- ----   --------------  --------------  --------------  --------------
   1     1   14.631903       1.3891867       12.152497       17.617168     
   1     2   14.631903       1.3891867       12.152497       17.617168     
   1     3   14.631903       1.3891867       12.152497       17.617168     
   1     4   13.787859       1.4103958       11.288861       16.840057     
   1     5   14.631903       1.3891867       12.152497       17.617168     
   1     6   21.969851       1.7788849       18.750686       25.741691     
   1     7   21.969851       1.7788849       18.750686       25.741691     
   1     8   21.969851       1.7788849       18.750686       25.741691     
   1     9   19.083573       1.7970588       15.873740       22.942468     
   1    10   21.969851       1.7788849       18.750686       25.741691     
   1    11   26.855804       1.8487747       23.469776       30.730340     
   1    12   25.879079       1.8450353       22.508090       29.754934     
   1    13   26.037421       1.8499437       22.656645       29.922670     
   1    14   25.818212       1.8417773       22.453314       29.687379     
   1    15   25.889973       1.8450471       22.518863       29.765742     
   1    16   37.111381       2.2172804       33.013764       41.717588     
   1    17   37.103408       2.2176490       33.005202       41.710482     
   1    18   37.116184       2.2177444       33.017729       41.723375     
   1    19   37.430518       2.2516009       33.271151       42.109866     
   1    20   35.053779       2.2081570       30.986095       39.655446     
   1    21   23.838309       1.6614501       20.797940       27.323137     
   1    22   25.091183       1.6907945       21.990037       28.629667     
   1    23   25.241870       1.7102387       22.106203       28.822318     
   1    24   23.034411       1.6898964       19.953184       26.591451     
   1    25   24.267925       1.7215078       21.121517       27.883043     
   1    26   33.829819       2.3724221       29.490259       38.807954     
   1    27   34.204227       2.4219888       29.776987       39.289709     
   1    28   33.985793       2.3923610       29.610908       39.007048     
   1    29   33.162866       2.4218842       28.745529       38.259017     
   1    30   33.996923       2.3938209       29.619454       39.021338     
 Mean Resighting Rate Estimates of { alpha(~1 + captive + age.t + recordloss.agout.total)sigma(~1)U(~sample_month)Phi(~1)Gamma''(~1)Gamma'(~1) }
                                                95% Confidence Interval
 Grp. Occ.   Lambda-hat      Standard Error      Lower           Upper
 ---- ----   --------------  --------------  --------------  --------------
   1     1   3.1112175       0.1961347       2.7499314       3.5199693     
   1     2   3.5752999       0.2399205       3.1351310       4.0772679     
   1     3   4.0049827       0.3159573       3.4320322       4.6735828     
   1     4   3.2581603       0.2049520       2.8805814       3.6852312     
   1     5   3.2383272       0.2034800       2.8634345       3.6623024     
   1     6   4.1849767       0.3551482       3.5447536       4.9408313     
   1     7   4.0272665       0.3206077       3.4462961       4.7061757     
   1     8   3.2307636       0.2029417       2.8568553       3.6536093     
   1     9   4.1341821       0.3437243       3.5134964       4.8645166     

  Program  MARK  - Survival Rate Estimation with Capture-Recapture Data
   gfortran(Win64) Vers. 8.1 Mar 2016    5-Aug-2016 15:44:19    Page  014
 - - - - - - - - - - - - - - - - - - - - - - - - - - - - - - - - - - - - - -
 
   1    10   3.9160433       0.2980146       3.3741357       4.5449847     
   1    11   4.2800702       0.2979808       3.7347395       4.9050277     
   1    12   3.6538435       0.2129553       3.2597245       4.0956137     
   1    13   3.2835816       0.1817510       2.9462373       3.6595517     
   1    14   4.5439125       0.2890299       4.0118090       5.1465911     
   1    15   4.3777465       0.2266817       3.9555210       4.8450418     
   1    16   3.6067295       0.2094290       3.2190537       4.0410938     
   1    17   4.0929718       0.2239805       3.6769882       4.5560162     
   1    18   3.8547602       0.2132977       3.4588558       4.2959802     
   1    19   3.2797566       0.2016913       2.9076674       3.6994615     
   1    20   3.2243281       0.1986771       2.8578439       3.6378096     
   1    21   4.9862044       0.2604665       4.5012690       5.5233834     
   1    22   3.3580502       0.1984946       2.9909939       3.7701519     
   1    23   3.0582274       0.2021026       2.6870667       3.4806560     
   1    24   3.0441478       0.2201385       2.6423476       3.5070464     
   1    25   3.9755896       0.2685456       3.4831199       4.5376885     
   1    26   3.8230449       0.2192309       3.4169353       4.2774214     
   1    27   2.5407430       0.1906015       2.1937830       2.9425768     
   1    28   3.5236714       0.1888720       3.1725034       3.9137107     
   1    29   3.0199418       0.2176778       2.6225405       3.4775625     
   1    30   3.4952380       0.1885958       3.1447072       3.8848415     
 Pr(Captured 1 or more times) of { alpha(~1 + captive + age.t + recordloss.agout.total)sigma(~1)U(~sample_month)Phi(~1)Gamma''(~1)Gamma'(~1) }
                                                95% Confidence Interval
 Grp. Occ.      p*-hat       Standard Error      Lower           Upper
 ---- ----   --------------  --------------  --------------  --------------
   1     1   0.3048756       0.0059896       0.2932645       0.3167403     
   1     2   0.3119707       0.0051591       0.3019494       0.3221710     
   1     3   0.3167646       0.0046779       0.3076679       0.3260037     
   1     4   0.4638313       0.0094845       0.4453005       0.4824625     
   1     5   0.3070610       0.0057104       0.2959837       0.3183655     
   1     6   0.1904359       0.0027664       0.1850727       0.1959172     
   1     7   0.1895455       0.0028402       0.1840413       0.1951749     
   1     8   0.1832703       0.0033806       0.1767370       0.1899894     
   1     9   0.4730991       0.0078359       0.4577710       0.4884782     
   1    10   0.1888596       0.0028949       0.1832509       0.1945990     
   1    11   0.1918257       0.0023096       0.1873395       0.1963934     
   1    12   0.2345993       0.0036986       0.2274279       0.2419260     
   1    13   0.2317318       0.0039230       0.2241319       0.2395098     
   1    14   0.2416761       0.0024085       0.2369869       0.2464281     
   1    15   0.2414036       0.0022587       0.2370043       0.2458583     
   1    16   0.1340294       0.0021080       0.1299513       0.1382152     
   1    17   0.1372732       0.0014094       0.1345342       0.1400590     
   1    18   0.1364834       0.0014609       0.1336453       0.1393721     
   1    19   0.1325566       0.0021618       0.1283765       0.1368515     
   1    20   0.1861854       0.0028436       0.1806761       0.1918233     
   1    21   0.2451699       0.0013773       0.2424804       0.2478795     
   1    22   0.1859886       0.0028707       0.1804275       0.1916810     
   1    23   0.1823404       0.0034498       0.1756760       0.1891996     
   1    24   0.3057154       0.0056936       0.2946713       0.3169873     
   1    25   0.2412984       0.0024023       0.2366212       0.2460382     

  Program  MARK  - Survival Rate Estimation with Capture-Recapture Data
   gfortran(Win64) Vers. 8.1 Mar 2016    5-Aug-2016 15:44:19    Page  015
 - - - - - - - - - - - - - - - - - - - - - - - - - - - - - - - - - - - - - -
 
   1    26   0.1885323       0.0026464       0.1834000       0.1937741     
   1    27   0.1721974       0.0048312       0.1629333       0.1818738     
   1    28   0.1868993       0.0027306       0.1816062       0.1923105     
   1    29   0.2268536       0.0047589       0.2176618       0.2363164     
   1    30   0.1866629       0.0027640       0.1813059       0.1921410     

 Attempted ordering of parameters by estimatibility:
   1  6  9 11  8 10  2  5  7  3 12  4 13 14
 Beta number 14 is a singular value.

     CPU Time in seconds for last procedure was 4.91


  INPUT --- proc stop;

   * *  WARNING  * *   Numerical underflow occurred during final processing of this model. 
     IEEE flag status at final processing of this model:
     overflow       F
     divide by zero F
     invalid        F
     underflow      T
     inexact        T


     CPU Time in minutes for this job was 0.08

     Time Start = 15:44:16.145   Time End = 15:44:19.712

     Wall Clock Time in minutes for this job was 0.06


          E X E C U T I O N   S U C C E S S F U L 
