
   Program  MARK  - Survival Rate Estimation with Capture-Recapture Data
   gfortran(Win64) Vers. 8.1 Mar 2016    5-Aug-2016 15:46:00    Page  001
 - - - - - - - - - - - - - - - - - - - - - - - - - - - - - - - - - - - - - -
 
   This version was compiled by GCC version 5.3.0 using the options: 
     -cpp -iprefix c:\tdm-gcc-64\gcc\bin\../lib/gcc/x86_64-w64-mingw32/5.3.0/ -D_MT
     -U_REENTRANT -D IEEE -m64 -mtune=generic -march=x86-64 -mthreads -O2
     -fimplicit-none -fbounds-check -funroll-loops -ftree-vectorize
     -ffpe-summary=invalid,zero,overflow,underflow -fno-unsafe-math-optimizations
     -frounding-math -fsignaling-nans -fopenmp.

   This problem will use 3 of 4 possible threads.


  INPUT --- proc title ;

     CPU Time in seconds for last procedure was 0.00


  INPUT --- proc chmatrix occasions= 30 groups= 1 etype= PoissonMR 
  INPUT --- ICMeans NoHist hist= 14 ;

  INPUT ---    time  interval 0.2 0.2 0.2 0.2 2 0.2 0.2 0.2 0.2 2.5 0.2 
  INPUT ---    0.2 0.2 0.2 2.667 0.2 0.2 0.2 0.2 1.767 0.2 0.2  0.2 0.2 
  INPUT ---    3.167 0.2 0.2 0.2 0.2 ;

  INPUT ---    glabel(1)=Group 1;

      Number of unique encounter histories read was 14.

      Number of individual covariates read was 0.
      Time interval lengths vary and/or not equal to 1.

      Data type number is 115
      Data type is Poisson Mark Resight with Robust Design                                                             

     CPU Time in seconds for last procedure was 0.00

  Program  MARK  - Survival Rate Estimation with Capture-Recapture Data
   gfortran(Win64) Vers. 8.1 Mar 2016    5-Aug-2016 15:46:00    Page  002
 - - - - - - - - - - - - - - - - - - - - - - - - - - - - - - - - - - - - - -
 


  INPUT --- proc estimate link=Parm-Specific NOLOOP varest=2ndPart    ;


  INPUT --- model={ alpha(~1 + 
  INPUT --- recordloss.agout.total)sigma(~1)U(~sample_month)Phi(~1)Gamma
  INPUT --- ''(~1)Gamma'(~1) };

  INPUT ---    fixed=2;
  INPUT ---        parm(40)=1 ;
  INPUT ---        parm(41)=0 ;

  INPUT ---    group=1 alpha    rows=1 cols=30 Square ;
  INPUT ---        1 2 3 4 5 6 7 8 9 10 3 11 12 13 14 15 16 17 18 19 20 21 22 
  INPUT ---       23 24 25 26 27 28 29 ;

  INPUT ---    group=1 sigma    rows=1 cols=30 Square ;
  INPUT ---        30 30 30 30 30 30 30 30 30 30 30 30 30 30 30 30 30 30 30 
  INPUT ---       30 30 30 30 30 30 30 30 30 30 30 ;

  INPUT ---    group=1 U    rows=1 cols=30 Square ;
  INPUT ---        31 31 31 31 31 32 32 32 32 32 33 33 33 33 33 34 34 34 34 
  INPUT ---       34 35 35 35 35 35 36 36 36 36 36 ;

  INPUT ---    group=1 Phi    rows=29 cols=29 Triang ;
  INPUT ---        40 40 40 40 37 40 40 40 40 37 40 40 40 40 37 40 40 40 40 
  INPUT ---       37 40 40 40 40 37 40 40 40 40 ;
  INPUT ---        40 40 40 40 40 40 40 40 40 40 40 40 40 40 40 40 40 40 40 
  INPUT ---       40 40 40 40 40 40 40 40 40 ;
  INPUT ---        40 40 40 40 40 40 40 40 40 40 40 40 40 40 40 40 40 40 40 
  INPUT ---       40 40 40 40 40 40 40 40 ;
  INPUT ---        40 40 40 40 40 40 40 40 40 40 40 40 40 40 40 40 40 40 40 
  INPUT ---       40 40 40 40 40 40 40 ;
  INPUT ---        40 40 40 40 40 40 40 40 40 40 40 40 40 40 40 40 40 40 40 
  INPUT ---       40 40 40 40 40 40 ;
  INPUT ---        40 40 40 40 37 40 40 40 40 37 40 40 40 40 37 40 40 40 40 
  INPUT ---       37 40 40 40 40 ;
  INPUT ---        40 40 40 40 40 40 40 40 40 40 40 40 40 40 40 40 40 40 40 
  INPUT ---       40 40 40 40 ;
  INPUT ---        40 40 40 40 40 40 40 40 40 40 40 40 40 40 40 40 40 40 40 
  INPUT ---       40 40 40 ;
  INPUT ---        40 40 40 40 40 40 40 40 40 40 40 40 40 40 40 40 40 40 40 
  INPUT ---       40 40 ;
  INPUT ---        40 40 40 40 40 40 40 40 40 40 40 40 40 40 40 40 40 40 40 
  INPUT ---       40 ;

  Program  MARK  - Survival Rate Estimation with Capture-Recapture Data
   gfortran(Win64) Vers. 8.1 Mar 2016    5-Aug-2016 15:46:00    Page  003
 - - - - - - - - - - - - - - - - - - - - - - - - - - - - - - - - - - - - - -
 
  INPUT ---        40 40 40 40 37 40 40 40 40 37 40 40 40 40 37 40 40 40 40 ;
  INPUT ---        40 40 40 40 40 40 40 40 40 40 40 40 40 40 40 40 40 40 ;
  INPUT ---        40 40 40 40 40 40 40 40 40 40 40 40 40 40 40 40 40 ;
  INPUT ---        40 40 40 40 40 40 40 40 40 40 40 40 40 40 40 40 ;
  INPUT ---        40 40 40 40 40 40 40 40 40 40 40 40 40 40 40 ;
  INPUT ---        40 40 40 40 37 40 40 40 40 37 40 40 40 40 ;
  INPUT ---        40 40 40 40 40 40 40 40 40 40 40 40 40 ;
  INPUT ---        40 40 40 40 40 40 40 40 40 40 40 40 ;
  INPUT ---        40 40 40 40 40 40 40 40 40 40 40 ;
  INPUT ---        40 40 40 40 40 40 40 40 40 40 ;
  INPUT ---        40 40 40 40 37 40 40 40 40 ;
  INPUT ---        40 40 40 40 40 40 40 40 ;
  INPUT ---        40 40 40 40 40 40 40 ;
  INPUT ---        40 40 40 40 40 40 ;
  INPUT ---        40 40 40 40 40 ;
  INPUT ---        40 40 40 40 ;
  INPUT ---        40 40 40 ;
  INPUT ---        40 40 ;
  INPUT ---        40 ;

  INPUT ---    group=1 Gamma''    rows=29 cols=29 Triang ;
  INPUT ---        41 41 41 41 38 41 41 41 41 38 41 41 41 41 38 41 41 41 41 
  INPUT ---       38 41 41 41 41 38 41 41 41 41 ;
  INPUT ---        41 41 41 41 41 41 41 41 41 41 41 41 41 41 41 41 41 41 41 
  INPUT ---       41 41 41 41 41 41 41 41 41 ;
  INPUT ---        41 41 41 41 41 41 41 41 41 41 41 41 41 41 41 41 41 41 41 
  INPUT ---       41 41 41 41 41 41 41 41 ;
  INPUT ---        41 41 41 41 41 41 41 41 41 41 41 41 41 41 41 41 41 41 41 
  INPUT ---       41 41 41 41 41 41 41 ;
  INPUT ---        41 41 41 41 41 41 41 41 41 41 41 41 41 41 41 41 41 41 41 
  INPUT ---       41 41 41 41 41 41 ;
  INPUT ---        41 41 41 41 38 41 41 41 41 38 41 41 41 41 38 41 41 41 41 
  INPUT ---       38 41 41 41 41 ;
  INPUT ---        41 41 41 41 41 41 41 41 41 41 41 41 41 41 41 41 41 41 41 
  INPUT ---       41 41 41 41 ;
  INPUT ---        41 41 41 41 41 41 41 41 41 41 41 41 41 41 41 41 41 41 41 
  INPUT ---       41 41 41 ;
  INPUT ---        41 41 41 41 41 41 41 41 41 41 41 41 41 41 41 41 41 41 41 
  INPUT ---       41 41 ;
  INPUT ---        41 41 41 41 41 41 41 41 41 41 41 41 41 41 41 41 41 41 41 
  INPUT ---       41 ;
  INPUT ---        41 41 41 41 38 41 41 41 41 38 41 41 41 41 38 41 41 41 41 ;
  INPUT ---        41 41 41 41 41 41 41 41 41 41 41 41 41 41 41 41 41 41 ;
  INPUT ---        41 41 41 41 41 41 41 41 41 41 41 41 41 41 41 41 41 ;
  INPUT ---        41 41 41 41 41 41 41 41 41 41 41 41 41 41 41 41 ;
  INPUT ---        41 41 41 41 41 41 41 41 41 41 41 41 41 41 41 ;

  Program  MARK  - Survival Rate Estimation with Capture-Recapture Data
   gfortran(Win64) Vers. 8.1 Mar 2016    5-Aug-2016 15:46:00    Page  004
 - - - - - - - - - - - - - - - - - - - - - - - - - - - - - - - - - - - - - -
 
  INPUT ---        41 41 41 41 38 41 41 41 41 38 41 41 41 41 ;
  INPUT ---        41 41 41 41 41 41 41 41 41 41 41 41 41 ;
  INPUT ---        41 41 41 41 41 41 41 41 41 41 41 41 ;
  INPUT ---        41 41 41 41 41 41 41 41 41 41 41 ;
  INPUT ---        41 41 41 41 41 41 41 41 41 41 ;
  INPUT ---        41 41 41 41 38 41 41 41 41 ;
  INPUT ---        41 41 41 41 41 41 41 41 ;
  INPUT ---        41 41 41 41 41 41 41 ;
  INPUT ---        41 41 41 41 41 41 ;
  INPUT ---        41 41 41 41 41 ;
  INPUT ---        41 41 41 41 ;
  INPUT ---        41 41 41 ;
  INPUT ---        41 41 ;
  INPUT ---        41 ;

  INPUT ---    group=1 Gamma'    rows=28 cols=28 Triang ;
  INPUT ---        41 41 41 39 41 41 41 41 39 41 41 41 41 39 41 41 41 41 39 
  INPUT ---       41 41 41 41 39 41 41 41 41 ;
  INPUT ---        41 41 41 41 41 41 41 41 41 41 41 41 41 41 41 41 41 41 41 
  INPUT ---       41 41 41 41 41 41 41 41 ;
  INPUT ---        41 41 41 41 41 41 41 41 41 41 41 41 41 41 41 41 41 41 41 
  INPUT ---       41 41 41 41 41 41 41 ;
  INPUT ---        41 41 41 41 41 41 41 41 41 41 41 41 41 41 41 41 41 41 41 
  INPUT ---       41 41 41 41 41 41 ;
  INPUT ---        41 41 41 41 41 41 41 41 41 41 41 41 41 41 41 41 41 41 41 
  INPUT ---       41 41 41 41 41 ;
  INPUT ---        41 41 41 39 41 41 41 41 39 41 41 41 41 39 41 41 41 41 39 
  INPUT ---       41 41 41 41 ;
  INPUT ---        41 41 41 41 41 41 41 41 41 41 41 41 41 41 41 41 41 41 41 
  INPUT ---       41 41 41 ;
  INPUT ---        41 41 41 41 41 41 41 41 41 41 41 41 41 41 41 41 41 41 41 
  INPUT ---       41 41 ;
  INPUT ---        41 41 41 41 41 41 41 41 41 41 41 41 41 41 41 41 41 41 41 
  INPUT ---       41 ;
  INPUT ---        41 41 41 41 41 41 41 41 41 41 41 41 41 41 41 41 41 41 41 ;
  INPUT ---        41 41 41 39 41 41 41 41 39 41 41 41 41 39 41 41 41 41 ;
  INPUT ---        41 41 41 41 41 41 41 41 41 41 41 41 41 41 41 41 41 ;
  INPUT ---        41 41 41 41 41 41 41 41 41 41 41 41 41 41 41 41 ;
  INPUT ---        41 41 41 41 41 41 41 41 41 41 41 41 41 41 41 ;
  INPUT ---        41 41 41 41 41 41 41 41 41 41 41 41 41 41 ;
  INPUT ---        41 41 41 39 41 41 41 41 39 41 41 41 41 ;
  INPUT ---        41 41 41 41 41 41 41 41 41 41 41 41 ;
  INPUT ---        41 41 41 41 41 41 41 41 41 41 41 ;
  INPUT ---        41 41 41 41 41 41 41 41 41 41 ;
  INPUT ---        41 41 41 41 41 41 41 41 41 ;
  INPUT ---        41 41 41 39 41 41 41 41 ;

  Program  MARK  - Survival Rate Estimation with Capture-Recapture Data
   gfortran(Win64) Vers. 8.1 Mar 2016    5-Aug-2016 15:46:00    Page  005
 - - - - - - - - - - - - - - - - - - - - - - - - - - - - - - - - - - - - - -
 
  INPUT ---        41 41 41 41 41 41 41 ;
  INPUT ---        41 41 41 41 41 41 ;
  INPUT ---        41 41 41 41 41 ;
  INPUT ---        41 41 41 41 ;
  INPUT ---        41 41 41 ;
  INPUT ---        41 41 ;
  INPUT ---        41 ;

  INPUT ---    initial  0.8492118 0 -0.3123225 3.139572 0 0 0 0 0 
  INPUT ---    2.0066797 -2.9445172 17.724958  ;

  INPUT ---    design matrix constraints=41 covariates=12;
  INPUT ---        1 0.186046511627907 0 0 0 0 0 0 0 0 0 0;
  INPUT ---        1 0.127659574468085 0 0 0 0 0 0 0 0 0 0;
  INPUT ---        1 0.08 0 0 0 0 0 0 0 0 0 0;
  INPUT ---        1 0.166666666666667 0 0 0 0 0 0 0 0 0 0;
  INPUT ---        1 0.169230769230769 0 0 0 0 0 0 0 0 0 0;
  INPUT ---        1 0.0615384615384615 0 0 0 0 0 0 0 0 0 0;
  INPUT ---        1 0.0776699029126214 0 0 0 0 0 0 0 0 0 0;
  INPUT ---        1 0.170212765957447 0 0 0 0 0 0 0 0 0 0;
  INPUT ---        1 0.0666666666666667 0 0 0 0 0 0 0 0 0 0;
  INPUT ---        1 0.0894308943089431 0 0 0 0 0 0 0 0 0 0;
  INPUT ---        1 0.135135135135135 0 0 0 0 0 0 0 0 0 0;
  INPUT ---        1 0.213740458015267 0 0 0 0 0 0 0 0 0 0;
  INPUT ---        1 0.0869565217391304 0 0 0 0 0 0 0 0 0 0;
  INPUT ---        1 0.131428571428571 0 0 0 0 0 0 0 0 0 0;
  INPUT ---        1 0.167441860465116 0 0 0 0 0 0 0 0 0 0;
  INPUT ---        1 0.155 0 0 0 0 0 0 0 0 0 0;
  INPUT ---        1 0.168831168831169 0 0 0 0 0 0 0 0 0 0;
  INPUT ---        1 0.231182795698925 0 0 0 0 0 0 0 0 0 0;
  INPUT ---        1 0.224489795918367 0 0 0 0 0 0 0 0 0 0;
  INPUT ---        1 0.125827814569536 0 0 0 0 0 0 0 0 0 0;
  INPUT ---        1 0.201612903225806 0 0 0 0 0 0 0 0 0 0;
  INPUT ---        1 0.244604316546763 0 0 0 0 0 0 0 0 0 0;
  INPUT ---        1 0.282828282828283 0 0 0 0 0 0 0 0 0 0;
  INPUT ---        1 0.314516129032258 0 0 0 0 0 0 0 0 0 0;
  INPUT ---        1 0.137254901960784 0 0 0 0 0 0 0 0 0 0;
  INPUT ---        1 0.266129032258065 0 0 0 0 0 0 0 0 0 0;
  INPUT ---        1 0.198581560283688 0 0 0 0 0 0 0 0 0 0;
  INPUT ---        1 0.293333333333333 0 0 0 0 0 0 0 0 0 0;
  INPUT ---        1 0.202453987730061 0 0 0 0 0 0 0 0 0 0;
  INPUT ---        0 0 1 0 0 0 0 0 0 0 0 0;
  INPUT ---        0 0 0 1 0 0 0 0 0 0 0 0;
  INPUT ---        0 0 0 1 1 0 0 0 0 0 0 0;
  INPUT ---        0 0 0 1 0 1 0 0 0 0 0 0;
  INPUT ---        0 0 0 1 0 0 1 0 0 0 0 0;

  Program  MARK  - Survival Rate Estimation with Capture-Recapture Data
   gfortran(Win64) Vers. 8.1 Mar 2016    5-Aug-2016 15:46:00    Page  006
 - - - - - - - - - - - - - - - - - - - - - - - - - - - - - - - - - - - - - -
 
  INPUT ---        0 0 0 1 0 0 0 1 0 0 0 0;
  INPUT ---        0 0 0 1 0 0 0 0 1 0 0 0;
  INPUT ---        0 0 0 0 0 0 0 0 0 1 0 0;
  INPUT ---        0 0 0 0 0 0 0 0 0 0 1 0;
  INPUT ---        0 0 0 0 0 0 0 0 0 0 0 1;
  INPUT ---        0 0 0 0 0 0 0 0 0 0 0 0;
  INPUT ---        0 0 0 0 0 0 0 0 0 0 0 0;

  INPUT ---    links=41;

  INPUT ---    Log;

  INPUT ---    Log;

  INPUT ---    Log;

  INPUT ---    Log;

  INPUT ---    Log;

  INPUT ---    Log;

  INPUT ---    Log;

  INPUT ---    Log;

  INPUT ---    Log;

  INPUT ---    Log;

  INPUT ---    Log;

  INPUT ---    Log;

  INPUT ---    Log;

  INPUT ---    Log;

  INPUT ---    Log;

  INPUT ---    Log;

  INPUT ---    Log;

  INPUT ---    Log;


  Program  MARK  - Survival Rate Estimation with Capture-Recapture Data
   gfortran(Win64) Vers. 8.1 Mar 2016    5-Aug-2016 15:46:00    Page  007
 - - - - - - - - - - - - - - - - - - - - - - - - - - - - - - - - - - - - - -
 
  INPUT ---    Log;

  INPUT ---    Log;

  INPUT ---    Log;

  INPUT ---    Log;

  INPUT ---    Log;

  INPUT ---    Log;

  INPUT ---    Log;

  INPUT ---    Log;

  INPUT ---    Log;

  INPUT ---    Log;

  INPUT ---    Log;

  INPUT ---    Log;

  INPUT ---    Log;

  INPUT ---    Log;

  INPUT ---    Log;

  INPUT ---    Log;

  INPUT ---    Log;

  INPUT ---    Log;

  INPUT ---    Logit;

  INPUT ---    Logit;

  INPUT ---    Logit;

  INPUT ---    Logit;

  INPUT ---    Logit;
  INPUT ---       blabel(1)=alpha:(Intercept);

  Program  MARK  - Survival Rate Estimation with Capture-Recapture Data
   gfortran(Win64) Vers. 8.1 Mar 2016    5-Aug-2016 15:46:00    Page  008
 - - - - - - - - - - - - - - - - - - - - - - - - - - - - - - - - - - - - - -
 
  INPUT ---       blabel(2)=alpha:recordloss.agout.total;
  INPUT ---       blabel(3)=sigma:(Intercept);
  INPUT ---       blabel(4)=U:(Intercept);
  INPUT ---       blabel(5)=U:sample_monthB;
  INPUT ---       blabel(6)=U:sample_monthC;
  INPUT ---       blabel(7)=U:sample_monthD;
  INPUT ---       blabel(8)=U:sample_monthE;
  INPUT ---       blabel(9)=U:sample_monthF;
  INPUT ---       blabel(10)=Phi:(Intercept);
  INPUT ---       blabel(11)=GammaDoublePrime:(Intercept);
  INPUT ---       blabel(12)=GammaPrime:(Intercept);
  INPUT ---       rlabel(1)=alpha g1 a0 t1;
  INPUT ---       rlabel(2)=alpha g1 a0.2 t1.2;
  INPUT ---       rlabel(3)=alpha g1 a0.4 t1.4;
  INPUT ---       rlabel(4)=alpha g1 a0.6 t1.6;
  INPUT ---       rlabel(5)=alpha g1 a0.8 t1.8;
  INPUT ---       rlabel(6)=alpha g1 a2.8 t3.8;
  INPUT ---       rlabel(7)=alpha g1 a3 t4;
  INPUT ---       rlabel(8)=alpha g1 a3.2 t4.2;
  INPUT ---       rlabel(9)=alpha g1 a3.4 t4.4;
  INPUT ---       rlabel(10)=alpha g1 a3.6 t4.6;
  INPUT ---       rlabel(11)=alpha g1 a6.3 t7.3;
  INPUT ---       rlabel(12)=alpha g1 a6.5 t7.5;
  INPUT ---       rlabel(13)=alpha g1 a6.7 t7.7;
  INPUT ---       rlabel(14)=alpha g1 a6.9 t7.9;
  INPUT ---       rlabel(15)=alpha g1 a9.567 t10.567;
  INPUT ---       rlabel(16)=alpha g1 a9.767 t10.767;
  INPUT ---       rlabel(17)=alpha g1 a9.967 t10.967;
  INPUT ---       rlabel(18)=alpha g1 a10.167 t11.167;
  INPUT ---       rlabel(19)=alpha g1 a10.367 t11.367;
  INPUT ---       rlabel(20)=alpha g1 a12.134 t13.134;
  INPUT ---       rlabel(21)=alpha g1 a12.334 t13.334;
  INPUT ---       rlabel(22)=alpha g1 a12.534 t13.534;
  INPUT ---       rlabel(23)=alpha g1 a12.734 t13.734;
  INPUT ---       rlabel(24)=alpha g1 a12.934 t13.934;
  INPUT ---       rlabel(25)=alpha g1 a16.101 t17.101;
  INPUT ---       rlabel(26)=alpha g1 a16.301 t17.301;
  INPUT ---       rlabel(27)=alpha g1 a16.501 t17.501;
  INPUT ---       rlabel(28)=alpha g1 a16.701 t17.701;
  INPUT ---       rlabel(29)=alpha g1 a16.901 t17.901;
  INPUT ---       rlabel(30)=sigma g1 a0 t1;
  INPUT ---       rlabel(31)=U g1 a0 t1;
  INPUT ---       rlabel(32)=U g1 a2.8 t3.8;
  INPUT ---       rlabel(33)=U g1 a6.1 t7.1;
  INPUT ---       rlabel(34)=U g1 a9.567 t10.567;
  INPUT ---       rlabel(35)=U g1 a12.134 t13.134;

  Program  MARK  - Survival Rate Estimation with Capture-Recapture Data
   gfortran(Win64) Vers. 8.1 Mar 2016    5-Aug-2016 15:46:00    Page  009
 - - - - - - - - - - - - - - - - - - - - - - - - - - - - - - - - - - - - - -
 
  INPUT ---       rlabel(36)=U g1 a16.101 t17.101;
  INPUT ---       rlabel(37)=Phi g1 c1 a0.8 t1.8;
  INPUT ---       rlabel(38)=Gamma'' g1 c1 a0.8 t1.8;
  INPUT ---       rlabel(39)=Gamma' g1 c1 a0.8 t1.8;
  INPUT ---       rlabel(40)=Phi g1 c1 a0 t1;
  INPUT ---       rlabel(41)=Gamma'' g1 c1 a0 t1;

 Link Function Used is PARM-SPECIFIC

 Variance Estimation Procedure Used is 2ndPart 

 M(t+1):
 Group=Group 1                                                                         
       3      3      3      2      3      5      5      5      2      5      5
       4      4      4      4     10      7      7      7      5      5      5
       5      3      4      5      5      5      4      5


 -2logL(saturated) = -0.0000000    
 Effective Sample Size = 169
 Results from first iteration:
  -2logL Initial { alpha(~1 + recordloss.agout.total)sigma(~1)U(~sample_month)Phi(~1)Gamma''(~1)Gamma'(~1) } = 1138.4459     
  Penalty Initial { alpha(~1 + recordloss.agout.total)sigma(~1)U(~sample_month)Phi(~1)Gamma''(~1)Gamma'(~1) } = -0.0000000    

 Number of function evaluations was 25 for 12 parameters.
 Time for numerical optimization was 1.77 seconds.
 -2logL { alpha(~1 + recordloss.agout.total)sigma(~1)U(~sample_month)Phi(~1)Gamma''(~1)Gamma'(~1) } = 1066.5865     
 Penalty { alpha(~1 + recordloss.agout.total)sigma(~1)U(~sample_month)Phi(~1)Gamma''(~1)Gamma'(~1) } = -0.0000000    

   * *  WARNING  * *   Numerical underflow occurred during optimization of this model. 
     IEEE flag status at end of optimization:
     overflow       F
     divide by zero F
     invalid        F
     underflow      T
     inexact        T

 Gradient { alpha(~1 + recordloss.agout.total)sigma(~1)U(~sample_month)Phi(~1)Gamma''(~1)Gamma'(~1) }:
 -0.1381618E-03 0.1964174E-04-0.1055764E-03-0.1486706E-03-0.3425591E-04
 -0.2949267E-04-0.4907515E-04-0.6147938E-04 0.2515271E-04 0.2646816E-03
 -0.1152883E-04  0.000000    
 S Vector { alpha(~1 + recordloss.agout.total)sigma(~1)U(~sample_month)Phi(~1)Gamma''(~1)Gamma'(~1) }:
   3004.566      317.3753      265.4288      250.7742      241.1184    
   173.1392      52.33285      17.39804      6.136916      3.799318    
  0.9500298     0.2702012E-08
 Time to compute number of parameters was 1.23 seconds.
   Threshold =  0.2600000E-06     Condition index =  0.8993020E-12     New Threshold =  0.9360043E-08
 New Guessimate of Estimated Parameters { alpha(~1 + recordloss.agout.total)sigma(~1)U(~sample_month)Phi(~1)Gamma''(~1)Gamma'(~1) } = 11          
 Conditioned S Vector { alpha(~1 + recordloss.agout.total)sigma(~1)U(~sample_month)Phi(~1)Gamma''(~1)Gamma'(~1) }:
   1.000000     0.1056310     0.8834181E-01 0.8346436E-01 0.8025067E-01
  0.5762537E-01 0.1741777E-01 0.5790533E-02 0.2042530E-02 0.1264515E-02
  0.3161954E-03 0.8993020E-12
 Number of Estimated Parameters { alpha(~1 + recordloss.agout.total)sigma(~1)U(~sample_month)Phi(~1)Gamma''(~1)Gamma'(~1) } = 11          
 DEVIANCE { alpha(~1 + recordloss.agout.total)sigma(~1)U(~sample_month)Phi(~1)Gamma''(~1)Gamma'(~1) } = 1066.5865                     
 DEVIANCE Degrees of Freedom { alpha(~1 + recordloss.agout.total)sigma(~1)U(~sample_month)Phi(~1)Gamma''(~1)Gamma'(~1) } = 3            
 c-hat { alpha(~1 + recordloss.agout.total)sigma(~1)U(~sample_month)Phi(~1)Gamma''(~1)Gamma'(~1) } = 355.52883                     
 AIC { alpha(~1 + recordloss.agout.total)sigma(~1)U(~sample_month)Phi(~1)Gamma''(~1)Gamma'(~1) } = 1088.5865                  
 AICc { alpha(~1 + recordloss.agout.total)sigma(~1)U(~sample_month)Phi(~1)Gamma''(~1)Gamma'(~1) } = 1090.2680                    
 BIC { alpha(~1 + recordloss.agout.total)sigma(~1)U(~sample_month)Phi(~1)Gamma''(~1)Gamma'(~1) } = 1123.0154                    
 Pearson Chisquare { alpha(~1 + recordloss.agout.total)sigma(~1)U(~sample_month)Phi(~1)Gamma''(~1)Gamma'(~1) } = 0.1346446E+034             

   * *  WARNING  * *   Numerical underflow occurred during variance-covariance calculation of this model. 

  Program  MARK  - Survival Rate Estimation with Capture-Recapture Data
   gfortran(Win64) Vers. 8.1 Mar 2016    5-Aug-2016 15:46:02    Page  010
 - - - - - - - - - - - - - - - - - - - - - - - - - - - - - - - - - - - - - -
 
     IEEE flag status at end of variance-covariance calculation:
     overflow       F
     divide by zero F
     invalid        F
     underflow      T
     inexact        T



 PARM-SPECIFIC Link Function Parameters of { alpha(~1 + recordloss.agout.total)sigma(~1)U(~sample_month)Phi(~1)Gamma''(~1)Gamma'(~1) }
                                                              95% Confidence Interval
 Parameter                    Beta         Standard Error      Lower           Upper
 -------------------------  --------------  --------------  --------------  --------------
    1:alpha:(Intercept)     1.4685585       0.1106450       1.2516944       1.6854227     
    2:alpha:recordloss.ago  -2.4728130      0.5016671       -3.4560806      -1.4895455    
    3:sigma:(Intercept)     -0.7229129      0.1266388       -0.9711249      -0.4747009    
    4:U:(Intercept)         2.5175709       0.1101056       2.3017639       2.7333780     
    5:U:sample_monthB       0.3275006       0.1239350       0.0845879       0.5704133     
    6:U:sample_monthC       0.5418995       0.1139748       0.3185089       0.7652901     
    7:U:sample_monthD       0.8532695       0.1110802       0.6355523       1.0709867     
    8:U:sample_monthE       0.4793492       0.1201675       0.2438209       0.7148774     
    9:U:sample_monthF       0.8079454       0.1172656       0.5781049       1.0377860     
   10:Phi:(Intercept)       2.0066613       0.4036686       1.2154709       2.7978517     
   11:GammaDoublePrime:(In  -2.9444364      1.0259622       -4.9553224      -0.9335503    
   12:GammaPrime:(Intercep  17.724958       0.0000000       17.724958       17.724958     


 Real Function Parameters of { alpha(~1 + recordloss.agout.total)sigma(~1)U(~sample_month)Phi(~1)Gamma''(~1)Gamma'(~1) }
                                                               95% Confidence Interval
  Parameter                  Estimate       Standard Error      Lower           Upper
 --------------------------  --------------  --------------  --------------  --------------
     1:alpha g1 a0 t1        2.7414865       0.1980453       2.3799844       3.1578983                           
     2:alpha g1 a0.2 t1.2    3.1673025       0.2358952       2.7376633       3.6643679                           
     3:alpha g1 a0.4 t1.4    3.5634654       0.2999885       3.0223151       4.2015096                           
     4:alpha g1 a0.6 t1.6    2.8760650       0.2061434       2.4995707       3.3092683                           
     5:alpha g1 a0.8 t1.8    2.8578869       0.2048385       2.4837756       3.2883476                           
     6:alpha g1 a2.8 t3.8    3.7299150       0.3334216       3.1315471       4.4426174                           
     7:alpha g1 a3 t4        3.5840570       0.3039406       3.0361133       4.2308910                           
     8:alpha g1 a3.2 t4.2    2.8509555       0.2043583       2.4777233       3.2804096                           
     9:alpha g1 a3.4 t4.4    3.6829142       0.3236470       3.1012172       4.3737204                           
    10:alpha g1 a3.6 t4.6    3.4813240       0.2847790       2.9663971       4.0856351                           
    11:alpha g1 a6.3 t7.3    3.1092907       0.2286795       2.6924096       3.5907198                           
    12:alpha g1 a6.5 t7.5    2.5600284       0.1926468       2.2094264       2.9662655                           
    13:alpha g1 a6.7 t7.7    3.5026903       0.2886477       2.9810810       4.1155672                           
    14:alpha g1 a6.9 t7.9    3.1379203       0.2321638       2.7148713       3.6268917                           
    15:alpha g1 a9.567 t10.  2.8705571       0.2057410       2.4947967       3.3029137                           
    16:alpha g1 a9.767 t10.  2.9602465       0.2130477       2.5712555       3.4080857                           

  Program  MARK  - Survival Rate Estimation with Capture-Recapture Data
   gfortran(Win64) Vers. 8.1 Mar 2016    5-Aug-2016 15:46:02    Page  011
 - - - - - - - - - - - - - - - - - - - - - - - - - - - - - - - - - - - - - -
 
    17:alpha g1 a9.967 t10.  2.8607123       0.2050370       2.4862379       3.2915895                           
    18:alpha g1 a10.167 t11  2.4519576       0.1921425       2.1033482       2.8583456                           
    19:alpha g1 a10.367 t11  2.4928765       0.1921174       2.1438652       2.8987052                           
    20:alpha g1 a12.134 t13  3.1816817       0.2377777       2.7487230       3.6828369                           
    21:alpha g1 a12.334 t13  2.6379643       0.1942230       2.2839248       3.0468848                           
    22:alpha g1 a12.534 t13  2.3719154       0.1928811       2.0229881       2.7810261                           
    23:alpha g1 a12.734 t13  2.1579897       0.1984150       1.8028076       2.5831483                           
    24:alpha g1 a12.934 t13  1.9953490       0.2048275       1.6325564       2.4387626                           
    25:alpha g1 a16.101 t17  3.0930351       0.2267686       2.6795429       3.5703351                           
    26:alpha g1 a16.301 t17  2.2489675       0.1955308       1.8972105       2.6659428                           
    27:alpha g1 a16.501 t17  2.6578127       0.1947992       2.3026059       3.0678147                           
    28:alpha g1 a16.701 t17  2.1026534       0.2004543       1.7450234       2.5335771                           
    29:alpha g1 a16.901 t17  2.6324835       0.1940767       2.2787449       3.0411343                           
    30:sigma g1 a0 t1        0.4853365       0.0614624       0.3790306       0.6214577                           
    31:U g1 a0 t1            12.398444       1.3651384       9.9982865       15.374775                           
    32:U g1 a2.8 t3.8        17.202789       1.7639512       14.078109       21.021002                           
    33:U g1 a6.1 t7.1        21.316267       1.7666453       18.125284       25.069026                           
    34:U g1 a9.567 t10.567   29.102975       2.1098964       25.252654       33.540362                           
    35:U g1 a12.134 t13.134  20.023771       1.6366710       17.064211       23.496627                           
    36:U g1 a16.101 t17.101  27.813357       2.2504330       23.740622       32.584776                           
    37:Phi g1 c1 a0.8 t1.8   0.8814947       0.0421679       0.7712655       0.9425596                           
    38:Gamma'' g1 c1 a0.8 t  0.0500001       0.0487333       0.0069965       0.2822050                           
    39:Gamma' g1 c1 a0.8 t1  1.0000000       0.0000000       1.0000000       1.0000000                           
    40:Phi g1 c1 a0 t1       1.0000000       0.0000000       1.0000000       1.0000000       Fixed               
    41:Gamma'' g1 c1 a0 t1   0.0000000       0.0000000       0.0000000       0.0000000       Fixed               

  Program  MARK  - Survival Rate Estimation with Capture-Recapture Data
   gfortran(Win64) Vers. 8.1 Mar 2016    5-Aug-2016 15:46:02    Page  012
 - - - - - - - - - - - - - - - - - - - - - - - - - - - - - - - - - - - - - -
 


                      Estimates of Derived Parameters
 Population Estimates of { alpha(~1 + recordloss.agout.total)sigma(~1)U(~sample_month)Phi(~1)Gamma''(~1)Gamma'(~1) }
                                                95% Confidence Interval
 Grp. Occ.   N-hat           Standard Error      Lower           Upper
 ---- ----   --------------  --------------  --------------  --------------
   1     1   15.398444       1.3651391       12.946738       18.314425     
   1     2   15.398444       1.3651391       12.946738       18.314425     
   1     3   15.398444       1.3651391       12.946738       18.314425     
   1     4   14.587817       1.3810958       12.122198       17.554936     
   1     5   15.398444       1.3651391       12.946738       18.314425     
   1     6   22.202789       1.7639516       19.005836       25.937498     
   1     7   22.202789       1.7639516       19.005836       25.937498     
   1     8   22.202789       1.7639516       19.005836       25.937498     
   1     9   19.310406       1.7802740       16.124326       23.126038     
   1    10   22.202789       1.7639516       19.005836       25.937498     
   1    11   26.607567       1.8078772       23.293512       30.393126     
   1    12   25.635572       1.8032569       22.337809       29.420188     
   1    13   25.799275       1.8072462       22.493263       29.591197     
   1    14   25.559046       1.7999322       22.267626       29.336978     
   1    15   25.629091       1.8030226       22.331785       29.413247     
   1    16   36.768517       2.1851808       32.728961       41.306654     
   1    17   36.725684       2.1809315       32.693798       41.254793     
   1    18   36.773438       2.1856688       32.733001       41.312611     
   1    19   37.024839       2.2108220       32.939017       41.617475     
   1    20   34.740023       2.1787298       30.725444       39.279146     
   1    21   24.326999       1.6626838       21.280309       27.809881     
   1    22   25.591598       1.6926644       22.483200       29.129745     
   1    23   25.726875       1.7105531       22.586706       29.303614     
   1    24   23.529558       1.6913525       20.441151       27.084584     
   1    25   24.803193       1.7259895       21.644379       28.423009     
   1    26   33.217180       2.2923673       29.019421       38.022158     
   1    27   33.592835       2.3430494       29.305393       38.507537     
   1    28   33.372466       2.3125050       29.139013       38.220974     
   1    29   32.521280       2.3361521       28.255271       37.431376     
   1    30   33.383622       2.3139955       29.147531       38.235356     
 Mean Resighting Rate Estimates of { alpha(~1 + recordloss.agout.total)sigma(~1)U(~sample_month)Phi(~1)Gamma''(~1)Gamma'(~1) }
                                                95% Confidence Interval
 Grp. Occ.   Lambda-hat      Standard Error      Lower           Upper
 ---- ----   --------------  --------------  --------------  --------------
   1     1   3.0841499       0.1744561       2.7607335       3.4454540     
   1     2   3.5631894       0.2140287       3.1677814       4.0079528     
   1     3   4.0088694       0.2894531       3.4804965       4.6174543     
   1     4   3.2355495       0.1814487       2.8990086       3.6111589     
   1     5   3.2150993       0.1801983       2.8808670       3.5881086     
   1     6   4.1961237       0.3288632       3.5994642       4.8916877     
   1     7   4.0320347       0.2941202       3.4955367       4.6508749     
   1     8   3.2073016       0.1797467       2.8739053       3.5793745     
   1     9   4.1432483       0.3173595       3.5664471       4.8133354     

  Program  MARK  - Survival Rate Estimation with Capture-Recapture Data
   gfortran(Win64) Vers. 8.1 Mar 2016    5-Aug-2016 15:46:02    Page  013
 - - - - - - - - - - - - - - - - - - - - - - - - - - - - - - - - - - - - - -
 
   1    10   3.9164609       0.2714790       3.4194818       4.4856696     
   1    11   4.3868483       0.2939561       3.8474919       5.0018138     
   1    12   3.7294452       0.2088430       3.3420637       4.1617285     
   1    13   3.3261400       0.1809165       2.9900264       3.7000366     
   1    14   4.6475815       0.2846205       4.1223682       5.2397099     
   1    15   4.4576010       0.2221765       4.0429744       4.9147494     
   1    16   3.7511689       0.1888033       3.3989938       4.1398333     
   1    17   4.2485617       0.2016763       3.8713101       4.6625756     
   1    18   4.0004992       0.1921242       3.6413127       4.3951165     
   1    19   3.3895967       0.1880949       3.0405261       3.7787427     
   1    20   3.3366590       0.1844455       2.9942890       3.7181761     
   1    21   4.9736680       0.2348034       4.5343370       5.4555658     
   1    22   3.3268948       0.1786130       2.9948297       3.6957790     
   1    23   3.0190715       0.1865698       2.6749816       3.4074227     
   1    24   2.9982061       0.2075068       2.6182964       3.4332398     
   1    25   3.9185938       0.2579649       3.4447234       4.4576518     
   1    26   3.8497475       0.2085679       3.4621798       4.2807008     
   1    27   2.5300700       0.1864426       2.1902347       2.9226337     
   1    28   3.5296723       0.1817269       3.1910826       3.9041880     
   1    29   3.0026915       0.2143781       2.6110491       3.4530780     
   1    30   3.5000963       0.1816960       3.1617067       3.8747030     
 Pr(Captured 1 or more times) of { alpha(~1 + recordloss.agout.total)sigma(~1)U(~sample_month)Phi(~1)Gamma''(~1)Gamma'(~1) }
                                                95% Confidence Interval
 Grp. Occ.      p*-hat       Standard Error      Lower           Upper
 ---- ----   --------------  --------------  --------------  --------------
   1     1   0.9051176       0.0181092       0.8632000       0.9351558     
   1     2   0.9288628       0.0159140       0.8906407       0.9544098     
   1     3   0.9449473       0.0146530       0.9081094       0.9675451     
   1     4   0.9135032       0.0172548       0.8731572       0.9418703     
   1     5   0.9124226       0.0173594       0.8718911       0.9409984     
   1     6   0.9504170       0.0141997       0.9139352       0.9719100     
   1     7   0.9456605       0.0145956       0.9088709       0.9681188     
   1     8   0.9120065       0.0174001       0.8714022       0.9406631     
   1     9   0.9489390       0.0143256       0.9123635       0.9707391     
   1    10   0.9419922       0.0148871       0.9049459       0.9651560     
   1    11   0.9608980       0.0109496       0.9327995       0.9775307     
   1    12   0.9399620       0.0136419       0.9069594       0.9617519     
   1    13   0.9275034       0.0145712       0.8932351       0.9513715     
   1    14   0.9697634       0.0086413       0.9473693       0.9828019     
   1    15   0.9683508       0.0081712       0.9477627       0.9809874     
   1    16   0.9455056       0.0120003       0.9166083       0.9647741     
   1    17   0.9639560       0.0087762       0.9421999       0.9777167     
   1    18   0.9564376       0.0100499       0.9319002       0.9723957     
   1    19   0.9334129       0.0137302       0.9009081       0.9557786     
   1    20   0.9294815       0.0142950       0.8957894       0.9528539     
   1    21   0.9796720       0.0057437       0.9647678       0.9883474     
   1    22   0.9259257       0.0148403       0.8910622       0.9502547     
   1    23   0.9096444       0.0173573       0.8693683       0.9383828     
   1    24   0.9126942       0.0176294       0.8713947       0.9416196     
   1    25   0.9615560       0.0102268       0.9356623       0.9772814     

  Program  MARK  - Survival Rate Estimation with Capture-Recapture Data
   gfortran(Win64) Vers. 8.1 Mar 2016    5-Aug-2016 15:46:02    Page  014
 - - - - - - - - - - - - - - - - - - - - - - - - - - - - - - - - - - - - - -
 
   1    26   0.9463918       0.0123969       0.9162176       0.9661008     
   1    27   0.8651301       0.0236599       0.8117052       0.9051678     
   1    28   0.9377448       0.0130106       0.9068213       0.9588711     
   1    29   0.9141079       0.0176953       0.8724860       0.9430311     
   1    30   0.9365546       0.0131860       0.9052598       0.9579918     

 Attempted ordering of parameters by estimatibility:
   1  4  7  9  6  8  3  5 10  2 11 12
 Beta number 12 is a singular value.

     CPU Time in seconds for last procedure was 3.12


  INPUT --- proc stop;

   * *  WARNING  * *   Numerical underflow occurred during final processing of this model. 
     IEEE flag status at final processing of this model:
     overflow       F
     divide by zero F
     invalid        F
     underflow      T
     inexact        T


     CPU Time in minutes for this job was 0.05

     Time Start = 15:46:00.836   Time End = 15:46:02.996

     Wall Clock Time in minutes for this job was 0.04


          E X E C U T I O N   S U C C E S S F U L 
