
   Program  MARK  - Survival Rate Estimation with Capture-Recapture Data
   gfortran(Win64) Vers. 8.1 Mar 2016    5-Aug-2016 15:56:53    Page  001
 - - - - - - - - - - - - - - - - - - - - - - - - - - - - - - - - - - - - - -
 
   This version was compiled by GCC version 5.3.0 using the options: 
     -cpp -iprefix c:\tdm-gcc-64\gcc\bin\../lib/gcc/x86_64-w64-mingw32/5.3.0/ -D_MT
     -U_REENTRANT -D IEEE -m64 -mtune=generic -march=x86-64 -mthreads -O2
     -fimplicit-none -fbounds-check -funroll-loops -ftree-vectorize
     -ffpe-summary=invalid,zero,overflow,underflow -fno-unsafe-math-optimizations
     -frounding-math -fsignaling-nans -fopenmp.

   This problem will use 3 of 4 possible threads.


  INPUT --- proc title ;

     CPU Time in seconds for last procedure was 0.00


  INPUT --- proc chmatrix occasions= 30 groups= 1 etype= PoissonMR 
  INPUT --- icovar = 31 ICMeans NoHist  hist= 14 ;

  INPUT ---    time interval 0.2 0.2 0.2 0.2 2 0.2 0.2 0.2 0.2 2.5 0.2 0.2 
  INPUT ---    0.2 0.2 2.667 0.2 0.2 0.2  0.2 1.767 0.2 0.2 0.2 0.2 3.167 
  INPUT ---    0.2 0.2 0.2 0.2 ;

  INPUT ---     icovariates captive sex age.t1 age.t1.2 age.t1.4  age.t1.6 
  INPUT ---    age.t1.8 age.t3.8 age.t4 age.t4.2 age.t4.4 age.t4.6 
  INPUT ---    age.t7.1 age.t7.3 age.t7.5 age.t7.7  age.t7.9 age.t10.567 
  INPUT ---    age.t10.767 age.t10.967 age.t11.167 age.t11.367 age.t13.134 
  INPUT ---    age.t13.334  age.t13.534 age.t13.734 age.t13.934 
  INPUT ---    age.t17.101 age.t17.301 age.t17.501 age.t17.701 ;

  INPUT ---    glabel(1)=Group 1;

      Number of unique encounter histories read was 14.

      Number of individual covariates read was 31.
      Time interval lengths vary and/or not equal to 1.

      Data type number is 115
      Data type is Poisson Mark Resight with Robust Design                                                             

     CPU Time in seconds for last procedure was 0.00

  Program  MARK  - Survival Rate Estimation with Capture-Recapture Data
   gfortran(Win64) Vers. 8.1 Mar 2016    5-Aug-2016 15:56:53    Page  002
 - - - - - - - - - - - - - - - - - - - - - - - - - - - - - - - - - - - - - -
 


  INPUT --- proc estimate link=Parm-Specific NOLOOP varest=2ndPart    ;


  INPUT --- model={ alpha(~1 + captive + sex + effort.trapdays + 
  INPUT --- recordloss.agout.total)sigma(~1 + 
  INPUT --- recordloss.agout.var)U(~sample_month)Phi(~1 + 
  INPUT --- age.t)Gamma''(~1)Gamma'(~1) };

  INPUT ---    fixed=2;
  INPUT ---        parm(72)=1 ;
  INPUT ---        parm(73)=0 ;

  INPUT ---    group=1 alpha    rows=1 cols=30 Square ;
  INPUT ---        1 2 3 4 5 6 7 8 9 10 11 12 13 14 15 16 17 18 19 20 21 22 
  INPUT ---       23 24 25 26 27 28 29 30 ;

  INPUT ---    group=1 sigma    rows=1 cols=30 Square ;
  INPUT ---        31 32 33 34 35 36 37 38 39 40 41 42 43 44 45 46 47 48 49 
  INPUT ---       50 51 52 53 54 55 56 57 58 59 60 ;

  INPUT ---    group=1 U    rows=1 cols=30 Square ;
  INPUT ---        61 61 61 61 61 62 62 62 62 62 63 63 63 63 63 64 64 64 64 
  INPUT ---       64 65 65 65 65 65 66 66 66 66 66 ;

  INPUT ---    group=1 Phi    rows=29 cols=29 Triang ;
  INPUT ---        72 72 72 72 67 72 72 72 72 68 72 72 72 72 69 72 72 72 72 
  INPUT ---       70 72 72 72 72 71 72 72 72 72 ;
  INPUT ---        72 72 72 72 72 72 72 72 72 72 72 72 72 72 72 72 72 72 72 
  INPUT ---       72 72 72 72 72 72 72 72 72 ;
  INPUT ---        72 72 72 72 72 72 72 72 72 72 72 72 72 72 72 72 72 72 72 
  INPUT ---       72 72 72 72 72 72 72 72 ;
  INPUT ---        72 72 72 72 72 72 72 72 72 72 72 72 72 72 72 72 72 72 72 
  INPUT ---       72 72 72 72 72 72 72 ;
  INPUT ---        72 72 72 72 72 72 72 72 72 72 72 72 72 72 72 72 72 72 72 
  INPUT ---       72 72 72 72 72 72 ;
  INPUT ---        72 72 72 72 68 72 72 72 72 69 72 72 72 72 70 72 72 72 72 
  INPUT ---       71 72 72 72 72 ;
  INPUT ---        72 72 72 72 72 72 72 72 72 72 72 72 72 72 72 72 72 72 72 
  INPUT ---       72 72 72 72 ;
  INPUT ---        72 72 72 72 72 72 72 72 72 72 72 72 72 72 72 72 72 72 72 
  INPUT ---       72 72 72 ;
  INPUT ---        72 72 72 72 72 72 72 72 72 72 72 72 72 72 72 72 72 72 72 
  INPUT ---       72 72 ;
  INPUT ---        72 72 72 72 72 72 72 72 72 72 72 72 72 72 72 72 72 72 72 

  Program  MARK  - Survival Rate Estimation with Capture-Recapture Data
   gfortran(Win64) Vers. 8.1 Mar 2016    5-Aug-2016 15:56:53    Page  003
 - - - - - - - - - - - - - - - - - - - - - - - - - - - - - - - - - - - - - -
 
  INPUT ---       72 ;
  INPUT ---        72 72 72 72 69 72 72 72 72 70 72 72 72 72 71 72 72 72 72 ;
  INPUT ---        72 72 72 72 72 72 72 72 72 72 72 72 72 72 72 72 72 72 ;
  INPUT ---        72 72 72 72 72 72 72 72 72 72 72 72 72 72 72 72 72 ;
  INPUT ---        72 72 72 72 72 72 72 72 72 72 72 72 72 72 72 72 ;
  INPUT ---        72 72 72 72 72 72 72 72 72 72 72 72 72 72 72 ;
  INPUT ---        72 72 72 72 70 72 72 72 72 71 72 72 72 72 ;
  INPUT ---        72 72 72 72 72 72 72 72 72 72 72 72 72 ;
  INPUT ---        72 72 72 72 72 72 72 72 72 72 72 72 ;
  INPUT ---        72 72 72 72 72 72 72 72 72 72 72 ;
  INPUT ---        72 72 72 72 72 72 72 72 72 72 ;
  INPUT ---        72 72 72 72 71 72 72 72 72 ;
  INPUT ---        72 72 72 72 72 72 72 72 ;
  INPUT ---        72 72 72 72 72 72 72 ;
  INPUT ---        72 72 72 72 72 72 ;
  INPUT ---        72 72 72 72 72 ;
  INPUT ---        72 72 72 72 ;
  INPUT ---        72 72 72 ;
  INPUT ---        72 72 ;
  INPUT ---        72 ;

  INPUT ---    group=1 Gamma''    rows=29 cols=29 Triang ;
  INPUT ---        73 73 73 73 73 73 73 73 73 73 73 73 73 73 73 73 73 73 73 
  INPUT ---       73 73 73 73 73 73 73 73 73 73 ;
  INPUT ---        73 73 73 73 73 73 73 73 73 73 73 73 73 73 73 73 73 73 73 
  INPUT ---       73 73 73 73 73 73 73 73 73 ;
  INPUT ---        73 73 73 73 73 73 73 73 73 73 73 73 73 73 73 73 73 73 73 
  INPUT ---       73 73 73 73 73 73 73 73 ;
  INPUT ---        73 73 73 73 73 73 73 73 73 73 73 73 73 73 73 73 73 73 73 
  INPUT ---       73 73 73 73 73 73 73 ;
  INPUT ---        73 73 73 73 73 73 73 73 73 73 73 73 73 73 73 73 73 73 73 
  INPUT ---       73 73 73 73 73 73 ;
  INPUT ---        73 73 73 73 73 73 73 73 73 73 73 73 73 73 73 73 73 73 73 
  INPUT ---       73 73 73 73 73 ;
  INPUT ---        73 73 73 73 73 73 73 73 73 73 73 73 73 73 73 73 73 73 73 
  INPUT ---       73 73 73 73 ;
  INPUT ---        73 73 73 73 73 73 73 73 73 73 73 73 73 73 73 73 73 73 73 
  INPUT ---       73 73 73 ;
  INPUT ---        73 73 73 73 73 73 73 73 73 73 73 73 73 73 73 73 73 73 73 
  INPUT ---       73 73 ;
  INPUT ---        73 73 73 73 73 73 73 73 73 73 73 73 73 73 73 73 73 73 73 
  INPUT ---       73 ;
  INPUT ---        73 73 73 73 73 73 73 73 73 73 73 73 73 73 73 73 73 73 73 ;
  INPUT ---        73 73 73 73 73 73 73 73 73 73 73 73 73 73 73 73 73 73 ;
  INPUT ---        73 73 73 73 73 73 73 73 73 73 73 73 73 73 73 73 73 ;
  INPUT ---        73 73 73 73 73 73 73 73 73 73 73 73 73 73 73 73 ;

  Program  MARK  - Survival Rate Estimation with Capture-Recapture Data
   gfortran(Win64) Vers. 8.1 Mar 2016    5-Aug-2016 15:56:53    Page  004
 - - - - - - - - - - - - - - - - - - - - - - - - - - - - - - - - - - - - - -
 
  INPUT ---        73 73 73 73 73 73 73 73 73 73 73 73 73 73 73 ;
  INPUT ---        73 73 73 73 73 73 73 73 73 73 73 73 73 73 ;
  INPUT ---        73 73 73 73 73 73 73 73 73 73 73 73 73 ;
  INPUT ---        73 73 73 73 73 73 73 73 73 73 73 73 ;
  INPUT ---        73 73 73 73 73 73 73 73 73 73 73 ;
  INPUT ---        73 73 73 73 73 73 73 73 73 73 ;
  INPUT ---        73 73 73 73 73 73 73 73 73 ;
  INPUT ---        73 73 73 73 73 73 73 73 ;
  INPUT ---        73 73 73 73 73 73 73 ;
  INPUT ---        73 73 73 73 73 73 ;
  INPUT ---        73 73 73 73 73 ;
  INPUT ---        73 73 73 73 ;
  INPUT ---        73 73 73 ;
  INPUT ---        73 73 ;
  INPUT ---        73 ;

  INPUT ---    group=1 Gamma'    rows=28 cols=28 Triang ;
  INPUT ---        73 73 73 73 73 73 73 73 73 73 73 73 73 73 73 73 73 73 73 
  INPUT ---       73 73 73 73 73 73 73 73 73 ;
  INPUT ---        73 73 73 73 73 73 73 73 73 73 73 73 73 73 73 73 73 73 73 
  INPUT ---       73 73 73 73 73 73 73 73 ;
  INPUT ---        73 73 73 73 73 73 73 73 73 73 73 73 73 73 73 73 73 73 73 
  INPUT ---       73 73 73 73 73 73 73 ;
  INPUT ---        73 73 73 73 73 73 73 73 73 73 73 73 73 73 73 73 73 73 73 
  INPUT ---       73 73 73 73 73 73 ;
  INPUT ---        73 73 73 73 73 73 73 73 73 73 73 73 73 73 73 73 73 73 73 
  INPUT ---       73 73 73 73 73 ;
  INPUT ---        73 73 73 73 73 73 73 73 73 73 73 73 73 73 73 73 73 73 73 
  INPUT ---       73 73 73 73 ;
  INPUT ---        73 73 73 73 73 73 73 73 73 73 73 73 73 73 73 73 73 73 73 
  INPUT ---       73 73 73 ;
  INPUT ---        73 73 73 73 73 73 73 73 73 73 73 73 73 73 73 73 73 73 73 
  INPUT ---       73 73 ;
  INPUT ---        73 73 73 73 73 73 73 73 73 73 73 73 73 73 73 73 73 73 73 
  INPUT ---       73 ;
  INPUT ---        73 73 73 73 73 73 73 73 73 73 73 73 73 73 73 73 73 73 73 ;
  INPUT ---        73 73 73 73 73 73 73 73 73 73 73 73 73 73 73 73 73 73 ;
  INPUT ---        73 73 73 73 73 73 73 73 73 73 73 73 73 73 73 73 73 ;
  INPUT ---        73 73 73 73 73 73 73 73 73 73 73 73 73 73 73 73 ;
  INPUT ---        73 73 73 73 73 73 73 73 73 73 73 73 73 73 73 ;
  INPUT ---        73 73 73 73 73 73 73 73 73 73 73 73 73 73 ;
  INPUT ---        73 73 73 73 73 73 73 73 73 73 73 73 73 ;
  INPUT ---        73 73 73 73 73 73 73 73 73 73 73 73 ;
  INPUT ---        73 73 73 73 73 73 73 73 73 73 73 ;
  INPUT ---        73 73 73 73 73 73 73 73 73 73 ;
  INPUT ---        73 73 73 73 73 73 73 73 73 ;

  Program  MARK  - Survival Rate Estimation with Capture-Recapture Data
   gfortran(Win64) Vers. 8.1 Mar 2016    5-Aug-2016 15:56:53    Page  005
 - - - - - - - - - - - - - - - - - - - - - - - - - - - - - - - - - - - - - -
 
  INPUT ---        73 73 73 73 73 73 73 73 ;
  INPUT ---        73 73 73 73 73 73 73 ;
  INPUT ---        73 73 73 73 73 73 ;
  INPUT ---        73 73 73 73 73 ;
  INPUT ---        73 73 73 73 ;
  INPUT ---        73 73 73 ;
  INPUT ---        73 73 ;
  INPUT ---        73 ;

  INPUT ---    initial  0.8492118 0 0 0 0 -0.3123225 0 3.139572 0 0 0 0 0 
  INPUT ---    2.0066797 0  ;

  INPUT ---    design matrix constraints=73 covariates=15;
  INPUT ---        1 captive sex 96 0.186046511627907 0 0 0 0 0 0 0 0 0 0;
  INPUT ---        1 captive sex 96 0.127659574468085 0 0 0 0 0 0 0 0 0 0;
  INPUT ---        1 captive sex 114 0.08 0 0 0 0 0 0 0 0 0 0;
  INPUT ---        1 captive sex 120 0.166666666666667 0 0 0 0 0 0 0 0 0 0;
  INPUT ---        1 captive sex 115 0.169230769230769 0 0 0 0 0 0 0 0 0 0;
  INPUT ---        1 captive sex 126 0.0615384615384615 0 0 0 0 0 0 0 0 0 0;
  INPUT ---        1 captive sex 126 0.0776699029126214 0 0 0 0 0 0 0 0 0 0;
  INPUT ---        1 captive sex 126 0.170212765957447 0 0 0 0 0 0 0 0 0 0;
  INPUT ---        1 captive sex 114 0.0666666666666667 0 0 0 0 0 0 0 0 0 0;
  INPUT ---        1 captive sex 126 0.0894308943089431 0 0 0 0 0 0 0 0 0 0;
  INPUT ---        1 captive sex 139 0.08 0 0 0 0 0 0 0 0 0 0;
  INPUT ---        1 captive sex 168 0.135135135135135 0 0 0 0 0 0 0 0 0 0;
  INPUT ---        1 captive sex 180 0.213740458015267 0 0 0 0 0 0 0 0 0 0;
  INPUT ---        1 captive sex 174 0.0869565217391304 0 0 0 0 0 0 0 0 0 0;
  INPUT ---        1 captive sex 173 0.131428571428571 0 0 0 0 0 0 0 0 0 0;
  INPUT ---        1 captive sex 166 0.167441860465116 0 0 0 0 0 0 0 0 0 0;
  INPUT ---        1 captive sex 172 0.155 0 0 0 0 0 0 0 0 0 0;
  INPUT ---        1 captive sex 166 0.168831168831169 0 0 0 0 0 0 0 0 0 0;
  INPUT ---        1 captive sex 171 0.231182795698925 0 0 0 0 0 0 0 0 0 0;
  INPUT ---        1 captive sex 151 0.224489795918367 0 0 0 0 0 0 0 0 0 0;
  INPUT ---        1 captive sex 192 0.125827814569536 0 0 0 0 0 0 0 0 0 0;
  INPUT ---        1 captive sex 185 0.201612903225806 0 0 0 0 0 0 0 0 0 0;
  INPUT ---        1 captive sex 198 0.244604316546763 0 0 0 0 0 0 0 0 0 0;
  INPUT ---        1 captive sex 198 0.282828282828283 0 0 0 0 0 0 0 0 0 0;
  INPUT ---        1 captive sex 195 0.314516129032258 0 0 0 0 0 0 0 0 0 0;
  INPUT ---        1 captive sex 192 0.137254901960784 0 0 0 0 0 0 0 0 0 0;
  INPUT ---        1 captive sex 192 0.266129032258065 0 0 0 0 0 0 0 0 0 0;
  INPUT ---        1 captive sex 198 0.198581560283688 0 0 0 0 0 0 0 0 0 0;
  INPUT ---        1 captive sex 198 0.293333333333333 0 0 0 0 0 0 0 0 0 0;
  INPUT ---        1 captive sex 198 0.202453987730061 0 0 0 0 0 0 0 0 0 0;
  INPUT ---        0 0 0 0 0 1 0.0440135195492338 0 0 0 0 0 0 0 0;
  INPUT ---        0 0 0 0 0 1 0.0138205395794682 0 0 0 0 0 0 0 0;
  INPUT ---        0 0 0 0 0 1 0.0150462962962963 0 0 0 0 0 0 0 0;

  Program  MARK  - Survival Rate Estimation with Capture-Recapture Data
   gfortran(Win64) Vers. 8.1 Mar 2016    5-Aug-2016 15:56:53    Page  006
 - - - - - - - - - - - - - - - - - - - - - - - - - - - - - - - - - - - - - -
 
  INPUT ---        0 0 0 0 0 1 0.0435062197227376 0 0 0 0 0 0 0 0;
  INPUT ---        0 0 0 0 0 1 0.0413898241676019 0 0 0 0 0 0 0 0;
  INPUT ---        0 0 0 0 0 1 0.0334785353535354 0 0 0 0 0 0 0 0;
  INPUT ---        0 0 0 0 0 1 0.0145442884245275 0 0 0 0 0 0 0 0;
  INPUT ---        0 0 0 0 0 1 0.0193204258107552 0 0 0 0 0 0 0 0;
  INPUT ---        0 0 0 0 0 1 0.00382154882154882 0 0 0 0 0 0 0 0;
  INPUT ---        0 0 0 0 0 1 0.0399423854156923 0 0 0 0 0 0 0 0;
  INPUT ---        0 0 0 0 0 1 0.010060938021866 0 0 0 0 0 0 0 0;
  INPUT ---        0 0 0 0 0 1 0.0120376449425667 0 0 0 0 0 0 0 0;
  INPUT ---        0 0 0 0 0 1 0.0327860086977532 0 0 0 0 0 0 0 0;
  INPUT ---        0 0 0 0 0 1 0.0190954813692234 0 0 0 0 0 0 0 0;
  INPUT ---        0 0 0 0 0 1 0.0261489672463083 0 0 0 0 0 0 0 0;
  INPUT ---        0 0 0 0 0 1 0.0512150912647815 0 0 0 0 0 0 0 0;
  INPUT ---        0 0 0 0 0 1 0.0473122112945163 0 0 0 0 0 0 0 0;
  INPUT ---        0 0 0 0 0 1 0.0226518050401979 0 0 0 0 0 0 0 0;
  INPUT ---        0 0 0 0 0 1 0.0665651993646785 0 0 0 0 0 0 0 0;
  INPUT ---        0 0 0 0 0 1 0.04010330058655 0 0 0 0 0 0 0 0;
  INPUT ---        0 0 0 0 0 1 0.0206820945059979 0 0 0 0 0 0 0 0;
  INPUT ---        0 0 0 0 0 1 0.054918230087819 0 0 0 0 0 0 0 0;
  INPUT ---        0 0 0 0 0 1 0.0879277557364401 0 0 0 0 0 0 0 0;
  INPUT ---        0 0 0 0 0 1 0.0733113017934447 0 0 0 0 0 0 0 0;
  INPUT ---        0 0 0 0 0 1 0.0785302039517285 0 0 0 0 0 0 0 0;
  INPUT ---        0 0 0 0 0 1 0.0474808900748976 0 0 0 0 0 0 0 0;
  INPUT ---        0 0 0 0 0 1 0.0746150243527953 0 0 0 0 0 0 0 0;
  INPUT ---        0 0 0 0 0 1 0.0653219100102685 0 0 0 0 0 0 0 0;
  INPUT ---        0 0 0 0 0 1 0.0656604289706052 0 0 0 0 0 0 0 0;
  INPUT ---        0 0 0 0 0 1 0.109501305572734 0 0 0 0 0 0 0 0;
  INPUT ---        0 0 0 0 0 0 0 1 0 0 0 0 0 0 0;
  INPUT ---        0 0 0 0 0 0 0 1 1 0 0 0 0 0 0;
  INPUT ---        0 0 0 0 0 0 0 1 0 1 0 0 0 0 0;
  INPUT ---        0 0 0 0 0 0 0 1 0 0 1 0 0 0 0;
  INPUT ---        0 0 0 0 0 0 0 1 0 0 0 1 0 0 0;
  INPUT ---        0 0 0 0 0 0 0 1 0 0 0 0 1 0 0;
  INPUT ---        0 0 0 0 0 0 0 0 0 0 0 0 0 1 age.t1.8;
  INPUT ---        0 0 0 0 0 0 0 0 0 0 0 0 0 1 age.t4.6;
  INPUT ---        0 0 0 0 0 0 0 0 0 0 0 0 0 1 age.t7.9;
  INPUT ---        0 0 0 0 0 0 0 0 0 0 0 0 0 1 age.t11.367;
  INPUT ---        0 0 0 0 0 0 0 0 0 0 0 0 0 1 age.t13.934;
  INPUT ---        0 0 0 0 0 0 0 0 0 0 0 0 0 0 0;
  INPUT ---        0 0 0 0 0 0 0 0 0 0 0 0 0 0 0;

  INPUT ---    links=73;

  INPUT ---    Log;

  INPUT ---    Log;

  Program  MARK  - Survival Rate Estimation with Capture-Recapture Data
   gfortran(Win64) Vers. 8.1 Mar 2016    5-Aug-2016 15:56:53    Page  007
 - - - - - - - - - - - - - - - - - - - - - - - - - - - - - - - - - - - - - -
 

  INPUT ---    Log;

  INPUT ---    Log;

  INPUT ---    Log;

  INPUT ---    Log;

  INPUT ---    Log;

  INPUT ---    Log;

  INPUT ---    Log;

  INPUT ---    Log;

  INPUT ---    Log;

  INPUT ---    Log;

  INPUT ---    Log;

  INPUT ---    Log;

  INPUT ---    Log;

  INPUT ---    Log;

  INPUT ---    Log;

  INPUT ---    Log;

  INPUT ---    Log;

  INPUT ---    Log;

  INPUT ---    Log;

  INPUT ---    Log;

  INPUT ---    Log;

  INPUT ---    Log;

  INPUT ---    Log;

  Program  MARK  - Survival Rate Estimation with Capture-Recapture Data
   gfortran(Win64) Vers. 8.1 Mar 2016    5-Aug-2016 15:56:53    Page  008
 - - - - - - - - - - - - - - - - - - - - - - - - - - - - - - - - - - - - - -
 

  INPUT ---    Log;

  INPUT ---    Log;

  INPUT ---    Log;

  INPUT ---    Log;

  INPUT ---    Log;

  INPUT ---    Log;

  INPUT ---    Log;

  INPUT ---    Log;

  INPUT ---    Log;

  INPUT ---    Log;

  INPUT ---    Log;

  INPUT ---    Log;

  INPUT ---    Log;

  INPUT ---    Log;

  INPUT ---    Log;

  INPUT ---    Log;

  INPUT ---    Log;

  INPUT ---    Log;

  INPUT ---    Log;

  INPUT ---    Log;

  INPUT ---    Log;

  INPUT ---    Log;

  INPUT ---    Log;

  Program  MARK  - Survival Rate Estimation with Capture-Recapture Data
   gfortran(Win64) Vers. 8.1 Mar 2016    5-Aug-2016 15:56:53    Page  009
 - - - - - - - - - - - - - - - - - - - - - - - - - - - - - - - - - - - - - -
 

  INPUT ---    Log;

  INPUT ---    Log;

  INPUT ---    Log;

  INPUT ---    Log;

  INPUT ---    Log;

  INPUT ---    Log;

  INPUT ---    Log;

  INPUT ---    Log;

  INPUT ---    Log;

  INPUT ---    Log;

  INPUT ---    Log;

  INPUT ---    Log;

  INPUT ---    Log;

  INPUT ---    Log;

  INPUT ---    Log;

  INPUT ---    Log;

  INPUT ---    Log;

  INPUT ---    Log;

  INPUT ---    Logit;

  INPUT ---    Logit;

  INPUT ---    Logit;

  INPUT ---    Logit;

  INPUT ---    Logit;

  Program  MARK  - Survival Rate Estimation with Capture-Recapture Data
   gfortran(Win64) Vers. 8.1 Mar 2016    5-Aug-2016 15:56:53    Page  010
 - - - - - - - - - - - - - - - - - - - - - - - - - - - - - - - - - - - - - -
 

  INPUT ---    Logit;

  INPUT ---    Logit;
  INPUT ---       blabel(1)=alpha:(Intercept);
  INPUT ---       blabel(2)=alpha:captive;
  INPUT ---       blabel(3)=alpha:sex;
  INPUT ---       blabel(4)=alpha:effort.trapdays;
  INPUT ---       blabel(5)=alpha:recordloss.agout.total;
  INPUT ---       blabel(6)=sigma:(Intercept);
  INPUT ---       blabel(7)=sigma:recordloss.agout.var;
  INPUT ---       blabel(8)=U:(Intercept);
  INPUT ---       blabel(9)=U:sample_monthB;
  INPUT ---       blabel(10)=U:sample_monthC;
  INPUT ---       blabel(11)=U:sample_monthD;
  INPUT ---       blabel(12)=U:sample_monthE;
  INPUT ---       blabel(13)=U:sample_monthF;
  INPUT ---       blabel(14)=Phi:(Intercept);
  INPUT ---       blabel(15)=Phi:age.t;
  INPUT ---       rlabel(1)=alpha g1 a0 t1;
  INPUT ---       rlabel(2)=alpha g1 a0.2 t1.2;
  INPUT ---       rlabel(3)=alpha g1 a0.4 t1.4;
  INPUT ---       rlabel(4)=alpha g1 a0.6 t1.6;
  INPUT ---       rlabel(5)=alpha g1 a0.8 t1.8;
  INPUT ---       rlabel(6)=alpha g1 a2.8 t3.8;
  INPUT ---       rlabel(7)=alpha g1 a3 t4;
  INPUT ---       rlabel(8)=alpha g1 a3.2 t4.2;
  INPUT ---       rlabel(9)=alpha g1 a3.4 t4.4;
  INPUT ---       rlabel(10)=alpha g1 a3.6 t4.6;
  INPUT ---       rlabel(11)=alpha g1 a6.1 t7.1;
  INPUT ---       rlabel(12)=alpha g1 a6.3 t7.3;
  INPUT ---       rlabel(13)=alpha g1 a6.5 t7.5;
  INPUT ---       rlabel(14)=alpha g1 a6.7 t7.7;
  INPUT ---       rlabel(15)=alpha g1 a6.9 t7.9;
  INPUT ---       rlabel(16)=alpha g1 a9.567 t10.567;
  INPUT ---       rlabel(17)=alpha g1 a9.767 t10.767;
  INPUT ---       rlabel(18)=alpha g1 a9.967 t10.967;
  INPUT ---       rlabel(19)=alpha g1 a10.167 t11.167;
  INPUT ---       rlabel(20)=alpha g1 a10.367 t11.367;
  INPUT ---       rlabel(21)=alpha g1 a12.134 t13.134;
  INPUT ---       rlabel(22)=alpha g1 a12.334 t13.334;
  INPUT ---       rlabel(23)=alpha g1 a12.534 t13.534;
  INPUT ---       rlabel(24)=alpha g1 a12.734 t13.734;
  INPUT ---       rlabel(25)=alpha g1 a12.934 t13.934;
  INPUT ---       rlabel(26)=alpha g1 a16.101 t17.101;
  INPUT ---       rlabel(27)=alpha g1 a16.301 t17.301;

  Program  MARK  - Survival Rate Estimation with Capture-Recapture Data
   gfortran(Win64) Vers. 8.1 Mar 2016    5-Aug-2016 15:56:53    Page  011
 - - - - - - - - - - - - - - - - - - - - - - - - - - - - - - - - - - - - - -
 
  INPUT ---       rlabel(28)=alpha g1 a16.501 t17.501;
  INPUT ---       rlabel(29)=alpha g1 a16.701 t17.701;
  INPUT ---       rlabel(30)=alpha g1 a16.901 t17.901;
  INPUT ---       rlabel(31)=sigma g1 a0 t1;
  INPUT ---       rlabel(32)=sigma g1 a0.2 t1.2;
  INPUT ---       rlabel(33)=sigma g1 a0.4 t1.4;
  INPUT ---       rlabel(34)=sigma g1 a0.6 t1.6;
  INPUT ---       rlabel(35)=sigma g1 a0.8 t1.8;
  INPUT ---       rlabel(36)=sigma g1 a2.8 t3.8;
  INPUT ---       rlabel(37)=sigma g1 a3 t4;
  INPUT ---       rlabel(38)=sigma g1 a3.2 t4.2;
  INPUT ---       rlabel(39)=sigma g1 a3.4 t4.4;
  INPUT ---       rlabel(40)=sigma g1 a3.6 t4.6;
  INPUT ---       rlabel(41)=sigma g1 a6.1 t7.1;
  INPUT ---       rlabel(42)=sigma g1 a6.3 t7.3;
  INPUT ---       rlabel(43)=sigma g1 a6.5 t7.5;
  INPUT ---       rlabel(44)=sigma g1 a6.7 t7.7;
  INPUT ---       rlabel(45)=sigma g1 a6.9 t7.9;
  INPUT ---       rlabel(46)=sigma g1 a9.567 t10.567;
  INPUT ---       rlabel(47)=sigma g1 a9.767 t10.767;
  INPUT ---       rlabel(48)=sigma g1 a9.967 t10.967;
  INPUT ---       rlabel(49)=sigma g1 a10.167 t11.167;
  INPUT ---       rlabel(50)=sigma g1 a10.367 t11.367;
  INPUT ---       rlabel(51)=sigma g1 a12.134 t13.134;
  INPUT ---       rlabel(52)=sigma g1 a12.334 t13.334;
  INPUT ---       rlabel(53)=sigma g1 a12.534 t13.534;
  INPUT ---       rlabel(54)=sigma g1 a12.734 t13.734;
  INPUT ---       rlabel(55)=sigma g1 a12.934 t13.934;
  INPUT ---       rlabel(56)=sigma g1 a16.101 t17.101;
  INPUT ---       rlabel(57)=sigma g1 a16.301 t17.301;
  INPUT ---       rlabel(58)=sigma g1 a16.501 t17.501;
  INPUT ---       rlabel(59)=sigma g1 a16.701 t17.701;
  INPUT ---       rlabel(60)=sigma g1 a16.901 t17.901;
  INPUT ---       rlabel(61)=U g1 a0 t1;
  INPUT ---       rlabel(62)=U g1 a2.8 t3.8;
  INPUT ---       rlabel(63)=U g1 a6.1 t7.1;
  INPUT ---       rlabel(64)=U g1 a9.567 t10.567;
  INPUT ---       rlabel(65)=U g1 a12.134 t13.134;
  INPUT ---       rlabel(66)=U g1 a16.101 t17.101;
  INPUT ---       rlabel(67)=Phi g1 c1 a0.8 t1.8;
  INPUT ---       rlabel(68)=Phi g1 c1 a3.6 t4.6;
  INPUT ---       rlabel(69)=Phi g1 c1 a6.9 t7.9;
  INPUT ---       rlabel(70)=Phi g1 c1 a10.367 t11.367;
  INPUT ---       rlabel(71)=Phi g1 c1 a12.934 t13.934;
  INPUT ---       rlabel(72)=Phi g1 c1 a0 t1;
  INPUT ---       rlabel(73)=Gamma'' g1 c1 a0 t1;

  Program  MARK  - Survival Rate Estimation with Capture-Recapture Data
   gfortran(Win64) Vers. 8.1 Mar 2016    5-Aug-2016 15:56:53    Page  012
 - - - - - - - - - - - - - - - - - - - - - - - - - - - - - - - - - - - - - -
 

 Link Function Used is PARM-SPECIFIC

 Variance Estimation Procedure Used is 2ndPart 

 M(t+1):
 Group=Group 1                                                                         
       3      3      3      2      3      5      5      5      2      5      5
       4      4      4      4     10      7      7      7      5      5      5
       5      3      4      5      5      5      4      5


 -2logL(saturated) = -0.0000000    
 Effective Sample Size = 169
 Results from first iteration:
  -2logL Initial { alpha(~1 + captive + sex + effort.trapdays + recordloss.agout.total)sigma(~1 + recordloss.agout.var)U(~sample_month)Phi(~1 + age.t)Gamma''(~1)Gamma'(~1) } = 2454.1359     
  Penalty Initial { alpha(~1 + captive + sex + effort.trapdays + recordloss.agout.total)sigma(~1 + recordloss.agout.var)U(~sample_month)Phi(~1 + age.t)Gamma''(~1)Gamma'(~1) } = -0.0000000    

 Number of function evaluations was 36 for 15 parameters.
 Time for numerical optimization was 5.52 seconds.
 -2logL { alpha(~1 + captive + sex + effort.trapdays + recordloss.agout.total)sigma(~1 + recordloss.agout.var)U(~sample_month)Phi(~1 + age.t)Gamma''(~1)Gamma'(~1) } = 2360.9496     
 Penalty { alpha(~1 + captive + sex + effort.trapdays + recordloss.agout.total)sigma(~1 + recordloss.agout.var)U(~sample_month)Phi(~1 + age.t)Gamma''(~1)Gamma'(~1) } = -0.0000000    

   * *  WARNING  * *   Numerical underflow occurred during optimization of this model. 
     IEEE flag status at end of optimization:
     overflow       F
     divide by zero F
     invalid        F
     underflow      T
     inexact        T

 Gradient { alpha(~1 + captive + sex + effort.trapdays + recordloss.agout.total)sigma(~1 + recordloss.agout.var)U(~sample_month)Phi(~1 + age.t)Gamma''(~1)Gamma'(~1) }:
 -0.6111625E-02-0.7084135E-02-0.6073021E-02-0.3734935E-02-0.5491823E-03
 -0.2975764E-02-0.1494067E-03-0.2089716E-02 0.3014905E-02-0.2091430E-02
  0.1271405E-02 0.1136075E-02 0.2734370E-03 0.2369208E-03 0.1906781E-03
 S Vector { alpha(~1 + captive + sex + effort.trapdays + recordloss.agout.total)sigma(~1 + recordloss.agout.var)U(~sample_month)Phi(~1 + age.t)Gamma''(~1)Gamma'(~1) }:
   5607.194      383.2598      304.1872      270.6901      245.5084    
   234.3615      121.4939      42.59903      29.88867      10.91313    
   7.299712      4.594865      2.639750     0.6820054E-01 0.1621560E-04
 Time to compute number of parameters was 2.09 seconds.
   Threshold =  0.3200000E-06     Condition index =  0.2891928E-08     New Threshold =  0.6280276E-04
 New Guessimate of Estimated Parameters { alpha(~1 + captive + sex + effort.trapdays + recordloss.agout.total)sigma(~1 + recordloss.agout.var)U(~sample_month)Phi(~1 + age.t)Gamma''(~1)Gamma'(~1) } = 13          
 Conditioned S Vector { alpha(~1 + captive + sex + effort.trapdays + recordloss.agout.total)sigma(~1 + recordloss.agout.var)U(~sample_month)Phi(~1 + age.t)Gamma''(~1)Gamma'(~1) }:
   1.000000     0.6835144E-01 0.5424945E-01 0.4827550E-01 0.4378453E-01
  0.4179657E-01 0.2166751E-01 0.7597209E-02 0.5330414E-02 0.1946272E-02
  0.1301847E-02 0.8194589E-03 0.4707791E-03 0.1216304E-04 0.2891928E-08
 Number of Estimated Parameters { alpha(~1 + captive + sex + effort.trapdays + recordloss.agout.total)sigma(~1 + recordloss.agout.var)U(~sample_month)Phi(~1 + age.t)Gamma''(~1)Gamma'(~1) } = 14          
 DEVIANCE { alpha(~1 + captive + sex + effort.trapdays + recordloss.agout.total)sigma(~1 + recordloss.agout.var)U(~sample_month)Phi(~1 + age.t)Gamma''(~1)Gamma'(~1) } = 2360.9496                     
 DEVIANCE Degrees of Freedom { alpha(~1 + captive + sex + effort.trapdays + recordloss.agout.total)sigma(~1 + recordloss.agout.var)U(~sample_month)Phi(~1 + age.t)Gamma''(~1)Gamma'(~1) } = 0            
 c-hat { alpha(~1 + captive + sex + effort.trapdays + recordloss.agout.total)sigma(~1 + recordloss.agout.var)U(~sample_month)Phi(~1 + age.t)Gamma''(~1)Gamma'(~1) } = 1.0000000                     
 AIC { alpha(~1 + captive + sex + effort.trapdays + recordloss.agout.total)sigma(~1 + recordloss.agout.var)U(~sample_month)Phi(~1 + age.t)Gamma''(~1)Gamma'(~1) } = 2388.9496                  
 AICc { alpha(~1 + captive + sex + effort.trapdays + recordloss.agout.total)sigma(~1 + recordloss.agout.var)U(~sample_month)Phi(~1 + age.t)Gamma''(~1)Gamma'(~1) } = 2391.6769                    
 BIC { alpha(~1 + captive + sex + effort.trapdays + recordloss.agout.total)sigma(~1 + recordloss.agout.var)U(~sample_month)Phi(~1 + age.t)Gamma''(~1)Gamma'(~1) } = 2432.7682                    
 Pearson Chisquare { alpha(~1 + captive + sex + effort.trapdays + recordloss.agout.total)sigma(~1 + recordloss.agout.var)U(~sample_month)Phi(~1 + age.t)Gamma''(~1)Gamma'(~1) } =      Infinity              

   * *  WARNING  * *   Divide by zero occurred during variance-covariance calculation of this model. 

   * *  WARNING  * *   Numerical underflow occurred during variance-covariance calculation of this model. 

  Program  MARK  - Survival Rate Estimation with Capture-Recapture Data
   gfortran(Win64) Vers. 8.1 Mar 2016    5-Aug-2016 15:56:58    Page  013
 - - - - - - - - - - - - - - - - - - - - - - - - - - - - - - - - - - - - - -
 
     IEEE flag status at end of variance-covariance calculation:
     overflow       F
     divide by zero T
     invalid        T
     underflow      T
     inexact        T



 PARM-SPECIFIC Link Function Parameters of { alpha(~1 + captive + sex + effort.trapdays + recordloss.agout.total)sigma(~1 + recordloss.agout.var)U(~sample_month)Phi(~1 + age.t)Gamma''(~1)Gamma'(~1) }
                                                              95% Confidence Interval
 Parameter                    Beta         Standard Error      Lower           Upper
 -------------------------  --------------  --------------  --------------  --------------
    1:alpha:(Intercept)     0.4062533       0.3627074       -0.3046533      1.1171599     
    2:alpha:captive         0.3159042       0.1080796       0.1040682       0.5277402     
    3:alpha:sex             0.4900627       0.2033606       0.0914760       0.8886495     
    4:alpha:effort.trapday  0.0036200       0.0018396       0.1439687E-004  0.0072257     
    5:alpha:recordloss.ago  -2.8088029      0.5783869       -3.9424411      -1.6751646    
    6:sigma:(Intercept)     -1.1235337      0.2491023       -1.6117741      -0.6352932    
    7:sigma:recordloss.ago  6.6009595       3.8187299       -0.8837513      14.085670     
    8:U:(Intercept)         2.5471494       0.1366476       2.2793201       2.8149787     
    9:U:sample_monthB       0.4026831       0.1253490       0.1569989       0.6483672     
   10:U:sample_monthC       0.4784924       0.1485384       0.1873571       0.7696277     
   11:U:sample_monthD       0.8955548       0.1469228       0.6075861       1.1835234     
   12:U:sample_monthE       0.3608712       0.1685962       0.0304226       0.6913199     
   13:U:sample_monthF       0.6630305       0.1760808       0.3179121       1.0081489     
   14:Phi:(Intercept)       -7.4551189      175.59737       -351.62597      336.71573     
   15:Phi:age.t             9.8404652       175.59811       -334.33184      354.01277     


 Real Function Parameters of { alpha(~1 + captive + sex + effort.trapdays + recordloss.agout.total)sigma(~1 + recordloss.agout.var)U(~sample_month)Phi(~1 + age.t)Gamma''(~1)Gamma'(~1) }

  Program  MARK  - Survival Rate Estimation with Capture-Recapture Data
   gfortran(Win64) Vers. 8.1 Mar 2016    5-Aug-2016 15:56:58    Page  014
 - - - - - - - - - - - - - - - - - - - - - - - - - - - - - - - - - - - - - -
 

      Following estimates based on unstandardized individual covariate values:
          Variable   Value         
          ---------  ------------- 
          CAPTIVE    0.2142857     
          SEX        0.8461538     
          AGE.T1     1.0000000     
          AGE.T1.2   1.0000000     
          AGE.T1.4   1.0000000     
          AGE.T1.6   1.0000000     
          AGE.T1.8   1.0000000     
          AGE.T3.8   1.0000000     
          AGE.T4     1.0000000     
          AGE.T4.2   1.0000000     
          AGE.T4.4   1.0000000     
          AGE.T4.6   1.0000000     
          AGE.T7.1   0.8333333     
          AGE.T7.3   0.8333333     
          AGE.T7.5   0.8333333     
          AGE.T7.7   0.8333333     
          AGE.T7.9   0.8333333     
          AGE.T10.56 0.6666667     
          AGE.T10.76 0.6666667     
          AGE.T10.96 0.6666667     
          AGE.T11.16 0.6666667     
          AGE.T11.36 0.6666667     
          AGE.T13.13 1.0000000     
          AGE.T13.33 1.0000000     
          AGE.T13.53 1.0000000     
          AGE.T13.73 1.0000000     
          AGE.T13.93 1.0000000     
          AGE.T17.10 0.9230769     
          AGE.T17.30 0.9230769     
          AGE.T17.50 0.9230769     
          AGE.T17.70 0.9230769     
                                                               95% Confidence Interval
  Parameter                  Estimate       Standard Error      Lower           Upper
 --------------------------  --------------  --------------  --------------  --------------
     1:alpha g1 a0 t1        2.0412689       0.2911822       1.5455643       2.6959595                           
     2:alpha g1 a0.2 t1.2    2.4050460       0.3192032       1.8562682       3.1160617                           
     3:alpha g1 a0.4 t1.4    2.9346733       0.3174209       2.3755150       3.6254487                           
     4:alpha g1 a0.6 t1.6    2.3511083       0.2467589       1.9150420       2.8864694                           
     5:alpha g1 a0.8 t1.8    2.2923662       0.2563015       1.8425013       2.8520700                           
     6:alpha g1 a2.8 t3.8    3.2280928       0.3216760       2.6566392       3.9224682                           
     7:alpha g1 a3 t4        3.0850919       0.2990495       2.5524032       3.7289533                           
     8:alpha g1 a3.2 t4.2    2.3789204       0.2342783       1.9622459       2.8840740                           
     9:alpha g1 a3.4 t4.4    3.0466629       0.3336365       2.4597233       3.7736581                           
    10:alpha g1 a3.6 t4.6    2.9848430       0.2849977       2.4764536       3.5975992                           
    11:alpha g1 a6.1 t7.1    3.2126535       0.2850139       2.7008174       3.8214884                           

  Program  MARK  - Survival Rate Estimation with Capture-Recapture Data
   gfortran(Win64) Vers. 8.1 Mar 2016    5-Aug-2016 15:56:58    Page  015
 - - - - - - - - - - - - - - - - - - - - - - - - - - - - - - - - - - - - - -
 
    12:alpha g1 a6.3 t7.3    3.0563297       0.2491196       2.6057505       3.5848218                           
    13:alpha g1 a6.5 t7.5    2.5596445       0.2297484       2.1474812       3.0509138                           
    14:alpha g1 a6.7 t7.7    3.5760514       0.3432301       2.9640872       4.3143614                           
    15:alpha g1 a6.9 t7.9    3.1447235       0.2679305       2.6618884       3.7151391                           
    16:alpha g1 a9.567 t10.  2.7710642       0.2190798       2.3738557       3.2347361                           
    17:alpha g1 a9.767 t10.  2.9326265       0.2407750       2.4973955       3.4437069                           
    18:alpha g1 a9.967 t10.  2.7602718       0.2183269       2.3644426       3.2223663                           
    19:alpha g1 a10.167 t11  2.3591371       0.2104408       1.9814036       2.8088816                           
    20:alpha g1 a10.367 t11  2.2360130       0.2018863       1.8740239       2.6679245                           
    21:alpha g1 a12.134 t13  3.4220446       0.3601966       2.7857054       4.2037429                           
    22:alpha g1 a12.334 t13  2.6967100       0.2486311       2.2517481       3.2295997                           
    23:alpha g1 a12.534 t13  2.5051251       0.2728942       2.0247712       3.0994376                           
    24:alpha g1 a12.734 t13  2.2501010       0.2623243       1.7918391       2.8255631                           
    25:alpha g1 a12.934 t13  2.0362503       0.2519166       1.5992696       2.5926306                           
    26:alpha g1 a16.101 t17  3.3139531       0.3417315       2.7089545       4.0540677                           
    27:alpha g1 a16.301 t17  2.3074886       0.2491245       1.8685525       2.8495338                           
    28:alpha g1 a16.501 t17  2.8508224       0.3001747       2.3205396       3.5022839                           
    29:alpha g1 a16.701 t17  2.1846781       0.2606733       1.7305331       2.7580046                           
    30:alpha g1 a16.901 t17  2.8199824       0.2970749       2.2952029       3.4647485                           
    31:sigma g1 a0 t1        0.4347421       0.0675234       0.3212249       0.5883751                           
    32:sigma g1 a0.2 t1.2    0.3561851       0.0747625       0.2370988       0.5350842                           
    33:sigma g1 a0.4 t1.4    0.3590787       0.0742261       0.2404749       0.5361788                           
    34:sigma g1 a0.6 t1.6    0.4332888       0.0674583       0.3199226       0.5868269                           
    35:sigma g1 a0.8 t1.8    0.4272777       0.0672893       0.3143964       0.5806881                           
    36:sigma g1 a2.8 t3.8    0.4055370       0.0679307       0.2927049       0.5618636                           
    37:sigma g1 a3 t4        0.3578908       0.0744450       0.2390893       0.5357236                           
    38:sigma g1 a3.2 t4.2    0.3693538       0.0724213       0.2524127       0.5404729                           
    39:sigma g1 a3.4 t4.4    0.3334348       0.0792698       0.2105815       0.5279610                           
    40:sigma g1 a3.6 t4.6    0.4232147       0.0672642       0.3105377       0.5767760                           
    41:sigma g1 a6.1 t7.1    0.3474544       0.0764405       0.2269014       0.5320573                           
    42:sigma g1 a6.3 t7.3    0.3520178       0.0755532       0.2322319       0.5335895                           
    43:sigma g1 a6.5 t7.5    0.4036874       0.0680677       0.2907515       0.5604906                           
    44:sigma g1 a6.7 t7.7    0.3688058       0.0725131       0.2517788       0.5402269                           
    45:sigma g1 a6.9 t7.9    0.3863833       0.0698769       0.2718403       0.5491903                           
    46:sigma g1 a9.567 t10.  0.4559077       0.0695860       0.3386113       0.6138361                           
    47:sigma g1 a9.767 t10.  0.4443123       0.0681945       0.3294584       0.5992059                           
    48:sigma g1 a9.967 t10.  0.3775659       0.0711145       0.2618553       0.5444078                           
    49:sigma g1 a10.167 t11  0.5045242       0.0822561       0.3672918       0.6930311                           
    50:sigma g1 a10.367 t11  0.4236645       0.0672635       0.3109696       0.5771998                           
    51:sigma g1 a12.134 t13  0.3726886       0.0718744       0.2562607       0.5420137                           
    52:sigma g1 a12.334 t13  0.4671893       0.0715576       0.3466333       0.6296737                           
    53:sigma g1 a12.534 t13  0.5809294       0.1198871       0.3893005       0.8668853                           
    54:sigma g1 a12.734 t13  0.5274988       0.0916670       0.3761825       0.7396808                           
    55:sigma g1 a12.934 t13  0.5459876       0.1005379       0.3817200       0.7809453                           
    56:sigma g1 a16.101 t17  0.4448072       0.0682408       0.3298677       0.5997964                           
    57:sigma g1 a16.301 t17  0.5320579       0.0937547       0.3776678       0.7495626                           

  Program  MARK  - Survival Rate Estimation with Capture-Recapture Data
   gfortran(Win64) Vers. 8.1 Mar 2016    5-Aug-2016 15:56:58    Page  016
 - - - - - - - - - - - - - - - - - - - - - - - - - - - - - - - - - - - - - -
 
    58:sigma g1 a16.501 t17  0.5004006       0.0807791       0.3654177       0.6852452                           
    59:sigma g1 a16.701 t17  0.5015200       0.0811733       0.3659356       0.6873403                           
    60:sigma g1 a16.901 t17  0.6698376       0.1800642       0.3991414       1.1241189                           
    61:U g1 a0 t1            12.770648       1.7450784       9.7821361       16.672171                           
    62:U g1 a2.8 t3.8        19.102753       2.0459894       15.494825       23.550777                           
    63:U g1 a6.1 t7.1        20.607226       1.7254396       17.493299       24.275455                           
    64:U g1 a9.567 t10.567   31.271407       2.3858808       26.933776       36.307606                           
    65:U g1 a12.134 t13.134  18.320499       1.6907393       15.294938       21.944560                           
    66:U g1 a16.101 t17.101  24.783544       2.4653138       20.403183       30.104324                           
    67:Phi g1 c1 a0.8 t1.8   0.9157030       0.0404044       0.7956645       0.9680552                           
    68:Phi g1 c1 a3.6 t4.6   0.9157030       0.0404044       0.7956645       0.9680552                           
    69:Phi g1 c1 a6.9 t7.9   0.6781469       6.3884728       0.2564186E-024  1.0000000                           
    70:Phi g1 c1 a10.367 t1  0.2901185       12.054964       0.6118527E-050  1.0000000                           
    71:Phi g1 c1 a12.934 t1  0.9157030       0.0404044       0.7956645       0.9680552                           
    72:Phi g1 c1 a0 t1       1.0000000       0.0000000       1.0000000       1.0000000       Fixed               
    73:Gamma'' g1 c1 a0 t1   0.0000000       0.0000000       0.0000000       0.0000000       Fixed               

  Program  MARK  - Survival Rate Estimation with Capture-Recapture Data
   gfortran(Win64) Vers. 8.1 Mar 2016    5-Aug-2016 15:56:58    Page  017
 - - - - - - - - - - - - - - - - - - - - - - - - - - - - - - - - - - - - - -
 


                      Estimates of Derived Parameters
 Population Estimates of { alpha(~1 + captive + sex + effort.trapdays + recordloss.agout.total)sigma(~1 + recordloss.agout.var)U(~sample_month)Phi(~1 + age.t)Gamma''(~1)Gamma'(~1) }
                                                95% Confidence Interval
 Grp. Occ.   N-hat           Standard Error      Lower           Upper
 ---- ----   --------------  --------------  --------------  --------------
   1     1   15.770648       1.7450793       12.704152       19.577326     
   1     2   15.770648       1.7450793       12.704152       19.577326     
   1     3   15.770648       1.7450793       12.704152       19.577326     
   1     4   14.916234       1.7756091       11.821910       18.820482     
   1     5   15.770648       1.7450793       12.704152       19.577326     
   1     6   24.102753       2.0459901       20.414547       28.457291     
   1     7   24.102753       2.0459901       20.414547       28.457291     
   1     8   24.102753       2.0459901       20.414547       28.457291     
   1     9   21.233730       2.0763517       17.538301       25.707809     
   1    10   24.102753       2.0459901       20.414547       28.457291     
   1    11   25.832904       1.7597676       22.607599       29.518348     
   1    12   24.801160       1.7579814       21.587917       28.492678     
   1    13   24.934298       1.7722945       21.695519       28.656572     
   1    14   24.764603       1.7573232       21.552811       28.455017     
   1    15   24.837021       1.7646855       21.612058       28.543215     
   1    16   39.086821       2.5067929       34.474218       44.316583     
   1    17   38.860191       2.4688148       34.314759       44.007723     
   1    18   39.029742       2.5025066       34.424953       44.250482     
   1    19   39.378127       2.5336776       34.717015       44.665041     
   1    20   37.250402       2.5263032       32.618807       42.539645     
   1    21   22.527448       1.7285094       19.386292       26.177566     
   1    22   23.839827       1.7624775       20.628059       27.551663     
   1    23   23.955639       1.7846229       20.705340       27.716166     
   1    24   21.736753       1.7503625       18.567812       25.446533     
   1    25   23.084856       1.7944763       19.827062       26.877941     
   1    26   30.070131       2.5219585       25.519341       35.432450     
   1    27   30.487210       2.5769997       25.840128       35.970022     
   1    28   30.226194       2.5484760       25.629576       35.647206     
   1    29   29.441936       2.5763387       24.809726       34.939023     
   1    30   30.352495       2.5639835       25.728639       35.807332     
 Mean Resighting Rate Estimates of { alpha(~1 + captive + sex + effort.trapdays + recordloss.agout.total)sigma(~1 + recordloss.agout.var)U(~sample_month)Phi(~1 + age.t)Gamma''(~1)Gamma'(~1) }
                                                95% Confidence Interval
 Grp. Occ.   Lambda-hat      Standard Error      Lower           Upper
 ---- ----   --------------  --------------  --------------  --------------
   1     1   2.2435782       0.3081989       1.7161534       2.9330962     
   1     2   2.5625502       0.3237246       2.0024618       3.2792951     
   1     3   3.1300999       0.3139668       2.5727043       3.8082593     
   1     4   2.5824961       0.2502101       2.1367830       3.1211807     
   1     5   2.5114686       0.2621095       2.0480046       3.0798145     
   1     6   3.5047585       0.3216415       2.9288912       4.1938505     
   1     7   3.2891341       0.2908149       2.7667257       3.9101828     
   1     8   2.5468515       0.2307546       2.1332298       3.0406723     
   1     9   3.2208209       0.3272940       2.6405201       3.9286529     

  Program  MARK  - Survival Rate Estimation with Capture-Recapture Data
   gfortran(Win64) Vers. 8.1 Mar 2016    5-Aug-2016 15:56:58    Page  018
 - - - - - - - - - - - - - - - - - - - - - - - - - - - - - - - - - - - - - -
 
   1    10   3.2644866       0.2854489       2.7512215       3.8735058     
   1    11   3.7901228       0.2781756       3.2829343       4.3756682     
   1    12   3.4857520       0.2429641       3.0411424       3.9953627     
   1    13   3.2272215       0.2286168       2.8093372       3.7072653     
   1    14   4.5445991       0.3471490       3.9135247       5.2774373     
   1    15   4.3259180       0.2697203       3.8287455       4.8876497     
   1    16   3.5946226       0.2041919       3.2161699       4.0176085     
   1    17   4.1578829       0.2345205       3.7230466       4.6435063     
   1    18   3.7503410       0.2184342       3.3460665       4.2034602     
   1    19   3.3032928       0.2001243       2.9337612       3.7193698     
   1    20   2.9679469       0.2047358       2.5930261       3.3970768     
   1    21   5.0934346       0.3826729       4.3969167       5.9002883     
   1    22   3.3692857       0.2337002       2.9414848       3.8593048     
   1    23   3.3165744       0.2654832       2.8357033       3.8789904     
   1    24   3.1598619       0.2587285       2.6920746       3.7089340     
   1    25   4.0352784       0.2953476       3.4966724       4.6568480     
   1    26   4.0343176       0.3401931       3.4207274       4.7579701     
   1    27   2.6583418       0.2249425       2.2527412       3.1369699     
   1    28   3.7772830       0.2926368       3.2458762       4.3956904     
   1    29   3.1201329       0.2655649       2.6415198       3.6854652     
   1    30   4.0626916       0.4059315       3.3417505       4.9391669     
 Pr(Captured 1 or more times) of { alpha(~1 + captive + sex + effort.trapdays + recordloss.agout.total)sigma(~1 + recordloss.agout.var)U(~sample_month)Phi(~1 + age.t)Gamma''(~1)Gamma'(~1) }
                                                95% Confidence Interval
 Grp. Occ.      p*-hat       Standard Error      Lower           Upper
 ---- ----   --------------  --------------  --------------  --------------
   1     1   0.2962635       0.0102969       0.2764871       0.3168349     
   1     2   0.3087699       0.0080702       0.2931804       0.3248075     
   1     3   0.3180184       0.0052458       0.3078265       0.3283877     
   1     4   0.4660731       0.0104584       0.4456432       0.4866173     
   1     5   0.3038517       0.0075648       0.2892316       0.3188792     
   1     6   0.1905426       0.0029301       0.1848658       0.1963518     
   1     7   0.1902383       0.0030457       0.1843404       0.1962796     
   1     8   0.1820333       0.0042731       0.1738073       0.1905589     
   1     9   0.4692683       0.0102360       0.4492662       0.4893697     
   1    10   0.1882660       0.0032124       0.1820503       0.1946434     
   1    11   0.1939832       0.0019673       0.1901563       0.1978682     
   1    12   0.2407645       0.0027422       0.2354308       0.2461802     
   1    13   0.2376269       0.0033171       0.2311867       0.2441895     
   1    14   0.2452094       0.0017880       0.2417219       0.2487307     
   1    15   0.2443659       0.0017881       0.2408783       0.2478876     
   1    16   0.1338346       0.0021069       0.1297587       0.1380183     
   1    17   0.1380359       0.0013197       0.1354697       0.1406429     
   1    18   0.1359135       0.0018104       0.1324039       0.1395011     
   1    19   0.1313468       0.0026258       0.1262853       0.1365794     
   1    20   0.1789868       0.0047079       0.1699445       0.1884010     
   1    21   0.2467511       0.0012611       0.2442878       0.2492311     
   1    22   0.1863807       0.0034126       0.1797843       0.1931621     
   1    23   0.1833299       0.0050707       0.1735996       0.1934780     
   1    24   0.3088376       0.0072532       0.2948051       0.3232318     
   1    25   0.2400187       0.0035418       0.2331456       0.2470291     

  Program  MARK  - Survival Rate Estimation with Capture-Recapture Data
   gfortran(Win64) Vers. 8.1 Mar 2016    5-Aug-2016 15:56:58    Page  019
 - - - - - - - - - - - - - - - - - - - - - - - - - - - - - - - - - - - - - -
 
   1    26   0.1923325       0.0025952       0.1872972       0.1974703     
   1    27   0.1753258       0.0060907       0.1637062       0.1875852     
   1    28   0.1900188       0.0032009       0.1838242       0.1963720     
   1    29   0.2298710       0.0058013       0.2186981       0.2414384     
   1    30   0.1868482       0.0050903       0.1770757       0.1970308     

 Attempted ordering of parameters by estimatibility:
   1 11  8 10 13 12  2  9  6  3  4 14  5  7 15
 Beta number 15 is a singular value.

     CPU Time in seconds for last procedure was 7.84


  INPUT --- proc stop;

   * *  WARNING  * *   Numerical underflow occurred during final processing of this model. 
     IEEE flag status at final processing of this model:
     overflow       F
     divide by zero F
     invalid        F
     underflow      T
     inexact        T


     CPU Time in minutes for this job was 0.13

     Time Start = 15:56:53.144   Time End = 15:56:58.832

     Wall Clock Time in minutes for this job was 0.09


          E X E C U T I O N   S U C C E S S F U L 
