
   Program  MARK  - Survival Rate Estimation with Capture-Recapture Data
   gfortran(Win64) Vers. 8.1 Mar 2016    5-Aug-2016 15:45:35    Page  001
 - - - - - - - - - - - - - - - - - - - - - - - - - - - - - - - - - - - - - -
 
   This version was compiled by GCC version 5.3.0 using the options: 
     -cpp -iprefix c:\tdm-gcc-64\gcc\bin\../lib/gcc/x86_64-w64-mingw32/5.3.0/ -D_MT
     -U_REENTRANT -D IEEE -m64 -mtune=generic -march=x86-64 -mthreads -O2
     -fimplicit-none -fbounds-check -funroll-loops -ftree-vectorize
     -ffpe-summary=invalid,zero,overflow,underflow -fno-unsafe-math-optimizations
     -frounding-math -fsignaling-nans -fopenmp.

   This problem will use 3 of 4 possible threads.


  INPUT --- proc title ;

     CPU Time in seconds for last procedure was 0.00


  INPUT --- proc chmatrix occasions= 30 groups= 1 etype= PoissonMR 
  INPUT --- icovar = 31 ICMeans NoHist  hist= 14 ;

  INPUT ---    time interval 0.2 0.2 0.2 0.2 2 0.2 0.2 0.2 0.2 2.5 0.2 0.2 
  INPUT ---    0.2 0.2 2.667 0.2 0.2 0.2  0.2 1.767 0.2 0.2 0.2 0.2 3.167 
  INPUT ---    0.2 0.2 0.2 0.2 ;

  INPUT ---     icovariates captive age.t1 age.t1.2 age.t1.4  age.t1.6 
  INPUT ---    age.t1.8 age.t3.8 age.t4 age.t4.2 age.t4.4 age.t4.6 
  INPUT ---    age.t7.1 age.t7.3 age.t7.5 age.t7.7  age.t7.9 age.t10.567 
  INPUT ---    age.t10.767 age.t10.967 age.t11.167 age.t11.367 age.t13.134 
  INPUT ---    age.t13.334  age.t13.534 age.t13.734 age.t13.934 
  INPUT ---    age.t17.101 age.t17.301 age.t17.501 age.t17.701 age.t17.901 
  INPUT ---    ;

  INPUT ---    glabel(1)=Group 1;

      Number of unique encounter histories read was 14.

      Number of individual covariates read was 31.
      Time interval lengths vary and/or not equal to 1.

      Data type number is 115
      Data type is Poisson Mark Resight with Robust Design                                                             

     CPU Time in seconds for last procedure was 0.00

  Program  MARK  - Survival Rate Estimation with Capture-Recapture Data
   gfortran(Win64) Vers. 8.1 Mar 2016    5-Aug-2016 15:45:35    Page  002
 - - - - - - - - - - - - - - - - - - - - - - - - - - - - - - - - - - - - - -
 


  INPUT --- proc estimate link=Parm-Specific NOLOOP varest=2ndPart    ;


  INPUT --- model={ alpha(~1 + captive + age.t + effort.trapdays + 
  INPUT --- recordloss.agout.total)sigma(~1)U(~sample_month)Phi(~1)Gamma
  INPUT --- ''(~1)Gamma'(~1) };

  INPUT ---    fixed=2;
  INPUT ---        parm(41)=1 ;
  INPUT ---        parm(42)=0 ;

  INPUT ---    group=1 alpha    rows=1 cols=30 Square ;
  INPUT ---        1 2 3 4 5 6 7 8 9 10 11 12 13 14 15 16 17 18 19 20 21 22 
  INPUT ---       23 24 25 26 27 28 29 30 ;

  INPUT ---    group=1 sigma    rows=1 cols=30 Square ;
  INPUT ---        31 31 31 31 31 31 31 31 31 31 31 31 31 31 31 31 31 31 31 
  INPUT ---       31 31 31 31 31 31 31 31 31 31 31 ;

  INPUT ---    group=1 U    rows=1 cols=30 Square ;
  INPUT ---        32 32 32 32 32 33 33 33 33 33 34 34 34 34 34 35 35 35 35 
  INPUT ---       35 36 36 36 36 36 37 37 37 37 37 ;

  INPUT ---    group=1 Phi    rows=29 cols=29 Triang ;
  INPUT ---        41 41 41 41 38 41 41 41 41 38 41 41 41 41 38 41 41 41 41 
  INPUT ---       38 41 41 41 41 38 41 41 41 41 ;
  INPUT ---        41 41 41 41 41 41 41 41 41 41 41 41 41 41 41 41 41 41 41 
  INPUT ---       41 41 41 41 41 41 41 41 41 ;
  INPUT ---        41 41 41 41 41 41 41 41 41 41 41 41 41 41 41 41 41 41 41 
  INPUT ---       41 41 41 41 41 41 41 41 ;
  INPUT ---        41 41 41 41 41 41 41 41 41 41 41 41 41 41 41 41 41 41 41 
  INPUT ---       41 41 41 41 41 41 41 ;
  INPUT ---        41 41 41 41 41 41 41 41 41 41 41 41 41 41 41 41 41 41 41 
  INPUT ---       41 41 41 41 41 41 ;
  INPUT ---        41 41 41 41 38 41 41 41 41 38 41 41 41 41 38 41 41 41 41 
  INPUT ---       38 41 41 41 41 ;
  INPUT ---        41 41 41 41 41 41 41 41 41 41 41 41 41 41 41 41 41 41 41 
  INPUT ---       41 41 41 41 ;
  INPUT ---        41 41 41 41 41 41 41 41 41 41 41 41 41 41 41 41 41 41 41 
  INPUT ---       41 41 41 ;
  INPUT ---        41 41 41 41 41 41 41 41 41 41 41 41 41 41 41 41 41 41 41 
  INPUT ---       41 41 ;
  INPUT ---        41 41 41 41 41 41 41 41 41 41 41 41 41 41 41 41 41 41 41 
  INPUT ---       41 ;

  Program  MARK  - Survival Rate Estimation with Capture-Recapture Data
   gfortran(Win64) Vers. 8.1 Mar 2016    5-Aug-2016 15:45:35    Page  003
 - - - - - - - - - - - - - - - - - - - - - - - - - - - - - - - - - - - - - -
 
  INPUT ---        41 41 41 41 38 41 41 41 41 38 41 41 41 41 38 41 41 41 41 ;
  INPUT ---        41 41 41 41 41 41 41 41 41 41 41 41 41 41 41 41 41 41 ;
  INPUT ---        41 41 41 41 41 41 41 41 41 41 41 41 41 41 41 41 41 ;
  INPUT ---        41 41 41 41 41 41 41 41 41 41 41 41 41 41 41 41 ;
  INPUT ---        41 41 41 41 41 41 41 41 41 41 41 41 41 41 41 ;
  INPUT ---        41 41 41 41 38 41 41 41 41 38 41 41 41 41 ;
  INPUT ---        41 41 41 41 41 41 41 41 41 41 41 41 41 ;
  INPUT ---        41 41 41 41 41 41 41 41 41 41 41 41 ;
  INPUT ---        41 41 41 41 41 41 41 41 41 41 41 ;
  INPUT ---        41 41 41 41 41 41 41 41 41 41 ;
  INPUT ---        41 41 41 41 38 41 41 41 41 ;
  INPUT ---        41 41 41 41 41 41 41 41 ;
  INPUT ---        41 41 41 41 41 41 41 ;
  INPUT ---        41 41 41 41 41 41 ;
  INPUT ---        41 41 41 41 41 ;
  INPUT ---        41 41 41 41 ;
  INPUT ---        41 41 41 ;
  INPUT ---        41 41 ;
  INPUT ---        41 ;

  INPUT ---    group=1 Gamma''    rows=29 cols=29 Triang ;
  INPUT ---        42 42 42 42 39 42 42 42 42 39 42 42 42 42 39 42 42 42 42 
  INPUT ---       39 42 42 42 42 39 42 42 42 42 ;
  INPUT ---        42 42 42 42 42 42 42 42 42 42 42 42 42 42 42 42 42 42 42 
  INPUT ---       42 42 42 42 42 42 42 42 42 ;
  INPUT ---        42 42 42 42 42 42 42 42 42 42 42 42 42 42 42 42 42 42 42 
  INPUT ---       42 42 42 42 42 42 42 42 ;
  INPUT ---        42 42 42 42 42 42 42 42 42 42 42 42 42 42 42 42 42 42 42 
  INPUT ---       42 42 42 42 42 42 42 ;
  INPUT ---        42 42 42 42 42 42 42 42 42 42 42 42 42 42 42 42 42 42 42 
  INPUT ---       42 42 42 42 42 42 ;
  INPUT ---        42 42 42 42 39 42 42 42 42 39 42 42 42 42 39 42 42 42 42 
  INPUT ---       39 42 42 42 42 ;
  INPUT ---        42 42 42 42 42 42 42 42 42 42 42 42 42 42 42 42 42 42 42 
  INPUT ---       42 42 42 42 ;
  INPUT ---        42 42 42 42 42 42 42 42 42 42 42 42 42 42 42 42 42 42 42 
  INPUT ---       42 42 42 ;
  INPUT ---        42 42 42 42 42 42 42 42 42 42 42 42 42 42 42 42 42 42 42 
  INPUT ---       42 42 ;
  INPUT ---        42 42 42 42 42 42 42 42 42 42 42 42 42 42 42 42 42 42 42 
  INPUT ---       42 ;
  INPUT ---        42 42 42 42 39 42 42 42 42 39 42 42 42 42 39 42 42 42 42 ;
  INPUT ---        42 42 42 42 42 42 42 42 42 42 42 42 42 42 42 42 42 42 ;
  INPUT ---        42 42 42 42 42 42 42 42 42 42 42 42 42 42 42 42 42 ;
  INPUT ---        42 42 42 42 42 42 42 42 42 42 42 42 42 42 42 42 ;
  INPUT ---        42 42 42 42 42 42 42 42 42 42 42 42 42 42 42 ;

  Program  MARK  - Survival Rate Estimation with Capture-Recapture Data
   gfortran(Win64) Vers. 8.1 Mar 2016    5-Aug-2016 15:45:35    Page  004
 - - - - - - - - - - - - - - - - - - - - - - - - - - - - - - - - - - - - - -
 
  INPUT ---        42 42 42 42 39 42 42 42 42 39 42 42 42 42 ;
  INPUT ---        42 42 42 42 42 42 42 42 42 42 42 42 42 ;
  INPUT ---        42 42 42 42 42 42 42 42 42 42 42 42 ;
  INPUT ---        42 42 42 42 42 42 42 42 42 42 42 ;
  INPUT ---        42 42 42 42 42 42 42 42 42 42 ;
  INPUT ---        42 42 42 42 39 42 42 42 42 ;
  INPUT ---        42 42 42 42 42 42 42 42 ;
  INPUT ---        42 42 42 42 42 42 42 ;
  INPUT ---        42 42 42 42 42 42 ;
  INPUT ---        42 42 42 42 42 ;
  INPUT ---        42 42 42 42 ;
  INPUT ---        42 42 42 ;
  INPUT ---        42 42 ;
  INPUT ---        42 ;

  INPUT ---    group=1 Gamma'    rows=28 cols=28 Triang ;
  INPUT ---        42 42 42 40 42 42 42 42 40 42 42 42 42 40 42 42 42 42 40 
  INPUT ---       42 42 42 42 40 42 42 42 42 ;
  INPUT ---        42 42 42 42 42 42 42 42 42 42 42 42 42 42 42 42 42 42 42 
  INPUT ---       42 42 42 42 42 42 42 42 ;
  INPUT ---        42 42 42 42 42 42 42 42 42 42 42 42 42 42 42 42 42 42 42 
  INPUT ---       42 42 42 42 42 42 42 ;
  INPUT ---        42 42 42 42 42 42 42 42 42 42 42 42 42 42 42 42 42 42 42 
  INPUT ---       42 42 42 42 42 42 ;
  INPUT ---        42 42 42 42 42 42 42 42 42 42 42 42 42 42 42 42 42 42 42 
  INPUT ---       42 42 42 42 42 ;
  INPUT ---        42 42 42 40 42 42 42 42 40 42 42 42 42 40 42 42 42 42 40 
  INPUT ---       42 42 42 42 ;
  INPUT ---        42 42 42 42 42 42 42 42 42 42 42 42 42 42 42 42 42 42 42 
  INPUT ---       42 42 42 ;
  INPUT ---        42 42 42 42 42 42 42 42 42 42 42 42 42 42 42 42 42 42 42 
  INPUT ---       42 42 ;
  INPUT ---        42 42 42 42 42 42 42 42 42 42 42 42 42 42 42 42 42 42 42 
  INPUT ---       42 ;
  INPUT ---        42 42 42 42 42 42 42 42 42 42 42 42 42 42 42 42 42 42 42 ;
  INPUT ---        42 42 42 40 42 42 42 42 40 42 42 42 42 40 42 42 42 42 ;
  INPUT ---        42 42 42 42 42 42 42 42 42 42 42 42 42 42 42 42 42 ;
  INPUT ---        42 42 42 42 42 42 42 42 42 42 42 42 42 42 42 42 ;
  INPUT ---        42 42 42 42 42 42 42 42 42 42 42 42 42 42 42 ;
  INPUT ---        42 42 42 42 42 42 42 42 42 42 42 42 42 42 ;
  INPUT ---        42 42 42 40 42 42 42 42 40 42 42 42 42 ;
  INPUT ---        42 42 42 42 42 42 42 42 42 42 42 42 ;
  INPUT ---        42 42 42 42 42 42 42 42 42 42 42 ;
  INPUT ---        42 42 42 42 42 42 42 42 42 42 ;
  INPUT ---        42 42 42 42 42 42 42 42 42 ;
  INPUT ---        42 42 42 40 42 42 42 42 ;

  Program  MARK  - Survival Rate Estimation with Capture-Recapture Data
   gfortran(Win64) Vers. 8.1 Mar 2016    5-Aug-2016 15:45:35    Page  005
 - - - - - - - - - - - - - - - - - - - - - - - - - - - - - - - - - - - - - -
 
  INPUT ---        42 42 42 42 42 42 42 ;
  INPUT ---        42 42 42 42 42 42 ;
  INPUT ---        42 42 42 42 42 ;
  INPUT ---        42 42 42 42 ;
  INPUT ---        42 42 42 ;
  INPUT ---        42 42 ;
  INPUT ---        42 ;

  INPUT ---    initial  0.8492118 0 0 0 0 -0.3123225 3.139572 0 0 0 0 0 
  INPUT ---    2.0066797 -2.9445172 17.724958  ;

  INPUT ---    design matrix constraints=42 covariates=15;
  INPUT ---        1 captive age.t1 96 0.186046511627907 0 0 0 0 0 0 0 0 0 0;
  INPUT ---        1 captive age.t1.2 96 0.127659574468085 0 0 0 0 0 0 0 0 0 
  INPUT ---       0;
  INPUT ---        1 captive age.t1.4 114 0.08 0 0 0 0 0 0 0 0 0 0;
  INPUT ---        1 captive age.t1.6 120 0.166666666666667 0 0 0 0 0 0 0 0 0 
  INPUT ---       0;
  INPUT ---        1 captive age.t1.8 115 0.169230769230769 0 0 0 0 0 0 0 0 0 
  INPUT ---       0;
  INPUT ---        1 captive age.t3.8 126 0.0615384615384615 0 0 0 0 0 0 0 0 
  INPUT ---       0 0;
  INPUT ---        1 captive age.t4 126 0.0776699029126214 0 0 0 0 0 0 0 0 0 
  INPUT ---       0;
  INPUT ---        1 captive age.t4.2 126 0.170212765957447 0 0 0 0 0 0 0 0 0 
  INPUT ---       0;
  INPUT ---        1 captive age.t4.4 114 0.0666666666666667 0 0 0 0 0 0 0 0 
  INPUT ---       0 0;
  INPUT ---        1 captive age.t4.6 126 0.0894308943089431 0 0 0 0 0 0 0 0 
  INPUT ---       0 0;
  INPUT ---        1 captive age.t7.1 139 0.08 0 0 0 0 0 0 0 0 0 0;
  INPUT ---        1 captive age.t7.3 168 0.135135135135135 0 0 0 0 0 0 0 0 0 
  INPUT ---       0;
  INPUT ---        1 captive age.t7.5 180 0.213740458015267 0 0 0 0 0 0 0 0 0 
  INPUT ---       0;
  INPUT ---        1 captive age.t7.7 174 0.0869565217391304 0 0 0 0 0 0 0 0 
  INPUT ---       0 0;
  INPUT ---        1 captive age.t7.9 173 0.131428571428571 0 0 0 0 0 0 0 0 0 
  INPUT ---       0;
  INPUT ---        1 captive age.t10.567 166 0.167441860465116 0 0 0 0 0 0 0 
  INPUT ---       0 0 0;
  INPUT ---        1 captive age.t10.767 172 0.155 0 0 0 0 0 0 0 0 0 0;
  INPUT ---        1 captive age.t10.967 166 0.168831168831169 0 0 0 0 0 0 0 
  INPUT ---       0 0 0;
  INPUT ---        1 captive age.t11.167 171 0.231182795698925 0 0 0 0 0 0 0 
  INPUT ---       0 0 0;

  Program  MARK  - Survival Rate Estimation with Capture-Recapture Data
   gfortran(Win64) Vers. 8.1 Mar 2016    5-Aug-2016 15:45:35    Page  006
 - - - - - - - - - - - - - - - - - - - - - - - - - - - - - - - - - - - - - -
 
  INPUT ---        1 captive age.t11.367 151 0.224489795918367 0 0 0 0 0 0 0 
  INPUT ---       0 0 0;
  INPUT ---        1 captive age.t13.134 192 0.125827814569536 0 0 0 0 0 0 0 
  INPUT ---       0 0 0;
  INPUT ---        1 captive age.t13.334 185 0.201612903225806 0 0 0 0 0 0 0 
  INPUT ---       0 0 0;
  INPUT ---        1 captive age.t13.534 198 0.244604316546763 0 0 0 0 0 0 0 
  INPUT ---       0 0 0;
  INPUT ---        1 captive age.t13.734 198 0.282828282828283 0 0 0 0 0 0 0 
  INPUT ---       0 0 0;
  INPUT ---        1 captive age.t13.934 195 0.314516129032258 0 0 0 0 0 0 0 
  INPUT ---       0 0 0;
  INPUT ---        1 captive age.t17.101 192 0.137254901960784 0 0 0 0 0 0 0 
  INPUT ---       0 0 0;
  INPUT ---        1 captive age.t17.301 192 0.266129032258065 0 0 0 0 0 0 0 
  INPUT ---       0 0 0;
  INPUT ---        1 captive age.t17.501 198 0.198581560283688 0 0 0 0 0 0 0 
  INPUT ---       0 0 0;
  INPUT ---        1 captive age.t17.701 198 0.293333333333333 0 0 0 0 0 0 0 
  INPUT ---       0 0 0;
  INPUT ---        1 captive age.t17.901 198 0.202453987730061 0 0 0 0 0 0 0 
  INPUT ---       0 0 0;
  INPUT ---        0 0 0 0 0 1 0 0 0 0 0 0 0 0 0;
  INPUT ---        0 0 0 0 0 0 1 0 0 0 0 0 0 0 0;
  INPUT ---        0 0 0 0 0 0 1 1 0 0 0 0 0 0 0;
  INPUT ---        0 0 0 0 0 0 1 0 1 0 0 0 0 0 0;
  INPUT ---        0 0 0 0 0 0 1 0 0 1 0 0 0 0 0;
  INPUT ---        0 0 0 0 0 0 1 0 0 0 1 0 0 0 0;
  INPUT ---        0 0 0 0 0 0 1 0 0 0 0 1 0 0 0;
  INPUT ---        0 0 0 0 0 0 0 0 0 0 0 0 1 0 0;
  INPUT ---        0 0 0 0 0 0 0 0 0 0 0 0 0 1 0;
  INPUT ---        0 0 0 0 0 0 0 0 0 0 0 0 0 0 1;
  INPUT ---        0 0 0 0 0 0 0 0 0 0 0 0 0 0 0;
  INPUT ---        0 0 0 0 0 0 0 0 0 0 0 0 0 0 0;

  INPUT ---    links=42;

  INPUT ---    Log;

  INPUT ---    Log;

  INPUT ---    Log;

  INPUT ---    Log;

  INPUT ---    Log;

  Program  MARK  - Survival Rate Estimation with Capture-Recapture Data
   gfortran(Win64) Vers. 8.1 Mar 2016    5-Aug-2016 15:45:35    Page  007
 - - - - - - - - - - - - - - - - - - - - - - - - - - - - - - - - - - - - - -
 

  INPUT ---    Log;

  INPUT ---    Log;

  INPUT ---    Log;

  INPUT ---    Log;

  INPUT ---    Log;

  INPUT ---    Log;

  INPUT ---    Log;

  INPUT ---    Log;

  INPUT ---    Log;

  INPUT ---    Log;

  INPUT ---    Log;

  INPUT ---    Log;

  INPUT ---    Log;

  INPUT ---    Log;

  INPUT ---    Log;

  INPUT ---    Log;

  INPUT ---    Log;

  INPUT ---    Log;

  INPUT ---    Log;

  INPUT ---    Log;

  INPUT ---    Log;

  INPUT ---    Log;

  INPUT ---    Log;

  Program  MARK  - Survival Rate Estimation with Capture-Recapture Data
   gfortran(Win64) Vers. 8.1 Mar 2016    5-Aug-2016 15:45:35    Page  008
 - - - - - - - - - - - - - - - - - - - - - - - - - - - - - - - - - - - - - -
 

  INPUT ---    Log;

  INPUT ---    Log;

  INPUT ---    Log;

  INPUT ---    Log;

  INPUT ---    Log;

  INPUT ---    Log;

  INPUT ---    Log;

  INPUT ---    Log;

  INPUT ---    Log;

  INPUT ---    Logit;

  INPUT ---    Logit;

  INPUT ---    Logit;

  INPUT ---    Logit;

  INPUT ---    Logit;
  INPUT ---       blabel(1)=alpha:(Intercept);
  INPUT ---       blabel(2)=alpha:captive;
  INPUT ---       blabel(3)=alpha:age.t;
  INPUT ---       blabel(4)=alpha:effort.trapdays;
  INPUT ---       blabel(5)=alpha:recordloss.agout.total;
  INPUT ---       blabel(6)=sigma:(Intercept);
  INPUT ---       blabel(7)=U:(Intercept);
  INPUT ---       blabel(8)=U:sample_monthB;
  INPUT ---       blabel(9)=U:sample_monthC;
  INPUT ---       blabel(10)=U:sample_monthD;
  INPUT ---       blabel(11)=U:sample_monthE;
  INPUT ---       blabel(12)=U:sample_monthF;
  INPUT ---       blabel(13)=Phi:(Intercept);
  INPUT ---       blabel(14)=GammaDoublePrime:(Intercept);
  INPUT ---       blabel(15)=GammaPrime:(Intercept);
  INPUT ---       rlabel(1)=alpha g1 a0 t1;
  INPUT ---       rlabel(2)=alpha g1 a0.2 t1.2;
  INPUT ---       rlabel(3)=alpha g1 a0.4 t1.4;

  Program  MARK  - Survival Rate Estimation with Capture-Recapture Data
   gfortran(Win64) Vers. 8.1 Mar 2016    5-Aug-2016 15:45:35    Page  009
 - - - - - - - - - - - - - - - - - - - - - - - - - - - - - - - - - - - - - -
 
  INPUT ---       rlabel(4)=alpha g1 a0.6 t1.6;
  INPUT ---       rlabel(5)=alpha g1 a0.8 t1.8;
  INPUT ---       rlabel(6)=alpha g1 a2.8 t3.8;
  INPUT ---       rlabel(7)=alpha g1 a3 t4;
  INPUT ---       rlabel(8)=alpha g1 a3.2 t4.2;
  INPUT ---       rlabel(9)=alpha g1 a3.4 t4.4;
  INPUT ---       rlabel(10)=alpha g1 a3.6 t4.6;
  INPUT ---       rlabel(11)=alpha g1 a6.1 t7.1;
  INPUT ---       rlabel(12)=alpha g1 a6.3 t7.3;
  INPUT ---       rlabel(13)=alpha g1 a6.5 t7.5;
  INPUT ---       rlabel(14)=alpha g1 a6.7 t7.7;
  INPUT ---       rlabel(15)=alpha g1 a6.9 t7.9;
  INPUT ---       rlabel(16)=alpha g1 a9.567 t10.567;
  INPUT ---       rlabel(17)=alpha g1 a9.767 t10.767;
  INPUT ---       rlabel(18)=alpha g1 a9.967 t10.967;
  INPUT ---       rlabel(19)=alpha g1 a10.167 t11.167;
  INPUT ---       rlabel(20)=alpha g1 a10.367 t11.367;
  INPUT ---       rlabel(21)=alpha g1 a12.134 t13.134;
  INPUT ---       rlabel(22)=alpha g1 a12.334 t13.334;
  INPUT ---       rlabel(23)=alpha g1 a12.534 t13.534;
  INPUT ---       rlabel(24)=alpha g1 a12.734 t13.734;
  INPUT ---       rlabel(25)=alpha g1 a12.934 t13.934;
  INPUT ---       rlabel(26)=alpha g1 a16.101 t17.101;
  INPUT ---       rlabel(27)=alpha g1 a16.301 t17.301;
  INPUT ---       rlabel(28)=alpha g1 a16.501 t17.501;
  INPUT ---       rlabel(29)=alpha g1 a16.701 t17.701;
  INPUT ---       rlabel(30)=alpha g1 a16.901 t17.901;
  INPUT ---       rlabel(31)=sigma g1 a0 t1;
  INPUT ---       rlabel(32)=U g1 a0 t1;
  INPUT ---       rlabel(33)=U g1 a2.8 t3.8;
  INPUT ---       rlabel(34)=U g1 a6.1 t7.1;
  INPUT ---       rlabel(35)=U g1 a9.567 t10.567;
  INPUT ---       rlabel(36)=U g1 a12.134 t13.134;
  INPUT ---       rlabel(37)=U g1 a16.101 t17.101;
  INPUT ---       rlabel(38)=Phi g1 c1 a0.8 t1.8;
  INPUT ---       rlabel(39)=Gamma'' g1 c1 a0.8 t1.8;
  INPUT ---       rlabel(40)=Gamma' g1 c1 a0.8 t1.8;
  INPUT ---       rlabel(41)=Phi g1 c1 a0 t1;
  INPUT ---       rlabel(42)=Gamma'' g1 c1 a0 t1;

 Link Function Used is PARM-SPECIFIC

 Variance Estimation Procedure Used is 2ndPart 

 M(t+1):
 Group=Group 1                                                                         
       3      3      3      2      3      5      5      5      2      5      5
       4      4      4      4     10      7      7      7      5      5      5
       5      3      4      5      5      5      4      5


 -2logL(saturated) = -0.0000000    

  Program  MARK  - Survival Rate Estimation with Capture-Recapture Data
   gfortran(Win64) Vers. 8.1 Mar 2016    5-Aug-2016 15:45:35    Page  010
 - - - - - - - - - - - - - - - - - - - - - - - - - - - - - - - - - - - - - -
 
 Effective Sample Size = 169
 Results from first iteration:
  -2logL Initial { alpha(~1 + captive + age.t + effort.trapdays + recordloss.agout.total)sigma(~1)U(~sample_month)Phi(~1)Gamma''(~1)Gamma'(~1) } = 1138.4459     
  Penalty Initial { alpha(~1 + captive + age.t + effort.trapdays + recordloss.agout.total)sigma(~1)U(~sample_month)Phi(~1)Gamma''(~1)Gamma'(~1) } = -0.0000000    

 Number of function evaluations was 28 for 15 parameters.
 Time for numerical optimization was 3.34 seconds.
 -2logL { alpha(~1 + captive + age.t + effort.trapdays + recordloss.agout.total)sigma(~1)U(~sample_month)Phi(~1)Gamma''(~1)Gamma'(~1) } = 1059.6350     
 Penalty { alpha(~1 + captive + age.t + effort.trapdays + recordloss.agout.total)sigma(~1)U(~sample_month)Phi(~1)Gamma''(~1)Gamma'(~1) } = -0.0000000    

   * *  WARNING  * *   Numerical underflow occurred during optimization of this model. 
     IEEE flag status at end of optimization:
     overflow       F
     divide by zero F
     invalid        F
     underflow      T
     inexact        T

 Gradient { alpha(~1 + captive + age.t + effort.trapdays + recordloss.agout.total)sigma(~1)U(~sample_month)Phi(~1)Gamma''(~1)Gamma'(~1) }:
  0.3283579E-03 0.2016947E-04 0.1541824E-03 0.1290752E-03 0.5786064E-05
   0.000000     0.5026368E-04  0.000000    -0.4798698E-04 0.2583144E-04
  0.1781270E-04-0.1385058E-04-0.7562333E-05  0.000000      0.000000    
 S Vector { alpha(~1 + captive + age.t + effort.trapdays + recordloss.agout.total)sigma(~1)U(~sample_month)Phi(~1)Gamma''(~1)Gamma'(~1) }:
   5377.577      367.0960      305.7587      275.5986      241.1178    
   203.3327      116.1942      58.17198      28.39576      15.77405    
   6.136905      4.941293      2.445898     0.9499981     0.8106035E-08
 Time to compute number of parameters was 2.62 seconds.
   Threshold =  0.3200000E-06     Condition index =  0.1507377E-11     New Threshold =  0.3139454E-07
 New Guessimate of Estimated Parameters { alpha(~1 + captive + age.t + effort.trapdays + recordloss.agout.total)sigma(~1)U(~sample_month)Phi(~1)Gamma''(~1)Gamma'(~1) } = 14          
 Conditioned S Vector { alpha(~1 + captive + age.t + effort.trapdays + recordloss.agout.total)sigma(~1)U(~sample_month)Phi(~1)Gamma''(~1)Gamma'(~1) }:
   1.000000     0.6826420E-01 0.5685809E-01 0.5124958E-01 0.4483762E-01
  0.3781122E-01 0.2160717E-01 0.1081751E-01 0.5280401E-02 0.2933301E-02
  0.1141203E-02 0.9188698E-03 0.4548328E-03 0.1766591E-03 0.1507377E-11
 Number of Estimated Parameters { alpha(~1 + captive + age.t + effort.trapdays + recordloss.agout.total)sigma(~1)U(~sample_month)Phi(~1)Gamma''(~1)Gamma'(~1) } = 14          
 DEVIANCE { alpha(~1 + captive + age.t + effort.trapdays + recordloss.agout.total)sigma(~1)U(~sample_month)Phi(~1)Gamma''(~1)Gamma'(~1) } = 1059.6350                     
 DEVIANCE Degrees of Freedom { alpha(~1 + captive + age.t + effort.trapdays + recordloss.agout.total)sigma(~1)U(~sample_month)Phi(~1)Gamma''(~1)Gamma'(~1) } = 0            
 c-hat { alpha(~1 + captive + age.t + effort.trapdays + recordloss.agout.total)sigma(~1)U(~sample_month)Phi(~1)Gamma''(~1)Gamma'(~1) } = 1.0000000                     
 AIC { alpha(~1 + captive + age.t + effort.trapdays + recordloss.agout.total)sigma(~1)U(~sample_month)Phi(~1)Gamma''(~1)Gamma'(~1) } = 1087.6350                  
 AICc { alpha(~1 + captive + age.t + effort.trapdays + recordloss.agout.total)sigma(~1)U(~sample_month)Phi(~1)Gamma''(~1)Gamma'(~1) } = 1090.3623                    
 BIC { alpha(~1 + captive + age.t + effort.trapdays + recordloss.agout.total)sigma(~1)U(~sample_month)Phi(~1)Gamma''(~1)Gamma'(~1) } = 1131.4536                    
 Pearson Chisquare { alpha(~1 + captive + age.t + effort.trapdays + recordloss.agout.total)sigma(~1)U(~sample_month)Phi(~1)Gamma''(~1)Gamma'(~1) } = 0.4529206E+033             

   * *  WARNING  * *   Numerical underflow occurred during variance-covariance calculation of this model. 
     IEEE flag status at end of variance-covariance calculation:
     overflow       F
     divide by zero F
     invalid        F
     underflow      T
     inexact        T



 PARM-SPECIFIC Link Function Parameters of { alpha(~1 + captive + age.t + effort.trapdays + recordloss.agout.total)sigma(~1)U(~sample_month)Phi(~1)Gamma''(~1)Gamma'(~1) }
                                                              95% Confidence Interval
 Parameter                    Beta         Standard Error      Lower           Upper
 -------------------------  --------------  --------------  --------------  --------------

  Program  MARK  - Survival Rate Estimation with Capture-Recapture Data
   gfortran(Win64) Vers. 8.1 Mar 2016    5-Aug-2016 15:45:39    Page  011
 - - - - - - - - - - - - - - - - - - - - - - - - - - - - - - - - - - - - - -
 
    1:alpha:(Intercept)     0.7311422       0.3247895       0.0945547       1.3677297     
    2:alpha:captive         0.1273160       0.1066868       -0.0817902      0.3364222     
    3:alpha:age.t           0.1797643       0.1597485       -0.1333427      0.4928713     
    4:alpha:effort.trapday  0.0038463       0.0018391       0.2417190E-003  0.0074508     
    5:alpha:recordloss.ago  -2.9296777      0.5656880       -4.0384262      -1.8209292    
    6:sigma:(Intercept)     -0.7564505      0.1335097       -1.0181296      -0.4947714    
    7:U:(Intercept)         2.6188944       0.1414678       2.3416175       2.8961713     
    8:U:sample_monthB       0.3161321       0.1331655       0.0551277       0.5771364     
    9:U:sample_monthC       0.4214710       0.1517320       0.1240763       0.7188658     
   10:U:sample_monthD       0.7604414       0.1439509       0.4782976       1.0425851     
   11:U:sample_monthE       0.2764692       0.1710210       -0.0587321      0.6116704     
   12:U:sample_monthF       0.6416189       0.1759486       0.2967596       0.9864782     
   13:Phi:(Intercept)       2.0066603       0.4036689       1.2154692       2.7978513     
   14:GammaDoublePrime:(In  -2.9444357      1.0259794       -4.9553554      -0.9335161    
   15:GammaPrime:(Intercep  17.724958       0.0000000       17.724958       17.724958     


 Real Function Parameters of { alpha(~1 + captive + age.t + effort.trapdays + recordloss.agout.total)sigma(~1)U(~sample_month)Phi(~1)Gamma''(~1)Gamma'(~1) }

  Program  MARK  - Survival Rate Estimation with Capture-Recapture Data
   gfortran(Win64) Vers. 8.1 Mar 2016    5-Aug-2016 15:45:39    Page  012
 - - - - - - - - - - - - - - - - - - - - - - - - - - - - - - - - - - - - - -
 

      Following estimates based on unstandardized individual covariate values:
          Variable   Value         
          ---------  ------------- 
          CAPTIVE    0.2142857     
          AGE.T1     1.0000000     
          AGE.T1.2   1.0000000     
          AGE.T1.4   1.0000000     
          AGE.T1.6   1.0000000     
          AGE.T1.8   1.0000000     
          AGE.T3.8   1.0000000     
          AGE.T4     1.0000000     
          AGE.T4.2   1.0000000     
          AGE.T4.4   1.0000000     
          AGE.T4.6   1.0000000     
          AGE.T7.1   0.8333333     
          AGE.T7.3   0.8333333     
          AGE.T7.5   0.8333333     
          AGE.T7.7   0.8333333     
          AGE.T7.9   0.8333333     
          AGE.T10.56 0.6666667     
          AGE.T10.76 0.6666667     
          AGE.T10.96 0.6666667     
          AGE.T11.16 0.6666667     
          AGE.T11.36 0.6666667     
          AGE.T13.13 1.0000000     
          AGE.T13.33 1.0000000     
          AGE.T13.53 1.0000000     
          AGE.T13.73 1.0000000     
          AGE.T13.93 1.0000000     
          AGE.T17.10 0.9230769     
          AGE.T17.30 0.9230769     
          AGE.T17.50 0.9230769     
          AGE.T17.70 0.9230769     
          AGE.T17.90 0.9230769     
                                                               95% Confidence Interval
  Parameter                  Estimate       Standard Error      Lower           Upper
 --------------------------  --------------  --------------  --------------  --------------
     1:alpha g1 a0 t1        2.1433571       0.3169727       1.6065402       2.8595485                           
     2:alpha g1 a0.2 t1.2    2.5432130       0.3467764       1.9491725       3.3182966                           
     3:alpha g1 a0.4 t1.4    3.1339311       0.3441860       2.5286227       3.8841398                           
     4:alpha g1 a0.6 t1.6    2.4879531       0.2690829       2.0139418       3.0735301                           
     5:alpha g1 a0.8 t1.8    2.4222988       0.2796982       1.9331457       3.0352248                           
     6:alpha g1 a2.8 t3.8    3.4643661       0.3490804       2.8449130       4.2186992                           
     7:alpha g1 a3 t4        3.3044490       0.3251975       2.7260312       4.0055973                           
     8:alpha g1 a3.2 t4.2    2.5197230       0.2546885       2.0679120       3.0702486                           
     9:alpha g1 a3.4 t4.4    3.2587723       0.3608341       2.6247520       4.0459430                           
    10:alpha g1 a3.6 t4.6    3.1925304       0.3103246       2.6399053       3.8608393                           
    11:alpha g1 a6.1 t7.1    3.3484046       0.2967734       2.8154058       3.9823082                           

  Program  MARK  - Survival Rate Estimation with Capture-Recapture Data
   gfortran(Win64) Vers. 8.1 Mar 2016    5-Aug-2016 15:45:39    Page  013
 - - - - - - - - - - - - - - - - - - - - - - - - - - - - - - - - - - - - - -
 
    12:alpha g1 a6.3 t7.3    3.1851438       0.2434507       2.7426003       3.6990956                           
    13:alpha g1 a6.5 t7.5    2.6494824       0.2052047       2.2768377       3.0831171                           
    14:alpha g1 a6.7 t7.7    3.7536279       0.3485987       3.1301742       4.5012582                           
    15:alpha g1 a6.9 t7.9    3.2824424       0.2614068       2.8087630       3.8360048                           
    16:alpha g1 a9.567 t10.  2.7904306       0.2220765       2.3879981       3.2606821                           
    17:alpha g1 a9.767 t10.  2.9615836       0.2412390       2.5252348       3.4733314                           
    18:alpha g1 a9.967 t10.  2.7790960       0.2211259       2.3783791       3.2473268                           
    19:alpha g1 a10.167 t11  2.3600595       0.2012738       1.9973758       2.7885993                           
    20:alpha g1 a10.367 t11  2.2285918       0.2086661       1.8556828       2.6764387                           
    21:alpha g1 a12.134 t13  3.6989015       0.3765462       3.0313952       4.5133912                           
    22:alpha g1 a12.334 t13  2.8837345       0.2385742       2.4527501       3.3904494                           
    23:alpha g1 a12.534 t13  2.6728267       0.2521831       2.2224691       3.2144440                           
    24:alpha g1 a12.734 t13  2.3896638       0.2371711       1.9681651       2.9014299                           
    25:alpha g1 a12.934 t13  2.1528203       0.2266959       1.7523468       2.6448162                           
    26:alpha g1 a16.101 t17  3.5279966       0.3397083       2.9224971       4.2589471                           
    27:alpha g1 a16.301 t17  2.4185556       0.2190156       2.0259572       2.8872335                           
    28:alpha g1 a16.501 t17  3.0166303       0.2788287       2.5177402       3.6143754                           
    29:alpha g1 a16.701 t17  2.2854165       0.2272161       1.8816782       2.7757819                           
    30:alpha g1 a16.901 t17  2.9826002       0.2747489       2.4908573       3.5714225                           
    31:sigma g1 a0 t1        0.4693294       0.0626600       0.3616875       0.6090065                           
    32:U g1 a0 t1            13.720546       1.9410152       10.412323       18.079864                           
    33:U g1 a2.8 t3.8        18.822002       2.1521894       15.053928       23.533242                           
    34:U g1 a6.1 t7.1        20.912884       1.7605411       17.737038       24.657371                           
    35:U g1 a9.567 t10.567   29.351268       2.1159477       25.488349       33.799637                           
    36:U g1 a12.134 t13.134  18.090077       1.6525247       15.130156       21.629049                           
    37:U g1 a16.101 t17.101  26.062912       2.3684978       21.818585       31.132880                           
    38:Phi g1 c1 a0.8 t1.8   0.8814946       0.0421680       0.7712652       0.9425596                           
    39:Gamma'' g1 c1 a0.8 t  0.0500002       0.0487342       0.0069963       0.2822119                           
    40:Gamma' g1 c1 a0.8 t1  1.0000000       0.0000000       1.0000000       1.0000000                           
    41:Phi g1 c1 a0 t1       1.0000000       0.0000000       1.0000000       1.0000000       Fixed               
    42:Gamma'' g1 c1 a0 t1   0.0000000       0.0000000       0.0000000       0.0000000       Fixed               

  Program  MARK  - Survival Rate Estimation with Capture-Recapture Data
   gfortran(Win64) Vers. 8.1 Mar 2016    5-Aug-2016 15:45:39    Page  014
 - - - - - - - - - - - - - - - - - - - - - - - - - - - - - - - - - - - - - -
 


                      Estimates of Derived Parameters
 Population Estimates of { alpha(~1 + captive + age.t + effort.trapdays + recordloss.agout.total)sigma(~1)U(~sample_month)Phi(~1)Gamma''(~1)Gamma'(~1) }
                                                95% Confidence Interval
 Grp. Occ.   N-hat           Standard Error      Lower           Upper
 ---- ----   --------------  --------------  --------------  --------------
   1     1   16.720546       1.9410163       13.328056       20.976552     
   1     2   16.720546       1.9410163       13.328056       20.976552     
   1     3   16.720546       1.9410163       13.328056       20.976552     
   1     4   15.924762       1.9803198       12.491825       20.301121     
   1     5   16.720546       1.9410163       13.328056       20.976552     
   1     6   23.822002       2.1521901       19.963265       28.426600     
   1     7   23.822002       2.1521901       19.963265       28.426600     
   1     8   23.822002       2.1521901       19.963265       28.426600     
   1     9   20.970962       2.1826102       17.110556       25.702336     
   1    10   23.822002       2.1521901       19.963265       28.426600     
   1    11   26.235180       1.8052333       22.928796       30.018352     
   1    12   25.201410       1.7996131       21.913783       28.982265     
   1    13   25.343862       1.8050297       22.045728       29.135411     
   1    14   25.122280       1.7951074       21.843032       28.893835     
   1    15   25.200597       1.7994403       21.913270       28.981072     
   1    16   36.990030       2.1906740       32.939489       41.538663     
   1    17   36.948395       2.1878713       32.902999       41.491168     
   1    18   36.995705       2.1912243       32.944170       41.545506     
   1    19   37.341581       2.2280187       33.223791       41.969734     
   1    20   35.051255       2.1919796       31.011547       39.617193     
   1    21   22.280101       1.6828391       19.218312       25.829682     
   1    22   23.529936       1.7092238       20.411237       27.125151     
   1    23   23.636122       1.7304189       20.480531       27.277919     
   1    24   21.488628       1.7068047       18.395189       25.102278     
   1    25   22.716048       1.7350017       19.561998       26.378637     
   1    26   31.375366       2.4210707       26.977540       36.490117     
   1    27   31.768164       2.4630102       27.295776       36.973349     
   1    28   31.508979       2.4409820       27.076321       36.667307     
   1    29   30.733286       2.4621608       26.273854       35.949612     
   1    30   31.520147       2.4422835       27.085187       36.681293     
 Mean Resighting Rate Estimates of { alpha(~1 + captive + age.t + effort.trapdays + recordloss.agout.total)sigma(~1)U(~sample_month)Phi(~1)Gamma''(~1)Gamma'(~1) }
                                                95% Confidence Interval
 Grp. Occ.   Lambda-hat      Standard Error      Lower           Upper
 ---- ----   --------------  --------------  --------------  --------------
   1     1   2.3929056       0.3397699       1.8141093       3.1563684     
   1     2   2.8393163       0.3700913       2.2015506       3.6618359     
   1     3   3.4988110       0.3591981       2.8626022       4.2764161     
   1     4   2.7776225       0.2779711       2.2840186       3.3779002     
   1     5   2.7043242       0.2918628       2.1900671       3.3393359     
   1     6   3.8677181       0.3599380       3.2241071       4.6398095     
   1     7   3.6891820       0.3333117       3.0915781       4.4023032     
   1     8   2.8130914       0.2597475       2.3482981       3.3698800     
   1     9   3.6381873       0.3774398       2.9703845       4.4561256     

  Program  MARK  - Survival Rate Estimation with Capture-Recapture Data
   gfortran(Win64) Vers. 8.1 Mar 2016    5-Aug-2016 15:45:39    Page  015
 - - - - - - - - - - - - - - - - - - - - - - - - - - - - - - - - - - - - - -
 
   1    10   3.5642329       0.3168949       2.9952531       4.2412963     
   1    11   4.1136214       0.2970845       3.5713269       4.7382616     
   1    12   3.7888202       0.2273080       3.3688493       4.2611458     
   1    13   3.4082250       0.1946343       3.0475943       3.8115301     
   1    14   4.9051351       0.3550821       4.2570816       5.6518416     
   1    15   4.6002745       0.2575804       4.1224875       5.1334359     
   1    16   3.6352979       0.2104754       3.2456203       4.0717612     
   1    17   4.2264573       0.2368310       3.7871772       4.7166902     
   1    18   3.8820177       0.2140956       3.4845605       4.3248098     
   1    19   3.2614913       0.2005205       2.8915566       3.6787540     
   1    20   3.0068935       0.2142777       2.6153828       3.4570115     
   1    21   5.5559936       0.4042388       4.8184931       6.4063731     
   1    22   3.5857407       0.2351980       3.1535903       4.0771106     
   1    23   3.3448894       0.2577882       2.8765781       3.8894425     
   1    24   3.2545289       0.2519014       2.7970617       3.7868161     
   1    25   4.1170101       0.2803069       3.6032447       4.7040304     
   1    26   4.3168572       0.3464776       3.6894134       5.0510078     
   1    27   2.7001452       0.2127430       2.3143227       3.1502884     
   1    28   3.9216670       0.2843540       3.4027589       4.5197068     
   1    29   3.2042582       0.2429346       2.7623832       3.7168162     
   1    30   3.8825848       0.2800402       3.3713560       4.4713358     
 Pr(Captured 1 or more times) of { alpha(~1 + captive + age.t + effort.trapdays + recordloss.agout.total)sigma(~1)U(~sample_month)Phi(~1)Gamma''(~1)Gamma'(~1) }
                                                95% Confidence Interval
 Grp. Occ.      p*-hat       Standard Error      Lower           Upper
 ---- ----   --------------  --------------  --------------  --------------
   1     1   0.2894982       0.0116409       0.2672249       0.3128354     
   1     2   0.3010758       0.0091601       0.2834321       0.3193284     
   1     3   0.3122834       0.0060710       0.3005097       0.3243045     
   1     4   0.4536759       0.0125040       0.4292995       0.4782765     
   1     5   0.2979989       0.0085301       0.2815540       0.3149831     
   1     6   0.1891069       0.0031335       0.1830416       0.1953252     
   1     7   0.1878837       0.0032920       0.1815164       0.1944213     
   1     8   0.1790057       0.0045597       0.1702424       0.1881178     
   1     9   0.4653412       0.0102866       0.4452469       0.4855487     
   1    10   0.1869330       0.0034151       0.1803314       0.1937191     
   1    11   0.1913745       0.0024206       0.1866749       0.1961638     
   1    12   0.2363654       0.0034869       0.2295995       0.2432677     
   1    13   0.2337262       0.0037331       0.2264890       0.2411225     
   1    14   0.2434832       0.0021414       0.2393107       0.2477048     
   1    15   0.2427369       0.0020711       0.2387006       0.2468193     
   1    16   0.1343872       0.0020698       0.1303818       0.1384959     
   1    17   0.1379232       0.0013192       0.1353579       0.1405294     
   1    18   0.1368834       0.0014083       0.1341465       0.1396671     
   1    19   0.1326799       0.0021639       0.1284957       0.1369788     
   1    20   0.1846200       0.0032064       0.1784180       0.1909874     
   1    21   0.2468085       0.0011743       0.2445141       0.2491173     
   1    22   0.1883828       0.0027341       0.1830825       0.1938001     
   1    23   0.1857441       0.0033467       0.1792738       0.1923932     
   1    24   0.3101716       0.0054203       0.2996491       0.3208943     
   1    25   0.2425287       0.0021889       0.2382642       0.2468448     

  Program  MARK  - Survival Rate Estimation with Capture-Recapture Data
   gfortran(Win64) Vers. 8.1 Mar 2016    5-Aug-2016 15:45:39    Page  016
 - - - - - - - - - - - - - - - - - - - - - - - - - - - - - - - - - - - - - -
 
   1    26   0.1916338       0.0024775       0.1868249       0.1965366     
   1    27   0.1752771       0.0047395       0.1661806       0.1847611     
   1    28   0.1899985       0.0026129       0.1849299       0.1951727     
   1    29   0.2296523       0.0045560       0.2208446       0.2387036     
   1    30   0.1897556       0.0026467       0.1846223       0.1949975     

 Attempted ordering of parameters by estimatibility:
   1  7 10 12  9 11  2  6  8  3  4 13  5 14 15
 Beta number 15 is a singular value.

     CPU Time in seconds for last procedure was 6.20


  INPUT --- proc stop;

   * *  WARNING  * *   Numerical underflow occurred during final processing of this model. 
     IEEE flag status at final processing of this model:
     overflow       F
     divide by zero F
     invalid        F
     underflow      T
     inexact        T


     CPU Time in minutes for this job was 0.10

     Time Start = 15:45:35.018   Time End = 15:45:39.435

     Wall Clock Time in minutes for this job was 0.07


          E X E C U T I O N   S U C C E S S F U L 
