
   Program  MARK  - Survival Rate Estimation with Capture-Recapture Data
   gfortran(Win64) Vers. 8.1 Mar 2016    5-Aug-2016 15:55:39    Page  001
 - - - - - - - - - - - - - - - - - - - - - - - - - - - - - - - - - - - - - -
 
   This version was compiled by GCC version 5.3.0 using the options: 
     -cpp -iprefix c:\tdm-gcc-64\gcc\bin\../lib/gcc/x86_64-w64-mingw32/5.3.0/ -D_MT
     -U_REENTRANT -D IEEE -m64 -mtune=generic -march=x86-64 -mthreads -O2
     -fimplicit-none -fbounds-check -funroll-loops -ftree-vectorize
     -ffpe-summary=invalid,zero,overflow,underflow -fno-unsafe-math-optimizations
     -frounding-math -fsignaling-nans -fopenmp.

   This problem will use 3 of 4 possible threads.


  INPUT --- proc title ;

     CPU Time in seconds for last procedure was 0.02


  INPUT --- proc chmatrix occasions= 30 groups= 1 etype= PoissonMR 
  INPUT --- icovar = 31 ICMeans NoHist  hist= 14 ;

  INPUT ---    time interval 0.2 0.2 0.2 0.2 2 0.2 0.2 0.2 0.2 2.5 0.2 0.2 
  INPUT ---    0.2 0.2 2.667 0.2 0.2 0.2  0.2 1.767 0.2 0.2 0.2 0.2 3.167 
  INPUT ---    0.2 0.2 0.2 0.2 ;

  INPUT ---     icovariates captive sex age.t1 age.t1.2 age.t1.4  age.t1.6 
  INPUT ---    age.t1.8 age.t3.8 age.t4 age.t4.2 age.t4.4 age.t4.6 
  INPUT ---    age.t7.1 age.t7.3 age.t7.5 age.t7.7  age.t7.9 age.t10.567 
  INPUT ---    age.t10.767 age.t10.967 age.t11.167 age.t11.367 age.t13.134 
  INPUT ---    age.t13.334  age.t13.534 age.t13.734 age.t13.934 
  INPUT ---    age.t17.101 age.t17.301 age.t17.501 age.t17.701 ;

  INPUT ---    glabel(1)=Group 1;

      Number of unique encounter histories read was 14.

      Number of individual covariates read was 31.
      Time interval lengths vary and/or not equal to 1.

      Data type number is 115
      Data type is Poisson Mark Resight with Robust Design                                                             

     CPU Time in seconds for last procedure was 0.00

  Program  MARK  - Survival Rate Estimation with Capture-Recapture Data
   gfortran(Win64) Vers. 8.1 Mar 2016    5-Aug-2016 15:55:39    Page  002
 - - - - - - - - - - - - - - - - - - - - - - - - - - - - - - - - - - - - - -
 


  INPUT --- proc estimate link=Parm-Specific NOLOOP varest=2ndPart    ;


  INPUT --- model={ alpha(~1 + captive + sex + effort.trapdays + 
  INPUT --- recordloss.agout.total)sigma(~1 + 
  INPUT --- recordloss.agout.var)U(~sample_month)Phi(~1 + 
  INPUT --- age.t)Gamma''(~1)Gamma'(~1) };

  INPUT ---    fixed=2;
  INPUT ---        parm(74)=1 ;
  INPUT ---        parm(75)=0 ;

  INPUT ---    group=1 alpha    rows=1 cols=30 Square ;
  INPUT ---        1 2 3 4 5 6 7 8 9 10 11 12 13 14 15 16 17 18 19 20 21 22 
  INPUT ---       23 24 25 26 27 28 29 30 ;

  INPUT ---    group=1 sigma    rows=1 cols=30 Square ;
  INPUT ---        31 32 33 34 35 36 37 38 39 40 41 42 43 44 45 46 47 48 49 
  INPUT ---       50 51 52 53 54 55 56 57 58 59 60 ;

  INPUT ---    group=1 U    rows=1 cols=30 Square ;
  INPUT ---        61 61 61 61 61 62 62 62 62 62 63 63 63 63 63 64 64 64 64 
  INPUT ---       64 65 65 65 65 65 66 66 66 66 66 ;

  INPUT ---    group=1 Phi    rows=29 cols=29 Triang ;
  INPUT ---        74 74 74 74 67 74 74 74 74 68 74 74 74 74 69 74 74 74 74 
  INPUT ---       70 74 74 74 74 71 74 74 74 74 ;
  INPUT ---        74 74 74 74 74 74 74 74 74 74 74 74 74 74 74 74 74 74 74 
  INPUT ---       74 74 74 74 74 74 74 74 74 ;
  INPUT ---        74 74 74 74 74 74 74 74 74 74 74 74 74 74 74 74 74 74 74 
  INPUT ---       74 74 74 74 74 74 74 74 ;
  INPUT ---        74 74 74 74 74 74 74 74 74 74 74 74 74 74 74 74 74 74 74 
  INPUT ---       74 74 74 74 74 74 74 ;
  INPUT ---        74 74 74 74 74 74 74 74 74 74 74 74 74 74 74 74 74 74 74 
  INPUT ---       74 74 74 74 74 74 ;
  INPUT ---        74 74 74 74 68 74 74 74 74 69 74 74 74 74 70 74 74 74 74 
  INPUT ---       71 74 74 74 74 ;
  INPUT ---        74 74 74 74 74 74 74 74 74 74 74 74 74 74 74 74 74 74 74 
  INPUT ---       74 74 74 74 ;
  INPUT ---        74 74 74 74 74 74 74 74 74 74 74 74 74 74 74 74 74 74 74 
  INPUT ---       74 74 74 ;
  INPUT ---        74 74 74 74 74 74 74 74 74 74 74 74 74 74 74 74 74 74 74 
  INPUT ---       74 74 ;
  INPUT ---        74 74 74 74 74 74 74 74 74 74 74 74 74 74 74 74 74 74 74 

  Program  MARK  - Survival Rate Estimation with Capture-Recapture Data
   gfortran(Win64) Vers. 8.1 Mar 2016    5-Aug-2016 15:55:39    Page  003
 - - - - - - - - - - - - - - - - - - - - - - - - - - - - - - - - - - - - - -
 
  INPUT ---       74 ;
  INPUT ---        74 74 74 74 69 74 74 74 74 70 74 74 74 74 71 74 74 74 74 ;
  INPUT ---        74 74 74 74 74 74 74 74 74 74 74 74 74 74 74 74 74 74 ;
  INPUT ---        74 74 74 74 74 74 74 74 74 74 74 74 74 74 74 74 74 ;
  INPUT ---        74 74 74 74 74 74 74 74 74 74 74 74 74 74 74 74 ;
  INPUT ---        74 74 74 74 74 74 74 74 74 74 74 74 74 74 74 ;
  INPUT ---        74 74 74 74 70 74 74 74 74 71 74 74 74 74 ;
  INPUT ---        74 74 74 74 74 74 74 74 74 74 74 74 74 ;
  INPUT ---        74 74 74 74 74 74 74 74 74 74 74 74 ;
  INPUT ---        74 74 74 74 74 74 74 74 74 74 74 ;
  INPUT ---        74 74 74 74 74 74 74 74 74 74 ;
  INPUT ---        74 74 74 74 71 74 74 74 74 ;
  INPUT ---        74 74 74 74 74 74 74 74 ;
  INPUT ---        74 74 74 74 74 74 74 ;
  INPUT ---        74 74 74 74 74 74 ;
  INPUT ---        74 74 74 74 74 ;
  INPUT ---        74 74 74 74 ;
  INPUT ---        74 74 74 ;
  INPUT ---        74 74 ;
  INPUT ---        74 ;

  INPUT ---    group=1 Gamma''    rows=29 cols=29 Triang ;
  INPUT ---        75 75 75 75 72 75 75 75 75 72 75 75 75 75 72 75 75 75 75 
  INPUT ---       72 75 75 75 75 72 75 75 75 75 ;
  INPUT ---        75 75 75 75 75 75 75 75 75 75 75 75 75 75 75 75 75 75 75 
  INPUT ---       75 75 75 75 75 75 75 75 75 ;
  INPUT ---        75 75 75 75 75 75 75 75 75 75 75 75 75 75 75 75 75 75 75 
  INPUT ---       75 75 75 75 75 75 75 75 ;
  INPUT ---        75 75 75 75 75 75 75 75 75 75 75 75 75 75 75 75 75 75 75 
  INPUT ---       75 75 75 75 75 75 75 ;
  INPUT ---        75 75 75 75 75 75 75 75 75 75 75 75 75 75 75 75 75 75 75 
  INPUT ---       75 75 75 75 75 75 ;
  INPUT ---        75 75 75 75 72 75 75 75 75 72 75 75 75 75 72 75 75 75 75 
  INPUT ---       72 75 75 75 75 ;
  INPUT ---        75 75 75 75 75 75 75 75 75 75 75 75 75 75 75 75 75 75 75 
  INPUT ---       75 75 75 75 ;
  INPUT ---        75 75 75 75 75 75 75 75 75 75 75 75 75 75 75 75 75 75 75 
  INPUT ---       75 75 75 ;
  INPUT ---        75 75 75 75 75 75 75 75 75 75 75 75 75 75 75 75 75 75 75 
  INPUT ---       75 75 ;
  INPUT ---        75 75 75 75 75 75 75 75 75 75 75 75 75 75 75 75 75 75 75 
  INPUT ---       75 ;
  INPUT ---        75 75 75 75 72 75 75 75 75 72 75 75 75 75 72 75 75 75 75 ;
  INPUT ---        75 75 75 75 75 75 75 75 75 75 75 75 75 75 75 75 75 75 ;
  INPUT ---        75 75 75 75 75 75 75 75 75 75 75 75 75 75 75 75 75 ;
  INPUT ---        75 75 75 75 75 75 75 75 75 75 75 75 75 75 75 75 ;

  Program  MARK  - Survival Rate Estimation with Capture-Recapture Data
   gfortran(Win64) Vers. 8.1 Mar 2016    5-Aug-2016 15:55:39    Page  004
 - - - - - - - - - - - - - - - - - - - - - - - - - - - - - - - - - - - - - -
 
  INPUT ---        75 75 75 75 75 75 75 75 75 75 75 75 75 75 75 ;
  INPUT ---        75 75 75 75 72 75 75 75 75 72 75 75 75 75 ;
  INPUT ---        75 75 75 75 75 75 75 75 75 75 75 75 75 ;
  INPUT ---        75 75 75 75 75 75 75 75 75 75 75 75 ;
  INPUT ---        75 75 75 75 75 75 75 75 75 75 75 ;
  INPUT ---        75 75 75 75 75 75 75 75 75 75 ;
  INPUT ---        75 75 75 75 72 75 75 75 75 ;
  INPUT ---        75 75 75 75 75 75 75 75 ;
  INPUT ---        75 75 75 75 75 75 75 ;
  INPUT ---        75 75 75 75 75 75 ;
  INPUT ---        75 75 75 75 75 ;
  INPUT ---        75 75 75 75 ;
  INPUT ---        75 75 75 ;
  INPUT ---        75 75 ;
  INPUT ---        75 ;

  INPUT ---    group=1 Gamma'    rows=28 cols=28 Triang ;
  INPUT ---        75 75 75 73 75 75 75 75 73 75 75 75 75 73 75 75 75 75 73 
  INPUT ---       75 75 75 75 73 75 75 75 75 ;
  INPUT ---        75 75 75 75 75 75 75 75 75 75 75 75 75 75 75 75 75 75 75 
  INPUT ---       75 75 75 75 75 75 75 75 ;
  INPUT ---        75 75 75 75 75 75 75 75 75 75 75 75 75 75 75 75 75 75 75 
  INPUT ---       75 75 75 75 75 75 75 ;
  INPUT ---        75 75 75 75 75 75 75 75 75 75 75 75 75 75 75 75 75 75 75 
  INPUT ---       75 75 75 75 75 75 ;
  INPUT ---        75 75 75 75 75 75 75 75 75 75 75 75 75 75 75 75 75 75 75 
  INPUT ---       75 75 75 75 75 ;
  INPUT ---        75 75 75 73 75 75 75 75 73 75 75 75 75 73 75 75 75 75 73 
  INPUT ---       75 75 75 75 ;
  INPUT ---        75 75 75 75 75 75 75 75 75 75 75 75 75 75 75 75 75 75 75 
  INPUT ---       75 75 75 ;
  INPUT ---        75 75 75 75 75 75 75 75 75 75 75 75 75 75 75 75 75 75 75 
  INPUT ---       75 75 ;
  INPUT ---        75 75 75 75 75 75 75 75 75 75 75 75 75 75 75 75 75 75 75 
  INPUT ---       75 ;
  INPUT ---        75 75 75 75 75 75 75 75 75 75 75 75 75 75 75 75 75 75 75 ;
  INPUT ---        75 75 75 73 75 75 75 75 73 75 75 75 75 73 75 75 75 75 ;
  INPUT ---        75 75 75 75 75 75 75 75 75 75 75 75 75 75 75 75 75 ;
  INPUT ---        75 75 75 75 75 75 75 75 75 75 75 75 75 75 75 75 ;
  INPUT ---        75 75 75 75 75 75 75 75 75 75 75 75 75 75 75 ;
  INPUT ---        75 75 75 75 75 75 75 75 75 75 75 75 75 75 ;
  INPUT ---        75 75 75 73 75 75 75 75 73 75 75 75 75 ;
  INPUT ---        75 75 75 75 75 75 75 75 75 75 75 75 ;
  INPUT ---        75 75 75 75 75 75 75 75 75 75 75 ;
  INPUT ---        75 75 75 75 75 75 75 75 75 75 ;
  INPUT ---        75 75 75 75 75 75 75 75 75 ;

  Program  MARK  - Survival Rate Estimation with Capture-Recapture Data
   gfortran(Win64) Vers. 8.1 Mar 2016    5-Aug-2016 15:55:39    Page  005
 - - - - - - - - - - - - - - - - - - - - - - - - - - - - - - - - - - - - - -
 
  INPUT ---        75 75 75 73 75 75 75 75 ;
  INPUT ---        75 75 75 75 75 75 75 ;
  INPUT ---        75 75 75 75 75 75 ;
  INPUT ---        75 75 75 75 75 ;
  INPUT ---        75 75 75 75 ;
  INPUT ---        75 75 75 ;
  INPUT ---        75 75 ;
  INPUT ---        75 ;

  INPUT ---    initial  0.8492118 0 0 0 0 -0.3123225 0 3.139572 0 0 0 0 0 
  INPUT ---    2.0066797 0 -2.9445172 17.724958  ;

  INPUT ---    design matrix constraints=75 covariates=17;
  INPUT ---        1 captive sex 96 0.186046511627907 0 0 0 0 0 0 0 0 0 0 0 0;
  INPUT ---        1 captive sex 96 0.127659574468085 0 0 0 0 0 0 0 0 0 0 0 0;
  INPUT ---        1 captive sex 114 0.08 0 0 0 0 0 0 0 0 0 0 0 0;
  INPUT ---        1 captive sex 120 0.166666666666667 0 0 0 0 0 0 0 0 0 0 0 
  INPUT ---       0;
  INPUT ---        1 captive sex 115 0.169230769230769 0 0 0 0 0 0 0 0 0 0 0 
  INPUT ---       0;
  INPUT ---        1 captive sex 126 0.0615384615384615 0 0 0 0 0 0 0 0 0 0 0 
  INPUT ---       0;
  INPUT ---        1 captive sex 126 0.0776699029126214 0 0 0 0 0 0 0 0 0 0 0 
  INPUT ---       0;
  INPUT ---        1 captive sex 126 0.170212765957447 0 0 0 0 0 0 0 0 0 0 0 
  INPUT ---       0;
  INPUT ---        1 captive sex 114 0.0666666666666667 0 0 0 0 0 0 0 0 0 0 0 
  INPUT ---       0;
  INPUT ---        1 captive sex 126 0.0894308943089431 0 0 0 0 0 0 0 0 0 0 0 
  INPUT ---       0;
  INPUT ---        1 captive sex 139 0.08 0 0 0 0 0 0 0 0 0 0 0 0;
  INPUT ---        1 captive sex 168 0.135135135135135 0 0 0 0 0 0 0 0 0 0 0 
  INPUT ---       0;
  INPUT ---        1 captive sex 180 0.213740458015267 0 0 0 0 0 0 0 0 0 0 0 
  INPUT ---       0;
  INPUT ---        1 captive sex 174 0.0869565217391304 0 0 0 0 0 0 0 0 0 0 0 
  INPUT ---       0;
  INPUT ---        1 captive sex 173 0.131428571428571 0 0 0 0 0 0 0 0 0 0 0 
  INPUT ---       0;
  INPUT ---        1 captive sex 166 0.167441860465116 0 0 0 0 0 0 0 0 0 0 0 
  INPUT ---       0;
  INPUT ---        1 captive sex 172 0.155 0 0 0 0 0 0 0 0 0 0 0 0;
  INPUT ---        1 captive sex 166 0.168831168831169 0 0 0 0 0 0 0 0 0 0 0 
  INPUT ---       0;
  INPUT ---        1 captive sex 171 0.231182795698925 0 0 0 0 0 0 0 0 0 0 0 
  INPUT ---       0;

  Program  MARK  - Survival Rate Estimation with Capture-Recapture Data
   gfortran(Win64) Vers. 8.1 Mar 2016    5-Aug-2016 15:55:39    Page  006
 - - - - - - - - - - - - - - - - - - - - - - - - - - - - - - - - - - - - - -
 
  INPUT ---        1 captive sex 151 0.224489795918367 0 0 0 0 0 0 0 0 0 0 0 
  INPUT ---       0;
  INPUT ---        1 captive sex 192 0.125827814569536 0 0 0 0 0 0 0 0 0 0 0 
  INPUT ---       0;
  INPUT ---        1 captive sex 185 0.201612903225806 0 0 0 0 0 0 0 0 0 0 0 
  INPUT ---       0;
  INPUT ---        1 captive sex 198 0.244604316546763 0 0 0 0 0 0 0 0 0 0 0 
  INPUT ---       0;
  INPUT ---        1 captive sex 198 0.282828282828283 0 0 0 0 0 0 0 0 0 0 0 
  INPUT ---       0;
  INPUT ---        1 captive sex 195 0.314516129032258 0 0 0 0 0 0 0 0 0 0 0 
  INPUT ---       0;
  INPUT ---        1 captive sex 192 0.137254901960784 0 0 0 0 0 0 0 0 0 0 0 
  INPUT ---       0;
  INPUT ---        1 captive sex 192 0.266129032258065 0 0 0 0 0 0 0 0 0 0 0 
  INPUT ---       0;
  INPUT ---        1 captive sex 198 0.198581560283688 0 0 0 0 0 0 0 0 0 0 0 
  INPUT ---       0;
  INPUT ---        1 captive sex 198 0.293333333333333 0 0 0 0 0 0 0 0 0 0 0 
  INPUT ---       0;
  INPUT ---        1 captive sex 198 0.202453987730061 0 0 0 0 0 0 0 0 0 0 0 
  INPUT ---       0;
  INPUT ---        0 0 0 0 0 1 0.0440135195492338 0 0 0 0 0 0 0 0 0 0;
  INPUT ---        0 0 0 0 0 1 0.0138205395794682 0 0 0 0 0 0 0 0 0 0;
  INPUT ---        0 0 0 0 0 1 0.0150462962962963 0 0 0 0 0 0 0 0 0 0;
  INPUT ---        0 0 0 0 0 1 0.0435062197227376 0 0 0 0 0 0 0 0 0 0;
  INPUT ---        0 0 0 0 0 1 0.0413898241676019 0 0 0 0 0 0 0 0 0 0;
  INPUT ---        0 0 0 0 0 1 0.0334785353535354 0 0 0 0 0 0 0 0 0 0;
  INPUT ---        0 0 0 0 0 1 0.0145442884245275 0 0 0 0 0 0 0 0 0 0;
  INPUT ---        0 0 0 0 0 1 0.0193204258107552 0 0 0 0 0 0 0 0 0 0;
  INPUT ---        0 0 0 0 0 1 0.00382154882154882 0 0 0 0 0 0 0 0 0 0;
  INPUT ---        0 0 0 0 0 1 0.0399423854156923 0 0 0 0 0 0 0 0 0 0;
  INPUT ---        0 0 0 0 0 1 0.010060938021866 0 0 0 0 0 0 0 0 0 0;
  INPUT ---        0 0 0 0 0 1 0.0120376449425667 0 0 0 0 0 0 0 0 0 0;
  INPUT ---        0 0 0 0 0 1 0.0327860086977532 0 0 0 0 0 0 0 0 0 0;
  INPUT ---        0 0 0 0 0 1 0.0190954813692234 0 0 0 0 0 0 0 0 0 0;
  INPUT ---        0 0 0 0 0 1 0.0261489672463083 0 0 0 0 0 0 0 0 0 0;
  INPUT ---        0 0 0 0 0 1 0.0512150912647815 0 0 0 0 0 0 0 0 0 0;
  INPUT ---        0 0 0 0 0 1 0.0473122112945163 0 0 0 0 0 0 0 0 0 0;
  INPUT ---        0 0 0 0 0 1 0.0226518050401979 0 0 0 0 0 0 0 0 0 0;
  INPUT ---        0 0 0 0 0 1 0.0665651993646785 0 0 0 0 0 0 0 0 0 0;
  INPUT ---        0 0 0 0 0 1 0.04010330058655 0 0 0 0 0 0 0 0 0 0;
  INPUT ---        0 0 0 0 0 1 0.0206820945059979 0 0 0 0 0 0 0 0 0 0;
  INPUT ---        0 0 0 0 0 1 0.054918230087819 0 0 0 0 0 0 0 0 0 0;
  INPUT ---        0 0 0 0 0 1 0.0879277557364401 0 0 0 0 0 0 0 0 0 0;
  INPUT ---        0 0 0 0 0 1 0.0733113017934447 0 0 0 0 0 0 0 0 0 0;

  Program  MARK  - Survival Rate Estimation with Capture-Recapture Data
   gfortran(Win64) Vers. 8.1 Mar 2016    5-Aug-2016 15:55:39    Page  007
 - - - - - - - - - - - - - - - - - - - - - - - - - - - - - - - - - - - - - -
 
  INPUT ---        0 0 0 0 0 1 0.0785302039517285 0 0 0 0 0 0 0 0 0 0;
  INPUT ---        0 0 0 0 0 1 0.0474808900748976 0 0 0 0 0 0 0 0 0 0;
  INPUT ---        0 0 0 0 0 1 0.0746150243527953 0 0 0 0 0 0 0 0 0 0;
  INPUT ---        0 0 0 0 0 1 0.0653219100102685 0 0 0 0 0 0 0 0 0 0;
  INPUT ---        0 0 0 0 0 1 0.0656604289706052 0 0 0 0 0 0 0 0 0 0;
  INPUT ---        0 0 0 0 0 1 0.109501305572734 0 0 0 0 0 0 0 0 0 0;
  INPUT ---        0 0 0 0 0 0 0 1 0 0 0 0 0 0 0 0 0;
  INPUT ---        0 0 0 0 0 0 0 1 1 0 0 0 0 0 0 0 0;
  INPUT ---        0 0 0 0 0 0 0 1 0 1 0 0 0 0 0 0 0;
  INPUT ---        0 0 0 0 0 0 0 1 0 0 1 0 0 0 0 0 0;
  INPUT ---        0 0 0 0 0 0 0 1 0 0 0 1 0 0 0 0 0;
  INPUT ---        0 0 0 0 0 0 0 1 0 0 0 0 1 0 0 0 0;
  INPUT ---        0 0 0 0 0 0 0 0 0 0 0 0 0 1 age.t1.8 0 0;
  INPUT ---        0 0 0 0 0 0 0 0 0 0 0 0 0 1 age.t4.6 0 0;
  INPUT ---        0 0 0 0 0 0 0 0 0 0 0 0 0 1 age.t7.9 0 0;
  INPUT ---        0 0 0 0 0 0 0 0 0 0 0 0 0 1 age.t11.367 0 0;
  INPUT ---        0 0 0 0 0 0 0 0 0 0 0 0 0 1 age.t13.934 0 0;
  INPUT ---        0 0 0 0 0 0 0 0 0 0 0 0 0 0 0 1 0;
  INPUT ---        0 0 0 0 0 0 0 0 0 0 0 0 0 0 0 0 1;
  INPUT ---        0 0 0 0 0 0 0 0 0 0 0 0 0 0 0 0 0;
  INPUT ---        0 0 0 0 0 0 0 0 0 0 0 0 0 0 0 0 0;

  INPUT ---    links=75;

  INPUT ---    Log;

  INPUT ---    Log;

  INPUT ---    Log;

  INPUT ---    Log;

  INPUT ---    Log;

  INPUT ---    Log;

  INPUT ---    Log;

  INPUT ---    Log;

  INPUT ---    Log;

  INPUT ---    Log;

  INPUT ---    Log;


  Program  MARK  - Survival Rate Estimation with Capture-Recapture Data
   gfortran(Win64) Vers. 8.1 Mar 2016    5-Aug-2016 15:55:39    Page  008
 - - - - - - - - - - - - - - - - - - - - - - - - - - - - - - - - - - - - - -
 
  INPUT ---    Log;

  INPUT ---    Log;

  INPUT ---    Log;

  INPUT ---    Log;

  INPUT ---    Log;

  INPUT ---    Log;

  INPUT ---    Log;

  INPUT ---    Log;

  INPUT ---    Log;

  INPUT ---    Log;

  INPUT ---    Log;

  INPUT ---    Log;

  INPUT ---    Log;

  INPUT ---    Log;

  INPUT ---    Log;

  INPUT ---    Log;

  INPUT ---    Log;

  INPUT ---    Log;

  INPUT ---    Log;

  INPUT ---    Log;

  INPUT ---    Log;

  INPUT ---    Log;

  INPUT ---    Log;


  Program  MARK  - Survival Rate Estimation with Capture-Recapture Data
   gfortran(Win64) Vers. 8.1 Mar 2016    5-Aug-2016 15:55:39    Page  009
 - - - - - - - - - - - - - - - - - - - - - - - - - - - - - - - - - - - - - -
 
  INPUT ---    Log;

  INPUT ---    Log;

  INPUT ---    Log;

  INPUT ---    Log;

  INPUT ---    Log;

  INPUT ---    Log;

  INPUT ---    Log;

  INPUT ---    Log;

  INPUT ---    Log;

  INPUT ---    Log;

  INPUT ---    Log;

  INPUT ---    Log;

  INPUT ---    Log;

  INPUT ---    Log;

  INPUT ---    Log;

  INPUT ---    Log;

  INPUT ---    Log;

  INPUT ---    Log;

  INPUT ---    Log;

  INPUT ---    Log;

  INPUT ---    Log;

  INPUT ---    Log;

  INPUT ---    Log;


  Program  MARK  - Survival Rate Estimation with Capture-Recapture Data
   gfortran(Win64) Vers. 8.1 Mar 2016    5-Aug-2016 15:55:39    Page  010
 - - - - - - - - - - - - - - - - - - - - - - - - - - - - - - - - - - - - - -
 
  INPUT ---    Log;

  INPUT ---    Log;

  INPUT ---    Log;

  INPUT ---    Log;

  INPUT ---    Log;

  INPUT ---    Log;

  INPUT ---    Log;

  INPUT ---    Log;

  INPUT ---    Log;

  INPUT ---    Logit;

  INPUT ---    Logit;

  INPUT ---    Logit;

  INPUT ---    Logit;

  INPUT ---    Logit;

  INPUT ---    Logit;

  INPUT ---    Logit;

  INPUT ---    Logit;

  INPUT ---    Logit;
  INPUT ---       blabel(1)=alpha:(Intercept);
  INPUT ---       blabel(2)=alpha:captive;
  INPUT ---       blabel(3)=alpha:sex;
  INPUT ---       blabel(4)=alpha:effort.trapdays;
  INPUT ---       blabel(5)=alpha:recordloss.agout.total;
  INPUT ---       blabel(6)=sigma:(Intercept);
  INPUT ---       blabel(7)=sigma:recordloss.agout.var;
  INPUT ---       blabel(8)=U:(Intercept);
  INPUT ---       blabel(9)=U:sample_monthB;
  INPUT ---       blabel(10)=U:sample_monthC;
  INPUT ---       blabel(11)=U:sample_monthD;

  Program  MARK  - Survival Rate Estimation with Capture-Recapture Data
   gfortran(Win64) Vers. 8.1 Mar 2016    5-Aug-2016 15:55:39    Page  011
 - - - - - - - - - - - - - - - - - - - - - - - - - - - - - - - - - - - - - -
 
  INPUT ---       blabel(12)=U:sample_monthE;
  INPUT ---       blabel(13)=U:sample_monthF;
  INPUT ---       blabel(14)=Phi:(Intercept);
  INPUT ---       blabel(15)=Phi:age.t;
  INPUT ---       blabel(16)=GammaDoublePrime:(Intercept);
  INPUT ---       blabel(17)=GammaPrime:(Intercept);
  INPUT ---       rlabel(1)=alpha g1 a0 t1;
  INPUT ---       rlabel(2)=alpha g1 a0.2 t1.2;
  INPUT ---       rlabel(3)=alpha g1 a0.4 t1.4;
  INPUT ---       rlabel(4)=alpha g1 a0.6 t1.6;
  INPUT ---       rlabel(5)=alpha g1 a0.8 t1.8;
  INPUT ---       rlabel(6)=alpha g1 a2.8 t3.8;
  INPUT ---       rlabel(7)=alpha g1 a3 t4;
  INPUT ---       rlabel(8)=alpha g1 a3.2 t4.2;
  INPUT ---       rlabel(9)=alpha g1 a3.4 t4.4;
  INPUT ---       rlabel(10)=alpha g1 a3.6 t4.6;
  INPUT ---       rlabel(11)=alpha g1 a6.1 t7.1;
  INPUT ---       rlabel(12)=alpha g1 a6.3 t7.3;
  INPUT ---       rlabel(13)=alpha g1 a6.5 t7.5;
  INPUT ---       rlabel(14)=alpha g1 a6.7 t7.7;
  INPUT ---       rlabel(15)=alpha g1 a6.9 t7.9;
  INPUT ---       rlabel(16)=alpha g1 a9.567 t10.567;
  INPUT ---       rlabel(17)=alpha g1 a9.767 t10.767;
  INPUT ---       rlabel(18)=alpha g1 a9.967 t10.967;
  INPUT ---       rlabel(19)=alpha g1 a10.167 t11.167;
  INPUT ---       rlabel(20)=alpha g1 a10.367 t11.367;
  INPUT ---       rlabel(21)=alpha g1 a12.134 t13.134;
  INPUT ---       rlabel(22)=alpha g1 a12.334 t13.334;
  INPUT ---       rlabel(23)=alpha g1 a12.534 t13.534;
  INPUT ---       rlabel(24)=alpha g1 a12.734 t13.734;
  INPUT ---       rlabel(25)=alpha g1 a12.934 t13.934;
  INPUT ---       rlabel(26)=alpha g1 a16.101 t17.101;
  INPUT ---       rlabel(27)=alpha g1 a16.301 t17.301;
  INPUT ---       rlabel(28)=alpha g1 a16.501 t17.501;
  INPUT ---       rlabel(29)=alpha g1 a16.701 t17.701;
  INPUT ---       rlabel(30)=alpha g1 a16.901 t17.901;
  INPUT ---       rlabel(31)=sigma g1 a0 t1;
  INPUT ---       rlabel(32)=sigma g1 a0.2 t1.2;
  INPUT ---       rlabel(33)=sigma g1 a0.4 t1.4;
  INPUT ---       rlabel(34)=sigma g1 a0.6 t1.6;
  INPUT ---       rlabel(35)=sigma g1 a0.8 t1.8;
  INPUT ---       rlabel(36)=sigma g1 a2.8 t3.8;
  INPUT ---       rlabel(37)=sigma g1 a3 t4;
  INPUT ---       rlabel(38)=sigma g1 a3.2 t4.2;
  INPUT ---       rlabel(39)=sigma g1 a3.4 t4.4;
  INPUT ---       rlabel(40)=sigma g1 a3.6 t4.6;

  Program  MARK  - Survival Rate Estimation with Capture-Recapture Data
   gfortran(Win64) Vers. 8.1 Mar 2016    5-Aug-2016 15:55:39    Page  012
 - - - - - - - - - - - - - - - - - - - - - - - - - - - - - - - - - - - - - -
 
  INPUT ---       rlabel(41)=sigma g1 a6.1 t7.1;
  INPUT ---       rlabel(42)=sigma g1 a6.3 t7.3;
  INPUT ---       rlabel(43)=sigma g1 a6.5 t7.5;
  INPUT ---       rlabel(44)=sigma g1 a6.7 t7.7;
  INPUT ---       rlabel(45)=sigma g1 a6.9 t7.9;
  INPUT ---       rlabel(46)=sigma g1 a9.567 t10.567;
  INPUT ---       rlabel(47)=sigma g1 a9.767 t10.767;
  INPUT ---       rlabel(48)=sigma g1 a9.967 t10.967;
  INPUT ---       rlabel(49)=sigma g1 a10.167 t11.167;
  INPUT ---       rlabel(50)=sigma g1 a10.367 t11.367;
  INPUT ---       rlabel(51)=sigma g1 a12.134 t13.134;
  INPUT ---       rlabel(52)=sigma g1 a12.334 t13.334;
  INPUT ---       rlabel(53)=sigma g1 a12.534 t13.534;
  INPUT ---       rlabel(54)=sigma g1 a12.734 t13.734;
  INPUT ---       rlabel(55)=sigma g1 a12.934 t13.934;
  INPUT ---       rlabel(56)=sigma g1 a16.101 t17.101;
  INPUT ---       rlabel(57)=sigma g1 a16.301 t17.301;
  INPUT ---       rlabel(58)=sigma g1 a16.501 t17.501;
  INPUT ---       rlabel(59)=sigma g1 a16.701 t17.701;
  INPUT ---       rlabel(60)=sigma g1 a16.901 t17.901;
  INPUT ---       rlabel(61)=U g1 a0 t1;
  INPUT ---       rlabel(62)=U g1 a2.8 t3.8;
  INPUT ---       rlabel(63)=U g1 a6.1 t7.1;
  INPUT ---       rlabel(64)=U g1 a9.567 t10.567;
  INPUT ---       rlabel(65)=U g1 a12.134 t13.134;
  INPUT ---       rlabel(66)=U g1 a16.101 t17.101;
  INPUT ---       rlabel(67)=Phi g1 c1 a0.8 t1.8;
  INPUT ---       rlabel(68)=Phi g1 c1 a3.6 t4.6;
  INPUT ---       rlabel(69)=Phi g1 c1 a6.9 t7.9;
  INPUT ---       rlabel(70)=Phi g1 c1 a10.367 t11.367;
  INPUT ---       rlabel(71)=Phi g1 c1 a12.934 t13.934;
  INPUT ---       rlabel(72)=Gamma'' g1 c1 a0.8 t1.8;
  INPUT ---       rlabel(73)=Gamma' g1 c1 a0.8 t1.8;
  INPUT ---       rlabel(74)=Phi g1 c1 a0 t1;
  INPUT ---       rlabel(75)=Gamma'' g1 c1 a0 t1;

 Link Function Used is PARM-SPECIFIC

 Variance Estimation Procedure Used is 2ndPart 

 M(t+1):
 Group=Group 1                                                                         
       3      3      3      2      3      5      5      5      2      5      5
       4      4      4      4     10      7      7      7      5      5      5
       5      3      4      5      5      5      4      5


 -2logL(saturated) = -0.0000000    
 Effective Sample Size = 169
 Results from first iteration:
  -2logL Initial { alpha(~1 + captive + sex + effort.trapdays + recordloss.agout.total)sigma(~1 + recordloss.agout.var)U(~sample_month)Phi(~1 + age.t)Gamma''(~1)Gamma'(~1) } = 1138.4459     
  Penalty Initial { alpha(~1 + captive + sex + effort.trapdays + recordloss.agout.total)sigma(~1 + recordloss.agout.var)U(~sample_month)Phi(~1 + age.t)Gamma''(~1)Gamma'(~1) } = -0.0000000    

 Number of function evaluations was 39 for 17 parameters.

  Program  MARK  - Survival Rate Estimation with Capture-Recapture Data
   gfortran(Win64) Vers. 8.1 Mar 2016    5-Aug-2016 15:55:43    Page  013
 - - - - - - - - - - - - - - - - - - - - - - - - - - - - - - - - - - - - - -
 
 Time for numerical optimization was 5.08 seconds.
 -2logL { alpha(~1 + captive + sex + effort.trapdays + recordloss.agout.total)sigma(~1 + recordloss.agout.var)U(~sample_month)Phi(~1 + age.t)Gamma''(~1)Gamma'(~1) } = 1045.8300     
 Penalty { alpha(~1 + captive + sex + effort.trapdays + recordloss.agout.total)sigma(~1 + recordloss.agout.var)U(~sample_month)Phi(~1 + age.t)Gamma''(~1)Gamma'(~1) } = -0.0000000    

   * *  WARNING  * *   Numerical underflow occurred during optimization of this model. 
     IEEE flag status at end of optimization:
     overflow       F
     divide by zero F
     invalid        F
     underflow      T
     inexact        T

 Gradient { alpha(~1 + captive + sex + effort.trapdays + recordloss.agout.total)sigma(~1 + recordloss.agout.var)U(~sample_month)Phi(~1 + age.t)Gamma''(~1)Gamma'(~1) }:
  0.1739973E-02 0.1134741E-02 0.6893898E-03 0.7969827E-03 0.5506825E-04
  0.1104280E-04-0.3187512E-05 0.1366779E-02-0.6593489E-04 0.2609479E-03
  0.8331539E-04 0.6521565E-04 0.1341713E-03 0.5914079E-04 0.4765319E-04
  0.1152913E-04  0.000000    
 S Vector { alpha(~1 + captive + sex + effort.trapdays + recordloss.agout.total)sigma(~1 + recordloss.agout.var)U(~sample_month)Phi(~1 + age.t)Gamma''(~1)Gamma'(~1) }:
   5507.190      382.9206      304.2742      265.6918      239.8578    
   225.8955      126.8676      51.12826      29.17058      10.70823    
   8.199938      4.721883      2.638543     0.9501081     0.6792611    
  0.7953048E-01 0.2702012E-08
 Time to compute number of parameters was 2.84 seconds.
   Threshold =  0.3600000E-06     Condition index =  0.4906335E-12     New Threshold =  0.1114068E-07
 New Guessimate of Estimated Parameters { alpha(~1 + captive + sex + effort.trapdays + recordloss.agout.total)sigma(~1 + recordloss.agout.var)U(~sample_month)Phi(~1 + age.t)Gamma''(~1)Gamma'(~1) } = 16          
 Conditioned S Vector { alpha(~1 + captive + sex + effort.trapdays + recordloss.agout.total)sigma(~1 + recordloss.agout.var)U(~sample_month)Phi(~1 + age.t)Gamma''(~1)Gamma'(~1) }:
   1.000000     0.6953103E-01 0.5525036E-01 0.4824453E-01 0.4355357E-01
  0.4101829E-01 0.2303672E-01 0.9283911E-02 0.5296817E-02 0.1944408E-02
  0.1488951E-02 0.8574033E-03 0.4791087E-03 0.1725214E-03 0.1233408E-03
  0.1444121E-04 0.4906335E-12
 Number of Estimated Parameters { alpha(~1 + captive + sex + effort.trapdays + recordloss.agout.total)sigma(~1 + recordloss.agout.var)U(~sample_month)Phi(~1 + age.t)Gamma''(~1)Gamma'(~1) } = 16          
 DEVIANCE { alpha(~1 + captive + sex + effort.trapdays + recordloss.agout.total)sigma(~1 + recordloss.agout.var)U(~sample_month)Phi(~1 + age.t)Gamma''(~1)Gamma'(~1) } = 1045.8300                     
 DEVIANCE Degrees of Freedom { alpha(~1 + captive + sex + effort.trapdays + recordloss.agout.total)sigma(~1 + recordloss.agout.var)U(~sample_month)Phi(~1 + age.t)Gamma''(~1)Gamma'(~1) } = -2            
 c-hat { alpha(~1 + captive + sex + effort.trapdays + recordloss.agout.total)sigma(~1 + recordloss.agout.var)U(~sample_month)Phi(~1 + age.t)Gamma''(~1)Gamma'(~1) } = 1.0000000                     
 AIC { alpha(~1 + captive + sex + effort.trapdays + recordloss.agout.total)sigma(~1 + recordloss.agout.var)U(~sample_month)Phi(~1 + age.t)Gamma''(~1)Gamma'(~1) } = 1077.8300                  
 AICc { alpha(~1 + captive + sex + effort.trapdays + recordloss.agout.total)sigma(~1 + recordloss.agout.var)U(~sample_month)Phi(~1 + age.t)Gamma''(~1)Gamma'(~1) } = 1081.4089                    
 BIC { alpha(~1 + captive + sex + effort.trapdays + recordloss.agout.total)sigma(~1 + recordloss.agout.var)U(~sample_month)Phi(~1 + age.t)Gamma''(~1)Gamma'(~1) } = 1127.9084                    
 Pearson Chisquare { alpha(~1 + captive + sex + effort.trapdays + recordloss.agout.total)sigma(~1 + recordloss.agout.var)U(~sample_month)Phi(~1 + age.t)Gamma''(~1)Gamma'(~1) } = 0.1105011E+033             

   * *  WARNING  * *   Numerical underflow occurred during variance-covariance calculation of this model. 
     IEEE flag status at end of variance-covariance calculation:
     overflow       F
     divide by zero F
     invalid        F
     underflow      T
     inexact        T



 PARM-SPECIFIC Link Function Parameters of { alpha(~1 + captive + sex + effort.trapdays + recordloss.agout.total)sigma(~1 + recordloss.agout.var)U(~sample_month)Phi(~1 + age.t)Gamma''(~1)Gamma'(~1) }
                                                              95% Confidence Interval
 Parameter                    Beta         Standard Error      Lower           Upper
 -------------------------  --------------  --------------  --------------  --------------
    1:alpha:(Intercept)     0.5289027       0.3599548       -0.1766087      1.2344142     
    2:alpha:captive         0.2823999       0.1066103       0.0734437       0.4913561     
    3:alpha:sex             0.4841855       0.2039725       0.0843994       0.8839716     
    4:alpha:effort.trapday  0.0033066       0.0018088       -.2386955E-003  0.0068520     

  Program  MARK  - Survival Rate Estimation with Capture-Recapture Data
   gfortran(Win64) Vers. 8.1 Mar 2016    5-Aug-2016 15:55:45    Page  014
 - - - - - - - - - - - - - - - - - - - - - - - - - - - - - - - - - - - - - -
 
    5:alpha:recordloss.ago  -3.1289502      0.5805372       -4.2668030      -1.9910973    
    6:sigma:(Intercept)     -1.0590221      0.2245914       -1.4992214      -0.6188229    
    7:sigma:recordloss.ago  6.1332261       3.5358883       -0.7971150      13.063567     
    8:U:(Intercept)         2.5267791       0.1380363       2.2562280       2.7973301     
    9:U:sample_monthB       0.3793807       0.1270510       0.1303607       0.6284007     
   10:U:sample_monthC       0.4812685       0.1482381       0.1907219       0.7718151     
   11:U:sample_monthD       0.9103454       0.1468545       0.6225106       1.1981803     
   12:U:sample_monthE       0.3945896       0.1681158       0.0650827       0.7240965     
   13:U:sample_monthF       0.6946460       0.1741800       0.3532532       1.0360389     
   14:Phi:(Intercept)       0.1533840       0.8132467       -1.4405796      1.7473476     
   15:Phi:age.t             2.3399956       0.9658001       0.4470273       4.2329640     
   16:GammaDoublePrime:(In  -2.9443370      1.0259200       -4.9551402      -0.9335338    
   17:GammaPrime:(Intercep  17.724958       0.0000000       17.724958       17.724958     


 Real Function Parameters of { alpha(~1 + captive + sex + effort.trapdays + recordloss.agout.total)sigma(~1 + recordloss.agout.var)U(~sample_month)Phi(~1 + age.t)Gamma''(~1)Gamma'(~1) }

  Program  MARK  - Survival Rate Estimation with Capture-Recapture Data
   gfortran(Win64) Vers. 8.1 Mar 2016    5-Aug-2016 15:55:45    Page  015
 - - - - - - - - - - - - - - - - - - - - - - - - - - - - - - - - - - - - - -
 

      Following estimates based on unstandardized individual covariate values:
          Variable   Value         
          ---------  ------------- 
          CAPTIVE    0.2142857     
          SEX        0.8461538     
          AGE.T1     1.0000000     
          AGE.T1.2   1.0000000     
          AGE.T1.4   1.0000000     
          AGE.T1.6   1.0000000     
          AGE.T1.8   1.0000000     
          AGE.T3.8   1.0000000     
          AGE.T4     1.0000000     
          AGE.T4.2   1.0000000     
          AGE.T4.4   1.0000000     
          AGE.T4.6   1.0000000     
          AGE.T7.1   0.8333333     
          AGE.T7.3   0.8333333     
          AGE.T7.5   0.8333333     
          AGE.T7.7   0.8333333     
          AGE.T7.9   0.8333333     
          AGE.T10.56 0.6666667     
          AGE.T10.76 0.6666667     
          AGE.T10.96 0.6666667     
          AGE.T11.16 0.6666667     
          AGE.T11.36 0.6666667     
          AGE.T13.13 1.0000000     
          AGE.T13.33 1.0000000     
          AGE.T13.53 1.0000000     
          AGE.T13.73 1.0000000     
          AGE.T13.93 1.0000000     
          AGE.T17.10 0.9230769     
          AGE.T17.30 0.9230769     
          AGE.T17.50 0.9230769     
          AGE.T17.70 0.9230769     
                                                               95% Confidence Interval
  Parameter                  Estimate       Standard Error      Lower           Upper
 --------------------------  --------------  --------------  --------------  --------------
     1:alpha g1 a0 t1        2.0842734       0.2971763       1.5783308       2.7523988                           
     2:alpha g1 a0.2 t1.2    2.5020494       0.3311640       1.9325024       3.2394532                           
     3:alpha g1 a0.4 t1.4    3.0825409       0.3307794       2.4993569       3.8018014                           
     4:alpha g1 a0.6 t1.6    2.3974806       0.2495004       1.9561822       2.9383322                           
     5:alpha g1 a0.8 t1.8    2.3393246       0.2600412       1.8826035       2.9068466                           
     6:alpha g1 a2.8 t3.8    3.3980415       0.3343886       2.8032724       4.1190025                           
     7:alpha g1 a3 t4        3.2307838       0.3089984       2.6796686       3.8952442                           
     8:alpha g1 a3.2 t4.2    2.4185368       0.2352272       1.9996685       2.9251451                           
     9:alpha g1 a3.4 t4.4    3.2138628       0.3491783       2.5990573       3.9741000                           
    10:alpha g1 a3.6 t4.6    3.1140533       0.2932316       2.5902930       3.7437187                           
    11:alpha g1 a6.1 t7.1    3.3481917       0.2902470       2.8259101       3.9670008                           

  Program  MARK  - Survival Rate Estimation with Capture-Recapture Data
   gfortran(Win64) Vers. 8.1 Mar 2016    5-Aug-2016 15:55:45    Page  016
 - - - - - - - - - - - - - - - - - - - - - - - - - - - - - - - - - - - - - -
 
    12:alpha g1 a6.3 t7.3    3.1012278       0.2368490       2.6706590       3.6012137                           
    13:alpha g1 a6.5 t7.5    2.5231944       0.2094419       2.1449407       2.9681520                           
    14:alpha g1 a6.7 t7.7    3.6780638       0.3364577       3.0754929       4.3986942                           
    15:alpha g1 a6.9 t7.9    3.1897068       0.2543817       2.7288086       3.7284510                           
    16:alpha g1 a9.567 t10.  2.7845845       0.2053331       2.4103348       3.2169435                           
    17:alpha g1 a9.767 t10.  2.9531385       0.2254351       2.5433049       3.4290137                           
    18:alpha g1 a9.967 t10.  2.7725060       0.2045222       2.3997449       3.2031693                           
    19:alpha g1 a10.167 t11  2.3191244       0.1937081       1.9694660       2.7308611                           
    20:alpha g1 a10.367 t11  2.2166539       0.1928901       1.8696738       2.6280278                           
    21:alpha g1 a12.134 t13  3.4565804       0.3419900       2.8486117       4.1943056                           
    22:alpha g1 a12.334 t13  2.6644708       0.2265929       2.2560662       3.1468070                           
    23:alpha g1 a12.534 t13  2.4314163       0.2453233       1.9961410       2.9616069                           
    24:alpha g1 a12.734 t13  2.1573336       0.2347312       1.7441026       2.6684717                           
    25:alpha g1 a12.934 t13  1.9344120       0.2255538       1.5403922       2.4292187                           
    26:alpha g1 a16.101 t17  3.3351745       0.3219481       2.7614684       4.0280702                           
    27:alpha g1 a16.301 t17  2.2284009       0.2239983       1.8308137       2.7123300                           
    28:alpha g1 a16.501 t17  2.8080122       0.2735483       2.3209813       3.3972408                           
    29:alpha g1 a16.701 t17  2.0875753       0.2330907       1.6783893       2.5965195                           
    30:alpha g1 a16.901 t17  2.7741938       0.2702974       2.2929584       3.3564287                           
    31:sigma g1 a0 t1        0.4542638       0.0637120       0.3455437       0.5971909                           
    32:sigma g1 a0.2 t1.2    0.3774725       0.0711835       0.2616759       0.5445113                           
    33:sigma g1 a0.4 t1.4    0.3803209       0.0706139       0.2651201       0.5455793                           
    34:sigma g1 a0.6 t1.6    0.4528526       0.0636410       0.3442838       0.5956581                           
    35:sigma g1 a0.8 t1.8    0.4470124       0.0634498       0.3389207       0.5895777                           
    36:sigma g1 a2.8 t3.8    0.4258404       0.0640554       0.3176298       0.5709162                           
    37:sigma g1 a3 t4        0.3791518       0.0708462       0.2637073       0.5451350                           
    38:sigma g1 a3.2 t4.2    0.3904226       0.0687071       0.2772536       0.5497847                           
    39:sigma g1 a3.4 t4.4    0.3550191       0.0760183       0.2344359       0.5376248                           
    40:sigma g1 a3.6 t4.6    0.4430616       0.0634122       0.3351604       0.5857005                           
    41:sigma g1 a6.1 t7.1    0.3688681       0.0729733       0.2512397       0.5415693                           
    42:sigma g1 a6.3 t7.3    0.3733673       0.0720253       0.2567012       0.5430562                           
    43:sigma g1 a6.5 t7.5    0.4240355       0.0641935       0.3156954       0.5695556                           
    44:sigma g1 a6.7 t7.7    0.3898843       0.0688038       0.2766111       0.5495432                           
    45:sigma g1 a6.9 t7.9    0.4071211       0.0660489       0.2968405       0.5583725                           
    46:sigma g1 a9.567 t10.  0.4747778       0.0658686       0.3622085       0.6223320                           
    47:sigma g1 a9.767 t10.  0.4635479       0.0644249       0.3534727       0.6079016                           
    48:sigma g1 a9.967 t10.  0.3984818       0.0673369       0.2867992       0.5536546                           
    49:sigma g1 a10.167 t11  0.5216478       0.0785475       0.3889756       0.6995719                           
    50:sigma g1 a10.367 t11  0.4434991       0.0634128       0.3355819       0.5861206                           
    51:sigma g1 a12.134 t13  0.3936968       0.0681326       0.2811493       0.5512985                           
    52:sigma g1 a12.334 t13  0.4856844       0.0678825       0.3697918       0.6378977                           
    53:sigma g1 a12.534 t13  0.5946744       0.1147671       0.4087907       0.8650822                           
    54:sigma g1 a12.734 t13  0.5436839       0.0877375       0.3970657       0.7444414                           
    55:sigma g1 a12.934 t13  0.5613680       0.0963025       0.4020491       0.7838197                           
    56:sigma g1 a16.101 t17  0.4640277       0.0644735       0.3538652       0.6084850                           
    57:sigma g1 a16.301 t17  0.5480486       0.0897604       0.3984068       0.7538960                           

  Program  MARK  - Survival Rate Estimation with Capture-Recapture Data
   gfortran(Win64) Vers. 8.1 Mar 2016    5-Aug-2016 15:55:45    Page  017
 - - - - - - - - - - - - - - - - - - - - - - - - - - - - - - - - - - - - - -
 
    58:sigma g1 a16.501 t17  0.5176851       0.0770922       0.3872569       0.6920415                           
    59:sigma g1 a16.701 t17  0.5187611       0.0774810       0.3877323       0.6940692                           
    60:sigma g1 a16.901 t17  0.6788020       0.1711109       0.4173172       1.1041292                           
    61:U g1 a0 t1            12.513137       1.7272667       9.5591959       16.379892                           
    62:U g1 a2.8 t3.8        18.286439       1.9680676       14.817707       22.567179                           
    63:U g1 a6.1 t7.1        20.247828       1.6603182       17.246291       23.771752                           
    64:U g1 a9.567 t10.567   31.097409       2.3297888       26.855981       36.008695                           
    65:U g1 a12.134 t13.134  18.566681       1.6878693       15.542131       22.179819                           
    66:U g1 a16.101 t17.101  25.063812       2.4037714       20.777679       30.234112                           
    67:Phi g1 c1 a0.8 t1.8   0.9236764       0.0367310       0.8133887       0.9710997                           
    68:Phi g1 c1 a3.6 t4.6   0.9236764       0.0367310       0.8133887       0.9710997                           
    69:Phi g1 c1 a6.9 t7.9   0.8912313       0.0440930       0.7706280       0.9523432                           
    70:Phi g1 c1 a10.367 t1  0.8472743       0.0570169       0.7005167       0.9293668                           
    71:Phi g1 c1 a12.934 t1  0.9236764       0.0367310       0.8133887       0.9710997                           
    72:Gamma'' g1 c1 a0.8 t  0.0500048       0.0487357       0.0069978       0.2822083                           
    73:Gamma' g1 c1 a0.8 t1  1.0000000       0.0000000       1.0000000       1.0000000                           
    74:Phi g1 c1 a0 t1       1.0000000       0.0000000       1.0000000       1.0000000       Fixed               
    75:Gamma'' g1 c1 a0 t1   0.0000000       0.0000000       0.0000000       0.0000000       Fixed               

  Program  MARK  - Survival Rate Estimation with Capture-Recapture Data
   gfortran(Win64) Vers. 8.1 Mar 2016    5-Aug-2016 15:55:45    Page  018
 - - - - - - - - - - - - - - - - - - - - - - - - - - - - - - - - - - - - - -
 


                      Estimates of Derived Parameters
 Population Estimates of { alpha(~1 + captive + sex + effort.trapdays + recordloss.agout.total)sigma(~1 + recordloss.agout.var)U(~sample_month)Phi(~1 + age.t)Gamma''(~1)Gamma'(~1) }
                                                95% Confidence Interval
 Grp. Occ.   N-hat           Standard Error      Lower           Upper
 ---- ----   --------------  --------------  --------------  --------------
   1     1   15.513137       1.7272676       12.480011       19.283430     
   1     2   15.513137       1.7272676       12.480011       19.283430     
   1     3   15.513137       1.7272676       12.480011       19.283430     
   1     4   14.665712       1.7580717       11.604492       18.534470     
   1     5   15.513137       1.7272676       12.480011       19.283430     
   1     6   23.286439       1.9680683       19.737397       27.473645     
   1     7   23.286439       1.9680683       19.737397       27.473645     
   1     8   23.286439       1.9680683       19.737397       27.473645     
   1     9   20.402214       1.9945800       16.852240       24.700000     
   1    10   23.286439       1.9680683       19.737397       27.473645     
   1    11   25.459303       1.6905546       22.355580       28.993930     
   1    12   24.444840       1.6900220       21.350471       27.987682     
   1    13   24.600716       1.7033150       21.482324       28.171777     
   1    14   24.399635       1.6878034       21.309442       27.937953     
   1    15   24.477276       1.6944925       21.375001       28.029802     
   1    16   38.921475       2.4418628       34.422143       44.008916     
   1    17   38.695572       2.4037122       34.263822       43.700533     
   1    18   38.864789       2.4401005       34.368910       43.948786     
   1    19   39.247564       2.4620671       34.710975       44.377068     
   1    20   37.100887       2.4657846       32.574169       42.256666     
   1    21   22.780408       1.7241010       19.644020       26.417555     
   1    22   24.117098       1.7536158       20.917628       27.805944     
   1    23   24.246997       1.7675494       21.022697       27.965817     
   1    24   22.026709       1.7413636       18.869475       25.712211     
   1    25   23.422360       1.7863941       20.174533       27.193043     
   1    26   30.354895       2.4526553       25.915692       35.554506     
   1    27   30.825297       2.5011572       26.299832       36.129466     
   1    28   30.530844       2.4759293       26.050832       35.781293     
   1    29   29.781588       2.5015021       25.268273       35.101052     
   1    30   30.655346       2.4825363       26.162873       35.919230     
 Mean Resighting Rate Estimates of { alpha(~1 + captive + sex + effort.trapdays + recordloss.agout.total)sigma(~1 + recordloss.agout.var)U(~sample_month)Phi(~1 + age.t)Gamma''(~1)Gamma'(~1) }
                                                95% Confidence Interval
 Grp. Occ.   Lambda-hat      Standard Error      Lower           Upper
 ---- ----   --------------  --------------  --------------  --------------
   1     1   2.3108100       0.3178140       1.7670193       3.0219494     
   1     2   2.6868053       0.3389991       2.1001987       3.4372571     
   1     3   3.3137360       0.3297544       2.7278513       4.0254562     
   1     4   2.6563584       0.2562999       2.1996156       3.2079423     
   1     5   2.5851209       0.2691705       2.1090575       3.1686429     
   1     6   3.7205416       0.3383846       3.1142039       4.4449336     
   1     7   3.4715556       0.3021892       2.9279781       4.1160479     
   1     8   2.6100716       0.2335797       2.1909246       3.1094058     
   1     9   3.4229161       0.3445137       2.8114977       4.1673000     

  Program  MARK  - Survival Rate Estimation with Capture-Recapture Data
   gfortran(Win64) Vers. 8.1 Mar 2016    5-Aug-2016 15:55:45    Page  019
 - - - - - - - - - - - - - - - - - - - - - - - - - - - - - - - - - - - - - -
 
   1    10   3.4352063       0.2979618       2.8990689       4.0704940     
   1    11   3.9629870       0.2828129       3.4463064       4.5571301     
   1    12   3.5592464       0.2280978       3.1395171       4.0350903     
   1    13   3.2084082       0.2067604       2.8280768       3.6398881     
   1    14   4.6864991       0.3389159       4.0679059       5.3991598     
   1    15   4.4029314       0.2538889       3.9327687       4.9293022     
   1    16   3.6362379       0.1920535       3.2788780       4.0325459     
   1    17   4.2082832       0.2195382       3.7995200       4.6610224     
   1    18   3.7867157       0.2021283       3.4108177       4.2040404     
   1    19   3.2771717       0.1868385       2.9309530       3.6642874     
   1    20   2.9653701       0.1967214       2.6041830       3.3766520     
   1    21   5.1595842       0.3622650       4.4969956       5.9197988     
   1    22   3.3579562       0.2132319       2.9653549       3.8025365     
   1    23   3.2496427       0.2496045       2.7960819       3.7767769     
   1    24   3.0673723       0.2351926       2.6399429       3.5640063     
   1    25   3.9081689       0.2713373       3.4115037       4.4771414     
   1    26   4.0896434       0.3231839       3.5036660       4.7736237     
   1    27   2.5894950       0.2058595       2.2164178       3.0253703     
   1    28   3.7541842       0.2710904       3.2593344       4.3241649     
   1    29   3.0216734       0.2401095       2.5865099       3.5300504     
   1    30   4.0240641       0.3996215       3.3139014       4.8864133     
 Pr(Captured 1 or more times) of { alpha(~1 + captive + sex + effort.trapdays + recordloss.agout.total)sigma(~1 + recordloss.agout.var)U(~sample_month)Phi(~1 + age.t)Gamma''(~1)Gamma'(~1) }
                                                95% Confidence Interval
 Grp. Occ.      p*-hat       Standard Error      Lower           Upper
 ---- ----   --------------  --------------  --------------  --------------
   1     1   0.2961031       0.0101949       0.2765190       0.3164676     
   1     2   0.3095824       0.0077960       0.2945137       0.3250668     
   1     3   0.3188802       0.0049785       0.3092027       0.3287165     
   1     4   0.4645599       0.0105077       0.4440367       0.4852039     
   1     5   0.3036127       0.0074717       0.2891703       0.3184533     
   1     6   0.1912818       0.0027006       0.1860444       0.1966310     
   1     7   0.1909238       0.0028529       0.1853946       0.1965781     
   1     8   0.1821015       0.0041692       0.1740720       0.1904160     
   1     9   0.4726401       0.0093670       0.4543259       0.4910282     
   1    10   0.1889162       0.0030029       0.1831007       0.1948724     
   1    11   0.1943452       0.0018507       0.1907434       0.1979983     
   1    12   0.2406134       0.0026723       0.2354146       0.2458900     
   1    13   0.2366568       0.0032840       0.2302807       0.2431537     
   1    14   0.2453627       0.0016711       0.2421022       0.2486527     
   1    15   0.2443449       0.0016922       0.2410434       0.2476769     
   1    16   0.1337403       0.0020072       0.1298549       0.1377236     
   1    17   0.1379275       0.0012614       0.1354737       0.1404184     
   1    18   0.1358024       0.0017781       0.1323548       0.1393254     
   1    19   0.1308836       0.0025167       0.1260293       0.1358957     
   1    20   0.1784368       0.0046779       0.1694519       0.1877905     
   1    21   0.2466334       0.0012553       0.2441813       0.2491020     
   1    22   0.1855802       0.0033268       0.1791478       0.1921894     
   1    23   0.1822056       0.0048151       0.1729572       0.1918338     
   1    24   0.3063197       0.0071361       0.2925140       0.3204819     
   1    25   0.2385686       0.0037216       0.2313511       0.2459392     

  Program  MARK  - Survival Rate Estimation with Capture-Recapture Data
   gfortran(Win64) Vers. 8.1 Mar 2016    5-Aug-2016 15:55:45    Page  020
 - - - - - - - - - - - - - - - - - - - - - - - - - - - - - - - - - - - - - -
 
   1    26   0.1921996       0.0024267       0.1874880       0.1970009     
   1    27   0.1735664       0.0057784       0.1625309       0.1851854     
   1    28   0.1894539       0.0030383       0.1835704       0.1954808     
   1    29   0.2280626       0.0056061       0.2172616       0.2392365     
   1    30   0.1863283       0.0047657       0.1771675       0.1958500     

 Attempted ordering of parameters by estimatibility:
   1  8 11 10 13 12  2  6  9  3  4 14  5 16 15  7 17
 Beta number 17 is a singular value.

     CPU Time in seconds for last procedure was 8.19


  INPUT --- proc stop;

   * *  WARNING  * *   Numerical underflow occurred during final processing of this model. 
     IEEE flag status at final processing of this model:
     overflow       F
     divide by zero F
     invalid        F
     underflow      T
     inexact        T


     CPU Time in minutes for this job was 0.14

     Time Start = 15:55:39.905   Time End = 15:55:45.792

     Wall Clock Time in minutes for this job was 0.10


          E X E C U T I O N   S U C C E S S F U L 
