
   Program  MARK  - Survival Rate Estimation with Capture-Recapture Data
   gfortran(Win64) Vers. 8.1 Mar 2016    5-Aug-2016 15:45:17    Page  001
 - - - - - - - - - - - - - - - - - - - - - - - - - - - - - - - - - - - - - -
 
   This version was compiled by GCC version 5.3.0 using the options: 
     -cpp -iprefix c:\tdm-gcc-64\gcc\bin\../lib/gcc/x86_64-w64-mingw32/5.3.0/ -D_MT
     -U_REENTRANT -D IEEE -m64 -mtune=generic -march=x86-64 -mthreads -O2
     -fimplicit-none -fbounds-check -funroll-loops -ftree-vectorize
     -ffpe-summary=invalid,zero,overflow,underflow -fno-unsafe-math-optimizations
     -frounding-math -fsignaling-nans -fopenmp.

   This problem will use 3 of 4 possible threads.


  INPUT --- proc title ;

     CPU Time in seconds for last procedure was 0.00


  INPUT --- proc chmatrix occasions= 30 groups= 1 etype= PoissonMR 
  INPUT --- icovar = 30 ICMeans NoHist  hist= 14 ;

  INPUT ---    time interval 0.2 0.2 0.2 0.2 2 0.2 0.2 0.2 0.2 2.5 0.2 0.2 
  INPUT ---    0.2 0.2 2.667 0.2 0.2 0.2  0.2 1.767 0.2 0.2 0.2 0.2 3.167 
  INPUT ---    0.2 0.2 0.2 0.2 ;

  INPUT ---     icovariates age.t1 age.t1.2 age.t1.4 age.t1.6  age.t1.8 
  INPUT ---    age.t3.8 age.t4 age.t4.2 age.t4.4 age.t4.6 age.t7.1 
  INPUT ---    age.t7.3 age.t7.5 age.t7.7 age.t7.9  age.t10.567 
  INPUT ---    age.t10.767 age.t10.967 age.t11.167 age.t11.367 age.t13.134 
  INPUT ---    age.t13.334 age.t13.534  age.t13.734 age.t13.934 
  INPUT ---    age.t17.101 age.t17.301 age.t17.501 age.t17.701 age.t17.901 
  INPUT ---    ;

  INPUT ---    glabel(1)=Group 1;

      Number of unique encounter histories read was 14.

      Number of individual covariates read was 30.
      Time interval lengths vary and/or not equal to 1.

      Data type number is 115
      Data type is Poisson Mark Resight with Robust Design                                                             

     CPU Time in seconds for last procedure was 0.00

  Program  MARK  - Survival Rate Estimation with Capture-Recapture Data
   gfortran(Win64) Vers. 8.1 Mar 2016    5-Aug-2016 15:45:17    Page  002
 - - - - - - - - - - - - - - - - - - - - - - - - - - - - - - - - - - - - - -
 


  INPUT --- proc estimate link=Parm-Specific NOLOOP varest=2ndPart    ;


  INPUT --- model={ alpha(~1 + 
  INPUT --- age.t)sigma(~1)U(~sample_month)Phi(~1)Gamma''(~1)Gamma'(~1) 
  INPUT --- };

  INPUT ---    fixed=2;
  INPUT ---        parm(41)=1 ;
  INPUT ---        parm(42)=0 ;

  INPUT ---    group=1 alpha    rows=1 cols=30 Square ;
  INPUT ---        1 2 3 4 5 6 7 8 9 10 11 12 13 14 15 16 17 18 19 20 21 22 
  INPUT ---       23 24 25 26 27 28 29 30 ;

  INPUT ---    group=1 sigma    rows=1 cols=30 Square ;
  INPUT ---        31 31 31 31 31 31 31 31 31 31 31 31 31 31 31 31 31 31 31 
  INPUT ---       31 31 31 31 31 31 31 31 31 31 31 ;

  INPUT ---    group=1 U    rows=1 cols=30 Square ;
  INPUT ---        32 32 32 32 32 33 33 33 33 33 34 34 34 34 34 35 35 35 35 
  INPUT ---       35 36 36 36 36 36 37 37 37 37 37 ;

  INPUT ---    group=1 Phi    rows=29 cols=29 Triang ;
  INPUT ---        41 41 41 41 38 41 41 41 41 38 41 41 41 41 38 41 41 41 41 
  INPUT ---       38 41 41 41 41 38 41 41 41 41 ;
  INPUT ---        41 41 41 41 41 41 41 41 41 41 41 41 41 41 41 41 41 41 41 
  INPUT ---       41 41 41 41 41 41 41 41 41 ;
  INPUT ---        41 41 41 41 41 41 41 41 41 41 41 41 41 41 41 41 41 41 41 
  INPUT ---       41 41 41 41 41 41 41 41 ;
  INPUT ---        41 41 41 41 41 41 41 41 41 41 41 41 41 41 41 41 41 41 41 
  INPUT ---       41 41 41 41 41 41 41 ;
  INPUT ---        41 41 41 41 41 41 41 41 41 41 41 41 41 41 41 41 41 41 41 
  INPUT ---       41 41 41 41 41 41 ;
  INPUT ---        41 41 41 41 38 41 41 41 41 38 41 41 41 41 38 41 41 41 41 
  INPUT ---       38 41 41 41 41 ;
  INPUT ---        41 41 41 41 41 41 41 41 41 41 41 41 41 41 41 41 41 41 41 
  INPUT ---       41 41 41 41 ;
  INPUT ---        41 41 41 41 41 41 41 41 41 41 41 41 41 41 41 41 41 41 41 
  INPUT ---       41 41 41 ;
  INPUT ---        41 41 41 41 41 41 41 41 41 41 41 41 41 41 41 41 41 41 41 
  INPUT ---       41 41 ;
  INPUT ---        41 41 41 41 41 41 41 41 41 41 41 41 41 41 41 41 41 41 41 
  INPUT ---       41 ;

  Program  MARK  - Survival Rate Estimation with Capture-Recapture Data
   gfortran(Win64) Vers. 8.1 Mar 2016    5-Aug-2016 15:45:17    Page  003
 - - - - - - - - - - - - - - - - - - - - - - - - - - - - - - - - - - - - - -
 
  INPUT ---        41 41 41 41 38 41 41 41 41 38 41 41 41 41 38 41 41 41 41 ;
  INPUT ---        41 41 41 41 41 41 41 41 41 41 41 41 41 41 41 41 41 41 ;
  INPUT ---        41 41 41 41 41 41 41 41 41 41 41 41 41 41 41 41 41 ;
  INPUT ---        41 41 41 41 41 41 41 41 41 41 41 41 41 41 41 41 ;
  INPUT ---        41 41 41 41 41 41 41 41 41 41 41 41 41 41 41 ;
  INPUT ---        41 41 41 41 38 41 41 41 41 38 41 41 41 41 ;
  INPUT ---        41 41 41 41 41 41 41 41 41 41 41 41 41 ;
  INPUT ---        41 41 41 41 41 41 41 41 41 41 41 41 ;
  INPUT ---        41 41 41 41 41 41 41 41 41 41 41 ;
  INPUT ---        41 41 41 41 41 41 41 41 41 41 ;
  INPUT ---        41 41 41 41 38 41 41 41 41 ;
  INPUT ---        41 41 41 41 41 41 41 41 ;
  INPUT ---        41 41 41 41 41 41 41 ;
  INPUT ---        41 41 41 41 41 41 ;
  INPUT ---        41 41 41 41 41 ;
  INPUT ---        41 41 41 41 ;
  INPUT ---        41 41 41 ;
  INPUT ---        41 41 ;
  INPUT ---        41 ;

  INPUT ---    group=1 Gamma''    rows=29 cols=29 Triang ;
  INPUT ---        42 42 42 42 39 42 42 42 42 39 42 42 42 42 39 42 42 42 42 
  INPUT ---       39 42 42 42 42 39 42 42 42 42 ;
  INPUT ---        42 42 42 42 42 42 42 42 42 42 42 42 42 42 42 42 42 42 42 
  INPUT ---       42 42 42 42 42 42 42 42 42 ;
  INPUT ---        42 42 42 42 42 42 42 42 42 42 42 42 42 42 42 42 42 42 42 
  INPUT ---       42 42 42 42 42 42 42 42 ;
  INPUT ---        42 42 42 42 42 42 42 42 42 42 42 42 42 42 42 42 42 42 42 
  INPUT ---       42 42 42 42 42 42 42 ;
  INPUT ---        42 42 42 42 42 42 42 42 42 42 42 42 42 42 42 42 42 42 42 
  INPUT ---       42 42 42 42 42 42 ;
  INPUT ---        42 42 42 42 39 42 42 42 42 39 42 42 42 42 39 42 42 42 42 
  INPUT ---       39 42 42 42 42 ;
  INPUT ---        42 42 42 42 42 42 42 42 42 42 42 42 42 42 42 42 42 42 42 
  INPUT ---       42 42 42 42 ;
  INPUT ---        42 42 42 42 42 42 42 42 42 42 42 42 42 42 42 42 42 42 42 
  INPUT ---       42 42 42 ;
  INPUT ---        42 42 42 42 42 42 42 42 42 42 42 42 42 42 42 42 42 42 42 
  INPUT ---       42 42 ;
  INPUT ---        42 42 42 42 42 42 42 42 42 42 42 42 42 42 42 42 42 42 42 
  INPUT ---       42 ;
  INPUT ---        42 42 42 42 39 42 42 42 42 39 42 42 42 42 39 42 42 42 42 ;
  INPUT ---        42 42 42 42 42 42 42 42 42 42 42 42 42 42 42 42 42 42 ;
  INPUT ---        42 42 42 42 42 42 42 42 42 42 42 42 42 42 42 42 42 ;
  INPUT ---        42 42 42 42 42 42 42 42 42 42 42 42 42 42 42 42 ;
  INPUT ---        42 42 42 42 42 42 42 42 42 42 42 42 42 42 42 ;

  Program  MARK  - Survival Rate Estimation with Capture-Recapture Data
   gfortran(Win64) Vers. 8.1 Mar 2016    5-Aug-2016 15:45:17    Page  004
 - - - - - - - - - - - - - - - - - - - - - - - - - - - - - - - - - - - - - -
 
  INPUT ---        42 42 42 42 39 42 42 42 42 39 42 42 42 42 ;
  INPUT ---        42 42 42 42 42 42 42 42 42 42 42 42 42 ;
  INPUT ---        42 42 42 42 42 42 42 42 42 42 42 42 ;
  INPUT ---        42 42 42 42 42 42 42 42 42 42 42 ;
  INPUT ---        42 42 42 42 42 42 42 42 42 42 ;
  INPUT ---        42 42 42 42 39 42 42 42 42 ;
  INPUT ---        42 42 42 42 42 42 42 42 ;
  INPUT ---        42 42 42 42 42 42 42 ;
  INPUT ---        42 42 42 42 42 42 ;
  INPUT ---        42 42 42 42 42 ;
  INPUT ---        42 42 42 42 ;
  INPUT ---        42 42 42 ;
  INPUT ---        42 42 ;
  INPUT ---        42 ;

  INPUT ---    group=1 Gamma'    rows=28 cols=28 Triang ;
  INPUT ---        42 42 42 40 42 42 42 42 40 42 42 42 42 40 42 42 42 42 40 
  INPUT ---       42 42 42 42 40 42 42 42 42 ;
  INPUT ---        42 42 42 42 42 42 42 42 42 42 42 42 42 42 42 42 42 42 42 
  INPUT ---       42 42 42 42 42 42 42 42 ;
  INPUT ---        42 42 42 42 42 42 42 42 42 42 42 42 42 42 42 42 42 42 42 
  INPUT ---       42 42 42 42 42 42 42 ;
  INPUT ---        42 42 42 42 42 42 42 42 42 42 42 42 42 42 42 42 42 42 42 
  INPUT ---       42 42 42 42 42 42 ;
  INPUT ---        42 42 42 42 42 42 42 42 42 42 42 42 42 42 42 42 42 42 42 
  INPUT ---       42 42 42 42 42 ;
  INPUT ---        42 42 42 40 42 42 42 42 40 42 42 42 42 40 42 42 42 42 40 
  INPUT ---       42 42 42 42 ;
  INPUT ---        42 42 42 42 42 42 42 42 42 42 42 42 42 42 42 42 42 42 42 
  INPUT ---       42 42 42 ;
  INPUT ---        42 42 42 42 42 42 42 42 42 42 42 42 42 42 42 42 42 42 42 
  INPUT ---       42 42 ;
  INPUT ---        42 42 42 42 42 42 42 42 42 42 42 42 42 42 42 42 42 42 42 
  INPUT ---       42 ;
  INPUT ---        42 42 42 42 42 42 42 42 42 42 42 42 42 42 42 42 42 42 42 ;
  INPUT ---        42 42 42 40 42 42 42 42 40 42 42 42 42 40 42 42 42 42 ;
  INPUT ---        42 42 42 42 42 42 42 42 42 42 42 42 42 42 42 42 42 ;
  INPUT ---        42 42 42 42 42 42 42 42 42 42 42 42 42 42 42 42 ;
  INPUT ---        42 42 42 42 42 42 42 42 42 42 42 42 42 42 42 ;
  INPUT ---        42 42 42 42 42 42 42 42 42 42 42 42 42 42 ;
  INPUT ---        42 42 42 40 42 42 42 42 40 42 42 42 42 ;
  INPUT ---        42 42 42 42 42 42 42 42 42 42 42 42 ;
  INPUT ---        42 42 42 42 42 42 42 42 42 42 42 ;
  INPUT ---        42 42 42 42 42 42 42 42 42 42 ;
  INPUT ---        42 42 42 42 42 42 42 42 42 ;
  INPUT ---        42 42 42 40 42 42 42 42 ;

  Program  MARK  - Survival Rate Estimation with Capture-Recapture Data
   gfortran(Win64) Vers. 8.1 Mar 2016    5-Aug-2016 15:45:17    Page  005
 - - - - - - - - - - - - - - - - - - - - - - - - - - - - - - - - - - - - - -
 
  INPUT ---        42 42 42 42 42 42 42 ;
  INPUT ---        42 42 42 42 42 42 ;
  INPUT ---        42 42 42 42 42 ;
  INPUT ---        42 42 42 42 ;
  INPUT ---        42 42 42 ;
  INPUT ---        42 42 ;
  INPUT ---        42 ;

  INPUT ---    initial  0.8492118 0 -0.3123225 3.139572 0 0 0 0 0 
  INPUT ---    2.0066797 -2.9445172 17.724958  ;

  INPUT ---    design matrix constraints=42 covariates=12;
  INPUT ---        1 age.t1 0 0 0 0 0 0 0 0 0 0;
  INPUT ---        1 age.t1.2 0 0 0 0 0 0 0 0 0 0;
  INPUT ---        1 age.t1.4 0 0 0 0 0 0 0 0 0 0;
  INPUT ---        1 age.t1.6 0 0 0 0 0 0 0 0 0 0;
  INPUT ---        1 age.t1.8 0 0 0 0 0 0 0 0 0 0;
  INPUT ---        1 age.t3.8 0 0 0 0 0 0 0 0 0 0;
  INPUT ---        1 age.t4 0 0 0 0 0 0 0 0 0 0;
  INPUT ---        1 age.t4.2 0 0 0 0 0 0 0 0 0 0;
  INPUT ---        1 age.t4.4 0 0 0 0 0 0 0 0 0 0;
  INPUT ---        1 age.t4.6 0 0 0 0 0 0 0 0 0 0;
  INPUT ---        1 age.t7.1 0 0 0 0 0 0 0 0 0 0;
  INPUT ---        1 age.t7.3 0 0 0 0 0 0 0 0 0 0;
  INPUT ---        1 age.t7.5 0 0 0 0 0 0 0 0 0 0;
  INPUT ---        1 age.t7.7 0 0 0 0 0 0 0 0 0 0;
  INPUT ---        1 age.t7.9 0 0 0 0 0 0 0 0 0 0;
  INPUT ---        1 age.t10.567 0 0 0 0 0 0 0 0 0 0;
  INPUT ---        1 age.t10.767 0 0 0 0 0 0 0 0 0 0;
  INPUT ---        1 age.t10.967 0 0 0 0 0 0 0 0 0 0;
  INPUT ---        1 age.t11.167 0 0 0 0 0 0 0 0 0 0;
  INPUT ---        1 age.t11.367 0 0 0 0 0 0 0 0 0 0;
  INPUT ---        1 age.t13.134 0 0 0 0 0 0 0 0 0 0;
  INPUT ---        1 age.t13.334 0 0 0 0 0 0 0 0 0 0;
  INPUT ---        1 age.t13.534 0 0 0 0 0 0 0 0 0 0;
  INPUT ---        1 age.t13.734 0 0 0 0 0 0 0 0 0 0;
  INPUT ---        1 age.t13.934 0 0 0 0 0 0 0 0 0 0;
  INPUT ---        1 age.t17.101 0 0 0 0 0 0 0 0 0 0;
  INPUT ---        1 age.t17.301 0 0 0 0 0 0 0 0 0 0;
  INPUT ---        1 age.t17.501 0 0 0 0 0 0 0 0 0 0;
  INPUT ---        1 age.t17.701 0 0 0 0 0 0 0 0 0 0;
  INPUT ---        1 age.t17.901 0 0 0 0 0 0 0 0 0 0;
  INPUT ---        0 0 1 0 0 0 0 0 0 0 0 0;
  INPUT ---        0 0 0 1 0 0 0 0 0 0 0 0;
  INPUT ---        0 0 0 1 1 0 0 0 0 0 0 0;
  INPUT ---        0 0 0 1 0 1 0 0 0 0 0 0;

  Program  MARK  - Survival Rate Estimation with Capture-Recapture Data
   gfortran(Win64) Vers. 8.1 Mar 2016    5-Aug-2016 15:45:17    Page  006
 - - - - - - - - - - - - - - - - - - - - - - - - - - - - - - - - - - - - - -
 
  INPUT ---        0 0 0 1 0 0 1 0 0 0 0 0;
  INPUT ---        0 0 0 1 0 0 0 1 0 0 0 0;
  INPUT ---        0 0 0 1 0 0 0 0 1 0 0 0;
  INPUT ---        0 0 0 0 0 0 0 0 0 1 0 0;
  INPUT ---        0 0 0 0 0 0 0 0 0 0 1 0;
  INPUT ---        0 0 0 0 0 0 0 0 0 0 0 1;
  INPUT ---        0 0 0 0 0 0 0 0 0 0 0 0;
  INPUT ---        0 0 0 0 0 0 0 0 0 0 0 0;

  INPUT ---    links=42;

  INPUT ---    Log;

  INPUT ---    Log;

  INPUT ---    Log;

  INPUT ---    Log;

  INPUT ---    Log;

  INPUT ---    Log;

  INPUT ---    Log;

  INPUT ---    Log;

  INPUT ---    Log;

  INPUT ---    Log;

  INPUT ---    Log;

  INPUT ---    Log;

  INPUT ---    Log;

  INPUT ---    Log;

  INPUT ---    Log;

  INPUT ---    Log;

  INPUT ---    Log;

  INPUT ---    Log;

  Program  MARK  - Survival Rate Estimation with Capture-Recapture Data
   gfortran(Win64) Vers. 8.1 Mar 2016    5-Aug-2016 15:45:17    Page  007
 - - - - - - - - - - - - - - - - - - - - - - - - - - - - - - - - - - - - - -
 

  INPUT ---    Log;

  INPUT ---    Log;

  INPUT ---    Log;

  INPUT ---    Log;

  INPUT ---    Log;

  INPUT ---    Log;

  INPUT ---    Log;

  INPUT ---    Log;

  INPUT ---    Log;

  INPUT ---    Log;

  INPUT ---    Log;

  INPUT ---    Log;

  INPUT ---    Log;

  INPUT ---    Log;

  INPUT ---    Log;

  INPUT ---    Log;

  INPUT ---    Log;

  INPUT ---    Log;

  INPUT ---    Log;

  INPUT ---    Logit;

  INPUT ---    Logit;

  INPUT ---    Logit;

  INPUT ---    Logit;

  Program  MARK  - Survival Rate Estimation with Capture-Recapture Data
   gfortran(Win64) Vers. 8.1 Mar 2016    5-Aug-2016 15:45:17    Page  008
 - - - - - - - - - - - - - - - - - - - - - - - - - - - - - - - - - - - - - -
 

  INPUT ---    Logit;
  INPUT ---       blabel(1)=alpha:(Intercept);
  INPUT ---       blabel(2)=alpha:age.t;
  INPUT ---       blabel(3)=sigma:(Intercept);
  INPUT ---       blabel(4)=U:(Intercept);
  INPUT ---       blabel(5)=U:sample_monthB;
  INPUT ---       blabel(6)=U:sample_monthC;
  INPUT ---       blabel(7)=U:sample_monthD;
  INPUT ---       blabel(8)=U:sample_monthE;
  INPUT ---       blabel(9)=U:sample_monthF;
  INPUT ---       blabel(10)=Phi:(Intercept);
  INPUT ---       blabel(11)=GammaDoublePrime:(Intercept);
  INPUT ---       blabel(12)=GammaPrime:(Intercept);
  INPUT ---       rlabel(1)=alpha g1 a0 t1;
  INPUT ---       rlabel(2)=alpha g1 a0.2 t1.2;
  INPUT ---       rlabel(3)=alpha g1 a0.4 t1.4;
  INPUT ---       rlabel(4)=alpha g1 a0.6 t1.6;
  INPUT ---       rlabel(5)=alpha g1 a0.8 t1.8;
  INPUT ---       rlabel(6)=alpha g1 a2.8 t3.8;
  INPUT ---       rlabel(7)=alpha g1 a3 t4;
  INPUT ---       rlabel(8)=alpha g1 a3.2 t4.2;
  INPUT ---       rlabel(9)=alpha g1 a3.4 t4.4;
  INPUT ---       rlabel(10)=alpha g1 a3.6 t4.6;
  INPUT ---       rlabel(11)=alpha g1 a6.1 t7.1;
  INPUT ---       rlabel(12)=alpha g1 a6.3 t7.3;
  INPUT ---       rlabel(13)=alpha g1 a6.5 t7.5;
  INPUT ---       rlabel(14)=alpha g1 a6.7 t7.7;
  INPUT ---       rlabel(15)=alpha g1 a6.9 t7.9;
  INPUT ---       rlabel(16)=alpha g1 a9.567 t10.567;
  INPUT ---       rlabel(17)=alpha g1 a9.767 t10.767;
  INPUT ---       rlabel(18)=alpha g1 a9.967 t10.967;
  INPUT ---       rlabel(19)=alpha g1 a10.167 t11.167;
  INPUT ---       rlabel(20)=alpha g1 a10.367 t11.367;
  INPUT ---       rlabel(21)=alpha g1 a12.134 t13.134;
  INPUT ---       rlabel(22)=alpha g1 a12.334 t13.334;
  INPUT ---       rlabel(23)=alpha g1 a12.534 t13.534;
  INPUT ---       rlabel(24)=alpha g1 a12.734 t13.734;
  INPUT ---       rlabel(25)=alpha g1 a12.934 t13.934;
  INPUT ---       rlabel(26)=alpha g1 a16.101 t17.101;
  INPUT ---       rlabel(27)=alpha g1 a16.301 t17.301;
  INPUT ---       rlabel(28)=alpha g1 a16.501 t17.501;
  INPUT ---       rlabel(29)=alpha g1 a16.701 t17.701;
  INPUT ---       rlabel(30)=alpha g1 a16.901 t17.901;
  INPUT ---       rlabel(31)=sigma g1 a0 t1;
  INPUT ---       rlabel(32)=U g1 a0 t1;

  Program  MARK  - Survival Rate Estimation with Capture-Recapture Data
   gfortran(Win64) Vers. 8.1 Mar 2016    5-Aug-2016 15:45:17    Page  009
 - - - - - - - - - - - - - - - - - - - - - - - - - - - - - - - - - - - - - -
 
  INPUT ---       rlabel(33)=U g1 a2.8 t3.8;
  INPUT ---       rlabel(34)=U g1 a6.1 t7.1;
  INPUT ---       rlabel(35)=U g1 a9.567 t10.567;
  INPUT ---       rlabel(36)=U g1 a12.134 t13.134;
  INPUT ---       rlabel(37)=U g1 a16.101 t17.101;
  INPUT ---       rlabel(38)=Phi g1 c1 a0.8 t1.8;
  INPUT ---       rlabel(39)=Gamma'' g1 c1 a0.8 t1.8;
  INPUT ---       rlabel(40)=Gamma' g1 c1 a0.8 t1.8;
  INPUT ---       rlabel(41)=Phi g1 c1 a0 t1;
  INPUT ---       rlabel(42)=Gamma'' g1 c1 a0 t1;

 Link Function Used is PARM-SPECIFIC

 Variance Estimation Procedure Used is 2ndPart 

 M(t+1):
 Group=Group 1                                                                         
       3      3      3      2      3      5      5      5      2      5      5
       4      4      4      4     10      7      7      7      5      5      5
       5      3      4      5      5      5      4      5


 -2logL(saturated) = -0.0000000    
 Effective Sample Size = 169
 Results from first iteration:
  -2logL Initial { alpha(~1 + age.t)sigma(~1)U(~sample_month)Phi(~1)Gamma''(~1)Gamma'(~1) } = 1138.4459     
  Penalty Initial { alpha(~1 + age.t)sigma(~1)U(~sample_month)Phi(~1)Gamma''(~1)Gamma'(~1) } = -0.0000000    

 Number of function evaluations was 20 for 12 parameters.
 Time for numerical optimization was 1.69 seconds.
 -2logL { alpha(~1 + age.t)sigma(~1)U(~sample_month)Phi(~1)Gamma''(~1)Gamma'(~1) } = 1087.3817     
 Penalty { alpha(~1 + age.t)sigma(~1)U(~sample_month)Phi(~1)Gamma''(~1)Gamma'(~1) } = -0.0000000    

   * *  WARNING  * *   Numerical underflow occurred during optimization of this model. 
     IEEE flag status at end of optimization:
     overflow       F
     divide by zero F
     invalid        F
     underflow      T
     inexact        T

 Gradient { alpha(~1 + age.t)sigma(~1)U(~sample_month)Phi(~1)Gamma''(~1)Gamma'(~1) }:
  0.5130146E-04 0.1816759E-04  0.000000    -0.5087556E-04  0.000000    
 -0.2808128E-04-0.1272082E-04  0.000000    -0.4063941E-04 0.2268702E-04
 -0.5764405E-05  0.000000    
 S Vector { alpha(~1 + age.t)sigma(~1)U(~sample_month)Phi(~1)Gamma''(~1)Gamma'(~1) }:
   3684.431      305.5957      261.8642      233.1782      211.9248    
   160.8433      76.12192      20.91920      14.42184      6.136872    
  0.9500050      0.000000    
 Time to compute number of parameters was 1.55 seconds.
   Threshold =  0.2600000E-06     Condition index =   0.000000         New Threshold =   0.000000    
 New Guessimate of Estimated Parameters { alpha(~1 + age.t)sigma(~1)U(~sample_month)Phi(~1)Gamma''(~1)Gamma'(~1) } = 11          
 Conditioned S Vector { alpha(~1 + age.t)sigma(~1)U(~sample_month)Phi(~1)Gamma''(~1)Gamma'(~1) }:
   1.000000     0.8294246E-01 0.7107317E-01 0.6328744E-01 0.5751900E-01
  0.4365485E-01 0.2066043E-01 0.5677730E-02 0.3914266E-02 0.1665623E-02
  0.2578431E-03  0.000000    
 Number of Estimated Parameters { alpha(~1 + age.t)sigma(~1)U(~sample_month)Phi(~1)Gamma''(~1)Gamma'(~1) } = 11          
 DEVIANCE { alpha(~1 + age.t)sigma(~1)U(~sample_month)Phi(~1)Gamma''(~1)Gamma'(~1) } = 1087.3817                     
 DEVIANCE Degrees of Freedom { alpha(~1 + age.t)sigma(~1)U(~sample_month)Phi(~1)Gamma''(~1)Gamma'(~1) } = 3            
 c-hat { alpha(~1 + age.t)sigma(~1)U(~sample_month)Phi(~1)Gamma''(~1)Gamma'(~1) } = 362.46057                     
 AIC { alpha(~1 + age.t)sigma(~1)U(~sample_month)Phi(~1)Gamma''(~1)Gamma'(~1) } = 1109.3817                  
 AICc { alpha(~1 + age.t)sigma(~1)U(~sample_month)Phi(~1)Gamma''(~1)Gamma'(~1) } = 1111.0632                    
 BIC { alpha(~1 + age.t)sigma(~1)U(~sample_month)Phi(~1)Gamma''(~1)Gamma'(~1) } = 1143.8106                    
 Pearson Chisquare { alpha(~1 + age.t)sigma(~1)U(~sample_month)Phi(~1)Gamma''(~1)Gamma'(~1) } = 0.3210295E+035             

  Program  MARK  - Survival Rate Estimation with Capture-Recapture Data
   gfortran(Win64) Vers. 8.1 Mar 2016    5-Aug-2016 15:45:19    Page  010
 - - - - - - - - - - - - - - - - - - - - - - - - - - - - - - - - - - - - - -
 

   * *  WARNING  * *   Numerical underflow occurred during variance-covariance calculation of this model. 
     IEEE flag status at end of variance-covariance calculation:
     overflow       F
     divide by zero F
     invalid        F
     underflow      T
     inexact        T



 PARM-SPECIFIC Link Function Parameters of { alpha(~1 + age.t)sigma(~1)U(~sample_month)Phi(~1)Gamma''(~1)Gamma'(~1) }
                                                              95% Confidence Interval
 Parameter                    Beta         Standard Error      Lower           Upper
 -------------------------  --------------  --------------  --------------  --------------
    1:alpha:(Intercept)     0.7728438       0.1621015       0.4551247       1.0905628     
    2:alpha:age.t           0.2515345       0.1583482       -0.0588280      0.5618971     
    3:sigma:(Intercept)     -0.5946093      0.1123922       -0.8148979      -0.3743206    
    4:U:(Intercept)         2.5753698       0.1168450       2.3463536       2.8043859     
    5:U:sample_monthB       0.4437189       0.1274762       0.1938656       0.6935722     
    6:U:sample_monthC       0.6193970       0.1231551       0.3780130       0.8607810     
    7:U:sample_monthD       0.7874137       0.1181184       0.5559017       1.0189257     
    8:U:sample_monthE       0.3061846       0.1223670       0.0663453       0.5460238     
    9:U:sample_monthF       0.6784719       0.1220131       0.4393262       0.9176177     
   10:Phi:(Intercept)       2.0066582       0.4036700       1.2154650       2.7978515     
   11:GammaDoublePrime:(In  -2.9444429      1.0259756       -4.9553552      -0.9335306    
   12:GammaPrime:(Intercep  17.724958       0.0000000       17.724958       17.724958     


 Real Function Parameters of { alpha(~1 + age.t)sigma(~1)U(~sample_month)Phi(~1)Gamma''(~1)Gamma'(~1) }

  Program  MARK  - Survival Rate Estimation with Capture-Recapture Data
   gfortran(Win64) Vers. 8.1 Mar 2016    5-Aug-2016 15:45:19    Page  011
 - - - - - - - - - - - - - - - - - - - - - - - - - - - - - - - - - - - - - -
 

      Following estimates based on unstandardized individual covariate values:
          Variable   Value         
          ---------  ------------- 
          AGE.T1     1.0000000     
          AGE.T1.2   1.0000000     
          AGE.T1.4   1.0000000     
          AGE.T1.6   1.0000000     
          AGE.T1.8   1.0000000     
          AGE.T3.8   1.0000000     
          AGE.T4     1.0000000     
          AGE.T4.2   1.0000000     
          AGE.T4.4   1.0000000     
          AGE.T4.6   1.0000000     
          AGE.T7.1   0.8333333     
          AGE.T7.3   0.8333333     
          AGE.T7.5   0.8333333     
          AGE.T7.7   0.8333333     
          AGE.T7.9   0.8333333     
          AGE.T10.56 0.6666667     
          AGE.T10.76 0.6666667     
          AGE.T10.96 0.6666667     
          AGE.T11.16 0.6666667     
          AGE.T11.36 0.6666667     
          AGE.T13.13 1.0000000     
          AGE.T13.33 1.0000000     
          AGE.T13.53 1.0000000     
          AGE.T13.73 1.0000000     
          AGE.T13.93 1.0000000     
          AGE.T17.10 0.9230769     
          AGE.T17.30 0.9230769     
          AGE.T17.50 0.9230769     
          AGE.T17.70 0.9230769     
          AGE.T17.90 0.9230769     
                                                               95% Confidence Interval
  Parameter                  Estimate       Standard Error      Lower           Upper
 --------------------------  --------------  --------------  --------------  --------------
     1:alpha g1 a0 t1        2.7853633       0.2172642       2.3910342       3.2447251                           
     2:alpha g1 a0.2 t1.2    2.7853633       0.2172642       2.3910342       3.2447251                           
     3:alpha g1 a0.4 t1.4    2.7853633       0.2172642       2.3910342       3.2447251                           
     4:alpha g1 a0.6 t1.6    2.7853633       0.2172642       2.3910342       3.2447251                           
     5:alpha g1 a0.8 t1.8    2.7853633       0.2172642       2.3910342       3.2447251                           
     6:alpha g1 a2.8 t3.8    2.7853633       0.2172642       2.3910342       3.2447251                           
     7:alpha g1 a3 t4        2.7853633       0.2172642       2.3910342       3.2447251                           
     8:alpha g1 a3.2 t4.2    2.7853633       0.2172642       2.3910342       3.2447251                           
     9:alpha g1 a3.4 t4.4    2.7853633       0.2172642       2.3910342       3.2447251                           
    10:alpha g1 a3.6 t4.6    2.7853633       0.2172642       2.3910342       3.2447251                           
    11:alpha g1 a6.1 t7.1    2.6710079       0.2063297       2.2962450       3.1069346                           
    12:alpha g1 a6.3 t7.3    2.6710079       0.2063297       2.2962450       3.1069346                           

  Program  MARK  - Survival Rate Estimation with Capture-Recapture Data
   gfortran(Win64) Vers. 8.1 Mar 2016    5-Aug-2016 15:45:19    Page  012
 - - - - - - - - - - - - - - - - - - - - - - - - - - - - - - - - - - - - - -
 
    13:alpha g1 a6.5 t7.5    2.6710079       0.2063297       2.2962450       3.1069346                           
    14:alpha g1 a6.7 t7.7    2.6710079       0.2063297       2.2962450       3.1069346                           
    15:alpha g1 a6.9 t7.9    2.6710079       0.2063297       2.2962450       3.1069346                           
    16:alpha g1 a9.567 t10.  2.5613474       0.2179878       2.1684772       3.0253952                           
    17:alpha g1 a9.767 t10.  2.5613474       0.2179878       2.1684772       3.0253952                           
    18:alpha g1 a9.967 t10.  2.5613474       0.2179878       2.1684772       3.0253952                           
    19:alpha g1 a10.167 t11  2.5613474       0.2179878       2.1684772       3.0253952                           
    20:alpha g1 a10.367 t11  2.5613474       0.2179878       2.1684772       3.0253952                           
    21:alpha g1 a12.134 t13  2.7853633       0.2172642       2.3910342       3.2447251                           
    22:alpha g1 a12.334 t13  2.7853633       0.2172642       2.3910342       3.2447251                           
    23:alpha g1 a12.534 t13  2.7853633       0.2172642       2.3910342       3.2447251                           
    24:alpha g1 a12.734 t13  2.7853633       0.2172642       2.3910342       3.2447251                           
    25:alpha g1 a12.934 t13  2.7853633       0.2172642       2.3910342       3.2447251                           
    26:alpha g1 a16.101 t17  2.7319879       0.2090853       2.3519510       3.1734325                           
    27:alpha g1 a16.301 t17  2.7319879       0.2090853       2.3519510       3.1734325                           
    28:alpha g1 a16.501 t17  2.7319879       0.2090853       2.3519510       3.1734325                           
    29:alpha g1 a16.701 t17  2.7319879       0.2090853       2.3519510       3.1734325                           
    30:alpha g1 a16.901 t17  2.7319879       0.2090853       2.3519510       3.1734325                           
    31:sigma g1 a0 t1        0.5517781       0.0620155       0.4429905       0.6872813                           
    32:U g1 a0 t1            13.136173       1.5348957       10.455515       16.504118                           
    33:U g1 a2.8 t3.8        20.472626       2.0648442       16.808848       24.934987                           
    34:U g1 a6.1 t7.1        24.404481       2.0393114       20.723497       28.739296                           
    35:U g1 a9.567 t10.567   28.869436       2.2045897       24.861670       33.523265                           
    36:U g1 a12.134 t13.134  17.841984       1.5368366       15.075030       21.116800                           
    37:U g1 a16.101 t17.101  25.889609       2.1629461       21.985392       30.487146                           
    38:Phi g1 c1 a0.8 t1.8   0.8814944       0.0421682       0.7712645       0.9425596                           
    39:Gamma'' g1 c1 a0.8 t  0.0499998       0.0487337       0.0069963       0.2822090                           
    40:Gamma' g1 c1 a0.8 t1  1.0000000       0.0000000       1.0000000       1.0000000                           
    41:Phi g1 c1 a0 t1       1.0000000       0.0000000       1.0000000       1.0000000       Fixed               
    42:Gamma'' g1 c1 a0 t1   0.0000000       0.0000000       0.0000000       0.0000000       Fixed               

  Program  MARK  - Survival Rate Estimation with Capture-Recapture Data
   gfortran(Win64) Vers. 8.1 Mar 2016    5-Aug-2016 15:45:19    Page  013
 - - - - - - - - - - - - - - - - - - - - - - - - - - - - - - - - - - - - - -
 


                      Estimates of Derived Parameters
 Population Estimates of { alpha(~1 + age.t)sigma(~1)U(~sample_month)Phi(~1)Gamma''(~1)Gamma'(~1) }
                                                95% Confidence Interval
 Grp. Occ.   N-hat           Standard Error      Lower           Upper
 ---- ----   --------------  --------------  --------------  --------------
   1     1   16.136173       1.5348965       13.397192       19.435124     
   1     2   16.136173       1.5348965       13.397192       19.435124     
   1     3   16.136173       1.5348965       13.397192       19.435124     
   1     4   15.356759       1.5532833       12.601461       18.714502     
   1     5   16.136173       1.5348965       13.397192       19.435124     
   1     6   25.472626       2.0648447       21.736313       29.851184     
   1     7   25.472626       2.0648447       21.736313       29.851184     
   1     8   25.472626       2.0648447       21.736313       29.851184     
   1     9   22.693212       2.0862363       18.958602       27.163494     
   1    10   25.472626       2.0648447       21.736313       29.851184     
   1    11   30.019502       2.1031195       26.172278       34.432254     
   1    12   28.909392       2.0918772       25.091433       33.308298     
   1    13   28.909392       2.0918772       25.091433       33.308298     
   1    14   28.909392       2.0918772       25.091433       33.308298     
   1    15   28.909392       2.0918772       25.091433       33.308298     
   1    16   36.704836       2.2941279       32.476731       41.483393     
   1    17   36.769226       2.3016595       32.527640       41.563913     
   1    18   36.704836       2.2941279       32.476731       41.483393     
   1    19   36.769226       2.3016595       32.527640       41.563913     
   1    20   34.420901       2.2630260       30.263468       39.149459     
   1    21   22.283156       1.5779997       19.398691       25.596522     
   1    22   23.393449       1.5889962       20.480567       26.720619     
   1    23   23.393449       1.5889962       20.480567       26.720619     
   1    24   21.172863       1.5672799       18.317068       24.473902     
   1    25   22.283156       1.5779997       19.398691       25.596522     
   1    26   31.504630       2.2267630       27.433730       36.179612     
   1    27   31.504630       2.2267630       27.433730       36.179612     
   1    28   31.504630       2.2267630       27.433730       36.179612     
   1    29   30.394520       2.2152155       26.353540       35.055132     
   1    30   31.504630       2.2267630       27.433730       36.179612     
 Mean Resighting Rate Estimates of { alpha(~1 + age.t)sigma(~1)U(~sample_month)Phi(~1)Gamma''(~1)Gamma'(~1) }
                                                95% Confidence Interval
 Grp. Occ.   Lambda-hat      Standard Error      Lower           Upper
 ---- ----   --------------  --------------  --------------  --------------
   1     1   3.2433536       0.1996955       2.8749734       3.6589356     
   1     2   3.2433536       0.1996955       2.8749734       3.6589356     
   1     3   3.2433536       0.1996955       2.8749734       3.6589356     
   1     4   3.2433536       0.1996955       2.8749734       3.6589356     
   1     5   3.2433536       0.1996955       2.8749734       3.6589356     
   1     6   3.2433536       0.1996955       2.8749734       3.6589356     
   1     7   3.2433536       0.1996955       2.8749734       3.6589356     
   1     8   3.2433536       0.1996955       2.8749734       3.6589356     
   1     9   3.2433536       0.1996955       2.8749734       3.6589356     

  Program  MARK  - Survival Rate Estimation with Capture-Recapture Data
   gfortran(Win64) Vers. 8.1 Mar 2016    5-Aug-2016 15:45:19    Page  014
 - - - - - - - - - - - - - - - - - - - - - - - - - - - - - - - - - - - - - -
 
   1    10   3.2433536       0.1996955       2.8749734       3.6589356     
   1    11   3.4674169       0.1886828       3.1168831       3.8573728     
   1    12   3.3334587       0.1863331       2.9877963       3.7191112     
   1    13   3.5567224       0.1902590       3.2029378       3.9495847     
   1    14   3.7799861       0.1942325       3.4180602       4.1802350     
   1    15   4.0032498       0.1982507       3.6331568       4.4110425     
   1    16   3.4882682       0.2099926       3.1003678       3.9247005     
   1    17   3.8675918       0.2178338       3.4636629       4.3186265     
   1    18   3.7411506       0.2152066       3.3425666       4.1872637     
   1    19   3.6147094       0.2125927       3.2214677       4.0559538     
   1    20   3.5135564       0.2105115       3.1245877       3.9509464     
   1    21   4.5943484       0.2220729       4.1792986       5.0506172     
   1    22   3.6036189       0.2055106       3.2228064       4.0294287     
   1    23   3.6036189       0.2055106       3.2228064       4.0294287     
   1    24   3.8437957       0.2094525       3.4547049       4.2767085     
   1    25   5.0446800       0.2298417       4.6139325       5.5156412     
   1    26   3.5400802       0.1929675       3.1816193       3.9389276     
   1    27   3.1812018       0.1870313       2.8352349       3.5693849     
   1    28   3.7195195       0.1959823       3.3548035       4.1238853     
   1    29   3.8540989       0.1982627       3.4846843       4.2626755     
   1    30   3.7195195       0.1959823       3.3548035       4.1238853     
 Pr(Captured 1 or more times) of { alpha(~1 + age.t)sigma(~1)U(~sample_month)Phi(~1)Gamma''(~1)Gamma'(~1) }
                                                95% Confidence Interval
 Grp. Occ.      p*-hat       Standard Error      Lower           Upper
 ---- ----   --------------  --------------  --------------  --------------
   1     1   0.3002211       0.0063666       0.2878924       0.3128458     
   1     2   0.3002211       0.0063666       0.2878924       0.3128458     
   1     3   0.3002211       0.0063666       0.2878924       0.3128458     
   1     4   0.4503316       0.0095499       0.4316926       0.4691111     
   1     5   0.3002211       0.0063666       0.2878924       0.3128458     
   1     6   0.1801326       0.0038200       0.1727665       0.1877416     
   1     7   0.1801326       0.0038200       0.1727665       0.1877416     
   1     8   0.1801326       0.0038200       0.1727665       0.1877416     
   1     9   0.4503316       0.0095499       0.4316926       0.4691111     
   1    10   0.1801326       0.0038200       0.1727665       0.1877416     
   1    11   0.1838763       0.0032557       0.1775807       0.1903435     
   1    12   0.2268547       0.0045797       0.2180041       0.2359562     
   1    13   0.2308574       0.0039875       0.2231346       0.2387654     
   1    14   0.2341477       0.0034732       0.2274091       0.2410237     
   1    15   0.2368553       0.0030264       0.2309748       0.2428382     
   1    16   0.1317308       0.0024878       0.1269309       0.1366839     
   1    17   0.1352067       0.0017810       0.1317538       0.1387356     
   1    18   0.1349549       0.0017376       0.1315853       0.1383970     
   1    19   0.1333859       0.0020828       0.1293562       0.1375212     
   1    20   0.1875495       0.0026828       0.1823478       0.1928647     
   1    21   0.2421795       0.0019858       0.2383086       0.2460930     
   1    22   0.1854616       0.0030172       0.1796205       0.1914483     
   1    23   0.1854616       0.0030172       0.1796205       0.1914483     
   1    24   0.3136244       0.0043000       0.3052584       0.3221134     
   1    25   0.2446265       0.0014897       0.2417185       0.2475580     

  Program  MARK  - Survival Rate Estimation with Capture-Recapture Data
   gfortran(Win64) Vers. 8.1 Mar 2016    5-Aug-2016 15:45:19    Page  015
 - - - - - - - - - - - - - - - - - - - - - - - - - - - - - - - - - - - - - -
 
   1    26   0.1838763       0.0032557       0.1775807       0.1903435     
   1    27   0.1780937       0.0040733       0.1702498       0.1862180     
   1    28   0.1861506       0.0029117       0.1805110       0.1919252     
   1    29   0.2341477       0.0034732       0.2274091       0.2410237     
   1    30   0.1861506       0.0029117       0.1805110       0.1919252     

 Attempted ordering of parameters by estimatibility:
   1  4  7  9  6  8  3  5  2 10 11 12
 Beta number 12 is a singular value.

     CPU Time in seconds for last procedure was 3.42


  INPUT --- proc stop;

   * *  WARNING  * *   Numerical underflow occurred during final processing of this model. 
     IEEE flag status at final processing of this model:
     overflow       F
     divide by zero F
     invalid        F
     underflow      T
     inexact        T


     CPU Time in minutes for this job was 0.06

     Time Start = 15:45:17.617   Time End = 15:45:19.932

     Wall Clock Time in minutes for this job was 0.04


          E X E C U T I O N   S U C C E S S F U L 
