
   Program  MARK  - Survival Rate Estimation with Capture-Recapture Data
   gfortran(Win64) Vers. 8.1 Mar 2016    5-Aug-2016 15:51:02    Page  001
 - - - - - - - - - - - - - - - - - - - - - - - - - - - - - - - - - - - - - -
 
   This version was compiled by GCC version 5.3.0 using the options: 
     -cpp -iprefix c:\tdm-gcc-64\gcc\bin\../lib/gcc/x86_64-w64-mingw32/5.3.0/ -D_MT
     -U_REENTRANT -D IEEE -m64 -mtune=generic -march=x86-64 -mthreads -O2
     -fimplicit-none -fbounds-check -funroll-loops -ftree-vectorize
     -ffpe-summary=invalid,zero,overflow,underflow -fno-unsafe-math-optimizations
     -frounding-math -fsignaling-nans -fopenmp.

   This problem will use 3 of 4 possible threads.


  INPUT --- proc title ;

     CPU Time in seconds for last procedure was 0.00


  INPUT --- proc chmatrix occasions= 30 groups= 1 etype= PoissonMR 
  INPUT --- icovar = 31 ICMeans NoHist  hist= 14 ;

  INPUT ---    time interval 0.2 0.2 0.2 0.2 2 0.2 0.2 0.2 0.2 2.5 0.2 0.2 
  INPUT ---    0.2 0.2 2.667 0.2 0.2 0.2  0.2 1.767 0.2 0.2 0.2 0.2 3.167 
  INPUT ---    0.2 0.2 0.2 0.2 ;

  INPUT ---     icovariates captive sex age.t1 age.t1.2 age.t1.4  age.t1.6 
  INPUT ---    age.t1.8 age.t3.8 age.t4 age.t4.2 age.t4.4 age.t4.6 
  INPUT ---    age.t7.1 age.t7.3 age.t7.5 age.t7.7  age.t7.9 age.t10.567 
  INPUT ---    age.t10.767 age.t10.967 age.t11.167 age.t11.367 age.t13.134 
  INPUT ---    age.t13.334  age.t13.534 age.t13.734 age.t13.934 
  INPUT ---    age.t17.101 age.t17.301 age.t17.501 age.t17.701 ;

  INPUT ---    glabel(1)=Group 1;

      Number of unique encounter histories read was 14.

      Number of individual covariates read was 31.
      Time interval lengths vary and/or not equal to 1.

      Data type number is 115
      Data type is Poisson Mark Resight with Robust Design                                                             

     CPU Time in seconds for last procedure was 0.00

  Program  MARK  - Survival Rate Estimation with Capture-Recapture Data
   gfortran(Win64) Vers. 8.1 Mar 2016    5-Aug-2016 15:51:02    Page  002
 - - - - - - - - - - - - - - - - - - - - - - - - - - - - - - - - - - - - - -
 


  INPUT --- proc estimate link=Parm-Specific NOLOOP varest=2ndPart    ;


  INPUT --- model={ alpha(~1 + captive + sex + effort.trapdays + 
  INPUT --- recordloss.agout.total)sigma(~1)U(~sample_month)Phi(~1 + 
  INPUT --- captive + age.t + sex)Gamma''(~1)Gamma'(~1) };

  INPUT ---    fixed=2;
  INPUT ---        parm(45)=1 ;
  INPUT ---        parm(46)=0 ;

  INPUT ---    group=1 alpha    rows=1 cols=30 Square ;
  INPUT ---        1 2 3 4 5 6 7 8 9 10 11 12 13 14 15 16 17 18 19 20 21 22 
  INPUT ---       23 24 25 26 27 28 29 30 ;

  INPUT ---    group=1 sigma    rows=1 cols=30 Square ;
  INPUT ---        31 31 31 31 31 31 31 31 31 31 31 31 31 31 31 31 31 31 31 
  INPUT ---       31 31 31 31 31 31 31 31 31 31 31 ;

  INPUT ---    group=1 U    rows=1 cols=30 Square ;
  INPUT ---        32 32 32 32 32 33 33 33 33 33 34 34 34 34 34 35 35 35 35 
  INPUT ---       35 36 36 36 36 36 37 37 37 37 37 ;

  INPUT ---    group=1 Phi    rows=29 cols=29 Triang ;
  INPUT ---        45 45 45 45 38 45 45 45 45 39 45 45 45 45 40 45 45 45 45 
  INPUT ---       41 45 45 45 45 42 45 45 45 45 ;
  INPUT ---        45 45 45 45 45 45 45 45 45 45 45 45 45 45 45 45 45 45 45 
  INPUT ---       45 45 45 45 45 45 45 45 45 ;
  INPUT ---        45 45 45 45 45 45 45 45 45 45 45 45 45 45 45 45 45 45 45 
  INPUT ---       45 45 45 45 45 45 45 45 ;
  INPUT ---        45 45 45 45 45 45 45 45 45 45 45 45 45 45 45 45 45 45 45 
  INPUT ---       45 45 45 45 45 45 45 ;
  INPUT ---        45 45 45 45 45 45 45 45 45 45 45 45 45 45 45 45 45 45 45 
  INPUT ---       45 45 45 45 45 45 ;
  INPUT ---        45 45 45 45 39 45 45 45 45 40 45 45 45 45 41 45 45 45 45 
  INPUT ---       42 45 45 45 45 ;
  INPUT ---        45 45 45 45 45 45 45 45 45 45 45 45 45 45 45 45 45 45 45 
  INPUT ---       45 45 45 45 ;
  INPUT ---        45 45 45 45 45 45 45 45 45 45 45 45 45 45 45 45 45 45 45 
  INPUT ---       45 45 45 ;
  INPUT ---        45 45 45 45 45 45 45 45 45 45 45 45 45 45 45 45 45 45 45 
  INPUT ---       45 45 ;
  INPUT ---        45 45 45 45 45 45 45 45 45 45 45 45 45 45 45 45 45 45 45 
  INPUT ---       45 ;

  Program  MARK  - Survival Rate Estimation with Capture-Recapture Data
   gfortran(Win64) Vers. 8.1 Mar 2016    5-Aug-2016 15:51:02    Page  003
 - - - - - - - - - - - - - - - - - - - - - - - - - - - - - - - - - - - - - -
 
  INPUT ---        45 45 45 45 40 45 45 45 45 41 45 45 45 45 42 45 45 45 45 ;
  INPUT ---        45 45 45 45 45 45 45 45 45 45 45 45 45 45 45 45 45 45 ;
  INPUT ---        45 45 45 45 45 45 45 45 45 45 45 45 45 45 45 45 45 ;
  INPUT ---        45 45 45 45 45 45 45 45 45 45 45 45 45 45 45 45 ;
  INPUT ---        45 45 45 45 45 45 45 45 45 45 45 45 45 45 45 ;
  INPUT ---        45 45 45 45 41 45 45 45 45 42 45 45 45 45 ;
  INPUT ---        45 45 45 45 45 45 45 45 45 45 45 45 45 ;
  INPUT ---        45 45 45 45 45 45 45 45 45 45 45 45 ;
  INPUT ---        45 45 45 45 45 45 45 45 45 45 45 ;
  INPUT ---        45 45 45 45 45 45 45 45 45 45 ;
  INPUT ---        45 45 45 45 42 45 45 45 45 ;
  INPUT ---        45 45 45 45 45 45 45 45 ;
  INPUT ---        45 45 45 45 45 45 45 ;
  INPUT ---        45 45 45 45 45 45 ;
  INPUT ---        45 45 45 45 45 ;
  INPUT ---        45 45 45 45 ;
  INPUT ---        45 45 45 ;
  INPUT ---        45 45 ;
  INPUT ---        45 ;

  INPUT ---    group=1 Gamma''    rows=29 cols=29 Triang ;
  INPUT ---        46 46 46 46 43 46 46 46 46 43 46 46 46 46 43 46 46 46 46 
  INPUT ---       43 46 46 46 46 43 46 46 46 46 ;
  INPUT ---        46 46 46 46 46 46 46 46 46 46 46 46 46 46 46 46 46 46 46 
  INPUT ---       46 46 46 46 46 46 46 46 46 ;
  INPUT ---        46 46 46 46 46 46 46 46 46 46 46 46 46 46 46 46 46 46 46 
  INPUT ---       46 46 46 46 46 46 46 46 ;
  INPUT ---        46 46 46 46 46 46 46 46 46 46 46 46 46 46 46 46 46 46 46 
  INPUT ---       46 46 46 46 46 46 46 ;
  INPUT ---        46 46 46 46 46 46 46 46 46 46 46 46 46 46 46 46 46 46 46 
  INPUT ---       46 46 46 46 46 46 ;
  INPUT ---        46 46 46 46 43 46 46 46 46 43 46 46 46 46 43 46 46 46 46 
  INPUT ---       43 46 46 46 46 ;
  INPUT ---        46 46 46 46 46 46 46 46 46 46 46 46 46 46 46 46 46 46 46 
  INPUT ---       46 46 46 46 ;
  INPUT ---        46 46 46 46 46 46 46 46 46 46 46 46 46 46 46 46 46 46 46 
  INPUT ---       46 46 46 ;
  INPUT ---        46 46 46 46 46 46 46 46 46 46 46 46 46 46 46 46 46 46 46 
  INPUT ---       46 46 ;
  INPUT ---        46 46 46 46 46 46 46 46 46 46 46 46 46 46 46 46 46 46 46 
  INPUT ---       46 ;
  INPUT ---        46 46 46 46 43 46 46 46 46 43 46 46 46 46 43 46 46 46 46 ;
  INPUT ---        46 46 46 46 46 46 46 46 46 46 46 46 46 46 46 46 46 46 ;
  INPUT ---        46 46 46 46 46 46 46 46 46 46 46 46 46 46 46 46 46 ;
  INPUT ---        46 46 46 46 46 46 46 46 46 46 46 46 46 46 46 46 ;
  INPUT ---        46 46 46 46 46 46 46 46 46 46 46 46 46 46 46 ;

  Program  MARK  - Survival Rate Estimation with Capture-Recapture Data
   gfortran(Win64) Vers. 8.1 Mar 2016    5-Aug-2016 15:51:02    Page  004
 - - - - - - - - - - - - - - - - - - - - - - - - - - - - - - - - - - - - - -
 
  INPUT ---        46 46 46 46 43 46 46 46 46 43 46 46 46 46 ;
  INPUT ---        46 46 46 46 46 46 46 46 46 46 46 46 46 ;
  INPUT ---        46 46 46 46 46 46 46 46 46 46 46 46 ;
  INPUT ---        46 46 46 46 46 46 46 46 46 46 46 ;
  INPUT ---        46 46 46 46 46 46 46 46 46 46 ;
  INPUT ---        46 46 46 46 43 46 46 46 46 ;
  INPUT ---        46 46 46 46 46 46 46 46 ;
  INPUT ---        46 46 46 46 46 46 46 ;
  INPUT ---        46 46 46 46 46 46 ;
  INPUT ---        46 46 46 46 46 ;
  INPUT ---        46 46 46 46 ;
  INPUT ---        46 46 46 ;
  INPUT ---        46 46 ;
  INPUT ---        46 ;

  INPUT ---    group=1 Gamma'    rows=28 cols=28 Triang ;
  INPUT ---        46 46 46 44 46 46 46 46 44 46 46 46 46 44 46 46 46 46 44 
  INPUT ---       46 46 46 46 44 46 46 46 46 ;
  INPUT ---        46 46 46 46 46 46 46 46 46 46 46 46 46 46 46 46 46 46 46 
  INPUT ---       46 46 46 46 46 46 46 46 ;
  INPUT ---        46 46 46 46 46 46 46 46 46 46 46 46 46 46 46 46 46 46 46 
  INPUT ---       46 46 46 46 46 46 46 ;
  INPUT ---        46 46 46 46 46 46 46 46 46 46 46 46 46 46 46 46 46 46 46 
  INPUT ---       46 46 46 46 46 46 ;
  INPUT ---        46 46 46 46 46 46 46 46 46 46 46 46 46 46 46 46 46 46 46 
  INPUT ---       46 46 46 46 46 ;
  INPUT ---        46 46 46 44 46 46 46 46 44 46 46 46 46 44 46 46 46 46 44 
  INPUT ---       46 46 46 46 ;
  INPUT ---        46 46 46 46 46 46 46 46 46 46 46 46 46 46 46 46 46 46 46 
  INPUT ---       46 46 46 ;
  INPUT ---        46 46 46 46 46 46 46 46 46 46 46 46 46 46 46 46 46 46 46 
  INPUT ---       46 46 ;
  INPUT ---        46 46 46 46 46 46 46 46 46 46 46 46 46 46 46 46 46 46 46 
  INPUT ---       46 ;
  INPUT ---        46 46 46 46 46 46 46 46 46 46 46 46 46 46 46 46 46 46 46 ;
  INPUT ---        46 46 46 44 46 46 46 46 44 46 46 46 46 44 46 46 46 46 ;
  INPUT ---        46 46 46 46 46 46 46 46 46 46 46 46 46 46 46 46 46 ;
  INPUT ---        46 46 46 46 46 46 46 46 46 46 46 46 46 46 46 46 ;
  INPUT ---        46 46 46 46 46 46 46 46 46 46 46 46 46 46 46 ;
  INPUT ---        46 46 46 46 46 46 46 46 46 46 46 46 46 46 ;
  INPUT ---        46 46 46 44 46 46 46 46 44 46 46 46 46 ;
  INPUT ---        46 46 46 46 46 46 46 46 46 46 46 46 ;
  INPUT ---        46 46 46 46 46 46 46 46 46 46 46 ;
  INPUT ---        46 46 46 46 46 46 46 46 46 46 ;
  INPUT ---        46 46 46 46 46 46 46 46 46 ;
  INPUT ---        46 46 46 44 46 46 46 46 ;

  Program  MARK  - Survival Rate Estimation with Capture-Recapture Data
   gfortran(Win64) Vers. 8.1 Mar 2016    5-Aug-2016 15:51:02    Page  005
 - - - - - - - - - - - - - - - - - - - - - - - - - - - - - - - - - - - - - -
 
  INPUT ---        46 46 46 46 46 46 46 ;
  INPUT ---        46 46 46 46 46 46 ;
  INPUT ---        46 46 46 46 46 ;
  INPUT ---        46 46 46 46 ;
  INPUT ---        46 46 46 ;
  INPUT ---        46 46 ;
  INPUT ---        46 ;

  INPUT ---    initial  0.8492118 0 0 0 0 -0.3123225 3.139572 0 0 0 0 0 
  INPUT ---    2.0066797 0 0 0 -2.9445172 17.724958  ;

  INPUT ---    design matrix constraints=46 covariates=18;
  INPUT ---        1 captive sex 96 0.186046511627907 0 0 0 0 0 0 0 0 0 0 0 0 
  INPUT ---       0;
  INPUT ---        1 captive sex 96 0.127659574468085 0 0 0 0 0 0 0 0 0 0 0 0 
  INPUT ---       0;
  INPUT ---        1 captive sex 114 0.08 0 0 0 0 0 0 0 0 0 0 0 0 0;
  INPUT ---        1 captive sex 120 0.166666666666667 0 0 0 0 0 0 0 0 0 0 0 
  INPUT ---       0 0;
  INPUT ---        1 captive sex 115 0.169230769230769 0 0 0 0 0 0 0 0 0 0 0 
  INPUT ---       0 0;
  INPUT ---        1 captive sex 126 0.0615384615384615 0 0 0 0 0 0 0 0 0 0 0 
  INPUT ---       0 0;
  INPUT ---        1 captive sex 126 0.0776699029126214 0 0 0 0 0 0 0 0 0 0 0 
  INPUT ---       0 0;
  INPUT ---        1 captive sex 126 0.170212765957447 0 0 0 0 0 0 0 0 0 0 0 
  INPUT ---       0 0;
  INPUT ---        1 captive sex 114 0.0666666666666667 0 0 0 0 0 0 0 0 0 0 0 
  INPUT ---       0 0;
  INPUT ---        1 captive sex 126 0.0894308943089431 0 0 0 0 0 0 0 0 0 0 0 
  INPUT ---       0 0;
  INPUT ---        1 captive sex 139 0.08 0 0 0 0 0 0 0 0 0 0 0 0 0;
  INPUT ---        1 captive sex 168 0.135135135135135 0 0 0 0 0 0 0 0 0 0 0 
  INPUT ---       0 0;
  INPUT ---        1 captive sex 180 0.213740458015267 0 0 0 0 0 0 0 0 0 0 0 
  INPUT ---       0 0;
  INPUT ---        1 captive sex 174 0.0869565217391304 0 0 0 0 0 0 0 0 0 0 0 
  INPUT ---       0 0;
  INPUT ---        1 captive sex 173 0.131428571428571 0 0 0 0 0 0 0 0 0 0 0 
  INPUT ---       0 0;
  INPUT ---        1 captive sex 166 0.167441860465116 0 0 0 0 0 0 0 0 0 0 0 
  INPUT ---       0 0;
  INPUT ---        1 captive sex 172 0.155 0 0 0 0 0 0 0 0 0 0 0 0 0;
  INPUT ---        1 captive sex 166 0.168831168831169 0 0 0 0 0 0 0 0 0 0 0 
  INPUT ---       0 0;
  INPUT ---        1 captive sex 171 0.231182795698925 0 0 0 0 0 0 0 0 0 0 0 

  Program  MARK  - Survival Rate Estimation with Capture-Recapture Data
   gfortran(Win64) Vers. 8.1 Mar 2016    5-Aug-2016 15:51:02    Page  006
 - - - - - - - - - - - - - - - - - - - - - - - - - - - - - - - - - - - - - -
 
  INPUT ---       0 0;
  INPUT ---        1 captive sex 151 0.224489795918367 0 0 0 0 0 0 0 0 0 0 0 
  INPUT ---       0 0;
  INPUT ---        1 captive sex 192 0.125827814569536 0 0 0 0 0 0 0 0 0 0 0 
  INPUT ---       0 0;
  INPUT ---        1 captive sex 185 0.201612903225806 0 0 0 0 0 0 0 0 0 0 0 
  INPUT ---       0 0;
  INPUT ---        1 captive sex 198 0.244604316546763 0 0 0 0 0 0 0 0 0 0 0 
  INPUT ---       0 0;
  INPUT ---        1 captive sex 198 0.282828282828283 0 0 0 0 0 0 0 0 0 0 0 
  INPUT ---       0 0;
  INPUT ---        1 captive sex 195 0.314516129032258 0 0 0 0 0 0 0 0 0 0 0 
  INPUT ---       0 0;
  INPUT ---        1 captive sex 192 0.137254901960784 0 0 0 0 0 0 0 0 0 0 0 
  INPUT ---       0 0;
  INPUT ---        1 captive sex 192 0.266129032258065 0 0 0 0 0 0 0 0 0 0 0 
  INPUT ---       0 0;
  INPUT ---        1 captive sex 198 0.198581560283688 0 0 0 0 0 0 0 0 0 0 0 
  INPUT ---       0 0;
  INPUT ---        1 captive sex 198 0.293333333333333 0 0 0 0 0 0 0 0 0 0 0 
  INPUT ---       0 0;
  INPUT ---        1 captive sex 198 0.202453987730061 0 0 0 0 0 0 0 0 0 0 0 
  INPUT ---       0 0;
  INPUT ---        0 0 0 0 0 1 0 0 0 0 0 0 0 0 0 0 0 0;
  INPUT ---        0 0 0 0 0 0 1 0 0 0 0 0 0 0 0 0 0 0;
  INPUT ---        0 0 0 0 0 0 1 1 0 0 0 0 0 0 0 0 0 0;
  INPUT ---        0 0 0 0 0 0 1 0 1 0 0 0 0 0 0 0 0 0;
  INPUT ---        0 0 0 0 0 0 1 0 0 1 0 0 0 0 0 0 0 0;
  INPUT ---        0 0 0 0 0 0 1 0 0 0 1 0 0 0 0 0 0 0;
  INPUT ---        0 0 0 0 0 0 1 0 0 0 0 1 0 0 0 0 0 0;
  INPUT ---        0 0 0 0 0 0 0 0 0 0 0 0 1 captive age.t1.8 sex 0 0;
  INPUT ---        0 0 0 0 0 0 0 0 0 0 0 0 1 captive age.t4.6 sex 0 0;
  INPUT ---        0 0 0 0 0 0 0 0 0 0 0 0 1 captive age.t7.9 sex 0 0;
  INPUT ---        0 0 0 0 0 0 0 0 0 0 0 0 1 captive age.t11.367 sex 0 0;
  INPUT ---        0 0 0 0 0 0 0 0 0 0 0 0 1 captive age.t13.934 sex 0 0;
  INPUT ---        0 0 0 0 0 0 0 0 0 0 0 0 0 0 0 0 1 0;
  INPUT ---        0 0 0 0 0 0 0 0 0 0 0 0 0 0 0 0 0 1;
  INPUT ---        0 0 0 0 0 0 0 0 0 0 0 0 0 0 0 0 0 0;
  INPUT ---        0 0 0 0 0 0 0 0 0 0 0 0 0 0 0 0 0 0;

  INPUT ---    links=46;

  INPUT ---    Log;

  INPUT ---    Log;


  Program  MARK  - Survival Rate Estimation with Capture-Recapture Data
   gfortran(Win64) Vers. 8.1 Mar 2016    5-Aug-2016 15:51:02    Page  007
 - - - - - - - - - - - - - - - - - - - - - - - - - - - - - - - - - - - - - -
 
  INPUT ---    Log;

  INPUT ---    Log;

  INPUT ---    Log;

  INPUT ---    Log;

  INPUT ---    Log;

  INPUT ---    Log;

  INPUT ---    Log;

  INPUT ---    Log;

  INPUT ---    Log;

  INPUT ---    Log;

  INPUT ---    Log;

  INPUT ---    Log;

  INPUT ---    Log;

  INPUT ---    Log;

  INPUT ---    Log;

  INPUT ---    Log;

  INPUT ---    Log;

  INPUT ---    Log;

  INPUT ---    Log;

  INPUT ---    Log;

  INPUT ---    Log;

  INPUT ---    Log;

  INPUT ---    Log;


  Program  MARK  - Survival Rate Estimation with Capture-Recapture Data
   gfortran(Win64) Vers. 8.1 Mar 2016    5-Aug-2016 15:51:02    Page  008
 - - - - - - - - - - - - - - - - - - - - - - - - - - - - - - - - - - - - - -
 
  INPUT ---    Log;

  INPUT ---    Log;

  INPUT ---    Log;

  INPUT ---    Log;

  INPUT ---    Log;

  INPUT ---    Log;

  INPUT ---    Log;

  INPUT ---    Log;

  INPUT ---    Log;

  INPUT ---    Log;

  INPUT ---    Log;

  INPUT ---    Log;

  INPUT ---    Logit;

  INPUT ---    Logit;

  INPUT ---    Logit;

  INPUT ---    Logit;

  INPUT ---    Logit;

  INPUT ---    Logit;

  INPUT ---    Logit;

  INPUT ---    Logit;

  INPUT ---    Logit;
  INPUT ---       blabel(1)=alpha:(Intercept);
  INPUT ---       blabel(2)=alpha:captive;
  INPUT ---       blabel(3)=alpha:sex;
  INPUT ---       blabel(4)=alpha:effort.trapdays;
  INPUT ---       blabel(5)=alpha:recordloss.agout.total;

  Program  MARK  - Survival Rate Estimation with Capture-Recapture Data
   gfortran(Win64) Vers. 8.1 Mar 2016    5-Aug-2016 15:51:02    Page  009
 - - - - - - - - - - - - - - - - - - - - - - - - - - - - - - - - - - - - - -
 
  INPUT ---       blabel(6)=sigma:(Intercept);
  INPUT ---       blabel(7)=U:(Intercept);
  INPUT ---       blabel(8)=U:sample_monthB;
  INPUT ---       blabel(9)=U:sample_monthC;
  INPUT ---       blabel(10)=U:sample_monthD;
  INPUT ---       blabel(11)=U:sample_monthE;
  INPUT ---       blabel(12)=U:sample_monthF;
  INPUT ---       blabel(13)=Phi:(Intercept);
  INPUT ---       blabel(14)=Phi:captive;
  INPUT ---       blabel(15)=Phi:age.t;
  INPUT ---       blabel(16)=Phi:sex;
  INPUT ---       blabel(17)=GammaDoublePrime:(Intercept);
  INPUT ---       blabel(18)=GammaPrime:(Intercept);
  INPUT ---       rlabel(1)=alpha g1 a0 t1;
  INPUT ---       rlabel(2)=alpha g1 a0.2 t1.2;
  INPUT ---       rlabel(3)=alpha g1 a0.4 t1.4;
  INPUT ---       rlabel(4)=alpha g1 a0.6 t1.6;
  INPUT ---       rlabel(5)=alpha g1 a0.8 t1.8;
  INPUT ---       rlabel(6)=alpha g1 a2.8 t3.8;
  INPUT ---       rlabel(7)=alpha g1 a3 t4;
  INPUT ---       rlabel(8)=alpha g1 a3.2 t4.2;
  INPUT ---       rlabel(9)=alpha g1 a3.4 t4.4;
  INPUT ---       rlabel(10)=alpha g1 a3.6 t4.6;
  INPUT ---       rlabel(11)=alpha g1 a6.1 t7.1;
  INPUT ---       rlabel(12)=alpha g1 a6.3 t7.3;
  INPUT ---       rlabel(13)=alpha g1 a6.5 t7.5;
  INPUT ---       rlabel(14)=alpha g1 a6.7 t7.7;
  INPUT ---       rlabel(15)=alpha g1 a6.9 t7.9;
  INPUT ---       rlabel(16)=alpha g1 a9.567 t10.567;
  INPUT ---       rlabel(17)=alpha g1 a9.767 t10.767;
  INPUT ---       rlabel(18)=alpha g1 a9.967 t10.967;
  INPUT ---       rlabel(19)=alpha g1 a10.167 t11.167;
  INPUT ---       rlabel(20)=alpha g1 a10.367 t11.367;
  INPUT ---       rlabel(21)=alpha g1 a12.134 t13.134;
  INPUT ---       rlabel(22)=alpha g1 a12.334 t13.334;
  INPUT ---       rlabel(23)=alpha g1 a12.534 t13.534;
  INPUT ---       rlabel(24)=alpha g1 a12.734 t13.734;
  INPUT ---       rlabel(25)=alpha g1 a12.934 t13.934;
  INPUT ---       rlabel(26)=alpha g1 a16.101 t17.101;
  INPUT ---       rlabel(27)=alpha g1 a16.301 t17.301;
  INPUT ---       rlabel(28)=alpha g1 a16.501 t17.501;
  INPUT ---       rlabel(29)=alpha g1 a16.701 t17.701;
  INPUT ---       rlabel(30)=alpha g1 a16.901 t17.901;
  INPUT ---       rlabel(31)=sigma g1 a0 t1;
  INPUT ---       rlabel(32)=U g1 a0 t1;
  INPUT ---       rlabel(33)=U g1 a2.8 t3.8;

  Program  MARK  - Survival Rate Estimation with Capture-Recapture Data
   gfortran(Win64) Vers. 8.1 Mar 2016    5-Aug-2016 15:51:02    Page  010
 - - - - - - - - - - - - - - - - - - - - - - - - - - - - - - - - - - - - - -
 
  INPUT ---       rlabel(34)=U g1 a6.1 t7.1;
  INPUT ---       rlabel(35)=U g1 a9.567 t10.567;
  INPUT ---       rlabel(36)=U g1 a12.134 t13.134;
  INPUT ---       rlabel(37)=U g1 a16.101 t17.101;
  INPUT ---       rlabel(38)=Phi g1 c1 a0.8 t1.8;
  INPUT ---       rlabel(39)=Phi g1 c1 a3.6 t4.6;
  INPUT ---       rlabel(40)=Phi g1 c1 a6.9 t7.9;
  INPUT ---       rlabel(41)=Phi g1 c1 a10.367 t11.367;
  INPUT ---       rlabel(42)=Phi g1 c1 a12.934 t13.934;
  INPUT ---       rlabel(43)=Gamma'' g1 c1 a0.8 t1.8;
  INPUT ---       rlabel(44)=Gamma' g1 c1 a0.8 t1.8;
  INPUT ---       rlabel(45)=Phi g1 c1 a0 t1;
  INPUT ---       rlabel(46)=Gamma'' g1 c1 a0 t1;

 Link Function Used is PARM-SPECIFIC

 Variance Estimation Procedure Used is 2ndPart 

 M(t+1):
 Group=Group 1                                                                         
       3      3      3      2      3      5      5      5      2      5      5
       4      4      4      4     10      7      7      7      5      5      5
       5      3      4      5      5      5      4      5


 -2logL(saturated) = -0.0000000    
 Effective Sample Size = 169
 Results from first iteration:
  -2logL Initial { alpha(~1 + captive + sex + effort.trapdays + recordloss.agout.total)sigma(~1)U(~sample_month)Phi(~1 + captive + age.t + sex)Gamma''(~1)Gamma'(~1) } = 1138.4459     
  Penalty Initial { alpha(~1 + captive + sex + effort.trapdays + recordloss.agout.total)sigma(~1)U(~sample_month)Phi(~1 + captive + age.t + sex)Gamma''(~1)Gamma'(~1) } = -0.0000000    

 Number of function evaluations was 33 for 18 parameters.
 Time for numerical optimization was 4.16 seconds.
 -2logL { alpha(~1 + captive + sex + effort.trapdays + recordloss.agout.total)sigma(~1)U(~sample_month)Phi(~1 + captive + age.t + sex)Gamma''(~1)Gamma'(~1) } = 1046.4306     
 Penalty { alpha(~1 + captive + sex + effort.trapdays + recordloss.agout.total)sigma(~1)U(~sample_month)Phi(~1 + captive + age.t + sex)Gamma''(~1)Gamma'(~1) } = -0.0000000    

   * *  WARNING  * *   Numerical underflow occurred during optimization of this model. 
     IEEE flag status at end of optimization:
     overflow       F
     divide by zero F
     invalid        F
     underflow      T
     inexact        T

 Gradient { alpha(~1 + captive + sex + effort.trapdays + recordloss.agout.total)sigma(~1)U(~sample_month)Phi(~1 + captive + age.t + sex)Gamma''(~1)Gamma'(~1) }:
  0.6487061E-03 0.4135261E-03 0.1114943E-02 0.1310141E-02 0.2539734E-03
  0.1089263E-02 0.1436239E-02 0.1035840E-02 0.7649583E-03-0.2472885E-02
  0.1686013E-02 0.8210658E-04 0.1781578E-03-0.1078010E-03-0.1686139E-02
  0.4665412E-03 0.1729342E-04  0.000000    

  Program  MARK  - Survival Rate Estimation with Capture-Recapture Data
   gfortran(Win64) Vers. 8.1 Mar 2016    5-Aug-2016 15:51:07    Page  011
 - - - - - - - - - - - - - - - - - - - - - - - - - - - - - - - - - - - - - -
 
 S Vector { alpha(~1 + captive + sex + effort.trapdays + recordloss.agout.total)sigma(~1)U(~sample_month)Phi(~1 + captive + age.t + sex)Gamma''(~1)Gamma'(~1) }:
   5633.716      393.1165      305.5983      288.0420      254.0607    
   210.8958      126.7341      46.98482      28.96072      11.50871    
   10.58277      4.833285      2.640100      1.257709     0.9500060    
  0.5461798     0.1780290     0.1080805E-07
 Time to compute number of parameters was 3.06 seconds.
   Threshold =  0.3800000E-06     Condition index =  0.1918458E-11     New Threshold =  0.4585466E-07
 New Guessimate of Estimated Parameters { alpha(~1 + captive + sex + effort.trapdays + recordloss.agout.total)sigma(~1)U(~sample_month)Phi(~1 + captive + age.t + sex)Gamma''(~1)Gamma'(~1) } = 17          
 Conditioned S Vector { alpha(~1 + captive + sex + effort.trapdays + recordloss.agout.total)sigma(~1)U(~sample_month)Phi(~1 + captive + age.t + sex)Gamma''(~1)Gamma'(~1) }:
   1.000000     0.6977925E-01 0.5424454E-01 0.5112825E-01 0.4509647E-01
  0.3743458E-01 0.2249565E-01 0.8339934E-02 0.5140607E-02 0.2042827E-02
  0.1878471E-02 0.8579214E-03 0.4686250E-03 0.2232469E-03 0.1686287E-03
  0.9694841E-04 0.3160063E-04 0.1918458E-11
 Number of Estimated Parameters { alpha(~1 + captive + sex + effort.trapdays + recordloss.agout.total)sigma(~1)U(~sample_month)Phi(~1 + captive + age.t + sex)Gamma''(~1)Gamma'(~1) } = 17          
 DEVIANCE { alpha(~1 + captive + sex + effort.trapdays + recordloss.agout.total)sigma(~1)U(~sample_month)Phi(~1 + captive + age.t + sex)Gamma''(~1)Gamma'(~1) } = 1046.4306                     
 DEVIANCE Degrees of Freedom { alpha(~1 + captive + sex + effort.trapdays + recordloss.agout.total)sigma(~1)U(~sample_month)Phi(~1 + captive + age.t + sex)Gamma''(~1)Gamma'(~1) } = -3            
 c-hat { alpha(~1 + captive + sex + effort.trapdays + recordloss.agout.total)sigma(~1)U(~sample_month)Phi(~1 + captive + age.t + sex)Gamma''(~1)Gamma'(~1) } = 1.0000000                     
 AIC { alpha(~1 + captive + sex + effort.trapdays + recordloss.agout.total)sigma(~1)U(~sample_month)Phi(~1 + captive + age.t + sex)Gamma''(~1)Gamma'(~1) } = 1080.4306                  
 AICc { alpha(~1 + captive + sex + effort.trapdays + recordloss.agout.total)sigma(~1)U(~sample_month)Phi(~1 + captive + age.t + sex)Gamma''(~1)Gamma'(~1) } = 1084.4836                    
 BIC { alpha(~1 + captive + sex + effort.trapdays + recordloss.agout.total)sigma(~1)U(~sample_month)Phi(~1 + captive + age.t + sex)Gamma''(~1)Gamma'(~1) } = 1133.6389                    
 Pearson Chisquare { alpha(~1 + captive + sex + effort.trapdays + recordloss.agout.total)sigma(~1)U(~sample_month)Phi(~1 + captive + age.t + sex)Gamma''(~1)Gamma'(~1) } = 0.7236162E+032             

   * *  WARNING  * *   Numerical underflow occurred during variance-covariance calculation of this model. 
     IEEE flag status at end of variance-covariance calculation:
     overflow       F
     divide by zero F
     invalid        F
     underflow      T
     inexact        T



 PARM-SPECIFIC Link Function Parameters of { alpha(~1 + captive + sex + effort.trapdays + recordloss.agout.total)sigma(~1)U(~sample_month)Phi(~1 + captive + age.t + sex)Gamma''(~1)Gamma'(~1) }
                                                              95% Confidence Interval
 Parameter                    Beta         Standard Error      Lower           Upper
 -------------------------  --------------  --------------  --------------  --------------
    1:alpha:(Intercept)     0.3669632       0.3514716       -0.3219211      1.0558476     
    2:alpha:captive         0.2646347       0.1075427       0.0538511       0.4754184     
    3:alpha:sex             0.5091044       0.2026071       0.1119944       0.9062144     
    4:alpha:effort.trapday  0.0039775       0.0017853       0.4784008E-003  0.0074767     
    5:alpha:recordloss.ago  -2.8496419      0.5499045       -3.9274546      -1.7718291    
    6:sigma:(Intercept)     -0.8160453      0.1423380       -1.0950278      -0.5370628    
    7:U:(Intercept)         2.5620160       0.1399638       2.2876869       2.8363451     
    8:U:sample_monthB       0.3609406       0.1298446       0.1064453       0.6154360     
    9:U:sample_monthC       0.4267361       0.1487170       0.1352507       0.7182215     
   10:U:sample_monthD       0.8757131       0.1471683       0.5872632       1.1641629     
   11:U:sample_monthE       0.3620741       0.1678776       0.0330340       0.6911142     
   12:U:sample_monthF       0.6615502       0.1727718       0.3229175       1.0001829     
   13:Phi:(Intercept)       -2.0629964      1.7605838       -5.5137407      1.3877479     
   14:Phi:captive           1.1091991       1.3048500       -1.4483070      3.6667051     
   15:Phi:age.t             2.3037935       1.0439625       0.2576269       4.3499601     
   16:Phi:sex               2.2165781       1.5613466       -0.8436613      5.2768174     
   17:GammaDoublePrime:(In  -2.9443961      1.0259751       -4.9553074      -0.9334849    
   18:GammaPrime:(Intercep  17.724958       0.0000000       17.724958       17.724958     

  Program  MARK  - Survival Rate Estimation with Capture-Recapture Data
   gfortran(Win64) Vers. 8.1 Mar 2016    5-Aug-2016 15:51:07    Page  012
 - - - - - - - - - - - - - - - - - - - - - - - - - - - - - - - - - - - - - -
 


 Real Function Parameters of { alpha(~1 + captive + sex + effort.trapdays + recordloss.agout.total)sigma(~1)U(~sample_month)Phi(~1 + captive + age.t + sex)Gamma''(~1)Gamma'(~1) }

      Following estimates based on unstandardized individual covariate values:
          Variable   Value         
          ---------  ------------- 
          CAPTIVE    0.2142857     
          SEX        0.8461538     
          AGE.T1     1.0000000     
          AGE.T1.2   1.0000000     
          AGE.T1.4   1.0000000     
          AGE.T1.6   1.0000000     
          AGE.T1.8   1.0000000     
          AGE.T3.8   1.0000000     
          AGE.T4     1.0000000     
          AGE.T4.2   1.0000000     
          AGE.T4.4   1.0000000     
          AGE.T4.6   1.0000000     
          AGE.T7.1   0.8333333     
          AGE.T7.3   0.8333333     
          AGE.T7.5   0.8333333     
          AGE.T7.7   0.8333333     
          AGE.T7.9   0.8333333     
          AGE.T10.56 0.6666667     
          AGE.T10.76 0.6666667     
          AGE.T10.96 0.6666667     
          AGE.T11.16 0.6666667     
          AGE.T11.36 0.6666667     
          AGE.T13.13 1.0000000     
          AGE.T13.33 1.0000000     
          AGE.T13.53 1.0000000     
          AGE.T13.73 1.0000000     
          AGE.T13.93 1.0000000     
          AGE.T17.10 0.9230769     
          AGE.T17.30 0.9230769     
          AGE.T17.50 0.9230769     
          AGE.T17.70 0.9230769     
                                                               95% Confidence Interval
  Parameter                  Estimate       Standard Error      Lower           Upper
 --------------------------  --------------  --------------  --------------  --------------
     1:alpha g1 a0 t1        2.0261347       0.2943791       1.5262984       2.6896587                           
     2:alpha g1 a0.2 t1.2    2.3929137       0.3220280       1.8402953       3.1114767                           
     3:alpha g1 a0.4 t1.4    2.9444449       0.3202589       2.3806253       3.6417978                           
     4:alpha g1 a0.6 t1.6    2.3556498       0.2509463       1.9128752       2.9009138                           
     5:alpha g1 a0.8 t1.8    2.2924523       0.2606742       1.8357745       2.8627360                           

  Program  MARK  - Survival Rate Estimation with Capture-Recapture Data
   gfortran(Win64) Vers. 8.1 Mar 2016    5-Aug-2016 15:51:07    Page  013
 - - - - - - - - - - - - - - - - - - - - - - - - - - - - - - - - - - - - - -
 
     6:alpha g1 a2.8 t3.8    3.2552193       0.3240356       2.6795137       3.9546179                           
     7:alpha g1 a3 t4        3.1089679       0.3023255       2.5706088       3.7600749                           
     8:alpha g1 a3.2 t4.2    2.3882880       0.2376373       1.9660664       2.9011836                           
     9:alpha g1 a3.4 t4.4    3.0584723       0.3354883       2.4683818       3.7896295                           
    10:alpha g1 a3.6 t4.6    3.0064988       0.2887706       2.4916686       3.6277035                           
    11:alpha g1 a6.1 t7.1    3.2522888       0.2874369       2.7359295       3.8661019                           
    12:alpha g1 a6.3 t7.3    3.1192496       0.2375739       2.6872738       3.6206650                           
    13:alpha g1 a6.5 t7.5    2.6151619       0.2012750       2.2494776       3.0402933                           
    14:alpha g1 a6.7 t7.7    3.6647112       0.3367473       3.0618680       4.3862467                           
    15:alpha g1 a6.9 t7.9    3.2156920       0.2546405       2.7540674       3.7546921                           
    16:alpha g1 a9.567 t10.  2.8223638       0.2044081       2.4493152       3.2522305                           
    17:alpha g1 a9.767 t10.  2.9948523       0.2242796       2.5865343       3.4676285                           
    18:alpha g1 a9.967 t10.  2.8112121       0.2034922       2.4398208       3.2391368                           
    19:alpha g1 a10.167 t11  2.4008520       0.1868115       2.0617294       2.7957549                           
    20:alpha g1 a10.367 t11  2.2599561       0.1924840       1.9130727       2.6697373                           
    21:alpha g1 a12.134 t13  3.5239275       0.3419436       2.9148937       4.2602119                           
    22:alpha g1 a12.334 t13  2.7614970       0.2187300       2.3649805       3.2244942                           
    23:alpha g1 a12.534 t13  2.5727386       0.2329683       2.1551275       3.0712724                           
    24:alpha g1 a12.734 t13  2.3072268       0.2209299       1.9132309       2.7823592                           
    25:alpha g1 a12.934 t13  2.0830114       0.2125433       1.7063227       2.5428581                           
    26:alpha g1 a16.101 t17  3.4110256       0.3209447       2.8377233       4.1001517                           
    27:alpha g1 a16.301 t17  2.3626123       0.2109747       1.9839559       2.8135387                           
    28:alpha g1 a16.501 t17  2.9332742       0.2657023       2.4569994       3.5018722                           
    29:alpha g1 a16.701 t17  2.2391821       0.2192837       1.8489634       2.7117554                           
    30:alpha g1 a16.901 t17  2.9010834       0.2619876       2.4313392       3.4615841                           
    31:sigma g1 a0 t1        0.4421769       0.0629386       0.3349982       0.5836460                           
    32:U g1 a0 t1            12.961922       1.8142001       9.8652293       17.030667                           
    33:U g1 a2.8 t3.8        18.596189       2.0616416       14.974176       23.094308                           
    34:U g1 a6.1 t7.1        19.860883       1.6530806       16.876075       23.373602                           
    35:U g1 a9.567 t10.567   31.116215       2.2965555       26.930682       35.952259                           
    36:U g1 a12.134 t13.134  18.617279       1.6324820       15.682631       22.101080                           
    37:U g1 a16.101 t17.101  25.117535       2.2718372       21.044697       29.978600                           
    38:Phi g1 c1 a0.8 t1.8   0.9132555       0.0431569       0.7835190       0.9683791                           
    39:Phi g1 c1 a3.6 t4.6   0.9132555       0.0431569       0.7835190       0.9683791                           
    40:Phi g1 c1 a6.9 t7.9   0.8776200       0.0505293       0.7403857       0.9474591                           
    41:Phi g1 c1 a10.367 t1  0.8300692       0.0640892       0.6672061       0.9224893                           
    42:Phi g1 c1 a12.934 t1  0.9132555       0.0431569       0.7835190       0.9683791                           
    43:Gamma'' g1 c1 a0.8 t  0.0500020       0.0487357       0.0069966       0.2822182                           
    44:Gamma' g1 c1 a0.8 t1  1.0000000       0.0000000       1.0000000       1.0000000                           
    45:Phi g1 c1 a0 t1       1.0000000       0.0000000       1.0000000       1.0000000       Fixed               
    46:Gamma'' g1 c1 a0 t1   0.0000000       0.0000000       0.0000000       0.0000000       Fixed               

  Program  MARK  - Survival Rate Estimation with Capture-Recapture Data
   gfortran(Win64) Vers. 8.1 Mar 2016    5-Aug-2016 15:51:07    Page  014
 - - - - - - - - - - - - - - - - - - - - - - - - - - - - - - - - - - - - - -
 


                      Estimates of Derived Parameters
 Population Estimates of { alpha(~1 + captive + sex + effort.trapdays + recordloss.agout.total)sigma(~1)U(~sample_month)Phi(~1 + captive + age.t + sex)Gamma''(~1)Gamma'(~1) }
                                                95% Confidence Interval
 Grp. Occ.   N-hat           Standard Error      Lower           Upper
 ---- ----   --------------  --------------  --------------  --------------
   1     1   15.961922       1.8142011       12.783441       19.930703     
   1     2   15.961922       1.8142011       12.783441       19.930703     
   1     3   15.961922       1.8142011       12.783441       19.930703     
   1     4   15.122733       1.8476147       11.912917       19.197403     
   1     5   15.961922       1.8142011       12.783441       19.930703     
   1     6   23.596189       2.0616423       19.888902       27.994513     
   1     7   23.596189       2.0616423       19.888902       27.994513     
   1     8   23.596189       2.0616423       19.888902       27.994513     
   1     9   20.743857       2.0913459       17.032904       25.263313     
   1    10   23.596189       2.0616423       19.888902       27.994513     
   1    11   25.122959       1.6895022       22.023765       28.658273     
   1    12   24.081186       1.6836510       21.000857       27.613325     
   1    13   24.194952       1.6888412       21.104779       27.737590     
   1    14   24.031033       1.6815728       20.954688       27.559015     
   1    15   24.097964       1.6855048       21.014331       27.634089     
   1    16   38.901616       2.4068759       34.462947       43.911966     
   1    17   38.681911       2.3685965       34.311079       43.609535     
   1    18   38.908017       2.4075580       34.468122       43.919821     
   1    19   39.122661       2.4184823       34.662355       44.156914     
   1    20   37.098150       2.4307889       32.631536       42.176155     
   1    21   22.845186       1.6680593       19.802727       26.355084     
   1    22   24.108442       1.6944545       21.009480       27.664511     
   1    23   24.122981       1.7027173       21.009831       27.697425     
   1    24   21.981039       1.6815176       18.924582       25.531135     
   1    25   23.318689       1.7239716       20.177094       26.949434     
   1    26   30.378972       2.3191064       26.162920       35.274425     
   1    27   30.723656       2.3594615       26.436179       35.706485     
   1    28   30.494183       2.3377571       26.245583       35.430540     
   1    29   29.697709       2.3588013       25.422576       34.691761     
   1    30   30.503939       2.3390046       26.253141       35.443008     
 Mean Resighting Rate Estimates of { alpha(~1 + captive + sex + effort.trapdays + recordloss.agout.total)sigma(~1)U(~sample_month)Phi(~1 + captive + age.t + sex)Gamma''(~1)Gamma'(~1) }
                                                95% Confidence Interval
 Grp. Occ.   Lambda-hat      Standard Error      Lower           Upper
 ---- ----   --------------  --------------  --------------  --------------
   1     1   2.2342153       0.3115296       1.7021811       2.9325423     
   1     2   2.6386619       0.3391674       2.0531383       3.3911679     
   1     3   3.2468344       0.3291641       2.6630802       3.9585491     
   1     4   2.5975711       0.2554417       2.1431925       3.1482826     
   1     5   2.5278833       0.2681954       2.0544703       3.1103851     
   1     6   3.5895249       0.3282565       3.0016254       4.2925705     
   1     7   3.4282537       0.3044874       2.8815013       4.0787500     
   1     8   2.6335612       0.2386014       2.2058727       3.1441726     
   1     9   3.3725722       0.3455486       2.7604154       4.1204825     

  Program  MARK  - Survival Rate Estimation with Capture-Recapture Data
   gfortran(Win64) Vers. 8.1 Mar 2016    5-Aug-2016 15:51:07    Page  015
 - - - - - - - - - - - - - - - - - - - - - - - - - - - - - - - - - - - - - -
 
   1    10   3.3152611       0.2898121       2.7941388       3.9335756     
   1    11   3.9611109       0.2880741       3.4355269       4.5671014     
   1    12   3.6723290       0.2231138       3.2604172       4.1362806     
   1    13   3.3341738       0.1923521       2.9779773       3.7329751     
   1    14   4.7553508       0.3414822       4.1317607       5.4730569     
   1    15   4.4813694       0.2518355       4.0143327       5.0027423     
   1    16   3.6349369       0.1918526       3.2779378       4.0308165     
   1    17   4.2270566       0.2185167       3.8200050       4.6774827     
   1    18   3.8834108       0.1949806       3.5196689       4.2847438     
   1    19   3.2786415       0.1843248       2.9368133       3.6602564     
   1    20   3.0143923       0.1959184       2.6542008       3.4234639     
   1    21   5.3073437       0.3598771       4.6475554       6.0607985     
   1    22   3.4094697       0.2091938       3.0234864       3.8447283     
   1    23   3.1960447       0.2325541       2.7717713       3.6852615     
   1    24   3.1276173       0.2307304       2.7070909       3.6134692     
   1    25   4.0000604       0.2623648       3.5179927       4.5481854     
   1    26   4.1387431       0.3222493       3.5537872       4.8199832     
   1    27   2.6052486       0.2026651       2.2373396       3.0336567     
   1    28   3.7872790       0.2675572       3.2981226       4.3489838     
   1    29   3.1205108       0.2328541       2.6964701       3.6112353     
   1    30   3.7506850       0.2637355       3.2683584       4.3041908     
 Pr(Captured 1 or more times) of { alpha(~1 + captive + sex + effort.trapdays + recordloss.agout.total)sigma(~1)U(~sample_month)Phi(~1 + captive + age.t + sex)Gamma''(~1)Gamma'(~1) }
                                                95% Confidence Interval
 Grp. Occ.      p*-hat       Standard Error      Lower           Upper
 ---- ----   --------------  --------------  --------------  --------------
   1     1   0.2942649       0.0107668       0.2736116       0.3157995     
   1     2   0.3048443       0.0083996       0.2886348       0.3215525     
   1     3   0.3151337       0.0054961       0.3044620       0.3260041     
   1     4   0.4627892       0.0110444       0.4412257       0.4844929     
   1     5   0.3023176       0.0078455       0.2871655       0.3179126     
   1     6   0.1900604       0.0029485       0.1843484       0.1959068     
   1     7   0.1889299       0.0031032       0.1829225       0.1950874     
   1     8   0.1806745       0.0043293       0.1723438       0.1893159     
   1     9   0.4656212       0.0101763       0.4457412       0.4856111     
   1    10   0.1880500       0.0032232       0.1818138       0.1944492     
   1    11   0.1929707       0.0020492       0.1889860       0.1970190     
   1    12   0.2394966       0.0028105       0.2340315       0.2450485     
   1    13   0.2373134       0.0030614       0.2313653       0.2433660     
   1    14   0.2447465       0.0017897       0.2412557       0.2482712     
   1    15   0.2440951       0.0017311       0.2407182       0.2475039     
   1    16   0.1342824       0.0019135       0.1305759       0.1380773     
   1    17   0.1382245       0.0011887       0.1359112       0.1405708     
   1    18   0.1354919       0.0018095       0.1319843       0.1390778     
   1    19   0.1324785       0.0021060       0.1284049       0.1366611     
   1    20   0.1788426       0.0046193       0.1699672       0.1880764     
   1    21   0.2463426       0.0013160       0.2437724       0.2489310     
   1    22   0.1871133       0.0029527       0.1813947       0.1929696     
   1    23   0.1867799       0.0031759       0.1806349       0.1930847     
   1    24   0.3122172       0.0051036       0.3023027       0.3223066     
   1    25   0.2415531       0.0024670       0.2367509       0.2464214     

  Program  MARK  - Survival Rate Estimation with Capture-Recapture Data
   gfortran(Win64) Vers. 8.1 Mar 2016    5-Aug-2016 15:51:07    Page  016
 - - - - - - - - - - - - - - - - - - - - - - - - - - - - - - - - - - - - - -
 
   1    26   0.1929935       0.0021966       0.1887248       0.1973354     
   1    27   0.1783764       0.0044400       0.1698395       0.1872457     
   1    28   0.1915703       0.0023354       0.1870346       0.1961894     
   1    29   0.2324204       0.0041466       0.2243923       0.2406466     
   1    30   0.1913570       0.0023683       0.1867581       0.1960419     

 Attempted ordering of parameters by estimatibility:
   1  7 10 12 11  9  2  6  8  3 13  4  5 15 17 14 16 18
 Beta number 18 is a singular value.

     CPU Time in seconds for last procedure was 7.48


  INPUT --- proc stop;

   * *  WARNING  * *   Numerical underflow occurred during final processing of this model. 
     IEEE flag status at final processing of this model:
     overflow       F
     divide by zero F
     invalid        F
     underflow      T
     inexact        T


     CPU Time in minutes for this job was 0.12

     Time Start = 15:51:02.237   Time End = 15:51:07.448

     Wall Clock Time in minutes for this job was 0.09


          E X E C U T I O N   S U C C E S S F U L 
