
   Program  MARK  - Survival Rate Estimation with Capture-Recapture Data
   gfortran(Win64) Vers. 8.1 Mar 2016    5-Aug-2016 15:55:22    Page  001
 - - - - - - - - - - - - - - - - - - - - - - - - - - - - - - - - - - - - - -
 
   This version was compiled by GCC version 5.3.0 using the options: 
     -cpp -iprefix c:\tdm-gcc-64\gcc\bin\../lib/gcc/x86_64-w64-mingw32/5.3.0/ -D_MT
     -U_REENTRANT -D IEEE -m64 -mtune=generic -march=x86-64 -mthreads -O2
     -fimplicit-none -fbounds-check -funroll-loops -ftree-vectorize
     -ffpe-summary=invalid,zero,overflow,underflow -fno-unsafe-math-optimizations
     -frounding-math -fsignaling-nans -fopenmp.

   This problem will use 3 of 4 possible threads.


  INPUT --- proc title ;

     CPU Time in seconds for last procedure was 0.00


  INPUT --- proc chmatrix occasions= 30 groups= 1 etype= PoissonMR 
  INPUT --- icovar = 32 ICMeans NoHist  hist= 14 ;

  INPUT ---    time interval 0.2 0.2 0.2 0.2 2 0.2 0.2 0.2 0.2 2.5 0.2 0.2 
  INPUT ---    0.2 0.2 2.667 0.2 0.2 0.2  0.2 1.767 0.2 0.2 0.2 0.2 3.167 
  INPUT ---    0.2 0.2 0.2 0.2 ;

  INPUT ---     icovariates captive age.t1 age.t1.2 age.t1.4  age.t1.6 
  INPUT ---    age.t1.8 age.t3.8 age.t4 age.t4.2 age.t4.4 age.t4.6 
  INPUT ---    age.t7.1 age.t7.3 age.t7.5 age.t7.7  age.t7.9 age.t10.567 
  INPUT ---    age.t10.767 age.t10.967 age.t11.167 age.t11.367 age.t13.134 
  INPUT ---    age.t13.334  age.t13.534 age.t13.734 age.t13.934 
  INPUT ---    age.t17.101 age.t17.301 age.t17.501 age.t17.701 age.t17.901 
  INPUT ---     sex ;

  INPUT ---    glabel(1)=Group 1;

      Number of unique encounter histories read was 14.

      Number of individual covariates read was 32.
      Time interval lengths vary and/or not equal to 1.

      Data type number is 115
      Data type is Poisson Mark Resight with Robust Design                                                             

     CPU Time in seconds for last procedure was 0.00

  Program  MARK  - Survival Rate Estimation with Capture-Recapture Data
   gfortran(Win64) Vers. 8.1 Mar 2016    5-Aug-2016 15:55:22    Page  002
 - - - - - - - - - - - - - - - - - - - - - - - - - - - - - - - - - - - - - -
 


  INPUT --- proc estimate link=Parm-Specific NOLOOP varest=2ndPart    ;


  INPUT --- model={ alpha(~1 + captive + age.t + sex + effort.trapdays 
  INPUT --- + recordloss.agout.total)sigma(~1 + 
  INPUT --- recordloss.agout.var)U(~sample_month)Phi(~1 + sample_month 
  INPUT --- + sex)Gamma''( };

  INPUT ---    fixed=2;
  INPUT ---        parm(74)=1 ;
  INPUT ---        parm(75)=0 ;

  INPUT ---    group=1 alpha    rows=1 cols=30 Square ;
  INPUT ---        1 2 3 4 5 6 7 8 9 10 11 12 13 14 15 16 17 18 19 20 21 22 
  INPUT ---       23 24 25 26 27 28 29 30 ;

  INPUT ---    group=1 sigma    rows=1 cols=30 Square ;
  INPUT ---        31 32 33 34 35 36 37 38 39 40 41 42 43 44 45 46 47 48 49 
  INPUT ---       50 51 52 53 54 55 56 57 58 59 60 ;

  INPUT ---    group=1 U    rows=1 cols=30 Square ;
  INPUT ---        61 61 61 61 61 62 62 62 62 62 63 63 63 63 63 64 64 64 64 
  INPUT ---       64 65 65 65 65 65 66 66 66 66 66 ;

  INPUT ---    group=1 Phi    rows=29 cols=29 Triang ;
  INPUT ---        74 74 74 74 67 74 74 74 74 68 74 74 74 74 69 74 74 74 74 
  INPUT ---       70 74 74 74 74 71 74 74 74 74 ;
  INPUT ---        74 74 74 74 74 74 74 74 74 74 74 74 74 74 74 74 74 74 74 
  INPUT ---       74 74 74 74 74 74 74 74 74 ;
  INPUT ---        74 74 74 74 74 74 74 74 74 74 74 74 74 74 74 74 74 74 74 
  INPUT ---       74 74 74 74 74 74 74 74 ;
  INPUT ---        74 74 74 74 74 74 74 74 74 74 74 74 74 74 74 74 74 74 74 
  INPUT ---       74 74 74 74 74 74 74 ;
  INPUT ---        74 74 74 74 74 74 74 74 74 74 74 74 74 74 74 74 74 74 74 
  INPUT ---       74 74 74 74 74 74 ;
  INPUT ---        74 74 74 74 68 74 74 74 74 69 74 74 74 74 70 74 74 74 74 
  INPUT ---       71 74 74 74 74 ;
  INPUT ---        74 74 74 74 74 74 74 74 74 74 74 74 74 74 74 74 74 74 74 
  INPUT ---       74 74 74 74 ;
  INPUT ---        74 74 74 74 74 74 74 74 74 74 74 74 74 74 74 74 74 74 74 
  INPUT ---       74 74 74 ;
  INPUT ---        74 74 74 74 74 74 74 74 74 74 74 74 74 74 74 74 74 74 74 
  INPUT ---       74 74 ;
  INPUT ---        74 74 74 74 74 74 74 74 74 74 74 74 74 74 74 74 74 74 74 

  Program  MARK  - Survival Rate Estimation with Capture-Recapture Data
   gfortran(Win64) Vers. 8.1 Mar 2016    5-Aug-2016 15:55:22    Page  003
 - - - - - - - - - - - - - - - - - - - - - - - - - - - - - - - - - - - - - -
 
  INPUT ---       74 ;
  INPUT ---        74 74 74 74 69 74 74 74 74 70 74 74 74 74 71 74 74 74 74 ;
  INPUT ---        74 74 74 74 74 74 74 74 74 74 74 74 74 74 74 74 74 74 ;
  INPUT ---        74 74 74 74 74 74 74 74 74 74 74 74 74 74 74 74 74 ;
  INPUT ---        74 74 74 74 74 74 74 74 74 74 74 74 74 74 74 74 ;
  INPUT ---        74 74 74 74 74 74 74 74 74 74 74 74 74 74 74 ;
  INPUT ---        74 74 74 74 70 74 74 74 74 71 74 74 74 74 ;
  INPUT ---        74 74 74 74 74 74 74 74 74 74 74 74 74 ;
  INPUT ---        74 74 74 74 74 74 74 74 74 74 74 74 ;
  INPUT ---        74 74 74 74 74 74 74 74 74 74 74 ;
  INPUT ---        74 74 74 74 74 74 74 74 74 74 ;
  INPUT ---        74 74 74 74 71 74 74 74 74 ;
  INPUT ---        74 74 74 74 74 74 74 74 ;
  INPUT ---        74 74 74 74 74 74 74 ;
  INPUT ---        74 74 74 74 74 74 ;
  INPUT ---        74 74 74 74 74 ;
  INPUT ---        74 74 74 74 ;
  INPUT ---        74 74 74 ;
  INPUT ---        74 74 ;
  INPUT ---        74 ;

  INPUT ---    group=1 Gamma''    rows=29 cols=29 Triang ;
  INPUT ---        75 75 75 75 72 75 75 75 75 72 75 75 75 75 72 75 75 75 75 
  INPUT ---       72 75 75 75 75 72 75 75 75 75 ;
  INPUT ---        75 75 75 75 75 75 75 75 75 75 75 75 75 75 75 75 75 75 75 
  INPUT ---       75 75 75 75 75 75 75 75 75 ;
  INPUT ---        75 75 75 75 75 75 75 75 75 75 75 75 75 75 75 75 75 75 75 
  INPUT ---       75 75 75 75 75 75 75 75 ;
  INPUT ---        75 75 75 75 75 75 75 75 75 75 75 75 75 75 75 75 75 75 75 
  INPUT ---       75 75 75 75 75 75 75 ;
  INPUT ---        75 75 75 75 75 75 75 75 75 75 75 75 75 75 75 75 75 75 75 
  INPUT ---       75 75 75 75 75 75 ;
  INPUT ---        75 75 75 75 72 75 75 75 75 72 75 75 75 75 72 75 75 75 75 
  INPUT ---       72 75 75 75 75 ;
  INPUT ---        75 75 75 75 75 75 75 75 75 75 75 75 75 75 75 75 75 75 75 
  INPUT ---       75 75 75 75 ;
  INPUT ---        75 75 75 75 75 75 75 75 75 75 75 75 75 75 75 75 75 75 75 
  INPUT ---       75 75 75 ;
  INPUT ---        75 75 75 75 75 75 75 75 75 75 75 75 75 75 75 75 75 75 75 
  INPUT ---       75 75 ;
  INPUT ---        75 75 75 75 75 75 75 75 75 75 75 75 75 75 75 75 75 75 75 
  INPUT ---       75 ;
  INPUT ---        75 75 75 75 72 75 75 75 75 72 75 75 75 75 72 75 75 75 75 ;
  INPUT ---        75 75 75 75 75 75 75 75 75 75 75 75 75 75 75 75 75 75 ;
  INPUT ---        75 75 75 75 75 75 75 75 75 75 75 75 75 75 75 75 75 ;
  INPUT ---        75 75 75 75 75 75 75 75 75 75 75 75 75 75 75 75 ;

  Program  MARK  - Survival Rate Estimation with Capture-Recapture Data
   gfortran(Win64) Vers. 8.1 Mar 2016    5-Aug-2016 15:55:23    Page  004
 - - - - - - - - - - - - - - - - - - - - - - - - - - - - - - - - - - - - - -
 
  INPUT ---        75 75 75 75 75 75 75 75 75 75 75 75 75 75 75 ;
  INPUT ---        75 75 75 75 72 75 75 75 75 72 75 75 75 75 ;
  INPUT ---        75 75 75 75 75 75 75 75 75 75 75 75 75 ;
  INPUT ---        75 75 75 75 75 75 75 75 75 75 75 75 ;
  INPUT ---        75 75 75 75 75 75 75 75 75 75 75 ;
  INPUT ---        75 75 75 75 75 75 75 75 75 75 ;
  INPUT ---        75 75 75 75 72 75 75 75 75 ;
  INPUT ---        75 75 75 75 75 75 75 75 ;
  INPUT ---        75 75 75 75 75 75 75 ;
  INPUT ---        75 75 75 75 75 75 ;
  INPUT ---        75 75 75 75 75 ;
  INPUT ---        75 75 75 75 ;
  INPUT ---        75 75 75 ;
  INPUT ---        75 75 ;
  INPUT ---        75 ;

  INPUT ---    group=1 Gamma'    rows=28 cols=28 Triang ;
  INPUT ---        75 75 75 73 75 75 75 75 73 75 75 75 75 73 75 75 75 75 73 
  INPUT ---       75 75 75 75 73 75 75 75 75 ;
  INPUT ---        75 75 75 75 75 75 75 75 75 75 75 75 75 75 75 75 75 75 75 
  INPUT ---       75 75 75 75 75 75 75 75 ;
  INPUT ---        75 75 75 75 75 75 75 75 75 75 75 75 75 75 75 75 75 75 75 
  INPUT ---       75 75 75 75 75 75 75 ;
  INPUT ---        75 75 75 75 75 75 75 75 75 75 75 75 75 75 75 75 75 75 75 
  INPUT ---       75 75 75 75 75 75 ;
  INPUT ---        75 75 75 75 75 75 75 75 75 75 75 75 75 75 75 75 75 75 75 
  INPUT ---       75 75 75 75 75 ;
  INPUT ---        75 75 75 73 75 75 75 75 73 75 75 75 75 73 75 75 75 75 73 
  INPUT ---       75 75 75 75 ;
  INPUT ---        75 75 75 75 75 75 75 75 75 75 75 75 75 75 75 75 75 75 75 
  INPUT ---       75 75 75 ;
  INPUT ---        75 75 75 75 75 75 75 75 75 75 75 75 75 75 75 75 75 75 75 
  INPUT ---       75 75 ;
  INPUT ---        75 75 75 75 75 75 75 75 75 75 75 75 75 75 75 75 75 75 75 
  INPUT ---       75 ;
  INPUT ---        75 75 75 75 75 75 75 75 75 75 75 75 75 75 75 75 75 75 75 ;
  INPUT ---        75 75 75 73 75 75 75 75 73 75 75 75 75 73 75 75 75 75 ;
  INPUT ---        75 75 75 75 75 75 75 75 75 75 75 75 75 75 75 75 75 ;
  INPUT ---        75 75 75 75 75 75 75 75 75 75 75 75 75 75 75 75 ;
  INPUT ---        75 75 75 75 75 75 75 75 75 75 75 75 75 75 75 ;
  INPUT ---        75 75 75 75 75 75 75 75 75 75 75 75 75 75 ;
  INPUT ---        75 75 75 73 75 75 75 75 73 75 75 75 75 ;
  INPUT ---        75 75 75 75 75 75 75 75 75 75 75 75 ;
  INPUT ---        75 75 75 75 75 75 75 75 75 75 75 ;
  INPUT ---        75 75 75 75 75 75 75 75 75 75 ;
  INPUT ---        75 75 75 75 75 75 75 75 75 ;

  Program  MARK  - Survival Rate Estimation with Capture-Recapture Data
   gfortran(Win64) Vers. 8.1 Mar 2016    5-Aug-2016 15:55:23    Page  005
 - - - - - - - - - - - - - - - - - - - - - - - - - - - - - - - - - - - - - -
 
  INPUT ---        75 75 75 73 75 75 75 75 ;
  INPUT ---        75 75 75 75 75 75 75 ;
  INPUT ---        75 75 75 75 75 75 ;
  INPUT ---        75 75 75 75 75 ;
  INPUT ---        75 75 75 75 ;
  INPUT ---        75 75 75 ;
  INPUT ---        75 75 ;
  INPUT ---        75 ;

  INPUT ---    initial  0.8492118 0 0 0 0 0 -0.3123225 0 3.139572 0 0 0 0 
  INPUT ---    0 2.0066797 0 0 0 0 0 -2.9445172 17.724958  ;

  INPUT ---    design matrix constraints=75 covariates=22;
  INPUT ---        1 captive age.t1 sex 96 0.186046511627907 0 0 0 0 0 0 0 0 
  INPUT ---       0 0 0 0 0 0 0 0;
  INPUT ---        1 captive age.t1.2 sex 96 0.127659574468085 0 0 0 0 0 0 0 
  INPUT ---       0 0 0 0 0 0 0 0 0;
  INPUT ---        1 captive age.t1.4 sex 114 0.08 0 0 0 0 0 0 0 0 0 0 0 0 0 
  INPUT ---       0 0 0;
  INPUT ---        1 captive age.t1.6 sex 120 0.166666666666667 0 0 0 0 0 0 0 
  INPUT ---       0 0 0 0 0 0 0 0 0;
  INPUT ---        1 captive age.t1.8 sex 115 0.169230769230769 0 0 0 0 0 0 0 
  INPUT ---       0 0 0 0 0 0 0 0 0;
  INPUT ---        1 captive age.t3.8 sex 126 0.0615384615384615 0 0 0 0 0 0 
  INPUT ---       0 0 0 0 0 0 0 0 0 0;
  INPUT ---        1 captive age.t4 sex 126 0.0776699029126214 0 0 0 0 0 0 0 
  INPUT ---       0 0 0 0 0 0 0 0 0;
  INPUT ---        1 captive age.t4.2 sex 126 0.170212765957447 0 0 0 0 0 0 0 
  INPUT ---       0 0 0 0 0 0 0 0 0;
  INPUT ---        1 captive age.t4.4 sex 114 0.0666666666666667 0 0 0 0 0 0 
  INPUT ---       0 0 0 0 0 0 0 0 0 0;
  INPUT ---        1 captive age.t4.6 sex 126 0.0894308943089431 0 0 0 0 0 0 
  INPUT ---       0 0 0 0 0 0 0 0 0 0;
  INPUT ---        1 captive age.t7.1 sex 139 0.08 0 0 0 0 0 0 0 0 0 0 0 0 0 
  INPUT ---       0 0 0;
  INPUT ---        1 captive age.t7.3 sex 168 0.135135135135135 0 0 0 0 0 0 0 
  INPUT ---       0 0 0 0 0 0 0 0 0;
  INPUT ---        1 captive age.t7.5 sex 180 0.213740458015267 0 0 0 0 0 0 0 
  INPUT ---       0 0 0 0 0 0 0 0 0;
  INPUT ---        1 captive age.t7.7 sex 174 0.0869565217391304 0 0 0 0 0 0 
  INPUT ---       0 0 0 0 0 0 0 0 0 0;
  INPUT ---        1 captive age.t7.9 sex 173 0.131428571428571 0 0 0 0 0 0 0 
  INPUT ---       0 0 0 0 0 0 0 0 0;
  INPUT ---        1 captive age.t10.567 sex 166 0.167441860465116 0 0 0 0 0 
  INPUT ---       0 0 0 0 0 0 0 0 0 0 0;
  INPUT ---        1 captive age.t10.767 sex 172 0.155 0 0 0 0 0 0 0 0 0 0 0 

  Program  MARK  - Survival Rate Estimation with Capture-Recapture Data
   gfortran(Win64) Vers. 8.1 Mar 2016    5-Aug-2016 15:55:23    Page  006
 - - - - - - - - - - - - - - - - - - - - - - - - - - - - - - - - - - - - - -
 
  INPUT ---       0 0 0 0 0;
  INPUT ---        1 captive age.t10.967 sex 166 0.168831168831169 0 0 0 0 0 
  INPUT ---       0 0 0 0 0 0 0 0 0 0 0;
  INPUT ---        1 captive age.t11.167 sex 171 0.231182795698925 0 0 0 0 0 
  INPUT ---       0 0 0 0 0 0 0 0 0 0 0;
  INPUT ---        1 captive age.t11.367 sex 151 0.224489795918367 0 0 0 0 0 
  INPUT ---       0 0 0 0 0 0 0 0 0 0 0;
  INPUT ---        1 captive age.t13.134 sex 192 0.125827814569536 0 0 0 0 0 
  INPUT ---       0 0 0 0 0 0 0 0 0 0 0;
  INPUT ---        1 captive age.t13.334 sex 185 0.201612903225806 0 0 0 0 0 
  INPUT ---       0 0 0 0 0 0 0 0 0 0 0;
  INPUT ---        1 captive age.t13.534 sex 198 0.244604316546763 0 0 0 0 0 
  INPUT ---       0 0 0 0 0 0 0 0 0 0 0;
  INPUT ---        1 captive age.t13.734 sex 198 0.282828282828283 0 0 0 0 0 
  INPUT ---       0 0 0 0 0 0 0 0 0 0 0;
  INPUT ---        1 captive age.t13.934 sex 195 0.314516129032258 0 0 0 0 0 
  INPUT ---       0 0 0 0 0 0 0 0 0 0 0;
  INPUT ---        1 captive age.t17.101 sex 192 0.137254901960784 0 0 0 0 0 
  INPUT ---       0 0 0 0 0 0 0 0 0 0 0;
  INPUT ---        1 captive age.t17.301 sex 192 0.266129032258065 0 0 0 0 0 
  INPUT ---       0 0 0 0 0 0 0 0 0 0 0;
  INPUT ---        1 captive age.t17.501 sex 198 0.198581560283688 0 0 0 0 0 
  INPUT ---       0 0 0 0 0 0 0 0 0 0 0;
  INPUT ---        1 captive age.t17.701 sex 198 0.293333333333333 0 0 0 0 0 
  INPUT ---       0 0 0 0 0 0 0 0 0 0 0;
  INPUT ---        1 captive age.t17.901 sex 198 0.202453987730061 0 0 0 0 0 
  INPUT ---       0 0 0 0 0 0 0 0 0 0 0;
  INPUT ---        0 0 0 0 0 0 1 0.0440135195492338 0 0 0 0 0 0 0 0 0 0 0 0 0 
  INPUT ---       0;
  INPUT ---        0 0 0 0 0 0 1 0.0138205395794682 0 0 0 0 0 0 0 0 0 0 0 0 0 
  INPUT ---       0;
  INPUT ---        0 0 0 0 0 0 1 0.0150462962962963 0 0 0 0 0 0 0 0 0 0 0 0 0 
  INPUT ---       0;
  INPUT ---        0 0 0 0 0 0 1 0.0435062197227376 0 0 0 0 0 0 0 0 0 0 0 0 0 
  INPUT ---       0;
  INPUT ---        0 0 0 0 0 0 1 0.0413898241676019 0 0 0 0 0 0 0 0 0 0 0 0 0 
  INPUT ---       0;
  INPUT ---        0 0 0 0 0 0 1 0.0334785353535354 0 0 0 0 0 0 0 0 0 0 0 0 0 
  INPUT ---       0;
  INPUT ---        0 0 0 0 0 0 1 0.0145442884245275 0 0 0 0 0 0 0 0 0 0 0 0 0 
  INPUT ---       0;
  INPUT ---        0 0 0 0 0 0 1 0.0193204258107552 0 0 0 0 0 0 0 0 0 0 0 0 0 
  INPUT ---       0;
  INPUT ---        0 0 0 0 0 0 1 0.00382154882154882 0 0 0 0 0 0 0 0 0 0 0 0 
  INPUT ---       0 0;
  INPUT ---        0 0 0 0 0 0 1 0.0399423854156923 0 0 0 0 0 0 0 0 0 0 0 0 0 

  Program  MARK  - Survival Rate Estimation with Capture-Recapture Data
   gfortran(Win64) Vers. 8.1 Mar 2016    5-Aug-2016 15:55:23    Page  007
 - - - - - - - - - - - - - - - - - - - - - - - - - - - - - - - - - - - - - -
 
  INPUT ---       0;
  INPUT ---        0 0 0 0 0 0 1 0.010060938021866 0 0 0 0 0 0 0 0 0 0 0 0 0 
  INPUT ---       0;
  INPUT ---        0 0 0 0 0 0 1 0.0120376449425667 0 0 0 0 0 0 0 0 0 0 0 0 0 
  INPUT ---       0;
  INPUT ---        0 0 0 0 0 0 1 0.0327860086977532 0 0 0 0 0 0 0 0 0 0 0 0 0 
  INPUT ---       0;
  INPUT ---        0 0 0 0 0 0 1 0.0190954813692234 0 0 0 0 0 0 0 0 0 0 0 0 0 
  INPUT ---       0;
  INPUT ---        0 0 0 0 0 0 1 0.0261489672463083 0 0 0 0 0 0 0 0 0 0 0 0 0 
  INPUT ---       0;
  INPUT ---        0 0 0 0 0 0 1 0.0512150912647815 0 0 0 0 0 0 0 0 0 0 0 0 0 
  INPUT ---       0;
  INPUT ---        0 0 0 0 0 0 1 0.0473122112945163 0 0 0 0 0 0 0 0 0 0 0 0 0 
  INPUT ---       0;
  INPUT ---        0 0 0 0 0 0 1 0.0226518050401979 0 0 0 0 0 0 0 0 0 0 0 0 0 
  INPUT ---       0;
  INPUT ---        0 0 0 0 0 0 1 0.0665651993646785 0 0 0 0 0 0 0 0 0 0 0 0 0 
  INPUT ---       0;
  INPUT ---        0 0 0 0 0 0 1 0.04010330058655 0 0 0 0 0 0 0 0 0 0 0 0 0 0;
  INPUT ---        0 0 0 0 0 0 1 0.0206820945059979 0 0 0 0 0 0 0 0 0 0 0 0 0 
  INPUT ---       0;
  INPUT ---        0 0 0 0 0 0 1 0.054918230087819 0 0 0 0 0 0 0 0 0 0 0 0 0 
  INPUT ---       0;
  INPUT ---        0 0 0 0 0 0 1 0.0879277557364401 0 0 0 0 0 0 0 0 0 0 0 0 0 
  INPUT ---       0;
  INPUT ---        0 0 0 0 0 0 1 0.0733113017934447 0 0 0 0 0 0 0 0 0 0 0 0 0 
  INPUT ---       0;
  INPUT ---        0 0 0 0 0 0 1 0.0785302039517285 0 0 0 0 0 0 0 0 0 0 0 0 0 
  INPUT ---       0;
  INPUT ---        0 0 0 0 0 0 1 0.0474808900748976 0 0 0 0 0 0 0 0 0 0 0 0 0 
  INPUT ---       0;
  INPUT ---        0 0 0 0 0 0 1 0.0746150243527953 0 0 0 0 0 0 0 0 0 0 0 0 0 
  INPUT ---       0;
  INPUT ---        0 0 0 0 0 0 1 0.0653219100102685 0 0 0 0 0 0 0 0 0 0 0 0 0 
  INPUT ---       0;
  INPUT ---        0 0 0 0 0 0 1 0.0656604289706052 0 0 0 0 0 0 0 0 0 0 0 0 0 
  INPUT ---       0;
  INPUT ---        0 0 0 0 0 0 1 0.109501305572734 0 0 0 0 0 0 0 0 0 0 0 0 0 
  INPUT ---       0;
  INPUT ---        0 0 0 0 0 0 0 0 1 0 0 0 0 0 0 0 0 0 0 0 0 0;
  INPUT ---        0 0 0 0 0 0 0 0 1 1 0 0 0 0 0 0 0 0 0 0 0 0;
  INPUT ---        0 0 0 0 0 0 0 0 1 0 1 0 0 0 0 0 0 0 0 0 0 0;
  INPUT ---        0 0 0 0 0 0 0 0 1 0 0 1 0 0 0 0 0 0 0 0 0 0;
  INPUT ---        0 0 0 0 0 0 0 0 1 0 0 0 1 0 0 0 0 0 0 0 0 0;
  INPUT ---        0 0 0 0 0 0 0 0 1 0 0 0 0 1 0 0 0 0 0 0 0 0;

  Program  MARK  - Survival Rate Estimation with Capture-Recapture Data
   gfortran(Win64) Vers. 8.1 Mar 2016    5-Aug-2016 15:55:23    Page  008
 - - - - - - - - - - - - - - - - - - - - - - - - - - - - - - - - - - - - - -
 
  INPUT ---        0 0 0 0 0 0 0 0 0 0 0 0 0 0 1 0 0 0 0 sex 0 0;
  INPUT ---        0 0 0 0 0 0 0 0 0 0 0 0 0 0 1 1 0 0 0 sex 0 0;
  INPUT ---        0 0 0 0 0 0 0 0 0 0 0 0 0 0 1 0 1 0 0 sex 0 0;
  INPUT ---        0 0 0 0 0 0 0 0 0 0 0 0 0 0 1 0 0 1 0 sex 0 0;
  INPUT ---        0 0 0 0 0 0 0 0 0 0 0 0 0 0 1 0 0 0 1 sex 0 0;
  INPUT ---        0 0 0 0 0 0 0 0 0 0 0 0 0 0 0 0 0 0 0 0 1 0;
  INPUT ---        0 0 0 0 0 0 0 0 0 0 0 0 0 0 0 0 0 0 0 0 0 1;
  INPUT ---        0 0 0 0 0 0 0 0 0 0 0 0 0 0 0 0 0 0 0 0 0 0;
  INPUT ---        0 0 0 0 0 0 0 0 0 0 0 0 0 0 0 0 0 0 0 0 0 0;

  INPUT ---    links=75;

  INPUT ---    Log;

  INPUT ---    Log;

  INPUT ---    Log;

  INPUT ---    Log;

  INPUT ---    Log;

  INPUT ---    Log;

  INPUT ---    Log;

  INPUT ---    Log;

  INPUT ---    Log;

  INPUT ---    Log;

  INPUT ---    Log;

  INPUT ---    Log;

  INPUT ---    Log;

  INPUT ---    Log;

  INPUT ---    Log;

  INPUT ---    Log;

  INPUT ---    Log;


  Program  MARK  - Survival Rate Estimation with Capture-Recapture Data
   gfortran(Win64) Vers. 8.1 Mar 2016    5-Aug-2016 15:55:23    Page  009
 - - - - - - - - - - - - - - - - - - - - - - - - - - - - - - - - - - - - - -
 
  INPUT ---    Log;

  INPUT ---    Log;

  INPUT ---    Log;

  INPUT ---    Log;

  INPUT ---    Log;

  INPUT ---    Log;

  INPUT ---    Log;

  INPUT ---    Log;

  INPUT ---    Log;

  INPUT ---    Log;

  INPUT ---    Log;

  INPUT ---    Log;

  INPUT ---    Log;

  INPUT ---    Log;

  INPUT ---    Log;

  INPUT ---    Log;

  INPUT ---    Log;

  INPUT ---    Log;

  INPUT ---    Log;

  INPUT ---    Log;

  INPUT ---    Log;

  INPUT ---    Log;

  INPUT ---    Log;


  Program  MARK  - Survival Rate Estimation with Capture-Recapture Data
   gfortran(Win64) Vers. 8.1 Mar 2016    5-Aug-2016 15:55:23    Page  010
 - - - - - - - - - - - - - - - - - - - - - - - - - - - - - - - - - - - - - -
 
  INPUT ---    Log;

  INPUT ---    Log;

  INPUT ---    Log;

  INPUT ---    Log;

  INPUT ---    Log;

  INPUT ---    Log;

  INPUT ---    Log;

  INPUT ---    Log;

  INPUT ---    Log;

  INPUT ---    Log;

  INPUT ---    Log;

  INPUT ---    Log;

  INPUT ---    Log;

  INPUT ---    Log;

  INPUT ---    Log;

  INPUT ---    Log;

  INPUT ---    Log;

  INPUT ---    Log;

  INPUT ---    Log;

  INPUT ---    Log;

  INPUT ---    Log;

  INPUT ---    Log;

  INPUT ---    Log;


  Program  MARK  - Survival Rate Estimation with Capture-Recapture Data
   gfortran(Win64) Vers. 8.1 Mar 2016    5-Aug-2016 15:55:23    Page  011
 - - - - - - - - - - - - - - - - - - - - - - - - - - - - - - - - - - - - - -
 
  INPUT ---    Log;

  INPUT ---    Log;

  INPUT ---    Log;

  INPUT ---    Logit;

  INPUT ---    Logit;

  INPUT ---    Logit;

  INPUT ---    Logit;

  INPUT ---    Logit;

  INPUT ---    Logit;

  INPUT ---    Logit;

  INPUT ---    Logit;

  INPUT ---    Logit;
  INPUT ---       blabel(1)=alpha:(Intercept);
  INPUT ---       blabel(2)=alpha:captive;
  INPUT ---       blabel(3)=alpha:age.t;
  INPUT ---       blabel(4)=alpha:sex;
  INPUT ---       blabel(5)=alpha:effort.trapdays;
  INPUT ---       blabel(6)=alpha:recordloss.agout.total;
  INPUT ---       blabel(7)=sigma:(Intercept);
  INPUT ---       blabel(8)=sigma:recordloss.agout.var;
  INPUT ---       blabel(9)=U:(Intercept);
  INPUT ---       blabel(10)=U:sample_monthB;
  INPUT ---       blabel(11)=U:sample_monthC;
  INPUT ---       blabel(12)=U:sample_monthD;
  INPUT ---       blabel(13)=U:sample_monthE;
  INPUT ---       blabel(14)=U:sample_monthF;
  INPUT ---       blabel(15)=Phi:(Intercept);
  INPUT ---       blabel(16)=Phi:sample_monthB;
  INPUT ---       blabel(17)=Phi:sample_monthC;
  INPUT ---       blabel(18)=Phi:sample_monthD;
  INPUT ---       blabel(19)=Phi:sample_monthE;
  INPUT ---       blabel(20)=Phi:sex;
  INPUT ---       blabel(21)=GammaDoublePrime:(Intercept);
  INPUT ---       blabel(22)=GammaPrime:(Intercept);
  INPUT ---       rlabel(1)=alpha g1 a0 t1;

  Program  MARK  - Survival Rate Estimation with Capture-Recapture Data
   gfortran(Win64) Vers. 8.1 Mar 2016    5-Aug-2016 15:55:23    Page  012
 - - - - - - - - - - - - - - - - - - - - - - - - - - - - - - - - - - - - - -
 
  INPUT ---       rlabel(2)=alpha g1 a0.2 t1.2;
  INPUT ---       rlabel(3)=alpha g1 a0.4 t1.4;
  INPUT ---       rlabel(4)=alpha g1 a0.6 t1.6;
  INPUT ---       rlabel(5)=alpha g1 a0.8 t1.8;
  INPUT ---       rlabel(6)=alpha g1 a2.8 t3.8;
  INPUT ---       rlabel(7)=alpha g1 a3 t4;
  INPUT ---       rlabel(8)=alpha g1 a3.2 t4.2;
  INPUT ---       rlabel(9)=alpha g1 a3.4 t4.4;
  INPUT ---       rlabel(10)=alpha g1 a3.6 t4.6;
  INPUT ---       rlabel(11)=alpha g1 a6.1 t7.1;
  INPUT ---       rlabel(12)=alpha g1 a6.3 t7.3;
  INPUT ---       rlabel(13)=alpha g1 a6.5 t7.5;
  INPUT ---       rlabel(14)=alpha g1 a6.7 t7.7;
  INPUT ---       rlabel(15)=alpha g1 a6.9 t7.9;
  INPUT ---       rlabel(16)=alpha g1 a9.567 t10.567;
  INPUT ---       rlabel(17)=alpha g1 a9.767 t10.767;
  INPUT ---       rlabel(18)=alpha g1 a9.967 t10.967;
  INPUT ---       rlabel(19)=alpha g1 a10.167 t11.167;
  INPUT ---       rlabel(20)=alpha g1 a10.367 t11.367;
  INPUT ---       rlabel(21)=alpha g1 a12.134 t13.134;
  INPUT ---       rlabel(22)=alpha g1 a12.334 t13.334;
  INPUT ---       rlabel(23)=alpha g1 a12.534 t13.534;
  INPUT ---       rlabel(24)=alpha g1 a12.734 t13.734;
  INPUT ---       rlabel(25)=alpha g1 a12.934 t13.934;
  INPUT ---       rlabel(26)=alpha g1 a16.101 t17.101;
  INPUT ---       rlabel(27)=alpha g1 a16.301 t17.301;
  INPUT ---       rlabel(28)=alpha g1 a16.501 t17.501;
  INPUT ---       rlabel(29)=alpha g1 a16.701 t17.701;
  INPUT ---       rlabel(30)=alpha g1 a16.901 t17.901;
  INPUT ---       rlabel(31)=sigma g1 a0 t1;
  INPUT ---       rlabel(32)=sigma g1 a0.2 t1.2;
  INPUT ---       rlabel(33)=sigma g1 a0.4 t1.4;
  INPUT ---       rlabel(34)=sigma g1 a0.6 t1.6;
  INPUT ---       rlabel(35)=sigma g1 a0.8 t1.8;
  INPUT ---       rlabel(36)=sigma g1 a2.8 t3.8;
  INPUT ---       rlabel(37)=sigma g1 a3 t4;
  INPUT ---       rlabel(38)=sigma g1 a3.2 t4.2;
  INPUT ---       rlabel(39)=sigma g1 a3.4 t4.4;
  INPUT ---       rlabel(40)=sigma g1 a3.6 t4.6;
  INPUT ---       rlabel(41)=sigma g1 a6.1 t7.1;
  INPUT ---       rlabel(42)=sigma g1 a6.3 t7.3;
  INPUT ---       rlabel(43)=sigma g1 a6.5 t7.5;
  INPUT ---       rlabel(44)=sigma g1 a6.7 t7.7;
  INPUT ---       rlabel(45)=sigma g1 a6.9 t7.9;
  INPUT ---       rlabel(46)=sigma g1 a9.567 t10.567;
  INPUT ---       rlabel(47)=sigma g1 a9.767 t10.767;

  Program  MARK  - Survival Rate Estimation with Capture-Recapture Data
   gfortran(Win64) Vers. 8.1 Mar 2016    5-Aug-2016 15:55:23    Page  013
 - - - - - - - - - - - - - - - - - - - - - - - - - - - - - - - - - - - - - -
 
  INPUT ---       rlabel(48)=sigma g1 a9.967 t10.967;
  INPUT ---       rlabel(49)=sigma g1 a10.167 t11.167;
  INPUT ---       rlabel(50)=sigma g1 a10.367 t11.367;
  INPUT ---       rlabel(51)=sigma g1 a12.134 t13.134;
  INPUT ---       rlabel(52)=sigma g1 a12.334 t13.334;
  INPUT ---       rlabel(53)=sigma g1 a12.534 t13.534;
  INPUT ---       rlabel(54)=sigma g1 a12.734 t13.734;
  INPUT ---       rlabel(55)=sigma g1 a12.934 t13.934;
  INPUT ---       rlabel(56)=sigma g1 a16.101 t17.101;
  INPUT ---       rlabel(57)=sigma g1 a16.301 t17.301;
  INPUT ---       rlabel(58)=sigma g1 a16.501 t17.501;
  INPUT ---       rlabel(59)=sigma g1 a16.701 t17.701;
  INPUT ---       rlabel(60)=sigma g1 a16.901 t17.901;
  INPUT ---       rlabel(61)=U g1 a0 t1;
  INPUT ---       rlabel(62)=U g1 a2.8 t3.8;
  INPUT ---       rlabel(63)=U g1 a6.1 t7.1;
  INPUT ---       rlabel(64)=U g1 a9.567 t10.567;
  INPUT ---       rlabel(65)=U g1 a12.134 t13.134;
  INPUT ---       rlabel(66)=U g1 a16.101 t17.101;
  INPUT ---       rlabel(67)=Phi g1 c1 a0.8 t1.8;
  INPUT ---       rlabel(68)=Phi g1 c1 a3.6 t4.6;
  INPUT ---       rlabel(69)=Phi g1 c1 a6.9 t7.9;
  INPUT ---       rlabel(70)=Phi g1 c1 a10.367 t11.367;
  INPUT ---       rlabel(71)=Phi g1 c1 a12.934 t13.934;
  INPUT ---       rlabel(72)=Gamma'' g1 c1 a0.8 t1.8;
  INPUT ---       rlabel(73)=Gamma' g1 c1 a0.8 t1.8;
  INPUT ---       rlabel(74)=Phi g1 c1 a0 t1;
  INPUT ---       rlabel(75)=Gamma'' g1 c1 a0 t1;

 Link Function Used is PARM-SPECIFIC

 Variance Estimation Procedure Used is 2ndPart 

 M(t+1):
 Group=Group 1                                                                         
       3      3      3      2      3      5      5      5      2      5      5
       4      4      4      4     10      7      7      7      5      5      5
       5      3      4      5      5      5      4      5


 -2logL(saturated) = -0.0000000    
 Effective Sample Size = 169
 Results from first iteration:
  -2logL Initial { alpha(~1 + captive + age.t + sex + effort.trapdays + recordloss.agout.total)sigma(~1 + recordloss.agout.var)U(~sample_month)Phi(~1 + sample_month + sex)Gamma''( } = 1138.4459     
  Penalty Initial { alpha(~1 + captive + age.t + sex + effort.trapdays + recordloss.agout.total)sigma(~1 + recordloss.agout.var)U(~sample_month)Phi(~1 + sample_month + sex)Gamma''( } = -0.0000000    

 Number of function evaluations was 43 for 22 parameters.
 Time for numerical optimization was 7.14 seconds.

  Program  MARK  - Survival Rate Estimation with Capture-Recapture Data
   gfortran(Win64) Vers. 8.1 Mar 2016    5-Aug-2016 15:55:28    Page  014
 - - - - - - - - - - - - - - - - - - - - - - - - - - - - - - - - - - - - - -
 
 -2logL { alpha(~1 + captive + age.t + sex + effort.trapdays + recordloss.agout.total)sigma(~1 + recordloss.agout.var)U(~sample_month)Phi(~1 + sample_month + sex)Gamma''( } = 1045.0428     
 Penalty { alpha(~1 + captive + age.t + sex + effort.trapdays + recordloss.agout.total)sigma(~1 + recordloss.agout.var)U(~sample_month)Phi(~1 + sample_month + sex)Gamma''( } = -0.0000000    

   * *  WARNING  * *   Numerical underflow occurred during optimization of this model. 
     IEEE flag status at end of optimization:
     overflow       F
     divide by zero F
     invalid        F
     underflow      T
     inexact        T

 Gradient { alpha(~1 + captive + age.t + sex + effort.trapdays + recordloss.agout.total)sigma(~1 + recordloss.agout.var)U(~sample_month)Phi(~1 + sample_month + sex)Gamma''( }:
  0.8780311E-02 0.8003977E-03 0.6885060E-02 0.7916167E-02 0.7257980E-02
  0.1102024E-02 0.9514656E-02 0.7261803E-03 0.7987427E-02 0.7526537E-03
  0.1942248E-02 0.4874336E-02 0.2990157E-03 0.7943591E-03 0.9904753E-03
  0.3294405E-03 0.1876551E-03 0.9678676E-04 0.3143588E-03 0.5738506E-03
 -0.4957085E-03  0.000000    
 S Vector { alpha(~1 + captive + age.t + sex + effort.trapdays + recordloss.agout.total)sigma(~1 + recordloss.agout.var)U(~sample_month)Phi(~1 + sample_month + sex)Gamma''( }:
   6628.828      392.5806      305.3807      269.8589      240.9952    
   220.9370      126.5853      55.77662      34.34578      27.46409    
   11.82255      9.840944      4.406565      2.524896      1.918352    
  0.9498948     0.9236431     0.9135805     0.2637008     0.7705655E-01
  0.5616262E-05 0.2702012E-08
 Time to compute number of parameters was 4.62 seconds.
   Threshold =  0.4600000E-06     Condition index =  0.4076153E-12     New Threshold =  0.1267356E-07
 New Guessimate of Estimated Parameters { alpha(~1 + captive + age.t + sex + effort.trapdays + recordloss.agout.total)sigma(~1 + recordloss.agout.var)U(~sample_month)Phi(~1 + sample_month + sex)Gamma''( } = 20          
 Conditioned S Vector { alpha(~1 + captive + age.t + sex + effort.trapdays + recordloss.agout.total)sigma(~1 + recordloss.agout.var)U(~sample_month)Phi(~1 + sample_month + sex)Gamma''( }:
   1.000000     0.5922324E-01 0.4606858E-01 0.4070990E-01 0.3635563E-01
  0.3332973E-01 0.1909618E-01 0.8414251E-02 0.5181276E-02 0.4143129E-02
  0.1783505E-02 0.1484568E-02 0.6647578E-03 0.3808963E-03 0.2893953E-03
  0.1432976E-03 0.1393373E-03 0.1378193E-03 0.3978090E-04 0.1162446E-04
  0.8472482E-09 0.4076153E-12
 Number of Estimated Parameters { alpha(~1 + captive + age.t + sex + effort.trapdays + recordloss.agout.total)sigma(~1 + recordloss.agout.var)U(~sample_month)Phi(~1 + sample_month + sex)Gamma''( } = 20          
 DEVIANCE { alpha(~1 + captive + age.t + sex + effort.trapdays + recordloss.agout.total)sigma(~1 + recordloss.agout.var)U(~sample_month)Phi(~1 + sample_month + sex)Gamma''( } = 1045.0428                     
 DEVIANCE Degrees of Freedom { alpha(~1 + captive + age.t + sex + effort.trapdays + recordloss.agout.total)sigma(~1 + recordloss.agout.var)U(~sample_month)Phi(~1 + sample_month + sex)Gamma''( } = -6            
 c-hat { alpha(~1 + captive + age.t + sex + effort.trapdays + recordloss.agout.total)sigma(~1 + recordloss.agout.var)U(~sample_month)Phi(~1 + sample_month + sex)Gamma''( } = 1.0000000                     
 AIC { alpha(~1 + captive + age.t + sex + effort.trapdays + recordloss.agout.total)sigma(~1 + recordloss.agout.var)U(~sample_month)Phi(~1 + sample_month + sex)Gamma''( } = 1085.0428                  
 AICc { alpha(~1 + captive + age.t + sex + effort.trapdays + recordloss.agout.total)sigma(~1 + recordloss.agout.var)U(~sample_month)Phi(~1 + sample_month + sex)Gamma''( } = 1090.7184                    
 BIC { alpha(~1 + captive + age.t + sex + effort.trapdays + recordloss.agout.total)sigma(~1 + recordloss.agout.var)U(~sample_month)Phi(~1 + sample_month + sex)Gamma''( } = 1147.6407                    
 Pearson Chisquare { alpha(~1 + captive + age.t + sex + effort.trapdays + recordloss.agout.total)sigma(~1 + recordloss.agout.var)U(~sample_month)Phi(~1 + sample_month + sex)Gamma''( } = 0.1525473E+033             

   * *  WARNING  * *   Numerical underflow occurred during variance-covariance calculation of this model. 
     IEEE flag status at end of variance-covariance calculation:
     overflow       F
     divide by zero F
     invalid        F
     underflow      T
     inexact        T



 PARM-SPECIFIC Link Function Parameters of { alpha(~1 + captive + age.t + sex + effort.trapdays + recordloss.agout.total)sigma(~1 + recordloss.agout.var)U(~sample_month)Phi(~1 + sample_month + sex)Gamma''( }
                                                              95% Confidence Interval
 Parameter                    Beta         Standard Error      Lower           Upper
 -------------------------  --------------  --------------  --------------  --------------
    1:alpha:(Intercept)     0.2947928       0.4147884       -0.5181925      1.1077781     
    2:alpha:captive         0.2499339       0.1107780       0.0328089       0.4670588     
    3:alpha:age.t           0.1855693       0.1609651       -0.1299224      0.5010609     

  Program  MARK  - Survival Rate Estimation with Capture-Recapture Data
   gfortran(Win64) Vers. 8.1 Mar 2016    5-Aug-2016 15:55:31    Page  015
 - - - - - - - - - - - - - - - - - - - - - - - - - - - - - - - - - - - - - -
 
    4:alpha:sex             0.5165584       0.2067468       0.1113347       0.9217821     
    5:alpha:effort.trapday  0.0036357       0.0018421       0.2525008E-004  0.0072462     
    6:alpha:recordloss.ago  -3.1264738      0.5837816       -4.2706857      -1.9822619    
    7:sigma:(Intercept)     -1.0121447      0.2226244       -1.4484884      -0.5758009    
    8:sigma:recordloss.ago  5.3561150       3.5910051       -1.6822551      12.394485     
    9:U:(Intercept)         2.5298395       0.1391740       2.2570585       2.8026204     
   10:U:sample_monthB       0.3594321       0.1295656       0.1054835       0.6133807     
   11:U:sample_monthC       0.4867547       0.1494907       0.1937528       0.7797565     
   12:U:sample_monthD       0.9125313       0.1476504       0.6231365       1.2019261     
   13:U:sample_monthE       0.3687331       0.1707596       0.0340443       0.7034219     
   14:U:sample_monthF       0.6887887       0.1750756       0.3456406       1.0319368     
   15:Phi:(Intercept)       12.934301       188.70906       -356.93547      382.80407     
   16:Phi:sample_monthB     -10.457008      188.71259       -380.33369      359.41967     
   17:Phi:sample_monthC     -10.389579      188.71011       -380.26140      359.48224     
   18:Phi:sample_monthD     -11.920725      188.70954       -381.79143      357.94998     
   19:Phi:sample_monthE     -10.211047      188.71257       -380.08770      359.66560     
   20:Phi:sex               -0.1094286      1.4695009       -2.9896504      2.7707932     
   21:GammaDoublePrime:(In  -2.9446844      1.0260351       -4.9557133      -0.9336555    
   22:GammaPrime:(Intercep  17.724958       0.0000000       17.724958       17.724958     


 Real Function Parameters of { alpha(~1 + captive + age.t + sex + effort.trapdays + recordloss.agout.total)sigma(~1 + recordloss.agout.var)U(~sample_month)Phi(~1 + sample_month + sex)Gamma''( }

  Program  MARK  - Survival Rate Estimation with Capture-Recapture Data
   gfortran(Win64) Vers. 8.1 Mar 2016    5-Aug-2016 15:55:31    Page  016
 - - - - - - - - - - - - - - - - - - - - - - - - - - - - - - - - - - - - - -
 

      Following estimates based on unstandardized individual covariate values:
          Variable   Value         
          ---------  ------------- 
          CAPTIVE    0.2142857     
          AGE.T1     1.0000000     
          AGE.T1.2   1.0000000     
          AGE.T1.4   1.0000000     
          AGE.T1.6   1.0000000     
          AGE.T1.8   1.0000000     
          AGE.T3.8   1.0000000     
          AGE.T4     1.0000000     
          AGE.T4.2   1.0000000     
          AGE.T4.4   1.0000000     
          AGE.T4.6   1.0000000     
          AGE.T7.1   0.8333333     
          AGE.T7.3   0.8333333     
          AGE.T7.5   0.8333333     
          AGE.T7.7   0.8333333     
          AGE.T7.9   0.8333333     
          AGE.T10.56 0.6666667     
          AGE.T10.76 0.6666667     
          AGE.T10.96 0.6666667     
          AGE.T11.16 0.6666667     
          AGE.T11.36 0.6666667     
          AGE.T13.13 1.0000000     
          AGE.T13.33 1.0000000     
          AGE.T13.53 1.0000000     
          AGE.T13.73 1.0000000     
          AGE.T13.93 1.0000000     
          AGE.T17.10 0.9230769     
          AGE.T17.30 0.9230769     
          AGE.T17.50 0.9230769     
          AGE.T17.70 0.9230769     
          AGE.T17.90 0.9230769     
          SEX        0.8461538     
                                                               95% Confidence Interval
  Parameter                  Estimate       Standard Error      Lower           Upper
 --------------------------  --------------  --------------  --------------  --------------
     1:alpha g1 a0 t1        2.0925170       0.3006852       1.5811658       2.7692400                           
     2:alpha g1 a0.2 t1.2    2.5115821       0.3351250       1.9358363       3.2585630                           
     3:alpha g1 a0.4 t1.4    3.1123013       0.3371841       2.5184328       3.8462091                           
     4:alpha g1 a0.6 t1.6    2.4259319       0.2549160       1.9755065       2.9790565                           
     5:alpha g1 a0.8 t1.8    2.3632091       0.2650288       1.8981832       2.9421592                           
     6:alpha g1 a2.8 t3.8    3.4442655       0.3431312       2.8346819       4.1849369                           
     7:alpha g1 a3 t4        3.2748634       0.3171434       2.7098930       3.9576212                           
     8:alpha g1 a3.2 t4.2    2.4520964       0.2411299       2.0231746       2.9719514                           
     9:alpha g1 a3.4 t4.4    3.2447838       0.3559206       2.6187541       4.0204698                           
    10:alpha g1 a3.6 t4.6    3.1566323       0.3009846       2.6196550       3.8036793                           

  Program  MARK  - Survival Rate Estimation with Capture-Recapture Data
   gfortran(Win64) Vers. 8.1 Mar 2016    5-Aug-2016 15:55:31    Page  017
 - - - - - - - - - - - - - - - - - - - - - - - - - - - - - - - - - - - - - -
 
    11:alpha g1 a6.1 t7.1    3.3046396       0.2917840       2.7804273       3.9276852                           
    12:alpha g1 a6.3 t7.3    3.0906611       0.2371042       2.6597750       3.5913513                           
    13:alpha g1 a6.5 t7.5    2.5250385       0.2091963       2.1471692       2.9694070                           
    14:alpha g1 a6.7 t7.7    3.6723382       0.3376701       3.0678792       4.3958927                           
    15:alpha g1 a6.9 t7.9    3.1840442       0.2547522       2.7225926       3.7237071                           
    16:alpha g1 a9.567 t10.  2.6890265       0.2173897       2.2955774       3.1499106                           
    17:alpha g1 a9.767 t10.  2.8573447       0.2359693       2.4310037       3.3584559                           
    18:alpha g1 a9.967 t10.  2.6773717       0.2165099       2.2855240       3.1364008                           
    19:alpha g1 a10.167 t11  2.2435816       0.2002778       1.8841132       2.6716327                           
    20:alpha g1 a10.367 t11  2.1303460       0.2020611       1.7696762       2.5645224                           
    21:alpha g1 a12.134 t13  3.5810994       0.3688655       2.9279882       4.3798921                           
    22:alpha g1 a12.334 t13  2.7546204       0.2442578       2.3159562       3.2763718                           
    23:alpha g1 a12.534 t13  2.5247261       0.2645712       2.0571072       3.0986437                           
    24:alpha g1 a12.734 t13  2.2403371       0.2516922       1.7987985       2.7902573                           
    25:alpha g1 a12.934 t13  2.0070138       0.2402307       1.5886401       2.5355676                           
    26:alpha g1 a16.101 t17  3.4064435       0.3335754       2.8128378       4.1253205                           
    27:alpha g1 a16.301 t17  2.2767459       0.2307884       1.8674506       2.7757479                           
    28:alpha g1 a16.501 t17  2.8741213       0.2838963       2.3693469       3.4864346                           
    29:alpha g1 a16.701 t17  2.1372245       0.2406800       1.7151163       2.6632180                           
    30:alpha g1 a16.901 t17  2.8395339       0.2804742       2.3408432       3.4444652                           
    31:sigma g1 a0 t1        0.4600578       0.0636665       0.3512144       0.6026324                           
    32:sigma g1 a0.2 t1.2    0.3913628       0.0728309       0.2725952       0.5618766                           
    33:sigma g1 a0.4 t1.4    0.3939407       0.0721516       0.2759381       0.5624061                           
    34:sigma g1 a0.6 t1.6    0.4588094       0.0636029       0.3501004       0.6012735                           
    35:sigma g1 a0.8 t1.8    0.4536379       0.0634504       0.3453231       0.5959270                           
    36:sigma g1 a2.8 t3.8    0.4348171       0.0643207       0.3258895       0.5801535                           
    37:sigma g1 a3 t4        0.3928829       0.0724285       0.2745676       0.5621819                           
    38:sigma g1 a3.2 t4.2    0.4030631       0.0698828       0.2876610       0.5647615                           
    39:sigma g1 a3.4 t4.4    0.3709544       0.0786393       0.2459512       0.5594898                           
    40:sigma g1 a3.6 t4.6    0.4501346       0.0634470       0.3419416       0.5925606                           
    41:sigma g1 a6.1 t7.1    0.3835608       0.0749714       0.2624286       0.5606055                           
    42:sigma g1 a6.3 t7.3    0.3876433       0.0738365       0.2677558       0.5612104                           
    43:sigma g1 a6.5 t7.5    0.4332073       0.0644910       0.3240932       0.5790572                           
    44:sigma g1 a6.7 t7.7    0.4025777       0.0699977       0.2870425       0.5646162                           
    45:sigma g1 a6.9 t7.9    0.4180778       0.0667231       0.3063800       0.5704974                           
    46:sigma g1 a9.567 t10.  0.4781500       0.0657897       0.3655881       0.6253690                           
    47:sigma g1 a9.767 t10.  0.4682584       0.0643487       0.3581433       0.6122296                           
    48:sigma g1 a9.967 t10.  0.4103196       0.0682550       0.2968185       0.5672227                           
    49:sigma g1 a10.167 t11  0.5191233       0.0786047       0.3864653       0.6973175                           
    50:sigma g1 a10.367 t11  0.4505227       0.0634434       0.3423219       0.5929236                           
    51:sigma g1 a12.134 t13  0.4060135       0.0692002       0.2914056       0.5656957                           
    52:sigma g1 a12.334 t13  0.4877285       0.0678266       0.3718510       0.6397162                           
    53:sigma g1 a12.534 t13  0.5820532       0.1143582       0.3974678       0.8523607                           
    54:sigma g1 a12.734 t13  0.5382238       0.0877912       0.3917679       0.7394296                           
    55:sigma g1 a12.934 t13  0.5534810       0.0962749       0.3945847       0.7763636                           
    56:sigma g1 a16.101 t17  0.4686816       0.0643965       0.3584824       0.6127567                           

  Program  MARK  - Survival Rate Estimation with Capture-Recapture Data
   gfortran(Win64) Vers. 8.1 Mar 2016    5-Aug-2016 15:55:31    Page  018
 - - - - - - - - - - - - - - - - - - - - - - - - - - - - - - - - - - - - - -
 
    57:sigma g1 a16.301 t17  0.5419953       0.0898012       0.3925674       0.7483018                           
    58:sigma g1 a16.501 t17  0.5156779       0.0771411       0.3852542       0.6902551                           
    59:sigma g1 a16.701 t17  0.5166137       0.0775324       0.3855917       0.6921564                           
    60:sigma g1 a16.901 t17  0.6533495       0.1683259       0.3975171       1.0738294                           
    61:U g1 a0 t1            12.551491       1.7468406       9.5674406       16.466256                           
    62:U g1 a2.8 t3.8        17.980207       1.9709749       14.513211       22.275420                           
    63:U g1 a6.1 t7.1        20.421620       1.6943642       17.361471       24.021153                           
    64:U g1 a9.567 t10.567   31.260983       2.3509090       26.982307       36.218145                           
    65:U g1 a12.134 t13.134  18.148221       1.6901962       15.126166       21.774053                           
    66:U g1 a16.101 t17.101  24.993809       2.3959789       20.721388       30.147135                           
    67:Phi g1 c1 a0.8 t1.8   0.9999974       0.4996978E-003  0.8805991E-155  1.0000000                           
    68:Phi g1 c1 a3.6 t4.6   0.9156531       0.0820673       0.5749323       0.9886531                           
    69:Phi g1 c1 a6.9 t7.9   0.9207170       0.0773561       0.5926889       0.9893255                           
    70:Phi g1 c1 a10.367 t1  0.7152423       0.1236105       0.4332589       0.8919227                           
    71:Phi g1 c1 a12.934 t1  0.9328089       0.0659978       0.6380231       0.9909377                           
    72:Gamma'' g1 c1 a0.8 t  0.0499883       0.0487259       0.0069938       0.2821837                           
    73:Gamma' g1 c1 a0.8 t1  1.0000000       0.0000000       1.0000000       1.0000000                           
    74:Phi g1 c1 a0 t1       1.0000000       0.0000000       1.0000000       1.0000000       Fixed               
    75:Gamma'' g1 c1 a0 t1   0.0000000       0.0000000       0.0000000       0.0000000       Fixed               

  Program  MARK  - Survival Rate Estimation with Capture-Recapture Data
   gfortran(Win64) Vers. 8.1 Mar 2016    5-Aug-2016 15:55:31    Page  019
 - - - - - - - - - - - - - - - - - - - - - - - - - - - - - - - - - - - - - -
 


                      Estimates of Derived Parameters
 Population Estimates of { alpha(~1 + captive + age.t + sex + effort.trapdays + recordloss.agout.total)sigma(~1 + recordloss.agout.var)U(~sample_month)Phi(~1 + sample_month + sex)Gamma''( }
                                                95% Confidence Interval
 Grp. Occ.   N-hat           Standard Error      Lower           Upper
 ---- ----   --------------  --------------  --------------  --------------
   1     1   15.551491       1.7468416       12.486982       19.368080     
   1     2   15.551491       1.7468416       12.486982       19.368080     
   1     3   15.551491       1.7468416       12.486982       19.368080     
   1     4   14.709506       1.7786065       11.615717       18.627310     
   1     5   15.551491       1.7468416       12.486982       19.368080     
   1     6   22.980207       1.9709756       19.430328       27.178642     
   1     7   22.980207       1.9709756       19.430328       27.178642     
   1     8   22.980207       1.9709756       19.430328       27.178642     
   1     9   20.092554       1.9967654       16.544373       24.401694     
   1    10   22.980207       1.9709756       19.430328       27.178642     
   1    11   25.657114       1.7282739       22.487146       29.273946     
   1    12   24.643284       1.7278288       21.482749       28.268796     
   1    13   24.801985       1.7408527       21.617867       28.455094     
   1    14   24.587521       1.7241756       21.433701       28.205404     
   1    15   24.668115       1.7309542       21.502039       28.300382     
   1    16   39.102909       2.4648259       34.562595       44.239662     
   1    17   38.906563       2.4310979       34.425948       43.970341     
   1    18   39.052818       2.4640132       34.514270       44.188175     
   1    19   39.459743       2.4889639       34.875155       44.647009     
   1    20   37.247509       2.4838359       32.688658       42.442150     
   1    21   22.356700       1.7248396       19.223521       26.000546     
   1    22   23.674456       1.7552908       20.476459       27.371914     
   1    23   23.767176       1.7734073       20.537683       27.504497     
   1    24   21.573987       1.7451924       18.415556       25.274117     
   1    25   22.968106       1.7888171       19.721063       26.749769     
   1    26   30.288861       2.4445053       25.864003       35.470733     
   1    27   30.750393       2.4918318       26.241330       36.034250     
   1    28   30.458435       2.4669909       25.994151       35.689423     
   1    29   29.709527       2.4922033       25.212503       35.008662     
   1    30   30.564803       2.4730019       26.089264       35.808107     
 Mean Resighting Rate Estimates of { alpha(~1 + captive + age.t + sex + effort.trapdays + recordloss.agout.total)sigma(~1 + recordloss.agout.var)U(~sample_month)Phi(~1 + sample_month + sex)Gamma''( }
                                                95% Confidence Interval
 Grp. Occ.   Lambda-hat      Standard Error      Lower           Upper
 ---- ----   --------------  --------------  --------------  --------------
   1     1   2.3261028       0.3230279       1.7741227       3.0498195     
   1     2   2.7114819       0.3452584       2.1147306       3.4766291     
   1     3   3.3634157       0.3394178       2.7611996       4.0969749     
   1     4   2.6951902       0.2642503       2.2250062       3.2647326     
   1     5   2.6193184       0.2765215       2.1309545       3.2196038     
   1     6   3.7857486       0.3512783       3.1574525       4.5390681     
   1     7   3.5376216       0.3146484       2.9726942       4.2099071     
   1     8   2.6595934       0.2430278       2.2243060       3.1800646     
   1     9   3.4758962       0.3545616       2.8474906       4.2429829     

  Program  MARK  - Survival Rate Estimation with Capture-Recapture Data
   gfortran(Win64) Vers. 8.1 Mar 2016    5-Aug-2016 15:55:31    Page  020
 - - - - - - - - - - - - - - - - - - - - - - - - - - - - - - - - - - - - - -
 
   1    10   3.4931933       0.3094377       2.9374230       4.1541172     
   1    11   3.9347697       0.2838792       3.4165424       4.5316027     
   1    12   3.5655148       0.2294857       3.1433470       4.0443820     
   1    13   3.2209210       0.2074088       2.8393785       3.6537335     
   1    14   4.6993728       0.3417775       4.0758099       5.4183353     
   1    15   4.4111630       0.2552679       3.9385423       4.9404977     
   1    16   3.5303115       0.2099937       3.1421342       3.9664439     
   1    17   4.1026118       0.2349983       3.6672666       4.5896374     
   1    18   3.6912216       0.2158685       3.2917895       4.1391216     
   1    19   3.1822587       0.2010796       2.8119178       3.6013751     
   1    20   2.8715826       0.2091632       2.4900125       3.3116247     
   1    21   5.3180909       0.3990350       4.5917218       6.1593651     
   1    22   3.4648224       0.2371621       3.0302918       3.9616627     
   1    23   3.3422965       0.2670346       2.8585426       3.9079164     
   1    24   3.1619928       0.2546002       2.7010492       3.7015980     
   1    25   4.0024742       0.2874785       3.4775095       4.6066874     
   1    26   4.1782125       0.3390672       3.5647289       4.8972755     
   1    27   2.6369597       0.2129424       2.2515253       3.0883759     
   1    28   3.8289111       0.2833294       3.3126336       4.4256509     
   1    29   3.0800550       0.2486683       2.6299472       3.6071975     
   1    30   4.0505013       0.3863458       3.3612556       4.8810809     
 Pr(Captured 1 or more times) of { alpha(~1 + captive + age.t + sex + effort.trapdays + recordloss.agout.total)sigma(~1 + recordloss.agout.var)U(~sample_month)Phi(~1 + sample_month + sex)Gamma''( }
                                                95% Confidence Interval
 Grp. Occ.      p*-hat       Standard Error      Lower           Upper
 ---- ----   --------------  --------------  --------------  --------------
   1     1   0.2955325       0.0103669       0.2756264       0.3162485     
   1     2   0.3088945       0.0080274       0.2933862       0.3248457     
   1     3   0.3185695       0.0051160       0.3086273       0.3286798     
   1     4   0.4633888       0.0107982       0.4423028       0.4846066     
   1     5   0.3034475       0.0075431       0.2888694       0.3184319     
   1     6   0.1914490       0.0026768       0.1862573       0.1967505     
   1     7   0.1910417       0.0028520       0.1855142       0.1966941     
   1     8   0.1823788       0.0041508       0.1743838       0.1906558     
   1     9   0.4734073       0.0092610       0.4552988       0.4915860     
   1    10   0.1891537       0.0029733       0.1833948       0.1950504     
   1    11   0.1936986       0.0020986       0.1896184       0.1978451     
   1    12   0.2394586       0.0030805       0.2334731       0.2455484     
   1    13   0.2356055       0.0035629       0.2286939       0.2426602     
   1    14   0.2449067       0.0018494       0.2413001       0.2485496     
   1    15   0.2438795       0.0018544       0.2402631       0.2475325     
   1    16   0.1327793       0.0023325       0.1282739       0.1374181     
   1    17   0.1375125       0.0013970       0.1347973       0.1402736     
   1    18   0.1355570       0.0018336       0.1320033       0.1391911     
   1    19   0.1304133       0.0026196       0.1253642       0.1356342     
   1    20   0.1787129       0.0046742       0.1697345       0.1880587     
   1    21   0.2467421       0.0012356       0.2443284       0.2491718     
   1    22   0.1861655       0.0032739       0.1798339       0.1926677     
   1    23   0.1837302       0.0047513       0.1745999       0.1932262     
   1    24   0.3082756       0.0069998       0.2947279       0.3221617     
   1    25   0.2391207       0.0036204       0.2320970       0.2462888     

  Program  MARK  - Survival Rate Estimation with Capture-Recapture Data
   gfortran(Win64) Vers. 8.1 Mar 2016    5-Aug-2016 15:55:31    Page  021
 - - - - - - - - - - - - - - - - - - - - - - - - - - - - - - - - - - - - - -
 
   1    26   0.1920846       0.0024422       0.1873433       0.1969169     
   1    27   0.1737141       0.0057353       0.1627585       0.1852441     
   1    28   0.1894970       0.0030153       0.1836576       0.1954777     
   1    29   0.2280969       0.0055716       0.2173612       0.2392009     
   1    30   0.1868363       0.0046174       0.1779545       0.1960556     

 Attempted ordering of parameters by estimatibility:
   1  9 12 11 14 13  2  7 10  3  4 15  5  6 18 21 19 17 20  8 16 22
 Beta number 22 is a singular value.

     CPU Time in seconds for last procedure was 12.09


  INPUT --- proc stop;

   * *  WARNING  * *   Numerical underflow occurred during final processing of this model. 
     IEEE flag status at final processing of this model:
     overflow       F
     divide by zero F
     invalid        F
     underflow      T
     inexact        T


     CPU Time in minutes for this job was 0.20

     Time Start = 15:55:22.988   Time End = 15:55:31.811

     Wall Clock Time in minutes for this job was 0.15


          E X E C U T I O N   S U C C E S S F U L 
