
   Program  MARK  - Survival Rate Estimation with Capture-Recapture Data
   gfortran(Win64) Vers. 8.1 Mar 2016    5-Aug-2016 15:43:25    Page  001
 - - - - - - - - - - - - - - - - - - - - - - - - - - - - - - - - - - - - - -
 
   This version was compiled by GCC version 5.3.0 using the options: 
     -cpp -iprefix c:\tdm-gcc-64\gcc\bin\../lib/gcc/x86_64-w64-mingw32/5.3.0/ -D_MT
     -U_REENTRANT -D IEEE -m64 -mtune=generic -march=x86-64 -mthreads -O2
     -fimplicit-none -fbounds-check -funroll-loops -ftree-vectorize
     -ffpe-summary=invalid,zero,overflow,underflow -fno-unsafe-math-optimizations
     -frounding-math -fsignaling-nans -fopenmp.

   This problem will use 3 of 4 possible threads.


  INPUT --- proc title ;

     CPU Time in seconds for last procedure was 0.00


  INPUT --- proc chmatrix occasions= 30 groups= 1 etype= PoissonMR 
  INPUT --- icovar = 30 ICMeans NoHist  hist= 14 ;

  INPUT ---    time interval 0.2 0.2 0.2 0.2 2 0.2 0.2 0.2 0.2 2.5 0.2 0.2 
  INPUT ---    0.2 0.2 2.667 0.2 0.2 0.2  0.2 1.767 0.2 0.2 0.2 0.2 3.167 
  INPUT ---    0.2 0.2 0.2 0.2 ;

  INPUT ---     icovariates age.t1 age.t1.2 age.t1.4 age.t1.6  age.t1.8 
  INPUT ---    age.t3.8 age.t4 age.t4.2 age.t4.4 age.t4.6 age.t7.1 
  INPUT ---    age.t7.3 age.t7.5 age.t7.7 age.t7.9  age.t10.567 
  INPUT ---    age.t10.767 age.t10.967 age.t11.167 age.t11.367 age.t13.134 
  INPUT ---    age.t13.334 age.t13.534  age.t13.734 age.t13.934 
  INPUT ---    age.t17.101 age.t17.301 age.t17.501 age.t17.701 age.t17.901 
  INPUT ---    ;

  INPUT ---    glabel(1)=Group 1;

      Number of unique encounter histories read was 14.

      Number of individual covariates read was 30.
      Time interval lengths vary and/or not equal to 1.

      Data type number is 115
      Data type is Poisson Mark Resight with Robust Design                                                             

     CPU Time in seconds for last procedure was 0.00

  Program  MARK  - Survival Rate Estimation with Capture-Recapture Data
   gfortran(Win64) Vers. 8.1 Mar 2016    5-Aug-2016 15:43:25    Page  002
 - - - - - - - - - - - - - - - - - - - - - - - - - - - - - - - - - - - - - -
 


  INPUT --- proc estimate link=Parm-Specific NOLOOP varest=2ndPart    ;


  INPUT --- model={ alpha(~1 + age.t + 
  INPUT --- recordloss.agout.total)sigma(~1)U(~sample_month)Phi(~1)Gamma
  INPUT --- ''(~1)Gamma'(~1) };

  INPUT ---    fixed=2;
  INPUT ---        parm(41)=1 ;
  INPUT ---        parm(42)=0 ;

  INPUT ---    group=1 alpha    rows=1 cols=30 Square ;
  INPUT ---        1 2 3 4 5 6 7 8 9 10 11 12 13 14 15 16 17 18 19 20 21 22 
  INPUT ---       23 24 25 26 27 28 29 30 ;

  INPUT ---    group=1 sigma    rows=1 cols=30 Square ;
  INPUT ---        31 31 31 31 31 31 31 31 31 31 31 31 31 31 31 31 31 31 31 
  INPUT ---       31 31 31 31 31 31 31 31 31 31 31 ;

  INPUT ---    group=1 U    rows=1 cols=30 Square ;
  INPUT ---        32 32 32 32 32 33 33 33 33 33 34 34 34 34 34 35 35 35 35 
  INPUT ---       35 36 36 36 36 36 37 37 37 37 37 ;

  INPUT ---    group=1 Phi    rows=29 cols=29 Triang ;
  INPUT ---        41 41 41 41 38 41 41 41 41 38 41 41 41 41 38 41 41 41 41 
  INPUT ---       38 41 41 41 41 38 41 41 41 41 ;
  INPUT ---        41 41 41 41 41 41 41 41 41 41 41 41 41 41 41 41 41 41 41 
  INPUT ---       41 41 41 41 41 41 41 41 41 ;
  INPUT ---        41 41 41 41 41 41 41 41 41 41 41 41 41 41 41 41 41 41 41 
  INPUT ---       41 41 41 41 41 41 41 41 ;
  INPUT ---        41 41 41 41 41 41 41 41 41 41 41 41 41 41 41 41 41 41 41 
  INPUT ---       41 41 41 41 41 41 41 ;
  INPUT ---        41 41 41 41 41 41 41 41 41 41 41 41 41 41 41 41 41 41 41 
  INPUT ---       41 41 41 41 41 41 ;
  INPUT ---        41 41 41 41 38 41 41 41 41 38 41 41 41 41 38 41 41 41 41 
  INPUT ---       38 41 41 41 41 ;
  INPUT ---        41 41 41 41 41 41 41 41 41 41 41 41 41 41 41 41 41 41 41 
  INPUT ---       41 41 41 41 ;
  INPUT ---        41 41 41 41 41 41 41 41 41 41 41 41 41 41 41 41 41 41 41 
  INPUT ---       41 41 41 ;
  INPUT ---        41 41 41 41 41 41 41 41 41 41 41 41 41 41 41 41 41 41 41 
  INPUT ---       41 41 ;
  INPUT ---        41 41 41 41 41 41 41 41 41 41 41 41 41 41 41 41 41 41 41 
  INPUT ---       41 ;

  Program  MARK  - Survival Rate Estimation with Capture-Recapture Data
   gfortran(Win64) Vers. 8.1 Mar 2016    5-Aug-2016 15:43:25    Page  003
 - - - - - - - - - - - - - - - - - - - - - - - - - - - - - - - - - - - - - -
 
  INPUT ---        41 41 41 41 38 41 41 41 41 38 41 41 41 41 38 41 41 41 41 ;
  INPUT ---        41 41 41 41 41 41 41 41 41 41 41 41 41 41 41 41 41 41 ;
  INPUT ---        41 41 41 41 41 41 41 41 41 41 41 41 41 41 41 41 41 ;
  INPUT ---        41 41 41 41 41 41 41 41 41 41 41 41 41 41 41 41 ;
  INPUT ---        41 41 41 41 41 41 41 41 41 41 41 41 41 41 41 ;
  INPUT ---        41 41 41 41 38 41 41 41 41 38 41 41 41 41 ;
  INPUT ---        41 41 41 41 41 41 41 41 41 41 41 41 41 ;
  INPUT ---        41 41 41 41 41 41 41 41 41 41 41 41 ;
  INPUT ---        41 41 41 41 41 41 41 41 41 41 41 ;
  INPUT ---        41 41 41 41 41 41 41 41 41 41 ;
  INPUT ---        41 41 41 41 38 41 41 41 41 ;
  INPUT ---        41 41 41 41 41 41 41 41 ;
  INPUT ---        41 41 41 41 41 41 41 ;
  INPUT ---        41 41 41 41 41 41 ;
  INPUT ---        41 41 41 41 41 ;
  INPUT ---        41 41 41 41 ;
  INPUT ---        41 41 41 ;
  INPUT ---        41 41 ;
  INPUT ---        41 ;

  INPUT ---    group=1 Gamma''    rows=29 cols=29 Triang ;
  INPUT ---        42 42 42 42 39 42 42 42 42 39 42 42 42 42 39 42 42 42 42 
  INPUT ---       39 42 42 42 42 39 42 42 42 42 ;
  INPUT ---        42 42 42 42 42 42 42 42 42 42 42 42 42 42 42 42 42 42 42 
  INPUT ---       42 42 42 42 42 42 42 42 42 ;
  INPUT ---        42 42 42 42 42 42 42 42 42 42 42 42 42 42 42 42 42 42 42 
  INPUT ---       42 42 42 42 42 42 42 42 ;
  INPUT ---        42 42 42 42 42 42 42 42 42 42 42 42 42 42 42 42 42 42 42 
  INPUT ---       42 42 42 42 42 42 42 ;
  INPUT ---        42 42 42 42 42 42 42 42 42 42 42 42 42 42 42 42 42 42 42 
  INPUT ---       42 42 42 42 42 42 ;
  INPUT ---        42 42 42 42 39 42 42 42 42 39 42 42 42 42 39 42 42 42 42 
  INPUT ---       39 42 42 42 42 ;
  INPUT ---        42 42 42 42 42 42 42 42 42 42 42 42 42 42 42 42 42 42 42 
  INPUT ---       42 42 42 42 ;
  INPUT ---        42 42 42 42 42 42 42 42 42 42 42 42 42 42 42 42 42 42 42 
  INPUT ---       42 42 42 ;
  INPUT ---        42 42 42 42 42 42 42 42 42 42 42 42 42 42 42 42 42 42 42 
  INPUT ---       42 42 ;
  INPUT ---        42 42 42 42 42 42 42 42 42 42 42 42 42 42 42 42 42 42 42 
  INPUT ---       42 ;
  INPUT ---        42 42 42 42 39 42 42 42 42 39 42 42 42 42 39 42 42 42 42 ;
  INPUT ---        42 42 42 42 42 42 42 42 42 42 42 42 42 42 42 42 42 42 ;
  INPUT ---        42 42 42 42 42 42 42 42 42 42 42 42 42 42 42 42 42 ;
  INPUT ---        42 42 42 42 42 42 42 42 42 42 42 42 42 42 42 42 ;
  INPUT ---        42 42 42 42 42 42 42 42 42 42 42 42 42 42 42 ;

  Program  MARK  - Survival Rate Estimation with Capture-Recapture Data
   gfortran(Win64) Vers. 8.1 Mar 2016    5-Aug-2016 15:43:25    Page  004
 - - - - - - - - - - - - - - - - - - - - - - - - - - - - - - - - - - - - - -
 
  INPUT ---        42 42 42 42 39 42 42 42 42 39 42 42 42 42 ;
  INPUT ---        42 42 42 42 42 42 42 42 42 42 42 42 42 ;
  INPUT ---        42 42 42 42 42 42 42 42 42 42 42 42 ;
  INPUT ---        42 42 42 42 42 42 42 42 42 42 42 ;
  INPUT ---        42 42 42 42 42 42 42 42 42 42 ;
  INPUT ---        42 42 42 42 39 42 42 42 42 ;
  INPUT ---        42 42 42 42 42 42 42 42 ;
  INPUT ---        42 42 42 42 42 42 42 ;
  INPUT ---        42 42 42 42 42 42 ;
  INPUT ---        42 42 42 42 42 ;
  INPUT ---        42 42 42 42 ;
  INPUT ---        42 42 42 ;
  INPUT ---        42 42 ;
  INPUT ---        42 ;

  INPUT ---    group=1 Gamma'    rows=28 cols=28 Triang ;
  INPUT ---        42 42 42 40 42 42 42 42 40 42 42 42 42 40 42 42 42 42 40 
  INPUT ---       42 42 42 42 40 42 42 42 42 ;
  INPUT ---        42 42 42 42 42 42 42 42 42 42 42 42 42 42 42 42 42 42 42 
  INPUT ---       42 42 42 42 42 42 42 42 ;
  INPUT ---        42 42 42 42 42 42 42 42 42 42 42 42 42 42 42 42 42 42 42 
  INPUT ---       42 42 42 42 42 42 42 ;
  INPUT ---        42 42 42 42 42 42 42 42 42 42 42 42 42 42 42 42 42 42 42 
  INPUT ---       42 42 42 42 42 42 ;
  INPUT ---        42 42 42 42 42 42 42 42 42 42 42 42 42 42 42 42 42 42 42 
  INPUT ---       42 42 42 42 42 ;
  INPUT ---        42 42 42 40 42 42 42 42 40 42 42 42 42 40 42 42 42 42 40 
  INPUT ---       42 42 42 42 ;
  INPUT ---        42 42 42 42 42 42 42 42 42 42 42 42 42 42 42 42 42 42 42 
  INPUT ---       42 42 42 ;
  INPUT ---        42 42 42 42 42 42 42 42 42 42 42 42 42 42 42 42 42 42 42 
  INPUT ---       42 42 ;
  INPUT ---        42 42 42 42 42 42 42 42 42 42 42 42 42 42 42 42 42 42 42 
  INPUT ---       42 ;
  INPUT ---        42 42 42 42 42 42 42 42 42 42 42 42 42 42 42 42 42 42 42 ;
  INPUT ---        42 42 42 40 42 42 42 42 40 42 42 42 42 40 42 42 42 42 ;
  INPUT ---        42 42 42 42 42 42 42 42 42 42 42 42 42 42 42 42 42 ;
  INPUT ---        42 42 42 42 42 42 42 42 42 42 42 42 42 42 42 42 ;
  INPUT ---        42 42 42 42 42 42 42 42 42 42 42 42 42 42 42 ;
  INPUT ---        42 42 42 42 42 42 42 42 42 42 42 42 42 42 ;
  INPUT ---        42 42 42 40 42 42 42 42 40 42 42 42 42 ;
  INPUT ---        42 42 42 42 42 42 42 42 42 42 42 42 ;
  INPUT ---        42 42 42 42 42 42 42 42 42 42 42 ;
  INPUT ---        42 42 42 42 42 42 42 42 42 42 ;
  INPUT ---        42 42 42 42 42 42 42 42 42 ;
  INPUT ---        42 42 42 40 42 42 42 42 ;

  Program  MARK  - Survival Rate Estimation with Capture-Recapture Data
   gfortran(Win64) Vers. 8.1 Mar 2016    5-Aug-2016 15:43:25    Page  005
 - - - - - - - - - - - - - - - - - - - - - - - - - - - - - - - - - - - - - -
 
  INPUT ---        42 42 42 42 42 42 42 ;
  INPUT ---        42 42 42 42 42 42 ;
  INPUT ---        42 42 42 42 42 ;
  INPUT ---        42 42 42 42 ;
  INPUT ---        42 42 42 ;
  INPUT ---        42 42 ;
  INPUT ---        42 ;

  INPUT ---    initial  0.8492118 0 0 -0.3123225 3.139572 0 0 0 0 0 
  INPUT ---    2.0066797 -2.9445172 17.724958  ;

  INPUT ---    design matrix constraints=42 covariates=13;
  INPUT ---        1 age.t1 0.186046511627907 0 0 0 0 0 0 0 0 0 0;
  INPUT ---        1 age.t1.2 0.127659574468085 0 0 0 0 0 0 0 0 0 0;
  INPUT ---        1 age.t1.4 0.08 0 0 0 0 0 0 0 0 0 0;
  INPUT ---        1 age.t1.6 0.166666666666667 0 0 0 0 0 0 0 0 0 0;
  INPUT ---        1 age.t1.8 0.169230769230769 0 0 0 0 0 0 0 0 0 0;
  INPUT ---        1 age.t3.8 0.0615384615384615 0 0 0 0 0 0 0 0 0 0;
  INPUT ---        1 age.t4 0.0776699029126214 0 0 0 0 0 0 0 0 0 0;
  INPUT ---        1 age.t4.2 0.170212765957447 0 0 0 0 0 0 0 0 0 0;
  INPUT ---        1 age.t4.4 0.0666666666666667 0 0 0 0 0 0 0 0 0 0;
  INPUT ---        1 age.t4.6 0.0894308943089431 0 0 0 0 0 0 0 0 0 0;
  INPUT ---        1 age.t7.1 0.08 0 0 0 0 0 0 0 0 0 0;
  INPUT ---        1 age.t7.3 0.135135135135135 0 0 0 0 0 0 0 0 0 0;
  INPUT ---        1 age.t7.5 0.213740458015267 0 0 0 0 0 0 0 0 0 0;
  INPUT ---        1 age.t7.7 0.0869565217391304 0 0 0 0 0 0 0 0 0 0;
  INPUT ---        1 age.t7.9 0.131428571428571 0 0 0 0 0 0 0 0 0 0;
  INPUT ---        1 age.t10.567 0.167441860465116 0 0 0 0 0 0 0 0 0 0;
  INPUT ---        1 age.t10.767 0.155 0 0 0 0 0 0 0 0 0 0;
  INPUT ---        1 age.t10.967 0.168831168831169 0 0 0 0 0 0 0 0 0 0;
  INPUT ---        1 age.t11.167 0.231182795698925 0 0 0 0 0 0 0 0 0 0;
  INPUT ---        1 age.t11.367 0.224489795918367 0 0 0 0 0 0 0 0 0 0;
  INPUT ---        1 age.t13.134 0.125827814569536 0 0 0 0 0 0 0 0 0 0;
  INPUT ---        1 age.t13.334 0.201612903225806 0 0 0 0 0 0 0 0 0 0;
  INPUT ---        1 age.t13.534 0.244604316546763 0 0 0 0 0 0 0 0 0 0;
  INPUT ---        1 age.t13.734 0.282828282828283 0 0 0 0 0 0 0 0 0 0;
  INPUT ---        1 age.t13.934 0.314516129032258 0 0 0 0 0 0 0 0 0 0;
  INPUT ---        1 age.t17.101 0.137254901960784 0 0 0 0 0 0 0 0 0 0;
  INPUT ---        1 age.t17.301 0.266129032258065 0 0 0 0 0 0 0 0 0 0;
  INPUT ---        1 age.t17.501 0.198581560283688 0 0 0 0 0 0 0 0 0 0;
  INPUT ---        1 age.t17.701 0.293333333333333 0 0 0 0 0 0 0 0 0 0;
  INPUT ---        1 age.t17.901 0.202453987730061 0 0 0 0 0 0 0 0 0 0;
  INPUT ---        0 0 0 1 0 0 0 0 0 0 0 0 0;
  INPUT ---        0 0 0 0 1 0 0 0 0 0 0 0 0;
  INPUT ---        0 0 0 0 1 1 0 0 0 0 0 0 0;
  INPUT ---        0 0 0 0 1 0 1 0 0 0 0 0 0;

  Program  MARK  - Survival Rate Estimation with Capture-Recapture Data
   gfortran(Win64) Vers. 8.1 Mar 2016    5-Aug-2016 15:43:25    Page  006
 - - - - - - - - - - - - - - - - - - - - - - - - - - - - - - - - - - - - - -
 
  INPUT ---        0 0 0 0 1 0 0 1 0 0 0 0 0;
  INPUT ---        0 0 0 0 1 0 0 0 1 0 0 0 0;
  INPUT ---        0 0 0 0 1 0 0 0 0 1 0 0 0;
  INPUT ---        0 0 0 0 0 0 0 0 0 0 1 0 0;
  INPUT ---        0 0 0 0 0 0 0 0 0 0 0 1 0;
  INPUT ---        0 0 0 0 0 0 0 0 0 0 0 0 1;
  INPUT ---        0 0 0 0 0 0 0 0 0 0 0 0 0;
  INPUT ---        0 0 0 0 0 0 0 0 0 0 0 0 0;

  INPUT ---    links=42;

  INPUT ---    Log;

  INPUT ---    Log;

  INPUT ---    Log;

  INPUT ---    Log;

  INPUT ---    Log;

  INPUT ---    Log;

  INPUT ---    Log;

  INPUT ---    Log;

  INPUT ---    Log;

  INPUT ---    Log;

  INPUT ---    Log;

  INPUT ---    Log;

  INPUT ---    Log;

  INPUT ---    Log;

  INPUT ---    Log;

  INPUT ---    Log;

  INPUT ---    Log;

  INPUT ---    Log;

  Program  MARK  - Survival Rate Estimation with Capture-Recapture Data
   gfortran(Win64) Vers. 8.1 Mar 2016    5-Aug-2016 15:43:25    Page  007
 - - - - - - - - - - - - - - - - - - - - - - - - - - - - - - - - - - - - - -
 

  INPUT ---    Log;

  INPUT ---    Log;

  INPUT ---    Log;

  INPUT ---    Log;

  INPUT ---    Log;

  INPUT ---    Log;

  INPUT ---    Log;

  INPUT ---    Log;

  INPUT ---    Log;

  INPUT ---    Log;

  INPUT ---    Log;

  INPUT ---    Log;

  INPUT ---    Log;

  INPUT ---    Log;

  INPUT ---    Log;

  INPUT ---    Log;

  INPUT ---    Log;

  INPUT ---    Log;

  INPUT ---    Log;

  INPUT ---    Logit;

  INPUT ---    Logit;

  INPUT ---    Logit;

  INPUT ---    Logit;

  Program  MARK  - Survival Rate Estimation with Capture-Recapture Data
   gfortran(Win64) Vers. 8.1 Mar 2016    5-Aug-2016 15:43:25    Page  008
 - - - - - - - - - - - - - - - - - - - - - - - - - - - - - - - - - - - - - -
 

  INPUT ---    Logit;
  INPUT ---       blabel(1)=alpha:(Intercept);
  INPUT ---       blabel(2)=alpha:age.t;
  INPUT ---       blabel(3)=alpha:recordloss.agout.total;
  INPUT ---       blabel(4)=sigma:(Intercept);
  INPUT ---       blabel(5)=U:(Intercept);
  INPUT ---       blabel(6)=U:sample_monthB;
  INPUT ---       blabel(7)=U:sample_monthC;
  INPUT ---       blabel(8)=U:sample_monthD;
  INPUT ---       blabel(9)=U:sample_monthE;
  INPUT ---       blabel(10)=U:sample_monthF;
  INPUT ---       blabel(11)=Phi:(Intercept);
  INPUT ---       blabel(12)=GammaDoublePrime:(Intercept);
  INPUT ---       blabel(13)=GammaPrime:(Intercept);
  INPUT ---       rlabel(1)=alpha g1 a0 t1;
  INPUT ---       rlabel(2)=alpha g1 a0.2 t1.2;
  INPUT ---       rlabel(3)=alpha g1 a0.4 t1.4;
  INPUT ---       rlabel(4)=alpha g1 a0.6 t1.6;
  INPUT ---       rlabel(5)=alpha g1 a0.8 t1.8;
  INPUT ---       rlabel(6)=alpha g1 a2.8 t3.8;
  INPUT ---       rlabel(7)=alpha g1 a3 t4;
  INPUT ---       rlabel(8)=alpha g1 a3.2 t4.2;
  INPUT ---       rlabel(9)=alpha g1 a3.4 t4.4;
  INPUT ---       rlabel(10)=alpha g1 a3.6 t4.6;
  INPUT ---       rlabel(11)=alpha g1 a6.1 t7.1;
  INPUT ---       rlabel(12)=alpha g1 a6.3 t7.3;
  INPUT ---       rlabel(13)=alpha g1 a6.5 t7.5;
  INPUT ---       rlabel(14)=alpha g1 a6.7 t7.7;
  INPUT ---       rlabel(15)=alpha g1 a6.9 t7.9;
  INPUT ---       rlabel(16)=alpha g1 a9.567 t10.567;
  INPUT ---       rlabel(17)=alpha g1 a9.767 t10.767;
  INPUT ---       rlabel(18)=alpha g1 a9.967 t10.967;
  INPUT ---       rlabel(19)=alpha g1 a10.167 t11.167;
  INPUT ---       rlabel(20)=alpha g1 a10.367 t11.367;
  INPUT ---       rlabel(21)=alpha g1 a12.134 t13.134;
  INPUT ---       rlabel(22)=alpha g1 a12.334 t13.334;
  INPUT ---       rlabel(23)=alpha g1 a12.534 t13.534;
  INPUT ---       rlabel(24)=alpha g1 a12.734 t13.734;
  INPUT ---       rlabel(25)=alpha g1 a12.934 t13.934;
  INPUT ---       rlabel(26)=alpha g1 a16.101 t17.101;
  INPUT ---       rlabel(27)=alpha g1 a16.301 t17.301;
  INPUT ---       rlabel(28)=alpha g1 a16.501 t17.501;
  INPUT ---       rlabel(29)=alpha g1 a16.701 t17.701;
  INPUT ---       rlabel(30)=alpha g1 a16.901 t17.901;
  INPUT ---       rlabel(31)=sigma g1 a0 t1;

  Program  MARK  - Survival Rate Estimation with Capture-Recapture Data
   gfortran(Win64) Vers. 8.1 Mar 2016    5-Aug-2016 15:43:26    Page  009
 - - - - - - - - - - - - - - - - - - - - - - - - - - - - - - - - - - - - - -
 
  INPUT ---       rlabel(32)=U g1 a0 t1;
  INPUT ---       rlabel(33)=U g1 a2.8 t3.8;
  INPUT ---       rlabel(34)=U g1 a6.1 t7.1;
  INPUT ---       rlabel(35)=U g1 a9.567 t10.567;
  INPUT ---       rlabel(36)=U g1 a12.134 t13.134;
  INPUT ---       rlabel(37)=U g1 a16.101 t17.101;
  INPUT ---       rlabel(38)=Phi g1 c1 a0.8 t1.8;
  INPUT ---       rlabel(39)=Gamma'' g1 c1 a0.8 t1.8;
  INPUT ---       rlabel(40)=Gamma' g1 c1 a0.8 t1.8;
  INPUT ---       rlabel(41)=Phi g1 c1 a0 t1;
  INPUT ---       rlabel(42)=Gamma'' g1 c1 a0 t1;

 Link Function Used is PARM-SPECIFIC

 Variance Estimation Procedure Used is 2ndPart 

 M(t+1):
 Group=Group 1                                                                         
       3      3      3      2      3      5      5      5      2      5      5
       4      4      4      4     10      7      7      7      5      5      5
       5      3      4      5      5      5      4      5


 -2logL(saturated) = -0.0000000    
 Effective Sample Size = 169
 Results from first iteration:
  -2logL Initial { alpha(~1 + age.t + recordloss.agout.total)sigma(~1)U(~sample_month)Phi(~1)Gamma''(~1)Gamma'(~1) } = 1138.4459     
  Penalty Initial { alpha(~1 + age.t + recordloss.agout.total)sigma(~1)U(~sample_month)Phi(~1)Gamma''(~1)Gamma'(~1) } = -0.0000000    

 Number of function evaluations was 25 for 13 parameters.
 Time for numerical optimization was 2.59 seconds.
 -2logL { alpha(~1 + age.t + recordloss.agout.total)sigma(~1)U(~sample_month)Phi(~1)Gamma''(~1)Gamma'(~1) } = 1064.8395     
 Penalty { alpha(~1 + age.t + recordloss.agout.total)sigma(~1)U(~sample_month)Phi(~1)Gamma''(~1)Gamma'(~1) } = -0.0000000    

   * *  WARNING  * *   Numerical underflow occurred during optimization of this model. 
     IEEE flag status at end of optimization:
     overflow       F
     divide by zero F
     invalid        F
     underflow      T
     inexact        T

 Gradient { alpha(~1 + age.t + recordloss.agout.total)sigma(~1)U(~sample_month)Phi(~1)Gamma''(~1)Gamma'(~1) }:
   0.000000     0.5687425E-04-0.1320923E-04 0.1331116E-04 0.1302629E-04
  0.1710554E-04 0.1434807E-04 0.1206117E-04  0.000000      0.000000    
   0.000000     0.5764424E-05  0.000000    
 S Vector { alpha(~1 + age.t + recordloss.agout.total)sigma(~1)U(~sample_month)Phi(~1)Gamma''(~1)Gamma'(~1) }:
   4041.074      330.7394      289.5267      259.1504      239.9914    
   168.6592      66.12747      22.71369      15.53942      6.136888    
   3.734449     0.9500009     0.1080805E-07
 Time to compute number of parameters was 1.83 seconds.
   Threshold =  0.2800000E-06     Condition index =  0.2674548E-11     New Threshold =  0.3896897E-07

  Program  MARK  - Survival Rate Estimation with Capture-Recapture Data
   gfortran(Win64) Vers. 8.1 Mar 2016    5-Aug-2016 15:43:29    Page  010
 - - - - - - - - - - - - - - - - - - - - - - - - - - - - - - - - - - - - - -
 
 New Guessimate of Estimated Parameters { alpha(~1 + age.t + recordloss.agout.total)sigma(~1)U(~sample_month)Phi(~1)Gamma''(~1)Gamma'(~1) } = 12          
 Conditioned S Vector { alpha(~1 + age.t + recordloss.agout.total)sigma(~1)U(~sample_month)Phi(~1)Gamma''(~1)Gamma'(~1) }:
   1.000000     0.8184444E-01 0.7164598E-01 0.6412910E-01 0.5938802E-01
  0.4173624E-01 0.1636384E-01 0.5620707E-02 0.3845369E-02 0.1518628E-02
  0.9241230E-03 0.2350862E-03 0.2674548E-11
 Number of Estimated Parameters { alpha(~1 + age.t + recordloss.agout.total)sigma(~1)U(~sample_month)Phi(~1)Gamma''(~1)Gamma'(~1) } = 12          
 DEVIANCE { alpha(~1 + age.t + recordloss.agout.total)sigma(~1)U(~sample_month)Phi(~1)Gamma''(~1)Gamma'(~1) } = 1064.8395                     
 DEVIANCE Degrees of Freedom { alpha(~1 + age.t + recordloss.agout.total)sigma(~1)U(~sample_month)Phi(~1)Gamma''(~1)Gamma'(~1) } = 2            
 c-hat { alpha(~1 + age.t + recordloss.agout.total)sigma(~1)U(~sample_month)Phi(~1)Gamma''(~1)Gamma'(~1) } = 532.41973                     
 AIC { alpha(~1 + age.t + recordloss.agout.total)sigma(~1)U(~sample_month)Phi(~1)Gamma''(~1)Gamma'(~1) } = 1088.8395                  
 AICc { alpha(~1 + age.t + recordloss.agout.total)sigma(~1)U(~sample_month)Phi(~1)Gamma''(~1)Gamma'(~1) } = 1090.8395                    
 BIC { alpha(~1 + age.t + recordloss.agout.total)sigma(~1)U(~sample_month)Phi(~1)Gamma''(~1)Gamma'(~1) } = 1126.3982                    
 Pearson Chisquare { alpha(~1 + age.t + recordloss.agout.total)sigma(~1)U(~sample_month)Phi(~1)Gamma''(~1)Gamma'(~1) } = 0.2943209E+034             

   * *  WARNING  * *   Numerical underflow occurred during variance-covariance calculation of this model. 
     IEEE flag status at end of variance-covariance calculation:
     overflow       F
     divide by zero F
     invalid        F
     underflow      T
     inexact        T



 PARM-SPECIFIC Link Function Parameters of { alpha(~1 + age.t + recordloss.agout.total)sigma(~1)U(~sample_month)Phi(~1)Gamma''(~1)Gamma'(~1) }
                                                              95% Confidence Interval
 Parameter                    Beta         Standard Error      Lower           Upper
 -------------------------  --------------  --------------  --------------  --------------
    1:alpha:(Intercept)     1.2872738       0.1805325       0.9334301       1.6411174     
    2:alpha:age.t           0.1993489       0.1537741       -0.1020484      0.5007461     
    3:alpha:recordloss.ago  -2.4426470      0.5045814       -3.4316265      -1.4536675    
    4:sigma:(Intercept)     -0.7081441      0.1248686       -0.9528866      -0.4634016    
    5:U:(Intercept)         2.4909964       0.1129769       2.2695617       2.7124311     
    6:U:sample_monthB       0.3292400       0.1257073       0.0828536       0.5756263     
    7:U:sample_monthC       0.5846986       0.1192840       0.3509021       0.8184952     
    8:U:sample_monthD       0.8851708       0.1147591       0.6602430       1.1100986     
    9:U:sample_monthE       0.4822336       0.1217244       0.2436538       0.7208135     
   10:U:sample_monthF       0.8440100       0.1214230       0.6060210       1.0819991     
   11:Phi:(Intercept)       2.0066597       0.4036695       1.2154675       2.7978518     
   12:GammaDoublePrime:(In  -2.9444329      1.0259779       -4.9553496      -0.9335162    
   13:GammaPrime:(Intercep  17.724958       9618.9216       -18835.362      18870.812     


 Real Function Parameters of { alpha(~1 + age.t + recordloss.agout.total)sigma(~1)U(~sample_month)Phi(~1)Gamma''(~1)Gamma'(~1) }

  Program  MARK  - Survival Rate Estimation with Capture-Recapture Data
   gfortran(Win64) Vers. 8.1 Mar 2016    5-Aug-2016 15:43:29    Page  011
 - - - - - - - - - - - - - - - - - - - - - - - - - - - - - - - - - - - - - -
 

      Following estimates based on unstandardized individual covariate values:
          Variable   Value         
          ---------  ------------- 
          AGE.T1     1.0000000     
          AGE.T1.2   1.0000000     
          AGE.T1.4   1.0000000     
          AGE.T1.6   1.0000000     
          AGE.T1.8   1.0000000     
          AGE.T3.8   1.0000000     
          AGE.T4     1.0000000     
          AGE.T4.2   1.0000000     
          AGE.T4.4   1.0000000     
          AGE.T4.6   1.0000000     
          AGE.T7.1   0.8333333     
          AGE.T7.3   0.8333333     
          AGE.T7.5   0.8333333     
          AGE.T7.7   0.8333333     
          AGE.T7.9   0.8333333     
          AGE.T10.56 0.6666667     
          AGE.T10.76 0.6666667     
          AGE.T10.96 0.6666667     
          AGE.T11.16 0.6666667     
          AGE.T11.36 0.6666667     
          AGE.T13.13 1.0000000     
          AGE.T13.33 1.0000000     
          AGE.T13.53 1.0000000     
          AGE.T13.73 1.0000000     
          AGE.T13.93 1.0000000     
          AGE.T17.10 0.9230769     
          AGE.T17.30 0.9230769     
          AGE.T17.50 0.9230769     
          AGE.T17.70 0.9230769     
          AGE.T17.90 0.9230769     
                                                               95% Confidence Interval
  Parameter                  Estimate       Standard Error      Lower           Upper
 --------------------------  --------------  --------------  --------------  --------------
     1:alpha g1 a0 t1        2.8071695       0.2071577       2.4296154       3.2433941                           
     2:alpha g1 a0.2 t1.2    3.2374803       0.2455091       2.7909301       3.7554788                           
     3:alpha g1 a0.4 t1.4    3.6371880       0.3104708       3.0777801       4.2982722                           
     4:alpha g1 a0.6 t1.6    2.9432511       0.2153721       2.5504848       3.3965022                           
     5:alpha g1 a0.8 t1.8    2.9248745       0.2140493       2.5345234       3.3753451                           
     6:alpha g1 a2.8 t3.8    3.8049615       0.3443857       3.1876013       4.5418892                           
     7:alpha g1 a3 t4        3.6579485       0.3144790       3.0916614       4.3279601                           
     8:alpha g1 a3.2 t4.2    2.9178671       0.2135626       2.5284071       3.3673172                           
     9:alpha g1 a3.4 t4.4    3.7575964       0.3344687       3.1571236       4.4722767                           
    10:alpha g1 a3.6 t4.6    3.5543582       0.2950478       3.0215014       4.1811869                           
    11:alpha g1 a6.1 t7.1    3.5183286       0.3000684       2.9776247       4.1572184                           
    12:alpha g1 a6.3 t7.3    3.0750168       0.2289854       2.6579575       3.5575168                           

  Program  MARK  - Survival Rate Estimation with Capture-Recapture Data
   gfortran(Win64) Vers. 8.1 Mar 2016    5-Aug-2016 15:43:29    Page  012
 - - - - - - - - - - - - - - - - - - - - - - - - - - - - - - - - - - - - - -
 
    13:alpha g1 a6.5 t7.5    2.5378197       0.1925614       2.1875898       2.9441209                           
    14:alpha g1 a6.7 t7.7    3.4590491       0.2887937       2.9377346       4.0728733                           
    15:alpha g1 a6.9 t7.9    3.1029839       0.2324738       2.6797608       3.5930480                           
    16:alpha g1 a9.567 t10.  2.7488198       0.2209729       2.3487053       3.2170959                           
    17:alpha g1 a9.767 t10.  2.8336417       0.2289003       2.4193337       3.3188995                           
    18:alpha g1 a9.967 t10.  2.7395072       0.2201877       2.3408093       3.2061133                           
    19:alpha g1 a10.167 t11  2.3524916       0.2020347       1.9886522       2.7828984                           
    20:alpha g1 a10.367 t11  2.3912678       0.2026585       2.0258958       2.8225349                           
    21:alpha g1 a12.134 t13  3.2519984       0.2474160       2.8020901       3.7741446                           
    22:alpha g1 a12.334 t13  2.7024357       0.2032701       2.3324874       3.1310602                           
    23:alpha g1 a12.534 t13  2.4330379       0.2018631       2.0684574       2.8618782                           
    24:alpha g1 a12.734 t13  2.2161533       0.2074678       1.8453803       2.6614220                           
    25:alpha g1 a12.934 t13  2.0510887       0.2140109       1.6726637       2.5151291                           
    26:alpha g1 a16.101 t17  3.1143573       0.2285408       2.6976614       3.5954185                           
    27:alpha g1 a16.301 t17  2.2732916       0.1980903       1.9169992       2.6958042                           
    28:alpha g1 a16.501 t17  2.6810900       0.1966737       2.3224875       3.0950625                           
    29:alpha g1 a16.701 t17  2.1271399       0.2033637       1.7644165       2.5644309                           
    30:alpha g1 a16.901 t17  2.6558492       0.1959778       2.2986693       3.0685298                           
    31:sigma g1 a0 t1        0.4925575       0.0615050       0.3859912       0.6285450                           
    32:U g1 a0 t1            12.073300       1.3640038       9.6819515       15.055289                           
    33:U g1 a2.8 t3.8        16.780817       1.7634576       13.664890       20.607252                           
    34:U g1 a6.1 t7.1        21.664935       1.8196538       18.381826       25.534429                           
    35:U g1 a9.567 t10.567   29.258415       2.1341239       25.365587       33.748671                           
    36:U g1 a12.134 t13.134  19.554982       1.6466363       16.584671       23.057275                           
    37:U g1 a16.101 t17.101  28.078564       2.2903313       23.936316       32.937640                           
    38:Phi g1 c1 a0.8 t1.8   0.8814945       0.0421681       0.7712649       0.9425596                           
    39:Gamma'' g1 c1 a0.8 t  0.0500003       0.0487342       0.0069963       0.2822119                           
    40:Gamma' g1 c1 a0.8 t1  1.0000000       0.1928745E-003  0.4917157E-296  1.0000000                           
    41:Phi g1 c1 a0 t1       1.0000000       0.0000000       1.0000000       1.0000000       Fixed               
    42:Gamma'' g1 c1 a0 t1   0.0000000       0.0000000       0.0000000       0.0000000       Fixed               

  Program  MARK  - Survival Rate Estimation with Capture-Recapture Data
   gfortran(Win64) Vers. 8.1 Mar 2016    5-Aug-2016 15:43:29    Page  013
 - - - - - - - - - - - - - - - - - - - - - - - - - - - - - - - - - - - - - -
 


                      Estimates of Derived Parameters
 Population Estimates of { alpha(~1 + age.t + recordloss.agout.total)sigma(~1)U(~sample_month)Phi(~1)Gamma''(~1)Gamma'(~1) }
                                                95% Confidence Interval
 Grp. Occ.   N-hat           Standard Error      Lower           Upper
 ---- ----   --------------  --------------  --------------  --------------
   1     1   15.073300       1.3640045       12.628085       17.991991     
   1     2   15.073300       1.3640045       12.628085       17.991991     
   1     3   15.073300       1.3640045       12.628085       17.991991     
   1     4   14.255283       1.3795937       11.797471       17.225141     
   1     5   15.073300       1.3640045       12.628085       17.991991     
   1     6   21.780817       1.7634580       18.589552       25.519927     
   1     7   21.780817       1.7634580       18.589552       25.519927     
   1     8   21.780817       1.7634580       18.589552       25.519927     
   1     9   18.884792       1.7791387       15.707100       22.705360     
   1    10   21.780817       1.7634580       18.589552       25.519927     
   1    11   26.977720       1.8652340       23.562557       30.887878     
   1    12   26.011848       1.8614749       22.611725       29.923248     
   1    13   26.181278       1.8658684       22.772134       30.100795     
   1    14   25.931774       1.8578696       22.538510       29.835906     
   1    15   26.005094       1.8612201       22.605465       29.915992     
   1    16   36.942606       2.2109186       32.857153       41.536044     
   1    17   36.942817       2.2126076       32.854426       41.539966     
   1    18   36.947527       2.2114009       32.861203       41.541990     
   1    19   37.255073       2.2438698       33.110297       41.918695     
   1    20   34.869172       2.1993178       30.818091       39.452772     
   1    21   23.846948       1.6719652       20.788595       27.355237     
   1    22   25.099847       1.7014067       21.980470       28.661913     
   1    23   25.228592       1.7190059       22.078044       28.828724     
   1    24   23.038959       1.7002812       19.940135       26.619361     
   1    25   24.300120       1.7342175       21.131828       27.943434     
   1    26   33.507033       2.3352895       29.233567       38.405208     
   1    27   33.888165       2.3867425       29.523715       38.897807     
   1    28   33.665301       2.3558430       29.355429       38.607934     
   1    29   32.825194       2.3813855       28.479650       37.833799     
   1    30   33.676626       2.3573571       29.364076       38.622538     
 Mean Resighting Rate Estimates of { alpha(~1 + age.t + recordloss.agout.total)sigma(~1)U(~sample_month)Phi(~1)Gamma''(~1)Gamma'(~1) }
                                                95% Confidence Interval
 Grp. Occ.   Lambda-hat      Standard Error      Lower           Upper
 ---- ----   --------------  --------------  --------------  --------------
   1     1   3.1692124       0.1897637       2.8185672       3.5634798     
   1     2   3.6550208       0.2298925       3.2314919       4.1340586     
   1     3   4.1062791       0.3057902       3.5493339       4.7506176     
   1     4   3.3228446       0.1970284       2.9585663       3.7319752     
   1     5   3.3020980       0.1957481       2.9401813       3.7085642     
   1     6   4.2956905       0.3455862       3.6699774       5.0280847     
   1     7   4.1297171       0.3104984       3.5645979       4.7844282     
   1     8   3.2941868       0.1952846       2.9331277       3.6996913     
   1     9   4.2422166       0.3339612       3.6365177       4.9488008     

  Program  MARK  - Survival Rate Estimation with Capture-Recapture Data
   gfortran(Win64) Vers. 8.1 Mar 2016    5-Aug-2016 15:43:29    Page  014
 - - - - - - - - - - - - - - - - - - - - - - - - - - - - - - - - - - - - - -
 
   1    10   4.0127667       0.2876708       3.4873800       4.6173048     
   1    11   4.3491432       0.2945184       3.8091344       4.9657073     
   1    12   3.7025067       0.2095469       3.3140490       4.1364977     
   1    13   3.3100129       0.1813461       2.9732326       3.6849406     
   1    14   4.6104946       0.2853877       4.0842084       5.2045974     
   1    15   4.4281864       0.2231505       4.0119686       4.8875844     
   1    16   3.6203800       0.2103642       3.2309883       4.0567004     
   1    17   4.1092841       0.2249199       3.6915607       4.5742757     
   1    18   3.8678640       0.2142672       3.4701850       4.3111166     
   1    19   3.2803285       0.2027327       2.9064314       3.7023256     
   1    20   3.2262731       0.1997150       2.8579778       3.6420290     
   1    21   5.0693718       0.2498463       4.6028515       5.5831761     
   1    22   3.4116650       0.1933893       3.0531916       3.8122266     
   1    23   3.0993380       0.2004702       2.7306642       3.5177873     
   1    24   3.0760289       0.2206689       2.6730307       3.5397851     
   1    25   4.0015554       0.2701943       3.5060493       4.5670908     
   1    26   3.8862458       0.2123846       3.4917702       4.3252865     
   1    27   2.5664798       0.1911259       2.2183766       2.9692067     
   1    28   3.5670367       0.1855606       3.2214869       3.9496515     
   1    29   3.0402104       0.2190829       2.6402365       3.5007770     
   1    30   3.5374839       0.1855533       3.1920953       3.9202441     
 Pr(Captured 1 or more times) of { alpha(~1 + age.t + recordloss.agout.total)sigma(~1)U(~sample_month)Phi(~1)Gamma''(~1)Gamma'(~1) }
                                                95% Confidence Interval
 Grp. Occ.      p*-hat       Standard Error      Lower           Upper
 ---- ----   --------------  --------------  --------------  --------------
   1     1   0.3028504       0.0059306       0.2913542       0.3145989     
   1     2   0.3104431       0.0051948       0.3003542       0.3207156     
   1     3   0.3155845       0.0047752       0.3063006       0.3250178     
   1     4   0.4582987       0.0084663       0.4417570       0.4749329     
   1     5   0.3051869       0.0056793       0.2941707       0.3164307     
   1     6   0.1903999       0.0027756       0.1850190       0.1958997     
   1     7   0.1894875       0.0028538       0.1839572       0.1951442     
   1     8   0.1830323       0.0034157       0.1764322       0.1898224     
   1     9   0.4752909       0.0070011       0.4615909       0.4890282     
   1    10   0.1887839       0.0029116       0.1831432       0.1945569     
   1    11   0.1916047       0.0023475       0.1870457       0.1962480     
   1    12   0.2337483       0.0037388       0.2265002       0.2411560     
   1    13   0.2306519       0.0039337       0.2230321       0.2384520     
   1    14   0.2416639       0.0024141       0.2369640       0.2464270     
   1    15   0.2413442       0.0022757       0.2369119       0.2458327     
   1    16   0.1339183       0.0021305       0.1297972       0.1381494     
   1    17   0.1371635       0.0014303       0.1343842       0.1399911     
   1    18   0.1364387       0.0014720       0.1335792       0.1393496     
   1    19   0.1325669       0.0021700       0.1283712       0.1368781     
   1    20   0.1864318       0.0028003       0.1810054       0.1919828     
   1    21   0.2450988       0.0013972       0.2423706       0.2478476     
   1    22   0.1857353       0.0029092       0.1801008       0.1915050     
   1    23   0.1826135       0.0034088       0.1760270       0.1893898     
   1    24   0.3053672       0.0057632       0.2941899       0.3167786     
   1    25   0.2408070       0.0024801       0.2359795       0.2457015     

  Program  MARK  - Survival Rate Estimation with Capture-Recapture Data
   gfortran(Win64) Vers. 8.1 Mar 2016    5-Aug-2016 15:43:29    Page  015
 - - - - - - - - - - - - - - - - - - - - - - - - - - - - - - - - - - - - - -
 
   1    26   0.1886320       0.0026301       0.1835311       0.1938411     
   1    27   0.1721289       0.0048532       0.1628237       0.1818502     
   1    28   0.1869233       0.0027344       0.1816229       0.1923420     
   1    29   0.2273367       0.0046824       0.2182902       0.2366447     
   1    30   0.1866822       0.0027689       0.1813158       0.1921701     

 Attempted ordering of parameters by estimatibility:
   1  5  8 10  7  9  4  6  2 11  3 12 13
 Beta number 13 is a singular value.

     CPU Time in seconds for last procedure was 4.64


  INPUT --- proc stop;

   * *  WARNING  * *   Numerical underflow occurred during final processing of this model. 
     IEEE flag status at final processing of this model:
     overflow       F
     divide by zero F
     invalid        F
     underflow      T
     inexact        T


     CPU Time in minutes for this job was 0.08

     Time Start = 15:43:25.976   Time End = 15:43:29.659

     Wall Clock Time in minutes for this job was 0.06


          E X E C U T I O N   S U C C E S S F U L 
