
   Program  MARK  - Survival Rate Estimation with Capture-Recapture Data
   gfortran(Win64) Vers. 8.1 Mar 2016    5-Aug-2016 17:36:39    Page  001
 - - - - - - - - - - - - - - - - - - - - - - - - - - - - - - - - - - - - - -
 
   This version was compiled by GCC version 5.3.0 using the options: 
     -cpp -iprefix c:\tdm-gcc-64\gcc\bin\../lib/gcc/x86_64-w64-mingw32/5.3.0/ -D_MT
     -U_REENTRANT -D IEEE -m64 -mtune=generic -march=x86-64 -mthreads -O2
     -fimplicit-none -fbounds-check -funroll-loops -ftree-vectorize
     -ffpe-summary=invalid,zero,overflow,underflow -fno-unsafe-math-optimizations
     -frounding-math -fsignaling-nans -fopenmp.

   This problem will use 3 of 4 possible threads.


  INPUT --- proc title ;

     CPU Time in seconds for last procedure was 0.00


  INPUT --- proc chmatrix occasions= 30 groups= 1 etype= PoissonMR 
  INPUT --- ICMeans NoHist hist= 14 ;

  INPUT ---    time  interval 0.2 0.2 0.2 0.2 2 0.2 0.2 0.2 0.2 2.5 0.2 
  INPUT ---    0.2 0.2 0.2 2.667 0.2 0.2 0.2 0.2 1.767 0.2 0.2  0.2 0.2 
  INPUT ---    3.167 0.2 0.2 0.2 0.2 ;

  INPUT ---    glabel(1)=Group 1;

      Number of unique encounter histories read was 14.

      Number of individual covariates read was 0.
      Time interval lengths vary and/or not equal to 1.

      Data type number is 115
      Data type is Poisson Mark Resight with Robust Design                                                             

     CPU Time in seconds for last procedure was 0.00

  Program  MARK  - Survival Rate Estimation with Capture-Recapture Data
   gfortran(Win64) Vers. 8.1 Mar 2016    5-Aug-2016 17:36:39    Page  002
 - - - - - - - - - - - - - - - - - - - - - - - - - - - - - - - - - - - - - -
 


  INPUT --- proc estimate link=Parm-Specific NOLOOP varest=2ndPart  
  INPUT --- SIMANNEAL  ;


  INPUT --- model={ alpha(~1)sigma(~1)U(~1)Phi(~1)Gamma''(~1)Gamma'(~1) 
  INPUT --- };

  INPUT ---    fixed=2;
  INPUT ---        parm(7)=1 ;
  INPUT ---        parm(8)=0 ;

  INPUT ---    group=1 alpha    rows=1 cols=30 Square ;
  INPUT ---        1 1 1 1 1 1 1 1 1 1 1 1 1 1 1 1 1 1 1 1 1 1 1 1 1 1 1 1 1 
  INPUT ---       1 ;

  INPUT ---    group=1 sigma    rows=1 cols=30 Square ;
  INPUT ---        2 2 2 2 2 2 2 2 2 2 2 2 2 2 2 2 2 2 2 2 2 2 2 2 2 2 2 2 2 
  INPUT ---       2 ;

  INPUT ---    group=1 U    rows=1 cols=30 Square ;
  INPUT ---        3 3 3 3 3 3 3 3 3 3 3 3 3 3 3 3 3 3 3 3 3 3 3 3 3 3 3 3 3 
  INPUT ---       3 ;

  INPUT ---    group=1 Phi    rows=29 cols=29 Triang ;
  INPUT ---        7 7 7 7 4 7 7 7 7 4 7 7 7 7 4 7 7 7 7 4 7 7 7 7 4 7 7 7 7 ;
  INPUT ---        7 7 7 7 7 7 7 7 7 7 7 7 7 7 7 7 7 7 7 7 7 7 7 7 7 7 7 7 ;
  INPUT ---        7 7 7 7 7 7 7 7 7 7 7 7 7 7 7 7 7 7 7 7 7 7 7 7 7 7 7 ;
  INPUT ---        7 7 7 7 7 7 7 7 7 7 7 7 7 7 7 7 7 7 7 7 7 7 7 7 7 7 ;
  INPUT ---        7 7 7 7 7 7 7 7 7 7 7 7 7 7 7 7 7 7 7 7 7 7 7 7 7 ;
  INPUT ---        7 7 7 7 4 7 7 7 7 4 7 7 7 7 4 7 7 7 7 4 7 7 7 7 ;
  INPUT ---        7 7 7 7 7 7 7 7 7 7 7 7 7 7 7 7 7 7 7 7 7 7 7 ;
  INPUT ---        7 7 7 7 7 7 7 7 7 7 7 7 7 7 7 7 7 7 7 7 7 7 ;
  INPUT ---        7 7 7 7 7 7 7 7 7 7 7 7 7 7 7 7 7 7 7 7 7 ;
  INPUT ---        7 7 7 7 7 7 7 7 7 7 7 7 7 7 7 7 7 7 7 7 ;
  INPUT ---        7 7 7 7 4 7 7 7 7 4 7 7 7 7 4 7 7 7 7 ;
  INPUT ---        7 7 7 7 7 7 7 7 7 7 7 7 7 7 7 7 7 7 ;
  INPUT ---        7 7 7 7 7 7 7 7 7 7 7 7 7 7 7 7 7 ;
  INPUT ---        7 7 7 7 7 7 7 7 7 7 7 7 7 7 7 7 ;
  INPUT ---        7 7 7 7 7 7 7 7 7 7 7 7 7 7 7 ;
  INPUT ---        7 7 7 7 4 7 7 7 7 4 7 7 7 7 ;
  INPUT ---        7 7 7 7 7 7 7 7 7 7 7 7 7 ;
  INPUT ---        7 7 7 7 7 7 7 7 7 7 7 7 ;
  INPUT ---        7 7 7 7 7 7 7 7 7 7 7 ;
  INPUT ---        7 7 7 7 7 7 7 7 7 7 ;

  Program  MARK  - Survival Rate Estimation with Capture-Recapture Data
   gfortran(Win64) Vers. 8.1 Mar 2016    5-Aug-2016 17:36:39    Page  003
 - - - - - - - - - - - - - - - - - - - - - - - - - - - - - - - - - - - - - -
 
  INPUT ---        7 7 7 7 4 7 7 7 7 ;
  INPUT ---        7 7 7 7 7 7 7 7 ;
  INPUT ---        7 7 7 7 7 7 7 ;
  INPUT ---        7 7 7 7 7 7 ;
  INPUT ---        7 7 7 7 7 ;
  INPUT ---        7 7 7 7 ;
  INPUT ---        7 7 7 ;
  INPUT ---        7 7 ;
  INPUT ---        7 ;

  INPUT ---    group=1 Gamma''    rows=29 cols=29 Triang ;
  INPUT ---        8 8 8 8 5 8 8 8 8 5 8 8 8 8 5 8 8 8 8 5 8 8 8 8 5 8 8 8 8 ;
  INPUT ---        8 8 8 8 8 8 8 8 8 8 8 8 8 8 8 8 8 8 8 8 8 8 8 8 8 8 8 8 ;
  INPUT ---        8 8 8 8 8 8 8 8 8 8 8 8 8 8 8 8 8 8 8 8 8 8 8 8 8 8 8 ;
  INPUT ---        8 8 8 8 8 8 8 8 8 8 8 8 8 8 8 8 8 8 8 8 8 8 8 8 8 8 ;
  INPUT ---        8 8 8 8 8 8 8 8 8 8 8 8 8 8 8 8 8 8 8 8 8 8 8 8 8 ;
  INPUT ---        8 8 8 8 5 8 8 8 8 5 8 8 8 8 5 8 8 8 8 5 8 8 8 8 ;
  INPUT ---        8 8 8 8 8 8 8 8 8 8 8 8 8 8 8 8 8 8 8 8 8 8 8 ;
  INPUT ---        8 8 8 8 8 8 8 8 8 8 8 8 8 8 8 8 8 8 8 8 8 8 ;
  INPUT ---        8 8 8 8 8 8 8 8 8 8 8 8 8 8 8 8 8 8 8 8 8 ;
  INPUT ---        8 8 8 8 8 8 8 8 8 8 8 8 8 8 8 8 8 8 8 8 ;
  INPUT ---        8 8 8 8 5 8 8 8 8 5 8 8 8 8 5 8 8 8 8 ;
  INPUT ---        8 8 8 8 8 8 8 8 8 8 8 8 8 8 8 8 8 8 ;
  INPUT ---        8 8 8 8 8 8 8 8 8 8 8 8 8 8 8 8 8 ;
  INPUT ---        8 8 8 8 8 8 8 8 8 8 8 8 8 8 8 8 ;
  INPUT ---        8 8 8 8 8 8 8 8 8 8 8 8 8 8 8 ;
  INPUT ---        8 8 8 8 5 8 8 8 8 5 8 8 8 8 ;
  INPUT ---        8 8 8 8 8 8 8 8 8 8 8 8 8 ;
  INPUT ---        8 8 8 8 8 8 8 8 8 8 8 8 ;
  INPUT ---        8 8 8 8 8 8 8 8 8 8 8 ;
  INPUT ---        8 8 8 8 8 8 8 8 8 8 ;
  INPUT ---        8 8 8 8 5 8 8 8 8 ;
  INPUT ---        8 8 8 8 8 8 8 8 ;
  INPUT ---        8 8 8 8 8 8 8 ;
  INPUT ---        8 8 8 8 8 8 ;
  INPUT ---        8 8 8 8 8 ;
  INPUT ---        8 8 8 8 ;
  INPUT ---        8 8 8 ;
  INPUT ---        8 8 ;
  INPUT ---        8 ;

  INPUT ---    group=1 Gamma'    rows=28 cols=28 Triang ;
  INPUT ---        8 8 8 6 8 8 8 8 6 8 8 8 8 6 8 8 8 8 6 8 8 8 8 6 8 8 8 8 ;
  INPUT ---        8 8 8 8 8 8 8 8 8 8 8 8 8 8 8 8 8 8 8 8 8 8 8 8 8 8 8 ;
  INPUT ---        8 8 8 8 8 8 8 8 8 8 8 8 8 8 8 8 8 8 8 8 8 8 8 8 8 8 ;
  INPUT ---        8 8 8 8 8 8 8 8 8 8 8 8 8 8 8 8 8 8 8 8 8 8 8 8 8 ;

  Program  MARK  - Survival Rate Estimation with Capture-Recapture Data
   gfortran(Win64) Vers. 8.1 Mar 2016    5-Aug-2016 17:36:39    Page  004
 - - - - - - - - - - - - - - - - - - - - - - - - - - - - - - - - - - - - - -
 
  INPUT ---        8 8 8 8 8 8 8 8 8 8 8 8 8 8 8 8 8 8 8 8 8 8 8 8 ;
  INPUT ---        8 8 8 6 8 8 8 8 6 8 8 8 8 6 8 8 8 8 6 8 8 8 8 ;
  INPUT ---        8 8 8 8 8 8 8 8 8 8 8 8 8 8 8 8 8 8 8 8 8 8 ;
  INPUT ---        8 8 8 8 8 8 8 8 8 8 8 8 8 8 8 8 8 8 8 8 8 ;
  INPUT ---        8 8 8 8 8 8 8 8 8 8 8 8 8 8 8 8 8 8 8 8 ;
  INPUT ---        8 8 8 8 8 8 8 8 8 8 8 8 8 8 8 8 8 8 8 ;
  INPUT ---        8 8 8 6 8 8 8 8 6 8 8 8 8 6 8 8 8 8 ;
  INPUT ---        8 8 8 8 8 8 8 8 8 8 8 8 8 8 8 8 8 ;
  INPUT ---        8 8 8 8 8 8 8 8 8 8 8 8 8 8 8 8 ;
  INPUT ---        8 8 8 8 8 8 8 8 8 8 8 8 8 8 8 ;
  INPUT ---        8 8 8 8 8 8 8 8 8 8 8 8 8 8 ;
  INPUT ---        8 8 8 6 8 8 8 8 6 8 8 8 8 ;
  INPUT ---        8 8 8 8 8 8 8 8 8 8 8 8 ;
  INPUT ---        8 8 8 8 8 8 8 8 8 8 8 ;
  INPUT ---        8 8 8 8 8 8 8 8 8 8 ;
  INPUT ---        8 8 8 8 8 8 8 8 8 ;
  INPUT ---        8 8 8 6 8 8 8 8 ;
  INPUT ---        8 8 8 8 8 8 8 ;
  INPUT ---        8 8 8 8 8 8 ;
  INPUT ---        8 8 8 8 8 ;
  INPUT ---        8 8 8 8 ;
  INPUT ---        8 8 8 ;
  INPUT ---        8 8 ;
  INPUT ---        8 ;

  INPUT ---    initial  0.9250952 -0.0228721 2.8634493 19.13901 -5.2520021 
  INPUT ---    4.0553597  ;

  INPUT ---    design matrix constraints=8 covariates=6;
  INPUT ---        1 0 0 0 0 0;
  INPUT ---        0 1 0 0 0 0;
  INPUT ---        0 0 1 0 0 0;
  INPUT ---        0 0 0 1 0 0;
  INPUT ---        0 0 0 0 1 0;
  INPUT ---        0 0 0 0 0 1;
  INPUT ---        0 0 0 0 0 0;
  INPUT ---        0 0 0 0 0 0;

  INPUT ---    links=8;

  INPUT ---    Log;

  INPUT ---    Log;

  INPUT ---    Log;


  Program  MARK  - Survival Rate Estimation with Capture-Recapture Data
   gfortran(Win64) Vers. 8.1 Mar 2016    5-Aug-2016 17:36:39    Page  005
 - - - - - - - - - - - - - - - - - - - - - - - - - - - - - - - - - - - - - -
 
  INPUT ---    Logit;

  INPUT ---    Logit;

  INPUT ---    Logit;

  INPUT ---    Logit;

  INPUT ---    Logit;
  INPUT ---       blabel(1)=alpha:(Intercept);
  INPUT ---       blabel(2)=sigma:(Intercept);
  INPUT ---       blabel(3)=U:(Intercept);
  INPUT ---       blabel(4)=Phi:(Intercept);
  INPUT ---       blabel(5)=GammaDoublePrime:(Intercept);
  INPUT ---       blabel(6)=GammaPrime:(Intercept);
  INPUT ---       rlabel(1)=alpha g1 a0 t1;
  INPUT ---       rlabel(2)=sigma g1 a0 t1;
  INPUT ---       rlabel(3)=U g1 a0 t1;
  INPUT ---       rlabel(4)=Phi g1 c1 a0.8 t1.8;
  INPUT ---       rlabel(5)=Gamma'' g1 c1 a0.8 t1.8;
  INPUT ---       rlabel(6)=Gamma' g1 c1 a0.8 t1.8;
  INPUT ---       rlabel(7)=Phi g1 c1 a0 t1;
  INPUT ---       rlabel(8)=Gamma'' g1 c1 a0 t1;

 Link Function Used is PARM-SPECIFIC

 Variance Estimation Procedure Used is 2ndPart 

 M(t+1):
 Group=Group 1                                                                         
       3      3      3      2      3      5      5      5      2      5      5
       4      4      4      4     10      7      7      7      5      5      5
       5      3      4      5      5      5      4      5


 -2logL(saturated) = -0.0000000    
 Effective Sample Size = 169
 Results from first iteration:
  -2logL Initial { alpha(~1)sigma(~1)U(~1)Phi(~1)Gamma''(~1)Gamma'(~1) } = 1407.0798     
  Penalty Initial { alpha(~1)sigma(~1)U(~1)Phi(~1)Gamma''(~1)Gamma'(~1) } = -0.0000000    

 Number of function evaluations was 17401 for 6 parameters.
 Time for numerical optimization was 69.19 seconds.
 -2logL { alpha(~1)sigma(~1)U(~1)Phi(~1)Gamma''(~1)Gamma'(~1) } = 1138.4459     
 Penalty { alpha(~1)sigma(~1)U(~1)Phi(~1)Gamma''(~1)Gamma'(~1) } = -0.0000000    

   * *  WARNING  * *   Divide by zero occurred during optimization of this model. 

   * *  WARNING  * *   Numerical underflow occurred during optimization of this model. 

  Program  MARK  - Survival Rate Estimation with Capture-Recapture Data
   gfortran(Win64) Vers. 8.1 Mar 2016    5-Aug-2016 17:37:27    Page  006
 - - - - - - - - - - - - - - - - - - - - - - - - - - - - - - - - - - - - - -
 
     IEEE flag status at end of optimization:
     overflow       F
     divide by zero T
     invalid        T
     underflow      T
     inexact        T

 Gradient { alpha(~1)sigma(~1)U(~1)Phi(~1)Gamma''(~1)Gamma'(~1) }:
  0.1103296E-04 0.1528203E-04 0.1440877E-04 0.1117802E-03 0.3419407E-03
   40.00000    

   * *  WARNING  * *   Numerical convergence suspect. 
 S Vector { alpha(~1)sigma(~1)U(~1)Phi(~1)Gamma''(~1)Gamma'(~1) }:
   2033.793      223.8346      70.17842      6.136891     0.9500146    
  0.1893993E-07
 Time to compute number of parameters was 0.34 seconds.
   Threshold =  0.1400000E-06     Condition index =  0.9312615E-11     New Threshold =  0.4639317E-07
 New Guessimate of Estimated Parameters { alpha(~1)sigma(~1)U(~1)Phi(~1)Gamma''(~1)Gamma'(~1) } = 5          
 Conditioned S Vector { alpha(~1)sigma(~1)U(~1)Phi(~1)Gamma''(~1)Gamma'(~1) }:
   1.000000     0.1100577     0.3450618E-01 0.3017461E-02 0.4671147E-03
  0.9312615E-11
 Number of Estimated Parameters { alpha(~1)sigma(~1)U(~1)Phi(~1)Gamma''(~1)Gamma'(~1) } = 5          
 DEVIANCE { alpha(~1)sigma(~1)U(~1)Phi(~1)Gamma''(~1)Gamma'(~1) } = 1138.4459                     
 DEVIANCE Degrees of Freedom { alpha(~1)sigma(~1)U(~1)Phi(~1)Gamma''(~1)Gamma'(~1) } = 9            
 c-hat { alpha(~1)sigma(~1)U(~1)Phi(~1)Gamma''(~1)Gamma'(~1) } = 126.49399                     
 AIC { alpha(~1)sigma(~1)U(~1)Phi(~1)Gamma''(~1)Gamma'(~1) } = 1148.4459                  
 AICc { alpha(~1)sigma(~1)U(~1)Phi(~1)Gamma''(~1)Gamma'(~1) } = 1148.8140                    
 BIC { alpha(~1)sigma(~1)U(~1)Phi(~1)Gamma''(~1)Gamma'(~1) } = 1164.0954                    
 Pearson Chisquare { alpha(~1)sigma(~1)U(~1)Phi(~1)Gamma''(~1)Gamma'(~1) } = 0.3405516E+036             


   PARM-SPECIFIC Link Function Parameters of { alpha(~1)sigma(~1)U(~1)Phi(~1)Gamma''(~1)Gamma'(~1) }
                                                              95% Confidence Interval
 Parameter                    Beta         Standard Error      Lower           Upper
 -------------------------  --------------  --------------  --------------  --------------
    1:alpha:(Intercept)     0.8492106       0.0872222       0.6782550       1.0201661     
    2:sigma:(Intercept)     -0.3123235      0.0855752       -0.4800509      -0.1445962    
    3:U:(Intercept)         3.1395679       0.0654053       3.0113736       3.2677622     
    4:Phi:(Intercept)       2.0066640       0.4036694       1.2154720       2.7978560     
    5:GammaDoublePrime:(In  -2.9444176      1.0259705       -4.9553198      -0.9335154    
    6:GammaPrime:(Intercep  -6.0725376      7266.2577       -14247.938      14235.793     


   Real Function Parameters of { alpha(~1)sigma(~1)U(~1)Phi(~1)Gamma''(~1)Gamma'(~1) }
                                                               95% Confidence Interval
  Parameter                  Estimate       Standard Error      Lower           Upper
 --------------------------  --------------  --------------  --------------  --------------
     1:alpha g1 a0 t1        2.3378006       0.2039081       1.9710746       2.7727573                           
     2:sigma g1 a0 t1        0.7317448       0.0626192       0.6189412       0.8651070                           
     3:U g1 a0 t1            23.093886       1.5104618       20.318064       26.248936                           
     4:Phi g1 c1 a0.8 t1.8   0.8814950       0.0421679       0.7712657       0.9425599                           
     5:Gamma'' g1 c1 a0.8 t  0.0500010       0.0487345       0.0069965       0.2822121                           
     6:Gamma' g1 c1 a0.8 t1  0.0023000       16.674052       0.2272967E-306  1.0000000                           
     7:Phi g1 c1 a0 t1       1.0000000       0.0000000       1.0000000       1.0000000       Fixed               
     8:Gamma'' g1 c1 a0 t1   0.0000000       0.0000000       0.0000000       0.0000000       Fixed               

  Program  MARK  - Survival Rate Estimation with Capture-Recapture Data
   gfortran(Win64) Vers. 8.1 Mar 2016    5-Aug-2016 17:37:27    Page  007
 - - - - - - - - - - - - - - - - - - - - - - - - - - - - - - - - - - - - - -
 


                      Estimates of Derived Parameters
 Population Estimates of { alpha(~1)sigma(~1)U(~1)Phi(~1)Gamma''(~1)Gamma'(~1) }
                                                95% Confidence Interval
 Grp. Occ.   N-hat           Standard Error      Lower           Upper
 ---- ----   --------------  --------------  --------------  --------------
   1     1   26.093886       1.5104629       23.297357       29.226100     
   1     2   26.093886       1.5104629       23.297357       29.226100     
   1     3   26.093886       1.5104629       23.297357       29.226100     
   1     4   25.457795       1.5512052       22.594467       28.683984     
   1     5   26.093886       1.5104629       23.297357       29.226100     
   1     6   28.093886       1.5104629       25.285951       31.213634     
   1     7   28.093886       1.5104629       25.285951       31.213634     
   1     8   28.093886       1.5104629       25.285951       31.213634     
   1     9   25.457795       1.5512052       22.594467       28.683984     
   1    10   28.093886       1.5104629       25.285951       31.213634     
   1    11   29.003659       1.6154773       26.006235       32.346560     
   1    12   27.821704       1.5936544       24.869388       31.124498     
   1    13   27.821704       1.5936544       24.869388       31.124498     
   1    14   27.821704       1.5936544       24.869388       31.124498     
   1    15   27.821704       1.5936544       24.869388       31.124498     
   1    16   31.367568       1.6602409       28.278647       34.793896     
   1    17   31.367568       1.6602409       28.278647       34.793896     
   1    18   31.367568       1.6602409       28.278647       34.793896     
   1    19   31.367568       1.6602409       28.278647       34.793896     
   1    20   29.003659       1.6154773       26.006235       32.346560     
   1    21   27.821704       1.5936544       24.869388       31.124498     
   1    22   29.003659       1.6154773       26.006235       32.346560     
   1    23   29.003659       1.6154773       26.006235       32.346560     
   1    24   26.639750       1.5722249       23.732127       29.903610     
   1    25   27.821704       1.5936544       24.869388       31.124498     
   1    26   29.003659       1.6154773       26.006235       32.346560     
   1    27   29.003659       1.6154773       26.006235       32.346560     
   1    28   29.003659       1.6154773       26.006235       32.346560     
   1    29   27.821704       1.5936544       24.869388       31.124498     
   1    30   29.003659       1.6154773       26.006235       32.346560     
 Mean Resighting Rate Estimates of { alpha(~1)sigma(~1)U(~1)Phi(~1)Gamma''(~1)Gamma'(~1) }
                                                95% Confidence Interval
 Grp. Occ.   Lambda-hat      Standard Error      Lower           Upper
 ---- ----   --------------  --------------  --------------  --------------
   1     1   3.0554771       0.1922786       2.7012549       3.4561493     
   1     2   3.0554771       0.1922786       2.7012549       3.4561493     
   1     3   3.0554771       0.1922786       2.7012549       3.4561493     
   1     4   3.0554771       0.1922786       2.7012549       3.4561493     
   1     5   3.0554771       0.1922786       2.7012549       3.4561493     
   1     6   3.0554771       0.1922786       2.7012549       3.4561493     
   1     7   3.0554771       0.1922786       2.7012549       3.4561493     
   1     8   3.0554771       0.1922786       2.7012549       3.4561493     
   1     9   3.0554771       0.1922786       2.7012549       3.4561493     

  Program  MARK  - Survival Rate Estimation with Capture-Recapture Data
   gfortran(Win64) Vers. 8.1 Mar 2016    5-Aug-2016 17:37:27    Page  008
 - - - - - - - - - - - - - - - - - - - - - - - - - - - - - - - - - - - - - -
 
   1    10   3.0554771       0.1922786       2.7012549       3.4561493     
   1    11   3.3938996       0.1993435       3.0251373       3.8076137     
   1    12   3.2669911       0.1966704       2.9036994       3.6757356     
   1    13   3.4785052       0.2011406       3.1060830       3.8955812     
   1    14   3.6900192       0.2056841       3.3084000       4.1156578     
   1    15   3.9015333       0.2102962       3.5106474       4.3359416     
   1    16   3.5389378       0.2024315       3.1638948       3.9584377     
   1    17   3.9015333       0.2102962       3.5106474       4.3359416     
   1    18   3.7806681       0.2076526       3.3950860       4.2100410     
   1    19   3.6598029       0.2050308       3.2795018       4.0842050     
   1    20   3.5631108       0.2029495       3.1870180       3.9835855     
   1    21   4.3245614       0.2197086       3.9149299       4.7770540     
   1    22   3.3938996       0.1993435       3.0251373       3.8076137     
   1    23   3.3938996       0.1993435       3.0251373       3.8076137     
   1    24   3.6195146       0.2041618       3.2409686       4.0422748     
   1    25   4.7475895       0.2293463       4.3189340       5.2187891     
   1    26   3.3938996       0.1993435       3.0251373       3.8076137     
   1    27   3.0554771       0.1922786       2.7012549       3.4561493     
   1    28   3.5631108       0.2029495       3.1870180       3.9835855     
   1    29   3.6900192       0.2056841       3.3084000       4.1156578     
   1    30   3.5631108       0.2029495       3.1870180       3.9835855     
 Pr(Captured 1 or more times) of { alpha(~1)sigma(~1)U(~1)Phi(~1)Gamma''(~1)Gamma'(~1) }
                                                95% Confidence Interval
 Grp. Occ.      p*-hat       Standard Error      Lower           Upper
 ---- ----   --------------  --------------  --------------  --------------
   1     1   0.8460562       0.0236833       0.7937367       0.8869941     
   1     2   0.8460562       0.0236833       0.7937367       0.8869941     
   1     3   0.8460562       0.0236833       0.7937367       0.8869941     
   1     4   0.8460562       0.0236833       0.7937367       0.8869941     
   1     5   0.8460562       0.0236833       0.7937367       0.8869941     
   1     6   0.8460562       0.0236833       0.7937367       0.8869941     
   1     7   0.8460562       0.0236833       0.7937367       0.8869941     
   1     8   0.8460562       0.0236833       0.7937367       0.8869941     
   1     9   0.8460562       0.0236833       0.7937367       0.8869941     
   1    10   0.8460562       0.0236833       0.7937367       0.8869941     
   1    11   0.8820977       0.0199753       0.8369890       0.9159769     
   1    12   0.8697749       0.0212901       0.8220881       0.9061393     
   1    13   0.8896121       0.0191457       0.8461423       0.9219334     
   1    14   0.9062319       0.0172250       0.8665934       0.9349765     
   1    15   0.9201807       0.0155049       0.8840187       0.9457595     
   1    16   0.8946631       0.0185752       0.8523259       0.9259174     
   1    17   0.9201807       0.0155049       0.8840187       0.9457595     
   1    18   0.9125088       0.0164645       0.8744019       0.9398492     
   1    19   0.9040328       0.0174866       0.8638694       0.9332620     
   1    20   0.8966132       0.0183519       0.8547204       0.9274511     
   1    21   0.9417884       0.0125855       0.9116336       0.9620810     
   1    22   0.8820977       0.0199753       0.8369890       0.9159769     
   1    23   0.8820977       0.0199753       0.8369890       0.9159769     
   1    24   0.9010136       0.0178419       0.8601390       0.9309022     
   1    25   0.9571756       0.0102441       0.9319506       0.9733177     

  Program  MARK  - Survival Rate Estimation with Capture-Recapture Data
   gfortran(Win64) Vers. 8.1 Mar 2016    5-Aug-2016 17:37:27    Page  009
 - - - - - - - - - - - - - - - - - - - - - - - - - - - - - - - - - - - - - -
 
   1    26   0.8820977       0.0199753       0.8369890       0.9159769     
   1    27   0.8460562       0.0236833       0.7937367       0.8869941     
   1    28   0.8966132       0.0183519       0.8547204       0.9274511     
   1    29   0.9062319       0.0172250       0.8665934       0.9349765     
   1    30   0.8966132       0.0183519       0.8547204       0.9274511     

 Attempted ordering of parameters by estimatibility:
  1 3 2 4 5 6
 Beta number 6 is a singular value.

     CPU Time in seconds for last procedure was 69.56


  INPUT --- proc stop;

     CPU Time in minutes for this job was 1.16

     Time Start = 17:36:39.341   Time End = 17:37:27.589

     Wall Clock Time in minutes for this job was 0.80


          E X E C U T I O N   S U C C E S S F U L 
