
   Program  MARK  - Survival Rate Estimation with Capture-Recapture Data
   gfortran(Win64) Vers. 8.1 Mar 2016    5-Aug-2016 15:51:53    Page  001
 - - - - - - - - - - - - - - - - - - - - - - - - - - - - - - - - - - - - - -
 
   This version was compiled by GCC version 5.3.0 using the options: 
     -cpp -iprefix c:\tdm-gcc-64\gcc\bin\../lib/gcc/x86_64-w64-mingw32/5.3.0/ -D_MT
     -U_REENTRANT -D IEEE -m64 -mtune=generic -march=x86-64 -mthreads -O2
     -fimplicit-none -fbounds-check -funroll-loops -ftree-vectorize
     -ffpe-summary=invalid,zero,overflow,underflow -fno-unsafe-math-optimizations
     -frounding-math -fsignaling-nans -fopenmp.

   This problem will use 3 of 4 possible threads.


  INPUT --- proc title ;

     CPU Time in seconds for last procedure was 0.00


  INPUT --- proc chmatrix occasions= 30 groups= 1 etype= PoissonMR 
  INPUT --- icovar = 2 ICMeans NoHist  hist= 14 ;

  INPUT ---    time interval 0.2 0.2 0.2 0.2 2 0.2 0.2 0.2 0.2 2.5 0.2 0.2 
  INPUT ---    0.2 0.2 2.667 0.2 0.2 0.2  0.2 1.767 0.2 0.2 0.2 0.2 3.167 
  INPUT ---    0.2 0.2 0.2 0.2 ;

  INPUT ---     icovariates captive sex ;

  INPUT ---    glabel(1)=Group 1;

      Number of unique encounter histories read was 14.

      Number of individual covariates read was 2.
      Time interval lengths vary and/or not equal to 1.

      Data type number is 115
      Data type is Poisson Mark Resight with Robust Design                                                             

     CPU Time in seconds for last procedure was 0.00

  Program  MARK  - Survival Rate Estimation with Capture-Recapture Data
   gfortran(Win64) Vers. 8.1 Mar 2016    5-Aug-2016 15:51:53    Page  002
 - - - - - - - - - - - - - - - - - - - - - - - - - - - - - - - - - - - - - -
 


  INPUT --- proc estimate link=Parm-Specific NOLOOP varest=2ndPart    ;


  INPUT --- model={ alpha(~1 + captive + sex + effort.trapdays + 
  INPUT --- recordloss.agout.total)sigma(~1)U(~sample_month)Phi(~1 + 
  INPUT --- sample_month)Gamma''(~1)Gamma'(~1) };

  INPUT ---    fixed=2;
  INPUT ---        parm(45)=1 ;
  INPUT ---        parm(46)=0 ;

  INPUT ---    group=1 alpha    rows=1 cols=30 Square ;
  INPUT ---        1 2 3 4 5 6 7 8 9 10 11 12 13 14 15 16 17 18 19 20 21 22 
  INPUT ---       23 24 25 26 27 28 29 30 ;

  INPUT ---    group=1 sigma    rows=1 cols=30 Square ;
  INPUT ---        31 31 31 31 31 31 31 31 31 31 31 31 31 31 31 31 31 31 31 
  INPUT ---       31 31 31 31 31 31 31 31 31 31 31 ;

  INPUT ---    group=1 U    rows=1 cols=30 Square ;
  INPUT ---        32 32 32 32 32 33 33 33 33 33 34 34 34 34 34 35 35 35 35 
  INPUT ---       35 36 36 36 36 36 37 37 37 37 37 ;

  INPUT ---    group=1 Phi    rows=29 cols=29 Triang ;
  INPUT ---        45 45 45 45 38 45 45 45 45 39 45 45 45 45 40 45 45 45 45 
  INPUT ---       41 45 45 45 45 42 45 45 45 45 ;
  INPUT ---        45 45 45 45 45 45 45 45 45 45 45 45 45 45 45 45 45 45 45 
  INPUT ---       45 45 45 45 45 45 45 45 45 ;
  INPUT ---        45 45 45 45 45 45 45 45 45 45 45 45 45 45 45 45 45 45 45 
  INPUT ---       45 45 45 45 45 45 45 45 ;
  INPUT ---        45 45 45 45 45 45 45 45 45 45 45 45 45 45 45 45 45 45 45 
  INPUT ---       45 45 45 45 45 45 45 ;
  INPUT ---        45 45 45 45 45 45 45 45 45 45 45 45 45 45 45 45 45 45 45 
  INPUT ---       45 45 45 45 45 45 ;
  INPUT ---        45 45 45 45 39 45 45 45 45 40 45 45 45 45 41 45 45 45 45 
  INPUT ---       42 45 45 45 45 ;
  INPUT ---        45 45 45 45 45 45 45 45 45 45 45 45 45 45 45 45 45 45 45 
  INPUT ---       45 45 45 45 ;
  INPUT ---        45 45 45 45 45 45 45 45 45 45 45 45 45 45 45 45 45 45 45 
  INPUT ---       45 45 45 ;
  INPUT ---        45 45 45 45 45 45 45 45 45 45 45 45 45 45 45 45 45 45 45 
  INPUT ---       45 45 ;
  INPUT ---        45 45 45 45 45 45 45 45 45 45 45 45 45 45 45 45 45 45 45 
  INPUT ---       45 ;

  Program  MARK  - Survival Rate Estimation with Capture-Recapture Data
   gfortran(Win64) Vers. 8.1 Mar 2016    5-Aug-2016 15:51:53    Page  003
 - - - - - - - - - - - - - - - - - - - - - - - - - - - - - - - - - - - - - -
 
  INPUT ---        45 45 45 45 40 45 45 45 45 41 45 45 45 45 42 45 45 45 45 ;
  INPUT ---        45 45 45 45 45 45 45 45 45 45 45 45 45 45 45 45 45 45 ;
  INPUT ---        45 45 45 45 45 45 45 45 45 45 45 45 45 45 45 45 45 ;
  INPUT ---        45 45 45 45 45 45 45 45 45 45 45 45 45 45 45 45 ;
  INPUT ---        45 45 45 45 45 45 45 45 45 45 45 45 45 45 45 ;
  INPUT ---        45 45 45 45 41 45 45 45 45 42 45 45 45 45 ;
  INPUT ---        45 45 45 45 45 45 45 45 45 45 45 45 45 ;
  INPUT ---        45 45 45 45 45 45 45 45 45 45 45 45 ;
  INPUT ---        45 45 45 45 45 45 45 45 45 45 45 ;
  INPUT ---        45 45 45 45 45 45 45 45 45 45 ;
  INPUT ---        45 45 45 45 42 45 45 45 45 ;
  INPUT ---        45 45 45 45 45 45 45 45 ;
  INPUT ---        45 45 45 45 45 45 45 ;
  INPUT ---        45 45 45 45 45 45 ;
  INPUT ---        45 45 45 45 45 ;
  INPUT ---        45 45 45 45 ;
  INPUT ---        45 45 45 ;
  INPUT ---        45 45 ;
  INPUT ---        45 ;

  INPUT ---    group=1 Gamma''    rows=29 cols=29 Triang ;
  INPUT ---        46 46 46 46 43 46 46 46 46 43 46 46 46 46 43 46 46 46 46 
  INPUT ---       43 46 46 46 46 43 46 46 46 46 ;
  INPUT ---        46 46 46 46 46 46 46 46 46 46 46 46 46 46 46 46 46 46 46 
  INPUT ---       46 46 46 46 46 46 46 46 46 ;
  INPUT ---        46 46 46 46 46 46 46 46 46 46 46 46 46 46 46 46 46 46 46 
  INPUT ---       46 46 46 46 46 46 46 46 ;
  INPUT ---        46 46 46 46 46 46 46 46 46 46 46 46 46 46 46 46 46 46 46 
  INPUT ---       46 46 46 46 46 46 46 ;
  INPUT ---        46 46 46 46 46 46 46 46 46 46 46 46 46 46 46 46 46 46 46 
  INPUT ---       46 46 46 46 46 46 ;
  INPUT ---        46 46 46 46 43 46 46 46 46 43 46 46 46 46 43 46 46 46 46 
  INPUT ---       43 46 46 46 46 ;
  INPUT ---        46 46 46 46 46 46 46 46 46 46 46 46 46 46 46 46 46 46 46 
  INPUT ---       46 46 46 46 ;
  INPUT ---        46 46 46 46 46 46 46 46 46 46 46 46 46 46 46 46 46 46 46 
  INPUT ---       46 46 46 ;
  INPUT ---        46 46 46 46 46 46 46 46 46 46 46 46 46 46 46 46 46 46 46 
  INPUT ---       46 46 ;
  INPUT ---        46 46 46 46 46 46 46 46 46 46 46 46 46 46 46 46 46 46 46 
  INPUT ---       46 ;
  INPUT ---        46 46 46 46 43 46 46 46 46 43 46 46 46 46 43 46 46 46 46 ;
  INPUT ---        46 46 46 46 46 46 46 46 46 46 46 46 46 46 46 46 46 46 ;
  INPUT ---        46 46 46 46 46 46 46 46 46 46 46 46 46 46 46 46 46 ;
  INPUT ---        46 46 46 46 46 46 46 46 46 46 46 46 46 46 46 46 ;
  INPUT ---        46 46 46 46 46 46 46 46 46 46 46 46 46 46 46 ;

  Program  MARK  - Survival Rate Estimation with Capture-Recapture Data
   gfortran(Win64) Vers. 8.1 Mar 2016    5-Aug-2016 15:51:53    Page  004
 - - - - - - - - - - - - - - - - - - - - - - - - - - - - - - - - - - - - - -
 
  INPUT ---        46 46 46 46 43 46 46 46 46 43 46 46 46 46 ;
  INPUT ---        46 46 46 46 46 46 46 46 46 46 46 46 46 ;
  INPUT ---        46 46 46 46 46 46 46 46 46 46 46 46 ;
  INPUT ---        46 46 46 46 46 46 46 46 46 46 46 ;
  INPUT ---        46 46 46 46 46 46 46 46 46 46 ;
  INPUT ---        46 46 46 46 43 46 46 46 46 ;
  INPUT ---        46 46 46 46 46 46 46 46 ;
  INPUT ---        46 46 46 46 46 46 46 ;
  INPUT ---        46 46 46 46 46 46 ;
  INPUT ---        46 46 46 46 46 ;
  INPUT ---        46 46 46 46 ;
  INPUT ---        46 46 46 ;
  INPUT ---        46 46 ;
  INPUT ---        46 ;

  INPUT ---    group=1 Gamma'    rows=28 cols=28 Triang ;
  INPUT ---        46 46 46 44 46 46 46 46 44 46 46 46 46 44 46 46 46 46 44 
  INPUT ---       46 46 46 46 44 46 46 46 46 ;
  INPUT ---        46 46 46 46 46 46 46 46 46 46 46 46 46 46 46 46 46 46 46 
  INPUT ---       46 46 46 46 46 46 46 46 ;
  INPUT ---        46 46 46 46 46 46 46 46 46 46 46 46 46 46 46 46 46 46 46 
  INPUT ---       46 46 46 46 46 46 46 ;
  INPUT ---        46 46 46 46 46 46 46 46 46 46 46 46 46 46 46 46 46 46 46 
  INPUT ---       46 46 46 46 46 46 ;
  INPUT ---        46 46 46 46 46 46 46 46 46 46 46 46 46 46 46 46 46 46 46 
  INPUT ---       46 46 46 46 46 ;
  INPUT ---        46 46 46 44 46 46 46 46 44 46 46 46 46 44 46 46 46 46 44 
  INPUT ---       46 46 46 46 ;
  INPUT ---        46 46 46 46 46 46 46 46 46 46 46 46 46 46 46 46 46 46 46 
  INPUT ---       46 46 46 ;
  INPUT ---        46 46 46 46 46 46 46 46 46 46 46 46 46 46 46 46 46 46 46 
  INPUT ---       46 46 ;
  INPUT ---        46 46 46 46 46 46 46 46 46 46 46 46 46 46 46 46 46 46 46 
  INPUT ---       46 ;
  INPUT ---        46 46 46 46 46 46 46 46 46 46 46 46 46 46 46 46 46 46 46 ;
  INPUT ---        46 46 46 44 46 46 46 46 44 46 46 46 46 44 46 46 46 46 ;
  INPUT ---        46 46 46 46 46 46 46 46 46 46 46 46 46 46 46 46 46 ;
  INPUT ---        46 46 46 46 46 46 46 46 46 46 46 46 46 46 46 46 ;
  INPUT ---        46 46 46 46 46 46 46 46 46 46 46 46 46 46 46 ;
  INPUT ---        46 46 46 46 46 46 46 46 46 46 46 46 46 46 ;
  INPUT ---        46 46 46 44 46 46 46 46 44 46 46 46 46 ;
  INPUT ---        46 46 46 46 46 46 46 46 46 46 46 46 ;
  INPUT ---        46 46 46 46 46 46 46 46 46 46 46 ;
  INPUT ---        46 46 46 46 46 46 46 46 46 46 ;
  INPUT ---        46 46 46 46 46 46 46 46 46 ;
  INPUT ---        46 46 46 44 46 46 46 46 ;

  Program  MARK  - Survival Rate Estimation with Capture-Recapture Data
   gfortran(Win64) Vers. 8.1 Mar 2016    5-Aug-2016 15:51:53    Page  005
 - - - - - - - - - - - - - - - - - - - - - - - - - - - - - - - - - - - - - -
 
  INPUT ---        46 46 46 46 46 46 46 ;
  INPUT ---        46 46 46 46 46 46 ;
  INPUT ---        46 46 46 46 46 ;
  INPUT ---        46 46 46 46 ;
  INPUT ---        46 46 46 ;
  INPUT ---        46 46 ;
  INPUT ---        46 ;

  INPUT ---    initial  0.8492118 0 0 0 0 -0.3123225 3.139572 0 0 0 0 0 
  INPUT ---    2.0066797 0 0 0 0 -2.9445172 17.724958  ;

  INPUT ---    design matrix constraints=46 covariates=19;
  INPUT ---        1 captive sex 96 0.186046511627907 0 0 0 0 0 0 0 0 0 0 0 0 
  INPUT ---       0 0;
  INPUT ---        1 captive sex 96 0.127659574468085 0 0 0 0 0 0 0 0 0 0 0 0 
  INPUT ---       0 0;
  INPUT ---        1 captive sex 114 0.08 0 0 0 0 0 0 0 0 0 0 0 0 0 0;
  INPUT ---        1 captive sex 120 0.166666666666667 0 0 0 0 0 0 0 0 0 0 0 
  INPUT ---       0 0 0;
  INPUT ---        1 captive sex 115 0.169230769230769 0 0 0 0 0 0 0 0 0 0 0 
  INPUT ---       0 0 0;
  INPUT ---        1 captive sex 126 0.0615384615384615 0 0 0 0 0 0 0 0 0 0 0 
  INPUT ---       0 0 0;
  INPUT ---        1 captive sex 126 0.0776699029126214 0 0 0 0 0 0 0 0 0 0 0 
  INPUT ---       0 0 0;
  INPUT ---        1 captive sex 126 0.170212765957447 0 0 0 0 0 0 0 0 0 0 0 
  INPUT ---       0 0 0;
  INPUT ---        1 captive sex 114 0.0666666666666667 0 0 0 0 0 0 0 0 0 0 0 
  INPUT ---       0 0 0;
  INPUT ---        1 captive sex 126 0.0894308943089431 0 0 0 0 0 0 0 0 0 0 0 
  INPUT ---       0 0 0;
  INPUT ---        1 captive sex 139 0.08 0 0 0 0 0 0 0 0 0 0 0 0 0 0;
  INPUT ---        1 captive sex 168 0.135135135135135 0 0 0 0 0 0 0 0 0 0 0 
  INPUT ---       0 0 0;
  INPUT ---        1 captive sex 180 0.213740458015267 0 0 0 0 0 0 0 0 0 0 0 
  INPUT ---       0 0 0;
  INPUT ---        1 captive sex 174 0.0869565217391304 0 0 0 0 0 0 0 0 0 0 0 
  INPUT ---       0 0 0;
  INPUT ---        1 captive sex 173 0.131428571428571 0 0 0 0 0 0 0 0 0 0 0 
  INPUT ---       0 0 0;
  INPUT ---        1 captive sex 166 0.167441860465116 0 0 0 0 0 0 0 0 0 0 0 
  INPUT ---       0 0 0;
  INPUT ---        1 captive sex 172 0.155 0 0 0 0 0 0 0 0 0 0 0 0 0 0;
  INPUT ---        1 captive sex 166 0.168831168831169 0 0 0 0 0 0 0 0 0 0 0 
  INPUT ---       0 0 0;
  INPUT ---        1 captive sex 171 0.231182795698925 0 0 0 0 0 0 0 0 0 0 0 

  Program  MARK  - Survival Rate Estimation with Capture-Recapture Data
   gfortran(Win64) Vers. 8.1 Mar 2016    5-Aug-2016 15:51:53    Page  006
 - - - - - - - - - - - - - - - - - - - - - - - - - - - - - - - - - - - - - -
 
  INPUT ---       0 0 0;
  INPUT ---        1 captive sex 151 0.224489795918367 0 0 0 0 0 0 0 0 0 0 0 
  INPUT ---       0 0 0;
  INPUT ---        1 captive sex 192 0.125827814569536 0 0 0 0 0 0 0 0 0 0 0 
  INPUT ---       0 0 0;
  INPUT ---        1 captive sex 185 0.201612903225806 0 0 0 0 0 0 0 0 0 0 0 
  INPUT ---       0 0 0;
  INPUT ---        1 captive sex 198 0.244604316546763 0 0 0 0 0 0 0 0 0 0 0 
  INPUT ---       0 0 0;
  INPUT ---        1 captive sex 198 0.282828282828283 0 0 0 0 0 0 0 0 0 0 0 
  INPUT ---       0 0 0;
  INPUT ---        1 captive sex 195 0.314516129032258 0 0 0 0 0 0 0 0 0 0 0 
  INPUT ---       0 0 0;
  INPUT ---        1 captive sex 192 0.137254901960784 0 0 0 0 0 0 0 0 0 0 0 
  INPUT ---       0 0 0;
  INPUT ---        1 captive sex 192 0.266129032258065 0 0 0 0 0 0 0 0 0 0 0 
  INPUT ---       0 0 0;
  INPUT ---        1 captive sex 198 0.198581560283688 0 0 0 0 0 0 0 0 0 0 0 
  INPUT ---       0 0 0;
  INPUT ---        1 captive sex 198 0.293333333333333 0 0 0 0 0 0 0 0 0 0 0 
  INPUT ---       0 0 0;
  INPUT ---        1 captive sex 198 0.202453987730061 0 0 0 0 0 0 0 0 0 0 0 
  INPUT ---       0 0 0;
  INPUT ---        0 0 0 0 0 1 0 0 0 0 0 0 0 0 0 0 0 0 0;
  INPUT ---        0 0 0 0 0 0 1 0 0 0 0 0 0 0 0 0 0 0 0;
  INPUT ---        0 0 0 0 0 0 1 1 0 0 0 0 0 0 0 0 0 0 0;
  INPUT ---        0 0 0 0 0 0 1 0 1 0 0 0 0 0 0 0 0 0 0;
  INPUT ---        0 0 0 0 0 0 1 0 0 1 0 0 0 0 0 0 0 0 0;
  INPUT ---        0 0 0 0 0 0 1 0 0 0 1 0 0 0 0 0 0 0 0;
  INPUT ---        0 0 0 0 0 0 1 0 0 0 0 1 0 0 0 0 0 0 0;
  INPUT ---        0 0 0 0 0 0 0 0 0 0 0 0 1 0 0 0 0 0 0;
  INPUT ---        0 0 0 0 0 0 0 0 0 0 0 0 1 1 0 0 0 0 0;
  INPUT ---        0 0 0 0 0 0 0 0 0 0 0 0 1 0 1 0 0 0 0;
  INPUT ---        0 0 0 0 0 0 0 0 0 0 0 0 1 0 0 1 0 0 0;
  INPUT ---        0 0 0 0 0 0 0 0 0 0 0 0 1 0 0 0 1 0 0;
  INPUT ---        0 0 0 0 0 0 0 0 0 0 0 0 0 0 0 0 0 1 0;
  INPUT ---        0 0 0 0 0 0 0 0 0 0 0 0 0 0 0 0 0 0 1;
  INPUT ---        0 0 0 0 0 0 0 0 0 0 0 0 0 0 0 0 0 0 0;
  INPUT ---        0 0 0 0 0 0 0 0 0 0 0 0 0 0 0 0 0 0 0;

  INPUT ---    links=46;

  INPUT ---    Log;

  INPUT ---    Log;


  Program  MARK  - Survival Rate Estimation with Capture-Recapture Data
   gfortran(Win64) Vers. 8.1 Mar 2016    5-Aug-2016 15:51:53    Page  007
 - - - - - - - - - - - - - - - - - - - - - - - - - - - - - - - - - - - - - -
 
  INPUT ---    Log;

  INPUT ---    Log;

  INPUT ---    Log;

  INPUT ---    Log;

  INPUT ---    Log;

  INPUT ---    Log;

  INPUT ---    Log;

  INPUT ---    Log;

  INPUT ---    Log;

  INPUT ---    Log;

  INPUT ---    Log;

  INPUT ---    Log;

  INPUT ---    Log;

  INPUT ---    Log;

  INPUT ---    Log;

  INPUT ---    Log;

  INPUT ---    Log;

  INPUT ---    Log;

  INPUT ---    Log;

  INPUT ---    Log;

  INPUT ---    Log;

  INPUT ---    Log;

  INPUT ---    Log;


  Program  MARK  - Survival Rate Estimation with Capture-Recapture Data
   gfortran(Win64) Vers. 8.1 Mar 2016    5-Aug-2016 15:51:53    Page  008
 - - - - - - - - - - - - - - - - - - - - - - - - - - - - - - - - - - - - - -
 
  INPUT ---    Log;

  INPUT ---    Log;

  INPUT ---    Log;

  INPUT ---    Log;

  INPUT ---    Log;

  INPUT ---    Log;

  INPUT ---    Log;

  INPUT ---    Log;

  INPUT ---    Log;

  INPUT ---    Log;

  INPUT ---    Log;

  INPUT ---    Log;

  INPUT ---    Logit;

  INPUT ---    Logit;

  INPUT ---    Logit;

  INPUT ---    Logit;

  INPUT ---    Logit;

  INPUT ---    Logit;

  INPUT ---    Logit;

  INPUT ---    Logit;

  INPUT ---    Logit;
  INPUT ---       blabel(1)=alpha:(Intercept);
  INPUT ---       blabel(2)=alpha:captive;
  INPUT ---       blabel(3)=alpha:sex;
  INPUT ---       blabel(4)=alpha:effort.trapdays;
  INPUT ---       blabel(5)=alpha:recordloss.agout.total;

  Program  MARK  - Survival Rate Estimation with Capture-Recapture Data
   gfortran(Win64) Vers. 8.1 Mar 2016    5-Aug-2016 15:51:53    Page  009
 - - - - - - - - - - - - - - - - - - - - - - - - - - - - - - - - - - - - - -
 
  INPUT ---       blabel(6)=sigma:(Intercept);
  INPUT ---       blabel(7)=U:(Intercept);
  INPUT ---       blabel(8)=U:sample_monthB;
  INPUT ---       blabel(9)=U:sample_monthC;
  INPUT ---       blabel(10)=U:sample_monthD;
  INPUT ---       blabel(11)=U:sample_monthE;
  INPUT ---       blabel(12)=U:sample_monthF;
  INPUT ---       blabel(13)=Phi:(Intercept);
  INPUT ---       blabel(14)=Phi:sample_monthB;
  INPUT ---       blabel(15)=Phi:sample_monthC;
  INPUT ---       blabel(16)=Phi:sample_monthD;
  INPUT ---       blabel(17)=Phi:sample_monthE;
  INPUT ---       blabel(18)=GammaDoublePrime:(Intercept);
  INPUT ---       blabel(19)=GammaPrime:(Intercept);
  INPUT ---       rlabel(1)=alpha g1 a0 t1;
  INPUT ---       rlabel(2)=alpha g1 a0.2 t1.2;
  INPUT ---       rlabel(3)=alpha g1 a0.4 t1.4;
  INPUT ---       rlabel(4)=alpha g1 a0.6 t1.6;
  INPUT ---       rlabel(5)=alpha g1 a0.8 t1.8;
  INPUT ---       rlabel(6)=alpha g1 a2.8 t3.8;
  INPUT ---       rlabel(7)=alpha g1 a3 t4;
  INPUT ---       rlabel(8)=alpha g1 a3.2 t4.2;
  INPUT ---       rlabel(9)=alpha g1 a3.4 t4.4;
  INPUT ---       rlabel(10)=alpha g1 a3.6 t4.6;
  INPUT ---       rlabel(11)=alpha g1 a6.1 t7.1;
  INPUT ---       rlabel(12)=alpha g1 a6.3 t7.3;
  INPUT ---       rlabel(13)=alpha g1 a6.5 t7.5;
  INPUT ---       rlabel(14)=alpha g1 a6.7 t7.7;
  INPUT ---       rlabel(15)=alpha g1 a6.9 t7.9;
  INPUT ---       rlabel(16)=alpha g1 a9.567 t10.567;
  INPUT ---       rlabel(17)=alpha g1 a9.767 t10.767;
  INPUT ---       rlabel(18)=alpha g1 a9.967 t10.967;
  INPUT ---       rlabel(19)=alpha g1 a10.167 t11.167;
  INPUT ---       rlabel(20)=alpha g1 a10.367 t11.367;
  INPUT ---       rlabel(21)=alpha g1 a12.134 t13.134;
  INPUT ---       rlabel(22)=alpha g1 a12.334 t13.334;
  INPUT ---       rlabel(23)=alpha g1 a12.534 t13.534;
  INPUT ---       rlabel(24)=alpha g1 a12.734 t13.734;
  INPUT ---       rlabel(25)=alpha g1 a12.934 t13.934;
  INPUT ---       rlabel(26)=alpha g1 a16.101 t17.101;
  INPUT ---       rlabel(27)=alpha g1 a16.301 t17.301;
  INPUT ---       rlabel(28)=alpha g1 a16.501 t17.501;
  INPUT ---       rlabel(29)=alpha g1 a16.701 t17.701;
  INPUT ---       rlabel(30)=alpha g1 a16.901 t17.901;
  INPUT ---       rlabel(31)=sigma g1 a0 t1;
  INPUT ---       rlabel(32)=U g1 a0 t1;

  Program  MARK  - Survival Rate Estimation with Capture-Recapture Data
   gfortran(Win64) Vers. 8.1 Mar 2016    5-Aug-2016 15:51:53    Page  010
 - - - - - - - - - - - - - - - - - - - - - - - - - - - - - - - - - - - - - -
 
  INPUT ---       rlabel(33)=U g1 a2.8 t3.8;
  INPUT ---       rlabel(34)=U g1 a6.1 t7.1;
  INPUT ---       rlabel(35)=U g1 a9.567 t10.567;
  INPUT ---       rlabel(36)=U g1 a12.134 t13.134;
  INPUT ---       rlabel(37)=U g1 a16.101 t17.101;
  INPUT ---       rlabel(38)=Phi g1 c1 a0.8 t1.8;
  INPUT ---       rlabel(39)=Phi g1 c1 a3.6 t4.6;
  INPUT ---       rlabel(40)=Phi g1 c1 a6.9 t7.9;
  INPUT ---       rlabel(41)=Phi g1 c1 a10.367 t11.367;
  INPUT ---       rlabel(42)=Phi g1 c1 a12.934 t13.934;
  INPUT ---       rlabel(43)=Gamma'' g1 c1 a0.8 t1.8;
  INPUT ---       rlabel(44)=Gamma' g1 c1 a0.8 t1.8;
  INPUT ---       rlabel(45)=Phi g1 c1 a0 t1;
  INPUT ---       rlabel(46)=Gamma'' g1 c1 a0 t1;

 Link Function Used is PARM-SPECIFIC

 Variance Estimation Procedure Used is 2ndPart 

 M(t+1):
 Group=Group 1                                                                         
       3      3      3      2      3      5      5      5      2      5      5
       4      4      4      4     10      7      7      7      5      5      5
       5      3      4      5      5      5      4      5


 -2logL(saturated) = -0.0000000    
 Effective Sample Size = 169
 Results from first iteration:
  -2logL Initial { alpha(~1 + captive + sex + effort.trapdays + recordloss.agout.total)sigma(~1)U(~sample_month)Phi(~1 + sample_month)Gamma''(~1)Gamma'(~1) } = 1138.4459     
  Penalty Initial { alpha(~1 + captive + sex + effort.trapdays + recordloss.agout.total)sigma(~1)U(~sample_month)Phi(~1 + sample_month)Gamma''(~1)Gamma'(~1) } = -0.0000000    

 Number of function evaluations was 41 for 19 parameters.
 Time for numerical optimization was 7.14 seconds.
 -2logL { alpha(~1 + captive + sex + effort.trapdays + recordloss.agout.total)sigma(~1)U(~sample_month)Phi(~1 + sample_month)Gamma''(~1)Gamma'(~1) } = 1049.1147     
 Penalty { alpha(~1 + captive + sex + effort.trapdays + recordloss.agout.total)sigma(~1)U(~sample_month)Phi(~1 + sample_month)Gamma''(~1)Gamma'(~1) } = -0.0000000    

   * *  WARNING  * *   Numerical underflow occurred during optimization of this model. 
     IEEE flag status at end of optimization:
     overflow       F
     divide by zero F
     invalid        F
     underflow      T
     inexact        T

 Gradient { alpha(~1 + captive + sex + effort.trapdays + recordloss.agout.total)sigma(~1)U(~sample_month)Phi(~1 + sample_month)Gamma''(~1)Gamma'(~1) }:
 -0.6819953E-03 0.1618114E-02-0.1988810E-02 0.3052767E-03 0.9805119E-03
 -0.5258482E-03 0.1021328E-03-0.6682745E-04-0.9561893E-04-0.3394138E-03
  0.1669326E-03 0.2873727E-03 0.4713356E-04 0.7600610E-04 0.6751220E-04
 -0.3915939E-04 0.2290875E-04-0.6917268E-04  0.000000    

  Program  MARK  - Survival Rate Estimation with Capture-Recapture Data
   gfortran(Win64) Vers. 8.1 Mar 2016    5-Aug-2016 15:52:01    Page  011
 - - - - - - - - - - - - - - - - - - - - - - - - - - - - - - - - - - - - - -
 
 S Vector { alpha(~1 + captive + sex + effort.trapdays + recordloss.agout.total)sigma(~1)U(~sample_month)Phi(~1 + sample_month)Gamma''(~1)Gamma'(~1) }:
   5633.597      393.1152      305.5929      288.0373      254.0569    
   210.8933      126.7356      46.99008      28.96445      10.58404    
   7.600599      4.833961      2.640267      1.700170     0.9504335    
  0.9237115     0.9137994     0.1688875E-04 0.8106035E-08
 Time to compute number of parameters was 3.33 seconds.
   Threshold =  0.4000000E-06     Condition index =  0.1438874E-11     New Threshold =  0.3533339E-07
 New Guessimate of Estimated Parameters { alpha(~1 + captive + sex + effort.trapdays + recordloss.agout.total)sigma(~1)U(~sample_month)Phi(~1 + sample_month)Gamma''(~1)Gamma'(~1) } = 17          
 Conditioned S Vector { alpha(~1 + captive + sex + effort.trapdays + recordloss.agout.total)sigma(~1)U(~sample_month)Phi(~1 + sample_month)Gamma''(~1)Gamma'(~1) }:
   1.000000     0.6978049E-01 0.5424472E-01 0.5112849E-01 0.4509674E-01
  0.3743493E-01 0.2249638E-01 0.8341044E-02 0.5141378E-02 0.1878736E-02
  0.1349156E-02 0.8580594E-03 0.4686646E-03 0.3017911E-03 0.1687081E-03
  0.1639648E-03 0.1622053E-03 0.2997863E-08 0.1438874E-11
 Number of Estimated Parameters { alpha(~1 + captive + sex + effort.trapdays + recordloss.agout.total)sigma(~1)U(~sample_month)Phi(~1 + sample_month)Gamma''(~1)Gamma'(~1) } = 17          
 DEVIANCE { alpha(~1 + captive + sex + effort.trapdays + recordloss.agout.total)sigma(~1)U(~sample_month)Phi(~1 + sample_month)Gamma''(~1)Gamma'(~1) } = 1049.1147                     
 DEVIANCE Degrees of Freedom { alpha(~1 + captive + sex + effort.trapdays + recordloss.agout.total)sigma(~1)U(~sample_month)Phi(~1 + sample_month)Gamma''(~1)Gamma'(~1) } = -3            
 c-hat { alpha(~1 + captive + sex + effort.trapdays + recordloss.agout.total)sigma(~1)U(~sample_month)Phi(~1 + sample_month)Gamma''(~1)Gamma'(~1) } = 1.0000000                     
 AIC { alpha(~1 + captive + sex + effort.trapdays + recordloss.agout.total)sigma(~1)U(~sample_month)Phi(~1 + sample_month)Gamma''(~1)Gamma'(~1) } = 1083.1147                  
 AICc { alpha(~1 + captive + sex + effort.trapdays + recordloss.agout.total)sigma(~1)U(~sample_month)Phi(~1 + sample_month)Gamma''(~1)Gamma'(~1) } = 1087.1676                    
 BIC { alpha(~1 + captive + sex + effort.trapdays + recordloss.agout.total)sigma(~1)U(~sample_month)Phi(~1 + sample_month)Gamma''(~1)Gamma'(~1) } = 1136.3229                    
 Pearson Chisquare { alpha(~1 + captive + sex + effort.trapdays + recordloss.agout.total)sigma(~1)U(~sample_month)Phi(~1 + sample_month)Gamma''(~1)Gamma'(~1) } = 0.1576372E+033             

   * *  WARNING  * *   Numerical underflow occurred during variance-covariance calculation of this model. 
     IEEE flag status at end of variance-covariance calculation:
     overflow       F
     divide by zero F
     invalid        F
     underflow      T
     inexact        T



 PARM-SPECIFIC Link Function Parameters of { alpha(~1 + captive + sex + effort.trapdays + recordloss.agout.total)sigma(~1)U(~sample_month)Phi(~1 + sample_month)Gamma''(~1)Gamma'(~1) }
                                                              95% Confidence Interval
 Parameter                    Beta         Standard Error      Lower           Upper
 -------------------------  --------------  --------------  --------------  --------------
    1:alpha:(Intercept)     0.3671646       0.3514163       -0.3216114      1.0559407     
    2:alpha:captive         0.2646232       0.1075406       0.0538437       0.4754028     
    3:alpha:sex             0.5088575       0.2025784       0.1118038       0.9059112     
    4:alpha:effort.trapday  0.0039774       0.0017851       0.4786601E-003  0.0074762     
    5:alpha:recordloss.ago  -2.8494019      0.5499235       -3.9272520      -1.7715518    
    6:sigma:(Intercept)     -0.8160192      0.1423281       -1.0949822      -0.5370561    
    7:U:(Intercept)         2.5620293       0.1399593       2.2877091       2.8363495     
    8:U:sample_monthB       0.3609594       0.1298454       0.1064624       0.6154563     
    9:U:sample_monthC       0.4267508       0.1487120       0.1352754       0.7182263     
   10:U:sample_monthD       0.8756884       0.1471647       0.5872456       1.1641312     
   11:U:sample_monthE       0.3620415       0.1678691       0.0330180       0.6910650     
   12:U:sample_monthF       0.6615477       0.1727622       0.3229337       1.0001617     
   13:Phi:(Intercept)       11.576560       108.82153       -201.71363      224.86675     
   14:Phi:sample_monthB     -9.2055941      108.82657       -222.50568      204.09449     
   15:Phi:sample_monthC     -9.1376252      108.82528       -222.43518      204.15993     
   16:Phi:sample_monthD     -10.646802      108.82269       -223.93928      202.64568     
   17:Phi:sample_monthE     -8.9591867      108.82665       -222.25942      204.34104     
   18:GammaDoublePrime:(In  -2.9440401      1.0257444       -4.9544992      -0.9335811    
   19:GammaPrime:(Intercep  17.724958       0.0000000       17.724958       17.724958     

  Program  MARK  - Survival Rate Estimation with Capture-Recapture Data
   gfortran(Win64) Vers. 8.1 Mar 2016    5-Aug-2016 15:52:01    Page  012
 - - - - - - - - - - - - - - - - - - - - - - - - - - - - - - - - - - - - - -
 


 Real Function Parameters of { alpha(~1 + captive + sex + effort.trapdays + recordloss.agout.total)sigma(~1)U(~sample_month)Phi(~1 + sample_month)Gamma''(~1)Gamma'(~1) }

      Following estimates based on unstandardized individual covariate values:
          Variable   Value         
          ---------  ------------- 
          CAPTIVE    0.2142857     
          SEX        0.8461538     
                                                               95% Confidence Interval
  Parameter                  Estimate       Standard Error      Lower           Upper
 --------------------------  --------------  --------------  --------------  --------------
     1:alpha g1 a0 t1        2.0261784       0.2943549       1.5263758       2.6896385                           
     2:alpha g1 a0.2 t1.2    2.3929318       0.3219953       1.8403615       3.1114119                           
     3:alpha g1 a0.4 t1.4    2.9444263       0.3202314       2.3806503       3.6417135                           
     4:alpha g1 a0.6 t1.6    2.3556820       0.2509267       1.9129378       2.9008982                           
     5:alpha g1 a0.8 t1.8    2.2924866       0.2606530       1.8358409       2.8627180                           
     6:alpha g1 a2.8 t3.8    3.2551790       0.3240170       2.6795039       3.9545344                           
     7:alpha g1 a3 t4        3.1089415       0.3023062       2.5706137       3.7600037                           
     8:alpha g1 a3.2 t4.2    2.3883207       0.2376202       1.9661259       2.9011753                           
     9:alpha g1 a3.4 t4.4    3.0584432       0.3354606       2.4683967       3.7895346                           
    10:alpha g1 a3.6 t4.6    3.0064817       0.2887510       2.4916833       3.6276407                           
    11:alpha g1 a6.1 t7.1    3.2522571       0.2874266       2.7359153       3.8660468                           
    12:alpha g1 a6.3 t7.3    3.1192482       0.2375712       2.6872770       3.6206574                           
    13:alpha g1 a6.5 t7.5    2.6152058       0.2012722       2.2495257       3.0403304                           
    14:alpha g1 a6.7 t7.7    3.6646642       0.3367449       3.0618256       4.3861949                           
    15:alpha g1 a6.9 t7.9    3.2156855       0.2546375       2.7540659       3.7546789                           
    16:alpha g1 a9.567 t10.  2.8223852       0.2044047       2.4493422       3.2522439                           
    17:alpha g1 a9.767 t10.  2.9948636       0.2242764       2.5865509       3.4676324                           
    18:alpha g1 a9.967 t10.  2.8112343       0.2034888       2.4398487       3.2391511                           
    19:alpha g1 a10.167 t11  2.4009053       0.1868106       2.0617837       2.7958055                           
    20:alpha g1 a10.367 t11  2.2600088       0.1924796       1.9131320       2.6697790                           
    21:alpha g1 a12.134 t13  3.5239065       0.3419331       2.9148899       4.2601667                           
    22:alpha g1 a12.334 t13  2.7615334       0.2187254       2.3650242       3.2245196                           
    23:alpha g1 a12.534 t13  2.5727945       0.2329628       2.1551917       3.0713144                           
    24:alpha g1 a12.734 t13  2.3072981       0.2209290       1.9133026       2.7824270                           
    25:alpha g1 a12.934 t13  2.0830925       0.2125473       1.7063960       2.5429468                           
    26:alpha g1 a16.101 t17  3.4110147       0.3209346       2.8377288       4.1001173                           
    27:alpha g1 a16.301 t17  2.3626778       0.2109737       1.9840221       2.8136008                           
    28:alpha g1 a16.501 t17  2.9333056       0.2656923       2.4570466       3.5018797                           
    29:alpha g1 a16.701 t17  2.2392570       0.2192841       1.8490363       2.7118298                           
    30:alpha g1 a16.901 t17  2.9011171       0.2619779       2.4313882       3.4615946                           
    31:sigma g1 a0 t1        0.4421884       0.0629358       0.3350134       0.5836501                           
    32:U g1 a0 t1            12.962095       1.8141655       9.8654470       17.030744                           
    33:U g1 a2.8 t3.8        18.596785       2.0616558       14.974737       23.094923                           
    34:U g1 a6.1 t7.1        19.861440       1.6531442       16.876520       23.374298                           

  Program  MARK  - Survival Rate Estimation with Capture-Recapture Data
   gfortran(Win64) Vers. 8.1 Mar 2016    5-Aug-2016 15:52:01    Page  013
 - - - - - - - - - - - - - - - - - - - - - - - - - - - - - - - - - - - - - -
 
    35:U g1 a9.567 t10.567   31.115862       2.2965220       26.930389       35.951834                           
    36:U g1 a12.134 t13.134  18.616920       1.6324259       15.682369       22.100596                           
    37:U g1 a16.101 t17.101  25.117807       2.2718135       21.045003       29.978813                           
    38:Phi g1 c1 a0.8 t1.8   0.9999906       0.0010211       0.2493914E-087  1.0000000                           
    39:Phi g1 c1 a3.6 t4.6   0.9145863       0.0818156       0.5788846       0.9881527                           
    40:Phi g1 c1 a6.9 t7.9   0.9197485       0.0771068       0.5966253       0.9888648                           
    41:Phi g1 c1 a10.367 t1  0.7170263       0.1209818       0.4405526       0.8907511                           
    42:Phi g1 c1 a12.934 t1  0.9319714       0.0657998       0.6418054       0.9905434                           
    43:Gamma'' g1 c1 a0.8 t  0.0500189       0.0487403       0.0070022       0.2821987                           
    44:Gamma' g1 c1 a0.8 t1  1.0000000       0.0000000       1.0000000       1.0000000                           
    45:Phi g1 c1 a0 t1       1.0000000       0.0000000       1.0000000       1.0000000       Fixed               
    46:Gamma'' g1 c1 a0 t1   0.0000000       0.0000000       0.0000000       0.0000000       Fixed               

  Program  MARK  - Survival Rate Estimation with Capture-Recapture Data
   gfortran(Win64) Vers. 8.1 Mar 2016    5-Aug-2016 15:52:01    Page  014
 - - - - - - - - - - - - - - - - - - - - - - - - - - - - - - - - - - - - - -
 


                      Estimates of Derived Parameters
 Population Estimates of { alpha(~1 + captive + sex + effort.trapdays + recordloss.agout.total)sigma(~1)U(~sample_month)Phi(~1 + sample_month)Gamma''(~1)Gamma'(~1) }
                                                95% Confidence Interval
 Grp. Occ.   N-hat           Standard Error      Lower           Upper
 ---- ----   --------------  --------------  --------------  --------------
   1     1   15.962095       1.8141665       12.783664       19.930786     
   1     2   15.962095       1.8141665       12.783664       19.930786     
   1     3   15.962095       1.8141665       12.783664       19.930786     
   1     4   15.122913       1.8475789       11.913147       19.197489     
   1     5   15.962095       1.8141665       12.783664       19.930786     
   1     6   23.596785       2.0616565       19.889467       27.995133     
   1     7   23.596785       2.0616565       19.889467       27.995133     
   1     8   23.596785       2.0616565       19.889467       27.995133     
   1     9   20.744471       2.0913606       17.033484       25.263950     
   1    10   23.596785       2.0616565       19.889467       27.995133     
   1    11   25.123550       1.6895714       22.024233       28.659013     
   1    12   24.081765       1.6837177       21.001319       27.614049     
   1    13   24.195527       1.6889060       21.105238       27.738304     
   1    14   24.031614       1.6816403       20.955149       27.559742     
   1    15   24.098546       1.6855716       21.014793       27.634814     
   1    16   38.901163       2.4068202       34.462594       43.911393     
   1    17   38.681546       2.3685562       34.310787       43.609085     
   1    18   38.907563       2.4075021       34.467768       43.919248     
   1    19   39.122240       2.4184345       34.662019       44.156391     
   1    20   37.097624       2.4307216       32.631130       42.175485     
   1    21   22.844807       1.6679969       19.802457       26.354567     
   1    22   24.108044       1.6943898       21.009196       27.663972     
   1    23   24.122640       1.7026568       21.009596       27.696951     
   1    24   21.980682       1.6814577       18.924329       25.530647     
   1    25   23.318232       1.7239001       20.176762       26.948820     
   1    26   30.379273       2.3190838       26.163255       35.274671     
   1    27   30.723940       2.3594355       26.436503       35.706707     
   1    28   30.494480       2.3377325       26.245918       35.430778     
   1    29   29.697990       2.3587748       25.422897       34.691978     
   1    30   30.504235       2.3389799       26.253475       35.443245     
 Mean Resighting Rate Estimates of { alpha(~1 + captive + sex + effort.trapdays + recordloss.agout.total)sigma(~1)U(~sample_month)Phi(~1 + sample_month)Gamma''(~1)Gamma'(~1) }
                                                95% Confidence Interval
 Grp. Occ.   Lambda-hat      Standard Error      Lower           Upper
 ---- ----   --------------  --------------  --------------  --------------
   1     1   2.2342750       0.3115047       1.7022755       2.9325363     
   1     2   2.6386954       0.3391327       2.0532231       3.3911139     
   1     3   3.2468305       0.3291346       2.6631234       3.9584753     
   1     4   2.5976199       0.2554212       2.1432734       3.1482820     
   1     5   2.5279341       0.2681733       2.0545549       3.1103819     
   1     6   3.5894988       0.3282370       3.0016313       4.2924996     
   1     7   3.4282421       0.3044671       2.8815230       4.0786915     
   1     8   2.6336107       0.2385837       2.2059504       3.1441801     
   1     9   3.3725574       0.3455190       2.7604479       4.1203977     

  Program  MARK  - Survival Rate Estimation with Capture-Recapture Data
   gfortran(Win64) Vers. 8.1 Mar 2016    5-Aug-2016 15:52:01    Page  015
 - - - - - - - - - - - - - - - - - - - - - - - - - - - - - - - - - - - - - -
 
   1    10   3.3152592       0.2897913       2.7941710       3.9335258     
   1    11   3.9610934       0.2880641       3.4355264       4.5670616     
   1    12   3.6723448       0.2231128       3.2604345       4.1362942     
   1    13   3.3342380       0.1923507       2.9780435       3.7330358     
   1    14   4.7553178       0.3414819       4.1317284       5.4730236     
   1    15   4.4813790       0.2518341       4.0143445       5.0027489     
   1    16   3.6349764       0.1918506       3.2779808       4.0308515     
   1    17   4.2270854       0.2185149       3.8200370       4.6775073     
   1    18   3.8834513       0.1949784       3.5197131       4.2847794     
   1    19   3.2787163       0.1843256       2.9368863       3.6603324     
   1    20   3.0144656       0.1959147       2.6542799       3.4235285     
   1    21   5.3073377       0.3598667       4.6475674       6.0607693     
   1    22   3.4095259       0.2091900       3.0235487       3.8447759     
   1    23   3.1961221       0.2325490       2.7718567       3.6853264     
   1    24   3.1277127       0.2307305       2.7071852       3.6135638     
   1    25   4.0001782       0.2623686       3.5181031       4.5483106     
   1    26   4.1387497       0.3222393       3.5538106       4.8199667     
   1    27   2.6053341       0.2026663       2.2374223       3.0337438     
   1    28   3.7873304       0.2675464       3.2981919       4.3490107     
   1    29   3.1206108       0.2328556       2.6965664       3.6113377     
   1    30   3.7507390       0.2637251       3.2684295       4.3042210     
 Pr(Captured 1 or more times) of { alpha(~1 + captive + sex + effort.trapdays + recordloss.agout.total)sigma(~1)U(~sample_month)Phi(~1 + sample_month)Gamma''(~1)Gamma'(~1) }
                                                95% Confidence Interval
 Grp. Occ.      p*-hat       Standard Error      Lower           Upper
 ---- ----   --------------  --------------  --------------  --------------
   1     1   0.2942639       0.0107661       0.2736119       0.3157971     
   1     2   0.3048426       0.0083993       0.2886338       0.3215501     
   1     3   0.3151318       0.0054962       0.3044599       0.3260024     
   1     4   0.4627876       0.0110442       0.4412244       0.4844909     
   1     5   0.3023162       0.0078452       0.2871647       0.3179107     
   1     6   0.1900591       0.0029487       0.1843468       0.1959059     
   1     7   0.1889286       0.0031033       0.1829210       0.1950864     
   1     8   0.1806736       0.0043292       0.1723430       0.1893147     
   1     9   0.4656173       0.0101765       0.4457367       0.4856077     
   1    10   0.1880487       0.0032233       0.1818124       0.1944482     
   1    11   0.1929698       0.0020494       0.1889848       0.1970184     
   1    12   0.2394956       0.0028106       0.2340302       0.2450477     
   1    13   0.2373128       0.0030615       0.2313647       0.2433654     
   1    14   0.2447457       0.0017898       0.2412546       0.2482708     
   1    15   0.2440944       0.0017312       0.2407173       0.2475035     
   1    16   0.1342830       0.0019133       0.1305770       0.1380775     
   1    17   0.1382247       0.0011886       0.1359115       0.1405708     
   1    18   0.1354929       0.0018091       0.1319861       0.1390780     
   1    19   0.1324793       0.0021058       0.1284061       0.1366614     
   1    20   0.1788462       0.0046183       0.1699728       0.1880778     
   1    21   0.2463428       0.0013158       0.2437729       0.2489309     
   1    22   0.1871142       0.0029524       0.1813963       0.1929699     
   1    23   0.1867794       0.0031758       0.1806345       0.1930841     
   1    24   0.3122170       0.0051034       0.3023028       0.3223061     
   1    25   0.2415546       0.0024665       0.2367533       0.2464218     

  Program  MARK  - Survival Rate Estimation with Capture-Recapture Data
   gfortran(Win64) Vers. 8.1 Mar 2016    5-Aug-2016 15:52:01    Page  016
 - - - - - - - - - - - - - - - - - - - - - - - - - - - - - - - - - - - - - -
 
   1    26   0.1929928       0.0021967       0.1887238       0.1973348     
   1    27   0.1783761       0.0044400       0.1698393       0.1872452     
   1    28   0.1915697       0.0023354       0.1870340       0.1961889     
   1    29   0.2324201       0.0041466       0.2243921       0.2406462     
   1    30   0.1913565       0.0023683       0.1867575       0.1960414     

 Attempted ordering of parameters by estimatibility:
   1  7 10 12 11  9  2  6  8  3  4 13  5 16 18 17 15 14 19
 Beta number 19 is a singular value.

     CPU Time in seconds for last procedure was 10.75


  INPUT --- proc stop;

   * *  WARNING  * *   Numerical underflow occurred during final processing of this model. 
     IEEE flag status at final processing of this model:
     overflow       F
     divide by zero F
     invalid        F
     underflow      T
     inexact        T


     CPU Time in minutes for this job was 0.18

     Time Start = 15:51:53.803   Time End = 15:52:01.475

     Wall Clock Time in minutes for this job was 0.13


          E X E C U T I O N   S U C C E S S F U L 
