
   Program  MARK  - Survival Rate Estimation with Capture-Recapture Data
   gfortran(Win64) Vers. 8.1 Mar 2016    5-Aug-2016 15:45:30    Page  001
 - - - - - - - - - - - - - - - - - - - - - - - - - - - - - - - - - - - - - -
 
   This version was compiled by GCC version 5.3.0 using the options: 
     -cpp -iprefix c:\tdm-gcc-64\gcc\bin\../lib/gcc/x86_64-w64-mingw32/5.3.0/ -D_MT
     -U_REENTRANT -D IEEE -m64 -mtune=generic -march=x86-64 -mthreads -O2
     -fimplicit-none -fbounds-check -funroll-loops -ftree-vectorize
     -ffpe-summary=invalid,zero,overflow,underflow -fno-unsafe-math-optimizations
     -frounding-math -fsignaling-nans -fopenmp.

   This problem will use 3 of 4 possible threads.


  INPUT --- proc title ;

     CPU Time in seconds for last procedure was 0.00


  INPUT --- proc chmatrix occasions= 30 groups= 1 etype= PoissonMR 
  INPUT --- icovar = 32 ICMeans NoHist  hist= 14 ;

  INPUT ---    time interval 0.2 0.2 0.2 0.2 2 0.2 0.2 0.2 0.2 2.5 0.2 0.2 
  INPUT ---    0.2 0.2 2.667 0.2 0.2 0.2  0.2 1.767 0.2 0.2 0.2 0.2 3.167 
  INPUT ---    0.2 0.2 0.2 0.2 ;

  INPUT ---     icovariates captive age.t1 age.t1.2 age.t1.4  age.t1.6 
  INPUT ---    age.t1.8 age.t3.8 age.t4 age.t4.2 age.t4.4 age.t4.6 
  INPUT ---    age.t7.1 age.t7.3 age.t7.5 age.t7.7  age.t7.9 age.t10.567 
  INPUT ---    age.t10.767 age.t10.967 age.t11.167 age.t11.367 age.t13.134 
  INPUT ---    age.t13.334  age.t13.534 age.t13.734 age.t13.934 
  INPUT ---    age.t17.101 age.t17.301 age.t17.501 age.t17.701 age.t17.901 
  INPUT ---     sex ;

  INPUT ---    glabel(1)=Group 1;

      Number of unique encounter histories read was 14.

      Number of individual covariates read was 32.
      Time interval lengths vary and/or not equal to 1.

      Data type number is 115
      Data type is Poisson Mark Resight with Robust Design                                                             

     CPU Time in seconds for last procedure was 0.02

  Program  MARK  - Survival Rate Estimation with Capture-Recapture Data
   gfortran(Win64) Vers. 8.1 Mar 2016    5-Aug-2016 15:45:30    Page  002
 - - - - - - - - - - - - - - - - - - - - - - - - - - - - - - - - - - - - - -
 


  INPUT --- proc estimate link=Parm-Specific NOLOOP varest=2ndPart    ;


  INPUT --- model={ alpha(~1 + captive + age.t + sex + 
  INPUT --- recordloss.agout.total)sigma(~1)U(~sample_month)Phi(~1)Gamma
  INPUT --- ''(~1)Gamma'(~1) };

  INPUT ---    fixed=2;
  INPUT ---        parm(41)=1 ;
  INPUT ---        parm(42)=0 ;

  INPUT ---    group=1 alpha    rows=1 cols=30 Square ;
  INPUT ---        1 2 3 4 5 6 7 8 9 10 11 12 13 14 15 16 17 18 19 20 21 22 
  INPUT ---       23 24 25 26 27 28 29 30 ;

  INPUT ---    group=1 sigma    rows=1 cols=30 Square ;
  INPUT ---        31 31 31 31 31 31 31 31 31 31 31 31 31 31 31 31 31 31 31 
  INPUT ---       31 31 31 31 31 31 31 31 31 31 31 ;

  INPUT ---    group=1 U    rows=1 cols=30 Square ;
  INPUT ---        32 32 32 32 32 33 33 33 33 33 34 34 34 34 34 35 35 35 35 
  INPUT ---       35 36 36 36 36 36 37 37 37 37 37 ;

  INPUT ---    group=1 Phi    rows=29 cols=29 Triang ;
  INPUT ---        41 41 41 41 38 41 41 41 41 38 41 41 41 41 38 41 41 41 41 
  INPUT ---       38 41 41 41 41 38 41 41 41 41 ;
  INPUT ---        41 41 41 41 41 41 41 41 41 41 41 41 41 41 41 41 41 41 41 
  INPUT ---       41 41 41 41 41 41 41 41 41 ;
  INPUT ---        41 41 41 41 41 41 41 41 41 41 41 41 41 41 41 41 41 41 41 
  INPUT ---       41 41 41 41 41 41 41 41 ;
  INPUT ---        41 41 41 41 41 41 41 41 41 41 41 41 41 41 41 41 41 41 41 
  INPUT ---       41 41 41 41 41 41 41 ;
  INPUT ---        41 41 41 41 41 41 41 41 41 41 41 41 41 41 41 41 41 41 41 
  INPUT ---       41 41 41 41 41 41 ;
  INPUT ---        41 41 41 41 38 41 41 41 41 38 41 41 41 41 38 41 41 41 41 
  INPUT ---       38 41 41 41 41 ;
  INPUT ---        41 41 41 41 41 41 41 41 41 41 41 41 41 41 41 41 41 41 41 
  INPUT ---       41 41 41 41 ;
  INPUT ---        41 41 41 41 41 41 41 41 41 41 41 41 41 41 41 41 41 41 41 
  INPUT ---       41 41 41 ;
  INPUT ---        41 41 41 41 41 41 41 41 41 41 41 41 41 41 41 41 41 41 41 
  INPUT ---       41 41 ;
  INPUT ---        41 41 41 41 41 41 41 41 41 41 41 41 41 41 41 41 41 41 41 
  INPUT ---       41 ;

  Program  MARK  - Survival Rate Estimation with Capture-Recapture Data
   gfortran(Win64) Vers. 8.1 Mar 2016    5-Aug-2016 15:45:30    Page  003
 - - - - - - - - - - - - - - - - - - - - - - - - - - - - - - - - - - - - - -
 
  INPUT ---        41 41 41 41 38 41 41 41 41 38 41 41 41 41 38 41 41 41 41 ;
  INPUT ---        41 41 41 41 41 41 41 41 41 41 41 41 41 41 41 41 41 41 ;
  INPUT ---        41 41 41 41 41 41 41 41 41 41 41 41 41 41 41 41 41 ;
  INPUT ---        41 41 41 41 41 41 41 41 41 41 41 41 41 41 41 41 ;
  INPUT ---        41 41 41 41 41 41 41 41 41 41 41 41 41 41 41 ;
  INPUT ---        41 41 41 41 38 41 41 41 41 38 41 41 41 41 ;
  INPUT ---        41 41 41 41 41 41 41 41 41 41 41 41 41 ;
  INPUT ---        41 41 41 41 41 41 41 41 41 41 41 41 ;
  INPUT ---        41 41 41 41 41 41 41 41 41 41 41 ;
  INPUT ---        41 41 41 41 41 41 41 41 41 41 ;
  INPUT ---        41 41 41 41 38 41 41 41 41 ;
  INPUT ---        41 41 41 41 41 41 41 41 ;
  INPUT ---        41 41 41 41 41 41 41 ;
  INPUT ---        41 41 41 41 41 41 ;
  INPUT ---        41 41 41 41 41 ;
  INPUT ---        41 41 41 41 ;
  INPUT ---        41 41 41 ;
  INPUT ---        41 41 ;
  INPUT ---        41 ;

  INPUT ---    group=1 Gamma''    rows=29 cols=29 Triang ;
  INPUT ---        42 42 42 42 39 42 42 42 42 39 42 42 42 42 39 42 42 42 42 
  INPUT ---       39 42 42 42 42 39 42 42 42 42 ;
  INPUT ---        42 42 42 42 42 42 42 42 42 42 42 42 42 42 42 42 42 42 42 
  INPUT ---       42 42 42 42 42 42 42 42 42 ;
  INPUT ---        42 42 42 42 42 42 42 42 42 42 42 42 42 42 42 42 42 42 42 
  INPUT ---       42 42 42 42 42 42 42 42 ;
  INPUT ---        42 42 42 42 42 42 42 42 42 42 42 42 42 42 42 42 42 42 42 
  INPUT ---       42 42 42 42 42 42 42 ;
  INPUT ---        42 42 42 42 42 42 42 42 42 42 42 42 42 42 42 42 42 42 42 
  INPUT ---       42 42 42 42 42 42 ;
  INPUT ---        42 42 42 42 39 42 42 42 42 39 42 42 42 42 39 42 42 42 42 
  INPUT ---       39 42 42 42 42 ;
  INPUT ---        42 42 42 42 42 42 42 42 42 42 42 42 42 42 42 42 42 42 42 
  INPUT ---       42 42 42 42 ;
  INPUT ---        42 42 42 42 42 42 42 42 42 42 42 42 42 42 42 42 42 42 42 
  INPUT ---       42 42 42 ;
  INPUT ---        42 42 42 42 42 42 42 42 42 42 42 42 42 42 42 42 42 42 42 
  INPUT ---       42 42 ;
  INPUT ---        42 42 42 42 42 42 42 42 42 42 42 42 42 42 42 42 42 42 42 
  INPUT ---       42 ;
  INPUT ---        42 42 42 42 39 42 42 42 42 39 42 42 42 42 39 42 42 42 42 ;
  INPUT ---        42 42 42 42 42 42 42 42 42 42 42 42 42 42 42 42 42 42 ;
  INPUT ---        42 42 42 42 42 42 42 42 42 42 42 42 42 42 42 42 42 ;
  INPUT ---        42 42 42 42 42 42 42 42 42 42 42 42 42 42 42 42 ;
  INPUT ---        42 42 42 42 42 42 42 42 42 42 42 42 42 42 42 ;

  Program  MARK  - Survival Rate Estimation with Capture-Recapture Data
   gfortran(Win64) Vers. 8.1 Mar 2016    5-Aug-2016 15:45:30    Page  004
 - - - - - - - - - - - - - - - - - - - - - - - - - - - - - - - - - - - - - -
 
  INPUT ---        42 42 42 42 39 42 42 42 42 39 42 42 42 42 ;
  INPUT ---        42 42 42 42 42 42 42 42 42 42 42 42 42 ;
  INPUT ---        42 42 42 42 42 42 42 42 42 42 42 42 ;
  INPUT ---        42 42 42 42 42 42 42 42 42 42 42 ;
  INPUT ---        42 42 42 42 42 42 42 42 42 42 ;
  INPUT ---        42 42 42 42 39 42 42 42 42 ;
  INPUT ---        42 42 42 42 42 42 42 42 ;
  INPUT ---        42 42 42 42 42 42 42 ;
  INPUT ---        42 42 42 42 42 42 ;
  INPUT ---        42 42 42 42 42 ;
  INPUT ---        42 42 42 42 ;
  INPUT ---        42 42 42 ;
  INPUT ---        42 42 ;
  INPUT ---        42 ;

  INPUT ---    group=1 Gamma'    rows=28 cols=28 Triang ;
  INPUT ---        42 42 42 40 42 42 42 42 40 42 42 42 42 40 42 42 42 42 40 
  INPUT ---       42 42 42 42 40 42 42 42 42 ;
  INPUT ---        42 42 42 42 42 42 42 42 42 42 42 42 42 42 42 42 42 42 42 
  INPUT ---       42 42 42 42 42 42 42 42 ;
  INPUT ---        42 42 42 42 42 42 42 42 42 42 42 42 42 42 42 42 42 42 42 
  INPUT ---       42 42 42 42 42 42 42 ;
  INPUT ---        42 42 42 42 42 42 42 42 42 42 42 42 42 42 42 42 42 42 42 
  INPUT ---       42 42 42 42 42 42 ;
  INPUT ---        42 42 42 42 42 42 42 42 42 42 42 42 42 42 42 42 42 42 42 
  INPUT ---       42 42 42 42 42 ;
  INPUT ---        42 42 42 40 42 42 42 42 40 42 42 42 42 40 42 42 42 42 40 
  INPUT ---       42 42 42 42 ;
  INPUT ---        42 42 42 42 42 42 42 42 42 42 42 42 42 42 42 42 42 42 42 
  INPUT ---       42 42 42 ;
  INPUT ---        42 42 42 42 42 42 42 42 42 42 42 42 42 42 42 42 42 42 42 
  INPUT ---       42 42 ;
  INPUT ---        42 42 42 42 42 42 42 42 42 42 42 42 42 42 42 42 42 42 42 
  INPUT ---       42 ;
  INPUT ---        42 42 42 42 42 42 42 42 42 42 42 42 42 42 42 42 42 42 42 ;
  INPUT ---        42 42 42 40 42 42 42 42 40 42 42 42 42 40 42 42 42 42 ;
  INPUT ---        42 42 42 42 42 42 42 42 42 42 42 42 42 42 42 42 42 ;
  INPUT ---        42 42 42 42 42 42 42 42 42 42 42 42 42 42 42 42 ;
  INPUT ---        42 42 42 42 42 42 42 42 42 42 42 42 42 42 42 ;
  INPUT ---        42 42 42 42 42 42 42 42 42 42 42 42 42 42 ;
  INPUT ---        42 42 42 40 42 42 42 42 40 42 42 42 42 ;
  INPUT ---        42 42 42 42 42 42 42 42 42 42 42 42 ;
  INPUT ---        42 42 42 42 42 42 42 42 42 42 42 ;
  INPUT ---        42 42 42 42 42 42 42 42 42 42 ;
  INPUT ---        42 42 42 42 42 42 42 42 42 ;
  INPUT ---        42 42 42 40 42 42 42 42 ;

  Program  MARK  - Survival Rate Estimation with Capture-Recapture Data
   gfortran(Win64) Vers. 8.1 Mar 2016    5-Aug-2016 15:45:30    Page  005
 - - - - - - - - - - - - - - - - - - - - - - - - - - - - - - - - - - - - - -
 
  INPUT ---        42 42 42 42 42 42 42 ;
  INPUT ---        42 42 42 42 42 42 ;
  INPUT ---        42 42 42 42 42 ;
  INPUT ---        42 42 42 42 ;
  INPUT ---        42 42 42 ;
  INPUT ---        42 42 ;
  INPUT ---        42 ;

  INPUT ---    initial  0.8492118 0 0 0 0 -0.3123225 3.139572 0 0 0 0 0 
  INPUT ---    2.0066797 -2.9445172 17.724958  ;

  INPUT ---    design matrix constraints=42 covariates=15;
  INPUT ---        1 captive age.t1 sex 0.186046511627907 0 0 0 0 0 0 0 0 0 0;
  INPUT ---        1 captive age.t1.2 sex 0.127659574468085 0 0 0 0 0 0 0 0 0 
  INPUT ---       0;
  INPUT ---        1 captive age.t1.4 sex 0.08 0 0 0 0 0 0 0 0 0 0;
  INPUT ---        1 captive age.t1.6 sex 0.166666666666667 0 0 0 0 0 0 0 0 0 
  INPUT ---       0;
  INPUT ---        1 captive age.t1.8 sex 0.169230769230769 0 0 0 0 0 0 0 0 0 
  INPUT ---       0;
  INPUT ---        1 captive age.t3.8 sex 0.0615384615384615 0 0 0 0 0 0 0 0 
  INPUT ---       0 0;
  INPUT ---        1 captive age.t4 sex 0.0776699029126214 0 0 0 0 0 0 0 0 0 
  INPUT ---       0;
  INPUT ---        1 captive age.t4.2 sex 0.170212765957447 0 0 0 0 0 0 0 0 0 
  INPUT ---       0;
  INPUT ---        1 captive age.t4.4 sex 0.0666666666666667 0 0 0 0 0 0 0 0 
  INPUT ---       0 0;
  INPUT ---        1 captive age.t4.6 sex 0.0894308943089431 0 0 0 0 0 0 0 0 
  INPUT ---       0 0;
  INPUT ---        1 captive age.t7.1 sex 0.08 0 0 0 0 0 0 0 0 0 0;
  INPUT ---        1 captive age.t7.3 sex 0.135135135135135 0 0 0 0 0 0 0 0 0 
  INPUT ---       0;
  INPUT ---        1 captive age.t7.5 sex 0.213740458015267 0 0 0 0 0 0 0 0 0 
  INPUT ---       0;
  INPUT ---        1 captive age.t7.7 sex 0.0869565217391304 0 0 0 0 0 0 0 0 
  INPUT ---       0 0;
  INPUT ---        1 captive age.t7.9 sex 0.131428571428571 0 0 0 0 0 0 0 0 0 
  INPUT ---       0;
  INPUT ---        1 captive age.t10.567 sex 0.167441860465116 0 0 0 0 0 0 0 
  INPUT ---       0 0 0;
  INPUT ---        1 captive age.t10.767 sex 0.155 0 0 0 0 0 0 0 0 0 0;
  INPUT ---        1 captive age.t10.967 sex 0.168831168831169 0 0 0 0 0 0 0 
  INPUT ---       0 0 0;
  INPUT ---        1 captive age.t11.167 sex 0.231182795698925 0 0 0 0 0 0 0 
  INPUT ---       0 0 0;

  Program  MARK  - Survival Rate Estimation with Capture-Recapture Data
   gfortran(Win64) Vers. 8.1 Mar 2016    5-Aug-2016 15:45:30    Page  006
 - - - - - - - - - - - - - - - - - - - - - - - - - - - - - - - - - - - - - -
 
  INPUT ---        1 captive age.t11.367 sex 0.224489795918367 0 0 0 0 0 0 0 
  INPUT ---       0 0 0;
  INPUT ---        1 captive age.t13.134 sex 0.125827814569536 0 0 0 0 0 0 0 
  INPUT ---       0 0 0;
  INPUT ---        1 captive age.t13.334 sex 0.201612903225806 0 0 0 0 0 0 0 
  INPUT ---       0 0 0;
  INPUT ---        1 captive age.t13.534 sex 0.244604316546763 0 0 0 0 0 0 0 
  INPUT ---       0 0 0;
  INPUT ---        1 captive age.t13.734 sex 0.282828282828283 0 0 0 0 0 0 0 
  INPUT ---       0 0 0;
  INPUT ---        1 captive age.t13.934 sex 0.314516129032258 0 0 0 0 0 0 0 
  INPUT ---       0 0 0;
  INPUT ---        1 captive age.t17.101 sex 0.137254901960784 0 0 0 0 0 0 0 
  INPUT ---       0 0 0;
  INPUT ---        1 captive age.t17.301 sex 0.266129032258065 0 0 0 0 0 0 0 
  INPUT ---       0 0 0;
  INPUT ---        1 captive age.t17.501 sex 0.198581560283688 0 0 0 0 0 0 0 
  INPUT ---       0 0 0;
  INPUT ---        1 captive age.t17.701 sex 0.293333333333333 0 0 0 0 0 0 0 
  INPUT ---       0 0 0;
  INPUT ---        1 captive age.t17.901 sex 0.202453987730061 0 0 0 0 0 0 0 
  INPUT ---       0 0 0;
  INPUT ---        0 0 0 0 0 1 0 0 0 0 0 0 0 0 0;
  INPUT ---        0 0 0 0 0 0 1 0 0 0 0 0 0 0 0;
  INPUT ---        0 0 0 0 0 0 1 1 0 0 0 0 0 0 0;
  INPUT ---        0 0 0 0 0 0 1 0 1 0 0 0 0 0 0;
  INPUT ---        0 0 0 0 0 0 1 0 0 1 0 0 0 0 0;
  INPUT ---        0 0 0 0 0 0 1 0 0 0 1 0 0 0 0;
  INPUT ---        0 0 0 0 0 0 1 0 0 0 0 1 0 0 0;
  INPUT ---        0 0 0 0 0 0 0 0 0 0 0 0 1 0 0;
  INPUT ---        0 0 0 0 0 0 0 0 0 0 0 0 0 1 0;
  INPUT ---        0 0 0 0 0 0 0 0 0 0 0 0 0 0 1;
  INPUT ---        0 0 0 0 0 0 0 0 0 0 0 0 0 0 0;
  INPUT ---        0 0 0 0 0 0 0 0 0 0 0 0 0 0 0;

  INPUT ---    links=42;

  INPUT ---    Log;

  INPUT ---    Log;

  INPUT ---    Log;

  INPUT ---    Log;

  INPUT ---    Log;

  Program  MARK  - Survival Rate Estimation with Capture-Recapture Data
   gfortran(Win64) Vers. 8.1 Mar 2016    5-Aug-2016 15:45:30    Page  007
 - - - - - - - - - - - - - - - - - - - - - - - - - - - - - - - - - - - - - -
 

  INPUT ---    Log;

  INPUT ---    Log;

  INPUT ---    Log;

  INPUT ---    Log;

  INPUT ---    Log;

  INPUT ---    Log;

  INPUT ---    Log;

  INPUT ---    Log;

  INPUT ---    Log;

  INPUT ---    Log;

  INPUT ---    Log;

  INPUT ---    Log;

  INPUT ---    Log;

  INPUT ---    Log;

  INPUT ---    Log;

  INPUT ---    Log;

  INPUT ---    Log;

  INPUT ---    Log;

  INPUT ---    Log;

  INPUT ---    Log;

  INPUT ---    Log;

  INPUT ---    Log;

  INPUT ---    Log;

  Program  MARK  - Survival Rate Estimation with Capture-Recapture Data
   gfortran(Win64) Vers. 8.1 Mar 2016    5-Aug-2016 15:45:30    Page  008
 - - - - - - - - - - - - - - - - - - - - - - - - - - - - - - - - - - - - - -
 

  INPUT ---    Log;

  INPUT ---    Log;

  INPUT ---    Log;

  INPUT ---    Log;

  INPUT ---    Log;

  INPUT ---    Log;

  INPUT ---    Log;

  INPUT ---    Log;

  INPUT ---    Log;

  INPUT ---    Logit;

  INPUT ---    Logit;

  INPUT ---    Logit;

  INPUT ---    Logit;

  INPUT ---    Logit;
  INPUT ---       blabel(1)=alpha:(Intercept);
  INPUT ---       blabel(2)=alpha:captive;
  INPUT ---       blabel(3)=alpha:age.t;
  INPUT ---       blabel(4)=alpha:sex;
  INPUT ---       blabel(5)=alpha:recordloss.agout.total;
  INPUT ---       blabel(6)=sigma:(Intercept);
  INPUT ---       blabel(7)=U:(Intercept);
  INPUT ---       blabel(8)=U:sample_monthB;
  INPUT ---       blabel(9)=U:sample_monthC;
  INPUT ---       blabel(10)=U:sample_monthD;
  INPUT ---       blabel(11)=U:sample_monthE;
  INPUT ---       blabel(12)=U:sample_monthF;
  INPUT ---       blabel(13)=Phi:(Intercept);
  INPUT ---       blabel(14)=GammaDoublePrime:(Intercept);
  INPUT ---       blabel(15)=GammaPrime:(Intercept);
  INPUT ---       rlabel(1)=alpha g1 a0 t1;
  INPUT ---       rlabel(2)=alpha g1 a0.2 t1.2;
  INPUT ---       rlabel(3)=alpha g1 a0.4 t1.4;

  Program  MARK  - Survival Rate Estimation with Capture-Recapture Data
   gfortran(Win64) Vers. 8.1 Mar 2016    5-Aug-2016 15:45:30    Page  009
 - - - - - - - - - - - - - - - - - - - - - - - - - - - - - - - - - - - - - -
 
  INPUT ---       rlabel(4)=alpha g1 a0.6 t1.6;
  INPUT ---       rlabel(5)=alpha g1 a0.8 t1.8;
  INPUT ---       rlabel(6)=alpha g1 a2.8 t3.8;
  INPUT ---       rlabel(7)=alpha g1 a3 t4;
  INPUT ---       rlabel(8)=alpha g1 a3.2 t4.2;
  INPUT ---       rlabel(9)=alpha g1 a3.4 t4.4;
  INPUT ---       rlabel(10)=alpha g1 a3.6 t4.6;
  INPUT ---       rlabel(11)=alpha g1 a6.1 t7.1;
  INPUT ---       rlabel(12)=alpha g1 a6.3 t7.3;
  INPUT ---       rlabel(13)=alpha g1 a6.5 t7.5;
  INPUT ---       rlabel(14)=alpha g1 a6.7 t7.7;
  INPUT ---       rlabel(15)=alpha g1 a6.9 t7.9;
  INPUT ---       rlabel(16)=alpha g1 a9.567 t10.567;
  INPUT ---       rlabel(17)=alpha g1 a9.767 t10.767;
  INPUT ---       rlabel(18)=alpha g1 a9.967 t10.967;
  INPUT ---       rlabel(19)=alpha g1 a10.167 t11.167;
  INPUT ---       rlabel(20)=alpha g1 a10.367 t11.367;
  INPUT ---       rlabel(21)=alpha g1 a12.134 t13.134;
  INPUT ---       rlabel(22)=alpha g1 a12.334 t13.334;
  INPUT ---       rlabel(23)=alpha g1 a12.534 t13.534;
  INPUT ---       rlabel(24)=alpha g1 a12.734 t13.734;
  INPUT ---       rlabel(25)=alpha g1 a12.934 t13.934;
  INPUT ---       rlabel(26)=alpha g1 a16.101 t17.101;
  INPUT ---       rlabel(27)=alpha g1 a16.301 t17.301;
  INPUT ---       rlabel(28)=alpha g1 a16.501 t17.501;
  INPUT ---       rlabel(29)=alpha g1 a16.701 t17.701;
  INPUT ---       rlabel(30)=alpha g1 a16.901 t17.901;
  INPUT ---       rlabel(31)=sigma g1 a0 t1;
  INPUT ---       rlabel(32)=U g1 a0 t1;
  INPUT ---       rlabel(33)=U g1 a2.8 t3.8;
  INPUT ---       rlabel(34)=U g1 a6.1 t7.1;
  INPUT ---       rlabel(35)=U g1 a9.567 t10.567;
  INPUT ---       rlabel(36)=U g1 a12.134 t13.134;
  INPUT ---       rlabel(37)=U g1 a16.101 t17.101;
  INPUT ---       rlabel(38)=Phi g1 c1 a0.8 t1.8;
  INPUT ---       rlabel(39)=Gamma'' g1 c1 a0.8 t1.8;
  INPUT ---       rlabel(40)=Gamma' g1 c1 a0.8 t1.8;
  INPUT ---       rlabel(41)=Phi g1 c1 a0 t1;
  INPUT ---       rlabel(42)=Gamma'' g1 c1 a0 t1;

 Link Function Used is PARM-SPECIFIC

 Variance Estimation Procedure Used is 2ndPart 

 M(t+1):
 Group=Group 1                                                                         
       3      3      3      2      3      5      5      5      2      5      5
       4      4      4      4     10      7      7      7      5      5      5
       5      3      4      5      5      5      4      5


 -2logL(saturated) = -0.0000000    

  Program  MARK  - Survival Rate Estimation with Capture-Recapture Data
   gfortran(Win64) Vers. 8.1 Mar 2016    5-Aug-2016 15:45:30    Page  010
 - - - - - - - - - - - - - - - - - - - - - - - - - - - - - - - - - - - - - -
 
 Effective Sample Size = 169
 Results from first iteration:
  -2logL Initial { alpha(~1 + captive + age.t + sex + recordloss.agout.total)sigma(~1)U(~sample_month)Phi(~1)Gamma''(~1)Gamma'(~1) } = 1138.4459     
  Penalty Initial { alpha(~1 + captive + age.t + sex + recordloss.agout.total)sigma(~1)U(~sample_month)Phi(~1)Gamma''(~1)Gamma'(~1) } = -0.0000000    

 Number of function evaluations was 28 for 15 parameters.
 Time for numerical optimization was 2.72 seconds.
 -2logL { alpha(~1 + captive + age.t + sex + recordloss.agout.total)sigma(~1)U(~sample_month)Phi(~1)Gamma''(~1)Gamma'(~1) } = 1057.5330     
 Penalty { alpha(~1 + captive + age.t + sex + recordloss.agout.total)sigma(~1)U(~sample_month)Phi(~1)Gamma''(~1)Gamma'(~1) } = -0.0000000    

   * *  WARNING  * *   Numerical underflow occurred during optimization of this model. 
     IEEE flag status at end of optimization:
     overflow       F
     divide by zero F
     invalid        F
     underflow      T
     inexact        T

 Gradient { alpha(~1 + captive + age.t + sex + recordloss.agout.total)sigma(~1)U(~sample_month)Phi(~1)Gamma''(~1)Gamma'(~1) }:
  0.2571124E-04 0.5531072E-03 0.1338870E-03 0.2872927E-03-0.2761205E-04
   0.000000    -0.3627270E-03  0.000000    -0.1099918E-03-0.1214847E-03
 -0.4266628E-04-0.1057826E-03 0.7562316E-05 0.5764579E-05  0.000000    
 S Vector { alpha(~1 + captive + age.t + sex + recordloss.agout.total)sigma(~1)U(~sample_month)Phi(~1)Gamma''(~1)Gamma'(~1) }:
   5543.043      388.9453      309.6932      275.3649      251.7466    
   174.6663      115.3279      60.20732      32.74773      14.56354    
   8.761775      6.136871      3.716881     0.9499923     0.5404024E-08
 Time to compute number of parameters was 2.31 seconds.
   Threshold =  0.3200000E-06     Condition index =  0.9749200E-12     New Threshold =  0.2092969E-07
 New Guessimate of Estimated Parameters { alpha(~1 + captive + age.t + sex + recordloss.agout.total)sigma(~1)U(~sample_month)Phi(~1)Gamma''(~1)Gamma'(~1) } = 14          
 Conditioned S Vector { alpha(~1 + captive + age.t + sex + recordloss.agout.total)sigma(~1)U(~sample_month)Phi(~1)Gamma''(~1)Gamma'(~1) }:
   1.000000     0.7016819E-01 0.5587061E-01 0.4967757E-01 0.4541668E-01
  0.3151090E-01 0.2080588E-01 0.1086178E-01 0.5907897E-02 0.2627354E-02
  0.1580680E-02 0.1107130E-02 0.6705488E-03 0.1713846E-03 0.9749200E-12
 Number of Estimated Parameters { alpha(~1 + captive + age.t + sex + recordloss.agout.total)sigma(~1)U(~sample_month)Phi(~1)Gamma''(~1)Gamma'(~1) } = 14          
 DEVIANCE { alpha(~1 + captive + age.t + sex + recordloss.agout.total)sigma(~1)U(~sample_month)Phi(~1)Gamma''(~1)Gamma'(~1) } = 1057.5330                     
 DEVIANCE Degrees of Freedom { alpha(~1 + captive + age.t + sex + recordloss.agout.total)sigma(~1)U(~sample_month)Phi(~1)Gamma''(~1)Gamma'(~1) } = 0            
 c-hat { alpha(~1 + captive + age.t + sex + recordloss.agout.total)sigma(~1)U(~sample_month)Phi(~1)Gamma''(~1)Gamma'(~1) } = 1.0000000                     
 AIC { alpha(~1 + captive + age.t + sex + recordloss.agout.total)sigma(~1)U(~sample_month)Phi(~1)Gamma''(~1)Gamma'(~1) } = 1085.5330                  
 AICc { alpha(~1 + captive + age.t + sex + recordloss.agout.total)sigma(~1)U(~sample_month)Phi(~1)Gamma''(~1)Gamma'(~1) } = 1088.2603                    
 BIC { alpha(~1 + captive + age.t + sex + recordloss.agout.total)sigma(~1)U(~sample_month)Phi(~1)Gamma''(~1)Gamma'(~1) } = 1129.3516                    
 Pearson Chisquare { alpha(~1 + captive + age.t + sex + recordloss.agout.total)sigma(~1)U(~sample_month)Phi(~1)Gamma''(~1)Gamma'(~1) } = 0.6866500E+033             

   * *  WARNING  * *   Numerical underflow occurred during variance-covariance calculation of this model. 
     IEEE flag status at end of variance-covariance calculation:
     overflow       F
     divide by zero F
     invalid        F
     underflow      T
     inexact        T



 PARM-SPECIFIC Link Function Parameters of { alpha(~1 + captive + age.t + sex + recordloss.agout.total)sigma(~1)U(~sample_month)Phi(~1)Gamma''(~1)Gamma'(~1) }
                                                              95% Confidence Interval
 Parameter                    Beta         Standard Error      Lower           Upper
 -------------------------  --------------  --------------  --------------  --------------

  Program  MARK  - Survival Rate Estimation with Capture-Recapture Data
   gfortran(Win64) Vers. 8.1 Mar 2016    5-Aug-2016 15:45:34    Page  011
 - - - - - - - - - - - - - - - - - - - - - - - - - - - - - - - - - - - - - -
 
    1:alpha:(Intercept)     0.7686712       0.2797671       0.2203277       1.3170147     
    2:alpha:captive         0.1921444       0.1123151       -0.0279932      0.4122820     
    3:alpha:age.t           0.1887753       0.1587964       -0.1224657      0.5000163     
    4:alpha:sex             0.5037279       0.2062384       0.0995006       0.9079552     
    5:alpha:recordloss.ago  -2.2938330      0.5004733       -3.2747608      -1.3129053    
    6:sigma:(Intercept)     -0.7567512      0.1319466       -1.0153666      -0.4981359    
    7:U:(Intercept)         2.3849644       0.1217058       2.1464211       2.6235077     
    8:U:sample_monthB       0.4046589       0.1349552       0.1401466       0.6691712     
    9:U:sample_monthC       0.6537505       0.1240355       0.4106409       0.8968601     
   10:U:sample_monthD       1.0587867       0.1320575       0.7999541       1.3176193     
   11:U:sample_monthE       0.5987357       0.1307855       0.3423962       0.8550753     
   12:U:sample_monthF       0.9344994       0.1322622       0.6752656       1.1937333     
   13:Phi:(Intercept)       2.0066673       0.4036700       1.2154740       2.7978606     
   14:GammaDoublePrime:(In  -2.9443244      1.0259825       -4.9552501      -0.9333986    
   15:GammaPrime:(Intercep  17.724958       0.0000000       17.724958       17.724958     


 Real Function Parameters of { alpha(~1 + captive + age.t + sex + recordloss.agout.total)sigma(~1)U(~sample_month)Phi(~1)Gamma''(~1)Gamma'(~1) }

  Program  MARK  - Survival Rate Estimation with Capture-Recapture Data
   gfortran(Win64) Vers. 8.1 Mar 2016    5-Aug-2016 15:45:34    Page  012
 - - - - - - - - - - - - - - - - - - - - - - - - - - - - - - - - - - - - - -
 

      Following estimates based on unstandardized individual covariate values:
          Variable   Value         
          ---------  ------------- 
          CAPTIVE    0.2142857     
          AGE.T1     1.0000000     
          AGE.T1.2   1.0000000     
          AGE.T1.4   1.0000000     
          AGE.T1.6   1.0000000     
          AGE.T1.8   1.0000000     
          AGE.T3.8   1.0000000     
          AGE.T4     1.0000000     
          AGE.T4.2   1.0000000     
          AGE.T4.4   1.0000000     
          AGE.T4.6   1.0000000     
          AGE.T7.1   0.8333333     
          AGE.T7.3   0.8333333     
          AGE.T7.5   0.8333333     
          AGE.T7.7   0.8333333     
          AGE.T7.9   0.8333333     
          AGE.T10.56 0.6666667     
          AGE.T10.76 0.6666667     
          AGE.T10.96 0.6666667     
          AGE.T11.16 0.6666667     
          AGE.T11.36 0.6666667     
          AGE.T13.13 1.0000000     
          AGE.T13.33 1.0000000     
          AGE.T13.53 1.0000000     
          AGE.T13.73 1.0000000     
          AGE.T13.93 1.0000000     
          AGE.T17.10 0.9230769     
          AGE.T17.30 0.9230769     
          AGE.T17.50 0.9230769     
          AGE.T17.70 0.9230769     
          AGE.T17.90 0.9230769     
          SEX        0.8461538     
                                                               95% Confidence Interval
  Parameter                  Estimate       Standard Error      Lower           Upper
 --------------------------  --------------  --------------  --------------  --------------
     1:alpha g1 a0 t1        2.7131002       0.2046781       2.3406717       3.1447864                           
     2:alpha g1 a0.2 t1.2    3.1019218       0.2433008       2.6605263       3.6165472                           
     3:alpha g1 a0.4 t1.4    3.4602643       0.3054889       2.9114243       4.1125674                           
     4:alpha g1 a0.6 t1.6    2.8364297       0.2132971       2.4482256       3.2861895                           
     5:alpha g1 a0.8 t1.8    2.8197958       0.2119340       2.4340574       3.2666642                           
     6:alpha g1 a2.8 t3.8    3.6099454       0.3374102       3.0068585       4.3339937                           
     7:alpha g1 a3 t4        3.4788084       0.3092751       2.9235059       4.1395872                           
     8:alpha g1 a3.2 t4.2    2.8134513       0.2114305       2.4286256       3.2592541                           
     9:alpha g1 a3.4 t4.4    3.5677295       0.3281012       2.9804077       4.2707894                           
    10:alpha g1 a3.6 t4.6    3.3862126       0.2908789       2.8623860       4.0059013                           

  Program  MARK  - Survival Rate Estimation with Capture-Recapture Data
   gfortran(Win64) Vers. 8.1 Mar 2016    5-Aug-2016 15:45:34    Page  013
 - - - - - - - - - - - - - - - - - - - - - - - - - - - - - - - - - - - - - -
 
    11:alpha g1 a6.1 t7.1    3.3530903       0.2917846       2.8282144       3.9753757                           
    12:alpha g1 a6.3 t7.3    2.9547428       0.2243035       2.5467951       3.4280360                           
    13:alpha g1 a6.5 t7.5    2.4672499       0.1881591       2.1251574       2.8644099                           
    14:alpha g1 a6.7 t7.7    3.3000094       0.2811821       2.7932969       3.8986410                           
    15:alpha g1 a6.9 t7.9    2.9799718       0.2276648       2.5661096       3.4605817                           
    16:alpha g1 a9.567 t10.  2.6587148       0.2154737       2.2688111       3.1156249                           
    17:alpha g1 a9.767 t10.  2.7356864       0.2230065       2.3323409       3.2087848                           
    18:alpha g1 a9.967 t10.  2.6502554       0.2147263       2.2616950       3.1055705                           
    19:alpha g1 a10.167 t11  2.2970640       0.1974717       1.9414721       2.7177846                           
    20:alpha g1 a10.367 t11  2.3326020       0.1980428       1.9756057       2.7541084                           
    21:alpha g1 a12.134 t13  3.1149827       0.2451595       2.6703330       3.6336732                           
    22:alpha g1 a12.334 t13  2.6179335       0.2003494       2.2537741       3.0409329                           
    23:alpha g1 a12.534 t13  2.3720870       0.1976728       2.0152035       2.7921728                           
    24:alpha g1 a12.734 t13  2.1729610       0.2025512       1.8108306       2.6075103                           
    25:alpha g1 a12.934 t13  2.0206194       0.2089172       1.6508544       2.4732059                           
    26:alpha g1 a16.101 t17  2.9906495       0.2253203       2.5806209       3.4658267                           
    27:alpha g1 a16.301 t17  2.2252624       0.1932229       1.8776192       2.6372722                           
    28:alpha g1 a16.501 t17  2.5981963       0.1931333       2.2463896       3.0050995                           
    29:alpha g1 a16.701 t17  2.0906452       0.1982981       1.7366925       2.5167366                           
    30:alpha g1 a16.901 t17  2.5752195       0.1923535       2.2249581       2.9806204                           
    31:sigma g1 a0 t1        0.4691882       0.0619078       0.3626738       0.6069851                           
    32:U g1 a0 t1            10.858676       1.3215636       8.5616884       13.771916                           
    33:U g1 a2.8 t3.8        16.274888       1.7035021       13.263655       19.969759                           
    34:U g1 a6.1 t7.1        20.878395       1.7456005       17.727703       24.589051                           
    35:U g1 a9.567 t10.567   31.304164       2.3553747       27.017525       36.270928                           
    36:U g1 a12.134 t13.134  19.760800       1.6391263       16.800354       23.242916                           
    37:U g1 a16.101 t17.101  27.645525       2.2620919       23.555387       32.445870                           
    38:Phi g1 c1 a0.8 t1.8   0.8814953       0.0421679       0.7712661       0.9425601                           
    39:Gamma'' g1 c1 a0.8 t  0.0500054       0.0487392       0.0069970       0.2822357                           
    40:Gamma' g1 c1 a0.8 t1  1.0000000       0.0000000       1.0000000       1.0000000                           
    41:Phi g1 c1 a0 t1       1.0000000       0.0000000       1.0000000       1.0000000       Fixed               
    42:Gamma'' g1 c1 a0 t1   0.0000000       0.0000000       0.0000000       0.0000000       Fixed               

  Program  MARK  - Survival Rate Estimation with Capture-Recapture Data
   gfortran(Win64) Vers. 8.1 Mar 2016    5-Aug-2016 15:45:34    Page  014
 - - - - - - - - - - - - - - - - - - - - - - - - - - - - - - - - - - - - - -
 


                      Estimates of Derived Parameters
 Population Estimates of { alpha(~1 + captive + age.t + sex + recordloss.agout.total)sigma(~1)U(~sample_month)Phi(~1)Gamma''(~1)Gamma'(~1) }
                                                95% Confidence Interval
 Grp. Occ.   N-hat           Standard Error      Lower           Upper
 ---- ----   --------------  --------------  --------------  --------------
   1     1   13.858676       1.3215643       11.500938       16.699761     
   1     2   13.858676       1.3215643       11.500938       16.699761     
   1     3   13.858676       1.3215643       11.500938       16.699761     
   1     4   12.983050       1.3405663       10.610042       15.886796     
   1     5   13.858676       1.3215643       11.500938       16.699761     
   1     6   21.274888       1.7035025       18.189397       24.883775     
   1     7   21.274888       1.7035025       18.189397       24.883775     
   1     8   21.274888       1.7035025       18.189397       24.883775     
   1     9   18.377952       1.7201745       15.303717       22.069743     
   1    10   21.274888       1.7035025       18.189397       24.883775     
   1    11   26.149798       1.7865428       22.876061       29.892032     
   1    12   25.168631       1.7833589       21.908916       28.913342     
   1    13   25.307717       1.7885930       22.037845       29.062758     
   1    14   25.125610       1.7808917       21.870480       28.865224     
   1    15   25.191173       1.7840874       21.930016       28.937289     
   1    16   39.156723       2.4714678       34.604548       44.307730     
   1    17   39.018673       2.4424811       34.517577       44.106713     
   1    18   39.162136       2.4720368       34.608939       44.314358     
   1    19   39.392453       2.4856675       34.814045       44.572968     
   1    20   37.144517       2.4714546       32.607725       42.312523     
   1    21   24.093189       1.6685649       21.038465       27.591449     
   1    22   25.344663       1.6980808       22.228963       28.897072     
   1    23   25.376410       1.7057127       22.247378       28.945532     
   1    24   23.188276       1.6869942       20.110477       26.737114     
   1    25   24.545701       1.7317992       21.379283       28.181087     
   1    26   33.043585       2.3057792       28.824474       37.880257     
   1    27   33.383563       2.3530073       29.081031       38.322653     
   1    28   33.185400       2.3247887       28.932661       38.063239     
   1    29   32.351144       2.3532075       28.057835       37.301399     
   1    30   33.195509       2.3261805       28.940310       38.076364     
 Mean Resighting Rate Estimates of { alpha(~1 + captive + age.t + sex + recordloss.agout.total)sigma(~1)U(~sample_month)Phi(~1)Gamma''(~1)Gamma'(~1) }
                                                95% Confidence Interval
 Grp. Occ.   Lambda-hat      Standard Error      Lower           Upper
 ---- ----   --------------  --------------  --------------  --------------
   1     1   3.0287826       0.1937510       2.6722150       3.4329290     
   1     2   3.4628455       0.2354207       3.0313077       3.9558172     
   1     3   3.8628828       0.3071003       3.3063292       4.5131211     
   1     4   3.1664621       0.2022239       2.7942625       3.5882391     
   1     5   3.1478928       0.2008157       2.7782592       3.5667042     
   1     6   4.0299801       0.3439425       3.4102540       4.7623256     
   1     7   3.8835847       0.3114748       3.3194956       4.5435306     
   1     8   3.1408100       0.2003004       2.7721177       3.5585385     
   1     9   3.9828522       0.3332086       3.3814644       4.6911959     

  Program  MARK  - Survival Rate Estimation with Capture-Recapture Data
   gfortran(Win64) Vers. 8.1 Mar 2016    5-Aug-2016 15:45:34    Page  015
 - - - - - - - - - - - - - - - - - - - - - - - - - - - - - - - - - - - - - -
 
   1    10   3.7802149       0.2902141       3.2528418       4.3930893     
   1    11   4.1186865       0.2914874       3.5858464       4.7307042     
   1    12   3.5284659       0.2115003       3.1376805       3.9679220     
   1    13   3.1976246       0.1812138       2.8617157       3.5729626     
   1    14   4.3862983       0.2835894       3.8647499       4.9782297     
   1    15   4.2477852       0.2253713       3.8285289       4.7129535     
   1    16   3.4830404       0.2087426       3.0973466       3.9167623     
   1    17   3.9604431       0.2232961       3.5464094       4.4228140     
   1    18   3.7305705       0.2128080       3.3362420       4.1715068     
   1    19   3.1868177       0.2002673       2.8178468       3.6041019     
   1    20   3.1289004       0.1973855       2.7653259       3.5402762     
   1    21   4.8694591       0.2563713       4.3923420       5.3984030     
   1    22   3.2818556       0.1962884       2.9191301       3.6896525     
   1    23   2.9994554       0.1995634       2.6331204       3.4167570     
   1    24   2.9984275       0.2171910       2.6020541       3.4551809     
   1    25   3.9388760       0.2654507       3.4520068       4.4944130     
   1    26   3.7072884       0.2168815       3.3059898       4.1572988     
   1    27   2.4841826       0.1881293       2.1419644       2.8810764     
   1    28   3.4386094       0.1878402       3.0897135       3.8269033     
   1    29   2.9712923       0.2148661       2.5791149       3.4231039     
   1    30   3.4119296       0.1875277       3.0637295       3.7997034     
 Pr(Captured 1 or more times) of { alpha(~1 + captive + age.t + sex + recordloss.agout.total)sigma(~1)U(~sample_month)Phi(~1)Gamma''(~1)Gamma'(~1) }
                                                95% Confidence Interval
 Grp. Occ.      p*-hat       Standard Error      Lower           Upper
 ---- ----   --------------  --------------  --------------  --------------
   1     1   0.3091371       0.0055184       0.2984268       0.3200563     
   1     2   0.3152853       0.0046732       0.3061983       0.3245157     
   1     3   0.3194024       0.0041787       0.3112685       0.3276478     
   1     4   0.4707270       0.0085209       0.4540650       0.4874545     
   1     5   0.3110374       0.0052366       0.3008677       0.3213928     
   1     6   0.1916732       0.0025235       0.1867759       0.1966679     
   1     7   0.1908909       0.0025991       0.1858486       0.1960370     
   1     8   0.1853432       0.0031595       0.1792304       0.1916158     
   1     9   0.4754969       0.0073580       0.4610997       0.4899349     
   1    10   0.1902874       0.0026557       0.1851366       0.1955471     
   1    11   0.1926984       0.0021328       0.1885526       0.1969133     
   1    12   0.2362835       0.0034392       0.2296092       0.2430907     
   1    13   0.2337734       0.0036587       0.2266789       0.2410207     
   1    14   0.2423084       0.0022714       0.2378844       0.2467880     
   1    15   0.2420964       0.0021235       0.2379587       0.2462828     
   1    16   0.1327263       0.0023378       0.1282108       0.1373757     
   1    17   0.1369351       0.0014656       0.1340878       0.1398332     
   1    18   0.1348477       0.0019135       0.1311411       0.1386423     
   1    19   0.1316372       0.0022908       0.1272119       0.1361925     
   1    20   0.1815783       0.0041361       0.1736118       0.1898264     
   1    21   0.2445422       0.0015595       0.2414987       0.2476117     
   1    22   0.1847764       0.0030962       0.1787848       0.1909222     
   1    23   0.1840515       0.0032687       0.1777310       0.1905446     
   1    24   0.3085768       0.0053556       0.2981798       0.3191715     
   1    25   0.2402205       0.0027297       0.2349112       0.2456113     

  Program  MARK  - Survival Rate Estimation with Capture-Recapture Data
   gfortran(Win64) Vers. 8.1 Mar 2016    5-Aug-2016 15:45:34    Page  016
 - - - - - - - - - - - - - - - - - - - - - - - - - - - - - - - - - - - - - -
 
   1    26   0.1894321       0.0025061       0.1845688       0.1943930     
   1    27   0.1742756       0.0046667       0.1653173       0.1836126     
   1    28   0.1879731       0.0025869       0.1829552       0.1930961     
   1    29   0.2286382       0.0045421       0.2198579       0.2376623     
   1    30   0.1877569       0.0026192       0.1826771       0.1929446     

 Attempted ordering of parameters by estimatibility:
   1  7 10 12  9 11  2  6  3  8  4 13  5 14 15
 Beta number 15 is a singular value.

     CPU Time in seconds for last procedure was 5.25


  INPUT --- proc stop;

   * *  WARNING  * *   Numerical underflow occurred during final processing of this model. 
     IEEE flag status at final processing of this model:
     overflow       F
     divide by zero F
     invalid        F
     underflow      T
     inexact        T


     CPU Time in minutes for this job was 0.09

     Time Start = 15:45:30.561   Time End = 15:45:34.379

     Wall Clock Time in minutes for this job was 0.06


          E X E C U T I O N   S U C C E S S F U L 
