
   Program  MARK  - Survival Rate Estimation with Capture-Recapture Data
   gfortran(Win64) Vers. 8.1 Mar 2016    5-Aug-2016 15:38:34    Page  001
 - - - - - - - - - - - - - - - - - - - - - - - - - - - - - - - - - - - - - -
 
   This version was compiled by GCC version 5.3.0 using the options: 
     -cpp -iprefix c:\tdm-gcc-64\gcc\bin\../lib/gcc/x86_64-w64-mingw32/5.3.0/ -D_MT
     -U_REENTRANT -D IEEE -m64 -mtune=generic -march=x86-64 -mthreads -O2
     -fimplicit-none -fbounds-check -funroll-loops -ftree-vectorize
     -ffpe-summary=invalid,zero,overflow,underflow -fno-unsafe-math-optimizations
     -frounding-math -fsignaling-nans -fopenmp.

   This problem will use 3 of 4 possible threads.


  INPUT --- proc title ;

     CPU Time in seconds for last procedure was 0.00


  INPUT --- proc chmatrix occasions= 30 groups= 1 etype= PoissonMR 
  INPUT --- ICMeans NoHist hist= 14 ;

  INPUT ---    time  interval 0.2 0.2 0.2 0.2 2 0.2 0.2 0.2 0.2 2.5 0.2 
  INPUT ---    0.2 0.2 0.2 2.667 0.2 0.2 0.2 0.2 1.767 0.2 0.2  0.2 0.2 
  INPUT ---    3.167 0.2 0.2 0.2 0.2 ;

  INPUT ---    glabel(1)=Group 1;

      Number of unique encounter histories read was 14.

      Number of individual covariates read was 0.
      Time interval lengths vary and/or not equal to 1.

      Data type number is 115
      Data type is Poisson Mark Resight with Robust Design                                                             

     CPU Time in seconds for last procedure was 0.00

  Program  MARK  - Survival Rate Estimation with Capture-Recapture Data
   gfortran(Win64) Vers. 8.1 Mar 2016    5-Aug-2016 15:38:34    Page  002
 - - - - - - - - - - - - - - - - - - - - - - - - - - - - - - - - - - - - - -
 


  INPUT --- proc estimate link=Parm-Specific NOLOOP varest=2ndPart  
  INPUT --- SIMANNEAL  ;


  INPUT --- model={ alpha(~1)sigma(~1)U(~1)Phi(~1)Gamma''(~1)Gamma'(~1) 
  INPUT --- };

  INPUT ---    fixed=2;
  INPUT ---        parm(7)=1 ;
  INPUT ---        parm(8)=0 ;

  INPUT ---    group=1 alpha    rows=1 cols=30 Square ;
  INPUT ---        1 1 1 1 1 1 1 1 1 1 1 1 1 1 1 1 1 1 1 1 1 1 1 1 1 1 1 1 1 
  INPUT ---       1 ;

  INPUT ---    group=1 sigma    rows=1 cols=30 Square ;
  INPUT ---        2 2 2 2 2 2 2 2 2 2 2 2 2 2 2 2 2 2 2 2 2 2 2 2 2 2 2 2 2 
  INPUT ---       2 ;

  INPUT ---    group=1 U    rows=1 cols=30 Square ;
  INPUT ---        3 3 3 3 3 3 3 3 3 3 3 3 3 3 3 3 3 3 3 3 3 3 3 3 3 3 3 3 3 
  INPUT ---       3 ;

  INPUT ---    group=1 Phi    rows=29 cols=29 Triang ;
  INPUT ---        7 7 7 7 4 7 7 7 7 4 7 7 7 7 4 7 7 7 7 4 7 7 7 7 4 7 7 7 7 ;
  INPUT ---        7 7 7 7 7 7 7 7 7 7 7 7 7 7 7 7 7 7 7 7 7 7 7 7 7 7 7 7 ;
  INPUT ---        7 7 7 7 7 7 7 7 7 7 7 7 7 7 7 7 7 7 7 7 7 7 7 7 7 7 7 ;
  INPUT ---        7 7 7 7 7 7 7 7 7 7 7 7 7 7 7 7 7 7 7 7 7 7 7 7 7 7 ;
  INPUT ---        7 7 7 7 7 7 7 7 7 7 7 7 7 7 7 7 7 7 7 7 7 7 7 7 7 ;
  INPUT ---        7 7 7 7 4 7 7 7 7 4 7 7 7 7 4 7 7 7 7 4 7 7 7 7 ;
  INPUT ---        7 7 7 7 7 7 7 7 7 7 7 7 7 7 7 7 7 7 7 7 7 7 7 ;
  INPUT ---        7 7 7 7 7 7 7 7 7 7 7 7 7 7 7 7 7 7 7 7 7 7 ;
  INPUT ---        7 7 7 7 7 7 7 7 7 7 7 7 7 7 7 7 7 7 7 7 7 ;
  INPUT ---        7 7 7 7 7 7 7 7 7 7 7 7 7 7 7 7 7 7 7 7 ;
  INPUT ---        7 7 7 7 4 7 7 7 7 4 7 7 7 7 4 7 7 7 7 ;
  INPUT ---        7 7 7 7 7 7 7 7 7 7 7 7 7 7 7 7 7 7 ;
  INPUT ---        7 7 7 7 7 7 7 7 7 7 7 7 7 7 7 7 7 ;
  INPUT ---        7 7 7 7 7 7 7 7 7 7 7 7 7 7 7 7 ;
  INPUT ---        7 7 7 7 7 7 7 7 7 7 7 7 7 7 7 ;
  INPUT ---        7 7 7 7 4 7 7 7 7 4 7 7 7 7 ;
  INPUT ---        7 7 7 7 7 7 7 7 7 7 7 7 7 ;
  INPUT ---        7 7 7 7 7 7 7 7 7 7 7 7 ;
  INPUT ---        7 7 7 7 7 7 7 7 7 7 7 ;
  INPUT ---        7 7 7 7 7 7 7 7 7 7 ;

  Program  MARK  - Survival Rate Estimation with Capture-Recapture Data
   gfortran(Win64) Vers. 8.1 Mar 2016    5-Aug-2016 15:38:34    Page  003
 - - - - - - - - - - - - - - - - - - - - - - - - - - - - - - - - - - - - - -
 
  INPUT ---        7 7 7 7 4 7 7 7 7 ;
  INPUT ---        7 7 7 7 7 7 7 7 ;
  INPUT ---        7 7 7 7 7 7 7 ;
  INPUT ---        7 7 7 7 7 7 ;
  INPUT ---        7 7 7 7 7 ;
  INPUT ---        7 7 7 7 ;
  INPUT ---        7 7 7 ;
  INPUT ---        7 7 ;
  INPUT ---        7 ;

  INPUT ---    group=1 Gamma''    rows=29 cols=29 Triang ;
  INPUT ---        8 8 8 8 5 8 8 8 8 5 8 8 8 8 5 8 8 8 8 5 8 8 8 8 5 8 8 8 8 ;
  INPUT ---        8 8 8 8 8 8 8 8 8 8 8 8 8 8 8 8 8 8 8 8 8 8 8 8 8 8 8 8 ;
  INPUT ---        8 8 8 8 8 8 8 8 8 8 8 8 8 8 8 8 8 8 8 8 8 8 8 8 8 8 8 ;
  INPUT ---        8 8 8 8 8 8 8 8 8 8 8 8 8 8 8 8 8 8 8 8 8 8 8 8 8 8 ;
  INPUT ---        8 8 8 8 8 8 8 8 8 8 8 8 8 8 8 8 8 8 8 8 8 8 8 8 8 ;
  INPUT ---        8 8 8 8 5 8 8 8 8 5 8 8 8 8 5 8 8 8 8 5 8 8 8 8 ;
  INPUT ---        8 8 8 8 8 8 8 8 8 8 8 8 8 8 8 8 8 8 8 8 8 8 8 ;
  INPUT ---        8 8 8 8 8 8 8 8 8 8 8 8 8 8 8 8 8 8 8 8 8 8 ;
  INPUT ---        8 8 8 8 8 8 8 8 8 8 8 8 8 8 8 8 8 8 8 8 8 ;
  INPUT ---        8 8 8 8 8 8 8 8 8 8 8 8 8 8 8 8 8 8 8 8 ;
  INPUT ---        8 8 8 8 5 8 8 8 8 5 8 8 8 8 5 8 8 8 8 ;
  INPUT ---        8 8 8 8 8 8 8 8 8 8 8 8 8 8 8 8 8 8 ;
  INPUT ---        8 8 8 8 8 8 8 8 8 8 8 8 8 8 8 8 8 ;
  INPUT ---        8 8 8 8 8 8 8 8 8 8 8 8 8 8 8 8 ;
  INPUT ---        8 8 8 8 8 8 8 8 8 8 8 8 8 8 8 ;
  INPUT ---        8 8 8 8 5 8 8 8 8 5 8 8 8 8 ;
  INPUT ---        8 8 8 8 8 8 8 8 8 8 8 8 8 ;
  INPUT ---        8 8 8 8 8 8 8 8 8 8 8 8 ;
  INPUT ---        8 8 8 8 8 8 8 8 8 8 8 ;
  INPUT ---        8 8 8 8 8 8 8 8 8 8 ;
  INPUT ---        8 8 8 8 5 8 8 8 8 ;
  INPUT ---        8 8 8 8 8 8 8 8 ;
  INPUT ---        8 8 8 8 8 8 8 ;
  INPUT ---        8 8 8 8 8 8 ;
  INPUT ---        8 8 8 8 8 ;
  INPUT ---        8 8 8 8 ;
  INPUT ---        8 8 8 ;
  INPUT ---        8 8 ;
  INPUT ---        8 ;

  INPUT ---    group=1 Gamma'    rows=28 cols=28 Triang ;
  INPUT ---        8 8 8 6 8 8 8 8 6 8 8 8 8 6 8 8 8 8 6 8 8 8 8 6 8 8 8 8 ;
  INPUT ---        8 8 8 8 8 8 8 8 8 8 8 8 8 8 8 8 8 8 8 8 8 8 8 8 8 8 8 ;
  INPUT ---        8 8 8 8 8 8 8 8 8 8 8 8 8 8 8 8 8 8 8 8 8 8 8 8 8 8 ;
  INPUT ---        8 8 8 8 8 8 8 8 8 8 8 8 8 8 8 8 8 8 8 8 8 8 8 8 8 ;

  Program  MARK  - Survival Rate Estimation with Capture-Recapture Data
   gfortran(Win64) Vers. 8.1 Mar 2016    5-Aug-2016 15:38:34    Page  004
 - - - - - - - - - - - - - - - - - - - - - - - - - - - - - - - - - - - - - -
 
  INPUT ---        8 8 8 8 8 8 8 8 8 8 8 8 8 8 8 8 8 8 8 8 8 8 8 8 ;
  INPUT ---        8 8 8 6 8 8 8 8 6 8 8 8 8 6 8 8 8 8 6 8 8 8 8 ;
  INPUT ---        8 8 8 8 8 8 8 8 8 8 8 8 8 8 8 8 8 8 8 8 8 8 ;
  INPUT ---        8 8 8 8 8 8 8 8 8 8 8 8 8 8 8 8 8 8 8 8 8 ;
  INPUT ---        8 8 8 8 8 8 8 8 8 8 8 8 8 8 8 8 8 8 8 8 ;
  INPUT ---        8 8 8 8 8 8 8 8 8 8 8 8 8 8 8 8 8 8 8 ;
  INPUT ---        8 8 8 6 8 8 8 8 6 8 8 8 8 6 8 8 8 8 ;
  INPUT ---        8 8 8 8 8 8 8 8 8 8 8 8 8 8 8 8 8 ;
  INPUT ---        8 8 8 8 8 8 8 8 8 8 8 8 8 8 8 8 ;
  INPUT ---        8 8 8 8 8 8 8 8 8 8 8 8 8 8 8 ;
  INPUT ---        8 8 8 8 8 8 8 8 8 8 8 8 8 8 ;
  INPUT ---        8 8 8 6 8 8 8 8 6 8 8 8 8 ;
  INPUT ---        8 8 8 8 8 8 8 8 8 8 8 8 ;
  INPUT ---        8 8 8 8 8 8 8 8 8 8 8 ;
  INPUT ---        8 8 8 8 8 8 8 8 8 8 ;
  INPUT ---        8 8 8 8 8 8 8 8 8 ;
  INPUT ---        8 8 8 6 8 8 8 8 ;
  INPUT ---        8 8 8 8 8 8 8 ;
  INPUT ---        8 8 8 8 8 8 ;
  INPUT ---        8 8 8 8 8 ;
  INPUT ---        8 8 8 8 ;
  INPUT ---        8 8 8 ;
  INPUT ---        8 8 ;
  INPUT ---        8 ;

  INPUT ---    initial  0.9249619 -0.0228337 2.8635404 6.8833202 
  INPUT ---    -11.296845 -12.703484  ;

  INPUT ---    design matrix constraints=8 covariates=6;
  INPUT ---        1 0 0 0 0 0;
  INPUT ---        0 1 0 0 0 0;
  INPUT ---        0 0 1 0 0 0;
  INPUT ---        0 0 0 1 0 0;
  INPUT ---        0 0 0 0 1 0;
  INPUT ---        0 0 0 0 0 1;
  INPUT ---        0 0 0 0 0 0;
  INPUT ---        0 0 0 0 0 0;

  INPUT ---    links=8;

  INPUT ---    Log;

  INPUT ---    Log;

  INPUT ---    Log;


  Program  MARK  - Survival Rate Estimation with Capture-Recapture Data
   gfortran(Win64) Vers. 8.1 Mar 2016    5-Aug-2016 15:38:34    Page  005
 - - - - - - - - - - - - - - - - - - - - - - - - - - - - - - - - - - - - - -
 
  INPUT ---    Logit;

  INPUT ---    Logit;

  INPUT ---    Logit;

  INPUT ---    Logit;

  INPUT ---    Logit;
  INPUT ---       blabel(1)=alpha:(Intercept);
  INPUT ---       blabel(2)=sigma:(Intercept);
  INPUT ---       blabel(3)=U:(Intercept);
  INPUT ---       blabel(4)=Phi:(Intercept);
  INPUT ---       blabel(5)=GammaDoublePrime:(Intercept);
  INPUT ---       blabel(6)=GammaPrime:(Intercept);
  INPUT ---       rlabel(1)=alpha g1 a0 t1;
  INPUT ---       rlabel(2)=sigma g1 a0 t1;
  INPUT ---       rlabel(3)=U g1 a0 t1;
  INPUT ---       rlabel(4)=Phi g1 c1 a0.8 t1.8;
  INPUT ---       rlabel(5)=Gamma'' g1 c1 a0.8 t1.8;
  INPUT ---       rlabel(6)=Gamma' g1 c1 a0.8 t1.8;
  INPUT ---       rlabel(7)=Phi g1 c1 a0 t1;
  INPUT ---       rlabel(8)=Gamma'' g1 c1 a0 t1;

 Link Function Used is PARM-SPECIFIC

 Variance Estimation Procedure Used is 2ndPart 

 M(t+1):
 Group=Group 1                                                                         
       3      3      3      2      3      5      5      5      2      5      5
       4      4      4      4     10      7      7      7      5      5      5
       5      3      4      5      5      5      4      5


 -2logL(saturated) = -0.0000000    
 Effective Sample Size = 169
 Results from first iteration:
  -2logL Initial { alpha(~1)sigma(~1)U(~1)Phi(~1)Gamma''(~1)Gamma'(~1) } = 1247.7278     
  Penalty Initial { alpha(~1)sigma(~1)U(~1)Phi(~1)Gamma''(~1)Gamma'(~1) } = -0.0000000    

 Number of function evaluations was 16201 for 6 parameters.
 Time for numerical optimization was 62.22 seconds.
 -2logL { alpha(~1)sigma(~1)U(~1)Phi(~1)Gamma''(~1)Gamma'(~1) } = 1138.4459     
 Penalty { alpha(~1)sigma(~1)U(~1)Phi(~1)Gamma''(~1)Gamma'(~1) } = -0.0000000    

   * *  WARNING  * *   Numerical underflow occurred during optimization of this model. 

  Program  MARK  - Survival Rate Estimation with Capture-Recapture Data
   gfortran(Win64) Vers. 8.1 Mar 2016    5-Aug-2016 15:39:18    Page  006
 - - - - - - - - - - - - - - - - - - - - - - - - - - - - - - - - - - - - - -
 
     IEEE flag status at end of optimization:
     overflow       F
     divide by zero F
     invalid        F
     underflow      T
     inexact        T

 Gradient { alpha(~1)sigma(~1)U(~1)Phi(~1)Gamma''(~1)Gamma'(~1) }:
  0.2557106E-04 0.2597696E-04 0.1239702E-04 0.3451445E-03 0.4876736E-03
   40.00000    

   * *  WARNING  * *   Numerical convergence suspect. 
 S Vector { alpha(~1)sigma(~1)U(~1)Phi(~1)Gamma''(~1)Gamma'(~1) }:
   2033.771      223.8397      70.18022      6.136738     0.9498880    
  0.1351006E-07
 Time to compute number of parameters was 0.38 seconds.
   Threshold =  0.1400000E-06     Condition index =  0.6642861E-11     New Threshold =  0.3309275E-07
 New Guessimate of Estimated Parameters { alpha(~1)sigma(~1)U(~1)Phi(~1)Gamma''(~1)Gamma'(~1) } = 5          
 Conditioned S Vector { alpha(~1)sigma(~1)U(~1)Phi(~1)Gamma''(~1)Gamma'(~1) }:
   1.000000     0.1100614     0.3450744E-01 0.3017419E-02 0.4670575E-03
  0.6642861E-11
 Number of Estimated Parameters { alpha(~1)sigma(~1)U(~1)Phi(~1)Gamma''(~1)Gamma'(~1) } = 5          
 DEVIANCE { alpha(~1)sigma(~1)U(~1)Phi(~1)Gamma''(~1)Gamma'(~1) } = 1138.4459                     
 DEVIANCE Degrees of Freedom { alpha(~1)sigma(~1)U(~1)Phi(~1)Gamma''(~1)Gamma'(~1) } = 9            
 c-hat { alpha(~1)sigma(~1)U(~1)Phi(~1)Gamma''(~1)Gamma'(~1) } = 126.49399                     
 AIC { alpha(~1)sigma(~1)U(~1)Phi(~1)Gamma''(~1)Gamma'(~1) } = 1148.4459                  
 AICc { alpha(~1)sigma(~1)U(~1)Phi(~1)Gamma''(~1)Gamma'(~1) } = 1148.8140                    
 BIC { alpha(~1)sigma(~1)U(~1)Phi(~1)Gamma''(~1)Gamma'(~1) } = 1164.0954                    
 Pearson Chisquare { alpha(~1)sigma(~1)U(~1)Phi(~1)Gamma''(~1)Gamma'(~1) } = 0.3405315E+036             


   PARM-SPECIFIC Link Function Parameters of { alpha(~1)sigma(~1)U(~1)Phi(~1)Gamma''(~1)Gamma'(~1) }
                                                              95% Confidence Interval
 Parameter                    Beta         Standard Error      Lower           Upper
 -------------------------  --------------  --------------  --------------  --------------
    1:alpha:(Intercept)     0.8492118       0.0872213       0.6782580       1.0201657     
    2:sigma:(Intercept)     -0.3123225      0.0855734       -0.4800463      -0.1445986    
    3:U:(Intercept)         3.1395720       0.0654052       3.0113778       3.2677662     
    4:Phi:(Intercept)       2.0066797       0.4036744       1.2154779       2.7978815     
    5:GammaDoublePrime:(In  -2.9445172      1.0260388       -4.9555534      -0.9334811    
    6:GammaPrime:(Intercep  17.724958       8603.4251       -16844.989      16880.439     


   Real Function Parameters of { alpha(~1)sigma(~1)U(~1)Phi(~1)Gamma''(~1)Gamma'(~1) }
                                                               95% Confidence Interval
  Parameter                  Estimate       Standard Error      Lower           Upper
 --------------------------  --------------  --------------  --------------  --------------
     1:alpha g1 a0 t1        2.3378036       0.2039064       1.9710804       2.7727563                           
     2:sigma g1 a0 t1        0.7317455       0.0626179       0.6189440       0.8651049                           
     3:U g1 a0 t1            23.093979       1.5104664       20.318149       26.249039                           
     4:Phi g1 c1 a0.8 t1.8   0.8814966       0.0421680       0.7712668       0.9425612                           
     5:Gamma'' g1 c1 a0.8 t  0.0499963       0.0487334       0.0069949       0.2822190                           
     6:Gamma' g1 c1 a0.8 t1  1.0000000       0.1725122E-003  0.4917158E-296  1.0000000                           
     7:Phi g1 c1 a0 t1       1.0000000       0.0000000       1.0000000       1.0000000       Fixed               
     8:Gamma'' g1 c1 a0 t1   0.0000000       0.0000000       0.0000000       0.0000000       Fixed               

  Program  MARK  - Survival Rate Estimation with Capture-Recapture Data
   gfortran(Win64) Vers. 8.1 Mar 2016    5-Aug-2016 15:39:19    Page  007
 - - - - - - - - - - - - - - - - - - - - - - - - - - - - - - - - - - - - - -
 


                      Estimates of Derived Parameters
 Population Estimates of { alpha(~1)sigma(~1)U(~1)Phi(~1)Gamma''(~1)Gamma'(~1) }
                                                95% Confidence Interval
 Grp. Occ.   N-hat           Standard Error      Lower           Upper
 ---- ----   --------------  --------------  --------------  --------------
   1     1   26.093979       1.5104675       23.297442       29.226203     
   1     2   26.093979       1.5104675       23.297442       29.226203     
   1     3   26.093979       1.5104675       23.297442       29.226203     
   1     4   25.457888       1.5512098       22.594552       28.684086     
   1     5   26.093979       1.5104675       23.297442       29.226203     
   1     6   28.093979       1.5104675       25.286036       31.213737     
   1     7   28.093979       1.5104675       25.286036       31.213737     
   1     8   28.093979       1.5104675       25.286036       31.213737     
   1     9   25.457888       1.5512098       22.594552       28.684086     
   1    10   28.093979       1.5104675       25.286036       31.213737     
   1    11   29.003751       1.6154818       26.006319       32.346661     
   1    12   27.821797       1.5936589       24.869472       31.124600     
   1    13   27.821797       1.5936589       24.869472       31.124600     
   1    14   27.821797       1.5936589       24.869472       31.124600     
   1    15   27.821797       1.5936589       24.869472       31.124600     
   1    16   31.367660       1.6602452       28.278731       34.793996     
   1    17   31.367660       1.6602452       28.278731       34.793996     
   1    18   31.367660       1.6602452       28.278731       34.793996     
   1    19   31.367660       1.6602452       28.278731       34.793996     
   1    20   29.003751       1.6154818       26.006319       32.346661     
   1    21   27.821797       1.5936589       24.869472       31.124600     
   1    22   29.003751       1.6154818       26.006319       32.346661     
   1    23   29.003751       1.6154818       26.006319       32.346661     
   1    24   26.639842       1.5722295       23.732211       29.903712     
   1    25   27.821797       1.5936589       24.869472       31.124600     
   1    26   29.003751       1.6154818       26.006319       32.346661     
   1    27   29.003751       1.6154818       26.006319       32.346661     
   1    28   29.003751       1.6154818       26.006319       32.346661     
   1    29   27.821797       1.5936589       24.869472       31.124600     
   1    30   29.003751       1.6154818       26.006319       32.346661     
 Mean Resighting Rate Estimates of { alpha(~1)sigma(~1)U(~1)Phi(~1)Gamma''(~1)Gamma'(~1) }
                                                95% Confidence Interval
 Grp. Occ.   Lambda-hat      Standard Error      Lower           Upper
 ---- ----   --------------  --------------  --------------  --------------
   1     1   3.0554827       0.1922787       2.7012603       3.4561552     
   1     2   3.0554827       0.1922787       2.7012603       3.4561552     
   1     3   3.0554827       0.1922787       2.7012603       3.4561552     
   1     4   3.0554827       0.1922787       2.7012603       3.4561552     
   1     5   3.0554827       0.1922787       2.7012603       3.4561552     
   1     6   3.0554827       0.1922787       2.7012603       3.4561552     
   1     7   3.0554827       0.1922787       2.7012603       3.4561552     
   1     8   3.0554827       0.1922787       2.7012603       3.4561552     
   1     9   3.0554827       0.1922787       2.7012603       3.4561552     

  Program  MARK  - Survival Rate Estimation with Capture-Recapture Data
   gfortran(Win64) Vers. 8.1 Mar 2016    5-Aug-2016 15:39:19    Page  008
 - - - - - - - - - - - - - - - - - - - - - - - - - - - - - - - - - - - - - -
 
   1    10   3.0554827       0.1922787       2.7012603       3.4561552     
   1    11   3.3939053       0.1993435       3.0251429       3.8076195     
   1    12   3.2669968       0.1966705       2.9037049       3.6757413     
   1    13   3.4785109       0.2011406       3.1060886       3.8955869     
   1    14   3.6900250       0.2056841       3.3084058       4.1156634     
   1    15   3.9015391       0.2102961       3.5106533       4.3359472     
   1    16   3.5389435       0.2024315       3.1639005       3.9584434     
   1    17   3.9015391       0.2102961       3.5106533       4.3359472     
   1    18   3.7806739       0.2076525       3.3950919       4.2100466     
   1    19   3.6598087       0.2050307       3.2795075       4.0842107     
   1    20   3.5631165       0.2029495       3.1870237       3.9835912     
   1    21   4.3245673       0.2197084       3.9149361       4.7770593     
   1    22   3.3939053       0.1993435       3.0251429       3.8076195     
   1    23   3.3939053       0.1993435       3.0251429       3.8076195     
   1    24   3.6195203       0.2041618       3.2409743       4.0422804     
   1    25   4.7475955       0.2293459       4.3189406       5.2187943     
   1    26   3.3939053       0.1993435       3.0251429       3.8076195     
   1    27   3.0554827       0.1922787       2.7012603       3.4561552     
   1    28   3.5631165       0.2029495       3.1870237       3.9835912     
   1    29   3.6900250       0.2056841       3.3084058       4.1156634     
   1    30   3.5631165       0.2029495       3.1870237       3.9835912     
 Pr(Captured 1 or more times) of { alpha(~1)sigma(~1)U(~1)Phi(~1)Gamma''(~1)Gamma'(~1) }
                                                95% Confidence Interval
 Grp. Occ.      p*-hat       Standard Error      Lower           Upper
 ---- ----   --------------  --------------  --------------  --------------
   1     1   0.8460564       0.0236830       0.7937377       0.8869938     
   1     2   0.8460564       0.0236830       0.7937377       0.8869938     
   1     3   0.8460564       0.0236830       0.7937377       0.8869938     
   1     4   0.8460564       0.0236830       0.7937377       0.8869938     
   1     5   0.8460564       0.0236830       0.7937377       0.8869938     
   1     6   0.8460564       0.0236830       0.7937377       0.8869938     
   1     7   0.8460564       0.0236830       0.7937377       0.8869938     
   1     8   0.8460564       0.0236830       0.7937377       0.8869938     
   1     9   0.8460564       0.0236830       0.7937377       0.8869938     
   1    10   0.8460564       0.0236830       0.7937377       0.8869938     
   1    11   0.8820978       0.0199750       0.8369899       0.9159765     
   1    12   0.8697751       0.0212898       0.8220891       0.9061390     
   1    13   0.8896123       0.0191455       0.8461432       0.9219331     
   1    14   0.9062320       0.0172247       0.8665943       0.9349762     
   1    15   0.9201808       0.0155047       0.8840194       0.9457593     
   1    16   0.8946632       0.0185749       0.8523268       0.9259171     
   1    17   0.9201808       0.0155047       0.8840194       0.9457593     
   1    18   0.9125089       0.0164642       0.8744027       0.9398490     
   1    19   0.9040329       0.0174863       0.8638703       0.9332617     
   1    20   0.8966133       0.0183517       0.8547213       0.9274508     
   1    21   0.9417885       0.0125853       0.9116342       0.9620808     
   1    22   0.8820978       0.0199750       0.8369899       0.9159765     
   1    23   0.8820978       0.0199750       0.8369899       0.9159765     
   1    24   0.9010137       0.0178416       0.8601398       0.9309019     
   1    25   0.9571756       0.0102440       0.9319511       0.9733175     

  Program  MARK  - Survival Rate Estimation with Capture-Recapture Data
   gfortran(Win64) Vers. 8.1 Mar 2016    5-Aug-2016 15:39:19    Page  009
 - - - - - - - - - - - - - - - - - - - - - - - - - - - - - - - - - - - - - -
 
   1    26   0.8820978       0.0199750       0.8369899       0.9159765     
   1    27   0.8460564       0.0236830       0.7937377       0.8869938     
   1    28   0.8966133       0.0183517       0.8547213       0.9274508     
   1    29   0.9062320       0.0172247       0.8665943       0.9349762     
   1    30   0.8966133       0.0183517       0.8547213       0.9274508     

 Attempted ordering of parameters by estimatibility:
  1 3 2 4 5 6
 Beta number 6 is a singular value.

     CPU Time in seconds for last procedure was 62.64


  INPUT --- proc stop;

   * *  WARNING  * *   Numerical underflow occurred during final processing of this model. 
     IEEE flag status at final processing of this model:
     overflow       F
     divide by zero F
     invalid        F
     underflow      T
     inexact        T


     CPU Time in minutes for this job was 1.04

     Time Start = 15:38:34.550   Time End = 15:39:19.039

     Wall Clock Time in minutes for this job was 0.74


          E X E C U T I O N   S U C C E S S F U L 
