
   Program  MARK  - Survival Rate Estimation with Capture-Recapture Data
   gfortran(Win64) Vers. 8.1 Mar 2016    5-Aug-2016 15:44:20    Page  001
 - - - - - - - - - - - - - - - - - - - - - - - - - - - - - - - - - - - - - -
 
   This version was compiled by GCC version 5.3.0 using the options: 
     -cpp -iprefix c:\tdm-gcc-64\gcc\bin\../lib/gcc/x86_64-w64-mingw32/5.3.0/ -D_MT
     -U_REENTRANT -D IEEE -m64 -mtune=generic -march=x86-64 -mthreads -O2
     -fimplicit-none -fbounds-check -funroll-loops -ftree-vectorize
     -ffpe-summary=invalid,zero,overflow,underflow -fno-unsafe-math-optimizations
     -frounding-math -fsignaling-nans -fopenmp.

   This problem will use 3 of 4 possible threads.


  INPUT --- proc title ;

     CPU Time in seconds for last procedure was 0.00


  INPUT --- proc chmatrix occasions= 30 groups= 1 etype= PoissonMR 
  INPUT --- icovar = 2 ICMeans NoHist  hist= 14 ;

  INPUT ---    time interval 0.2 0.2 0.2 0.2 2 0.2 0.2 0.2 0.2 2.5 0.2 0.2 
  INPUT ---    0.2 0.2 2.667 0.2 0.2 0.2  0.2 1.767 0.2 0.2 0.2 0.2 3.167 
  INPUT ---    0.2 0.2 0.2 0.2 ;

  INPUT ---     icovariates captive sex ;

  INPUT ---    glabel(1)=Group 1;

      Number of unique encounter histories read was 14.

      Number of individual covariates read was 2.
      Time interval lengths vary and/or not equal to 1.

      Data type number is 115
      Data type is Poisson Mark Resight with Robust Design                                                             

     CPU Time in seconds for last procedure was 0.00

  Program  MARK  - Survival Rate Estimation with Capture-Recapture Data
   gfortran(Win64) Vers. 8.1 Mar 2016    5-Aug-2016 15:44:20    Page  002
 - - - - - - - - - - - - - - - - - - - - - - - - - - - - - - - - - - - - - -
 


  INPUT --- proc estimate link=Parm-Specific NOLOOP varest=2ndPart    ;


  INPUT --- model={ alpha(~1 + captive + sex + 
  INPUT --- effort.trapdays)sigma(~1)U(~sample_month)Phi(~1)Gamma''(~1)G
  INPUT --- amma'(~1) };

  INPUT ---    fixed=2;
  INPUT ---        parm(29)=1 ;
  INPUT ---        parm(30)=0 ;

  INPUT ---    group=1 alpha    rows=1 cols=30 Square ;
  INPUT ---        1 1 2 3 4 5 5 5 2 5 6 7 8 9 10 11 12 11 13 14 15 16 17 17 
  INPUT ---       18 15 15 17 17 17 ;

  INPUT ---    group=1 sigma    rows=1 cols=30 Square ;
  INPUT ---        19 19 19 19 19 19 19 19 19 19 19 19 19 19 19 19 19 19 19 
  INPUT ---       19 19 19 19 19 19 19 19 19 19 19 ;

  INPUT ---    group=1 U    rows=1 cols=30 Square ;
  INPUT ---        20 20 20 20 20 21 21 21 21 21 22 22 22 22 22 23 23 23 23 
  INPUT ---       23 24 24 24 24 24 25 25 25 25 25 ;

  INPUT ---    group=1 Phi    rows=29 cols=29 Triang ;
  INPUT ---        29 29 29 29 26 29 29 29 29 26 29 29 29 29 26 29 29 29 29 
  INPUT ---       26 29 29 29 29 26 29 29 29 29 ;
  INPUT ---        29 29 29 29 29 29 29 29 29 29 29 29 29 29 29 29 29 29 29 
  INPUT ---       29 29 29 29 29 29 29 29 29 ;
  INPUT ---        29 29 29 29 29 29 29 29 29 29 29 29 29 29 29 29 29 29 29 
  INPUT ---       29 29 29 29 29 29 29 29 ;
  INPUT ---        29 29 29 29 29 29 29 29 29 29 29 29 29 29 29 29 29 29 29 
  INPUT ---       29 29 29 29 29 29 29 ;
  INPUT ---        29 29 29 29 29 29 29 29 29 29 29 29 29 29 29 29 29 29 29 
  INPUT ---       29 29 29 29 29 29 ;
  INPUT ---        29 29 29 29 26 29 29 29 29 26 29 29 29 29 26 29 29 29 29 
  INPUT ---       26 29 29 29 29 ;
  INPUT ---        29 29 29 29 29 29 29 29 29 29 29 29 29 29 29 29 29 29 29 
  INPUT ---       29 29 29 29 ;
  INPUT ---        29 29 29 29 29 29 29 29 29 29 29 29 29 29 29 29 29 29 29 
  INPUT ---       29 29 29 ;
  INPUT ---        29 29 29 29 29 29 29 29 29 29 29 29 29 29 29 29 29 29 29 
  INPUT ---       29 29 ;
  INPUT ---        29 29 29 29 29 29 29 29 29 29 29 29 29 29 29 29 29 29 29 
  INPUT ---       29 ;

  Program  MARK  - Survival Rate Estimation with Capture-Recapture Data
   gfortran(Win64) Vers. 8.1 Mar 2016    5-Aug-2016 15:44:20    Page  003
 - - - - - - - - - - - - - - - - - - - - - - - - - - - - - - - - - - - - - -
 
  INPUT ---        29 29 29 29 26 29 29 29 29 26 29 29 29 29 26 29 29 29 29 ;
  INPUT ---        29 29 29 29 29 29 29 29 29 29 29 29 29 29 29 29 29 29 ;
  INPUT ---        29 29 29 29 29 29 29 29 29 29 29 29 29 29 29 29 29 ;
  INPUT ---        29 29 29 29 29 29 29 29 29 29 29 29 29 29 29 29 ;
  INPUT ---        29 29 29 29 29 29 29 29 29 29 29 29 29 29 29 ;
  INPUT ---        29 29 29 29 26 29 29 29 29 26 29 29 29 29 ;
  INPUT ---        29 29 29 29 29 29 29 29 29 29 29 29 29 ;
  INPUT ---        29 29 29 29 29 29 29 29 29 29 29 29 ;
  INPUT ---        29 29 29 29 29 29 29 29 29 29 29 ;
  INPUT ---        29 29 29 29 29 29 29 29 29 29 ;
  INPUT ---        29 29 29 29 26 29 29 29 29 ;
  INPUT ---        29 29 29 29 29 29 29 29 ;
  INPUT ---        29 29 29 29 29 29 29 ;
  INPUT ---        29 29 29 29 29 29 ;
  INPUT ---        29 29 29 29 29 ;
  INPUT ---        29 29 29 29 ;
  INPUT ---        29 29 29 ;
  INPUT ---        29 29 ;
  INPUT ---        29 ;

  INPUT ---    group=1 Gamma''    rows=29 cols=29 Triang ;
  INPUT ---        30 30 30 30 27 30 30 30 30 27 30 30 30 30 27 30 30 30 30 
  INPUT ---       27 30 30 30 30 27 30 30 30 30 ;
  INPUT ---        30 30 30 30 30 30 30 30 30 30 30 30 30 30 30 30 30 30 30 
  INPUT ---       30 30 30 30 30 30 30 30 30 ;
  INPUT ---        30 30 30 30 30 30 30 30 30 30 30 30 30 30 30 30 30 30 30 
  INPUT ---       30 30 30 30 30 30 30 30 ;
  INPUT ---        30 30 30 30 30 30 30 30 30 30 30 30 30 30 30 30 30 30 30 
  INPUT ---       30 30 30 30 30 30 30 ;
  INPUT ---        30 30 30 30 30 30 30 30 30 30 30 30 30 30 30 30 30 30 30 
  INPUT ---       30 30 30 30 30 30 ;
  INPUT ---        30 30 30 30 27 30 30 30 30 27 30 30 30 30 27 30 30 30 30 
  INPUT ---       27 30 30 30 30 ;
  INPUT ---        30 30 30 30 30 30 30 30 30 30 30 30 30 30 30 30 30 30 30 
  INPUT ---       30 30 30 30 ;
  INPUT ---        30 30 30 30 30 30 30 30 30 30 30 30 30 30 30 30 30 30 30 
  INPUT ---       30 30 30 ;
  INPUT ---        30 30 30 30 30 30 30 30 30 30 30 30 30 30 30 30 30 30 30 
  INPUT ---       30 30 ;
  INPUT ---        30 30 30 30 30 30 30 30 30 30 30 30 30 30 30 30 30 30 30 
  INPUT ---       30 ;
  INPUT ---        30 30 30 30 27 30 30 30 30 27 30 30 30 30 27 30 30 30 30 ;
  INPUT ---        30 30 30 30 30 30 30 30 30 30 30 30 30 30 30 30 30 30 ;
  INPUT ---        30 30 30 30 30 30 30 30 30 30 30 30 30 30 30 30 30 ;
  INPUT ---        30 30 30 30 30 30 30 30 30 30 30 30 30 30 30 30 ;
  INPUT ---        30 30 30 30 30 30 30 30 30 30 30 30 30 30 30 ;

  Program  MARK  - Survival Rate Estimation with Capture-Recapture Data
   gfortran(Win64) Vers. 8.1 Mar 2016    5-Aug-2016 15:44:20    Page  004
 - - - - - - - - - - - - - - - - - - - - - - - - - - - - - - - - - - - - - -
 
  INPUT ---        30 30 30 30 27 30 30 30 30 27 30 30 30 30 ;
  INPUT ---        30 30 30 30 30 30 30 30 30 30 30 30 30 ;
  INPUT ---        30 30 30 30 30 30 30 30 30 30 30 30 ;
  INPUT ---        30 30 30 30 30 30 30 30 30 30 30 ;
  INPUT ---        30 30 30 30 30 30 30 30 30 30 ;
  INPUT ---        30 30 30 30 27 30 30 30 30 ;
  INPUT ---        30 30 30 30 30 30 30 30 ;
  INPUT ---        30 30 30 30 30 30 30 ;
  INPUT ---        30 30 30 30 30 30 ;
  INPUT ---        30 30 30 30 30 ;
  INPUT ---        30 30 30 30 ;
  INPUT ---        30 30 30 ;
  INPUT ---        30 30 ;
  INPUT ---        30 ;

  INPUT ---    group=1 Gamma'    rows=28 cols=28 Triang ;
  INPUT ---        30 30 30 28 30 30 30 30 28 30 30 30 30 28 30 30 30 30 28 
  INPUT ---       30 30 30 30 28 30 30 30 30 ;
  INPUT ---        30 30 30 30 30 30 30 30 30 30 30 30 30 30 30 30 30 30 30 
  INPUT ---       30 30 30 30 30 30 30 30 ;
  INPUT ---        30 30 30 30 30 30 30 30 30 30 30 30 30 30 30 30 30 30 30 
  INPUT ---       30 30 30 30 30 30 30 ;
  INPUT ---        30 30 30 30 30 30 30 30 30 30 30 30 30 30 30 30 30 30 30 
  INPUT ---       30 30 30 30 30 30 ;
  INPUT ---        30 30 30 30 30 30 30 30 30 30 30 30 30 30 30 30 30 30 30 
  INPUT ---       30 30 30 30 30 ;
  INPUT ---        30 30 30 28 30 30 30 30 28 30 30 30 30 28 30 30 30 30 28 
  INPUT ---       30 30 30 30 ;
  INPUT ---        30 30 30 30 30 30 30 30 30 30 30 30 30 30 30 30 30 30 30 
  INPUT ---       30 30 30 ;
  INPUT ---        30 30 30 30 30 30 30 30 30 30 30 30 30 30 30 30 30 30 30 
  INPUT ---       30 30 ;
  INPUT ---        30 30 30 30 30 30 30 30 30 30 30 30 30 30 30 30 30 30 30 
  INPUT ---       30 ;
  INPUT ---        30 30 30 30 30 30 30 30 30 30 30 30 30 30 30 30 30 30 30 ;
  INPUT ---        30 30 30 28 30 30 30 30 28 30 30 30 30 28 30 30 30 30 ;
  INPUT ---        30 30 30 30 30 30 30 30 30 30 30 30 30 30 30 30 30 ;
  INPUT ---        30 30 30 30 30 30 30 30 30 30 30 30 30 30 30 30 ;
  INPUT ---        30 30 30 30 30 30 30 30 30 30 30 30 30 30 30 ;
  INPUT ---        30 30 30 30 30 30 30 30 30 30 30 30 30 30 ;
  INPUT ---        30 30 30 28 30 30 30 30 28 30 30 30 30 ;
  INPUT ---        30 30 30 30 30 30 30 30 30 30 30 30 ;
  INPUT ---        30 30 30 30 30 30 30 30 30 30 30 ;
  INPUT ---        30 30 30 30 30 30 30 30 30 30 ;
  INPUT ---        30 30 30 30 30 30 30 30 30 ;
  INPUT ---        30 30 30 28 30 30 30 30 ;

  Program  MARK  - Survival Rate Estimation with Capture-Recapture Data
   gfortran(Win64) Vers. 8.1 Mar 2016    5-Aug-2016 15:44:20    Page  005
 - - - - - - - - - - - - - - - - - - - - - - - - - - - - - - - - - - - - - -
 
  INPUT ---        30 30 30 30 30 30 30 ;
  INPUT ---        30 30 30 30 30 30 ;
  INPUT ---        30 30 30 30 30 ;
  INPUT ---        30 30 30 30 ;
  INPUT ---        30 30 30 ;
  INPUT ---        30 30 ;
  INPUT ---        30 ;

  INPUT ---    initial  0.8492118 0 0 0 -0.3123225 3.139572 0 0 0 0 0 
  INPUT ---    2.0066797 -2.9445172 17.724958  ;

  INPUT ---    design matrix constraints=30 covariates=14;
  INPUT ---        1 captive sex 96 0 0 0 0 0 0 0 0 0 0;
  INPUT ---        1 captive sex 114 0 0 0 0 0 0 0 0 0 0;
  INPUT ---        1 captive sex 120 0 0 0 0 0 0 0 0 0 0;
  INPUT ---        1 captive sex 115 0 0 0 0 0 0 0 0 0 0;
  INPUT ---        1 captive sex 126 0 0 0 0 0 0 0 0 0 0;
  INPUT ---        1 captive sex 139 0 0 0 0 0 0 0 0 0 0;
  INPUT ---        1 captive sex 168 0 0 0 0 0 0 0 0 0 0;
  INPUT ---        1 captive sex 180 0 0 0 0 0 0 0 0 0 0;
  INPUT ---        1 captive sex 174 0 0 0 0 0 0 0 0 0 0;
  INPUT ---        1 captive sex 173 0 0 0 0 0 0 0 0 0 0;
  INPUT ---        1 captive sex 166 0 0 0 0 0 0 0 0 0 0;
  INPUT ---        1 captive sex 172 0 0 0 0 0 0 0 0 0 0;
  INPUT ---        1 captive sex 171 0 0 0 0 0 0 0 0 0 0;
  INPUT ---        1 captive sex 151 0 0 0 0 0 0 0 0 0 0;
  INPUT ---        1 captive sex 192 0 0 0 0 0 0 0 0 0 0;
  INPUT ---        1 captive sex 185 0 0 0 0 0 0 0 0 0 0;
  INPUT ---        1 captive sex 198 0 0 0 0 0 0 0 0 0 0;
  INPUT ---        1 captive sex 195 0 0 0 0 0 0 0 0 0 0;
  INPUT ---        0 0 0 0 1 0 0 0 0 0 0 0 0 0;
  INPUT ---        0 0 0 0 0 1 0 0 0 0 0 0 0 0;
  INPUT ---        0 0 0 0 0 1 1 0 0 0 0 0 0 0;
  INPUT ---        0 0 0 0 0 1 0 1 0 0 0 0 0 0;
  INPUT ---        0 0 0 0 0 1 0 0 1 0 0 0 0 0;
  INPUT ---        0 0 0 0 0 1 0 0 0 1 0 0 0 0;
  INPUT ---        0 0 0 0 0 1 0 0 0 0 1 0 0 0;
  INPUT ---        0 0 0 0 0 0 0 0 0 0 0 1 0 0;
  INPUT ---        0 0 0 0 0 0 0 0 0 0 0 0 1 0;
  INPUT ---        0 0 0 0 0 0 0 0 0 0 0 0 0 1;
  INPUT ---        0 0 0 0 0 0 0 0 0 0 0 0 0 0;
  INPUT ---        0 0 0 0 0 0 0 0 0 0 0 0 0 0;

  INPUT ---    links=30;

  INPUT ---    Log;

  Program  MARK  - Survival Rate Estimation with Capture-Recapture Data
   gfortran(Win64) Vers. 8.1 Mar 2016    5-Aug-2016 15:44:20    Page  006
 - - - - - - - - - - - - - - - - - - - - - - - - - - - - - - - - - - - - - -
 

  INPUT ---    Log;

  INPUT ---    Log;

  INPUT ---    Log;

  INPUT ---    Log;

  INPUT ---    Log;

  INPUT ---    Log;

  INPUT ---    Log;

  INPUT ---    Log;

  INPUT ---    Log;

  INPUT ---    Log;

  INPUT ---    Log;

  INPUT ---    Log;

  INPUT ---    Log;

  INPUT ---    Log;

  INPUT ---    Log;

  INPUT ---    Log;

  INPUT ---    Log;

  INPUT ---    Log;

  INPUT ---    Log;

  INPUT ---    Log;

  INPUT ---    Log;

  INPUT ---    Log;

  INPUT ---    Log;

  Program  MARK  - Survival Rate Estimation with Capture-Recapture Data
   gfortran(Win64) Vers. 8.1 Mar 2016    5-Aug-2016 15:44:20    Page  007
 - - - - - - - - - - - - - - - - - - - - - - - - - - - - - - - - - - - - - -
 

  INPUT ---    Log;

  INPUT ---    Logit;

  INPUT ---    Logit;

  INPUT ---    Logit;

  INPUT ---    Logit;

  INPUT ---    Logit;
  INPUT ---       blabel(1)=alpha:(Intercept);
  INPUT ---       blabel(2)=alpha:captive;
  INPUT ---       blabel(3)=alpha:sex;
  INPUT ---       blabel(4)=alpha:effort.trapdays;
  INPUT ---       blabel(5)=sigma:(Intercept);
  INPUT ---       blabel(6)=U:(Intercept);
  INPUT ---       blabel(7)=U:sample_monthB;
  INPUT ---       blabel(8)=U:sample_monthC;
  INPUT ---       blabel(9)=U:sample_monthD;
  INPUT ---       blabel(10)=U:sample_monthE;
  INPUT ---       blabel(11)=U:sample_monthF;
  INPUT ---       blabel(12)=Phi:(Intercept);
  INPUT ---       blabel(13)=GammaDoublePrime:(Intercept);
  INPUT ---       blabel(14)=GammaPrime:(Intercept);
  INPUT ---       rlabel(1)=alpha g1 a0 t1;
  INPUT ---       rlabel(2)=alpha g1 a0.4 t1.4;
  INPUT ---       rlabel(3)=alpha g1 a0.6 t1.6;
  INPUT ---       rlabel(4)=alpha g1 a0.8 t1.8;
  INPUT ---       rlabel(5)=alpha g1 a2.8 t3.8;
  INPUT ---       rlabel(6)=alpha g1 a6.1 t7.1;
  INPUT ---       rlabel(7)=alpha g1 a6.3 t7.3;
  INPUT ---       rlabel(8)=alpha g1 a6.5 t7.5;
  INPUT ---       rlabel(9)=alpha g1 a6.7 t7.7;
  INPUT ---       rlabel(10)=alpha g1 a6.9 t7.9;
  INPUT ---       rlabel(11)=alpha g1 a9.567 t10.567;
  INPUT ---       rlabel(12)=alpha g1 a9.767 t10.767;
  INPUT ---       rlabel(13)=alpha g1 a10.167 t11.167;
  INPUT ---       rlabel(14)=alpha g1 a10.367 t11.367;
  INPUT ---       rlabel(15)=alpha g1 a12.134 t13.134;
  INPUT ---       rlabel(16)=alpha g1 a12.334 t13.334;
  INPUT ---       rlabel(17)=alpha g1 a12.534 t13.534;
  INPUT ---       rlabel(18)=alpha g1 a12.934 t13.934;
  INPUT ---       rlabel(19)=sigma g1 a0 t1;
  INPUT ---       rlabel(20)=U g1 a0 t1;

  Program  MARK  - Survival Rate Estimation with Capture-Recapture Data
   gfortran(Win64) Vers. 8.1 Mar 2016    5-Aug-2016 15:44:20    Page  008
 - - - - - - - - - - - - - - - - - - - - - - - - - - - - - - - - - - - - - -
 
  INPUT ---       rlabel(21)=U g1 a2.8 t3.8;
  INPUT ---       rlabel(22)=U g1 a6.1 t7.1;
  INPUT ---       rlabel(23)=U g1 a9.567 t10.567;
  INPUT ---       rlabel(24)=U g1 a12.134 t13.134;
  INPUT ---       rlabel(25)=U g1 a16.101 t17.101;
  INPUT ---       rlabel(26)=Phi g1 c1 a0.8 t1.8;
  INPUT ---       rlabel(27)=Gamma'' g1 c1 a0.8 t1.8;
  INPUT ---       rlabel(28)=Gamma' g1 c1 a0.8 t1.8;
  INPUT ---       rlabel(29)=Phi g1 c1 a0 t1;
  INPUT ---       rlabel(30)=Gamma'' g1 c1 a0 t1;

 Link Function Used is PARM-SPECIFIC

 Variance Estimation Procedure Used is 2ndPart 

 M(t+1):
 Group=Group 1                                                                         
       3      3      3      2      3      5      5      5      2      5      5
       4      4      4      4     10      7      7      7      5      5      5
       5      3      4      5      5      5      4      5


 -2logL(saturated) = -0.0000000    
 Effective Sample Size = 169
 Results from first iteration:
  -2logL Initial { alpha(~1 + captive + sex + effort.trapdays)sigma(~1)U(~sample_month)Phi(~1)Gamma''(~1)Gamma'(~1) } = 1138.4459     
  Penalty Initial { alpha(~1 + captive + sex + effort.trapdays)sigma(~1)U(~sample_month)Phi(~1)Gamma''(~1)Gamma'(~1) } = -0.0000000    

 Number of function evaluations was 21 for 14 parameters.
 Time for numerical optimization was 1.81 seconds.
 -2logL { alpha(~1 + captive + sex + effort.trapdays)sigma(~1)U(~sample_month)Phi(~1)Gamma''(~1)Gamma'(~1) } = 1079.6441     
 Penalty { alpha(~1 + captive + sex + effort.trapdays)sigma(~1)U(~sample_month)Phi(~1)Gamma''(~1)Gamma'(~1) } = -0.0000000    

   * *  WARNING  * *   Numerical underflow occurred during optimization of this model. 
     IEEE flag status at end of optimization:
     overflow       F
     divide by zero F
     invalid        F
     underflow      T
     inexact        T

 Gradient { alpha(~1 + captive + sex + effort.trapdays)sigma(~1)U(~sample_month)Phi(~1)Gamma''(~1)Gamma'(~1) }:
 -0.1679033E-03 0.3507803E-04-0.1777690E-03 0.2138231E-04  0.000000    
 -0.3978010E-03-0.5829069E-04-0.9376345E-04-0.6811394E-04-0.4549001E-04
 -0.7489086E-04 0.2193072E-03-0.1152898E-04  0.000000    
 S Vector { alpha(~1 + captive + sex + effort.trapdays)sigma(~1)U(~sample_month)Phi(~1)Gamma''(~1)Gamma'(~1) }:
   5018.407      353.4619      274.7880      261.6855      230.2399    
   185.1206      109.8401      63.07548      25.12607      9.127591    
   6.136839      3.586865     0.9500418     0.5404024E-08
 Time to compute number of parameters was 2.09 seconds.
   Threshold =  0.3000000E-06     Condition index =  0.1076840E-11     New Threshold =  0.2022000E-07
 New Guessimate of Estimated Parameters { alpha(~1 + captive + sex + effort.trapdays)sigma(~1)U(~sample_month)Phi(~1)Gamma''(~1)Gamma'(~1) } = 13          
 Conditioned S Vector { alpha(~1 + captive + sex + effort.trapdays)sigma(~1)U(~sample_month)Phi(~1)Gamma''(~1)Gamma'(~1) }:
   1.000000     0.7043308E-01 0.5475603E-01 0.5214513E-01 0.4587907E-01
  0.3688833E-01 0.2188744E-01 0.1256882E-01 0.5006783E-02 0.1818822E-02
  0.1222866E-02 0.7147418E-03 0.1893114E-03 0.1076840E-11
 Number of Estimated Parameters { alpha(~1 + captive + sex + effort.trapdays)sigma(~1)U(~sample_month)Phi(~1)Gamma''(~1)Gamma'(~1) } = 13          
 DEVIANCE { alpha(~1 + captive + sex + effort.trapdays)sigma(~1)U(~sample_month)Phi(~1)Gamma''(~1)Gamma'(~1) } = 1079.6441                     
 DEVIANCE Degrees of Freedom { alpha(~1 + captive + sex + effort.trapdays)sigma(~1)U(~sample_month)Phi(~1)Gamma''(~1)Gamma'(~1) } = 1            
 c-hat { alpha(~1 + captive + sex + effort.trapdays)sigma(~1)U(~sample_month)Phi(~1)Gamma''(~1)Gamma'(~1) } = 1079.6441                     
 AIC { alpha(~1 + captive + sex + effort.trapdays)sigma(~1)U(~sample_month)Phi(~1)Gamma''(~1)Gamma'(~1) } = 1105.6441                  
 AICc { alpha(~1 + captive + sex + effort.trapdays)sigma(~1)U(~sample_month)Phi(~1)Gamma''(~1)Gamma'(~1) } = 1107.9925                    
 BIC { alpha(~1 + captive + sex + effort.trapdays)sigma(~1)U(~sample_month)Phi(~1)Gamma''(~1)Gamma'(~1) } = 1146.3328                    
 Pearson Chisquare { alpha(~1 + captive + sex + effort.trapdays)sigma(~1)U(~sample_month)Phi(~1)Gamma''(~1)Gamma'(~1) } = 0.4496586E+034             

  Program  MARK  - Survival Rate Estimation with Capture-Recapture Data
   gfortran(Win64) Vers. 8.1 Mar 2016    5-Aug-2016 15:44:23    Page  009
 - - - - - - - - - - - - - - - - - - - - - - - - - - - - - - - - - - - - - -
 

   * *  WARNING  * *   Numerical underflow occurred during variance-covariance calculation of this model. 
     IEEE flag status at end of variance-covariance calculation:
     overflow       F
     divide by zero F
     invalid        F
     underflow      T
     inexact        T



 PARM-SPECIFIC Link Function Parameters of { alpha(~1 + captive + sex + effort.trapdays)sigma(~1)U(~sample_month)Phi(~1)Gamma''(~1)Gamma'(~1) }
                                                              95% Confidence Interval
 Parameter                    Beta         Standard Error      Lower           Upper
 -------------------------  --------------  --------------  --------------  --------------
    1:alpha:(Intercept)     0.4896140       0.3723162       -0.2401259      1.2193538     
    2:alpha:captive         0.2963878       0.1150065       0.0709751       0.5218005     
    3:alpha:sex             0.5348477       0.2121465       0.1190407       0.9506548     
    4:alpha:effort.trapday  -.3200659E-003  0.0016854       -0.0036235      0.0029834     
    5:sigma:(Intercept)     -0.6641269      0.1204200       -0.9001502      -0.4281036    
    6:U:(Intercept)         2.4294585       0.1470912       2.1411598       2.7177573     
    7:U:sample_monthB       0.5602744       0.1350739       0.2955297       0.8250192     
    8:U:sample_monthC       0.6974799       0.1492117       0.4050250       0.9899349     
    9:U:sample_monthD       1.0028822       0.1556627       0.6977833       1.3079811     
   10:U:sample_monthE       0.4994962       0.1765654       0.1534280       0.8455644     
   11:U:sample_monthF       0.8216403       0.1818592       0.4651962       1.1780843     
   12:Phi:(Intercept)       2.0066671       0.4036711       1.2154717       2.7978624     
   13:GammaDoublePrime:(In  -2.9443850      1.0259558       -4.9552584      -0.9335116    
   14:GammaPrime:(Intercep  17.724958       0.0000000       17.724958       17.724958     


 Real Function Parameters of { alpha(~1 + captive + sex + effort.trapdays)sigma(~1)U(~sample_month)Phi(~1)Gamma''(~1)Gamma'(~1) }

      Following estimates based on unstandardized individual covariate values:
          Variable   Value         
          ---------  ------------- 
          CAPTIVE    0.2142857     
          SEX        0.8461538     
                                                               95% Confidence Interval
  Parameter                  Estimate       Standard Error      Lower           Upper
 --------------------------  --------------  --------------  --------------  --------------
     1:alpha g1 a0 t1        2.6510685       0.3687051       2.0211660       3.4772822                           
     2:alpha g1 a0.4 t1.4    2.6358391       0.3032996       2.1051999       3.3002320                           
     3:alpha g1 a0.6 t1.6    2.6307822       0.2835339       2.1311266       3.2475850                           
     4:alpha g1 a0.8 t1.8    2.6349956       0.2999212       2.1096191       3.2912112                           
     5:alpha g1 a2.8 t3.8    2.6257349       0.2651228       2.1553638       3.1987563                           
     6:alpha g1 a6.1 t7.1    2.6148323       0.2312189       2.1994834       3.1086153                           

  Program  MARK  - Survival Rate Estimation with Capture-Recapture Data
   gfortran(Win64) Vers. 8.1 Mar 2016    5-Aug-2016 15:44:23    Page  010
 - - - - - - - - - - - - - - - - - - - - - - - - - - - - - - - - - - - - - -
 
     7:alpha g1 a6.3 t7.3    2.5906739       0.2003194       2.2268549       3.0139330                           
     8:alpha g1 a6.5 t7.5    2.5807428       0.2098993       2.2010345       3.0259559                           
     9:alpha g1 a6.7 t7.7    2.5857036       0.2035114       2.2165927       3.0162794                           
    10:alpha g1 a6.9 t7.9    2.5865313       0.2027505       2.2186843       3.0153655                           
    11:alpha g1 a9.567 t10.  2.5923328       0.2000032       2.2290264       3.0148541                           
    12:alpha g1 a9.767 t10.  2.5873593       0.2020798       2.2206259       3.0146582                           
    13:alpha g1 a10.167 t11  2.5881875       0.2015005       2.2224156       3.0141594                           
    14:alpha g1 a10.367 t11  2.6048085       0.2096531       2.2252278       3.0491382                           
    15:alpha g1 a12.134 t13  2.5708497       0.2309379       2.1565819       3.0646961                           
    16:alpha g1 a12.334 t13  2.5766160       0.2174390       2.1844566       3.0391769                           
    17:alpha g1 a12.534 t13  2.5659174       0.2448167       2.1291738       3.0922473                           
    18:alpha g1 a12.934 t13  2.5683823       0.2376374       2.1432325       3.0778685                           
    19:sigma g1 a0 t1        0.5147227       0.0619829       0.4068539       0.6511908                           
    20:U g1 a0 t1            11.352733       1.6698871       8.5224269       15.122987                           
    21:U g1 a2.8 t3.8        19.880373       2.3304220       15.811868       24.995733                           
    22:U g1 a6.1 t7.1        22.804057       1.8926402       19.385897       26.824913                           
    23:U g1 a9.567 t10.567   30.949001       2.3900207       26.607834       35.998447                           
    24:U g1 a12.134 t13.134  18.708065       1.7138010       15.639172       22.379170                           
    25:U g1 a16.101 t17.101  25.818693       2.4596527       21.430139       31.105953                           
    26:Phi g1 c1 a0.8 t1.8   0.8814953       0.0421680       0.7712657       0.9425602                           
    27:Gamma'' g1 c1 a0.8 t  0.0500026       0.0487353       0.0069970       0.2822128                           
    28:Gamma' g1 c1 a0.8 t1  1.0000000       0.0000000       1.0000000       1.0000000                           
    29:Phi g1 c1 a0 t1       1.0000000       0.0000000       1.0000000       1.0000000       Fixed               
    30:Gamma'' g1 c1 a0 t1   0.0000000       0.0000000       0.0000000       0.0000000       Fixed               

  Program  MARK  - Survival Rate Estimation with Capture-Recapture Data
   gfortran(Win64) Vers. 8.1 Mar 2016    5-Aug-2016 15:44:23    Page  011
 - - - - - - - - - - - - - - - - - - - - - - - - - - - - - - - - - - - - - -
 


                      Estimates of Derived Parameters
 Population Estimates of { alpha(~1 + captive + sex + effort.trapdays)sigma(~1)U(~sample_month)Phi(~1)Gamma''(~1)Gamma'(~1) }
                                                95% Confidence Interval
 Grp. Occ.   N-hat           Standard Error      Lower           Upper
 ---- ----   --------------  --------------  --------------  --------------
   1     1   14.352733       1.6698879       11.434872       18.015151     
   1     2   14.352733       1.6698879       11.434872       18.015151     
   1     3   14.352733       1.6698879       11.434872       18.015151     
   1     4   13.484785       1.6955626       10.549511       17.236763     
   1     5   14.352733       1.6698879       11.434872       18.015151     
   1     6   24.880373       2.3304228       20.715794       29.882174     
   1     7   24.880373       2.3304228       20.715794       29.882174     
   1     8   24.880373       2.3304228       20.715794       29.882174     
   1     9   22.107069       2.3702600       17.927785       27.260618     
   1    10   24.880373       2.3304228       20.715794       29.882174     
   1    11   28.280948       1.9431891       24.721540       32.352839     
   1    12   27.173306       1.9341133       23.639155       31.235827     
   1    13   27.176280       1.9352532       23.640166       31.241329     
   1    14   27.231293       1.9369941       23.691718       31.299685     
   1    15   27.231014       1.9368921       23.691615       31.299181     
   1    16   38.954229       2.5195162       34.320711       44.213302     
   1    17   38.791917       2.4861156       34.217156       43.978314     
   1    18   38.954229       2.5195162       34.320711       44.213302     
   1    19   38.891100       2.5024531       34.287444       44.112873     
   1    20   36.762154       2.5019898       32.176218       42.001702     
   1    21   23.204184       1.7794019       19.970401       26.961611     
   1    22   24.320653       1.7872935       21.062241       28.083154     
   1    23   24.261571       1.7886665       21.001416       28.027816     
   1    24   22.022537       1.7568938       18.839415       25.743483     
   1    25   23.205112       1.7817531       19.967370       26.967859     
   1    26   31.370053       2.5406380       26.772470       36.757171     
   1    27   31.370053       2.5406380       26.772470       36.757171     
   1    28   31.372199       2.5465569       26.764740       36.772817     
   1    29   30.297234       2.5343975       25.723011       35.684873     
   1    30   31.372199       2.5465569       26.764740       36.772817     
 Mean Resighting Rate Estimates of { alpha(~1 + captive + sex + effort.trapdays)sigma(~1)U(~sample_month)Phi(~1)Gamma''(~1)Gamma'(~1) }
                                                95% Confidence Interval
 Grp. Occ.   Lambda-hat      Standard Error      Lower           Upper
 ---- ----   --------------  --------------  --------------  --------------
   1     1   3.0265778       0.4009500       2.3370919       3.9194748     
   1     2   3.0265778       0.4009500       2.3370919       3.9194748     
   1     3   3.0091912       0.3205077       2.4436700       3.7055869     
   1     4   3.0034179       0.2955703       2.4776966       3.6406875     
   1     5   3.0082282       0.3162720       2.4494205       3.6945216     
   1     6   2.9976557       0.2719424       2.5102612       3.5796832     
   1     7   2.9976557       0.2719424       2.5102612       3.5796832     
   1     8   2.9976557       0.2719424       2.5102612       3.5796832     
   1     9   3.0091912       0.3205077       2.4436700       3.7055869     

  Program  MARK  - Survival Rate Estimation with Capture-Recapture Data
   gfortran(Win64) Vers. 8.1 Mar 2016    5-Aug-2016 15:44:23    Page  012
 - - - - - - - - - - - - - - - - - - - - - - - - - - - - - - - - - - - - - -
 
   1    10   2.9976557       0.2719424       2.5102612       3.5796832     
   1    11   3.3424765       0.2338640       2.9146317       3.8331254     
   1    12   3.1804767       0.1856051       2.8370005       3.5655376     
   1    13   3.3916167       0.2024704       3.0174257       3.8122111     
   1    14   3.6202212       0.1978674       3.2527113       4.0292543     
   1    15   3.8439835       0.2009893       3.4698007       4.2585181     
   1    16   3.4689599       0.1904863       3.1152488       3.8628321     
   1    17   3.8449904       0.2000690       3.4724280       4.2575257     
   1    18   3.7236787       0.1951196       3.3604641       4.1261512     
   1    19   3.5913669       0.1945675       3.2298150       3.9933917     
   1    20   3.5092270       0.2062808       3.1276491       3.9373580     
   1    21   4.2698588       0.2501232       3.8070881       4.7888815     
   1    22   3.2977164       0.2110913       2.9092526       3.7380507     
   1    23   3.2851795       0.2479809       2.8339778       3.8082176     
   1    24   3.5223889       0.2532200       3.0600128       4.0546313     
   1    25   4.7116232       0.2695361       4.2122589       5.2701873     
   1    26   3.2909596       0.2294101       2.8711560       3.7721445     
   1    27   2.9349963       0.2220586       2.5310300       3.4034379     
   1    28   3.4630865       0.2519064       3.0034964       3.9930025     
   1    29   3.5965168       0.2548654       3.1306645       4.1316895     
   1    30   3.4630865       0.2519064       3.0034964       3.9930025     
 Pr(Captured 1 or more times) of { alpha(~1 + captive + sex + effort.trapdays)sigma(~1)U(~sample_month)Phi(~1)Gamma''(~1)Gamma'(~1) }
                                                95% Confidence Interval
 Grp. Occ.      p*-hat       Standard Error      Lower           Upper
 ---- ----   --------------  --------------  --------------  --------------
   1     1   0.3085996       0.0075409       0.2940186       0.3235722     
   1     2   0.3085996       0.0075409       0.2940186       0.3235722     
   1     3   0.3083139       0.0066780       0.2953812       0.3215543     
   1     4   0.4690317       0.0095669       0.4503330       0.4878177     
   1     5   0.3082979       0.0066360       0.2954457       0.3214542     
   1     6   0.1827224       0.0039923       0.1750271       0.1906779     
   1     7   0.1827224       0.0039923       0.1750271       0.1906779     
   1     8   0.1827224       0.0039923       0.1750271       0.1906779     
   1     9   0.4490958       0.0128336       0.4240930       0.4743586     
   1    10   0.1827224       0.0039923       0.1750271       0.1906779     
   1    11   0.1873642       0.0028880       0.1817694       0.1930906     
   1    12   0.2327262       0.0037601       0.2254379       0.2401772     
   1    13   0.2357539       0.0033521       0.2292473       0.2423872     
   1    14   0.2366666       0.0030234       0.2307921       0.2426436     
   1    15   0.2390424       0.0025929       0.2339974       0.2441614     
   1    16   0.1317849       0.0022682       0.1274025       0.1362946     
   1    17   0.1357757       0.0015918       0.1326858       0.1389261     
   1    18   0.1333625       0.0021555       0.1291940       0.1376443     
   1    19   0.1329454       0.0020756       0.1289297       0.1370666     
   1    20   0.1819734       0.0042065       0.1738735       0.1903638     
   1    21   0.2413041       0.0023442       0.2367393       0.2459286     
   1    22   0.1839937       0.0034134       0.1773973       0.1907784     
   1    23   0.1854697       0.0034375       0.1788266       0.1923018     
   1    24   0.3146885       0.0046960       0.3055578       0.3239647     
   1    25   0.2439236       0.0018673       0.2402823       0.2476021     

  Program  MARK  - Survival Rate Estimation with Capture-Recapture Data
   gfortran(Win64) Vers. 8.1 Mar 2016    5-Aug-2016 15:44:23    Page  013
 - - - - - - - - - - - - - - - - - - - - - - - - - - - - - - - - - - - - - -
 
   1    26   0.1855226       0.0033056       0.1791308       0.1920892     
   1    27   0.1801360       0.0042257       0.1720017       0.1885674     
   1    28   0.1875820       0.0030395       0.1816973       0.1936123     
   1    29   0.2351366       0.0037017       0.2279589       0.2424693     
   1    30   0.1875820       0.0030395       0.1816973       0.1936123     

 Attempted ordering of parameters by estimatibility:
   1  6  9 11  8 10  2  5  7  3 12  4 13 14
 Beta number 14 is a singular value.

     CPU Time in seconds for last procedure was 4.14


  INPUT --- proc stop;

   * *  WARNING  * *   Numerical underflow occurred during final processing of this model. 
     IEEE flag status at final processing of this model:
     overflow       F
     divide by zero F
     invalid        F
     underflow      T
     inexact        T


     CPU Time in minutes for this job was 0.07

     Time Start = 15:44:20.451   Time End = 15:44:23.604

     Wall Clock Time in minutes for this job was 0.05


          E X E C U T I O N   S U C C E S S F U L 
