
   Program  MARK  - Survival Rate Estimation with Capture-Recapture Data
   gfortran(Win64) Vers. 8.1 Mar 2016    5-Aug-2016 15:43:37    Page  001
 - - - - - - - - - - - - - - - - - - - - - - - - - - - - - - - - - - - - - -
 
   This version was compiled by GCC version 5.3.0 using the options: 
     -cpp -iprefix c:\tdm-gcc-64\gcc\bin\../lib/gcc/x86_64-w64-mingw32/5.3.0/ -D_MT
     -U_REENTRANT -D IEEE -m64 -mtune=generic -march=x86-64 -mthreads -O2
     -fimplicit-none -fbounds-check -funroll-loops -ftree-vectorize
     -ffpe-summary=invalid,zero,overflow,underflow -fno-unsafe-math-optimizations
     -frounding-math -fsignaling-nans -fopenmp.

   This problem will use 3 of 4 possible threads.


  INPUT --- proc title ;

     CPU Time in seconds for last procedure was 0.00


  INPUT --- proc chmatrix occasions= 30 groups= 1 etype= PoissonMR 
  INPUT --- icovar = 1 ICMeans NoHist  hist= 14 ;

  INPUT ---    time interval 0.2 0.2 0.2 0.2 2 0.2 0.2 0.2 0.2 2.5 0.2 0.2 
  INPUT ---    0.2 0.2 2.667 0.2 0.2 0.2  0.2 1.767 0.2 0.2 0.2 0.2 3.167 
  INPUT ---    0.2 0.2 0.2 0.2 ;

  INPUT ---     icovariates sex ;

  INPUT ---    glabel(1)=Group 1;

      Number of unique encounter histories read was 14.

      Number of individual covariates read was 1.
      Time interval lengths vary and/or not equal to 1.

      Data type number is 115
      Data type is Poisson Mark Resight with Robust Design                                                             

     CPU Time in seconds for last procedure was 0.02

  Program  MARK  - Survival Rate Estimation with Capture-Recapture Data
   gfortran(Win64) Vers. 8.1 Mar 2016    5-Aug-2016 15:43:37    Page  002
 - - - - - - - - - - - - - - - - - - - - - - - - - - - - - - - - - - - - - -
 


  INPUT --- proc estimate link=Parm-Specific NOLOOP varest=2ndPart    ;


  INPUT --- model={ alpha(~1 + sex + 
  INPUT --- time)sigma(~1)U(~sample_month)Phi(~1)Gamma''(~1)Gamma'(~1) 
  INPUT --- };

  INPUT ---    fixed=2;
  INPUT ---        parm(41)=1 ;
  INPUT ---        parm(42)=0 ;

  INPUT ---    group=1 alpha    rows=1 cols=30 Square ;
  INPUT ---        1 2 3 4 5 6 7 8 9 10 11 12 13 14 15 16 17 18 19 20 21 22 
  INPUT ---       23 24 25 26 27 28 29 30 ;

  INPUT ---    group=1 sigma    rows=1 cols=30 Square ;
  INPUT ---        31 31 31 31 31 31 31 31 31 31 31 31 31 31 31 31 31 31 31 
  INPUT ---       31 31 31 31 31 31 31 31 31 31 31 ;

  INPUT ---    group=1 U    rows=1 cols=30 Square ;
  INPUT ---        32 32 32 32 32 33 33 33 33 33 34 34 34 34 34 35 35 35 35 
  INPUT ---       35 36 36 36 36 36 37 37 37 37 37 ;

  INPUT ---    group=1 Phi    rows=29 cols=29 Triang ;
  INPUT ---        41 41 41 41 38 41 41 41 41 38 41 41 41 41 38 41 41 41 41 
  INPUT ---       38 41 41 41 41 38 41 41 41 41 ;
  INPUT ---        41 41 41 41 41 41 41 41 41 41 41 41 41 41 41 41 41 41 41 
  INPUT ---       41 41 41 41 41 41 41 41 41 ;
  INPUT ---        41 41 41 41 41 41 41 41 41 41 41 41 41 41 41 41 41 41 41 
  INPUT ---       41 41 41 41 41 41 41 41 ;
  INPUT ---        41 41 41 41 41 41 41 41 41 41 41 41 41 41 41 41 41 41 41 
  INPUT ---       41 41 41 41 41 41 41 ;
  INPUT ---        41 41 41 41 41 41 41 41 41 41 41 41 41 41 41 41 41 41 41 
  INPUT ---       41 41 41 41 41 41 ;
  INPUT ---        41 41 41 41 38 41 41 41 41 38 41 41 41 41 38 41 41 41 41 
  INPUT ---       38 41 41 41 41 ;
  INPUT ---        41 41 41 41 41 41 41 41 41 41 41 41 41 41 41 41 41 41 41 
  INPUT ---       41 41 41 41 ;
  INPUT ---        41 41 41 41 41 41 41 41 41 41 41 41 41 41 41 41 41 41 41 
  INPUT ---       41 41 41 ;
  INPUT ---        41 41 41 41 41 41 41 41 41 41 41 41 41 41 41 41 41 41 41 
  INPUT ---       41 41 ;
  INPUT ---        41 41 41 41 41 41 41 41 41 41 41 41 41 41 41 41 41 41 41 
  INPUT ---       41 ;

  Program  MARK  - Survival Rate Estimation with Capture-Recapture Data
   gfortran(Win64) Vers. 8.1 Mar 2016    5-Aug-2016 15:43:37    Page  003
 - - - - - - - - - - - - - - - - - - - - - - - - - - - - - - - - - - - - - -
 
  INPUT ---        41 41 41 41 38 41 41 41 41 38 41 41 41 41 38 41 41 41 41 ;
  INPUT ---        41 41 41 41 41 41 41 41 41 41 41 41 41 41 41 41 41 41 ;
  INPUT ---        41 41 41 41 41 41 41 41 41 41 41 41 41 41 41 41 41 ;
  INPUT ---        41 41 41 41 41 41 41 41 41 41 41 41 41 41 41 41 ;
  INPUT ---        41 41 41 41 41 41 41 41 41 41 41 41 41 41 41 ;
  INPUT ---        41 41 41 41 38 41 41 41 41 38 41 41 41 41 ;
  INPUT ---        41 41 41 41 41 41 41 41 41 41 41 41 41 ;
  INPUT ---        41 41 41 41 41 41 41 41 41 41 41 41 ;
  INPUT ---        41 41 41 41 41 41 41 41 41 41 41 ;
  INPUT ---        41 41 41 41 41 41 41 41 41 41 ;
  INPUT ---        41 41 41 41 38 41 41 41 41 ;
  INPUT ---        41 41 41 41 41 41 41 41 ;
  INPUT ---        41 41 41 41 41 41 41 ;
  INPUT ---        41 41 41 41 41 41 ;
  INPUT ---        41 41 41 41 41 ;
  INPUT ---        41 41 41 41 ;
  INPUT ---        41 41 41 ;
  INPUT ---        41 41 ;
  INPUT ---        41 ;

  INPUT ---    group=1 Gamma''    rows=29 cols=29 Triang ;
  INPUT ---        42 42 42 42 39 42 42 42 42 39 42 42 42 42 39 42 42 42 42 
  INPUT ---       39 42 42 42 42 39 42 42 42 42 ;
  INPUT ---        42 42 42 42 42 42 42 42 42 42 42 42 42 42 42 42 42 42 42 
  INPUT ---       42 42 42 42 42 42 42 42 42 ;
  INPUT ---        42 42 42 42 42 42 42 42 42 42 42 42 42 42 42 42 42 42 42 
  INPUT ---       42 42 42 42 42 42 42 42 ;
  INPUT ---        42 42 42 42 42 42 42 42 42 42 42 42 42 42 42 42 42 42 42 
  INPUT ---       42 42 42 42 42 42 42 ;
  INPUT ---        42 42 42 42 42 42 42 42 42 42 42 42 42 42 42 42 42 42 42 
  INPUT ---       42 42 42 42 42 42 ;
  INPUT ---        42 42 42 42 39 42 42 42 42 39 42 42 42 42 39 42 42 42 42 
  INPUT ---       39 42 42 42 42 ;
  INPUT ---        42 42 42 42 42 42 42 42 42 42 42 42 42 42 42 42 42 42 42 
  INPUT ---       42 42 42 42 ;
  INPUT ---        42 42 42 42 42 42 42 42 42 42 42 42 42 42 42 42 42 42 42 
  INPUT ---       42 42 42 ;
  INPUT ---        42 42 42 42 42 42 42 42 42 42 42 42 42 42 42 42 42 42 42 
  INPUT ---       42 42 ;
  INPUT ---        42 42 42 42 42 42 42 42 42 42 42 42 42 42 42 42 42 42 42 
  INPUT ---       42 ;
  INPUT ---        42 42 42 42 39 42 42 42 42 39 42 42 42 42 39 42 42 42 42 ;
  INPUT ---        42 42 42 42 42 42 42 42 42 42 42 42 42 42 42 42 42 42 ;
  INPUT ---        42 42 42 42 42 42 42 42 42 42 42 42 42 42 42 42 42 ;
  INPUT ---        42 42 42 42 42 42 42 42 42 42 42 42 42 42 42 42 ;
  INPUT ---        42 42 42 42 42 42 42 42 42 42 42 42 42 42 42 ;

  Program  MARK  - Survival Rate Estimation with Capture-Recapture Data
   gfortran(Win64) Vers. 8.1 Mar 2016    5-Aug-2016 15:43:37    Page  004
 - - - - - - - - - - - - - - - - - - - - - - - - - - - - - - - - - - - - - -
 
  INPUT ---        42 42 42 42 39 42 42 42 42 39 42 42 42 42 ;
  INPUT ---        42 42 42 42 42 42 42 42 42 42 42 42 42 ;
  INPUT ---        42 42 42 42 42 42 42 42 42 42 42 42 ;
  INPUT ---        42 42 42 42 42 42 42 42 42 42 42 ;
  INPUT ---        42 42 42 42 42 42 42 42 42 42 ;
  INPUT ---        42 42 42 42 39 42 42 42 42 ;
  INPUT ---        42 42 42 42 42 42 42 42 ;
  INPUT ---        42 42 42 42 42 42 42 ;
  INPUT ---        42 42 42 42 42 42 ;
  INPUT ---        42 42 42 42 42 ;
  INPUT ---        42 42 42 42 ;
  INPUT ---        42 42 42 ;
  INPUT ---        42 42 ;
  INPUT ---        42 ;

  INPUT ---    group=1 Gamma'    rows=28 cols=28 Triang ;
  INPUT ---        42 42 42 40 42 42 42 42 40 42 42 42 42 40 42 42 42 42 40 
  INPUT ---       42 42 42 42 40 42 42 42 42 ;
  INPUT ---        42 42 42 42 42 42 42 42 42 42 42 42 42 42 42 42 42 42 42 
  INPUT ---       42 42 42 42 42 42 42 42 ;
  INPUT ---        42 42 42 42 42 42 42 42 42 42 42 42 42 42 42 42 42 42 42 
  INPUT ---       42 42 42 42 42 42 42 ;
  INPUT ---        42 42 42 42 42 42 42 42 42 42 42 42 42 42 42 42 42 42 42 
  INPUT ---       42 42 42 42 42 42 ;
  INPUT ---        42 42 42 42 42 42 42 42 42 42 42 42 42 42 42 42 42 42 42 
  INPUT ---       42 42 42 42 42 ;
  INPUT ---        42 42 42 40 42 42 42 42 40 42 42 42 42 40 42 42 42 42 40 
  INPUT ---       42 42 42 42 ;
  INPUT ---        42 42 42 42 42 42 42 42 42 42 42 42 42 42 42 42 42 42 42 
  INPUT ---       42 42 42 ;
  INPUT ---        42 42 42 42 42 42 42 42 42 42 42 42 42 42 42 42 42 42 42 
  INPUT ---       42 42 ;
  INPUT ---        42 42 42 42 42 42 42 42 42 42 42 42 42 42 42 42 42 42 42 
  INPUT ---       42 ;
  INPUT ---        42 42 42 42 42 42 42 42 42 42 42 42 42 42 42 42 42 42 42 ;
  INPUT ---        42 42 42 40 42 42 42 42 40 42 42 42 42 40 42 42 42 42 ;
  INPUT ---        42 42 42 42 42 42 42 42 42 42 42 42 42 42 42 42 42 ;
  INPUT ---        42 42 42 42 42 42 42 42 42 42 42 42 42 42 42 42 ;
  INPUT ---        42 42 42 42 42 42 42 42 42 42 42 42 42 42 42 ;
  INPUT ---        42 42 42 42 42 42 42 42 42 42 42 42 42 42 ;
  INPUT ---        42 42 42 40 42 42 42 42 40 42 42 42 42 ;
  INPUT ---        42 42 42 42 42 42 42 42 42 42 42 42 ;
  INPUT ---        42 42 42 42 42 42 42 42 42 42 42 ;
  INPUT ---        42 42 42 42 42 42 42 42 42 42 ;
  INPUT ---        42 42 42 42 42 42 42 42 42 ;
  INPUT ---        42 42 42 40 42 42 42 42 ;

  Program  MARK  - Survival Rate Estimation with Capture-Recapture Data
   gfortran(Win64) Vers. 8.1 Mar 2016    5-Aug-2016 15:43:37    Page  005
 - - - - - - - - - - - - - - - - - - - - - - - - - - - - - - - - - - - - - -
 
  INPUT ---        42 42 42 42 42 42 42 ;
  INPUT ---        42 42 42 42 42 42 ;
  INPUT ---        42 42 42 42 42 ;
  INPUT ---        42 42 42 42 ;
  INPUT ---        42 42 42 ;
  INPUT ---        42 42 ;
  INPUT ---        42 ;

  INPUT ---    initial  0.8492118 0 0 0 0 0 0 0 0 0 0 0 0 0 0 0 0 0 0 0 0 
  INPUT ---    0 0 0 0 0 0 0 0 0 0 -0.3123225 3.139572 0 0 0 0 0 2.0066797 
  INPUT ---    -2.9445172 17.724958  ;

  INPUT ---    design matrix constraints=42 covariates=41;
  INPUT ---        1 sex 0 0 0 0 0 0 0 0 0 0 0 0 0 0 0 0 0 0 0 0 0 0 0 0 0 0 
  INPUT ---       0 0 0 0 0 0 0 0 0 0 0 0 0;
  INPUT ---        1 sex 1 0 0 0 0 0 0 0 0 0 0 0 0 0 0 0 0 0 0 0 0 0 0 0 0 0 
  INPUT ---       0 0 0 0 0 0 0 0 0 0 0 0 0;
  INPUT ---        1 sex 0 1 0 0 0 0 0 0 0 0 0 0 0 0 0 0 0 0 0 0 0 0 0 0 0 0 
  INPUT ---       0 0 0 0 0 0 0 0 0 0 0 0 0;
  INPUT ---        1 sex 0 0 1 0 0 0 0 0 0 0 0 0 0 0 0 0 0 0 0 0 0 0 0 0 0 0 
  INPUT ---       0 0 0 0 0 0 0 0 0 0 0 0 0;
  INPUT ---        1 sex 0 0 0 1 0 0 0 0 0 0 0 0 0 0 0 0 0 0 0 0 0 0 0 0 0 0 
  INPUT ---       0 0 0 0 0 0 0 0 0 0 0 0 0;
  INPUT ---        1 sex 0 0 0 0 1 0 0 0 0 0 0 0 0 0 0 0 0 0 0 0 0 0 0 0 0 0 
  INPUT ---       0 0 0 0 0 0 0 0 0 0 0 0 0;
  INPUT ---        1 sex 0 0 0 0 0 1 0 0 0 0 0 0 0 0 0 0 0 0 0 0 0 0 0 0 0 0 
  INPUT ---       0 0 0 0 0 0 0 0 0 0 0 0 0;
  INPUT ---        1 sex 0 0 0 0 0 0 1 0 0 0 0 0 0 0 0 0 0 0 0 0 0 0 0 0 0 0 
  INPUT ---       0 0 0 0 0 0 0 0 0 0 0 0 0;
  INPUT ---        1 sex 0 0 0 0 0 0 0 1 0 0 0 0 0 0 0 0 0 0 0 0 0 0 0 0 0 0 
  INPUT ---       0 0 0 0 0 0 0 0 0 0 0 0 0;
  INPUT ---        1 sex 0 0 0 0 0 0 0 0 1 0 0 0 0 0 0 0 0 0 0 0 0 0 0 0 0 0 
  INPUT ---       0 0 0 0 0 0 0 0 0 0 0 0 0;
  INPUT ---        1 sex 0 0 0 0 0 0 0 0 0 1 0 0 0 0 0 0 0 0 0 0 0 0 0 0 0 0 
  INPUT ---       0 0 0 0 0 0 0 0 0 0 0 0 0;
  INPUT ---        1 sex 0 0 0 0 0 0 0 0 0 0 1 0 0 0 0 0 0 0 0 0 0 0 0 0 0 0 
  INPUT ---       0 0 0 0 0 0 0 0 0 0 0 0 0;
  INPUT ---        1 sex 0 0 0 0 0 0 0 0 0 0 0 1 0 0 0 0 0 0 0 0 0 0 0 0 0 0 
  INPUT ---       0 0 0 0 0 0 0 0 0 0 0 0 0;
  INPUT ---        1 sex 0 0 0 0 0 0 0 0 0 0 0 0 1 0 0 0 0 0 0 0 0 0 0 0 0 0 
  INPUT ---       0 0 0 0 0 0 0 0 0 0 0 0 0;
  INPUT ---        1 sex 0 0 0 0 0 0 0 0 0 0 0 0 0 1 0 0 0 0 0 0 0 0 0 0 0 0 
  INPUT ---       0 0 0 0 0 0 0 0 0 0 0 0 0;
  INPUT ---        1 sex 0 0 0 0 0 0 0 0 0 0 0 0 0 0 1 0 0 0 0 0 0 0 0 0 0 0 
  INPUT ---       0 0 0 0 0 0 0 0 0 0 0 0 0;
  INPUT ---        1 sex 0 0 0 0 0 0 0 0 0 0 0 0 0 0 0 1 0 0 0 0 0 0 0 0 0 0 

  Program  MARK  - Survival Rate Estimation with Capture-Recapture Data
   gfortran(Win64) Vers. 8.1 Mar 2016    5-Aug-2016 15:43:37    Page  006
 - - - - - - - - - - - - - - - - - - - - - - - - - - - - - - - - - - - - - -
 
  INPUT ---       0 0 0 0 0 0 0 0 0 0 0 0 0;
  INPUT ---        1 sex 0 0 0 0 0 0 0 0 0 0 0 0 0 0 0 0 1 0 0 0 0 0 0 0 0 0 
  INPUT ---       0 0 0 0 0 0 0 0 0 0 0 0 0;
  INPUT ---        1 sex 0 0 0 0 0 0 0 0 0 0 0 0 0 0 0 0 0 1 0 0 0 0 0 0 0 0 
  INPUT ---       0 0 0 0 0 0 0 0 0 0 0 0 0;
  INPUT ---        1 sex 0 0 0 0 0 0 0 0 0 0 0 0 0 0 0 0 0 0 1 0 0 0 0 0 0 0 
  INPUT ---       0 0 0 0 0 0 0 0 0 0 0 0 0;
  INPUT ---        1 sex 0 0 0 0 0 0 0 0 0 0 0 0 0 0 0 0 0 0 0 1 0 0 0 0 0 0 
  INPUT ---       0 0 0 0 0 0 0 0 0 0 0 0 0;
  INPUT ---        1 sex 0 0 0 0 0 0 0 0 0 0 0 0 0 0 0 0 0 0 0 0 1 0 0 0 0 0 
  INPUT ---       0 0 0 0 0 0 0 0 0 0 0 0 0;
  INPUT ---        1 sex 0 0 0 0 0 0 0 0 0 0 0 0 0 0 0 0 0 0 0 0 0 1 0 0 0 0 
  INPUT ---       0 0 0 0 0 0 0 0 0 0 0 0 0;
  INPUT ---        1 sex 0 0 0 0 0 0 0 0 0 0 0 0 0 0 0 0 0 0 0 0 0 0 1 0 0 0 
  INPUT ---       0 0 0 0 0 0 0 0 0 0 0 0 0;
  INPUT ---        1 sex 0 0 0 0 0 0 0 0 0 0 0 0 0 0 0 0 0 0 0 0 0 0 0 1 0 0 
  INPUT ---       0 0 0 0 0 0 0 0 0 0 0 0 0;
  INPUT ---        1 sex 0 0 0 0 0 0 0 0 0 0 0 0 0 0 0 0 0 0 0 0 0 0 0 0 1 0 
  INPUT ---       0 0 0 0 0 0 0 0 0 0 0 0 0;
  INPUT ---        1 sex 0 0 0 0 0 0 0 0 0 0 0 0 0 0 0 0 0 0 0 0 0 0 0 0 0 1 
  INPUT ---       0 0 0 0 0 0 0 0 0 0 0 0 0;
  INPUT ---        1 sex 0 0 0 0 0 0 0 0 0 0 0 0 0 0 0 0 0 0 0 0 0 0 0 0 0 0 
  INPUT ---       1 0 0 0 0 0 0 0 0 0 0 0 0;
  INPUT ---        1 sex 0 0 0 0 0 0 0 0 0 0 0 0 0 0 0 0 0 0 0 0 0 0 0 0 0 0 
  INPUT ---       0 1 0 0 0 0 0 0 0 0 0 0 0;
  INPUT ---        1 sex 0 0 0 0 0 0 0 0 0 0 0 0 0 0 0 0 0 0 0 0 0 0 0 0 0 0 
  INPUT ---       0 0 1 0 0 0 0 0 0 0 0 0 0;
  INPUT ---        0 0 0 0 0 0 0 0 0 0 0 0 0 0 0 0 0 0 0 0 0 0 0 0 0 0 0 0 0 
  INPUT ---       0 0 1 0 0 0 0 0 0 0 0 0;
  INPUT ---        0 0 0 0 0 0 0 0 0 0 0 0 0 0 0 0 0 0 0 0 0 0 0 0 0 0 0 0 0 
  INPUT ---       0 0 0 1 0 0 0 0 0 0 0 0;
  INPUT ---        0 0 0 0 0 0 0 0 0 0 0 0 0 0 0 0 0 0 0 0 0 0 0 0 0 0 0 0 0 
  INPUT ---       0 0 0 1 1 0 0 0 0 0 0 0;
  INPUT ---        0 0 0 0 0 0 0 0 0 0 0 0 0 0 0 0 0 0 0 0 0 0 0 0 0 0 0 0 0 
  INPUT ---       0 0 0 1 0 1 0 0 0 0 0 0;
  INPUT ---        0 0 0 0 0 0 0 0 0 0 0 0 0 0 0 0 0 0 0 0 0 0 0 0 0 0 0 0 0 
  INPUT ---       0 0 0 1 0 0 1 0 0 0 0 0;
  INPUT ---        0 0 0 0 0 0 0 0 0 0 0 0 0 0 0 0 0 0 0 0 0 0 0 0 0 0 0 0 0 
  INPUT ---       0 0 0 1 0 0 0 1 0 0 0 0;
  INPUT ---        0 0 0 0 0 0 0 0 0 0 0 0 0 0 0 0 0 0 0 0 0 0 0 0 0 0 0 0 0 
  INPUT ---       0 0 0 1 0 0 0 0 1 0 0 0;
  INPUT ---        0 0 0 0 0 0 0 0 0 0 0 0 0 0 0 0 0 0 0 0 0 0 0 0 0 0 0 0 0 
  INPUT ---       0 0 0 0 0 0 0 0 0 1 0 0;
  INPUT ---        0 0 0 0 0 0 0 0 0 0 0 0 0 0 0 0 0 0 0 0 0 0 0 0 0 0 0 0 0 
  INPUT ---       0 0 0 0 0 0 0 0 0 0 1 0;
  INPUT ---        0 0 0 0 0 0 0 0 0 0 0 0 0 0 0 0 0 0 0 0 0 0 0 0 0 0 0 0 0 

  Program  MARK  - Survival Rate Estimation with Capture-Recapture Data
   gfortran(Win64) Vers. 8.1 Mar 2016    5-Aug-2016 15:43:37    Page  007
 - - - - - - - - - - - - - - - - - - - - - - - - - - - - - - - - - - - - - -
 
  INPUT ---       0 0 0 0 0 0 0 0 0 0 0 1;
  INPUT ---        0 0 0 0 0 0 0 0 0 0 0 0 0 0 0 0 0 0 0 0 0 0 0 0 0 0 0 0 0 
  INPUT ---       0 0 0 0 0 0 0 0 0 0 0 0;
  INPUT ---        0 0 0 0 0 0 0 0 0 0 0 0 0 0 0 0 0 0 0 0 0 0 0 0 0 0 0 0 0 
  INPUT ---       0 0 0 0 0 0 0 0 0 0 0 0;

  INPUT ---    links=42;

  INPUT ---    Log;

  INPUT ---    Log;

  INPUT ---    Log;

  INPUT ---    Log;

  INPUT ---    Log;

  INPUT ---    Log;

  INPUT ---    Log;

  INPUT ---    Log;

  INPUT ---    Log;

  INPUT ---    Log;

  INPUT ---    Log;

  INPUT ---    Log;

  INPUT ---    Log;

  INPUT ---    Log;

  INPUT ---    Log;

  INPUT ---    Log;

  INPUT ---    Log;

  INPUT ---    Log;

  INPUT ---    Log;


  Program  MARK  - Survival Rate Estimation with Capture-Recapture Data
   gfortran(Win64) Vers. 8.1 Mar 2016    5-Aug-2016 15:43:37    Page  008
 - - - - - - - - - - - - - - - - - - - - - - - - - - - - - - - - - - - - - -
 
  INPUT ---    Log;

  INPUT ---    Log;

  INPUT ---    Log;

  INPUT ---    Log;

  INPUT ---    Log;

  INPUT ---    Log;

  INPUT ---    Log;

  INPUT ---    Log;

  INPUT ---    Log;

  INPUT ---    Log;

  INPUT ---    Log;

  INPUT ---    Log;

  INPUT ---    Log;

  INPUT ---    Log;

  INPUT ---    Log;

  INPUT ---    Log;

  INPUT ---    Log;

  INPUT ---    Log;

  INPUT ---    Logit;

  INPUT ---    Logit;

  INPUT ---    Logit;

  INPUT ---    Logit;

  INPUT ---    Logit;
  INPUT ---       blabel(1)=alpha:(Intercept);

  Program  MARK  - Survival Rate Estimation with Capture-Recapture Data
   gfortran(Win64) Vers. 8.1 Mar 2016    5-Aug-2016 15:43:37    Page  009
 - - - - - - - - - - - - - - - - - - - - - - - - - - - - - - - - - - - - - -
 
  INPUT ---       blabel(2)=alpha:sex;
  INPUT ---       blabel(3)=alpha:time1.2;
  INPUT ---       blabel(4)=alpha:time1.4;
  INPUT ---       blabel(5)=alpha:time1.6;
  INPUT ---       blabel(6)=alpha:time1.8;
  INPUT ---       blabel(7)=alpha:time3.8;
  INPUT ---       blabel(8)=alpha:time4;
  INPUT ---       blabel(9)=alpha:time4.2;
  INPUT ---       blabel(10)=alpha:time4.4;
  INPUT ---       blabel(11)=alpha:time4.6;
  INPUT ---       blabel(12)=alpha:time7.1;
  INPUT ---       blabel(13)=alpha:time7.3;
  INPUT ---       blabel(14)=alpha:time7.5;
  INPUT ---       blabel(15)=alpha:time7.7;
  INPUT ---       blabel(16)=alpha:time7.9;
  INPUT ---       blabel(17)=alpha:time10.567;
  INPUT ---       blabel(18)=alpha:time10.767;
  INPUT ---       blabel(19)=alpha:time10.967;
  INPUT ---       blabel(20)=alpha:time11.167;
  INPUT ---       blabel(21)=alpha:time11.367;
  INPUT ---       blabel(22)=alpha:time13.134;
  INPUT ---       blabel(23)=alpha:time13.334;
  INPUT ---       blabel(24)=alpha:time13.534;
  INPUT ---       blabel(25)=alpha:time13.734;
  INPUT ---       blabel(26)=alpha:time13.934;
  INPUT ---       blabel(27)=alpha:time17.101;
  INPUT ---       blabel(28)=alpha:time17.301;
  INPUT ---       blabel(29)=alpha:time17.501;
  INPUT ---       blabel(30)=alpha:time17.701;
  INPUT ---       blabel(31)=alpha:time17.901;
  INPUT ---       blabel(32)=sigma:(Intercept);
  INPUT ---       blabel(33)=U:(Intercept);
  INPUT ---       blabel(34)=U:sample_monthB;
  INPUT ---       blabel(35)=U:sample_monthC;
  INPUT ---       blabel(36)=U:sample_monthD;
  INPUT ---       blabel(37)=U:sample_monthE;
  INPUT ---       blabel(38)=U:sample_monthF;
  INPUT ---       blabel(39)=Phi:(Intercept);
  INPUT ---       blabel(40)=GammaDoublePrime:(Intercept);
  INPUT ---       blabel(41)=GammaPrime:(Intercept);
  INPUT ---       rlabel(1)=alpha g1 a0 t1;
  INPUT ---       rlabel(2)=alpha g1 a0.2 t1.2;
  INPUT ---       rlabel(3)=alpha g1 a0.4 t1.4;
  INPUT ---       rlabel(4)=alpha g1 a0.6 t1.6;
  INPUT ---       rlabel(5)=alpha g1 a0.8 t1.8;
  INPUT ---       rlabel(6)=alpha g1 a2.8 t3.8;

  Program  MARK  - Survival Rate Estimation with Capture-Recapture Data
   gfortran(Win64) Vers. 8.1 Mar 2016    5-Aug-2016 15:43:37    Page  010
 - - - - - - - - - - - - - - - - - - - - - - - - - - - - - - - - - - - - - -
 
  INPUT ---       rlabel(7)=alpha g1 a3 t4;
  INPUT ---       rlabel(8)=alpha g1 a3.2 t4.2;
  INPUT ---       rlabel(9)=alpha g1 a3.4 t4.4;
  INPUT ---       rlabel(10)=alpha g1 a3.6 t4.6;
  INPUT ---       rlabel(11)=alpha g1 a6.1 t7.1;
  INPUT ---       rlabel(12)=alpha g1 a6.3 t7.3;
  INPUT ---       rlabel(13)=alpha g1 a6.5 t7.5;
  INPUT ---       rlabel(14)=alpha g1 a6.7 t7.7;
  INPUT ---       rlabel(15)=alpha g1 a6.9 t7.9;
  INPUT ---       rlabel(16)=alpha g1 a9.567 t10.567;
  INPUT ---       rlabel(17)=alpha g1 a9.767 t10.767;
  INPUT ---       rlabel(18)=alpha g1 a9.967 t10.967;
  INPUT ---       rlabel(19)=alpha g1 a10.167 t11.167;
  INPUT ---       rlabel(20)=alpha g1 a10.367 t11.367;
  INPUT ---       rlabel(21)=alpha g1 a12.134 t13.134;
  INPUT ---       rlabel(22)=alpha g1 a12.334 t13.334;
  INPUT ---       rlabel(23)=alpha g1 a12.534 t13.534;
  INPUT ---       rlabel(24)=alpha g1 a12.734 t13.734;
  INPUT ---       rlabel(25)=alpha g1 a12.934 t13.934;
  INPUT ---       rlabel(26)=alpha g1 a16.101 t17.101;
  INPUT ---       rlabel(27)=alpha g1 a16.301 t17.301;
  INPUT ---       rlabel(28)=alpha g1 a16.501 t17.501;
  INPUT ---       rlabel(29)=alpha g1 a16.701 t17.701;
  INPUT ---       rlabel(30)=alpha g1 a16.901 t17.901;
  INPUT ---       rlabel(31)=sigma g1 a0 t1;
  INPUT ---       rlabel(32)=U g1 a0 t1;
  INPUT ---       rlabel(33)=U g1 a2.8 t3.8;
  INPUT ---       rlabel(34)=U g1 a6.1 t7.1;
  INPUT ---       rlabel(35)=U g1 a9.567 t10.567;
  INPUT ---       rlabel(36)=U g1 a12.134 t13.134;
  INPUT ---       rlabel(37)=U g1 a16.101 t17.101;
  INPUT ---       rlabel(38)=Phi g1 c1 a0.8 t1.8;
  INPUT ---       rlabel(39)=Gamma'' g1 c1 a0.8 t1.8;
  INPUT ---       rlabel(40)=Gamma' g1 c1 a0.8 t1.8;
  INPUT ---       rlabel(41)=Phi g1 c1 a0 t1;
  INPUT ---       rlabel(42)=Gamma'' g1 c1 a0 t1;

 Link Function Used is PARM-SPECIFIC

 Variance Estimation Procedure Used is 2ndPart 

 M(t+1):
 Group=Group 1                                                                         
       3      3      3      2      3      5      5      5      2      5      5
       4      4      4      4     10      7      7      7      5      5      5
       5      3      4      5      5      5      4      5


 -2logL(saturated) = -0.0000000    
 Effective Sample Size = 169

  Program  MARK  - Survival Rate Estimation with Capture-Recapture Data
   gfortran(Win64) Vers. 8.1 Mar 2016    5-Aug-2016 15:43:37    Page  011
 - - - - - - - - - - - - - - - - - - - - - - - - - - - - - - - - - - - - - -
 
 Results from first iteration:
  -2logL Initial { alpha(~1 + sex + time)sigma(~1)U(~sample_month)Phi(~1)Gamma''(~1)Gamma'(~1) } = 1138.4459     
  Penalty Initial { alpha(~1 + sex + time)sigma(~1)U(~sample_month)Phi(~1)Gamma''(~1)Gamma'(~1) } = -0.0000000    

 Number of function evaluations was 61 for 41 parameters.
 Time for numerical optimization was 16.56 seconds.
 -2logL { alpha(~1 + sex + time)sigma(~1)U(~sample_month)Phi(~1)Gamma''(~1)Gamma'(~1) } = 1001.3116     
 Penalty { alpha(~1 + sex + time)sigma(~1)U(~sample_month)Phi(~1)Gamma''(~1)Gamma'(~1) } = -0.0000000    

   * *  WARNING  * *   Numerical underflow occurred during optimization of this model. 
     IEEE flag status at end of optimization:
     overflow       F
     divide by zero F
     invalid        F
     underflow      T
     inexact        T

 Gradient { alpha(~1 + sex + time)sigma(~1)U(~sample_month)Phi(~1)Gamma''(~1)Gamma'(~1) }:
 -0.6634408E-04-0.4244374E-03 0.2943798E-04 0.1348520E-04 0.1359270E-04
   0.000000     0.1066223E-04 0.1649439E-04 0.1925419E-04 0.2170548E-04
  0.1471731E-04  0.000000     0.8279656E-05 0.8387471E-05 0.2290840E-04
  0.1471285E-04-0.1645791E-04 0.1000544E-04-0.1233837E-03-0.4317933E-04
  0.9305504E-05 0.1491755E-04-0.2753533E-04-0.8648233E-05-0.9241523E-05
 -0.1644393E-04  0.000000     0.1819132E-04 0.1733479E-04 0.9587189E-05
  0.7692226E-05-0.5216918E-04-0.2394914E-04  0.000000    -0.7295136E-05
 -0.5800404E-04 0.2087124E-04-0.6441297E-05 0.1512469E-04 0.5764430E-05
   0.000000    
 S Vector { alpha(~1 + sex + time)sigma(~1)U(~sample_month)Phi(~1)Gamma''(~1)Gamma'(~1) }:
   5330.698      515.7689      392.1083      370.4296      352.2968    
   279.5479      95.36042      84.76775      79.68870      78.58012    
   74.86336      73.59787      73.07662      72.85742      70.70870    
   69.47049      67.47480      66.91917      66.14994      65.24628    
   64.85714      60.85756      60.70406      58.38630      51.41420    
   50.76660      48.52460      40.74174      39.93954      29.11285    
   21.63837      19.36937      13.48494      12.92255      11.52320    
   9.927894      6.136898      5.415348     0.9499956     0.5975013    
  0.1351006E-08
 Time to compute number of parameters was 16.66 seconds.
   Threshold =  0.8400000E-06     Condition index =  0.2534389E-12     New Threshold =  0.8650659E-08
 New Guessimate of Estimated Parameters { alpha(~1 + sex + time)sigma(~1)U(~sample_month)Phi(~1)Gamma''(~1)Gamma'(~1) } = 40          
 Conditioned S Vector { alpha(~1 + sex + time)sigma(~1)U(~sample_month)Phi(~1)Gamma''(~1)Gamma'(~1) }:
   1.000000     0.9675448E-01 0.7355666E-01 0.6948988E-01 0.6608830E-01
  0.5244115E-01 0.1788892E-01 0.1590181E-01 0.1494902E-01 0.1474106E-01
  0.1404382E-01 0.1380642E-01 0.1370864E-01 0.1366752E-01 0.1326443E-01
  0.1303216E-01 0.1265778E-01 0.1255355E-01 0.1240925E-01 0.1223973E-01
  0.1216672E-01 0.1141643E-01 0.1138764E-01 0.1095284E-01 0.9644929E-02
  0.9523444E-02 0.9102860E-02 0.7642854E-02 0.7492365E-02 0.5461358E-02
  0.4059200E-02 0.3633552E-02 0.2529677E-02 0.2424175E-02 0.2161668E-02
  0.1862400E-02 0.1151237E-02 0.1015880E-02 0.1782122E-03 0.1120869E-03
  0.2534389E-12
 Number of Estimated Parameters { alpha(~1 + sex + time)sigma(~1)U(~sample_month)Phi(~1)Gamma''(~1)Gamma'(~1) } = 40          
 DEVIANCE { alpha(~1 + sex + time)sigma(~1)U(~sample_month)Phi(~1)Gamma''(~1)Gamma'(~1) } = 1001.3116                     
 DEVIANCE Degrees of Freedom { alpha(~1 + sex + time)sigma(~1)U(~sample_month)Phi(~1)Gamma''(~1)Gamma'(~1) } = -26            
 c-hat { alpha(~1 + sex + time)sigma(~1)U(~sample_month)Phi(~1)Gamma''(~1)Gamma'(~1) } = 1.0000000                     
 AIC { alpha(~1 + sex + time)sigma(~1)U(~sample_month)Phi(~1)Gamma''(~1)Gamma'(~1) } = 1081.3116                  
 AICc { alpha(~1 + sex + time)sigma(~1)U(~sample_month)Phi(~1)Gamma''(~1)Gamma'(~1) } = 1106.9366                    
 BIC { alpha(~1 + sex + time)sigma(~1)U(~sample_month)Phi(~1)Gamma''(~1)Gamma'(~1) } = 1206.5075                    
 Pearson Chisquare { alpha(~1 + sex + time)sigma(~1)U(~sample_month)Phi(~1)Gamma''(~1)Gamma'(~1) } = 0.7749848E+032             

  Program  MARK  - Survival Rate Estimation with Capture-Recapture Data
   gfortran(Win64) Vers. 8.1 Mar 2016    5-Aug-2016 15:44:00    Page  012
 - - - - - - - - - - - - - - - - - - - - - - - - - - - - - - - - - - - - - -
 

   * *  WARNING  * *   Numerical underflow occurred during variance-covariance calculation of this model. 
     IEEE flag status at end of variance-covariance calculation:
     overflow       F
     divide by zero F
     invalid        F
     underflow      T
     inexact        T



 PARM-SPECIFIC Link Function Parameters of { alpha(~1 + sex + time)sigma(~1)U(~sample_month)Phi(~1)Gamma''(~1)Gamma'(~1) }
                                                              95% Confidence Interval
 Parameter                    Beta         Standard Error      Lower           Upper
 -------------------------  --------------  --------------  --------------  --------------
    1:alpha:(Intercept)     0.7135943       0.2991851       0.1271914       1.2999972     
    2:alpha:sex             0.2053386       0.1911922       -0.1693982      0.5800753     
    3:alpha:time1.2         0.1585731       0.2740493       -0.3785635      0.6957097     
    4:alpha:time1.4         0.6860985       0.2430717       0.2096779       1.1625190     
    5:alpha:time1.6         0.6727634       0.2391113       0.2041052       1.1414216     
    6:alpha:time1.8         0.4358417       0.2543851       -0.0627531      0.9344366     
    7:alpha:time3.8         -0.0662579      0.2982720       -0.6508711      0.5183552     
    8:alpha:time4           0.3784906       0.2867045       -0.1834503      0.9404315     
    9:alpha:time4.2         0.1809050       0.2906738       -0.3888157      0.7506258     
   10:alpha:time4.4         0.0475404       0.2868291       -0.5146446      0.6097255     
   11:alpha:time4.6         0.5449406       0.2839293       -0.0115608      1.1014420     
   12:alpha:time7.1         0.7392099       0.2758094       0.1986236       1.2797963     
   13:alpha:time7.3         0.3730865       0.2823290       -0.1802785      0.9264514     
   14:alpha:time7.5         0.3554365       0.2826182       -0.1984952      0.9093682     
   15:alpha:time7.7         0.4888011       0.2819794       -0.0638784      1.0414807     
   16:alpha:time7.9         0.5454084       0.2825279       -0.0083464      1.0991632     
   17:alpha:time10.567      0.3815469       0.2743461       -0.1561715      0.9192652     
   18:alpha:time10.767      0.1362501       0.2744152       -0.4016037      0.6741039     
   19:alpha:time10.967      -0.1056903      0.2794807       -0.6534726      0.4420919     
   20:alpha:time11.167      0.0531597       0.2738021       -0.4834924      0.5898118     
   21:alpha:time11.367      -0.2217161      0.2812573       -0.7729805      0.3295482     
   22:alpha:time13.134      0.5242028       0.2998889       -0.0635795      1.1119851     
   23:alpha:time13.334      0.2386290       0.2845735       -0.3191352      0.7963931     
   24:alpha:time13.534      0.3145672       0.2799954       -0.2342239      0.8633583     
   25:alpha:time13.734      -0.2301743      0.2941152       -0.8066400      0.3462914     
   26:alpha:time13.934      -0.3827207      0.3147643       -0.9996587      0.2342174     
   27:alpha:time17.101      0.5154007       0.2809808       -0.0353217      1.0661231     
   28:alpha:time17.301      0.2499019       0.2799685       -0.2988363      0.7986401     
   29:alpha:time17.501      0.3116607       0.2854584       -0.2478377      0.8711591     
   30:alpha:time17.701      0.1858203       0.2883982       -0.3794401      0.7510808     
   31:alpha:time17.901      0.4779445       0.2830291       -0.0767925      1.0326815     
   32:sigma:(Intercept)     -1.1791955      0.2220765       -1.6144655      -0.7439255    

  Program  MARK  - Survival Rate Estimation with Capture-Recapture Data
   gfortran(Win64) Vers. 8.1 Mar 2016    5-Aug-2016 15:44:00    Page  013
 - - - - - - - - - - - - - - - - - - - - - - - - - - - - - - - - - - - - - -
 
   33:U:(Intercept)         2.3229085       0.1713493       1.9870639       2.6587531     
   34:U:sample_monthB       0.6575150       0.2202904       0.2257457       1.0892842     
   35:U:sample_monthC       0.5583923       0.2042350       0.1580916       0.9586929     
   36:U:sample_monthD       1.1559795       0.1961780       0.7714707       1.5404884     
   37:U:sample_monthE       0.6341172       0.2064223       0.2295296       1.0387049     
   38:U:sample_monthF       0.7649680       0.2082002       0.3568955       1.1730405     
   39:Phi:(Intercept)       2.0066560       0.4036691       1.2154645       2.7978475     
   40:GammaDoublePrime:(In  -2.9444260      1.0259807       -4.9553482      -0.9335038    
   41:GammaPrime:(Intercep  17.724958       0.7528177E-008  17.724958       17.724958     


 Real Function Parameters of { alpha(~1 + sex + time)sigma(~1)U(~sample_month)Phi(~1)Gamma''(~1)Gamma'(~1) }

      Following estimates based on unstandardized individual covariate values:
          Variable   Value         
          ---------  ------------- 
          SEX        0.8461538     
                                                               95% Confidence Interval
  Parameter                  Estimate       Standard Error      Lower           Upper
 --------------------------  --------------  --------------  --------------  --------------
     1:alpha g1 a0 t1        2.4286665       0.5783417       1.5326923       3.8484053                           
     2:alpha g1 a0.2 t1.2    2.8460027       0.6639136       1.8125443       4.4687080                           
     3:alpha g1 a0.4 t1.4    4.8232155       0.9615195       3.2756319       7.1019604                           
     4:alpha g1 a0.6 t1.6    4.7593244       0.9157151       3.2753177       6.9157165                           
     5:alpha g1 a0.8 t1.8    3.7553598       0.7960785       2.4899228       5.6639214                           
     6:alpha g1 a2.8 t3.8    2.2729634       0.4267002       1.5782518       3.2734716                           
     7:alpha g1 a3 t4        3.5460451       0.5981006       2.5537461       4.9239179                           
     8:alpha g1 a3.2 t4.2    2.9102744       0.5100310       2.0695852       4.0924613                           
     9:alpha g1 a3.4 t4.4    2.5469149       0.4366916       1.8244058       3.5555551                           
    10:alpha g1 a3.6 t4.6    4.1882498       0.6859317       3.0447086       5.7612858                           
    11:alpha g1 a6.1 t7.1    5.0863084       0.7700557       3.7866901       6.8319646                           
    12:alpha g1 a6.3 t7.3    3.5269335       0.5812353       2.5589168       4.8611428                           
    13:alpha g1 a6.5 t7.5    3.4652295       0.5712691       2.5138660       4.7766329                           
    14:alpha g1 a6.7 t7.7    3.9596018       0.6500015       2.8763719       5.4507718                           
    15:alpha g1 a6.9 t7.9    4.1902097       0.6916231       3.0386420       5.7781921                           
    16:alpha g1 a9.567 t10.  3.5568994       0.5025919       2.7001510       4.6854909                           
    17:alpha g1 a9.767 t10.  2.7831753       0.4043251       2.0966469       3.6945013                           
    18:alpha g1 a9.967 t10.  2.1850791       0.3313103       1.6260540       2.9362927                           
    19:alpha g1 a10.167 t11  2.5612670       0.3681590       1.9351967       3.3898821                           
    20:alpha g1 a10.367 t11  1.9457086       0.2993022       1.4417919       2.6257479                           
    21:alpha g1 a12.134 t13  4.1022892       0.7696463       2.8490842       5.9067321                           
    22:alpha g1 a12.334 t13  3.0832102       0.5031399       2.2439191       4.2364205                           
    23:alpha g1 a12.534 t13  3.3264628       0.5246372       2.4465589       4.5228237                           
    24:alpha g1 a12.734 t13  1.9293208       0.3508405       1.3547861       2.7475031                           
    25:alpha g1 a12.934 t13  1.6563588       0.3495742       1.1001675       2.4937334                           
    26:alpha g1 a16.101 t17  4.0663390       0.6457819       2.9844295       5.5404602                           

  Program  MARK  - Survival Rate Estimation with Capture-Recapture Data
   gfortran(Win64) Vers. 8.1 Mar 2016    5-Aug-2016 15:44:00    Page  014
 - - - - - - - - - - - - - - - - - - - - - - - - - - - - - - - - - - - - - -
 
    27:alpha g1 a16.301 t17  3.1181637       0.4891227       2.2971298       4.2326495                           
    28:alpha g1 a16.501 t17  3.3168086       0.5532421       2.3972357       4.5891272                           
    29:alpha g1 a16.701 t17  2.9246145       0.5069778       2.0873830       4.0976523                           
    30:alpha g1 a16.901 t17  3.9168465       0.6368217       2.8539269       5.3756410                           
    31:sigma g1 a0 t1        0.3075260       0.0682943       0.2000401       0.4727666                           
    32:U g1 a0 t1            10.205314       1.7486732       7.3118083       14.243867                           
    33:U g1 a2.8 t3.8        19.696156       2.7474567       15.004276       25.855199                           
    34:U g1 a6.1 t7.1        17.837461       2.0247847       14.289527       22.266307                           
    35:U g1 a9.567 t10.567   32.423648       3.1570296       26.802537       39.223637                           
    36:U g1 a12.134 t13.134  19.240660       2.2495051       15.312223       24.176961                           
    37:U g1 a16.101 t17.101  21.930460       2.6174711       17.370458       27.687530                           
    38:Phi g1 c1 a0.8 t1.8   0.8814941       0.0421682       0.7712644       0.9425594                           
    39:Gamma'' g1 c1 a0.8 t  0.0500006       0.0487347       0.0069963       0.2822144                           
    40:Gamma' g1 c1 a0.8 t1  1.0000000       0.1509518E-015  1.0000000       1.0000000                           
    41:Phi g1 c1 a0 t1       1.0000000       0.0000000       1.0000000       1.0000000       Fixed               
    42:Gamma'' g1 c1 a0 t1   0.0000000       0.0000000       0.0000000       0.0000000       Fixed               

  Program  MARK  - Survival Rate Estimation with Capture-Recapture Data
   gfortran(Win64) Vers. 8.1 Mar 2016    5-Aug-2016 15:44:00    Page  015
 - - - - - - - - - - - - - - - - - - - - - - - - - - - - - - - - - - - - - -
 


                      Estimates of Derived Parameters
 Population Estimates of { alpha(~1 + sex + time)sigma(~1)U(~sample_month)Phi(~1)Gamma''(~1)Gamma'(~1) }
                                                95% Confidence Interval
 Grp. Occ.   N-hat           Standard Error      Lower           Upper
 ---- ----   --------------  --------------  --------------  --------------
   1     1   13.205314       1.7486740       10.198078       17.099330     
   1     2   13.205314       1.7486740       10.198078       17.099330     
   1     3   13.205314       1.7486740       10.198078       17.099330     
   1     4   12.235945       1.7636797       9.2379146       16.206943     
   1     5   13.205314       1.7486740       10.198078       17.099330     
   1     6   24.696156       2.7474570       19.871112       30.692802     
   1     7   24.696156       2.7474570       19.871112       30.692802     
   1     8   24.696156       2.7474570       19.871112       30.692802     
   1     9   21.883569       2.8001207       17.046775       28.092739     
   1    10   24.696156       2.7474570       19.871112       30.692802     
   1    11   22.895162       2.0495646       19.217423       27.276730     
   1    12   21.997258       2.0746837       18.292085       26.452937     
   1    13   22.005815       2.0799507       18.291981       26.473672     
   1    14   21.949200       2.0659079       18.258993       26.385211     
   1    15   21.930283       2.0611718       18.248044       26.355554     
   1    16   39.751802       3.2525039       33.870853       46.653853     
   1    17   40.002039       3.3022693       34.035433       47.014625     
   1    18   40.505764       3.3902583       34.387121       47.713123     
   1    19   40.131210       3.3212224       34.131586       47.185444     
   1    20   38.442997       3.3491674       32.418957       45.586415     
   1    21   23.361430       2.2996920       19.271158       28.319856     
   1    22   24.570806       2.3419433       20.392469       29.605269     
   1    23   24.476484       2.3242950       20.328181       29.471318     
   1    24   22.775121       2.3762922       18.573228       27.927625     
   1    25   24.298518       2.5202014       19.839422       29.759836     
   1    26   27.057915       2.6637816       22.320103       32.801407     
   1    27   27.213143       2.6992207       22.415820       33.037166     
   1    28   27.168253       2.6972658       22.374841       32.988568     
   1    29   26.194578       2.7008396       21.412976       32.043930     
   1    30   27.074334       2.6701304       22.326052       32.832476     
 Mean Resighting Rate Estimates of { alpha(~1 + sex + time)sigma(~1)U(~sample_month)Phi(~1)Gamma''(~1)Gamma'(~1) }
                                                95% Confidence Interval
 Grp. Occ.   Lambda-hat      Standard Error      Lower           Upper
 ---- ----   --------------  --------------  --------------  --------------
   1     1   2.5462673       0.6015499       1.6126127       4.0204801     
   1     2   2.9838117       0.6888349       1.9090044       4.6637568     
   1     3   5.0567651       0.9964970       3.4492542       7.4134497     
   1     4   4.9897802       0.9407270       3.4593939       7.1971875     
   1     5   3.9372016       0.8258589       2.6215412       5.9131463     
   1     6   2.3830247       0.4415634       1.6623835       3.4160630     
   1     7   3.7177516       0.6172467       2.6910084       5.1362444     
   1     8   3.0511956       0.5271417       2.1801630       4.2702287     
   1     9   2.6702415       0.4473064       1.9272765       3.6996196     

  Program  MARK  - Survival Rate Estimation with Capture-Recapture Data
   gfortran(Win64) Vers. 8.1 Mar 2016    5-Aug-2016 15:44:01    Page  016
 - - - - - - - - - - - - - - - - - - - - - - - - - - - - - - - - - - - - - -
 
   1    10   4.3910530       0.7075574       3.2083731       6.0096960     
   1    11   5.7275858       0.7883227       4.3788755       7.4917039     
   1    12   3.9374497       0.5955437       2.9322082       5.2873157     
   1    13   4.1114576       0.5917031       3.1054149       5.4434220     
   1    14   4.8794138       0.6718997       3.7299609       6.3830908     
   1    15   5.3686398       0.7166138       4.1375556       6.9660195     
   1    16   4.2776500       0.5214047       3.3715710       5.4272295     
   1    17   3.8426786       0.4369318       3.0772095       4.7985614     
   1    18   3.0406640       0.3694294       2.3984316       3.8548682     
   1    19   3.3347892       0.3949410       2.6461171       4.2026933     
   1    20   2.5472099       0.3298637       1.9782906       3.2797396     
   1    21   5.7616662       0.8136013       4.3746273       7.5884858     
   1    22   3.6090102       0.5236628       2.7196959       4.7891216     
   1    23   3.8682527       0.5439832       2.9403278       5.0890173     
   1    24   2.5848880       0.3926808       1.9225018       3.4754954     
   1    25   3.3362130       0.4875457       2.5090865       4.4360038     
   1    26   4.6524748       0.6705428       3.5126225       6.1622111     
   1    27   3.2691513       0.5038192       2.4211424       4.4141767     
   1    28   4.0482632       0.5833866       3.0565495       5.3617437     
   1    29   3.7660388       0.5424228       2.8438894       4.9872011     
   1    30   4.6883800       0.6649411       3.5554731       6.1822734     
 Pr(Captured 1 or more times) of { alpha(~1 + sex + time)sigma(~1)U(~sample_month)Phi(~1)Gamma''(~1)Gamma'(~1) }
                                                95% Confidence Interval
 Grp. Occ.      p*-hat       Standard Error      Lower           Upper
 ---- ----   --------------  --------------  --------------  --------------
   1     1   0.3009399       0.0165810       0.2694713       0.3344012     
   1     2   0.3106811       0.0130791       0.2856433       0.3368787     
   1     3   0.3286309       0.0036873       0.3214447       0.3358983     
   1     4   0.4924576       0.0057590       0.4811757       0.5037471     
   1     5   0.3225933       0.0071796       0.3086851       0.3368228     
   1     6   0.1779179       0.0085168       0.1618337       0.1952283     
   1     7   0.1924699       0.0039148       0.1849131       0.2002597     
   1     8   0.1872596       0.0057402       0.1762680       0.1987712     
   1     9   0.4571609       0.0170059       0.4240695       0.4906347     
   1    10   0.1954811       0.0026588       0.1903224       0.2007450     
   1    11   0.1984491       0.0010537       0.1963920       0.2005224     
   1    12   0.2423795       0.0040165       0.2345944       0.2503385     
   1    13   0.2436333       0.0033500       0.2371274       0.2502591     
   1    14   0.2466428       0.0020075       0.2427293       0.2505985     
   1    15   0.2477991       0.0014019       0.2450616       0.2505570     
   1    16   0.1392757       0.0016020       0.1361653       0.1424455     
   1    17   0.1383171       0.0018194       0.1347895       0.1419219     
   1    18   0.1333371       0.0031292       0.1273224       0.1395905     
   1    19   0.1357609       0.0025534       0.1308336       0.1408438     
   1    20   0.1787778       0.0060692       0.1671900       0.1909846     
   1    21   0.2482671       0.0011694       0.2459822       0.2505662     
   1    22   0.1913345       0.0038903       0.1838252       0.1990757     
   1    23   0.1937569       0.0030356       0.1878764       0.1997763     
   1    24   0.3037870       0.0107164       0.2832009       0.3251907     
   1    25   0.2379733       0.0054002       0.2275513       0.2487191     

  Program  MARK  - Survival Rate Estimation with Capture-Recapture Data
   gfortran(Win64) Vers. 8.1 Mar 2016    5-Aug-2016 15:44:01    Page  017
 - - - - - - - - - - - - - - - - - - - - - - - - - - - - - - - - - - - - - -
 
   1    26   0.1965915       0.0019408       0.1928153       0.2004232     
   1    27   0.1892978       0.0046423       0.1803660       0.1985646     
   1    28   0.1947589       0.0026520       0.1896136       0.2000093     
   1    29   0.2420905       0.0038185       0.2346850       0.2496533     
   1    30   0.1968154       0.0018116       0.1932889       0.2003903     

 Attempted ordering of parameters by estimatibility:
   1 36 33 38 35 37 17 34 20 12 18 27 11 28 24 31 16  8 21 15 23 10 29 13  5
  25  9  4 22 19 14  6  2 30 32  7  3 39 26 40 41
 Beta number 41 is a singular value.

     CPU Time in seconds for last procedure was 33.88


  INPUT --- proc stop;

   * *  WARNING  * *   Numerical underflow occurred during final processing of this model. 
     IEEE flag status at final processing of this model:
     overflow       F
     divide by zero F
     invalid        F
     underflow      T
     inexact        T


     CPU Time in minutes for this job was 0.56

     Time Start = 15:43:37.763   Time End = 15:44:01.522

     Wall Clock Time in minutes for this job was 0.40


          E X E C U T I O N   S U C C E S S F U L 
