
   Program  MARK  - Survival Rate Estimation with Capture-Recapture Data
   gfortran(Win64) Vers. 8.1 Mar 2016    5-Aug-2016 15:56:09    Page  001
 - - - - - - - - - - - - - - - - - - - - - - - - - - - - - - - - - - - - - -
 
   This version was compiled by GCC version 5.3.0 using the options: 
     -cpp -iprefix c:\tdm-gcc-64\gcc\bin\../lib/gcc/x86_64-w64-mingw32/5.3.0/ -D_MT
     -U_REENTRANT -D IEEE -m64 -mtune=generic -march=x86-64 -mthreads -O2
     -fimplicit-none -fbounds-check -funroll-loops -ftree-vectorize
     -ffpe-summary=invalid,zero,overflow,underflow -fno-unsafe-math-optimizations
     -frounding-math -fsignaling-nans -fopenmp.

   This problem will use 3 of 4 possible threads.


  INPUT --- proc title ;

     CPU Time in seconds for last procedure was 0.00


  INPUT --- proc chmatrix occasions= 30 groups= 1 etype= PoissonMR 
  INPUT --- icovar = 31 ICMeans NoHist  hist= 14 ;

  INPUT ---    time interval 0.2 0.2 0.2 0.2 2 0.2 0.2 0.2 0.2 2.5 0.2 0.2 
  INPUT ---    0.2 0.2 2.667 0.2 0.2 0.2  0.2 1.767 0.2 0.2 0.2 0.2 3.167 
  INPUT ---    0.2 0.2 0.2 0.2 ;

  INPUT ---     icovariates captive sex age.t1 age.t1.2 age.t1.4  age.t1.6 
  INPUT ---    age.t1.8 age.t3.8 age.t4 age.t4.2 age.t4.4 age.t4.6 
  INPUT ---    age.t7.1 age.t7.3 age.t7.5 age.t7.7  age.t7.9 age.t10.567 
  INPUT ---    age.t10.767 age.t10.967 age.t11.167 age.t11.367 age.t13.134 
  INPUT ---    age.t13.334  age.t13.534 age.t13.734 age.t13.934 
  INPUT ---    age.t17.101 age.t17.301 age.t17.501 age.t17.701 ;

  INPUT ---    glabel(1)=Group 1;

      Number of unique encounter histories read was 14.

      Number of individual covariates read was 31.
      Time interval lengths vary and/or not equal to 1.

      Data type number is 115
      Data type is Poisson Mark Resight with Robust Design                                                             

     CPU Time in seconds for last procedure was 0.00

  Program  MARK  - Survival Rate Estimation with Capture-Recapture Data
   gfortran(Win64) Vers. 8.1 Mar 2016    5-Aug-2016 15:56:09    Page  002
 - - - - - - - - - - - - - - - - - - - - - - - - - - - - - - - - - - - - - -
 


  INPUT --- proc estimate link=Parm-Specific NOLOOP varest=2ndPart    ;


  INPUT --- model={ alpha(~1 + captive + sex + effort.trapdays + 
  INPUT --- recordloss.agout.total)sigma(~1 + 
  INPUT --- recordloss.agout.var)U(~sample_month)Phi(~1 + 
  INPUT --- age.t)Gamma''(~1 + sample_month)Gam };

  INPUT ---    fixed=2;
  INPUT ---        parm(82)=1 ;
  INPUT ---        parm(83)=0 ;

  INPUT ---    group=1 alpha    rows=1 cols=30 Square ;
  INPUT ---        1 2 3 4 5 6 7 8 9 10 11 12 13 14 15 16 17 18 19 20 21 22 
  INPUT ---       23 24 25 26 27 28 29 30 ;

  INPUT ---    group=1 sigma    rows=1 cols=30 Square ;
  INPUT ---        31 32 33 34 35 36 37 38 39 40 41 42 43 44 45 46 47 48 49 
  INPUT ---       50 51 52 53 54 55 56 57 58 59 60 ;

  INPUT ---    group=1 U    rows=1 cols=30 Square ;
  INPUT ---        61 61 61 61 61 62 62 62 62 62 63 63 63 63 63 64 64 64 64 
  INPUT ---       64 65 65 65 65 65 66 66 66 66 66 ;

  INPUT ---    group=1 Phi    rows=29 cols=29 Triang ;
  INPUT ---        82 82 82 82 67 82 82 82 82 68 82 82 82 82 69 82 82 82 82 
  INPUT ---       70 82 82 82 82 71 82 82 82 82 ;
  INPUT ---        82 82 82 82 82 82 82 82 82 82 82 82 82 82 82 82 82 82 82 
  INPUT ---       82 82 82 82 82 82 82 82 82 ;
  INPUT ---        82 82 82 82 82 82 82 82 82 82 82 82 82 82 82 82 82 82 82 
  INPUT ---       82 82 82 82 82 82 82 82 ;
  INPUT ---        82 82 82 82 82 82 82 82 82 82 82 82 82 82 82 82 82 82 82 
  INPUT ---       82 82 82 82 82 82 82 ;
  INPUT ---        82 82 82 82 82 82 82 82 82 82 82 82 82 82 82 82 82 82 82 
  INPUT ---       82 82 82 82 82 82 ;
  INPUT ---        82 82 82 82 68 82 82 82 82 69 82 82 82 82 70 82 82 82 82 
  INPUT ---       71 82 82 82 82 ;
  INPUT ---        82 82 82 82 82 82 82 82 82 82 82 82 82 82 82 82 82 82 82 
  INPUT ---       82 82 82 82 ;
  INPUT ---        82 82 82 82 82 82 82 82 82 82 82 82 82 82 82 82 82 82 82 
  INPUT ---       82 82 82 ;
  INPUT ---        82 82 82 82 82 82 82 82 82 82 82 82 82 82 82 82 82 82 82 
  INPUT ---       82 82 ;
  INPUT ---        82 82 82 82 82 82 82 82 82 82 82 82 82 82 82 82 82 82 82 

  Program  MARK  - Survival Rate Estimation with Capture-Recapture Data
   gfortran(Win64) Vers. 8.1 Mar 2016    5-Aug-2016 15:56:09    Page  003
 - - - - - - - - - - - - - - - - - - - - - - - - - - - - - - - - - - - - - -
 
  INPUT ---       82 ;
  INPUT ---        82 82 82 82 69 82 82 82 82 70 82 82 82 82 71 82 82 82 82 ;
  INPUT ---        82 82 82 82 82 82 82 82 82 82 82 82 82 82 82 82 82 82 ;
  INPUT ---        82 82 82 82 82 82 82 82 82 82 82 82 82 82 82 82 82 ;
  INPUT ---        82 82 82 82 82 82 82 82 82 82 82 82 82 82 82 82 ;
  INPUT ---        82 82 82 82 82 82 82 82 82 82 82 82 82 82 82 ;
  INPUT ---        82 82 82 82 70 82 82 82 82 71 82 82 82 82 ;
  INPUT ---        82 82 82 82 82 82 82 82 82 82 82 82 82 ;
  INPUT ---        82 82 82 82 82 82 82 82 82 82 82 82 ;
  INPUT ---        82 82 82 82 82 82 82 82 82 82 82 ;
  INPUT ---        82 82 82 82 82 82 82 82 82 82 ;
  INPUT ---        82 82 82 82 71 82 82 82 82 ;
  INPUT ---        82 82 82 82 82 82 82 82 ;
  INPUT ---        82 82 82 82 82 82 82 ;
  INPUT ---        82 82 82 82 82 82 ;
  INPUT ---        82 82 82 82 82 ;
  INPUT ---        82 82 82 82 ;
  INPUT ---        82 82 82 ;
  INPUT ---        82 82 ;
  INPUT ---        82 ;

  INPUT ---    group=1 Gamma''    rows=29 cols=29 Triang ;
  INPUT ---        83 83 83 83 72 83 83 83 83 73 83 83 83 83 74 83 83 83 83 
  INPUT ---       75 83 83 83 83 76 83 83 83 83 ;
  INPUT ---        83 83 83 83 83 83 83 83 83 83 83 83 83 83 83 83 83 83 83 
  INPUT ---       83 83 83 83 83 83 83 83 83 ;
  INPUT ---        83 83 83 83 83 83 83 83 83 83 83 83 83 83 83 83 83 83 83 
  INPUT ---       83 83 83 83 83 83 83 83 ;
  INPUT ---        83 83 83 83 83 83 83 83 83 83 83 83 83 83 83 83 83 83 83 
  INPUT ---       83 83 83 83 83 83 83 ;
  INPUT ---        83 83 83 83 83 83 83 83 83 83 83 83 83 83 83 83 83 83 83 
  INPUT ---       83 83 83 83 83 83 ;
  INPUT ---        83 83 83 83 73 83 83 83 83 74 83 83 83 83 75 83 83 83 83 
  INPUT ---       76 83 83 83 83 ;
  INPUT ---        83 83 83 83 83 83 83 83 83 83 83 83 83 83 83 83 83 83 83 
  INPUT ---       83 83 83 83 ;
  INPUT ---        83 83 83 83 83 83 83 83 83 83 83 83 83 83 83 83 83 83 83 
  INPUT ---       83 83 83 ;
  INPUT ---        83 83 83 83 83 83 83 83 83 83 83 83 83 83 83 83 83 83 83 
  INPUT ---       83 83 ;
  INPUT ---        83 83 83 83 83 83 83 83 83 83 83 83 83 83 83 83 83 83 83 
  INPUT ---       83 ;
  INPUT ---        83 83 83 83 74 83 83 83 83 75 83 83 83 83 76 83 83 83 83 ;
  INPUT ---        83 83 83 83 83 83 83 83 83 83 83 83 83 83 83 83 83 83 ;
  INPUT ---        83 83 83 83 83 83 83 83 83 83 83 83 83 83 83 83 83 ;
  INPUT ---        83 83 83 83 83 83 83 83 83 83 83 83 83 83 83 83 ;

  Program  MARK  - Survival Rate Estimation with Capture-Recapture Data
   gfortran(Win64) Vers. 8.1 Mar 2016    5-Aug-2016 15:56:09    Page  004
 - - - - - - - - - - - - - - - - - - - - - - - - - - - - - - - - - - - - - -
 
  INPUT ---        83 83 83 83 83 83 83 83 83 83 83 83 83 83 83 ;
  INPUT ---        83 83 83 83 75 83 83 83 83 76 83 83 83 83 ;
  INPUT ---        83 83 83 83 83 83 83 83 83 83 83 83 83 ;
  INPUT ---        83 83 83 83 83 83 83 83 83 83 83 83 ;
  INPUT ---        83 83 83 83 83 83 83 83 83 83 83 ;
  INPUT ---        83 83 83 83 83 83 83 83 83 83 ;
  INPUT ---        83 83 83 83 76 83 83 83 83 ;
  INPUT ---        83 83 83 83 83 83 83 83 ;
  INPUT ---        83 83 83 83 83 83 83 ;
  INPUT ---        83 83 83 83 83 83 ;
  INPUT ---        83 83 83 83 83 ;
  INPUT ---        83 83 83 83 ;
  INPUT ---        83 83 83 ;
  INPUT ---        83 83 ;
  INPUT ---        83 ;

  INPUT ---    group=1 Gamma'    rows=28 cols=28 Triang ;
  INPUT ---        83 83 83 77 83 83 83 83 78 83 83 83 83 79 83 83 83 83 80 
  INPUT ---       83 83 83 83 81 83 83 83 83 ;
  INPUT ---        83 83 83 83 83 83 83 83 83 83 83 83 83 83 83 83 83 83 83 
  INPUT ---       83 83 83 83 83 83 83 83 ;
  INPUT ---        83 83 83 83 83 83 83 83 83 83 83 83 83 83 83 83 83 83 83 
  INPUT ---       83 83 83 83 83 83 83 ;
  INPUT ---        83 83 83 83 83 83 83 83 83 83 83 83 83 83 83 83 83 83 83 
  INPUT ---       83 83 83 83 83 83 ;
  INPUT ---        83 83 83 83 83 83 83 83 83 83 83 83 83 83 83 83 83 83 83 
  INPUT ---       83 83 83 83 83 ;
  INPUT ---        83 83 83 78 83 83 83 83 79 83 83 83 83 80 83 83 83 83 81 
  INPUT ---       83 83 83 83 ;
  INPUT ---        83 83 83 83 83 83 83 83 83 83 83 83 83 83 83 83 83 83 83 
  INPUT ---       83 83 83 ;
  INPUT ---        83 83 83 83 83 83 83 83 83 83 83 83 83 83 83 83 83 83 83 
  INPUT ---       83 83 ;
  INPUT ---        83 83 83 83 83 83 83 83 83 83 83 83 83 83 83 83 83 83 83 
  INPUT ---       83 ;
  INPUT ---        83 83 83 83 83 83 83 83 83 83 83 83 83 83 83 83 83 83 83 ;
  INPUT ---        83 83 83 79 83 83 83 83 80 83 83 83 83 81 83 83 83 83 ;
  INPUT ---        83 83 83 83 83 83 83 83 83 83 83 83 83 83 83 83 83 ;
  INPUT ---        83 83 83 83 83 83 83 83 83 83 83 83 83 83 83 83 ;
  INPUT ---        83 83 83 83 83 83 83 83 83 83 83 83 83 83 83 ;
  INPUT ---        83 83 83 83 83 83 83 83 83 83 83 83 83 83 ;
  INPUT ---        83 83 83 80 83 83 83 83 81 83 83 83 83 ;
  INPUT ---        83 83 83 83 83 83 83 83 83 83 83 83 ;
  INPUT ---        83 83 83 83 83 83 83 83 83 83 83 ;
  INPUT ---        83 83 83 83 83 83 83 83 83 83 ;
  INPUT ---        83 83 83 83 83 83 83 83 83 ;

  Program  MARK  - Survival Rate Estimation with Capture-Recapture Data
   gfortran(Win64) Vers. 8.1 Mar 2016    5-Aug-2016 15:56:09    Page  005
 - - - - - - - - - - - - - - - - - - - - - - - - - - - - - - - - - - - - - -
 
  INPUT ---        83 83 83 81 83 83 83 83 ;
  INPUT ---        83 83 83 83 83 83 83 ;
  INPUT ---        83 83 83 83 83 83 ;
  INPUT ---        83 83 83 83 83 ;
  INPUT ---        83 83 83 83 ;
  INPUT ---        83 83 83 ;
  INPUT ---        83 83 ;
  INPUT ---        83 ;

  INPUT ---    initial  0.8492118 0 0 0 0 -0.3123225 0 3.139572 0 0 0 0 0 
  INPUT ---    2.0066797 0 -2.9445172 0 0 0 0 17.724958 0 0 0 0  ;

  INPUT ---    design matrix constraints=83 covariates=25;
  INPUT ---        1 captive sex 96 0.186046511627907 0 0 0 0 0 0 0 0 0 0 0 0 
  INPUT ---       0 0 0 0 0 0 0 0;
  INPUT ---        1 captive sex 96 0.127659574468085 0 0 0 0 0 0 0 0 0 0 0 0 
  INPUT ---       0 0 0 0 0 0 0 0;
  INPUT ---        1 captive sex 114 0.08 0 0 0 0 0 0 0 0 0 0 0 0 0 0 0 0 0 0 
  INPUT ---       0 0;
  INPUT ---        1 captive sex 120 0.166666666666667 0 0 0 0 0 0 0 0 0 0 0 
  INPUT ---       0 0 0 0 0 0 0 0 0;
  INPUT ---        1 captive sex 115 0.169230769230769 0 0 0 0 0 0 0 0 0 0 0 
  INPUT ---       0 0 0 0 0 0 0 0 0;
  INPUT ---        1 captive sex 126 0.0615384615384615 0 0 0 0 0 0 0 0 0 0 0 
  INPUT ---       0 0 0 0 0 0 0 0 0;
  INPUT ---        1 captive sex 126 0.0776699029126214 0 0 0 0 0 0 0 0 0 0 0 
  INPUT ---       0 0 0 0 0 0 0 0 0;
  INPUT ---        1 captive sex 126 0.170212765957447 0 0 0 0 0 0 0 0 0 0 0 
  INPUT ---       0 0 0 0 0 0 0 0 0;
  INPUT ---        1 captive sex 114 0.0666666666666667 0 0 0 0 0 0 0 0 0 0 0 
  INPUT ---       0 0 0 0 0 0 0 0 0;
  INPUT ---        1 captive sex 126 0.0894308943089431 0 0 0 0 0 0 0 0 0 0 0 
  INPUT ---       0 0 0 0 0 0 0 0 0;
  INPUT ---        1 captive sex 139 0.08 0 0 0 0 0 0 0 0 0 0 0 0 0 0 0 0 0 0 
  INPUT ---       0 0;
  INPUT ---        1 captive sex 168 0.135135135135135 0 0 0 0 0 0 0 0 0 0 0 
  INPUT ---       0 0 0 0 0 0 0 0 0;
  INPUT ---        1 captive sex 180 0.213740458015267 0 0 0 0 0 0 0 0 0 0 0 
  INPUT ---       0 0 0 0 0 0 0 0 0;
  INPUT ---        1 captive sex 174 0.0869565217391304 0 0 0 0 0 0 0 0 0 0 0 
  INPUT ---       0 0 0 0 0 0 0 0 0;
  INPUT ---        1 captive sex 173 0.131428571428571 0 0 0 0 0 0 0 0 0 0 0 
  INPUT ---       0 0 0 0 0 0 0 0 0;
  INPUT ---        1 captive sex 166 0.167441860465116 0 0 0 0 0 0 0 0 0 0 0 
  INPUT ---       0 0 0 0 0 0 0 0 0;
  INPUT ---        1 captive sex 172 0.155 0 0 0 0 0 0 0 0 0 0 0 0 0 0 0 0 0 

  Program  MARK  - Survival Rate Estimation with Capture-Recapture Data
   gfortran(Win64) Vers. 8.1 Mar 2016    5-Aug-2016 15:56:09    Page  006
 - - - - - - - - - - - - - - - - - - - - - - - - - - - - - - - - - - - - - -
 
  INPUT ---       0 0 0;
  INPUT ---        1 captive sex 166 0.168831168831169 0 0 0 0 0 0 0 0 0 0 0 
  INPUT ---       0 0 0 0 0 0 0 0 0;
  INPUT ---        1 captive sex 171 0.231182795698925 0 0 0 0 0 0 0 0 0 0 0 
  INPUT ---       0 0 0 0 0 0 0 0 0;
  INPUT ---        1 captive sex 151 0.224489795918367 0 0 0 0 0 0 0 0 0 0 0 
  INPUT ---       0 0 0 0 0 0 0 0 0;
  INPUT ---        1 captive sex 192 0.125827814569536 0 0 0 0 0 0 0 0 0 0 0 
  INPUT ---       0 0 0 0 0 0 0 0 0;
  INPUT ---        1 captive sex 185 0.201612903225806 0 0 0 0 0 0 0 0 0 0 0 
  INPUT ---       0 0 0 0 0 0 0 0 0;
  INPUT ---        1 captive sex 198 0.244604316546763 0 0 0 0 0 0 0 0 0 0 0 
  INPUT ---       0 0 0 0 0 0 0 0 0;
  INPUT ---        1 captive sex 198 0.282828282828283 0 0 0 0 0 0 0 0 0 0 0 
  INPUT ---       0 0 0 0 0 0 0 0 0;
  INPUT ---        1 captive sex 195 0.314516129032258 0 0 0 0 0 0 0 0 0 0 0 
  INPUT ---       0 0 0 0 0 0 0 0 0;
  INPUT ---        1 captive sex 192 0.137254901960784 0 0 0 0 0 0 0 0 0 0 0 
  INPUT ---       0 0 0 0 0 0 0 0 0;
  INPUT ---        1 captive sex 192 0.266129032258065 0 0 0 0 0 0 0 0 0 0 0 
  INPUT ---       0 0 0 0 0 0 0 0 0;
  INPUT ---        1 captive sex 198 0.198581560283688 0 0 0 0 0 0 0 0 0 0 0 
  INPUT ---       0 0 0 0 0 0 0 0 0;
  INPUT ---        1 captive sex 198 0.293333333333333 0 0 0 0 0 0 0 0 0 0 0 
  INPUT ---       0 0 0 0 0 0 0 0 0;
  INPUT ---        1 captive sex 198 0.202453987730061 0 0 0 0 0 0 0 0 0 0 0 
  INPUT ---       0 0 0 0 0 0 0 0 0;
  INPUT ---        0 0 0 0 0 1 0.0440135195492338 0 0 0 0 0 0 0 0 0 0 0 0 0 0 
  INPUT ---       0 0 0 0;
  INPUT ---        0 0 0 0 0 1 0.0138205395794682 0 0 0 0 0 0 0 0 0 0 0 0 0 0 
  INPUT ---       0 0 0 0;
  INPUT ---        0 0 0 0 0 1 0.0150462962962963 0 0 0 0 0 0 0 0 0 0 0 0 0 0 
  INPUT ---       0 0 0 0;
  INPUT ---        0 0 0 0 0 1 0.0435062197227376 0 0 0 0 0 0 0 0 0 0 0 0 0 0 
  INPUT ---       0 0 0 0;
  INPUT ---        0 0 0 0 0 1 0.0413898241676019 0 0 0 0 0 0 0 0 0 0 0 0 0 0 
  INPUT ---       0 0 0 0;
  INPUT ---        0 0 0 0 0 1 0.0334785353535354 0 0 0 0 0 0 0 0 0 0 0 0 0 0 
  INPUT ---       0 0 0 0;
  INPUT ---        0 0 0 0 0 1 0.0145442884245275 0 0 0 0 0 0 0 0 0 0 0 0 0 0 
  INPUT ---       0 0 0 0;
  INPUT ---        0 0 0 0 0 1 0.0193204258107552 0 0 0 0 0 0 0 0 0 0 0 0 0 0 
  INPUT ---       0 0 0 0;
  INPUT ---        0 0 0 0 0 1 0.00382154882154882 0 0 0 0 0 0 0 0 0 0 0 0 0 
  INPUT ---       0 0 0 0 0;
  INPUT ---        0 0 0 0 0 1 0.0399423854156923 0 0 0 0 0 0 0 0 0 0 0 0 0 0 

  Program  MARK  - Survival Rate Estimation with Capture-Recapture Data
   gfortran(Win64) Vers. 8.1 Mar 2016    5-Aug-2016 15:56:09    Page  007
 - - - - - - - - - - - - - - - - - - - - - - - - - - - - - - - - - - - - - -
 
  INPUT ---       0 0 0 0;
  INPUT ---        0 0 0 0 0 1 0.010060938021866 0 0 0 0 0 0 0 0 0 0 0 0 0 0 
  INPUT ---       0 0 0 0;
  INPUT ---        0 0 0 0 0 1 0.0120376449425667 0 0 0 0 0 0 0 0 0 0 0 0 0 0 
  INPUT ---       0 0 0 0;
  INPUT ---        0 0 0 0 0 1 0.0327860086977532 0 0 0 0 0 0 0 0 0 0 0 0 0 0 
  INPUT ---       0 0 0 0;
  INPUT ---        0 0 0 0 0 1 0.0190954813692234 0 0 0 0 0 0 0 0 0 0 0 0 0 0 
  INPUT ---       0 0 0 0;
  INPUT ---        0 0 0 0 0 1 0.0261489672463083 0 0 0 0 0 0 0 0 0 0 0 0 0 0 
  INPUT ---       0 0 0 0;
  INPUT ---        0 0 0 0 0 1 0.0512150912647815 0 0 0 0 0 0 0 0 0 0 0 0 0 0 
  INPUT ---       0 0 0 0;
  INPUT ---        0 0 0 0 0 1 0.0473122112945163 0 0 0 0 0 0 0 0 0 0 0 0 0 0 
  INPUT ---       0 0 0 0;
  INPUT ---        0 0 0 0 0 1 0.0226518050401979 0 0 0 0 0 0 0 0 0 0 0 0 0 0 
  INPUT ---       0 0 0 0;
  INPUT ---        0 0 0 0 0 1 0.0665651993646785 0 0 0 0 0 0 0 0 0 0 0 0 0 0 
  INPUT ---       0 0 0 0;
  INPUT ---        0 0 0 0 0 1 0.04010330058655 0 0 0 0 0 0 0 0 0 0 0 0 0 0 0 
  INPUT ---       0 0 0;
  INPUT ---        0 0 0 0 0 1 0.0206820945059979 0 0 0 0 0 0 0 0 0 0 0 0 0 0 
  INPUT ---       0 0 0 0;
  INPUT ---        0 0 0 0 0 1 0.054918230087819 0 0 0 0 0 0 0 0 0 0 0 0 0 0 
  INPUT ---       0 0 0 0;
  INPUT ---        0 0 0 0 0 1 0.0879277557364401 0 0 0 0 0 0 0 0 0 0 0 0 0 0 
  INPUT ---       0 0 0 0;
  INPUT ---        0 0 0 0 0 1 0.0733113017934447 0 0 0 0 0 0 0 0 0 0 0 0 0 0 
  INPUT ---       0 0 0 0;
  INPUT ---        0 0 0 0 0 1 0.0785302039517285 0 0 0 0 0 0 0 0 0 0 0 0 0 0 
  INPUT ---       0 0 0 0;
  INPUT ---        0 0 0 0 0 1 0.0474808900748976 0 0 0 0 0 0 0 0 0 0 0 0 0 0 
  INPUT ---       0 0 0 0;
  INPUT ---        0 0 0 0 0 1 0.0746150243527953 0 0 0 0 0 0 0 0 0 0 0 0 0 0 
  INPUT ---       0 0 0 0;
  INPUT ---        0 0 0 0 0 1 0.0653219100102685 0 0 0 0 0 0 0 0 0 0 0 0 0 0 
  INPUT ---       0 0 0 0;
  INPUT ---        0 0 0 0 0 1 0.0656604289706052 0 0 0 0 0 0 0 0 0 0 0 0 0 0 
  INPUT ---       0 0 0 0;
  INPUT ---        0 0 0 0 0 1 0.109501305572734 0 0 0 0 0 0 0 0 0 0 0 0 0 0 
  INPUT ---       0 0 0 0;
  INPUT ---        0 0 0 0 0 0 0 1 0 0 0 0 0 0 0 0 0 0 0 0 0 0 0 0 0;
  INPUT ---        0 0 0 0 0 0 0 1 1 0 0 0 0 0 0 0 0 0 0 0 0 0 0 0 0;
  INPUT ---        0 0 0 0 0 0 0 1 0 1 0 0 0 0 0 0 0 0 0 0 0 0 0 0 0;
  INPUT ---        0 0 0 0 0 0 0 1 0 0 1 0 0 0 0 0 0 0 0 0 0 0 0 0 0;
  INPUT ---        0 0 0 0 0 0 0 1 0 0 0 1 0 0 0 0 0 0 0 0 0 0 0 0 0;

  Program  MARK  - Survival Rate Estimation with Capture-Recapture Data
   gfortran(Win64) Vers. 8.1 Mar 2016    5-Aug-2016 15:56:09    Page  008
 - - - - - - - - - - - - - - - - - - - - - - - - - - - - - - - - - - - - - -
 
  INPUT ---        0 0 0 0 0 0 0 1 0 0 0 0 1 0 0 0 0 0 0 0 0 0 0 0 0;
  INPUT ---        0 0 0 0 0 0 0 0 0 0 0 0 0 1 age.t1.8 0 0 0 0 0 0 0 0 0 0;
  INPUT ---        0 0 0 0 0 0 0 0 0 0 0 0 0 1 age.t4.6 0 0 0 0 0 0 0 0 0 0;
  INPUT ---        0 0 0 0 0 0 0 0 0 0 0 0 0 1 age.t7.9 0 0 0 0 0 0 0 0 0 0;
  INPUT ---        0 0 0 0 0 0 0 0 0 0 0 0 0 1 age.t11.367 0 0 0 0 0 0 0 0 0 
  INPUT ---       0;
  INPUT ---        0 0 0 0 0 0 0 0 0 0 0 0 0 1 age.t13.934 0 0 0 0 0 0 0 0 0 
  INPUT ---       0;
  INPUT ---        0 0 0 0 0 0 0 0 0 0 0 0 0 0 0 1 0 0 0 0 0 0 0 0 0;
  INPUT ---        0 0 0 0 0 0 0 0 0 0 0 0 0 0 0 1 1 0 0 0 0 0 0 0 0;
  INPUT ---        0 0 0 0 0 0 0 0 0 0 0 0 0 0 0 1 0 1 0 0 0 0 0 0 0;
  INPUT ---        0 0 0 0 0 0 0 0 0 0 0 0 0 0 0 1 0 0 1 0 0 0 0 0 0;
  INPUT ---        0 0 0 0 0 0 0 0 0 0 0 0 0 0 0 1 0 0 0 1 0 0 0 0 0;
  INPUT ---        0 0 0 0 0 0 0 0 0 0 0 0 0 0 0 0 0 0 0 0 1 0 0 0 0;
  INPUT ---        0 0 0 0 0 0 0 0 0 0 0 0 0 0 0 0 0 0 0 0 1 1 0 0 0;
  INPUT ---        0 0 0 0 0 0 0 0 0 0 0 0 0 0 0 0 0 0 0 0 1 0 1 0 0;
  INPUT ---        0 0 0 0 0 0 0 0 0 0 0 0 0 0 0 0 0 0 0 0 1 0 0 1 0;
  INPUT ---        0 0 0 0 0 0 0 0 0 0 0 0 0 0 0 0 0 0 0 0 1 0 0 0 1;
  INPUT ---        0 0 0 0 0 0 0 0 0 0 0 0 0 0 0 0 0 0 0 0 0 0 0 0 0;
  INPUT ---        0 0 0 0 0 0 0 0 0 0 0 0 0 0 0 0 0 0 0 0 0 0 0 0 0;

  INPUT ---    links=83;

  INPUT ---    Log;

  INPUT ---    Log;

  INPUT ---    Log;

  INPUT ---    Log;

  INPUT ---    Log;

  INPUT ---    Log;

  INPUT ---    Log;

  INPUT ---    Log;

  INPUT ---    Log;

  INPUT ---    Log;

  INPUT ---    Log;

  INPUT ---    Log;

  Program  MARK  - Survival Rate Estimation with Capture-Recapture Data
   gfortran(Win64) Vers. 8.1 Mar 2016    5-Aug-2016 15:56:09    Page  009
 - - - - - - - - - - - - - - - - - - - - - - - - - - - - - - - - - - - - - -
 

  INPUT ---    Log;

  INPUT ---    Log;

  INPUT ---    Log;

  INPUT ---    Log;

  INPUT ---    Log;

  INPUT ---    Log;

  INPUT ---    Log;

  INPUT ---    Log;

  INPUT ---    Log;

  INPUT ---    Log;

  INPUT ---    Log;

  INPUT ---    Log;

  INPUT ---    Log;

  INPUT ---    Log;

  INPUT ---    Log;

  INPUT ---    Log;

  INPUT ---    Log;

  INPUT ---    Log;

  INPUT ---    Log;

  INPUT ---    Log;

  INPUT ---    Log;

  INPUT ---    Log;

  INPUT ---    Log;

  Program  MARK  - Survival Rate Estimation with Capture-Recapture Data
   gfortran(Win64) Vers. 8.1 Mar 2016    5-Aug-2016 15:56:09    Page  010
 - - - - - - - - - - - - - - - - - - - - - - - - - - - - - - - - - - - - - -
 

  INPUT ---    Log;

  INPUT ---    Log;

  INPUT ---    Log;

  INPUT ---    Log;

  INPUT ---    Log;

  INPUT ---    Log;

  INPUT ---    Log;

  INPUT ---    Log;

  INPUT ---    Log;

  INPUT ---    Log;

  INPUT ---    Log;

  INPUT ---    Log;

  INPUT ---    Log;

  INPUT ---    Log;

  INPUT ---    Log;

  INPUT ---    Log;

  INPUT ---    Log;

  INPUT ---    Log;

  INPUT ---    Log;

  INPUT ---    Log;

  INPUT ---    Log;

  INPUT ---    Log;

  INPUT ---    Log;

  Program  MARK  - Survival Rate Estimation with Capture-Recapture Data
   gfortran(Win64) Vers. 8.1 Mar 2016    5-Aug-2016 15:56:09    Page  011
 - - - - - - - - - - - - - - - - - - - - - - - - - - - - - - - - - - - - - -
 

  INPUT ---    Log;

  INPUT ---    Log;

  INPUT ---    Log;

  INPUT ---    Log;

  INPUT ---    Log;

  INPUT ---    Log;

  INPUT ---    Log;

  INPUT ---    Log;

  INPUT ---    Logit;

  INPUT ---    Logit;

  INPUT ---    Logit;

  INPUT ---    Logit;

  INPUT ---    Logit;

  INPUT ---    Logit;

  INPUT ---    Logit;

  INPUT ---    Logit;

  INPUT ---    Logit;

  INPUT ---    Logit;

  INPUT ---    Logit;

  INPUT ---    Logit;

  INPUT ---    Logit;

  INPUT ---    Logit;

  INPUT ---    Logit;

  Program  MARK  - Survival Rate Estimation with Capture-Recapture Data
   gfortran(Win64) Vers. 8.1 Mar 2016    5-Aug-2016 15:56:09    Page  012
 - - - - - - - - - - - - - - - - - - - - - - - - - - - - - - - - - - - - - -
 

  INPUT ---    Logit;

  INPUT ---    Logit;
  INPUT ---       blabel(1)=alpha:(Intercept);
  INPUT ---       blabel(2)=alpha:captive;
  INPUT ---       blabel(3)=alpha:sex;
  INPUT ---       blabel(4)=alpha:effort.trapdays;
  INPUT ---       blabel(5)=alpha:recordloss.agout.total;
  INPUT ---       blabel(6)=sigma:(Intercept);
  INPUT ---       blabel(7)=sigma:recordloss.agout.var;
  INPUT ---       blabel(8)=U:(Intercept);
  INPUT ---       blabel(9)=U:sample_monthB;
  INPUT ---       blabel(10)=U:sample_monthC;
  INPUT ---       blabel(11)=U:sample_monthD;
  INPUT ---       blabel(12)=U:sample_monthE;
  INPUT ---       blabel(13)=U:sample_monthF;
  INPUT ---       blabel(14)=Phi:(Intercept);
  INPUT ---       blabel(15)=Phi:age.t;
  INPUT ---       blabel(16)=GammaDoublePrime:(Intercept);
  INPUT ---       blabel(17)=GammaDoublePrime:sample_monthB;
  INPUT ---       blabel(18)=GammaDoublePrime:sample_monthC;
  INPUT ---       blabel(19)=GammaDoublePrime:sample_monthD;
  INPUT ---       blabel(20)=GammaDoublePrime:sample_monthE;
  INPUT ---       blabel(21)=GammaPrime:(Intercept);
  INPUT ---       blabel(22)=GammaPrime:sample_monthB;
  INPUT ---       blabel(23)=GammaPrime:sample_monthC;
  INPUT ---       blabel(24)=GammaPrime:sample_monthD;
  INPUT ---       blabel(25)=GammaPrime:sample_monthE;
  INPUT ---       rlabel(1)=alpha g1 a0 t1;
  INPUT ---       rlabel(2)=alpha g1 a0.2 t1.2;
  INPUT ---       rlabel(3)=alpha g1 a0.4 t1.4;
  INPUT ---       rlabel(4)=alpha g1 a0.6 t1.6;
  INPUT ---       rlabel(5)=alpha g1 a0.8 t1.8;
  INPUT ---       rlabel(6)=alpha g1 a2.8 t3.8;
  INPUT ---       rlabel(7)=alpha g1 a3 t4;
  INPUT ---       rlabel(8)=alpha g1 a3.2 t4.2;
  INPUT ---       rlabel(9)=alpha g1 a3.4 t4.4;
  INPUT ---       rlabel(10)=alpha g1 a3.6 t4.6;
  INPUT ---       rlabel(11)=alpha g1 a6.1 t7.1;
  INPUT ---       rlabel(12)=alpha g1 a6.3 t7.3;
  INPUT ---       rlabel(13)=alpha g1 a6.5 t7.5;
  INPUT ---       rlabel(14)=alpha g1 a6.7 t7.7;
  INPUT ---       rlabel(15)=alpha g1 a6.9 t7.9;
  INPUT ---       rlabel(16)=alpha g1 a9.567 t10.567;
  INPUT ---       rlabel(17)=alpha g1 a9.767 t10.767;

  Program  MARK  - Survival Rate Estimation with Capture-Recapture Data
   gfortran(Win64) Vers. 8.1 Mar 2016    5-Aug-2016 15:56:09    Page  013
 - - - - - - - - - - - - - - - - - - - - - - - - - - - - - - - - - - - - - -
 
  INPUT ---       rlabel(18)=alpha g1 a9.967 t10.967;
  INPUT ---       rlabel(19)=alpha g1 a10.167 t11.167;
  INPUT ---       rlabel(20)=alpha g1 a10.367 t11.367;
  INPUT ---       rlabel(21)=alpha g1 a12.134 t13.134;
  INPUT ---       rlabel(22)=alpha g1 a12.334 t13.334;
  INPUT ---       rlabel(23)=alpha g1 a12.534 t13.534;
  INPUT ---       rlabel(24)=alpha g1 a12.734 t13.734;
  INPUT ---       rlabel(25)=alpha g1 a12.934 t13.934;
  INPUT ---       rlabel(26)=alpha g1 a16.101 t17.101;
  INPUT ---       rlabel(27)=alpha g1 a16.301 t17.301;
  INPUT ---       rlabel(28)=alpha g1 a16.501 t17.501;
  INPUT ---       rlabel(29)=alpha g1 a16.701 t17.701;
  INPUT ---       rlabel(30)=alpha g1 a16.901 t17.901;
  INPUT ---       rlabel(31)=sigma g1 a0 t1;
  INPUT ---       rlabel(32)=sigma g1 a0.2 t1.2;
  INPUT ---       rlabel(33)=sigma g1 a0.4 t1.4;
  INPUT ---       rlabel(34)=sigma g1 a0.6 t1.6;
  INPUT ---       rlabel(35)=sigma g1 a0.8 t1.8;
  INPUT ---       rlabel(36)=sigma g1 a2.8 t3.8;
  INPUT ---       rlabel(37)=sigma g1 a3 t4;
  INPUT ---       rlabel(38)=sigma g1 a3.2 t4.2;
  INPUT ---       rlabel(39)=sigma g1 a3.4 t4.4;
  INPUT ---       rlabel(40)=sigma g1 a3.6 t4.6;
  INPUT ---       rlabel(41)=sigma g1 a6.1 t7.1;
  INPUT ---       rlabel(42)=sigma g1 a6.3 t7.3;
  INPUT ---       rlabel(43)=sigma g1 a6.5 t7.5;
  INPUT ---       rlabel(44)=sigma g1 a6.7 t7.7;
  INPUT ---       rlabel(45)=sigma g1 a6.9 t7.9;
  INPUT ---       rlabel(46)=sigma g1 a9.567 t10.567;
  INPUT ---       rlabel(47)=sigma g1 a9.767 t10.767;
  INPUT ---       rlabel(48)=sigma g1 a9.967 t10.967;
  INPUT ---       rlabel(49)=sigma g1 a10.167 t11.167;
  INPUT ---       rlabel(50)=sigma g1 a10.367 t11.367;
  INPUT ---       rlabel(51)=sigma g1 a12.134 t13.134;
  INPUT ---       rlabel(52)=sigma g1 a12.334 t13.334;
  INPUT ---       rlabel(53)=sigma g1 a12.534 t13.534;
  INPUT ---       rlabel(54)=sigma g1 a12.734 t13.734;
  INPUT ---       rlabel(55)=sigma g1 a12.934 t13.934;
  INPUT ---       rlabel(56)=sigma g1 a16.101 t17.101;
  INPUT ---       rlabel(57)=sigma g1 a16.301 t17.301;
  INPUT ---       rlabel(58)=sigma g1 a16.501 t17.501;
  INPUT ---       rlabel(59)=sigma g1 a16.701 t17.701;
  INPUT ---       rlabel(60)=sigma g1 a16.901 t17.901;
  INPUT ---       rlabel(61)=U g1 a0 t1;
  INPUT ---       rlabel(62)=U g1 a2.8 t3.8;
  INPUT ---       rlabel(63)=U g1 a6.1 t7.1;

  Program  MARK  - Survival Rate Estimation with Capture-Recapture Data
   gfortran(Win64) Vers. 8.1 Mar 2016    5-Aug-2016 15:56:09    Page  014
 - - - - - - - - - - - - - - - - - - - - - - - - - - - - - - - - - - - - - -
 
  INPUT ---       rlabel(64)=U g1 a9.567 t10.567;
  INPUT ---       rlabel(65)=U g1 a12.134 t13.134;
  INPUT ---       rlabel(66)=U g1 a16.101 t17.101;
  INPUT ---       rlabel(67)=Phi g1 c1 a0.8 t1.8;
  INPUT ---       rlabel(68)=Phi g1 c1 a3.6 t4.6;
  INPUT ---       rlabel(69)=Phi g1 c1 a6.9 t7.9;
  INPUT ---       rlabel(70)=Phi g1 c1 a10.367 t11.367;
  INPUT ---       rlabel(71)=Phi g1 c1 a12.934 t13.934;
  INPUT ---       rlabel(72)=Gamma'' g1 c1 a0.8 t1.8;
  INPUT ---       rlabel(73)=Gamma'' g1 c1 a3.6 t4.6;
  INPUT ---       rlabel(74)=Gamma'' g1 c1 a6.9 t7.9;
  INPUT ---       rlabel(75)=Gamma'' g1 c1 a10.367 t11.367;
  INPUT ---       rlabel(76)=Gamma'' g1 c1 a12.934 t13.934;
  INPUT ---       rlabel(77)=Gamma' g1 c1 a0.8 t1.8;
  INPUT ---       rlabel(78)=Gamma' g1 c1 a3.6 t4.6;
  INPUT ---       rlabel(79)=Gamma' g1 c1 a6.9 t7.9;
  INPUT ---       rlabel(80)=Gamma' g1 c1 a10.367 t11.367;
  INPUT ---       rlabel(81)=Gamma' g1 c1 a12.934 t13.934;
  INPUT ---       rlabel(82)=Phi g1 c1 a0 t1;
  INPUT ---       rlabel(83)=Gamma'' g1 c1 a0 t1;

 Link Function Used is PARM-SPECIFIC

 Variance Estimation Procedure Used is 2ndPart 

 M(t+1):
 Group=Group 1                                                                         
       3      3      3      2      3      5      5      5      2      5      5
       4      4      4      4     10      7      7      7      5      5      5
       5      3      4      5      5      5      4      5


 -2logL(saturated) = -0.0000000    
 Effective Sample Size = 169
 Results from first iteration:
  -2logL Initial { alpha(~1 + captive + sex + effort.trapdays + recordloss.agout.total)sigma(~1 + recordloss.agout.var)U(~sample_month)Phi(~1 + age.t)Gamma''(~1 + sample_month)Gam } = 1138.4459     
  Penalty Initial { alpha(~1 + captive + sex + effort.trapdays + recordloss.agout.total)sigma(~1 + recordloss.agout.var)U(~sample_month)Phi(~1 + age.t)Gamma''(~1 + sample_month)Gam } = -0.0000000    

 Number of function evaluations was 59 for 25 parameters.
 Time for numerical optimization was 10.06 seconds.
 -2logL { alpha(~1 + captive + sex + effort.trapdays + recordloss.agout.total)sigma(~1 + recordloss.agout.var)U(~sample_month)Phi(~1 + age.t)Gamma''(~1 + sample_month)Gam } = 1042.8928     
 Penalty { alpha(~1 + captive + sex + effort.trapdays + recordloss.agout.total)sigma(~1 + recordloss.agout.var)U(~sample_month)Phi(~1 + age.t)Gamma''(~1 + sample_month)Gam } = -0.0000000    

   * *  WARNING  * *   Numerical underflow occurred during optimization of this model. 

  Program  MARK  - Survival Rate Estimation with Capture-Recapture Data
   gfortran(Win64) Vers. 8.1 Mar 2016    5-Aug-2016 15:56:16    Page  015
 - - - - - - - - - - - - - - - - - - - - - - - - - - - - - - - - - - - - - -
 
     IEEE flag status at end of optimization:
     overflow       F
     divide by zero F
     invalid        F
     underflow      T
     inexact        T

 Gradient { alpha(~1 + captive + sex + effort.trapdays + recordloss.agout.total)sigma(~1 + recordloss.agout.var)U(~sample_month)Phi(~1 + age.t)Gamma''(~1 + sample_month)Gam }:
 -0.2379606E-03-0.1241110E-03 0.1991470E-03 0.2748172E-04-0.1872312E-03
 -0.2650300E-03-0.3825204E-04 0.3223535E-04-0.8241837E-04 0.1227991E-03
   0.000000     0.1630382E-03-0.2280910E-03-0.2365605E-03 0.5786553E-03
 -0.1042952E-04  0.000000      0.000000    -0.9913609E-05  0.000000    
   0.000000      0.000000      0.000000      0.000000      0.000000    
 S Vector { alpha(~1 + captive + sex + effort.trapdays + recordloss.agout.total)sigma(~1 + recordloss.agout.var)U(~sample_month)Phi(~1 + age.t)Gamma''(~1 + sample_month)Gam }:
   5507.164      382.9180      304.2698      265.6919      239.8572    
   225.8928      126.8658      51.12841      29.16602      10.70487    
   8.199481      4.722018      2.638637      1.599993     0.6787334    
  0.7950103E-01 0.5112106E-06 0.2908525E-06 0.2908122E-06 0.2457187E-07
  -0.000000     -0.000000     -0.000000     -0.000000      0.000000    
 Time to compute number of parameters was 6.48 seconds.
   Threshold =  0.5200000E-06     Condition index =   0.000000         New Threshold =   0.000000    
 New Guessimate of Estimated Parameters { alpha(~1 + captive + sex + effort.trapdays + recordloss.agout.total)sigma(~1 + recordloss.agout.var)U(~sample_month)Phi(~1 + age.t)Gamma''(~1 + sample_month)Gam } = 20          
 Conditioned S Vector { alpha(~1 + captive + sex + effort.trapdays + recordloss.agout.total)sigma(~1 + recordloss.agout.var)U(~sample_month)Phi(~1 + age.t)Gamma''(~1 + sample_month)Gam }:
   1.000000     0.6953089E-01 0.5524982E-01 0.4824479E-01 0.4355366E-01
  0.4101799E-01 0.2303650E-01 0.9283982E-02 0.5296015E-02 0.1943807E-02
  0.1488875E-02 0.8574318E-03 0.4791281E-03 0.2905295E-03 0.1232455E-03
  0.1443593E-04 0.9282646E-10 0.5281347E-10 0.5280615E-10 0.4461800E-11
  -0.000000     -0.000000     -0.000000     -0.000000      0.000000    
 Number of Estimated Parameters { alpha(~1 + captive + sex + effort.trapdays + recordloss.agout.total)sigma(~1 + recordloss.agout.var)U(~sample_month)Phi(~1 + age.t)Gamma''(~1 + sample_month)Gam } = 16          
 DEVIANCE { alpha(~1 + captive + sex + effort.trapdays + recordloss.agout.total)sigma(~1 + recordloss.agout.var)U(~sample_month)Phi(~1 + age.t)Gamma''(~1 + sample_month)Gam } = 1042.8928                     
 DEVIANCE Degrees of Freedom { alpha(~1 + captive + sex + effort.trapdays + recordloss.agout.total)sigma(~1 + recordloss.agout.var)U(~sample_month)Phi(~1 + age.t)Gamma''(~1 + sample_month)Gam } = -2            
 c-hat { alpha(~1 + captive + sex + effort.trapdays + recordloss.agout.total)sigma(~1 + recordloss.agout.var)U(~sample_month)Phi(~1 + age.t)Gamma''(~1 + sample_month)Gam } = 1.0000000                     
 AIC { alpha(~1 + captive + sex + effort.trapdays + recordloss.agout.total)sigma(~1 + recordloss.agout.var)U(~sample_month)Phi(~1 + age.t)Gamma''(~1 + sample_month)Gam } = 1074.8928                  
 AICc { alpha(~1 + captive + sex + effort.trapdays + recordloss.agout.total)sigma(~1 + recordloss.agout.var)U(~sample_month)Phi(~1 + age.t)Gamma''(~1 + sample_month)Gam } = 1078.4718                    
 BIC { alpha(~1 + captive + sex + effort.trapdays + recordloss.agout.total)sigma(~1 + recordloss.agout.var)U(~sample_month)Phi(~1 + age.t)Gamma''(~1 + sample_month)Gam } = 1124.9712                    
 Pearson Chisquare { alpha(~1 + captive + sex + effort.trapdays + recordloss.agout.total)sigma(~1 + recordloss.agout.var)U(~sample_month)Phi(~1 + age.t)Gamma''(~1 + sample_month)Gam } = 0.1068953E+033             

   * *  WARNING  * *   Numerical underflow occurred during variance-covariance calculation of this model. 
     IEEE flag status at end of variance-covariance calculation:
     overflow       F
     divide by zero F
     invalid        F
     underflow      T
     inexact        T



 PARM-SPECIFIC Link Function Parameters of { alpha(~1 + captive + sex + effort.trapdays + recordloss.agout.total)sigma(~1 + recordloss.agout.var)U(~sample_month)Phi(~1 + age.t)Gamma''(~1 + sample_month)Gam }
                                                              95% Confidence Interval
 Parameter                    Beta         Standard Error      Lower           Upper
 -------------------------  --------------  --------------  --------------  --------------
    1:alpha:(Intercept)     0.5288158       0.3599710       -0.1767273      1.2343589     
    2:alpha:captive         0.2824133       0.1066155       0.0734470       0.4913796     
    3:alpha:sex             0.4842591       0.2040162       0.0843873       0.8841309     
    4:alpha:effort.trapday  0.0033067       0.0018088       -.2385285E-003  0.0068519     
    5:alpha:recordloss.ago  -3.1289609      0.5805432       -4.2668256      -1.9910962    
    6:sigma:(Intercept)     -1.0590006      0.2246148       -1.4992455      -0.6187556    
    7:sigma:recordloss.ago  6.1329106       3.5365520       -0.7987315      13.064553     
    8:U:(Intercept)         2.5267754       0.1380361       2.2562247       2.7973261     
    9:U:sample_monthB       0.3793871       0.1270519       0.1303652       0.6284089     
   10:U:sample_monthC       0.4812727       0.1482377       0.1907268       0.7718187     
   11:U:sample_monthD       0.9103646       0.1468587       0.6225215       1.1982077     
   12:U:sample_monthE       0.3946038       0.1681161       0.0650963       0.7241114     

  Program  MARK  - Survival Rate Estimation with Capture-Recapture Data
   gfortran(Win64) Vers. 8.1 Mar 2016    5-Aug-2016 15:56:21    Page  016
 - - - - - - - - - - - - - - - - - - - - - - - - - - - - - - - - - - - - - -
 
   13:U:sample_monthF       0.6946540       0.1741788       0.3532636       1.0360444     
   14:Phi:(Intercept)       0.1533980       0.8136125       -1.4412826      1.7480786     
   15:Phi:age.t             2.3399440       0.9660941       0.4463996       4.2334884     
   16:GammaDoublePrime:(In  -16.440780      4500.9723       -8838.3468      8805.4652     
   17:GammaDoublePrime:sam  -5.2517799      0.0000000       -5.2517799      -5.2517799    
   18:GammaDoublePrime:sam  -5.2524368      0.0000000       -5.2524368      -5.2524368    
   19:GammaDoublePrime:sam  15.054857       4500.9731       -8806.8525      8836.9622     
   20:GammaDoublePrime:sam  -5.2524225      0.0000000       -5.2524225      -5.2524225    
   21:GammaPrime:(Intercep  17.724958       0.0000000       17.724958       17.724958     
   22:GammaPrime:sample_mo  0.0000000       0.0000000       0.0000000       0.0000000     
   23:GammaPrime:sample_mo  0.0000000       0.0000000       0.0000000       0.0000000     
   24:GammaPrime:sample_mo  0.0000000       0.0000000       0.0000000       0.0000000     
   25:GammaPrime:sample_mo  0.0000000       0.0000000       0.0000000       0.0000000     


 Real Function Parameters of { alpha(~1 + captive + sex + effort.trapdays + recordloss.agout.total)sigma(~1 + recordloss.agout.var)U(~sample_month)Phi(~1 + age.t)Gamma''(~1 + sample_month)Gam }

  Program  MARK  - Survival Rate Estimation with Capture-Recapture Data
   gfortran(Win64) Vers. 8.1 Mar 2016    5-Aug-2016 15:56:21    Page  017
 - - - - - - - - - - - - - - - - - - - - - - - - - - - - - - - - - - - - - -
 

      Following estimates based on unstandardized individual covariate values:
          Variable   Value         
          ---------  ------------- 
          CAPTIVE    0.2142857     
          SEX        0.8461538     
          AGE.T1     1.0000000     
          AGE.T1.2   1.0000000     
          AGE.T1.4   1.0000000     
          AGE.T1.6   1.0000000     
          AGE.T1.8   1.0000000     
          AGE.T3.8   1.0000000     
          AGE.T4     1.0000000     
          AGE.T4.2   1.0000000     
          AGE.T4.4   1.0000000     
          AGE.T4.6   1.0000000     
          AGE.T7.1   0.8333333     
          AGE.T7.3   0.8333333     
          AGE.T7.5   0.8333333     
          AGE.T7.7   0.8333333     
          AGE.T7.9   0.8333333     
          AGE.T10.56 0.6666667     
          AGE.T10.76 0.6666667     
          AGE.T10.96 0.6666667     
          AGE.T11.16 0.6666667     
          AGE.T11.36 0.6666667     
          AGE.T13.13 1.0000000     
          AGE.T13.33 1.0000000     
          AGE.T13.53 1.0000000     
          AGE.T13.73 1.0000000     
          AGE.T13.93 1.0000000     
          AGE.T17.10 0.9230769     
          AGE.T17.30 0.9230769     
          AGE.T17.50 0.9230769     
          AGE.T17.70 0.9230769     
                                                               95% Confidence Interval
  Parameter                  Estimate       Standard Error      Lower           Upper
 --------------------------  --------------  --------------  --------------  --------------
     1:alpha g1 a0 t1        2.0842341       0.2971660       1.5783079       2.7523349                           
     2:alpha g1 a0.2 t1.2    2.5020037       0.3311541       1.9324728       3.2393846                           
     3:alpha g1 a0.4 t1.4    3.0824892       0.3307772       2.4993097       3.8017455                           
     4:alpha g1 a0.6 t1.6    2.3974389       0.2494970       1.9561466       2.9382834                           
     5:alpha g1 a0.8 t1.8    2.3392832       0.2600362       1.8825708       2.9067942                           
     6:alpha g1 a2.8 t3.8    3.3979872       0.3343916       2.8032142       4.1189563                           
     7:alpha g1 a3 t4        3.2307316       0.3090007       2.6796136       3.8951984                           
     8:alpha g1 a3.2 t4.2    2.4184954       0.2352257       1.9996302       2.9251009                           
     9:alpha g1 a3.4 t4.4    3.2138092       0.3491767       2.5990074       3.9740440                           
    10:alpha g1 a3.6 t4.6    3.1140027       0.2932334       2.5902402       3.7436730                           
    11:alpha g1 a6.1 t7.1    3.3481398       0.2902533       2.8258485       3.9669644                           

  Program  MARK  - Survival Rate Estimation with Capture-Recapture Data
   gfortran(Win64) Vers. 8.1 Mar 2016    5-Aug-2016 15:56:21    Page  018
 - - - - - - - - - - - - - - - - - - - - - - - - - - - - - - - - - - - - - -
 
    12:alpha g1 a6.3 t7.3    3.1011825       0.2368583       2.6705987       3.6011899                           
    13:alpha g1 a6.5 t7.5    2.5231571       0.2094502       2.1448900       2.9681342                           
    14:alpha g1 a6.7 t7.7    3.6780131       0.3364647       3.0754317       4.3986607                           
    15:alpha g1 a6.9 t7.9    3.1896612       0.2543903       2.7287491       3.7284257                           
    16:alpha g1 a9.567 t10.  2.7845426       0.2053423       2.4102778       3.2169228                           
    17:alpha g1 a9.767 t10.  2.9530954       0.2254442       2.5432469       3.4289917                           
    18:alpha g1 a9.967 t10.  2.7724642       0.2045313       2.3996881       3.2031487                           
    19:alpha g1 a10.167 t11  2.3190885       0.1937158       1.9694178       2.7308434                           
    20:alpha g1 a10.367 t11  2.2166175       0.1928943       1.8696309       2.6280017                           
    21:alpha g1 a12.134 t13  3.4565346       0.3419936       2.8485609       4.1942693                           
    22:alpha g1 a12.334 t13  2.6644324       0.2266007       2.2560153       3.1467872                           
    23:alpha g1 a12.534 t13  2.4313817       0.2453295       1.9960971       2.9615878                           
    24:alpha g1 a12.734 t13  2.1573021       0.2347375       1.7440618       2.6684560                           
    25:alpha g1 a12.934 t13  1.9343827       0.2255599       1.5403543       2.4292051                           
    26:alpha g1 a16.101 t17  3.3351299       0.3219523       2.7614178       4.0280364                           
    27:alpha g1 a16.301 t17  2.2283681       0.2240052       1.8307704       2.7123140                           
    28:alpha g1 a16.501 t17  2.8079736       0.2735535       2.3209350       3.3972153                           
    29:alpha g1 a16.701 t17  2.0875445       0.2330970       1.6783495       2.5965046                           
    30:alpha g1 a16.901 t17  2.7741556       0.2703027       2.2929123       3.3564038                           
    31:sigma g1 a0 t1        0.4542673       0.0637123       0.3455466       0.5971951                           
    32:sigma g1 a0.2 t1.2    0.3774790       0.0711899       0.2616735       0.5445350                           
    33:sigma g1 a0.4 t1.4    0.3803273       0.0706200       0.2651179       0.5456020                           
    34:sigma g1 a0.6 t1.6    0.4528561       0.0636414       0.3442867       0.5956625                           
    35:sigma g1 a0.8 t1.8    0.4470162       0.0634504       0.3389235       0.5895828                           
    36:sigma g1 a2.8 t3.8    0.4258451       0.0640572       0.3176318       0.5709253                           
    37:sigma g1 a3 t4        0.3791582       0.0708524       0.2637050       0.5451581                           
    38:sigma g1 a3.2 t4.2    0.3904286       0.0687122       0.2772525       0.5498040                           
    39:sigma g1 a3.4 t4.4    0.3550263       0.0760272       0.2344315       0.5376568                           
    40:sigma g1 a3.6 t4.6    0.4430656       0.0634129       0.3351631       0.5857062                           
    41:sigma g1 a6.1 t7.1    0.3688749       0.0729806       0.2512365       0.5415961                           
    42:sigma g1 a6.3 t7.3    0.3733740       0.0720322       0.2566984       0.5430814                           
    43:sigma g1 a6.5 t7.5    0.4240403       0.0641954       0.3156972       0.5695651                           
    44:sigma g1 a6.7 t7.7    0.3898904       0.0688089       0.2766099       0.5495627                           
    45:sigma g1 a6.9 t7.9    0.4071265       0.0660523       0.2968409       0.5583866                           
    46:sigma g1 a9.567 t10.  0.4747804       0.0658688       0.3622107       0.6223349                           
    47:sigma g1 a9.767 t10.  0.4635509       0.0644251       0.3534754       0.6079050                           
    48:sigma g1 a9.967 t10.  0.3984875       0.0673411       0.2867989       0.5536713                           
    49:sigma g1 a10.167 t11  0.5216481       0.0785502       0.3889720       0.6995791                           
    50:sigma g1 a10.367 t11  0.4435030       0.0634135       0.3355846       0.5861262                           
    51:sigma g1 a12.134 t13  0.3937027       0.0681373       0.2811484       0.5513168                           
    52:sigma g1 a12.334 t13  0.4856865       0.0678829       0.3697932       0.6379008                           
    53:sigma g1 a12.534 t13  0.5946707       0.1147779       0.4087731       0.8651088                           
    54:sigma g1 a12.734 t13  0.5436830       0.0877423       0.3970581       0.7444532                           
    55:sigma g1 a12.934 t13  0.5613662       0.0963093       0.4020381       0.7838361                           
    56:sigma g1 a16.101 t17  0.4640307       0.0644737       0.3538679       0.6084883                           
    57:sigma g1 a16.301 t17  0.5480475       0.0897657       0.3983984       0.7539089                           

  Program  MARK  - Survival Rate Estimation with Capture-Recapture Data
   gfortran(Win64) Vers. 8.1 Mar 2016    5-Aug-2016 15:56:21    Page  019
 - - - - - - - - - - - - - - - - - - - - - - - - - - - - - - - - - - - - - -
 
    58:sigma g1 a16.501 t17  0.5176856       0.0770946       0.3872540       0.6920481                           
    59:sigma g1 a16.701 t17  0.5187615       0.0774835       0.3877292       0.6940759                           
    60:sigma g1 a16.901 t17  0.6787931       0.1711326       0.4172842       1.1041879                           
    61:U g1 a0 t1            12.513092       1.7272578       9.5591650       16.379826                           
    62:U g1 a2.8 t3.8        18.286489       1.9680621       14.817765       22.567215                           
    63:U g1 a6.1 t7.1        20.247840       1.6603278       17.246287       23.771786                           
    64:U g1 a9.567 t10.567   31.097891       2.3299556       26.856178       36.009549                           
    65:U g1 a12.134 t13.134  18.566878       1.6879129       15.542254       22.180114                           
    66:U g1 a16.101 t17.101  25.063921       2.4037816       20.777770       30.234243                           
    67:Phi g1 c1 a0.8 t1.8   0.9236737       0.0367311       0.8133875       0.9710978                           
    68:Phi g1 c1 a3.6 t4.6   0.9236737       0.0367311       0.8133875       0.9710978                           
    69:Phi g1 c1 a6.9 t7.9   0.8912285       0.0440947       0.7706202       0.9523426                           
    70:Phi g1 c1 a10.367 t1  0.8472717       0.0570267       0.7004837       0.9293744                           
    71:Phi g1 c1 a12.934 t1  0.9236737       0.0367311       0.8133875       0.9710978                           
    72:Gamma'' g1 c1 a0.8 t  0.7242021E-007  0.3259614E-003  0.7140399E-311  1.0000000                           
    73:Gamma'' g1 c1 a3.6 t  0.3793506E-009  0.1475118E-005  -.2890852E-005  0.2891611E-005                      
    74:Gamma'' g1 c1 a6.9 t  0.3791015E-009  0.1474109E-005  -.2888874E-005  0.2889632E-005                      
    75:Gamma'' g1 c1 a10.36  0.2000594       0.1789257       0.0271917       0.6911345                           
    76:Gamma'' g1 c1 a12.93  0.3791069E-009  0.1474131E-005  -.2888917E-005  0.2889675E-005                      
    77:Gamma' g1 c1 a0.8 t1  1.0000000       0.0000000       1.0000000       1.0000000                           
    78:Gamma' g1 c1 a3.6 t4  1.0000000       0.0000000       1.0000000       1.0000000                           
    79:Gamma' g1 c1 a6.9 t7  1.0000000       0.0000000       1.0000000       1.0000000                           
    80:Gamma' g1 c1 a10.367  1.0000000       0.0000000       1.0000000       1.0000000                           
    81:Gamma' g1 c1 a12.934  1.0000000       0.0000000       1.0000000       1.0000000                           
    82:Phi g1 c1 a0 t1       1.0000000       0.0000000       1.0000000       1.0000000       Fixed               
    83:Gamma'' g1 c1 a0 t1   0.0000000       0.0000000       0.0000000       0.0000000       Fixed               

  Program  MARK  - Survival Rate Estimation with Capture-Recapture Data
   gfortran(Win64) Vers. 8.1 Mar 2016    5-Aug-2016 15:56:21    Page  020
 - - - - - - - - - - - - - - - - - - - - - - - - - - - - - - - - - - - - - -
 


                      Estimates of Derived Parameters
 Population Estimates of { alpha(~1 + captive + sex + effort.trapdays + recordloss.agout.total)sigma(~1 + recordloss.agout.var)U(~sample_month)Phi(~1 + age.t)Gamma''(~1 + sample_month)Gam }
                                                95% Confidence Interval
 Grp. Occ.   N-hat           Standard Error      Lower           Upper
 ---- ----   --------------  --------------  --------------  --------------
   1     1   15.513092       1.7272587       12.479981       19.283364     
   1     2   15.513092       1.7272587       12.479981       19.283364     
   1     3   15.513092       1.7272587       12.479981       19.283364     
   1     4   14.665668       1.7580630       11.604462       18.534406     
   1     5   15.513092       1.7272587       12.479981       19.283364     
   1     6   23.286489       1.9680628       19.737456       27.473681     
   1     7   23.286489       1.9680628       19.737456       27.473681     
   1     8   23.286489       1.9680628       19.737456       27.473681     
   1     9   20.402268       1.9945748       16.852301       24.700041     
   1    10   23.286489       1.9680628       19.737456       27.473681     
   1    11   25.459321       1.6905640       22.355582       28.993968     
   1    12   24.444856       1.6900313       21.350471       27.987719     
   1    13   24.600733       1.7033246       21.482324       28.171815     
   1    14   24.399651       1.6878128       21.309442       27.937990     
   1    15   24.477293       1.6945020       21.375002       28.029840     
   1    16   38.922012       2.4420602       34.422335       44.009886     
   1    17   38.696079       2.4038917       34.264015       43.701432     
   1    18   38.865329       2.4402992       34.369102       43.949760     
   1    19   39.248091       2.4622575       34.711169       44.378011     
   1    20   37.101443       2.4659919       32.574365       42.257678     
   1    21   22.780621       1.7241510       19.644147       26.417879     
   1    22   24.117320       1.7536680       20.917760       27.806281     
   1    23   24.247199       1.7675922       21.022824       27.966112     
   1    24   22.026911       1.7414070       18.869601       25.712509     
   1    25   23.422590       1.7864491       20.174668       27.193394     
   1    26   30.355009       2.4526657       25.915787       35.554643     
   1    27   30.825413       2.5011663       26.299933       36.129603     
   1    28   30.530959       2.4759385       26.050930       35.781427     
   1    29   29.781705       2.5015117       25.268373       35.101191     
   1    30   30.655454       2.4825423       26.162970       35.919351     
 Mean Resighting Rate Estimates of { alpha(~1 + captive + sex + effort.trapdays + recordloss.agout.total)sigma(~1 + recordloss.agout.var)U(~sample_month)Phi(~1 + age.t)Gamma''(~1 + sample_month)Gam }
                                                95% Confidence Interval
 Grp. Occ.   Lambda-hat      Standard Error      Lower           Upper
 ---- ----   --------------  --------------  --------------  --------------
   1     1   2.3107701       0.3178018       1.7669987       3.0218802     
   1     2   2.6867629       0.3389860       2.1001772       3.4371838     
   1     3   3.3136884       0.3297473       2.7278159       4.0253929     
   1     4   2.6563164       0.2562949       2.1995824       3.2078894     
   1     5   2.5850796       0.2691637       2.1090278       3.1685863     
   1     6   3.7204896       0.3383836       3.1141542       4.4448803     
   1     7   3.4715080       0.3021869       2.9279351       4.1159956     
   1     8   2.6100330       0.2335771       2.1908908       3.1093619     
   1     9   3.4228679       0.3445065       2.8114619       4.1672358     

  Program  MARK  - Survival Rate Estimation with Capture-Recapture Data
   gfortran(Win64) Vers. 8.1 Mar 2016    5-Aug-2016 15:56:21    Page  021
 - - - - - - - - - - - - - - - - - - - - - - - - - - - - - - - - - - - - - -
 
   1    10   3.4351565       0.2979609       2.8990211       4.0704430     
   1    11   3.9629394       0.2828157       3.4462545       4.5570891     
   1    12   3.5592055       0.2281087       3.1394577       4.0350738     
   1    13   3.2083711       0.2067726       2.8280191       3.6398783     
   1    14   4.6864523       0.3389221       4.0678491       5.3991274     
   1    15   4.4028870       0.2538991       3.9327066       4.9292805     
   1    16   3.6361931       0.1920658       3.2788118       4.0325281     
   1    17   4.2082372       0.2195502       3.7994530       4.6610027     
   1    18   3.7866746       0.2021408       3.4107550       4.2040266     
   1    19   3.2771286       0.1868500       2.9308901       3.6642698     
   1    20   2.9653317       0.1967274       2.6041347       3.3766273     
   1    21   5.1595401       0.3622703       4.4969429       5.9197671     
   1    22   3.3579148       0.2132423       2.9652960       3.8025183     
   1    23   3.2495941       0.2496173       2.7960124       3.7767580     
   1    24   3.0673324       0.2352002       2.6398908       3.5639840     
   1    25   3.9081252       0.2713460       3.4114455       4.4771176     
   1    26   4.0895981       0.3231886       3.5036134       4.7735897     
   1    27   2.5894553       0.2058681       2.2163641       3.0253508     
   1    28   3.7541395       0.2710973       3.2592783       4.3241362     
   1    29   3.0216361       0.2401171       2.5864604       3.5300308     
   1    30   4.0239943       0.3996585       3.3137735       4.8864323     
 Pr(Captured 1 or more times) of { alpha(~1 + captive + sex + effort.trapdays + recordloss.agout.total)sigma(~1 + recordloss.agout.var)U(~sample_month)Phi(~1 + age.t)Gamma''(~1 + sample_month)Gam }
                                                95% Confidence Interval
 Grp. Occ.      p*-hat       Standard Error      Lower           Upper
 ---- ----   --------------  --------------  --------------  --------------
   1     1   0.2961026       0.0101948       0.2765187       0.3164669     
   1     2   0.3095819       0.0077962       0.2945129       0.3250666     
   1     3   0.3188799       0.0049788       0.3092019       0.3287166     
   1     4   0.4645596       0.0105078       0.4440362       0.4852038     
   1     5   0.3036123       0.0074717       0.2891699       0.3184529     
   1     6   0.1912816       0.0027007       0.1860440       0.1966310     
   1     7   0.1909236       0.0028530       0.1853941       0.1965782     
   1     8   0.1821012       0.0041692       0.1740716       0.1904158     
   1     9   0.4726392       0.0093675       0.4543242       0.4910282     
   1    10   0.1889160       0.0030030       0.1831003       0.1948723     
   1    11   0.1943450       0.0018509       0.1907430       0.1979984     
   1    12   0.2406132       0.0026724       0.2354142       0.2458900     
   1    13   0.2366566       0.0032840       0.2302804       0.2431536     
   1    14   0.2453626       0.0016711       0.2421019       0.2486528     
   1    15   0.2443448       0.0016923       0.2410432       0.2476769     
   1    16   0.1337398       0.0020074       0.1298539       0.1377235     
   1    17   0.1379272       0.0012615       0.1354733       0.1404184     
   1    18   0.1358019       0.0017785       0.1323536       0.1393255     
   1    19   0.1308831       0.0025169       0.1260285       0.1358957     
   1    20   0.1784353       0.0046787       0.1694487       0.1877908     
   1    21   0.2466332       0.0012554       0.2441808       0.2491021     
   1    22   0.1855796       0.0033271       0.1791467       0.1921893     
   1    23   0.1822055       0.0048153       0.1729568       0.1918342     
   1    24   0.3063195       0.0071363       0.2925133       0.3204821     
   1    25   0.2385681       0.0037219       0.2313499       0.2459394     

  Program  MARK  - Survival Rate Estimation with Capture-Recapture Data
   gfortran(Win64) Vers. 8.1 Mar 2016    5-Aug-2016 15:56:21    Page  022
 - - - - - - - - - - - - - - - - - - - - - - - - - - - - - - - - - - - - - -
 
   1    26   0.1921995       0.0024268       0.1874878       0.1970008     
   1    27   0.1735662       0.0057785       0.1625304       0.1851855     
   1    28   0.1894538       0.0030384       0.1835702       0.1954808     
   1    29   0.2280624       0.0056062       0.2172610       0.2392366     
   1    30   0.1863284       0.0047660       0.1771669       0.1958507     

 Attempted ordering of parameters by estimatibility:
   1  8 11 10 13 12  2  6  9  3  4 14  5 16 15  7 17 20 18 19 21 22 23 24 25

 Beta number 25 is a singular value.

     CPU Time in seconds for last procedure was 16.95


  INPUT --- proc stop;

   * *  WARNING  * *   Numerical underflow occurred during final processing of this model. 
     IEEE flag status at final processing of this model:
     overflow       F
     divide by zero F
     invalid        F
     underflow      T
     inexact        T


     CPU Time in minutes for this job was 0.28

     Time Start = 15:56:09.581   Time End = 15:56:21.642

     Wall Clock Time in minutes for this job was 0.20


          E X E C U T I O N   S U C C E S S F U L 
