
   Program  MARK  - Survival Rate Estimation with Capture-Recapture Data
   gfortran(Win64) Vers. 8.1 Mar 2016    5-Aug-2016 15:50:20    Page  001
 - - - - - - - - - - - - - - - - - - - - - - - - - - - - - - - - - - - - - -
 
   This version was compiled by GCC version 5.3.0 using the options: 
     -cpp -iprefix c:\tdm-gcc-64\gcc\bin\../lib/gcc/x86_64-w64-mingw32/5.3.0/ -D_MT
     -U_REENTRANT -D IEEE -m64 -mtune=generic -march=x86-64 -mthreads -O2
     -fimplicit-none -fbounds-check -funroll-loops -ftree-vectorize
     -ffpe-summary=invalid,zero,overflow,underflow -fno-unsafe-math-optimizations
     -frounding-math -fsignaling-nans -fopenmp.

   This problem will use 3 of 4 possible threads.


  INPUT --- proc title ;

     CPU Time in seconds for last procedure was 0.00


  INPUT --- proc chmatrix occasions= 30 groups= 1 etype= PoissonMR 
  INPUT --- icovar = 2 ICMeans NoHist  hist= 14 ;

  INPUT ---    time interval 0.2 0.2 0.2 0.2 2 0.2 0.2 0.2 0.2 2.5 0.2 0.2 
  INPUT ---    0.2 0.2 2.667 0.2 0.2 0.2  0.2 1.767 0.2 0.2 0.2 0.2 3.167 
  INPUT ---    0.2 0.2 0.2 0.2 ;

  INPUT ---     icovariates captive sex ;

  INPUT ---    glabel(1)=Group 1;

      Number of unique encounter histories read was 14.

      Number of individual covariates read was 2.
      Time interval lengths vary and/or not equal to 1.

      Data type number is 115
      Data type is Poisson Mark Resight with Robust Design                                                             

     CPU Time in seconds for last procedure was 0.00

  Program  MARK  - Survival Rate Estimation with Capture-Recapture Data
   gfortran(Win64) Vers. 8.1 Mar 2016    5-Aug-2016 15:50:20    Page  002
 - - - - - - - - - - - - - - - - - - - - - - - - - - - - - - - - - - - - - -
 


  INPUT --- proc estimate link=Parm-Specific NOLOOP varest=2ndPart    ;


  INPUT --- model={ alpha(~1 + captive + sex + effort.trapdays + 
  INPUT --- recordloss.agout.total)sigma(~1)U(~sample_month)Phi(~1 + 
  INPUT --- captive + sample_month + sex)Gamma''(~1)Gamma'(~1) };

  INPUT ---    fixed=2;
  INPUT ---        parm(45)=1 ;
  INPUT ---        parm(46)=0 ;

  INPUT ---    group=1 alpha    rows=1 cols=30 Square ;
  INPUT ---        1 2 3 4 5 6 7 8 9 10 11 12 13 14 15 16 17 18 19 20 21 22 
  INPUT ---       23 24 25 26 27 28 29 30 ;

  INPUT ---    group=1 sigma    rows=1 cols=30 Square ;
  INPUT ---        31 31 31 31 31 31 31 31 31 31 31 31 31 31 31 31 31 31 31 
  INPUT ---       31 31 31 31 31 31 31 31 31 31 31 ;

  INPUT ---    group=1 U    rows=1 cols=30 Square ;
  INPUT ---        32 32 32 32 32 33 33 33 33 33 34 34 34 34 34 35 35 35 35 
  INPUT ---       35 36 36 36 36 36 37 37 37 37 37 ;

  INPUT ---    group=1 Phi    rows=29 cols=29 Triang ;
  INPUT ---        45 45 45 45 38 45 45 45 45 39 45 45 45 45 40 45 45 45 45 
  INPUT ---       41 45 45 45 45 42 45 45 45 45 ;
  INPUT ---        45 45 45 45 45 45 45 45 45 45 45 45 45 45 45 45 45 45 45 
  INPUT ---       45 45 45 45 45 45 45 45 45 ;
  INPUT ---        45 45 45 45 45 45 45 45 45 45 45 45 45 45 45 45 45 45 45 
  INPUT ---       45 45 45 45 45 45 45 45 ;
  INPUT ---        45 45 45 45 45 45 45 45 45 45 45 45 45 45 45 45 45 45 45 
  INPUT ---       45 45 45 45 45 45 45 ;
  INPUT ---        45 45 45 45 45 45 45 45 45 45 45 45 45 45 45 45 45 45 45 
  INPUT ---       45 45 45 45 45 45 ;
  INPUT ---        45 45 45 45 39 45 45 45 45 40 45 45 45 45 41 45 45 45 45 
  INPUT ---       42 45 45 45 45 ;
  INPUT ---        45 45 45 45 45 45 45 45 45 45 45 45 45 45 45 45 45 45 45 
  INPUT ---       45 45 45 45 ;
  INPUT ---        45 45 45 45 45 45 45 45 45 45 45 45 45 45 45 45 45 45 45 
  INPUT ---       45 45 45 ;
  INPUT ---        45 45 45 45 45 45 45 45 45 45 45 45 45 45 45 45 45 45 45 
  INPUT ---       45 45 ;
  INPUT ---        45 45 45 45 45 45 45 45 45 45 45 45 45 45 45 45 45 45 45 
  INPUT ---       45 ;

  Program  MARK  - Survival Rate Estimation with Capture-Recapture Data
   gfortran(Win64) Vers. 8.1 Mar 2016    5-Aug-2016 15:50:20    Page  003
 - - - - - - - - - - - - - - - - - - - - - - - - - - - - - - - - - - - - - -
 
  INPUT ---        45 45 45 45 40 45 45 45 45 41 45 45 45 45 42 45 45 45 45 ;
  INPUT ---        45 45 45 45 45 45 45 45 45 45 45 45 45 45 45 45 45 45 ;
  INPUT ---        45 45 45 45 45 45 45 45 45 45 45 45 45 45 45 45 45 ;
  INPUT ---        45 45 45 45 45 45 45 45 45 45 45 45 45 45 45 45 ;
  INPUT ---        45 45 45 45 45 45 45 45 45 45 45 45 45 45 45 ;
  INPUT ---        45 45 45 45 41 45 45 45 45 42 45 45 45 45 ;
  INPUT ---        45 45 45 45 45 45 45 45 45 45 45 45 45 ;
  INPUT ---        45 45 45 45 45 45 45 45 45 45 45 45 ;
  INPUT ---        45 45 45 45 45 45 45 45 45 45 45 ;
  INPUT ---        45 45 45 45 45 45 45 45 45 45 ;
  INPUT ---        45 45 45 45 42 45 45 45 45 ;
  INPUT ---        45 45 45 45 45 45 45 45 ;
  INPUT ---        45 45 45 45 45 45 45 ;
  INPUT ---        45 45 45 45 45 45 ;
  INPUT ---        45 45 45 45 45 ;
  INPUT ---        45 45 45 45 ;
  INPUT ---        45 45 45 ;
  INPUT ---        45 45 ;
  INPUT ---        45 ;

  INPUT ---    group=1 Gamma''    rows=29 cols=29 Triang ;
  INPUT ---        46 46 46 46 43 46 46 46 46 43 46 46 46 46 43 46 46 46 46 
  INPUT ---       43 46 46 46 46 43 46 46 46 46 ;
  INPUT ---        46 46 46 46 46 46 46 46 46 46 46 46 46 46 46 46 46 46 46 
  INPUT ---       46 46 46 46 46 46 46 46 46 ;
  INPUT ---        46 46 46 46 46 46 46 46 46 46 46 46 46 46 46 46 46 46 46 
  INPUT ---       46 46 46 46 46 46 46 46 ;
  INPUT ---        46 46 46 46 46 46 46 46 46 46 46 46 46 46 46 46 46 46 46 
  INPUT ---       46 46 46 46 46 46 46 ;
  INPUT ---        46 46 46 46 46 46 46 46 46 46 46 46 46 46 46 46 46 46 46 
  INPUT ---       46 46 46 46 46 46 ;
  INPUT ---        46 46 46 46 43 46 46 46 46 43 46 46 46 46 43 46 46 46 46 
  INPUT ---       43 46 46 46 46 ;
  INPUT ---        46 46 46 46 46 46 46 46 46 46 46 46 46 46 46 46 46 46 46 
  INPUT ---       46 46 46 46 ;
  INPUT ---        46 46 46 46 46 46 46 46 46 46 46 46 46 46 46 46 46 46 46 
  INPUT ---       46 46 46 ;
  INPUT ---        46 46 46 46 46 46 46 46 46 46 46 46 46 46 46 46 46 46 46 
  INPUT ---       46 46 ;
  INPUT ---        46 46 46 46 46 46 46 46 46 46 46 46 46 46 46 46 46 46 46 
  INPUT ---       46 ;
  INPUT ---        46 46 46 46 43 46 46 46 46 43 46 46 46 46 43 46 46 46 46 ;
  INPUT ---        46 46 46 46 46 46 46 46 46 46 46 46 46 46 46 46 46 46 ;
  INPUT ---        46 46 46 46 46 46 46 46 46 46 46 46 46 46 46 46 46 ;
  INPUT ---        46 46 46 46 46 46 46 46 46 46 46 46 46 46 46 46 ;
  INPUT ---        46 46 46 46 46 46 46 46 46 46 46 46 46 46 46 ;

  Program  MARK  - Survival Rate Estimation with Capture-Recapture Data
   gfortran(Win64) Vers. 8.1 Mar 2016    5-Aug-2016 15:50:20    Page  004
 - - - - - - - - - - - - - - - - - - - - - - - - - - - - - - - - - - - - - -
 
  INPUT ---        46 46 46 46 43 46 46 46 46 43 46 46 46 46 ;
  INPUT ---        46 46 46 46 46 46 46 46 46 46 46 46 46 ;
  INPUT ---        46 46 46 46 46 46 46 46 46 46 46 46 ;
  INPUT ---        46 46 46 46 46 46 46 46 46 46 46 ;
  INPUT ---        46 46 46 46 46 46 46 46 46 46 ;
  INPUT ---        46 46 46 46 43 46 46 46 46 ;
  INPUT ---        46 46 46 46 46 46 46 46 ;
  INPUT ---        46 46 46 46 46 46 46 ;
  INPUT ---        46 46 46 46 46 46 ;
  INPUT ---        46 46 46 46 46 ;
  INPUT ---        46 46 46 46 ;
  INPUT ---        46 46 46 ;
  INPUT ---        46 46 ;
  INPUT ---        46 ;

  INPUT ---    group=1 Gamma'    rows=28 cols=28 Triang ;
  INPUT ---        46 46 46 44 46 46 46 46 44 46 46 46 46 44 46 46 46 46 44 
  INPUT ---       46 46 46 46 44 46 46 46 46 ;
  INPUT ---        46 46 46 46 46 46 46 46 46 46 46 46 46 46 46 46 46 46 46 
  INPUT ---       46 46 46 46 46 46 46 46 ;
  INPUT ---        46 46 46 46 46 46 46 46 46 46 46 46 46 46 46 46 46 46 46 
  INPUT ---       46 46 46 46 46 46 46 ;
  INPUT ---        46 46 46 46 46 46 46 46 46 46 46 46 46 46 46 46 46 46 46 
  INPUT ---       46 46 46 46 46 46 ;
  INPUT ---        46 46 46 46 46 46 46 46 46 46 46 46 46 46 46 46 46 46 46 
  INPUT ---       46 46 46 46 46 ;
  INPUT ---        46 46 46 44 46 46 46 46 44 46 46 46 46 44 46 46 46 46 44 
  INPUT ---       46 46 46 46 ;
  INPUT ---        46 46 46 46 46 46 46 46 46 46 46 46 46 46 46 46 46 46 46 
  INPUT ---       46 46 46 ;
  INPUT ---        46 46 46 46 46 46 46 46 46 46 46 46 46 46 46 46 46 46 46 
  INPUT ---       46 46 ;
  INPUT ---        46 46 46 46 46 46 46 46 46 46 46 46 46 46 46 46 46 46 46 
  INPUT ---       46 ;
  INPUT ---        46 46 46 46 46 46 46 46 46 46 46 46 46 46 46 46 46 46 46 ;
  INPUT ---        46 46 46 44 46 46 46 46 44 46 46 46 46 44 46 46 46 46 ;
  INPUT ---        46 46 46 46 46 46 46 46 46 46 46 46 46 46 46 46 46 ;
  INPUT ---        46 46 46 46 46 46 46 46 46 46 46 46 46 46 46 46 ;
  INPUT ---        46 46 46 46 46 46 46 46 46 46 46 46 46 46 46 ;
  INPUT ---        46 46 46 46 46 46 46 46 46 46 46 46 46 46 ;
  INPUT ---        46 46 46 44 46 46 46 46 44 46 46 46 46 ;
  INPUT ---        46 46 46 46 46 46 46 46 46 46 46 46 ;
  INPUT ---        46 46 46 46 46 46 46 46 46 46 46 ;
  INPUT ---        46 46 46 46 46 46 46 46 46 46 ;
  INPUT ---        46 46 46 46 46 46 46 46 46 ;
  INPUT ---        46 46 46 44 46 46 46 46 ;

  Program  MARK  - Survival Rate Estimation with Capture-Recapture Data
   gfortran(Win64) Vers. 8.1 Mar 2016    5-Aug-2016 15:50:20    Page  005
 - - - - - - - - - - - - - - - - - - - - - - - - - - - - - - - - - - - - - -
 
  INPUT ---        46 46 46 46 46 46 46 ;
  INPUT ---        46 46 46 46 46 46 ;
  INPUT ---        46 46 46 46 46 ;
  INPUT ---        46 46 46 46 ;
  INPUT ---        46 46 46 ;
  INPUT ---        46 46 ;
  INPUT ---        46 ;

  INPUT ---    initial  0.8492118 0 0 0 0 -0.3123225 3.139572 0 0 0 0 0 
  INPUT ---    2.0066797 0 0 0 0 0 0 -2.9445172 17.724958  ;

  INPUT ---    design matrix constraints=46 covariates=21;
  INPUT ---        1 captive sex 96 0.186046511627907 0 0 0 0 0 0 0 0 0 0 0 0 
  INPUT ---       0 0 0 0;
  INPUT ---        1 captive sex 96 0.127659574468085 0 0 0 0 0 0 0 0 0 0 0 0 
  INPUT ---       0 0 0 0;
  INPUT ---        1 captive sex 114 0.08 0 0 0 0 0 0 0 0 0 0 0 0 0 0 0 0;
  INPUT ---        1 captive sex 120 0.166666666666667 0 0 0 0 0 0 0 0 0 0 0 
  INPUT ---       0 0 0 0 0;
  INPUT ---        1 captive sex 115 0.169230769230769 0 0 0 0 0 0 0 0 0 0 0 
  INPUT ---       0 0 0 0 0;
  INPUT ---        1 captive sex 126 0.0615384615384615 0 0 0 0 0 0 0 0 0 0 0 
  INPUT ---       0 0 0 0 0;
  INPUT ---        1 captive sex 126 0.0776699029126214 0 0 0 0 0 0 0 0 0 0 0 
  INPUT ---       0 0 0 0 0;
  INPUT ---        1 captive sex 126 0.170212765957447 0 0 0 0 0 0 0 0 0 0 0 
  INPUT ---       0 0 0 0 0;
  INPUT ---        1 captive sex 114 0.0666666666666667 0 0 0 0 0 0 0 0 0 0 0 
  INPUT ---       0 0 0 0 0;
  INPUT ---        1 captive sex 126 0.0894308943089431 0 0 0 0 0 0 0 0 0 0 0 
  INPUT ---       0 0 0 0 0;
  INPUT ---        1 captive sex 139 0.08 0 0 0 0 0 0 0 0 0 0 0 0 0 0 0 0;
  INPUT ---        1 captive sex 168 0.135135135135135 0 0 0 0 0 0 0 0 0 0 0 
  INPUT ---       0 0 0 0 0;
  INPUT ---        1 captive sex 180 0.213740458015267 0 0 0 0 0 0 0 0 0 0 0 
  INPUT ---       0 0 0 0 0;
  INPUT ---        1 captive sex 174 0.0869565217391304 0 0 0 0 0 0 0 0 0 0 0 
  INPUT ---       0 0 0 0 0;
  INPUT ---        1 captive sex 173 0.131428571428571 0 0 0 0 0 0 0 0 0 0 0 
  INPUT ---       0 0 0 0 0;
  INPUT ---        1 captive sex 166 0.167441860465116 0 0 0 0 0 0 0 0 0 0 0 
  INPUT ---       0 0 0 0 0;
  INPUT ---        1 captive sex 172 0.155 0 0 0 0 0 0 0 0 0 0 0 0 0 0 0 0;
  INPUT ---        1 captive sex 166 0.168831168831169 0 0 0 0 0 0 0 0 0 0 0 
  INPUT ---       0 0 0 0 0;
  INPUT ---        1 captive sex 171 0.231182795698925 0 0 0 0 0 0 0 0 0 0 0 

  Program  MARK  - Survival Rate Estimation with Capture-Recapture Data
   gfortran(Win64) Vers. 8.1 Mar 2016    5-Aug-2016 15:50:20    Page  006
 - - - - - - - - - - - - - - - - - - - - - - - - - - - - - - - - - - - - - -
 
  INPUT ---       0 0 0 0 0;
  INPUT ---        1 captive sex 151 0.224489795918367 0 0 0 0 0 0 0 0 0 0 0 
  INPUT ---       0 0 0 0 0;
  INPUT ---        1 captive sex 192 0.125827814569536 0 0 0 0 0 0 0 0 0 0 0 
  INPUT ---       0 0 0 0 0;
  INPUT ---        1 captive sex 185 0.201612903225806 0 0 0 0 0 0 0 0 0 0 0 
  INPUT ---       0 0 0 0 0;
  INPUT ---        1 captive sex 198 0.244604316546763 0 0 0 0 0 0 0 0 0 0 0 
  INPUT ---       0 0 0 0 0;
  INPUT ---        1 captive sex 198 0.282828282828283 0 0 0 0 0 0 0 0 0 0 0 
  INPUT ---       0 0 0 0 0;
  INPUT ---        1 captive sex 195 0.314516129032258 0 0 0 0 0 0 0 0 0 0 0 
  INPUT ---       0 0 0 0 0;
  INPUT ---        1 captive sex 192 0.137254901960784 0 0 0 0 0 0 0 0 0 0 0 
  INPUT ---       0 0 0 0 0;
  INPUT ---        1 captive sex 192 0.266129032258065 0 0 0 0 0 0 0 0 0 0 0 
  INPUT ---       0 0 0 0 0;
  INPUT ---        1 captive sex 198 0.198581560283688 0 0 0 0 0 0 0 0 0 0 0 
  INPUT ---       0 0 0 0 0;
  INPUT ---        1 captive sex 198 0.293333333333333 0 0 0 0 0 0 0 0 0 0 0 
  INPUT ---       0 0 0 0 0;
  INPUT ---        1 captive sex 198 0.202453987730061 0 0 0 0 0 0 0 0 0 0 0 
  INPUT ---       0 0 0 0 0;
  INPUT ---        0 0 0 0 0 1 0 0 0 0 0 0 0 0 0 0 0 0 0 0 0;
  INPUT ---        0 0 0 0 0 0 1 0 0 0 0 0 0 0 0 0 0 0 0 0 0;
  INPUT ---        0 0 0 0 0 0 1 1 0 0 0 0 0 0 0 0 0 0 0 0 0;
  INPUT ---        0 0 0 0 0 0 1 0 1 0 0 0 0 0 0 0 0 0 0 0 0;
  INPUT ---        0 0 0 0 0 0 1 0 0 1 0 0 0 0 0 0 0 0 0 0 0;
  INPUT ---        0 0 0 0 0 0 1 0 0 0 1 0 0 0 0 0 0 0 0 0 0;
  INPUT ---        0 0 0 0 0 0 1 0 0 0 0 1 0 0 0 0 0 0 0 0 0;
  INPUT ---        0 0 0 0 0 0 0 0 0 0 0 0 1 captive 0 0 0 0 sex 0 0;
  INPUT ---        0 0 0 0 0 0 0 0 0 0 0 0 1 captive 1 0 0 0 sex 0 0;
  INPUT ---        0 0 0 0 0 0 0 0 0 0 0 0 1 captive 0 1 0 0 sex 0 0;
  INPUT ---        0 0 0 0 0 0 0 0 0 0 0 0 1 captive 0 0 1 0 sex 0 0;
  INPUT ---        0 0 0 0 0 0 0 0 0 0 0 0 1 captive 0 0 0 1 sex 0 0;
  INPUT ---        0 0 0 0 0 0 0 0 0 0 0 0 0 0 0 0 0 0 0 1 0;
  INPUT ---        0 0 0 0 0 0 0 0 0 0 0 0 0 0 0 0 0 0 0 0 1;
  INPUT ---        0 0 0 0 0 0 0 0 0 0 0 0 0 0 0 0 0 0 0 0 0;
  INPUT ---        0 0 0 0 0 0 0 0 0 0 0 0 0 0 0 0 0 0 0 0 0;

  INPUT ---    links=46;

  INPUT ---    Log;

  INPUT ---    Log;


  Program  MARK  - Survival Rate Estimation with Capture-Recapture Data
   gfortran(Win64) Vers. 8.1 Mar 2016    5-Aug-2016 15:50:20    Page  007
 - - - - - - - - - - - - - - - - - - - - - - - - - - - - - - - - - - - - - -
 
  INPUT ---    Log;

  INPUT ---    Log;

  INPUT ---    Log;

  INPUT ---    Log;

  INPUT ---    Log;

  INPUT ---    Log;

  INPUT ---    Log;

  INPUT ---    Log;

  INPUT ---    Log;

  INPUT ---    Log;

  INPUT ---    Log;

  INPUT ---    Log;

  INPUT ---    Log;

  INPUT ---    Log;

  INPUT ---    Log;

  INPUT ---    Log;

  INPUT ---    Log;

  INPUT ---    Log;

  INPUT ---    Log;

  INPUT ---    Log;

  INPUT ---    Log;

  INPUT ---    Log;

  INPUT ---    Log;


  Program  MARK  - Survival Rate Estimation with Capture-Recapture Data
   gfortran(Win64) Vers. 8.1 Mar 2016    5-Aug-2016 15:50:20    Page  008
 - - - - - - - - - - - - - - - - - - - - - - - - - - - - - - - - - - - - - -
 
  INPUT ---    Log;

  INPUT ---    Log;

  INPUT ---    Log;

  INPUT ---    Log;

  INPUT ---    Log;

  INPUT ---    Log;

  INPUT ---    Log;

  INPUT ---    Log;

  INPUT ---    Log;

  INPUT ---    Log;

  INPUT ---    Log;

  INPUT ---    Log;

  INPUT ---    Logit;

  INPUT ---    Logit;

  INPUT ---    Logit;

  INPUT ---    Logit;

  INPUT ---    Logit;

  INPUT ---    Logit;

  INPUT ---    Logit;

  INPUT ---    Logit;

  INPUT ---    Logit;
  INPUT ---       blabel(1)=alpha:(Intercept);
  INPUT ---       blabel(2)=alpha:captive;
  INPUT ---       blabel(3)=alpha:sex;
  INPUT ---       blabel(4)=alpha:effort.trapdays;
  INPUT ---       blabel(5)=alpha:recordloss.agout.total;

  Program  MARK  - Survival Rate Estimation with Capture-Recapture Data
   gfortran(Win64) Vers. 8.1 Mar 2016    5-Aug-2016 15:50:20    Page  009
 - - - - - - - - - - - - - - - - - - - - - - - - - - - - - - - - - - - - - -
 
  INPUT ---       blabel(6)=sigma:(Intercept);
  INPUT ---       blabel(7)=U:(Intercept);
  INPUT ---       blabel(8)=U:sample_monthB;
  INPUT ---       blabel(9)=U:sample_monthC;
  INPUT ---       blabel(10)=U:sample_monthD;
  INPUT ---       blabel(11)=U:sample_monthE;
  INPUT ---       blabel(12)=U:sample_monthF;
  INPUT ---       blabel(13)=Phi:(Intercept);
  INPUT ---       blabel(14)=Phi:captive;
  INPUT ---       blabel(15)=Phi:sample_monthB;
  INPUT ---       blabel(16)=Phi:sample_monthC;
  INPUT ---       blabel(17)=Phi:sample_monthD;
  INPUT ---       blabel(18)=Phi:sample_monthE;
  INPUT ---       blabel(19)=Phi:sex;
  INPUT ---       blabel(20)=GammaDoublePrime:(Intercept);
  INPUT ---       blabel(21)=GammaPrime:(Intercept);
  INPUT ---       rlabel(1)=alpha g1 a0 t1;
  INPUT ---       rlabel(2)=alpha g1 a0.2 t1.2;
  INPUT ---       rlabel(3)=alpha g1 a0.4 t1.4;
  INPUT ---       rlabel(4)=alpha g1 a0.6 t1.6;
  INPUT ---       rlabel(5)=alpha g1 a0.8 t1.8;
  INPUT ---       rlabel(6)=alpha g1 a2.8 t3.8;
  INPUT ---       rlabel(7)=alpha g1 a3 t4;
  INPUT ---       rlabel(8)=alpha g1 a3.2 t4.2;
  INPUT ---       rlabel(9)=alpha g1 a3.4 t4.4;
  INPUT ---       rlabel(10)=alpha g1 a3.6 t4.6;
  INPUT ---       rlabel(11)=alpha g1 a6.1 t7.1;
  INPUT ---       rlabel(12)=alpha g1 a6.3 t7.3;
  INPUT ---       rlabel(13)=alpha g1 a6.5 t7.5;
  INPUT ---       rlabel(14)=alpha g1 a6.7 t7.7;
  INPUT ---       rlabel(15)=alpha g1 a6.9 t7.9;
  INPUT ---       rlabel(16)=alpha g1 a9.567 t10.567;
  INPUT ---       rlabel(17)=alpha g1 a9.767 t10.767;
  INPUT ---       rlabel(18)=alpha g1 a9.967 t10.967;
  INPUT ---       rlabel(19)=alpha g1 a10.167 t11.167;
  INPUT ---       rlabel(20)=alpha g1 a10.367 t11.367;
  INPUT ---       rlabel(21)=alpha g1 a12.134 t13.134;
  INPUT ---       rlabel(22)=alpha g1 a12.334 t13.334;
  INPUT ---       rlabel(23)=alpha g1 a12.534 t13.534;
  INPUT ---       rlabel(24)=alpha g1 a12.734 t13.734;
  INPUT ---       rlabel(25)=alpha g1 a12.934 t13.934;
  INPUT ---       rlabel(26)=alpha g1 a16.101 t17.101;
  INPUT ---       rlabel(27)=alpha g1 a16.301 t17.301;
  INPUT ---       rlabel(28)=alpha g1 a16.501 t17.501;
  INPUT ---       rlabel(29)=alpha g1 a16.701 t17.701;
  INPUT ---       rlabel(30)=alpha g1 a16.901 t17.901;

  Program  MARK  - Survival Rate Estimation with Capture-Recapture Data
   gfortran(Win64) Vers. 8.1 Mar 2016    5-Aug-2016 15:50:20    Page  010
 - - - - - - - - - - - - - - - - - - - - - - - - - - - - - - - - - - - - - -
 
  INPUT ---       rlabel(31)=sigma g1 a0 t1;
  INPUT ---       rlabel(32)=U g1 a0 t1;
  INPUT ---       rlabel(33)=U g1 a2.8 t3.8;
  INPUT ---       rlabel(34)=U g1 a6.1 t7.1;
  INPUT ---       rlabel(35)=U g1 a9.567 t10.567;
  INPUT ---       rlabel(36)=U g1 a12.134 t13.134;
  INPUT ---       rlabel(37)=U g1 a16.101 t17.101;
  INPUT ---       rlabel(38)=Phi g1 c1 a0.8 t1.8;
  INPUT ---       rlabel(39)=Phi g1 c1 a3.6 t4.6;
  INPUT ---       rlabel(40)=Phi g1 c1 a6.9 t7.9;
  INPUT ---       rlabel(41)=Phi g1 c1 a10.367 t11.367;
  INPUT ---       rlabel(42)=Phi g1 c1 a12.934 t13.934;
  INPUT ---       rlabel(43)=Gamma'' g1 c1 a0.8 t1.8;
  INPUT ---       rlabel(44)=Gamma' g1 c1 a0.8 t1.8;
  INPUT ---       rlabel(45)=Phi g1 c1 a0 t1;
  INPUT ---       rlabel(46)=Gamma'' g1 c1 a0 t1;

 Link Function Used is PARM-SPECIFIC

 Variance Estimation Procedure Used is 2ndPart 

 M(t+1):
 Group=Group 1                                                                         
       3      3      3      2      3      5      5      5      2      5      5
       4      4      4      4     10      7      7      7      5      5      5
       5      3      4      5      5      5      4      5


 -2logL(saturated) = -0.0000000    
 Effective Sample Size = 169
 Results from first iteration:
  -2logL Initial { alpha(~1 + captive + sex + effort.trapdays + recordloss.agout.total)sigma(~1)U(~sample_month)Phi(~1 + captive + sample_month + sex)Gamma''(~1)Gamma'(~1) } = 1138.4459     
  Penalty Initial { alpha(~1 + captive + sex + effort.trapdays + recordloss.agout.total)sigma(~1)U(~sample_month)Phi(~1 + captive + sample_month + sex)Gamma''(~1)Gamma'(~1) } = -0.0000000    

 Number of function evaluations was 37 for 21 parameters.
 Time for numerical optimization was 6.03 seconds.
 -2logL { alpha(~1 + captive + sex + effort.trapdays + recordloss.agout.total)sigma(~1)U(~sample_month)Phi(~1 + captive + sample_month + sex)Gamma''(~1)Gamma'(~1) } = 1047.9903     
 Penalty { alpha(~1 + captive + sex + effort.trapdays + recordloss.agout.total)sigma(~1)U(~sample_month)Phi(~1 + captive + sample_month + sex)Gamma''(~1)Gamma'(~1) } = -0.0000000    

   * *  WARNING  * *   Numerical underflow occurred during optimization of this model. 
     IEEE flag status at end of optimization:
     overflow       F
     divide by zero F
     invalid        F
     underflow      T
     inexact        T

 Gradient { alpha(~1 + captive + sex + effort.trapdays + recordloss.agout.total)sigma(~1)U(~sample_month)Phi(~1 + captive + sample_month + sex)Gamma''(~1)Gamma'(~1) }:
  0.4990295E-03-0.3434059E-02-0.2260048E-03-0.5087654E-03-0.8977604E-03
  0.2128470E-02 0.3708656E-02 0.5012167E-04 0.2533967E-02-0.1078873E-02
 -0.8012996E-03 0.2121131E-02 0.5195070E-03 0.5271179E-03 0.1696340E-03
 -0.3721567E-04 0.3889473E-04 0.2330599E-03-0.2243928E-02 0.4035126E-04
   0.000000    

  Program  MARK  - Survival Rate Estimation with Capture-Recapture Data
   gfortran(Win64) Vers. 8.1 Mar 2016    5-Aug-2016 15:50:27    Page  011
 - - - - - - - - - - - - - - - - - - - - - - - - - - - - - - - - - - - - - -
 
 S Vector { alpha(~1 + captive + sex + effort.trapdays + recordloss.agout.total)sigma(~1)U(~sample_month)Phi(~1 + captive + sample_month + sex)Gamma''(~1)Gamma'(~1) }:
   5633.632      393.1119      305.5932      288.0371      254.0564    
   210.8935      126.7315      46.98592      28.96086      11.68578    
   10.58240      4.832558      2.639607      1.871703     0.9536414    
  0.9497633     0.9015416     0.7830071     0.1793752     0.4206450E-05
  0.8106035E-08
 Time to compute number of parameters was 4.17 seconds.
   Threshold =  0.4400000E-06     Condition index =  0.1438865E-11     New Threshold =  0.3714652E-07
 New Guessimate of Estimated Parameters { alpha(~1 + captive + sex + effort.trapdays + recordloss.agout.total)sigma(~1)U(~sample_month)Phi(~1 + captive + sample_month + sex)Gamma''(~1)Gamma'(~1) } = 19          
 Conditioned S Vector { alpha(~1 + captive + sex + effort.trapdays + recordloss.agout.total)sigma(~1)U(~sample_month)Phi(~1 + captive + sample_month + sex)Gamma''(~1)Gamma'(~1) }:
   1.000000     0.6977948E-01 0.5424443E-01 0.5112813E-01 0.4509638E-01
  0.3743473E-01 0.2249552E-01 0.8340253E-02 0.5140708E-02 0.2074289E-02
  0.1878433E-02 0.8578050E-03 0.4685445E-03 0.3322374E-03 0.1692765E-03
  0.1685881E-03 0.1600285E-03 0.1389880E-03 0.3184006E-04 0.7466676E-09
  0.1438865E-11
 Number of Estimated Parameters { alpha(~1 + captive + sex + effort.trapdays + recordloss.agout.total)sigma(~1)U(~sample_month)Phi(~1 + captive + sample_month + sex)Gamma''(~1)Gamma'(~1) } = 19          
 DEVIANCE { alpha(~1 + captive + sex + effort.trapdays + recordloss.agout.total)sigma(~1)U(~sample_month)Phi(~1 + captive + sample_month + sex)Gamma''(~1)Gamma'(~1) } = 1047.9903                     
 DEVIANCE Degrees of Freedom { alpha(~1 + captive + sex + effort.trapdays + recordloss.agout.total)sigma(~1)U(~sample_month)Phi(~1 + captive + sample_month + sex)Gamma''(~1)Gamma'(~1) } = -5            
 c-hat { alpha(~1 + captive + sex + effort.trapdays + recordloss.agout.total)sigma(~1)U(~sample_month)Phi(~1 + captive + sample_month + sex)Gamma''(~1)Gamma'(~1) } = 1.0000000                     
 AIC { alpha(~1 + captive + sex + effort.trapdays + recordloss.agout.total)sigma(~1)U(~sample_month)Phi(~1 + captive + sample_month + sex)Gamma''(~1)Gamma'(~1) } = 1085.9903                  
 AICc { alpha(~1 + captive + sex + effort.trapdays + recordloss.agout.total)sigma(~1)U(~sample_month)Phi(~1 + captive + sample_month + sex)Gamma''(~1)Gamma'(~1) } = 1091.0909                    
 BIC { alpha(~1 + captive + sex + effort.trapdays + recordloss.agout.total)sigma(~1)U(~sample_month)Phi(~1 + captive + sample_month + sex)Gamma''(~1)Gamma'(~1) } = 1145.4584                    
 Pearson Chisquare { alpha(~1 + captive + sex + effort.trapdays + recordloss.agout.total)sigma(~1)U(~sample_month)Phi(~1 + captive + sample_month + sex)Gamma''(~1)Gamma'(~1) } = 0.7711045E+032             

   * *  WARNING  * *   Numerical underflow occurred during variance-covariance calculation of this model. 
     IEEE flag status at end of variance-covariance calculation:
     overflow       F
     divide by zero F
     invalid        F
     underflow      T
     inexact        T



 PARM-SPECIFIC Link Function Parameters of { alpha(~1 + captive + sex + effort.trapdays + recordloss.agout.total)sigma(~1)U(~sample_month)Phi(~1 + captive + sample_month + sex)Gamma''(~1)Gamma'(~1) }
                                                              95% Confidence Interval
 Parameter                    Beta         Standard Error      Lower           Upper
 -------------------------  --------------  --------------  --------------  --------------
    1:alpha:(Intercept)     0.3668951       0.3514874       -0.3220202      1.0558103     
    2:alpha:captive         0.2646367       0.1075459       0.0538468       0.4754267     
    3:alpha:sex             0.5090850       0.2026143       0.1119609       0.9062091     
    4:alpha:effort.trapday  0.0039780       0.0017853       0.4788550E-003  0.0074772     
    5:alpha:recordloss.ago  -2.8496684      0.5499695       -3.9276086      -1.7717281    
    6:sigma:(Intercept)     -0.8160243      0.1423358       -1.0950025      -0.5370461    
    7:U:(Intercept)         2.5620482       0.1399647       2.2877173       2.8363791     
    8:U:sample_monthB       0.3609304       0.1298467       0.1064309       0.6154298     
    9:U:sample_monthC       0.4267119       0.1487184       0.1352238       0.7181999     
   10:U:sample_monthD       0.8756854       0.1471681       0.5872359       1.1641348     
   11:U:sample_monthE       0.3620294       0.1678768       0.0329908       0.6910680     
   12:U:sample_monthF       0.6615155       0.1727711       0.3228841       1.0001469     
   13:Phi:(Intercept)       10.291938       0.0000000       10.291938       10.291938     
   14:Phi:captive           1.2430334       1.2838822       -1.2733758      3.7594425     
   15:Phi:sample_monthB     -8.9187988      0.0000000       -8.9187988      -8.9187988    
   16:Phi:sample_monthC     -8.7753946      0.0000000       -8.7753946      -8.7753946    
   17:Phi:sample_monthD     -10.107161      0.0000000       -10.107161      -10.107161    
   18:Phi:sample_monthE     -8.4633401      0.0000000       -8.4633401      -8.4633401    
   19:Phi:sex               0.6212546       1.6618204       -2.6359134      3.8784226     
   20:GammaDoublePrime:(In  -2.9444016      1.0261059       -4.9555692      -0.9332340    

  Program  MARK  - Survival Rate Estimation with Capture-Recapture Data
   gfortran(Win64) Vers. 8.1 Mar 2016    5-Aug-2016 15:50:27    Page  012
 - - - - - - - - - - - - - - - - - - - - - - - - - - - - - - - - - - - - - -
 
   21:GammaPrime:(Intercep  17.724958       0.0000000       17.724958       17.724958     


 Real Function Parameters of { alpha(~1 + captive + sex + effort.trapdays + recordloss.agout.total)sigma(~1)U(~sample_month)Phi(~1 + captive + sample_month + sex)Gamma''(~1)Gamma'(~1) }

      Following estimates based on unstandardized individual covariate values:
          Variable   Value         
          ---------  ------------- 
          CAPTIVE    0.2142857     
          SEX        0.8461538     
                                                               95% Confidence Interval
  Parameter                  Estimate       Standard Error      Lower           Upper
 --------------------------  --------------  --------------  --------------  --------------
     1:alpha g1 a0 t1        2.0260488       0.2943776       1.5262177       2.6895728                           
     2:alpha g1 a0.2 t1.2    2.3928159       0.3220251       1.8402049       3.1113753                           
     3:alpha g1 a0.4 t1.4    2.9443541       0.3202631       2.3805297       3.6417194                           
     4:alpha g1 a0.6 t1.6    2.3555787       0.2509489       1.9128014       2.9008505                           
     5:alpha g1 a0.8 t1.8    2.2923773       0.2606760       1.8356983       2.8626674                           
     6:alpha g1 a2.8 t3.8    3.2551395       0.3240466       2.6794176       3.9545658                           
     7:alpha g1 a3 t4        3.1088904       0.3023340       2.5705188       3.7600190                           
     8:alpha g1 a3.2 t4.2    2.3882226       0.2376407       1.9659965       2.9011278                           
     9:alpha g1 a3.4 t4.4    3.0583790       0.3354940       2.4682817       3.7895522                           
    10:alpha g1 a3.6 t4.6    3.0064228       0.2887776       2.4915825       3.6276455                           
    11:alpha g1 a6.1 t7.1    3.2522280       0.2874489       2.7358500       3.8660698                           
    12:alpha g1 a6.3 t7.3    3.1192308       0.2375794       2.6872459       3.6206588                           
    13:alpha g1 a6.5 t7.5    2.6151559       0.2012752       2.2494713       3.0402880                           
    14:alpha g1 a6.7 t7.7    3.6647044       0.3367631       3.0618357       4.3862767                           
    15:alpha g1 a6.9 t7.9    3.2156807       0.2546463       2.7540465       3.7546942                           
    16:alpha g1 a9.567 t10.  2.8223416       0.2044109       2.4492885       3.2522147                           
    17:alpha g1 a9.767 t10.  2.9948384       0.2242824       2.5865158       3.4676212                           
    18:alpha g1 a9.967 t10.  2.8111899       0.2034950       2.4397942       3.2391209                           
    19:alpha g1 a10.167 t11  2.4008349       0.1868148       2.0617069       2.7957456                           
    20:alpha g1 a10.367 t11  2.2599184       0.1924900       1.9130256       2.6697139                           
    21:alpha g1 a12.134 t13  3.5239481       0.3419509       2.9149022       4.2602494                           
    22:alpha g1 a12.334 t13  2.7614983       0.2187291       2.3649834       3.2244932                           
    23:alpha g1 a12.534 t13  2.5727531       0.2329670       2.1551440       3.0712835                           
    24:alpha g1 a12.734 t13  2.3072375       0.2209321       1.9132380       2.7823747                           
    25:alpha g1 a12.934 t13  2.0830163       0.2125497       1.7063173       2.5428780                           
    26:alpha g1 a16.101 t17  3.4110446       0.3209496       2.8377341       4.1001817                           
    27:alpha g1 a16.301 t17  2.3626174       0.2109763       1.9839582       2.8135476                           
    28:alpha g1 a16.501 t17  2.9332944       0.2657001       2.4570227       3.5018869                           
    29:alpha g1 a16.701 t17  2.2391918       0.2192870       1.8489676       2.7117728                           
    30:alpha g1 a16.901 t17  2.9011030       0.2619853       2.4313622       3.4615980                           
    31:sigma g1 a0 t1        0.4421862       0.0629389       0.3350067       0.5836558                           
    32:U g1 a0 t1            12.962339       1.8142705       9.8655290       17.031245                           
    33:U g1 a2.8 t3.8        18.596596       2.0617113       14.974466       23.094873                           

  Program  MARK  - Survival Rate Estimation with Capture-Recapture Data
   gfortran(Win64) Vers. 8.1 Mar 2016    5-Aug-2016 15:50:27    Page  013
 - - - - - - - - - - - - - - - - - - - - - - - - - - - - - - - - - - - - - -
 
    34:U g1 a6.1 t7.1        19.861041       1.6531190       16.876167       23.373846                           
    35:U g1 a9.567 t10.567   31.116355       2.2965979       26.930749       35.952493                           
    36:U g1 a12.134 t13.134  18.617045       1.6324598       15.682437       22.100798                           
    37:U g1 a16.101 t17.101  25.117472       2.2718309       21.044645       29.978524                           
    38:Phi g1 c1 a0.8 t1.8   0.9999846       0.0000000       0.9999846       0.9999846                           
    39:Phi g1 c1 a3.6 t4.6   0.8970788       0.1000969       0.5100651       0.9864816                           
    40:Phi g1 c1 a6.9 t7.9   0.9095855       0.0881804       0.5515664       0.9879928                           
    41:Phi g1 c1 a10.367 t1  0.7264764       0.1245226       0.4374704       0.9007039                           
    42:Phi g1 c1 a12.934 t1  0.9321781       0.0673674       0.6299789       0.9910681                           
    43:Gamma'' g1 c1 a0.8 t  0.0500018       0.0487417       0.0069948       0.2822691                           
    44:Gamma' g1 c1 a0.8 t1  1.0000000       0.0000000       1.0000000       1.0000000                           
    45:Phi g1 c1 a0 t1       1.0000000       0.0000000       1.0000000       1.0000000       Fixed               
    46:Gamma'' g1 c1 a0 t1   0.0000000       0.0000000       0.0000000       0.0000000       Fixed               

  Program  MARK  - Survival Rate Estimation with Capture-Recapture Data
   gfortran(Win64) Vers. 8.1 Mar 2016    5-Aug-2016 15:50:27    Page  014
 - - - - - - - - - - - - - - - - - - - - - - - - - - - - - - - - - - - - - -
 


                      Estimates of Derived Parameters
 Population Estimates of { alpha(~1 + captive + sex + effort.trapdays + recordloss.agout.total)sigma(~1)U(~sample_month)Phi(~1 + captive + sample_month + sex)Gamma''(~1)Gamma'(~1) }
                                                95% Confidence Interval
 Grp. Occ.   N-hat           Standard Error      Lower           Upper
 ---- ----   --------------  --------------  --------------  --------------
   1     1   15.962339       1.8142714       12.783740       19.931279     
   1     2   15.962339       1.8142714       12.783740       19.931279     
   1     3   15.962339       1.8142714       12.783740       19.931279     
   1     4   15.123163       1.8476882       11.913224       19.198001     
   1     5   15.962339       1.8142714       12.783740       19.931279     
   1     6   23.596596       2.0617120       19.889189       27.995075     
   1     7   23.596596       2.0617120       19.889189       27.995075     
   1     8   23.596596       2.0617120       19.889189       27.995075     
   1     9   20.744278       2.0914190       17.033201       25.263899     
   1    10   23.596596       2.0617120       19.889189       27.995075     
   1    11   25.123135       1.6895444       22.023868       28.658542     
   1    12   24.081352       1.6836909       21.000954       27.613579     
   1    13   24.195118       1.6888795       21.104878       27.737840     
   1    14   24.031197       1.6816132       20.954781       27.559267     
   1    15   24.098130       1.6855449       21.014426       27.634343     
   1    16   38.901769       2.4069231       34.463017       43.912221     
   1    17   38.682062       2.3686410       34.311153       43.609784     
   1    18   38.908169       2.4076052       34.468192       43.920077     
   1    19   39.122821       2.4185296       34.662431       44.157177     
   1    20   37.098314       2.4308407       32.631610       42.176433     
   1    21   22.844950       1.6680343       19.802536       26.354794     
   1    22   24.108210       1.6944294       21.009293       27.664225     
   1    23   24.122750       1.7026929       21.009644       27.697141     
   1    24   21.980807       1.6814944       18.924391       25.530853     
   1    25   23.318452       1.7239470       20.176901       26.949144     
   1    26   30.378912       2.3190991       26.162872       35.274348     
   1    27   30.723599       2.3594549       26.436134       35.706415     
   1    28   30.494122       2.3377494       26.245535       35.430462     
   1    29   29.697650       2.3587946       25.422528       34.691687     
   1    30   30.503877       2.3389969       26.253093       35.442930     
 Mean Resighting Rate Estimates of { alpha(~1 + captive + sex + effort.trapdays + recordloss.agout.total)sigma(~1)U(~sample_month)Phi(~1 + captive + sample_month + sex)Gamma''(~1)Gamma'(~1) }
                                                95% Confidence Interval
 Grp. Occ.   Lambda-hat      Standard Error      Lower           Upper
 ---- ----   --------------  --------------  --------------  --------------
   1     1   2.2341298       0.3115270       1.7021023       2.9324535     
   1     2   2.6385650       0.3391628       2.0530511       3.3910627     
   1     3   3.2467477       0.3291675       2.6629896       3.9584723     
   1     4   2.5975033       0.2554432       2.1431234       3.1482197     
   1     5   2.5278110       0.2681960       2.0543984       3.1103161     
   1     6   3.5894516       0.3282683       3.0015340       4.2925261     
   1     7   3.4281823       0.3044961       2.8814166       4.0786999     
   1     8   2.6334999       0.2386039       2.2058082       3.1441182     
   1     9   3.3724833       0.3455537       2.7603199       4.1204077     

  Program  MARK  - Survival Rate Estimation with Capture-Recapture Data
   gfortran(Win64) Vers. 8.1 Mar 2016    5-Aug-2016 15:50:28    Page  015
 - - - - - - - - - - - - - - - - - - - - - - - - - - - - - - - - - - - - - -
 
   1    10   3.3151910       0.2898189       2.7940585       3.9335224     
   1    11   3.9610572       0.2880881       3.4354501       4.5670797     
   1    12   3.6723219       0.2231206       3.2603983       4.1362886     
   1    13   3.3341784       0.1923520       2.9779820       3.7329794     
   1    14   4.7553592       0.3415030       4.1317337       5.4731119     
   1    15   4.4813701       0.2518433       4.0143196       5.0027602     
   1    16   3.6349238       0.1918555       3.2779198       4.0308098     
   1    17   4.2270532       0.2185204       3.8199953       4.6774872     
   1    18   3.8833970       0.1949835       3.5196500       4.2847364     
   1    19   3.2786317       0.1843286       2.9367971       3.6602549     
   1    20   3.0143582       0.1959252       2.6541552       3.4234453     
   1    21   5.3073823       0.3598878       4.6475753       6.0608607     
   1    22   3.4094833       0.2091925       3.0235021       3.8447389     
   1    23   3.1960725       0.2325528       2.7718010       3.6852860     
   1    24   3.1276396       0.2307333       2.7071081       3.6134978     
   1    25   4.0000745       0.2623738       3.5179913       4.5482193     
   1    26   4.1387795       0.3222569       3.5538105       4.8200363     
   1    27   2.6052649       0.2026672       2.2373522       3.0336776     
   1    28   3.7873146       0.2675552       3.2981612       4.3490147     
   1    29   3.1205318       0.2328585       2.6964834       3.6112659     
   1    30   3.7507199       0.2637333       3.2683966       4.3042204     
 Pr(Captured 1 or more times) of { alpha(~1 + captive + sex + effort.trapdays + recordloss.agout.total)sigma(~1)U(~sample_month)Phi(~1 + captive + sample_month + sex)Gamma''(~1)Gamma'(~1) }
                                                95% Confidence Interval
 Grp. Occ.      p*-hat       Standard Error      Lower           Upper
 ---- ----   --------------  --------------  --------------  --------------
   1     1   0.2942616       0.0107676       0.2736067       0.3157978     
   1     2   0.3048415       0.0084003       0.2886309       0.3215510     
   1     3   0.3151320       0.0054965       0.3044595       0.3260033     
   1     4   0.4627864       0.0110451       0.4412214       0.4844915     
   1     5   0.3023152       0.0078460       0.2871621       0.3179113     
   1     6   0.1900596       0.0029488       0.1843472       0.1959065     
   1     7   0.1889290       0.0031035       0.1829212       0.1950870     
   1     8   0.1806732       0.0043296       0.1723420       0.1893151     
   1     9   0.4656182       0.0101772       0.4457365       0.4856099     
   1    10   0.1880491       0.0032235       0.1818125       0.1944488     
   1    11   0.1929702       0.0020494       0.1889852       0.1970188     
   1    12   0.2394962       0.0028106       0.2340309       0.2450483     
   1    13   0.2373131       0.0030615       0.2313649       0.2433659     
   1    14   0.2447463       0.0017898       0.2412554       0.2482712     
   1    15   0.2440949       0.0017311       0.2407179       0.2475038     
   1    16   0.1342822       0.0019136       0.1305756       0.1380772     
   1    17   0.1382244       0.0011887       0.1359111       0.1405708     
   1    18   0.1354918       0.0018095       0.1319841       0.1390778     
   1    19   0.1324783       0.0021061       0.1284046       0.1366610     
   1    20   0.1788421       0.0046196       0.1699663       0.1880764     
   1    21   0.2463426       0.0013160       0.2437724       0.2489310     
   1    22   0.1871132       0.0029527       0.1813946       0.1929695     
   1    23   0.1867798       0.0031759       0.1806348       0.1930846     
   1    24   0.3122170       0.0051036       0.3023024       0.3223066     
   1    25   0.2415532       0.0024670       0.2367509       0.2464214     

  Program  MARK  - Survival Rate Estimation with Capture-Recapture Data
   gfortran(Win64) Vers. 8.1 Mar 2016    5-Aug-2016 15:50:28    Page  016
 - - - - - - - - - - - - - - - - - - - - - - - - - - - - - - - - - - - - - -
 
   1    26   0.1929935       0.0021966       0.1887247       0.1973353     
   1    27   0.1783762       0.0044401       0.1698392       0.1872456     
   1    28   0.1915703       0.0023354       0.1870346       0.1961894     
   1    29   0.2324202       0.0041467       0.2243920       0.2406466     
   1    30   0.1913570       0.0023683       0.1867580       0.1960418     

 Attempted ordering of parameters by estimatibility:
   1  7 10 12 11  9  2  6  8  3 13  4  5 17 20 14 16 18 19 15 21
 Beta number 21 is a singular value.

     CPU Time in seconds for last procedure was 10.52


  INPUT --- proc stop;

   * *  WARNING  * *   Numerical underflow occurred during final processing of this model. 
     IEEE flag status at final processing of this model:
     overflow       F
     divide by zero F
     invalid        F
     underflow      T
     inexact        T


     CPU Time in minutes for this job was 0.18

     Time Start = 15:50:20.418   Time End = 15:50:28.179

     Wall Clock Time in minutes for this job was 0.13


          E X E C U T I O N   S U C C E S S F U L 
