
   Program  MARK  - Survival Rate Estimation with Capture-Recapture Data
   gfortran(Win64) Vers. 8.1 Mar 2016    5-Aug-2016 15:42:56    Page  001
 - - - - - - - - - - - - - - - - - - - - - - - - - - - - - - - - - - - - - -
 
   This version was compiled by GCC version 5.3.0 using the options: 
     -cpp -iprefix c:\tdm-gcc-64\gcc\bin\../lib/gcc/x86_64-w64-mingw32/5.3.0/ -D_MT
     -U_REENTRANT -D IEEE -m64 -mtune=generic -march=x86-64 -mthreads -O2
     -fimplicit-none -fbounds-check -funroll-loops -ftree-vectorize
     -ffpe-summary=invalid,zero,overflow,underflow -fno-unsafe-math-optimizations
     -frounding-math -fsignaling-nans -fopenmp.

   This problem will use 3 of 4 possible threads.


  INPUT --- proc title ;

     CPU Time in seconds for last procedure was 0.00


  INPUT --- proc chmatrix occasions= 30 groups= 1 etype= PoissonMR 
  INPUT --- icovar = 1 ICMeans NoHist  hist= 14 ;

  INPUT ---    time interval 0.2 0.2 0.2 0.2 2 0.2 0.2 0.2 0.2 2.5 0.2 0.2 
  INPUT ---    0.2 0.2 2.667 0.2 0.2 0.2  0.2 1.767 0.2 0.2 0.2 0.2 3.167 
  INPUT ---    0.2 0.2 0.2 0.2 ;

  INPUT ---     icovariates captive ;

  INPUT ---    glabel(1)=Group 1;

      Number of unique encounter histories read was 14.

      Number of individual covariates read was 1.
      Time interval lengths vary and/or not equal to 1.

      Data type number is 115
      Data type is Poisson Mark Resight with Robust Design                                                             

     CPU Time in seconds for last procedure was 0.00

  Program  MARK  - Survival Rate Estimation with Capture-Recapture Data
   gfortran(Win64) Vers. 8.1 Mar 2016    5-Aug-2016 15:42:56    Page  002
 - - - - - - - - - - - - - - - - - - - - - - - - - - - - - - - - - - - - - -
 


  INPUT --- proc estimate link=Parm-Specific NOLOOP varest=2ndPart    ;


  INPUT --- model={ alpha(~1 + captive + 
  INPUT --- time)sigma(~1)U(~sample_month)Phi(~1)Gamma''(~1)Gamma'(~1) 
  INPUT --- };

  INPUT ---    fixed=2;
  INPUT ---        parm(41)=1 ;
  INPUT ---        parm(42)=0 ;

  INPUT ---    group=1 alpha    rows=1 cols=30 Square ;
  INPUT ---        1 2 3 4 5 6 7 8 9 10 11 12 13 14 15 16 17 18 19 20 21 22 
  INPUT ---       23 24 25 26 27 28 29 30 ;

  INPUT ---    group=1 sigma    rows=1 cols=30 Square ;
  INPUT ---        31 31 31 31 31 31 31 31 31 31 31 31 31 31 31 31 31 31 31 
  INPUT ---       31 31 31 31 31 31 31 31 31 31 31 ;

  INPUT ---    group=1 U    rows=1 cols=30 Square ;
  INPUT ---        32 32 32 32 32 33 33 33 33 33 34 34 34 34 34 35 35 35 35 
  INPUT ---       35 36 36 36 36 36 37 37 37 37 37 ;

  INPUT ---    group=1 Phi    rows=29 cols=29 Triang ;
  INPUT ---        41 41 41 41 38 41 41 41 41 38 41 41 41 41 38 41 41 41 41 
  INPUT ---       38 41 41 41 41 38 41 41 41 41 ;
  INPUT ---        41 41 41 41 41 41 41 41 41 41 41 41 41 41 41 41 41 41 41 
  INPUT ---       41 41 41 41 41 41 41 41 41 ;
  INPUT ---        41 41 41 41 41 41 41 41 41 41 41 41 41 41 41 41 41 41 41 
  INPUT ---       41 41 41 41 41 41 41 41 ;
  INPUT ---        41 41 41 41 41 41 41 41 41 41 41 41 41 41 41 41 41 41 41 
  INPUT ---       41 41 41 41 41 41 41 ;
  INPUT ---        41 41 41 41 41 41 41 41 41 41 41 41 41 41 41 41 41 41 41 
  INPUT ---       41 41 41 41 41 41 ;
  INPUT ---        41 41 41 41 38 41 41 41 41 38 41 41 41 41 38 41 41 41 41 
  INPUT ---       38 41 41 41 41 ;
  INPUT ---        41 41 41 41 41 41 41 41 41 41 41 41 41 41 41 41 41 41 41 
  INPUT ---       41 41 41 41 ;
  INPUT ---        41 41 41 41 41 41 41 41 41 41 41 41 41 41 41 41 41 41 41 
  INPUT ---       41 41 41 ;
  INPUT ---        41 41 41 41 41 41 41 41 41 41 41 41 41 41 41 41 41 41 41 
  INPUT ---       41 41 ;
  INPUT ---        41 41 41 41 41 41 41 41 41 41 41 41 41 41 41 41 41 41 41 
  INPUT ---       41 ;

  Program  MARK  - Survival Rate Estimation with Capture-Recapture Data
   gfortran(Win64) Vers. 8.1 Mar 2016    5-Aug-2016 15:42:56    Page  003
 - - - - - - - - - - - - - - - - - - - - - - - - - - - - - - - - - - - - - -
 
  INPUT ---        41 41 41 41 38 41 41 41 41 38 41 41 41 41 38 41 41 41 41 ;
  INPUT ---        41 41 41 41 41 41 41 41 41 41 41 41 41 41 41 41 41 41 ;
  INPUT ---        41 41 41 41 41 41 41 41 41 41 41 41 41 41 41 41 41 ;
  INPUT ---        41 41 41 41 41 41 41 41 41 41 41 41 41 41 41 41 ;
  INPUT ---        41 41 41 41 41 41 41 41 41 41 41 41 41 41 41 ;
  INPUT ---        41 41 41 41 38 41 41 41 41 38 41 41 41 41 ;
  INPUT ---        41 41 41 41 41 41 41 41 41 41 41 41 41 ;
  INPUT ---        41 41 41 41 41 41 41 41 41 41 41 41 ;
  INPUT ---        41 41 41 41 41 41 41 41 41 41 41 ;
  INPUT ---        41 41 41 41 41 41 41 41 41 41 ;
  INPUT ---        41 41 41 41 38 41 41 41 41 ;
  INPUT ---        41 41 41 41 41 41 41 41 ;
  INPUT ---        41 41 41 41 41 41 41 ;
  INPUT ---        41 41 41 41 41 41 ;
  INPUT ---        41 41 41 41 41 ;
  INPUT ---        41 41 41 41 ;
  INPUT ---        41 41 41 ;
  INPUT ---        41 41 ;
  INPUT ---        41 ;

  INPUT ---    group=1 Gamma''    rows=29 cols=29 Triang ;
  INPUT ---        42 42 42 42 39 42 42 42 42 39 42 42 42 42 39 42 42 42 42 
  INPUT ---       39 42 42 42 42 39 42 42 42 42 ;
  INPUT ---        42 42 42 42 42 42 42 42 42 42 42 42 42 42 42 42 42 42 42 
  INPUT ---       42 42 42 42 42 42 42 42 42 ;
  INPUT ---        42 42 42 42 42 42 42 42 42 42 42 42 42 42 42 42 42 42 42 
  INPUT ---       42 42 42 42 42 42 42 42 ;
  INPUT ---        42 42 42 42 42 42 42 42 42 42 42 42 42 42 42 42 42 42 42 
  INPUT ---       42 42 42 42 42 42 42 ;
  INPUT ---        42 42 42 42 42 42 42 42 42 42 42 42 42 42 42 42 42 42 42 
  INPUT ---       42 42 42 42 42 42 ;
  INPUT ---        42 42 42 42 39 42 42 42 42 39 42 42 42 42 39 42 42 42 42 
  INPUT ---       39 42 42 42 42 ;
  INPUT ---        42 42 42 42 42 42 42 42 42 42 42 42 42 42 42 42 42 42 42 
  INPUT ---       42 42 42 42 ;
  INPUT ---        42 42 42 42 42 42 42 42 42 42 42 42 42 42 42 42 42 42 42 
  INPUT ---       42 42 42 ;
  INPUT ---        42 42 42 42 42 42 42 42 42 42 42 42 42 42 42 42 42 42 42 
  INPUT ---       42 42 ;
  INPUT ---        42 42 42 42 42 42 42 42 42 42 42 42 42 42 42 42 42 42 42 
  INPUT ---       42 ;
  INPUT ---        42 42 42 42 39 42 42 42 42 39 42 42 42 42 39 42 42 42 42 ;
  INPUT ---        42 42 42 42 42 42 42 42 42 42 42 42 42 42 42 42 42 42 ;
  INPUT ---        42 42 42 42 42 42 42 42 42 42 42 42 42 42 42 42 42 ;
  INPUT ---        42 42 42 42 42 42 42 42 42 42 42 42 42 42 42 42 ;
  INPUT ---        42 42 42 42 42 42 42 42 42 42 42 42 42 42 42 ;

  Program  MARK  - Survival Rate Estimation with Capture-Recapture Data
   gfortran(Win64) Vers. 8.1 Mar 2016    5-Aug-2016 15:42:56    Page  004
 - - - - - - - - - - - - - - - - - - - - - - - - - - - - - - - - - - - - - -
 
  INPUT ---        42 42 42 42 39 42 42 42 42 39 42 42 42 42 ;
  INPUT ---        42 42 42 42 42 42 42 42 42 42 42 42 42 ;
  INPUT ---        42 42 42 42 42 42 42 42 42 42 42 42 ;
  INPUT ---        42 42 42 42 42 42 42 42 42 42 42 ;
  INPUT ---        42 42 42 42 42 42 42 42 42 42 ;
  INPUT ---        42 42 42 42 39 42 42 42 42 ;
  INPUT ---        42 42 42 42 42 42 42 42 ;
  INPUT ---        42 42 42 42 42 42 42 ;
  INPUT ---        42 42 42 42 42 42 ;
  INPUT ---        42 42 42 42 42 ;
  INPUT ---        42 42 42 42 ;
  INPUT ---        42 42 42 ;
  INPUT ---        42 42 ;
  INPUT ---        42 ;

  INPUT ---    group=1 Gamma'    rows=28 cols=28 Triang ;
  INPUT ---        42 42 42 40 42 42 42 42 40 42 42 42 42 40 42 42 42 42 40 
  INPUT ---       42 42 42 42 40 42 42 42 42 ;
  INPUT ---        42 42 42 42 42 42 42 42 42 42 42 42 42 42 42 42 42 42 42 
  INPUT ---       42 42 42 42 42 42 42 42 ;
  INPUT ---        42 42 42 42 42 42 42 42 42 42 42 42 42 42 42 42 42 42 42 
  INPUT ---       42 42 42 42 42 42 42 ;
  INPUT ---        42 42 42 42 42 42 42 42 42 42 42 42 42 42 42 42 42 42 42 
  INPUT ---       42 42 42 42 42 42 ;
  INPUT ---        42 42 42 42 42 42 42 42 42 42 42 42 42 42 42 42 42 42 42 
  INPUT ---       42 42 42 42 42 ;
  INPUT ---        42 42 42 40 42 42 42 42 40 42 42 42 42 40 42 42 42 42 40 
  INPUT ---       42 42 42 42 ;
  INPUT ---        42 42 42 42 42 42 42 42 42 42 42 42 42 42 42 42 42 42 42 
  INPUT ---       42 42 42 ;
  INPUT ---        42 42 42 42 42 42 42 42 42 42 42 42 42 42 42 42 42 42 42 
  INPUT ---       42 42 ;
  INPUT ---        42 42 42 42 42 42 42 42 42 42 42 42 42 42 42 42 42 42 42 
  INPUT ---       42 ;
  INPUT ---        42 42 42 42 42 42 42 42 42 42 42 42 42 42 42 42 42 42 42 ;
  INPUT ---        42 42 42 40 42 42 42 42 40 42 42 42 42 40 42 42 42 42 ;
  INPUT ---        42 42 42 42 42 42 42 42 42 42 42 42 42 42 42 42 42 ;
  INPUT ---        42 42 42 42 42 42 42 42 42 42 42 42 42 42 42 42 ;
  INPUT ---        42 42 42 42 42 42 42 42 42 42 42 42 42 42 42 ;
  INPUT ---        42 42 42 42 42 42 42 42 42 42 42 42 42 42 ;
  INPUT ---        42 42 42 40 42 42 42 42 40 42 42 42 42 ;
  INPUT ---        42 42 42 42 42 42 42 42 42 42 42 42 ;
  INPUT ---        42 42 42 42 42 42 42 42 42 42 42 ;
  INPUT ---        42 42 42 42 42 42 42 42 42 42 ;
  INPUT ---        42 42 42 42 42 42 42 42 42 ;
  INPUT ---        42 42 42 40 42 42 42 42 ;

  Program  MARK  - Survival Rate Estimation with Capture-Recapture Data
   gfortran(Win64) Vers. 8.1 Mar 2016    5-Aug-2016 15:42:56    Page  005
 - - - - - - - - - - - - - - - - - - - - - - - - - - - - - - - - - - - - - -
 
  INPUT ---        42 42 42 42 42 42 42 ;
  INPUT ---        42 42 42 42 42 42 ;
  INPUT ---        42 42 42 42 42 ;
  INPUT ---        42 42 42 42 ;
  INPUT ---        42 42 42 ;
  INPUT ---        42 42 ;
  INPUT ---        42 ;

  INPUT ---    initial  0.8492118 0 0 0 0 0 0 0 0 0 0 0 0 0 0 0 0 0 0 0 0 
  INPUT ---    0 0 0 0 0 0 0 0 0 0 -0.3123225 3.139572 0 0 0 0 0 2.0066797 
  INPUT ---    -2.9445172 17.724958  ;

  INPUT ---    design matrix constraints=42 covariates=41;
  INPUT ---        1 captive 0 0 0 0 0 0 0 0 0 0 0 0 0 0 0 0 0 0 0 0 0 0 0 0 
  INPUT ---       0 0 0 0 0 0 0 0 0 0 0 0 0 0 0;
  INPUT ---        1 captive 1 0 0 0 0 0 0 0 0 0 0 0 0 0 0 0 0 0 0 0 0 0 0 0 
  INPUT ---       0 0 0 0 0 0 0 0 0 0 0 0 0 0 0;
  INPUT ---        1 captive 0 1 0 0 0 0 0 0 0 0 0 0 0 0 0 0 0 0 0 0 0 0 0 0 
  INPUT ---       0 0 0 0 0 0 0 0 0 0 0 0 0 0 0;
  INPUT ---        1 captive 0 0 1 0 0 0 0 0 0 0 0 0 0 0 0 0 0 0 0 0 0 0 0 0 
  INPUT ---       0 0 0 0 0 0 0 0 0 0 0 0 0 0 0;
  INPUT ---        1 captive 0 0 0 1 0 0 0 0 0 0 0 0 0 0 0 0 0 0 0 0 0 0 0 0 
  INPUT ---       0 0 0 0 0 0 0 0 0 0 0 0 0 0 0;
  INPUT ---        1 captive 0 0 0 0 1 0 0 0 0 0 0 0 0 0 0 0 0 0 0 0 0 0 0 0 
  INPUT ---       0 0 0 0 0 0 0 0 0 0 0 0 0 0 0;
  INPUT ---        1 captive 0 0 0 0 0 1 0 0 0 0 0 0 0 0 0 0 0 0 0 0 0 0 0 0 
  INPUT ---       0 0 0 0 0 0 0 0 0 0 0 0 0 0 0;
  INPUT ---        1 captive 0 0 0 0 0 0 1 0 0 0 0 0 0 0 0 0 0 0 0 0 0 0 0 0 
  INPUT ---       0 0 0 0 0 0 0 0 0 0 0 0 0 0 0;
  INPUT ---        1 captive 0 0 0 0 0 0 0 1 0 0 0 0 0 0 0 0 0 0 0 0 0 0 0 0 
  INPUT ---       0 0 0 0 0 0 0 0 0 0 0 0 0 0 0;
  INPUT ---        1 captive 0 0 0 0 0 0 0 0 1 0 0 0 0 0 0 0 0 0 0 0 0 0 0 0 
  INPUT ---       0 0 0 0 0 0 0 0 0 0 0 0 0 0 0;
  INPUT ---        1 captive 0 0 0 0 0 0 0 0 0 1 0 0 0 0 0 0 0 0 0 0 0 0 0 0 
  INPUT ---       0 0 0 0 0 0 0 0 0 0 0 0 0 0 0;
  INPUT ---        1 captive 0 0 0 0 0 0 0 0 0 0 1 0 0 0 0 0 0 0 0 0 0 0 0 0 
  INPUT ---       0 0 0 0 0 0 0 0 0 0 0 0 0 0 0;
  INPUT ---        1 captive 0 0 0 0 0 0 0 0 0 0 0 1 0 0 0 0 0 0 0 0 0 0 0 0 
  INPUT ---       0 0 0 0 0 0 0 0 0 0 0 0 0 0 0;
  INPUT ---        1 captive 0 0 0 0 0 0 0 0 0 0 0 0 1 0 0 0 0 0 0 0 0 0 0 0 
  INPUT ---       0 0 0 0 0 0 0 0 0 0 0 0 0 0 0;
  INPUT ---        1 captive 0 0 0 0 0 0 0 0 0 0 0 0 0 1 0 0 0 0 0 0 0 0 0 0 
  INPUT ---       0 0 0 0 0 0 0 0 0 0 0 0 0 0 0;
  INPUT ---        1 captive 0 0 0 0 0 0 0 0 0 0 0 0 0 0 1 0 0 0 0 0 0 0 0 0 
  INPUT ---       0 0 0 0 0 0 0 0 0 0 0 0 0 0 0;
  INPUT ---        1 captive 0 0 0 0 0 0 0 0 0 0 0 0 0 0 0 1 0 0 0 0 0 0 0 0 

  Program  MARK  - Survival Rate Estimation with Capture-Recapture Data
   gfortran(Win64) Vers. 8.1 Mar 2016    5-Aug-2016 15:42:56    Page  006
 - - - - - - - - - - - - - - - - - - - - - - - - - - - - - - - - - - - - - -
 
  INPUT ---       0 0 0 0 0 0 0 0 0 0 0 0 0 0 0;
  INPUT ---        1 captive 0 0 0 0 0 0 0 0 0 0 0 0 0 0 0 0 1 0 0 0 0 0 0 0 
  INPUT ---       0 0 0 0 0 0 0 0 0 0 0 0 0 0 0;
  INPUT ---        1 captive 0 0 0 0 0 0 0 0 0 0 0 0 0 0 0 0 0 1 0 0 0 0 0 0 
  INPUT ---       0 0 0 0 0 0 0 0 0 0 0 0 0 0 0;
  INPUT ---        1 captive 0 0 0 0 0 0 0 0 0 0 0 0 0 0 0 0 0 0 1 0 0 0 0 0 
  INPUT ---       0 0 0 0 0 0 0 0 0 0 0 0 0 0 0;
  INPUT ---        1 captive 0 0 0 0 0 0 0 0 0 0 0 0 0 0 0 0 0 0 0 1 0 0 0 0 
  INPUT ---       0 0 0 0 0 0 0 0 0 0 0 0 0 0 0;
  INPUT ---        1 captive 0 0 0 0 0 0 0 0 0 0 0 0 0 0 0 0 0 0 0 0 1 0 0 0 
  INPUT ---       0 0 0 0 0 0 0 0 0 0 0 0 0 0 0;
  INPUT ---        1 captive 0 0 0 0 0 0 0 0 0 0 0 0 0 0 0 0 0 0 0 0 0 1 0 0 
  INPUT ---       0 0 0 0 0 0 0 0 0 0 0 0 0 0 0;
  INPUT ---        1 captive 0 0 0 0 0 0 0 0 0 0 0 0 0 0 0 0 0 0 0 0 0 0 1 0 
  INPUT ---       0 0 0 0 0 0 0 0 0 0 0 0 0 0 0;
  INPUT ---        1 captive 0 0 0 0 0 0 0 0 0 0 0 0 0 0 0 0 0 0 0 0 0 0 0 1 
  INPUT ---       0 0 0 0 0 0 0 0 0 0 0 0 0 0 0;
  INPUT ---        1 captive 0 0 0 0 0 0 0 0 0 0 0 0 0 0 0 0 0 0 0 0 0 0 0 0 
  INPUT ---       1 0 0 0 0 0 0 0 0 0 0 0 0 0 0;
  INPUT ---        1 captive 0 0 0 0 0 0 0 0 0 0 0 0 0 0 0 0 0 0 0 0 0 0 0 0 
  INPUT ---       0 1 0 0 0 0 0 0 0 0 0 0 0 0 0;
  INPUT ---        1 captive 0 0 0 0 0 0 0 0 0 0 0 0 0 0 0 0 0 0 0 0 0 0 0 0 
  INPUT ---       0 0 1 0 0 0 0 0 0 0 0 0 0 0 0;
  INPUT ---        1 captive 0 0 0 0 0 0 0 0 0 0 0 0 0 0 0 0 0 0 0 0 0 0 0 0 
  INPUT ---       0 0 0 1 0 0 0 0 0 0 0 0 0 0 0;
  INPUT ---        1 captive 0 0 0 0 0 0 0 0 0 0 0 0 0 0 0 0 0 0 0 0 0 0 0 0 
  INPUT ---       0 0 0 0 1 0 0 0 0 0 0 0 0 0 0;
  INPUT ---        0 0 0 0 0 0 0 0 0 0 0 0 0 0 0 0 0 0 0 0 0 0 0 0 0 0 0 0 0 
  INPUT ---       0 0 1 0 0 0 0 0 0 0 0 0;
  INPUT ---        0 0 0 0 0 0 0 0 0 0 0 0 0 0 0 0 0 0 0 0 0 0 0 0 0 0 0 0 0 
  INPUT ---       0 0 0 1 0 0 0 0 0 0 0 0;
  INPUT ---        0 0 0 0 0 0 0 0 0 0 0 0 0 0 0 0 0 0 0 0 0 0 0 0 0 0 0 0 0 
  INPUT ---       0 0 0 1 1 0 0 0 0 0 0 0;
  INPUT ---        0 0 0 0 0 0 0 0 0 0 0 0 0 0 0 0 0 0 0 0 0 0 0 0 0 0 0 0 0 
  INPUT ---       0 0 0 1 0 1 0 0 0 0 0 0;
  INPUT ---        0 0 0 0 0 0 0 0 0 0 0 0 0 0 0 0 0 0 0 0 0 0 0 0 0 0 0 0 0 
  INPUT ---       0 0 0 1 0 0 1 0 0 0 0 0;
  INPUT ---        0 0 0 0 0 0 0 0 0 0 0 0 0 0 0 0 0 0 0 0 0 0 0 0 0 0 0 0 0 
  INPUT ---       0 0 0 1 0 0 0 1 0 0 0 0;
  INPUT ---        0 0 0 0 0 0 0 0 0 0 0 0 0 0 0 0 0 0 0 0 0 0 0 0 0 0 0 0 0 
  INPUT ---       0 0 0 1 0 0 0 0 1 0 0 0;
  INPUT ---        0 0 0 0 0 0 0 0 0 0 0 0 0 0 0 0 0 0 0 0 0 0 0 0 0 0 0 0 0 
  INPUT ---       0 0 0 0 0 0 0 0 0 1 0 0;
  INPUT ---        0 0 0 0 0 0 0 0 0 0 0 0 0 0 0 0 0 0 0 0 0 0 0 0 0 0 0 0 0 
  INPUT ---       0 0 0 0 0 0 0 0 0 0 1 0;
  INPUT ---        0 0 0 0 0 0 0 0 0 0 0 0 0 0 0 0 0 0 0 0 0 0 0 0 0 0 0 0 0 

  Program  MARK  - Survival Rate Estimation with Capture-Recapture Data
   gfortran(Win64) Vers. 8.1 Mar 2016    5-Aug-2016 15:42:56    Page  007
 - - - - - - - - - - - - - - - - - - - - - - - - - - - - - - - - - - - - - -
 
  INPUT ---       0 0 0 0 0 0 0 0 0 0 0 1;
  INPUT ---        0 0 0 0 0 0 0 0 0 0 0 0 0 0 0 0 0 0 0 0 0 0 0 0 0 0 0 0 0 
  INPUT ---       0 0 0 0 0 0 0 0 0 0 0 0;
  INPUT ---        0 0 0 0 0 0 0 0 0 0 0 0 0 0 0 0 0 0 0 0 0 0 0 0 0 0 0 0 0 
  INPUT ---       0 0 0 0 0 0 0 0 0 0 0 0;

  INPUT ---    links=42;

  INPUT ---    Log;

  INPUT ---    Log;

  INPUT ---    Log;

  INPUT ---    Log;

  INPUT ---    Log;

  INPUT ---    Log;

  INPUT ---    Log;

  INPUT ---    Log;

  INPUT ---    Log;

  INPUT ---    Log;

  INPUT ---    Log;

  INPUT ---    Log;

  INPUT ---    Log;

  INPUT ---    Log;

  INPUT ---    Log;

  INPUT ---    Log;

  INPUT ---    Log;

  INPUT ---    Log;

  INPUT ---    Log;


  Program  MARK  - Survival Rate Estimation with Capture-Recapture Data
   gfortran(Win64) Vers. 8.1 Mar 2016    5-Aug-2016 15:42:56    Page  008
 - - - - - - - - - - - - - - - - - - - - - - - - - - - - - - - - - - - - - -
 
  INPUT ---    Log;

  INPUT ---    Log;

  INPUT ---    Log;

  INPUT ---    Log;

  INPUT ---    Log;

  INPUT ---    Log;

  INPUT ---    Log;

  INPUT ---    Log;

  INPUT ---    Log;

  INPUT ---    Log;

  INPUT ---    Log;

  INPUT ---    Log;

  INPUT ---    Log;

  INPUT ---    Log;

  INPUT ---    Log;

  INPUT ---    Log;

  INPUT ---    Log;

  INPUT ---    Log;

  INPUT ---    Logit;

  INPUT ---    Logit;

  INPUT ---    Logit;

  INPUT ---    Logit;

  INPUT ---    Logit;
  INPUT ---       blabel(1)=alpha:(Intercept);

  Program  MARK  - Survival Rate Estimation with Capture-Recapture Data
   gfortran(Win64) Vers. 8.1 Mar 2016    5-Aug-2016 15:42:56    Page  009
 - - - - - - - - - - - - - - - - - - - - - - - - - - - - - - - - - - - - - -
 
  INPUT ---       blabel(2)=alpha:captive;
  INPUT ---       blabel(3)=alpha:time1.2;
  INPUT ---       blabel(4)=alpha:time1.4;
  INPUT ---       blabel(5)=alpha:time1.6;
  INPUT ---       blabel(6)=alpha:time1.8;
  INPUT ---       blabel(7)=alpha:time3.8;
  INPUT ---       blabel(8)=alpha:time4;
  INPUT ---       blabel(9)=alpha:time4.2;
  INPUT ---       blabel(10)=alpha:time4.4;
  INPUT ---       blabel(11)=alpha:time4.6;
  INPUT ---       blabel(12)=alpha:time7.1;
  INPUT ---       blabel(13)=alpha:time7.3;
  INPUT ---       blabel(14)=alpha:time7.5;
  INPUT ---       blabel(15)=alpha:time7.7;
  INPUT ---       blabel(16)=alpha:time7.9;
  INPUT ---       blabel(17)=alpha:time10.567;
  INPUT ---       blabel(18)=alpha:time10.767;
  INPUT ---       blabel(19)=alpha:time10.967;
  INPUT ---       blabel(20)=alpha:time11.167;
  INPUT ---       blabel(21)=alpha:time11.367;
  INPUT ---       blabel(22)=alpha:time13.134;
  INPUT ---       blabel(23)=alpha:time13.334;
  INPUT ---       blabel(24)=alpha:time13.534;
  INPUT ---       blabel(25)=alpha:time13.734;
  INPUT ---       blabel(26)=alpha:time13.934;
  INPUT ---       blabel(27)=alpha:time17.101;
  INPUT ---       blabel(28)=alpha:time17.301;
  INPUT ---       blabel(29)=alpha:time17.501;
  INPUT ---       blabel(30)=alpha:time17.701;
  INPUT ---       blabel(31)=alpha:time17.901;
  INPUT ---       blabel(32)=sigma:(Intercept);
  INPUT ---       blabel(33)=U:(Intercept);
  INPUT ---       blabel(34)=U:sample_monthB;
  INPUT ---       blabel(35)=U:sample_monthC;
  INPUT ---       blabel(36)=U:sample_monthD;
  INPUT ---       blabel(37)=U:sample_monthE;
  INPUT ---       blabel(38)=U:sample_monthF;
  INPUT ---       blabel(39)=Phi:(Intercept);
  INPUT ---       blabel(40)=GammaDoublePrime:(Intercept);
  INPUT ---       blabel(41)=GammaPrime:(Intercept);
  INPUT ---       rlabel(1)=alpha g1 a0 t1;
  INPUT ---       rlabel(2)=alpha g1 a0.2 t1.2;
  INPUT ---       rlabel(3)=alpha g1 a0.4 t1.4;
  INPUT ---       rlabel(4)=alpha g1 a0.6 t1.6;
  INPUT ---       rlabel(5)=alpha g1 a0.8 t1.8;
  INPUT ---       rlabel(6)=alpha g1 a2.8 t3.8;

  Program  MARK  - Survival Rate Estimation with Capture-Recapture Data
   gfortran(Win64) Vers. 8.1 Mar 2016    5-Aug-2016 15:42:56    Page  010
 - - - - - - - - - - - - - - - - - - - - - - - - - - - - - - - - - - - - - -
 
  INPUT ---       rlabel(7)=alpha g1 a3 t4;
  INPUT ---       rlabel(8)=alpha g1 a3.2 t4.2;
  INPUT ---       rlabel(9)=alpha g1 a3.4 t4.4;
  INPUT ---       rlabel(10)=alpha g1 a3.6 t4.6;
  INPUT ---       rlabel(11)=alpha g1 a6.1 t7.1;
  INPUT ---       rlabel(12)=alpha g1 a6.3 t7.3;
  INPUT ---       rlabel(13)=alpha g1 a6.5 t7.5;
  INPUT ---       rlabel(14)=alpha g1 a6.7 t7.7;
  INPUT ---       rlabel(15)=alpha g1 a6.9 t7.9;
  INPUT ---       rlabel(16)=alpha g1 a9.567 t10.567;
  INPUT ---       rlabel(17)=alpha g1 a9.767 t10.767;
  INPUT ---       rlabel(18)=alpha g1 a9.967 t10.967;
  INPUT ---       rlabel(19)=alpha g1 a10.167 t11.167;
  INPUT ---       rlabel(20)=alpha g1 a10.367 t11.367;
  INPUT ---       rlabel(21)=alpha g1 a12.134 t13.134;
  INPUT ---       rlabel(22)=alpha g1 a12.334 t13.334;
  INPUT ---       rlabel(23)=alpha g1 a12.534 t13.534;
  INPUT ---       rlabel(24)=alpha g1 a12.734 t13.734;
  INPUT ---       rlabel(25)=alpha g1 a12.934 t13.934;
  INPUT ---       rlabel(26)=alpha g1 a16.101 t17.101;
  INPUT ---       rlabel(27)=alpha g1 a16.301 t17.301;
  INPUT ---       rlabel(28)=alpha g1 a16.501 t17.501;
  INPUT ---       rlabel(29)=alpha g1 a16.701 t17.701;
  INPUT ---       rlabel(30)=alpha g1 a16.901 t17.901;
  INPUT ---       rlabel(31)=sigma g1 a0 t1;
  INPUT ---       rlabel(32)=U g1 a0 t1;
  INPUT ---       rlabel(33)=U g1 a2.8 t3.8;
  INPUT ---       rlabel(34)=U g1 a6.1 t7.1;
  INPUT ---       rlabel(35)=U g1 a9.567 t10.567;
  INPUT ---       rlabel(36)=U g1 a12.134 t13.134;
  INPUT ---       rlabel(37)=U g1 a16.101 t17.101;
  INPUT ---       rlabel(38)=Phi g1 c1 a0.8 t1.8;
  INPUT ---       rlabel(39)=Gamma'' g1 c1 a0.8 t1.8;
  INPUT ---       rlabel(40)=Gamma' g1 c1 a0.8 t1.8;
  INPUT ---       rlabel(41)=Phi g1 c1 a0 t1;
  INPUT ---       rlabel(42)=Gamma'' g1 c1 a0 t1;

 Link Function Used is PARM-SPECIFIC

 Variance Estimation Procedure Used is 2ndPart 

 M(t+1):
 Group=Group 1                                                                         
       3      3      3      2      3      5      5      5      2      5      5
       4      4      4      4     10      7      7      7      5      5      5
       5      3      4      5      5      5      4      5


 -2logL(saturated) = -0.0000000    
 Effective Sample Size = 169

  Program  MARK  - Survival Rate Estimation with Capture-Recapture Data
   gfortran(Win64) Vers. 8.1 Mar 2016    5-Aug-2016 15:42:56    Page  011
 - - - - - - - - - - - - - - - - - - - - - - - - - - - - - - - - - - - - - -
 
 Results from first iteration:
  -2logL Initial { alpha(~1 + captive + time)sigma(~1)U(~sample_month)Phi(~1)Gamma''(~1)Gamma'(~1) } = 1138.4459     
  Penalty Initial { alpha(~1 + captive + time)sigma(~1)U(~sample_month)Phi(~1)Gamma''(~1)Gamma'(~1) } = -0.0000000    

 Number of function evaluations was 54 for 41 parameters.
 Time for numerical optimization was 14.52 seconds.
 -2logL { alpha(~1 + captive + time)sigma(~1)U(~sample_month)Phi(~1)Gamma''(~1)Gamma'(~1) } = 1001.8966     
 Penalty { alpha(~1 + captive + time)sigma(~1)U(~sample_month)Phi(~1)Gamma''(~1)Gamma'(~1) } = -0.0000000    

   * *  WARNING  * *   Numerical underflow occurred during optimization of this model. 
     IEEE flag status at end of optimization:
     overflow       F
     divide by zero F
     invalid        F
     underflow      T
     inexact        T

 Gradient { alpha(~1 + captive + time)sigma(~1)U(~sample_month)Phi(~1)Gamma''(~1)Gamma'(~1) }:
  0.4638154E-03 0.4220309E-03 0.9822729E-05-0.4046789E-04 0.4132147E-04
 -0.7923234E-05  0.000000      0.000000     0.2861651E-04  0.000000    
  0.1023072E-03 0.1553397E-03 0.8209376E-05 0.8315876E-05 0.2254294E-04
  0.1376270E-03 0.2514055E-04-0.2000226E-04-0.8066089E-04-0.4289294E-04
 -0.6362332E-04 0.3066140E-04-0.1860812E-04 0.7666790E-04-0.1863965E-04
 -0.8034263E-05 0.1248359E-03 0.2660520E-04 0.4230669E-04-0.9211150E-05
  0.5271400E-04 0.7809959E-04 0.5864685E-03 0.1085957E-03 0.2175577E-03
 -0.1313739E-03 0.7600721E-04 0.2496496E-03 0.4159293E-04 0.1441109E-04
   0.000000    
 S Vector { alpha(~1 + captive + time)sigma(~1)U(~sample_month)Phi(~1)Gamma''(~1)Gamma'(~1) }:
   4079.283      491.4861      415.1253      358.2215      340.7867    
   279.0441      143.6379      95.33875      85.14075      79.15268    
   78.79389      74.99667      73.21767      73.08355      72.80598    
   70.81745      69.25748      67.88840      67.07160      66.15716    
   64.88347      61.04139      60.62069      58.36349      51.34100    
   50.87927      48.67387      42.28812      39.55019      37.85425    
   28.67495      19.60145      16.15364      13.45086      11.69161    
   10.98529      6.136993      5.399355     0.9500353     0.5946988    
  0.1351006E-08
 Time to compute number of parameters was 15.80 seconds.
   Threshold =  0.8400000E-06     Condition index =  0.3311871E-12     New Threshold =  0.8650659E-08
 New Guessimate of Estimated Parameters { alpha(~1 + captive + time)sigma(~1)U(~sample_month)Phi(~1)Gamma''(~1)Gamma'(~1) } = 40          
 Conditioned S Vector { alpha(~1 + captive + time)sigma(~1)U(~sample_month)Phi(~1)Gamma''(~1)Gamma'(~1) }:
   1.000000     0.1204835     0.1017643     0.8781480E-01 0.8354083E-01
  0.6840517E-01 0.3521155E-01 0.2337145E-01 0.2087150E-01 0.1940358E-01
  0.1931562E-01 0.1838476E-01 0.1794866E-01 0.1791578E-01 0.1784774E-01
  0.1736027E-01 0.1697785E-01 0.1664224E-01 0.1644200E-01 0.1621784E-01
  0.1590560E-01 0.1496375E-01 0.1486062E-01 0.1430729E-01 0.1258579E-01
  0.1247260E-01 0.1193196E-01 0.1036656E-01 0.9695376E-02 0.9279632E-02
  0.7029409E-02 0.4805120E-02 0.3959922E-02 0.3297360E-02 0.2866093E-02
  0.2692946E-02 0.1504429E-02 0.1323604E-02 0.2328927E-03 0.1457851E-03
  0.3311871E-12
 Number of Estimated Parameters { alpha(~1 + captive + time)sigma(~1)U(~sample_month)Phi(~1)Gamma''(~1)Gamma'(~1) } = 40          
 DEVIANCE { alpha(~1 + captive + time)sigma(~1)U(~sample_month)Phi(~1)Gamma''(~1)Gamma'(~1) } = 1001.8966                     
 DEVIANCE Degrees of Freedom { alpha(~1 + captive + time)sigma(~1)U(~sample_month)Phi(~1)Gamma''(~1)Gamma'(~1) } = -26            
 c-hat { alpha(~1 + captive + time)sigma(~1)U(~sample_month)Phi(~1)Gamma''(~1)Gamma'(~1) } = 1.0000000                     
 AIC { alpha(~1 + captive + time)sigma(~1)U(~sample_month)Phi(~1)Gamma''(~1)Gamma'(~1) } = 1081.8966                  
 AICc { alpha(~1 + captive + time)sigma(~1)U(~sample_month)Phi(~1)Gamma''(~1)Gamma'(~1) } = 1107.5216                    
 BIC { alpha(~1 + captive + time)sigma(~1)U(~sample_month)Phi(~1)Gamma''(~1)Gamma'(~1) } = 1207.0925                    
 Pearson Chisquare { alpha(~1 + captive + time)sigma(~1)U(~sample_month)Phi(~1)Gamma''(~1)Gamma'(~1) } = 0.7227448E+032             

  Program  MARK  - Survival Rate Estimation with Capture-Recapture Data
   gfortran(Win64) Vers. 8.1 Mar 2016    5-Aug-2016 15:43:17    Page  012
 - - - - - - - - - - - - - - - - - - - - - - - - - - - - - - - - - - - - - -
 

   * *  WARNING  * *   Numerical underflow occurred during variance-covariance calculation of this model. 
     IEEE flag status at end of variance-covariance calculation:
     overflow       F
     divide by zero F
     invalid        F
     underflow      T
     inexact        T



 PARM-SPECIFIC Link Function Parameters of { alpha(~1 + captive + time)sigma(~1)U(~sample_month)Phi(~1)Gamma''(~1)Gamma'(~1) }
                                                              95% Confidence Interval
 Parameter                    Beta         Standard Error      Lower           Upper
 -------------------------  --------------  --------------  --------------  --------------
    1:alpha:(Intercept)     0.8628532       0.2443902       0.3838484       1.3418581     
    2:alpha:captive         0.0775215       0.0990366       -0.1165902      0.2716331     
    3:alpha:time1.2         0.1573854       0.2737176       -0.3791010      0.6938719     
    4:alpha:time1.4         0.6855860       0.2427753       0.2097464       1.1614256     
    5:alpha:time1.6         0.6507665       0.2402765       0.1798245       1.1217085     
    6:alpha:time1.8         0.4348539       0.2540654       -0.0631142      0.9328221     
    7:alpha:time3.8         -0.0562422      0.2982211       -0.6407556      0.5282712     
    8:alpha:time4           0.3890521       0.2866769       -0.1728346      0.9509388     
    9:alpha:time4.2         0.1918315       0.2906743       -0.3778901      0.7615531     
   10:alpha:time4.4         0.0890220       0.2897230       -0.4788351      0.6568791     
   11:alpha:time4.6         0.5557223       0.2839150       -.7510184E-003  1.1121956     
   12:alpha:time7.1         0.7564628       0.2761313       0.2152455       1.2976802     
   13:alpha:time7.3         0.3848415       0.2825393       -0.1689356      0.9386185     
   14:alpha:time7.5         0.3671059       0.2828249       -0.1872309      0.9214427     
   15:alpha:time7.7         0.5129374       0.2830423       -0.0418255      1.0677004     
   16:alpha:time7.9         0.5694959       0.2835696       0.0136995       1.1252923     
   17:alpha:time10.567      0.3566154       0.2725469       -0.1775766      0.8908074     
   18:alpha:time10.767      0.1367400       0.2753642       -0.4029738      0.6764538     
   19:alpha:time10.967      -0.1275535      0.2783754       -0.6731693      0.4180622     
   20:alpha:time11.167      0.0601917       0.2759613       -0.4806925      0.6010758     
   21:alpha:time11.367      -0.2508116      0.2793698       -0.7983764      0.2967533     
   22:alpha:time13.134      0.4831267       0.2965929       -0.0981955      1.0644488     
   23:alpha:time13.334      0.2219059       0.2839664       -0.3346683      0.7784801     
   24:alpha:time13.534      0.3345632       0.2815501       -0.2172749      0.8864013     
   25:alpha:time13.734      -0.2198390      0.2946653       -0.7973829      0.3577049     
   26:alpha:time13.934      -0.4150251      0.3134878       -1.0294611      0.1994110     
   27:alpha:time17.101      0.5481740       0.2834325       -0.0073538      1.1037018     
   28:alpha:time17.301      0.2819319       0.2823215       -0.2714182      0.8352820     
   29:alpha:time17.501      0.3436036       0.2877682       -0.2204220      0.9076292     
   30:alpha:time17.701      0.2342307       0.2927954       -0.3396483      0.8081098     
   31:alpha:time17.901      0.5096707       0.2853255       -0.0495672      1.0689086     
   32:sigma:(Intercept)     -1.1834974      0.2237855       -1.6221169      -0.7448779    

  Program  MARK  - Survival Rate Estimation with Capture-Recapture Data
   gfortran(Win64) Vers. 8.1 Mar 2016    5-Aug-2016 15:43:17    Page  013
 - - - - - - - - - - - - - - - - - - - - - - - - - - - - - - - - - - - - - -
 
   33:U:(Intercept)         2.3148325       0.1717204       1.9782605       2.6514046     
   34:U:sample_monthB       0.6750102       0.2209909       0.2418681       1.1081523     
   35:U:sample_monthC       0.5676786       0.2046098       0.1666435       0.9687137     
   36:U:sample_monthD       1.1634217       0.1964244       0.7784298       1.5484136     
   37:U:sample_monthE       0.6453112       0.2064752       0.2406199       1.0500026     
   38:U:sample_monthF       0.7760037       0.2084391       0.3674629       1.1845444     
   39:Phi:(Intercept)       2.0066531       0.4036660       1.2154677       2.7978385     
   40:GammaDoublePrime:(In  -2.9444233      1.0259593       -4.9553035      -0.9335430    
   41:GammaPrime:(Intercep  17.724958       0.0000000       17.724958       17.724958     


 Real Function Parameters of { alpha(~1 + captive + time)sigma(~1)U(~sample_month)Phi(~1)Gamma''(~1)Gamma'(~1) }

      Following estimates based on unstandardized individual covariate values:
          Variable   Value         
          ---------  ------------- 
          CAPTIVE    0.2142857     
                                                               95% Confidence Interval
  Parameter                  Estimate       Standard Error      Lower           Upper
 --------------------------  --------------  --------------  --------------  --------------
     1:alpha g1 a0 t1        2.4096101       0.5785220       1.5150782       3.8322911                           
     2:alpha g1 a0.2 t1.2    2.8203201       0.6640940       1.7888016       4.4466675                           
     3:alpha g1 a0.4 t1.4    4.7829185       0.9655150       3.2327565       7.0764097                           
     4:alpha g1 a0.6 t1.6    4.6192458       0.9323495       3.1222918       6.8339005                           
     5:alpha g1 a0.8 t1.8    3.7222148       0.7980527       2.4566592       5.6397253                           
     6:alpha g1 a2.8 t3.8    2.2778289       0.4293074       1.5793859       3.2851404                           
     7:alpha g1 a3 t4        3.5555760       0.6022858       2.5570500       4.9440256                           
     8:alpha g1 a3.2 t4.2    2.9191615       0.5134555       2.0733629       4.1099916                           
     9:alpha g1 a3.4 t4.4    2.6339561       0.4447447       1.8962214       3.6587103                           
    10:alpha g1 a3.6 t4.6    4.2004315       0.6908080       3.0495425       5.7856628                           
    11:alpha g1 a6.1 t7.1    5.1342192       0.7743380       3.8266243       6.8886320                           
    12:alpha g1 a6.3 t7.3    3.5406361       0.5856553       2.5658476       4.8857556                           
    13:alpha g1 a6.5 t7.5    3.4783945       0.5755795       2.5204364       4.8004499                           
    14:alpha g1 a6.7 t7.7    4.0245069       0.6542311       2.9325039       5.5231488                           
    15:alpha g1 a6.9 t7.9    4.2586868       0.6961349       3.0977759       5.8546562                           
    16:alpha g1 a9.567 t10.  3.4420953       0.4800225       2.6223236       4.5181380                           
    17:alpha g1 a9.767 t10.  2.7626903       0.4006556       2.0822234       3.6655327                           
    18:alpha g1 a9.967 t10.  2.1210503       0.3192332       1.5818069       2.8441237                           
    19:alpha g1 a10.167 t11  2.5591025       0.3670476       1.9347287       3.3849737                           
    20:alpha g1 a10.367 t11  1.8750838       0.2829198       1.3973587       2.5161323                           
    21:alpha g1 a12.134 t13  3.9063038       0.7330241       2.7127747       5.6249453                           
    22:alpha g1 a12.334 t13  3.0082871       0.4921514       2.1876604       4.1367443                           
    23:alpha g1 a12.534 t13  3.3670203       0.5250256       2.4849076       4.5622723                           
    24:alpha g1 a12.734 t13  1.9340688       0.3499105       1.3605314       2.7493830                           
    25:alpha g1 a12.934 t13  1.5911227       0.3379816       1.0541001       2.4017372                           
    26:alpha g1 a16.101 t17  4.1688447       0.6543969       3.0705045       5.6600687                           

  Program  MARK  - Survival Rate Estimation with Capture-Recapture Data
   gfortran(Win64) Vers. 8.1 Mar 2016    5-Aug-2016 15:43:17    Page  014
 - - - - - - - - - - - - - - - - - - - - - - - - - - - - - - - - - - - - - -
 
    27:alpha g1 a16.301 t17  3.1943923       0.4953071       2.3614879       4.3210646                           
    28:alpha g1 a16.501 t17  3.3975974       0.5609087       2.4637025       4.6854961                           
    29:alpha g1 a16.701 t17  3.0455932       0.5217685       2.1822044       4.2505816                           
    30:alpha g1 a16.901 t17  4.0113812       0.6451821       2.9326428       5.4869210                           
    31:sigma g1 a0 t1        0.3062059       0.0685244       0.1985390       0.4722601                           
    32:U g1 a0 t1            10.123227       1.7383649       7.2478351       14.139357                           
    33:U g1 a2.8 t3.8        19.882555       2.7757634       15.142880       26.105733                           
    34:U g1 a6.1 t7.1        17.859063       2.0254378       14.309631       22.288914                           
    35:U g1 a9.567 t10.567   32.403105       3.1537988       26.787535       39.195888                           
    36:U g1 a12.134 t13.134  19.300746       2.2499739       15.370166       24.236483                           
    37:U g1 a16.101 t17.101  21.995462       2.6190966       17.431367       27.754584                           
    38:Phi g1 c1 a0.8 t1.8   0.8814938       0.0421679       0.7712650       0.9425589                           
    39:Gamma'' g1 c1 a0.8 t  0.0500007       0.0487338       0.0069966       0.2822065                           
    40:Gamma' g1 c1 a0.8 t1  1.0000000       0.0000000       1.0000000       1.0000000                           
    41:Phi g1 c1 a0 t1       1.0000000       0.0000000       1.0000000       1.0000000       Fixed               
    42:Gamma'' g1 c1 a0 t1   0.0000000       0.0000000       0.0000000       0.0000000       Fixed               

  Program  MARK  - Survival Rate Estimation with Capture-Recapture Data
   gfortran(Win64) Vers. 8.1 Mar 2016    5-Aug-2016 15:43:17    Page  015
 - - - - - - - - - - - - - - - - - - - - - - - - - - - - - - - - - - - - - -
 


                      Estimates of Derived Parameters
 Population Estimates of { alpha(~1 + captive + time)sigma(~1)U(~sample_month)Phi(~1)Gamma''(~1)Gamma'(~1) }
                                                95% Confidence Interval
 Grp. Occ.   N-hat           Standard Error      Lower           Upper
 ---- ----   --------------  --------------  --------------  --------------
   1     1   13.123227       1.7383657       10.133846       16.994445     
   1     2   13.123227       1.7383657       10.133846       16.994445     
   1     3   13.123227       1.7383657       10.133846       16.994445     
   1     4   12.152043       1.7528354       9.1727494       16.099006     
   1     5   13.123227       1.7383657       10.133846       16.994445     
   1     6   24.882555       2.7757637       20.009268       30.942737     
   1     7   24.882555       2.7757637       20.009268       30.942737     
   1     8   24.882555       2.7757637       20.009268       30.942737     
   1     9   22.076430       2.8299434       17.189250       28.353113     
   1    10   24.882555       2.7757637       20.009268       30.942737     
   1    11   22.917249       2.0503798       19.237862       27.300346     
   1    12   22.018003       2.0751617       18.311730       26.474422     
   1    13   22.026562       2.0804047       18.311665       26.495101     
   1    14   21.972535       2.0670196       18.280161       26.410723     
   1    15   21.953398       2.0622569       18.269040       26.380788     
   1    16   39.720052       3.2479523       33.847047       46.612119     
   1    17   39.975928       3.2988497       34.015314       46.981040     
   1    18   40.459677       3.3858047       34.348983       47.657467     
   1    19   40.111937       3.3188585       34.116470       47.161020     
   1    20   38.389965       3.3441426       32.374900       45.522594     
   1    21   23.418229       2.2996591       19.327042       28.375447     
   1    22   24.621840       2.3415243       20.443362       29.654369     
   1    23   24.546336       2.3261057       20.393993       29.544122     
   1    24   22.845702       2.3774315       18.640659       27.999337     
   1    25   24.336476       2.5203097       19.876494       29.797209     
   1    26   27.123523       2.6655224       22.381797       32.869813     
   1    27   27.279864       2.7011238       22.478337       33.107031     
   1    28   27.234818       2.6991910       22.437167       33.058331     
   1    29   26.264500       2.7032898       21.477701       32.118147     
   1    30   27.140487       2.6720277       22.388029       32.901782     
 Mean Resighting Rate Estimates of { alpha(~1 + captive + time)sigma(~1)U(~sample_month)Phi(~1)Gamma''(~1)Gamma'(~1) }
                                                95% Confidence Interval
 Grp. Occ.   Lambda-hat      Standard Error      Lower           Upper
 ---- ----   --------------  --------------  --------------  --------------
   1     1   2.5252649       0.6021331       1.5927186       4.0038227     
   1     2   2.9556880       0.6895078       1.8823917       4.6409530     
   1     3   5.0124858       1.0017925       3.4008888       7.3877788     
   1     4   4.8409572       0.9616054       3.2921458       7.1184170     
   1     5   3.9008711       0.8286779       2.5841979       5.8884018     
   1     6   2.3871586       0.4442360       1.6627277       3.4272156     
   1     7   3.7262341       0.6216669       2.6929652       5.1559600     
   1     8   3.0592735       0.5307486       2.1829078       4.2874712     
   1     9   2.7603789       0.4544409       2.0034049       3.8033708     

  Program  MARK  - Survival Rate Estimation with Capture-Recapture Data
   gfortran(Win64) Vers. 8.1 Mar 2016    5-Aug-2016 15:43:17    Page  016
 - - - - - - - - - - - - - - - - - - - - - - - - - - - - - - - - - - - - - -
 
   1    10   4.4020410       0.7127330       3.2116219       6.0337005     
   1    11   5.7758302       0.7927475       4.4190341       7.5492096     
   1    12   3.9504472       0.6006819       2.9373388       5.3129836     
   1    13   4.1240565       0.5966865       3.1103131       5.4682089     
   1    14   4.9468886       0.6749416       3.7907853       6.4555770     
   1    15   5.4399475       0.7197908       4.2019764       7.0426452     
   1    16   4.1536844       0.4986434       3.2855759       5.2511629     
   1    17   3.8188370       0.4332235       3.0596681       4.7663720     
   1    18   2.9665581       0.3576300       2.3442573       3.7540533     
   1    19   3.3313909       0.3931469       2.6455634       4.1950101     
   1    20   2.4664277       0.3131133       1.9250318       3.1600858     
   1    21   5.5482307       0.7795698       4.2182851       7.2974831     
   1    22   3.5277344       0.5135303       2.6560343       4.6855230     
   1    23   3.9100028       0.5432012       2.9818484       5.1270622     
   1    24   2.5895451       0.3914153       1.9287952       3.4766490     
   1    25   3.2428874       0.4797627       2.4304193       4.3269564     
   1    26   4.7590208       0.6783248       3.6041204       6.2839961     
   1    27   3.3477145       0.5095997       2.4883691       4.5038306     
   1    28   4.1334136       0.5899739       3.1291348       5.4600102     
   1    29   3.8964194       0.5548826       2.9515708       5.1437302     
   1    30   4.7871198       0.6722050       3.6402381       6.2953343     
 Pr(Captured 1 or more times) of { alpha(~1 + captive + time)sigma(~1)U(~sample_month)Phi(~1)Gamma''(~1)Gamma'(~1) }
                                                95% Confidence Interval
 Grp. Occ.      p*-hat       Standard Error      Lower           Upper
 ---- ----   --------------  --------------  --------------  --------------
   1     1   0.3013444       0.0164365       0.2701384       0.3345031     
   1     2   0.3109361       0.0129638       0.2861127       0.3368967     
   1     3   0.3287179       0.0036280       0.3216466       0.3358678     
   1     4   0.4928984       0.0055511       0.4820234       0.5037802     
   1     5   0.3227466       0.0070941       0.3090018       0.3368047     
   1     6   0.1775166       0.0086138       0.1612579       0.1950334     
   1     7   0.1922805       0.0039885       0.1845838       0.2002193     
   1     8   0.1870008       0.0058213       0.1758580       0.1986793     
   1     9   0.4558144       0.0173103       0.4221423       0.4898955     
   1    10   0.1953536       0.0027169       0.1900834       0.2007337     
   1    11   0.1984361       0.0010589       0.1963688       0.2005197     
   1    12   0.2424190       0.0039989       0.2346675       0.2503428     
   1    13   0.2436646       0.0033357       0.2371863       0.2502618     
   1    14   0.2465907       0.0020284       0.2426367       0.2505878     
   1    15   0.2477628       0.0014179       0.2449941       0.2505523     
   1    16   0.1391291       0.0016625       0.1359025       0.1424197     
   1    17   0.1383719       0.0018086       0.1348650       0.1419551     
   1    18   0.1335851       0.0030874       0.1276490       0.1397531     
   1    19   0.1357619       0.0025601       0.1308218       0.1408582     
   1    20   0.1794533       0.0059582       0.1680706       0.1914295     
   1    21   0.2482063       0.0012081       0.2458460       0.2505817     
   1    22   0.1915733       0.0038278       0.1841828       0.1991880     
   1    23   0.1935048       0.0030941       0.1875125       0.1996416     
   1    24   0.3032436       0.0107678       0.2825623       0.3247534     
   1    25   0.2383344       0.0053166       0.2280708       0.2489110     

  Program  MARK  - Survival Rate Estimation with Capture-Recapture Data
   gfortran(Win64) Vers. 8.1 Mar 2016    5-Aug-2016 15:43:18    Page  017
 - - - - - - - - - - - - - - - - - - - - - - - - - - - - - - - - - - - - - -
 
   1    26   0.1965755       0.0019440       0.1927931       0.2004137     
   1    27   0.1892362       0.0046535       0.1802833       0.1985259     
   1    28   0.1947250       0.0026605       0.1895632       0.1999926     
   1    29   0.2419468       0.0038557       0.2344702       0.2495841     
   1    30   0.1967901       0.0018198       0.1932477       0.2003813     

 Attempted ordering of parameters by estimatibility:
   1 36 33 38 35 34  2 17 18 12 20 27 37 11 28 24 31 16  8 21 15 23 29 10 13
   5 25  9  4 22 19 14  6 32 30  7  3 39 26 40 41
 Beta number 41 is a singular value.

     CPU Time in seconds for last procedure was 30.81


  INPUT --- proc stop;

   * *  WARNING  * *   Numerical underflow occurred during final processing of this model. 
     IEEE flag status at final processing of this model:
     overflow       F
     divide by zero F
     invalid        F
     underflow      T
     inexact        T


     CPU Time in minutes for this job was 0.51

     Time Start = 15:42:56.560   Time End = 15:43:18.077

     Wall Clock Time in minutes for this job was 0.36


          E X E C U T I O N   S U C C E S S F U L 
