
   Program  MARK  - Survival Rate Estimation with Capture-Recapture Data
   gfortran(Win64) Vers. 8.1 Mar 2016    5-Aug-2016 17:37:28    Page  001
 - - - - - - - - - - - - - - - - - - - - - - - - - - - - - - - - - - - - - -
 
   This version was compiled by GCC version 5.3.0 using the options: 
     -cpp -iprefix c:\tdm-gcc-64\gcc\bin\../lib/gcc/x86_64-w64-mingw32/5.3.0/ -D_MT
     -U_REENTRANT -D IEEE -m64 -mtune=generic -march=x86-64 -mthreads -O2
     -fimplicit-none -fbounds-check -funroll-loops -ftree-vectorize
     -ffpe-summary=invalid,zero,overflow,underflow -fno-unsafe-math-optimizations
     -frounding-math -fsignaling-nans -fopenmp.

   This problem will use 3 of 4 possible threads.


  INPUT --- proc title ;

     CPU Time in seconds for last procedure was 0.00


  INPUT --- proc chmatrix occasions= 30 groups= 1 etype= PoissonMR 
  INPUT --- ICMeans NoHist hist= 14 ;

  INPUT ---    time  interval 0.2 0.2 0.2 0.2 2 0.2 0.2 0.2 0.2 2.5 0.2 
  INPUT ---    0.2 0.2 0.2 2.667 0.2 0.2 0.2 0.2 1.767 0.2 0.2  0.2 0.2 
  INPUT ---    3.167 0.2 0.2 0.2 0.2 ;

  INPUT ---    glabel(1)=Group 1;

      Number of unique encounter histories read was 14.

      Number of individual covariates read was 0.
      Time interval lengths vary and/or not equal to 1.

      Data type number is 115
      Data type is Poisson Mark Resight with Robust Design                                                             

     CPU Time in seconds for last procedure was 0.00

  Program  MARK  - Survival Rate Estimation with Capture-Recapture Data
   gfortran(Win64) Vers. 8.1 Mar 2016    5-Aug-2016 17:37:28    Page  002
 - - - - - - - - - - - - - - - - - - - - - - - - - - - - - - - - - - - - - -
 


  INPUT --- proc estimate link=Parm-Specific NOLOOP varest=2ndPart    ;


  INPUT --- model={ alpha(~1 + 
  INPUT --- time)sigma(~1)U(~sample_month)Phi(~1)Gamma''(~1)Gamma'(~1) 
  INPUT --- };

  INPUT ---    fixed=2;
  INPUT ---        parm(41)=1 ;
  INPUT ---        parm(42)=0 ;

  INPUT ---    group=1 alpha    rows=1 cols=30 Square ;
  INPUT ---        1 2 3 4 5 6 7 8 9 10 11 12 13 14 15 16 17 18 19 20 21 22 
  INPUT ---       23 24 25 26 27 28 29 30 ;

  INPUT ---    group=1 sigma    rows=1 cols=30 Square ;
  INPUT ---        31 31 31 31 31 31 31 31 31 31 31 31 31 31 31 31 31 31 31 
  INPUT ---       31 31 31 31 31 31 31 31 31 31 31 ;

  INPUT ---    group=1 U    rows=1 cols=30 Square ;
  INPUT ---        32 32 32 32 32 33 33 33 33 33 34 34 34 34 34 35 35 35 35 
  INPUT ---       35 36 36 36 36 36 37 37 37 37 37 ;

  INPUT ---    group=1 Phi    rows=29 cols=29 Triang ;
  INPUT ---        41 41 41 41 38 41 41 41 41 38 41 41 41 41 38 41 41 41 41 
  INPUT ---       38 41 41 41 41 38 41 41 41 41 ;
  INPUT ---        41 41 41 41 41 41 41 41 41 41 41 41 41 41 41 41 41 41 41 
  INPUT ---       41 41 41 41 41 41 41 41 41 ;
  INPUT ---        41 41 41 41 41 41 41 41 41 41 41 41 41 41 41 41 41 41 41 
  INPUT ---       41 41 41 41 41 41 41 41 ;
  INPUT ---        41 41 41 41 41 41 41 41 41 41 41 41 41 41 41 41 41 41 41 
  INPUT ---       41 41 41 41 41 41 41 ;
  INPUT ---        41 41 41 41 41 41 41 41 41 41 41 41 41 41 41 41 41 41 41 
  INPUT ---       41 41 41 41 41 41 ;
  INPUT ---        41 41 41 41 38 41 41 41 41 38 41 41 41 41 38 41 41 41 41 
  INPUT ---       38 41 41 41 41 ;
  INPUT ---        41 41 41 41 41 41 41 41 41 41 41 41 41 41 41 41 41 41 41 
  INPUT ---       41 41 41 41 ;
  INPUT ---        41 41 41 41 41 41 41 41 41 41 41 41 41 41 41 41 41 41 41 
  INPUT ---       41 41 41 ;
  INPUT ---        41 41 41 41 41 41 41 41 41 41 41 41 41 41 41 41 41 41 41 
  INPUT ---       41 41 ;
  INPUT ---        41 41 41 41 41 41 41 41 41 41 41 41 41 41 41 41 41 41 41 
  INPUT ---       41 ;

  Program  MARK  - Survival Rate Estimation with Capture-Recapture Data
   gfortran(Win64) Vers. 8.1 Mar 2016    5-Aug-2016 17:37:28    Page  003
 - - - - - - - - - - - - - - - - - - - - - - - - - - - - - - - - - - - - - -
 
  INPUT ---        41 41 41 41 38 41 41 41 41 38 41 41 41 41 38 41 41 41 41 ;
  INPUT ---        41 41 41 41 41 41 41 41 41 41 41 41 41 41 41 41 41 41 ;
  INPUT ---        41 41 41 41 41 41 41 41 41 41 41 41 41 41 41 41 41 ;
  INPUT ---        41 41 41 41 41 41 41 41 41 41 41 41 41 41 41 41 ;
  INPUT ---        41 41 41 41 41 41 41 41 41 41 41 41 41 41 41 ;
  INPUT ---        41 41 41 41 38 41 41 41 41 38 41 41 41 41 ;
  INPUT ---        41 41 41 41 41 41 41 41 41 41 41 41 41 ;
  INPUT ---        41 41 41 41 41 41 41 41 41 41 41 41 ;
  INPUT ---        41 41 41 41 41 41 41 41 41 41 41 ;
  INPUT ---        41 41 41 41 41 41 41 41 41 41 ;
  INPUT ---        41 41 41 41 38 41 41 41 41 ;
  INPUT ---        41 41 41 41 41 41 41 41 ;
  INPUT ---        41 41 41 41 41 41 41 ;
  INPUT ---        41 41 41 41 41 41 ;
  INPUT ---        41 41 41 41 41 ;
  INPUT ---        41 41 41 41 ;
  INPUT ---        41 41 41 ;
  INPUT ---        41 41 ;
  INPUT ---        41 ;

  INPUT ---    group=1 Gamma''    rows=29 cols=29 Triang ;
  INPUT ---        42 42 42 42 39 42 42 42 42 39 42 42 42 42 39 42 42 42 42 
  INPUT ---       39 42 42 42 42 39 42 42 42 42 ;
  INPUT ---        42 42 42 42 42 42 42 42 42 42 42 42 42 42 42 42 42 42 42 
  INPUT ---       42 42 42 42 42 42 42 42 42 ;
  INPUT ---        42 42 42 42 42 42 42 42 42 42 42 42 42 42 42 42 42 42 42 
  INPUT ---       42 42 42 42 42 42 42 42 ;
  INPUT ---        42 42 42 42 42 42 42 42 42 42 42 42 42 42 42 42 42 42 42 
  INPUT ---       42 42 42 42 42 42 42 ;
  INPUT ---        42 42 42 42 42 42 42 42 42 42 42 42 42 42 42 42 42 42 42 
  INPUT ---       42 42 42 42 42 42 ;
  INPUT ---        42 42 42 42 39 42 42 42 42 39 42 42 42 42 39 42 42 42 42 
  INPUT ---       39 42 42 42 42 ;
  INPUT ---        42 42 42 42 42 42 42 42 42 42 42 42 42 42 42 42 42 42 42 
  INPUT ---       42 42 42 42 ;
  INPUT ---        42 42 42 42 42 42 42 42 42 42 42 42 42 42 42 42 42 42 42 
  INPUT ---       42 42 42 ;
  INPUT ---        42 42 42 42 42 42 42 42 42 42 42 42 42 42 42 42 42 42 42 
  INPUT ---       42 42 ;
  INPUT ---        42 42 42 42 42 42 42 42 42 42 42 42 42 42 42 42 42 42 42 
  INPUT ---       42 ;
  INPUT ---        42 42 42 42 39 42 42 42 42 39 42 42 42 42 39 42 42 42 42 ;
  INPUT ---        42 42 42 42 42 42 42 42 42 42 42 42 42 42 42 42 42 42 ;
  INPUT ---        42 42 42 42 42 42 42 42 42 42 42 42 42 42 42 42 42 ;
  INPUT ---        42 42 42 42 42 42 42 42 42 42 42 42 42 42 42 42 ;
  INPUT ---        42 42 42 42 42 42 42 42 42 42 42 42 42 42 42 ;

  Program  MARK  - Survival Rate Estimation with Capture-Recapture Data
   gfortran(Win64) Vers. 8.1 Mar 2016    5-Aug-2016 17:37:28    Page  004
 - - - - - - - - - - - - - - - - - - - - - - - - - - - - - - - - - - - - - -
 
  INPUT ---        42 42 42 42 39 42 42 42 42 39 42 42 42 42 ;
  INPUT ---        42 42 42 42 42 42 42 42 42 42 42 42 42 ;
  INPUT ---        42 42 42 42 42 42 42 42 42 42 42 42 ;
  INPUT ---        42 42 42 42 42 42 42 42 42 42 42 ;
  INPUT ---        42 42 42 42 42 42 42 42 42 42 ;
  INPUT ---        42 42 42 42 39 42 42 42 42 ;
  INPUT ---        42 42 42 42 42 42 42 42 ;
  INPUT ---        42 42 42 42 42 42 42 ;
  INPUT ---        42 42 42 42 42 42 ;
  INPUT ---        42 42 42 42 42 ;
  INPUT ---        42 42 42 42 ;
  INPUT ---        42 42 42 ;
  INPUT ---        42 42 ;
  INPUT ---        42 ;

  INPUT ---    group=1 Gamma'    rows=28 cols=28 Triang ;
  INPUT ---        42 42 42 40 42 42 42 42 40 42 42 42 42 40 42 42 42 42 40 
  INPUT ---       42 42 42 42 40 42 42 42 42 ;
  INPUT ---        42 42 42 42 42 42 42 42 42 42 42 42 42 42 42 42 42 42 42 
  INPUT ---       42 42 42 42 42 42 42 42 ;
  INPUT ---        42 42 42 42 42 42 42 42 42 42 42 42 42 42 42 42 42 42 42 
  INPUT ---       42 42 42 42 42 42 42 ;
  INPUT ---        42 42 42 42 42 42 42 42 42 42 42 42 42 42 42 42 42 42 42 
  INPUT ---       42 42 42 42 42 42 ;
  INPUT ---        42 42 42 42 42 42 42 42 42 42 42 42 42 42 42 42 42 42 42 
  INPUT ---       42 42 42 42 42 ;
  INPUT ---        42 42 42 40 42 42 42 42 40 42 42 42 42 40 42 42 42 42 40 
  INPUT ---       42 42 42 42 ;
  INPUT ---        42 42 42 42 42 42 42 42 42 42 42 42 42 42 42 42 42 42 42 
  INPUT ---       42 42 42 ;
  INPUT ---        42 42 42 42 42 42 42 42 42 42 42 42 42 42 42 42 42 42 42 
  INPUT ---       42 42 ;
  INPUT ---        42 42 42 42 42 42 42 42 42 42 42 42 42 42 42 42 42 42 42 
  INPUT ---       42 ;
  INPUT ---        42 42 42 42 42 42 42 42 42 42 42 42 42 42 42 42 42 42 42 ;
  INPUT ---        42 42 42 40 42 42 42 42 40 42 42 42 42 40 42 42 42 42 ;
  INPUT ---        42 42 42 42 42 42 42 42 42 42 42 42 42 42 42 42 42 ;
  INPUT ---        42 42 42 42 42 42 42 42 42 42 42 42 42 42 42 42 ;
  INPUT ---        42 42 42 42 42 42 42 42 42 42 42 42 42 42 42 ;
  INPUT ---        42 42 42 42 42 42 42 42 42 42 42 42 42 42 ;
  INPUT ---        42 42 42 40 42 42 42 42 40 42 42 42 42 ;
  INPUT ---        42 42 42 42 42 42 42 42 42 42 42 42 ;
  INPUT ---        42 42 42 42 42 42 42 42 42 42 42 ;
  INPUT ---        42 42 42 42 42 42 42 42 42 42 ;
  INPUT ---        42 42 42 42 42 42 42 42 42 ;
  INPUT ---        42 42 42 40 42 42 42 42 ;

  Program  MARK  - Survival Rate Estimation with Capture-Recapture Data
   gfortran(Win64) Vers. 8.1 Mar 2016    5-Aug-2016 17:37:28    Page  005
 - - - - - - - - - - - - - - - - - - - - - - - - - - - - - - - - - - - - - -
 
  INPUT ---        42 42 42 42 42 42 42 ;
  INPUT ---        42 42 42 42 42 42 ;
  INPUT ---        42 42 42 42 42 ;
  INPUT ---        42 42 42 42 ;
  INPUT ---        42 42 42 ;
  INPUT ---        42 42 ;
  INPUT ---        42 ;

  INPUT ---    initial  0.8492106 0 0 0 0 0 0 0 0 0 0 0 0 0 0 0 0 0 0 0 0 
  INPUT ---    0 0 0 0 0 0 0 0 0 -0.3123235 3.1395679 0 0 0 0 0 2.006664 
  INPUT ---    -2.9444176 -6.0725376  ;

  INPUT ---    design matrix constraints=42 covariates=40;
  INPUT ---        1 0 0 0 0 0 0 0 0 0 0 0 0 0 0 0 0 0 0 0 0 0 0 0 0 0 0 0 0 
  INPUT ---       0 0 0 0 0 0 0 0 0 0 0;
  INPUT ---        1 1 0 0 0 0 0 0 0 0 0 0 0 0 0 0 0 0 0 0 0 0 0 0 0 0 0 0 0 
  INPUT ---       0 0 0 0 0 0 0 0 0 0 0;
  INPUT ---        1 0 1 0 0 0 0 0 0 0 0 0 0 0 0 0 0 0 0 0 0 0 0 0 0 0 0 0 0 
  INPUT ---       0 0 0 0 0 0 0 0 0 0 0;
  INPUT ---        1 0 0 1 0 0 0 0 0 0 0 0 0 0 0 0 0 0 0 0 0 0 0 0 0 0 0 0 0 
  INPUT ---       0 0 0 0 0 0 0 0 0 0 0;
  INPUT ---        1 0 0 0 1 0 0 0 0 0 0 0 0 0 0 0 0 0 0 0 0 0 0 0 0 0 0 0 0 
  INPUT ---       0 0 0 0 0 0 0 0 0 0 0;
  INPUT ---        1 0 0 0 0 1 0 0 0 0 0 0 0 0 0 0 0 0 0 0 0 0 0 0 0 0 0 0 0 
  INPUT ---       0 0 0 0 0 0 0 0 0 0 0;
  INPUT ---        1 0 0 0 0 0 1 0 0 0 0 0 0 0 0 0 0 0 0 0 0 0 0 0 0 0 0 0 0 
  INPUT ---       0 0 0 0 0 0 0 0 0 0 0;
  INPUT ---        1 0 0 0 0 0 0 1 0 0 0 0 0 0 0 0 0 0 0 0 0 0 0 0 0 0 0 0 0 
  INPUT ---       0 0 0 0 0 0 0 0 0 0 0;
  INPUT ---        1 0 0 0 0 0 0 0 1 0 0 0 0 0 0 0 0 0 0 0 0 0 0 0 0 0 0 0 0 
  INPUT ---       0 0 0 0 0 0 0 0 0 0 0;
  INPUT ---        1 0 0 0 0 0 0 0 0 1 0 0 0 0 0 0 0 0 0 0 0 0 0 0 0 0 0 0 0 
  INPUT ---       0 0 0 0 0 0 0 0 0 0 0;
  INPUT ---        1 0 0 0 0 0 0 0 0 0 1 0 0 0 0 0 0 0 0 0 0 0 0 0 0 0 0 0 0 
  INPUT ---       0 0 0 0 0 0 0 0 0 0 0;
  INPUT ---        1 0 0 0 0 0 0 0 0 0 0 1 0 0 0 0 0 0 0 0 0 0 0 0 0 0 0 0 0 
  INPUT ---       0 0 0 0 0 0 0 0 0 0 0;
  INPUT ---        1 0 0 0 0 0 0 0 0 0 0 0 1 0 0 0 0 0 0 0 0 0 0 0 0 0 0 0 0 
  INPUT ---       0 0 0 0 0 0 0 0 0 0 0;
  INPUT ---        1 0 0 0 0 0 0 0 0 0 0 0 0 1 0 0 0 0 0 0 0 0 0 0 0 0 0 0 0 
  INPUT ---       0 0 0 0 0 0 0 0 0 0 0;
  INPUT ---        1 0 0 0 0 0 0 0 0 0 0 0 0 0 1 0 0 0 0 0 0 0 0 0 0 0 0 0 0 
  INPUT ---       0 0 0 0 0 0 0 0 0 0 0;
  INPUT ---        1 0 0 0 0 0 0 0 0 0 0 0 0 0 0 1 0 0 0 0 0 0 0 0 0 0 0 0 0 
  INPUT ---       0 0 0 0 0 0 0 0 0 0 0;
  INPUT ---        1 0 0 0 0 0 0 0 0 0 0 0 0 0 0 0 1 0 0 0 0 0 0 0 0 0 0 0 0 

  Program  MARK  - Survival Rate Estimation with Capture-Recapture Data
   gfortran(Win64) Vers. 8.1 Mar 2016    5-Aug-2016 17:37:28    Page  006
 - - - - - - - - - - - - - - - - - - - - - - - - - - - - - - - - - - - - - -
 
  INPUT ---       0 0 0 0 0 0 0 0 0 0 0;
  INPUT ---        1 0 0 0 0 0 0 0 0 0 0 0 0 0 0 0 0 1 0 0 0 0 0 0 0 0 0 0 0 
  INPUT ---       0 0 0 0 0 0 0 0 0 0 0;
  INPUT ---        1 0 0 0 0 0 0 0 0 0 0 0 0 0 0 0 0 0 1 0 0 0 0 0 0 0 0 0 0 
  INPUT ---       0 0 0 0 0 0 0 0 0 0 0;
  INPUT ---        1 0 0 0 0 0 0 0 0 0 0 0 0 0 0 0 0 0 0 1 0 0 0 0 0 0 0 0 0 
  INPUT ---       0 0 0 0 0 0 0 0 0 0 0;
  INPUT ---        1 0 0 0 0 0 0 0 0 0 0 0 0 0 0 0 0 0 0 0 1 0 0 0 0 0 0 0 0 
  INPUT ---       0 0 0 0 0 0 0 0 0 0 0;
  INPUT ---        1 0 0 0 0 0 0 0 0 0 0 0 0 0 0 0 0 0 0 0 0 1 0 0 0 0 0 0 0 
  INPUT ---       0 0 0 0 0 0 0 0 0 0 0;
  INPUT ---        1 0 0 0 0 0 0 0 0 0 0 0 0 0 0 0 0 0 0 0 0 0 1 0 0 0 0 0 0 
  INPUT ---       0 0 0 0 0 0 0 0 0 0 0;
  INPUT ---        1 0 0 0 0 0 0 0 0 0 0 0 0 0 0 0 0 0 0 0 0 0 0 1 0 0 0 0 0 
  INPUT ---       0 0 0 0 0 0 0 0 0 0 0;
  INPUT ---        1 0 0 0 0 0 0 0 0 0 0 0 0 0 0 0 0 0 0 0 0 0 0 0 1 0 0 0 0 
  INPUT ---       0 0 0 0 0 0 0 0 0 0 0;
  INPUT ---        1 0 0 0 0 0 0 0 0 0 0 0 0 0 0 0 0 0 0 0 0 0 0 0 0 1 0 0 0 
  INPUT ---       0 0 0 0 0 0 0 0 0 0 0;
  INPUT ---        1 0 0 0 0 0 0 0 0 0 0 0 0 0 0 0 0 0 0 0 0 0 0 0 0 0 1 0 0 
  INPUT ---       0 0 0 0 0 0 0 0 0 0 0;
  INPUT ---        1 0 0 0 0 0 0 0 0 0 0 0 0 0 0 0 0 0 0 0 0 0 0 0 0 0 0 1 0 
  INPUT ---       0 0 0 0 0 0 0 0 0 0 0;
  INPUT ---        1 0 0 0 0 0 0 0 0 0 0 0 0 0 0 0 0 0 0 0 0 0 0 0 0 0 0 0 1 
  INPUT ---       0 0 0 0 0 0 0 0 0 0 0;
  INPUT ---        1 0 0 0 0 0 0 0 0 0 0 0 0 0 0 0 0 0 0 0 0 0 0 0 0 0 0 0 0 
  INPUT ---       1 0 0 0 0 0 0 0 0 0 0;
  INPUT ---        0 0 0 0 0 0 0 0 0 0 0 0 0 0 0 0 0 0 0 0 0 0 0 0 0 0 0 0 0 
  INPUT ---       0 1 0 0 0 0 0 0 0 0 0;
  INPUT ---        0 0 0 0 0 0 0 0 0 0 0 0 0 0 0 0 0 0 0 0 0 0 0 0 0 0 0 0 0 
  INPUT ---       0 0 1 0 0 0 0 0 0 0 0;
  INPUT ---        0 0 0 0 0 0 0 0 0 0 0 0 0 0 0 0 0 0 0 0 0 0 0 0 0 0 0 0 0 
  INPUT ---       0 0 1 1 0 0 0 0 0 0 0;
  INPUT ---        0 0 0 0 0 0 0 0 0 0 0 0 0 0 0 0 0 0 0 0 0 0 0 0 0 0 0 0 0 
  INPUT ---       0 0 1 0 1 0 0 0 0 0 0;
  INPUT ---        0 0 0 0 0 0 0 0 0 0 0 0 0 0 0 0 0 0 0 0 0 0 0 0 0 0 0 0 0 
  INPUT ---       0 0 1 0 0 1 0 0 0 0 0;
  INPUT ---        0 0 0 0 0 0 0 0 0 0 0 0 0 0 0 0 0 0 0 0 0 0 0 0 0 0 0 0 0 
  INPUT ---       0 0 1 0 0 0 1 0 0 0 0;
  INPUT ---        0 0 0 0 0 0 0 0 0 0 0 0 0 0 0 0 0 0 0 0 0 0 0 0 0 0 0 0 0 
  INPUT ---       0 0 1 0 0 0 0 1 0 0 0;
  INPUT ---        0 0 0 0 0 0 0 0 0 0 0 0 0 0 0 0 0 0 0 0 0 0 0 0 0 0 0 0 0 
  INPUT ---       0 0 0 0 0 0 0 0 1 0 0;
  INPUT ---        0 0 0 0 0 0 0 0 0 0 0 0 0 0 0 0 0 0 0 0 0 0 0 0 0 0 0 0 0 
  INPUT ---       0 0 0 0 0 0 0 0 0 1 0;
  INPUT ---        0 0 0 0 0 0 0 0 0 0 0 0 0 0 0 0 0 0 0 0 0 0 0 0 0 0 0 0 0 

  Program  MARK  - Survival Rate Estimation with Capture-Recapture Data
   gfortran(Win64) Vers. 8.1 Mar 2016    5-Aug-2016 17:37:28    Page  007
 - - - - - - - - - - - - - - - - - - - - - - - - - - - - - - - - - - - - - -
 
  INPUT ---       0 0 0 0 0 0 0 0 0 0 1;
  INPUT ---        0 0 0 0 0 0 0 0 0 0 0 0 0 0 0 0 0 0 0 0 0 0 0 0 0 0 0 0 0 
  INPUT ---       0 0 0 0 0 0 0 0 0 0 0;
  INPUT ---        0 0 0 0 0 0 0 0 0 0 0 0 0 0 0 0 0 0 0 0 0 0 0 0 0 0 0 0 0 
  INPUT ---       0 0 0 0 0 0 0 0 0 0 0;

  INPUT ---    links=42;

  INPUT ---    Log;

  INPUT ---    Log;

  INPUT ---    Log;

  INPUT ---    Log;

  INPUT ---    Log;

  INPUT ---    Log;

  INPUT ---    Log;

  INPUT ---    Log;

  INPUT ---    Log;

  INPUT ---    Log;

  INPUT ---    Log;

  INPUT ---    Log;

  INPUT ---    Log;

  INPUT ---    Log;

  INPUT ---    Log;

  INPUT ---    Log;

  INPUT ---    Log;

  INPUT ---    Log;

  INPUT ---    Log;


  Program  MARK  - Survival Rate Estimation with Capture-Recapture Data
   gfortran(Win64) Vers. 8.1 Mar 2016    5-Aug-2016 17:37:28    Page  008
 - - - - - - - - - - - - - - - - - - - - - - - - - - - - - - - - - - - - - -
 
  INPUT ---    Log;

  INPUT ---    Log;

  INPUT ---    Log;

  INPUT ---    Log;

  INPUT ---    Log;

  INPUT ---    Log;

  INPUT ---    Log;

  INPUT ---    Log;

  INPUT ---    Log;

  INPUT ---    Log;

  INPUT ---    Log;

  INPUT ---    Log;

  INPUT ---    Log;

  INPUT ---    Log;

  INPUT ---    Log;

  INPUT ---    Log;

  INPUT ---    Log;

  INPUT ---    Log;

  INPUT ---    Logit;

  INPUT ---    Logit;

  INPUT ---    Logit;

  INPUT ---    Logit;

  INPUT ---    Logit;
  INPUT ---       blabel(1)=alpha:(Intercept);

  Program  MARK  - Survival Rate Estimation with Capture-Recapture Data
   gfortran(Win64) Vers. 8.1 Mar 2016    5-Aug-2016 17:37:28    Page  009
 - - - - - - - - - - - - - - - - - - - - - - - - - - - - - - - - - - - - - -
 
  INPUT ---       blabel(2)=alpha:time1.2;
  INPUT ---       blabel(3)=alpha:time1.4;
  INPUT ---       blabel(4)=alpha:time1.6;
  INPUT ---       blabel(5)=alpha:time1.8;
  INPUT ---       blabel(6)=alpha:time3.8;
  INPUT ---       blabel(7)=alpha:time4;
  INPUT ---       blabel(8)=alpha:time4.2;
  INPUT ---       blabel(9)=alpha:time4.4;
  INPUT ---       blabel(10)=alpha:time4.6;
  INPUT ---       blabel(11)=alpha:time7.1;
  INPUT ---       blabel(12)=alpha:time7.3;
  INPUT ---       blabel(13)=alpha:time7.5;
  INPUT ---       blabel(14)=alpha:time7.7;
  INPUT ---       blabel(15)=alpha:time7.9;
  INPUT ---       blabel(16)=alpha:time10.567;
  INPUT ---       blabel(17)=alpha:time10.767;
  INPUT ---       blabel(18)=alpha:time10.967;
  INPUT ---       blabel(19)=alpha:time11.167;
  INPUT ---       blabel(20)=alpha:time11.367;
  INPUT ---       blabel(21)=alpha:time13.134;
  INPUT ---       blabel(22)=alpha:time13.334;
  INPUT ---       blabel(23)=alpha:time13.534;
  INPUT ---       blabel(24)=alpha:time13.734;
  INPUT ---       blabel(25)=alpha:time13.934;
  INPUT ---       blabel(26)=alpha:time17.101;
  INPUT ---       blabel(27)=alpha:time17.301;
  INPUT ---       blabel(28)=alpha:time17.501;
  INPUT ---       blabel(29)=alpha:time17.701;
  INPUT ---       blabel(30)=alpha:time17.901;
  INPUT ---       blabel(31)=sigma:(Intercept);
  INPUT ---       blabel(32)=U:(Intercept);
  INPUT ---       blabel(33)=U:sample_monthB;
  INPUT ---       blabel(34)=U:sample_monthC;
  INPUT ---       blabel(35)=U:sample_monthD;
  INPUT ---       blabel(36)=U:sample_monthE;
  INPUT ---       blabel(37)=U:sample_monthF;
  INPUT ---       blabel(38)=Phi:(Intercept);
  INPUT ---       blabel(39)=GammaDoublePrime:(Intercept);
  INPUT ---       blabel(40)=GammaPrime:(Intercept);
  INPUT ---       rlabel(1)=alpha g1 a0 t1;
  INPUT ---       rlabel(2)=alpha g1 a0.2 t1.2;
  INPUT ---       rlabel(3)=alpha g1 a0.4 t1.4;
  INPUT ---       rlabel(4)=alpha g1 a0.6 t1.6;
  INPUT ---       rlabel(5)=alpha g1 a0.8 t1.8;
  INPUT ---       rlabel(6)=alpha g1 a2.8 t3.8;
  INPUT ---       rlabel(7)=alpha g1 a3 t4;

  Program  MARK  - Survival Rate Estimation with Capture-Recapture Data
   gfortran(Win64) Vers. 8.1 Mar 2016    5-Aug-2016 17:37:28    Page  010
 - - - - - - - - - - - - - - - - - - - - - - - - - - - - - - - - - - - - - -
 
  INPUT ---       rlabel(8)=alpha g1 a3.2 t4.2;
  INPUT ---       rlabel(9)=alpha g1 a3.4 t4.4;
  INPUT ---       rlabel(10)=alpha g1 a3.6 t4.6;
  INPUT ---       rlabel(11)=alpha g1 a6.1 t7.1;
  INPUT ---       rlabel(12)=alpha g1 a6.3 t7.3;
  INPUT ---       rlabel(13)=alpha g1 a6.5 t7.5;
  INPUT ---       rlabel(14)=alpha g1 a6.7 t7.7;
  INPUT ---       rlabel(15)=alpha g1 a6.9 t7.9;
  INPUT ---       rlabel(16)=alpha g1 a9.567 t10.567;
  INPUT ---       rlabel(17)=alpha g1 a9.767 t10.767;
  INPUT ---       rlabel(18)=alpha g1 a9.967 t10.967;
  INPUT ---       rlabel(19)=alpha g1 a10.167 t11.167;
  INPUT ---       rlabel(20)=alpha g1 a10.367 t11.367;
  INPUT ---       rlabel(21)=alpha g1 a12.134 t13.134;
  INPUT ---       rlabel(22)=alpha g1 a12.334 t13.334;
  INPUT ---       rlabel(23)=alpha g1 a12.534 t13.534;
  INPUT ---       rlabel(24)=alpha g1 a12.734 t13.734;
  INPUT ---       rlabel(25)=alpha g1 a12.934 t13.934;
  INPUT ---       rlabel(26)=alpha g1 a16.101 t17.101;
  INPUT ---       rlabel(27)=alpha g1 a16.301 t17.301;
  INPUT ---       rlabel(28)=alpha g1 a16.501 t17.501;
  INPUT ---       rlabel(29)=alpha g1 a16.701 t17.701;
  INPUT ---       rlabel(30)=alpha g1 a16.901 t17.901;
  INPUT ---       rlabel(31)=sigma g1 a0 t1;
  INPUT ---       rlabel(32)=U g1 a0 t1;
  INPUT ---       rlabel(33)=U g1 a2.8 t3.8;
  INPUT ---       rlabel(34)=U g1 a6.1 t7.1;
  INPUT ---       rlabel(35)=U g1 a9.567 t10.567;
  INPUT ---       rlabel(36)=U g1 a12.134 t13.134;
  INPUT ---       rlabel(37)=U g1 a16.101 t17.101;
  INPUT ---       rlabel(38)=Phi g1 c1 a0.8 t1.8;
  INPUT ---       rlabel(39)=Gamma'' g1 c1 a0.8 t1.8;
  INPUT ---       rlabel(40)=Gamma' g1 c1 a0.8 t1.8;
  INPUT ---       rlabel(41)=Phi g1 c1 a0 t1;
  INPUT ---       rlabel(42)=Gamma'' g1 c1 a0 t1;

 Link Function Used is PARM-SPECIFIC

 Variance Estimation Procedure Used is 2ndPart 

 M(t+1):
 Group=Group 1                                                                         
       3      3      3      2      3      5      5      5      2      5      5
       4      4      4      4     10      7      7      7      5      5      5
       5      3      4      5      5      5      4      5


 -2logL(saturated) = -0.0000000    
 Effective Sample Size = 169
 Results from first iteration:
  -2logL Initial { alpha(~1 + time)sigma(~1)U(~sample_month)Phi(~1)Gamma''(~1)Gamma'(~1) } = 1138.4459     
  Penalty Initial { alpha(~1 + time)sigma(~1)U(~sample_month)Phi(~1)Gamma''(~1)Gamma'(~1) } = -0.0000000    

 Number of function evaluations was 57 for 40 parameters.

  Program  MARK  - Survival Rate Estimation with Capture-Recapture Data
   gfortran(Win64) Vers. 8.1 Mar 2016    5-Aug-2016 17:37:39    Page  011
 - - - - - - - - - - - - - - - - - - - - - - - - - - - - - - - - - - - - - -
 
 Time for numerical optimization was 15.78 seconds.
 -2logL { alpha(~1 + time)sigma(~1)U(~sample_month)Phi(~1)Gamma''(~1)Gamma'(~1) } = 1002.5035     
 Penalty { alpha(~1 + time)sigma(~1)U(~sample_month)Phi(~1)Gamma''(~1)Gamma'(~1) } = -0.0000000    

   * *  WARNING  * *   Numerical underflow occurred during optimization of this model. 
     IEEE flag status at end of optimization:
     overflow       F
     divide by zero F
     invalid        F
     underflow      T
     inexact        T

 Gradient { alpha(~1 + time)sigma(~1)U(~sample_month)Phi(~1)Gamma''(~1)Gamma'(~1) }:
 -0.1251152E-03-0.9814842E-05 0.2023077E-04  0.000000      0.000000    
  0.2135033E-04-0.2471341E-04 0.3845588E-04 0.4316645E-04 0.2205412E-04
 -0.3262460E-04 0.2480729E-04 0.1675453E-04-0.2517456E-03-0.2278190E-03
  0.3416044E-04  0.000000    -0.4923414E-04 0.3327646E-04 0.2657716E-04
   0.000000    -0.2835809E-04-0.8714593E-05-0.9149368E-05-0.7954906E-05
 -0.2247331E-04-0.2724196E-04 0.8654767E-05-0.3814910E-04 0.1536523E-04
 -0.3147507E-04-0.9582468E-04-0.4792066E-04-0.5103025E-04 0.3161238E-04
 -0.6238034E-04-0.1929635E-04-0.1663715E-03 0.1729330E-04  0.000000    
 S Vector { alpha(~1 + time)sigma(~1)U(~sample_month)Phi(~1)Gamma''(~1)Gamma'(~1) }:
   3832.874      481.5691      388.9791      354.9067      328.1226    
   251.5476      94.79522      84.85294      78.93544      77.98506    
   74.31398      72.61667      72.54953      72.33943      70.28615    
   69.41927      67.03025      66.62291      65.70181      64.87582    
   64.45367      60.51943      60.29676      57.99174      50.86691    
   50.45453      48.27581      40.44447      39.54133      28.88708    
   20.63150      16.26758      13.39488      11.79346      10.95787    
   6.136836      5.379679     0.9499839     0.5967704     0.9469966E-08
 Time to compute number of parameters was 13.14 seconds.
   Threshold =  0.8200000E-06     Condition index =  0.2470722E-11     New Threshold =  0.5989332E-07
 New Guessimate of Estimated Parameters { alpha(~1 + time)sigma(~1)U(~sample_month)Phi(~1)Gamma''(~1)Gamma'(~1) } = 39          
 Conditioned S Vector { alpha(~1 + time)sigma(~1)U(~sample_month)Phi(~1)Gamma''(~1)Gamma'(~1) }:
   1.000000     0.1256418     0.1014850     0.9259546E-01 0.8560746E-01
  0.6562898E-01 0.2473215E-01 0.2213820E-01 0.2059432E-01 0.2034637E-01
  0.1938858E-01 0.1894575E-01 0.1892823E-01 0.1887342E-01 0.1833771E-01
  0.1811155E-01 0.1748825E-01 0.1738197E-01 0.1714166E-01 0.1692616E-01
  0.1681602E-01 0.1578957E-01 0.1573148E-01 0.1513009E-01 0.1327122E-01
  0.1316363E-01 0.1259520E-01 0.1055200E-01 0.1031637E-01 0.7536662E-02
  0.5382776E-02 0.4244224E-02 0.3494735E-02 0.3076923E-02 0.2858918E-02
  0.1601106E-02 0.1403563E-02 0.2478516E-03 0.1556979E-03 0.2470722E-11
 Number of Estimated Parameters { alpha(~1 + time)sigma(~1)U(~sample_month)Phi(~1)Gamma''(~1)Gamma'(~1) } = 39          
 DEVIANCE { alpha(~1 + time)sigma(~1)U(~sample_month)Phi(~1)Gamma''(~1)Gamma'(~1) } = 1002.5035                     
 DEVIANCE Degrees of Freedom { alpha(~1 + time)sigma(~1)U(~sample_month)Phi(~1)Gamma''(~1)Gamma'(~1) } = -25            
 c-hat { alpha(~1 + time)sigma(~1)U(~sample_month)Phi(~1)Gamma''(~1)Gamma'(~1) } = 1.0000000                     
 AIC { alpha(~1 + time)sigma(~1)U(~sample_month)Phi(~1)Gamma''(~1)Gamma'(~1) } = 1080.5035                  
 AICc { alpha(~1 + time)sigma(~1)U(~sample_month)Phi(~1)Gamma''(~1)Gamma'(~1) } = 1104.6895                    
 BIC { alpha(~1 + time)sigma(~1)U(~sample_month)Phi(~1)Gamma''(~1)Gamma'(~1) } = 1202.5695                    
 Pearson Chisquare { alpha(~1 + time)sigma(~1)U(~sample_month)Phi(~1)Gamma''(~1)Gamma'(~1) } = 0.3649629E+032             

   * *  WARNING  * *   Numerical underflow occurred during variance-covariance calculation of this model. 

  Program  MARK  - Survival Rate Estimation with Capture-Recapture Data
   gfortran(Win64) Vers. 8.1 Mar 2016    5-Aug-2016 17:37:48    Page  012
 - - - - - - - - - - - - - - - - - - - - - - - - - - - - - - - - - - - - - -
 
     IEEE flag status at end of variance-covariance calculation:
     overflow       F
     divide by zero F
     invalid        F
     underflow      T
     inexact        T



 PARM-SPECIFIC Link Function Parameters of { alpha(~1 + time)sigma(~1)U(~sample_month)Phi(~1)Gamma''(~1)Gamma'(~1) }
                                                              95% Confidence Interval
 Parameter                    Beta         Standard Error      Lower           Upper
 -------------------------  --------------  --------------  --------------  --------------
    1:alpha:(Intercept)     0.9081803       0.2379282       0.4418411       1.3745195     
    2:alpha:time1.2         0.1583155       0.2748598       -0.3804098      0.6970407     
    3:alpha:time1.4         0.6858508       0.2438315       0.2079411       1.1637604     
    4:alpha:time1.6         0.6678421       0.2398297       0.1977760       1.1379083     
    5:alpha:time1.8         0.4355199       0.2551502       -0.0645745      0.9356142     
    6:alpha:time3.8         -0.0649656      0.2991233       -0.6512473      0.5213161     
    7:alpha:time4           0.3800624       0.2875788       -0.1835920      0.9437169     
    8:alpha:time4.2         0.1825170       0.2915360       -0.3888936      0.7539276     
    9:alpha:time4.4         0.0534739       0.2874396       -0.5099078      0.6168557     
   10:alpha:time4.6         0.5464709       0.2848117       -0.0117601      1.1047018     
   11:alpha:time7.1         0.7423484       0.2766723       0.2000706       1.2846261     
   12:alpha:time7.3         0.3748397       0.2831961       -0.1802248      0.9299041     
   13:alpha:time7.5         0.3570876       0.2834601       -0.1984942      0.9126694     
   14:alpha:time7.7         0.4902604       0.2828427       -0.0641113      1.0446321     
   15:alpha:time7.9         0.5469702       0.2833992       -0.0084923      1.1024327     
   16:alpha:time10.567      0.3312105       0.2716195       -0.2011638      0.8635847     
   17:alpha:time10.767      0.1090100       0.2739759       -0.4279827      0.6460027     
   18:alpha:time10.967      -0.1545529      0.2770938       -0.6976568      0.3885510     
   19:alpha:time11.167      0.0249304       0.2732689       -0.5106766      0.5605374     
   20:alpha:time11.367      -0.2832841      0.2771876       -0.8265719      0.2600036     
   21:alpha:time13.134      0.4730672       0.2975476       -0.1101260      1.0562605     
   22:alpha:time13.334      0.2026922       0.2838425       -0.3536391      0.7590235     
   23:alpha:time13.534      0.3045571       0.2801159       -0.2444700      0.8535842     
   24:alpha:time13.734      -0.2425649      0.2941702       -0.8191385      0.3340086     
   25:alpha:time13.934      -0.4291411      0.3135045       -1.0436100      0.1853277     
   26:alpha:time17.101      0.5176248       0.2818453       -0.0347920      1.0700415     
   27:alpha:time17.301      0.2519676       0.2807725       -0.2983465      0.8022816     
   28:alpha:time17.501      0.3135748       0.2862865       -0.2475468      0.8746964     
   29:alpha:time17.701      0.1920264       0.2890332       -0.3744787      0.7585315     
   30:alpha:time17.901      0.4797934       0.2838878       -0.0766267      1.0362134     
   31:sigma:(Intercept)     -1.1671785      0.2178850       -1.5942331      -0.7401239    
   32:U:(Intercept)         2.3219328       0.1719766       1.9848587       2.6590069     
   33:U:sample_monthB       0.6606780       0.2210078       0.2275028       1.0938533     
   34:U:sample_monthC       0.5594825       0.2049850       0.1577119       0.9612531     

  Program  MARK  - Survival Rate Estimation with Capture-Recapture Data
   gfortran(Win64) Vers. 8.1 Mar 2016    5-Aug-2016 17:37:48    Page  013
 - - - - - - - - - - - - - - - - - - - - - - - - - - - - - - - - - - - - - -
 
   35:U:sample_monthD       1.1577652       0.1967909       0.7720550       1.5434754     
   36:U:sample_monthE       0.6402307       0.2069100       0.2346870       1.0457743     
   37:U:sample_monthF       0.7674873       0.2088881       0.3580667       1.1769080     
   38:Phi:(Intercept)       2.0066567       0.4036712       1.2154612       2.7978522     
   39:GammaDoublePrime:(In  -2.9444243      1.0259870       -4.9553589      -0.9334896    
   40:GammaPrime:(Intercep  -6.0725376      0.0000000       -6.0725376      -6.0725376    


 Real Function Parameters of { alpha(~1 + time)sigma(~1)U(~sample_month)Phi(~1)Gamma''(~1)Gamma'(~1) }
                                                               95% Confidence Interval
  Parameter                  Estimate       Standard Error      Lower           Upper
 --------------------------  --------------  --------------  --------------  --------------
     1:alpha g1 a0 t1        2.4798059       0.5900156       1.5655637       3.9279380                           
     2:alpha g1 a0.2 t1.2    2.9051812       0.6773014       1.8507343       4.5603940                           
     3:alpha g1 a0.4 t1.4    4.9235561       0.9799318       3.3458344       7.2452494                           
     4:alpha g1 a0.6 t1.6    4.8356832       0.9304230       3.3278459       7.0267172                           
     5:alpha g1 a0.8 t1.8    3.8332007       0.8116144       2.5427478       5.7785627                           
     6:alpha g1 a2.8 t3.8    2.3238254       0.4345472       1.6158260       3.3420458                           
     7:alpha g1 a3 t4        3.6264083       0.6084676       2.6160310       5.0270189                           
     8:alpha g1 a3.2 t4.2    2.9763487       0.5190812       2.1200224       4.1785651                           
     9:alpha g1 a3.4 t4.4    2.6160204       0.4437619       1.8804853       3.6392535                           
    10:alpha g1 a3.6 t4.6    4.2829890       0.6976068       3.1189509       5.8814632                           
    11:alpha g1 a6.1 t7.1    5.2097333       0.7818455       3.8884862       6.9799197                           
    12:alpha g1 a6.3 t7.3    3.6075178       0.5906637       2.6227585       4.9620217                           
    13:alpha g1 a6.5 t7.5    3.5440420       0.5804338       2.5763820       4.8751440                           
    14:alpha g1 a6.7 t7.7    4.0488816       0.6604601       2.9470924       5.5625818                           
    15:alpha g1 a6.9 t7.9    4.2851281       0.7028689       3.1136402       5.8973812                           
    16:alpha g1 a9.567 t10.  3.4535088       0.4828389       2.6292171       4.5362260                           
    17:alpha g1 a9.767 t10.  2.7654138       0.4018192       2.0831585       3.6711146                           
    18:alpha g1 a9.967 t10.  2.1246931       0.3201670       1.5839696       2.8500048                           
    19:alpha g1 a10.167 t11  2.5424056       0.3655534       1.9207917       3.3651884                           
    20:alpha g1 a10.367 t11  1.8680520       0.2824469       1.3912741       2.5082176                           
    21:alpha g1 a12.134 t13  3.9798634       0.7430902       2.7688211       5.7205982                           
    22:alpha g1 a12.334 t13  3.0370070       0.4961489       2.2095257       4.1743852                           
    23:alpha g1 a12.534 t13  3.3626771       0.5269162       2.4780572       4.5630896                           
    24:alpha g1 a12.734 t13  1.9456874       0.3522117       1.3684366       2.7664414                           
    25:alpha g1 a12.934 t13  1.6145223       0.3410946       1.0719385       2.4317461                           
    26:alpha g1 a16.101 t17  4.1612065       0.6563283       3.0604449       5.6578831                           
    27:alpha g1 a16.301 t17  3.1904050       0.4966889       2.3556954       4.3208827                           
    28:alpha g1 a16.501 t17  3.3931378       0.5624794       2.4572576       4.6854607                           
    29:alpha g1 a16.701 t17  3.0047870       0.5155465       2.1519099       4.1956890                           
    30:alpha g1 a16.901 t17  4.0067229       0.6474002       2.9250692       5.4883584                           
    31:sigma g1 a0 t1        0.3112439       0.0678154       0.2040703       0.4747029                           
    32:U g1 a0 t1            10.195361       1.7533632       7.2958951       14.247105                           
    33:U g1 a2.8 t3.8        19.739286       2.7608204       15.026323       25.930455                           
    34:U g1 a6.1 t7.1        17.839503       2.0314555       14.281154       22.284465                           

  Program  MARK  - Survival Rate Estimation with Capture-Recapture Data
   gfortran(Win64) Vers. 8.1 Mar 2016    5-Aug-2016 17:37:48    Page  014
 - - - - - - - - - - - - - - - - - - - - - - - - - - - - - - - - - - - - - -
 
    35:U g1 a9.567 t10.567   32.449921       3.1649567       26.815618       39.268061                           
    36:U g1 a12.134 t13.134  19.339767       2.2601337       15.392575       24.299158                           
    37:U g1 a16.101 t17.101  21.964338       2.6280747       17.387218       27.746368                           
    38:Phi g1 c1 a0.8 t1.8   0.8814942       0.0421684       0.7712638       0.9425597                           
    39:Gamma'' g1 c1 a0.8 t  0.0500007       0.0487350       0.0069963       0.2822173                           
    40:Gamma' g1 c1 a0.8 t1  0.0023000       0.0000000       0.0023000       0.0023000                           
    41:Phi g1 c1 a0 t1       1.0000000       0.0000000       1.0000000       1.0000000       Fixed               
    42:Gamma'' g1 c1 a0 t1   0.0000000       0.0000000       0.0000000       0.0000000       Fixed               

  Program  MARK  - Survival Rate Estimation with Capture-Recapture Data
   gfortran(Win64) Vers. 8.1 Mar 2016    5-Aug-2016 17:37:48    Page  015
 - - - - - - - - - - - - - - - - - - - - - - - - - - - - - - - - - - - - - -
 


                      Estimates of Derived Parameters
 Population Estimates of { alpha(~1 + time)sigma(~1)U(~sample_month)Phi(~1)Gamma''(~1)Gamma'(~1) }
                                                95% Confidence Interval
 Grp. Occ.   N-hat           Standard Error      Lower           Upper
 ---- ----   --------------  --------------  --------------  --------------
   1     1   13.195361       1.7533640       10.181420       17.101499     
   1     2   13.195361       1.7533640       10.181420       17.101499     
   1     3   13.195361       1.7533640       10.181420       17.101499     
   1     4   12.226301       1.7684910       9.2216021       16.210029     
   1     5   13.195361       1.7533640       10.181420       17.101499     
   1     6   24.739286       2.7608208       19.892436       30.767084     
   1     7   24.739286       2.7608208       19.892436       30.767084     
   1     8   24.739286       2.7608208       19.892436       30.767084     
   1     9   21.929627       2.8140295       17.070568       28.171795     
   1    10   24.739286       2.7608208       19.892436       30.767084     
   1    11   22.898211       2.0565570       19.208997       27.295963     
   1    12   22.000867       2.0817019       18.284278       26.472917     
   1    13   22.009518       2.0870195       18.284189       26.493868     
   1    14   21.952641       2.0729580       18.250964       26.405095     
   1    15   21.933549       2.0681958       18.239882       26.375201     
   1    16   39.770629       3.2600314       33.876947       46.689654     
   1    17   40.031346       3.3115336       34.049013       47.064760     
   1    18   40.517316       3.3986172       34.384694       47.743711     
   1    19   40.163115       3.3309866       34.146909       47.239292     
   1    20   38.443697       3.3563925       32.407775       45.603805     
   1    21   23.459260       2.3106051       19.349800       28.441477     
   1    22   24.666277       2.3528411       20.468800       29.724519     
   1    23   24.586923       2.3368457       20.416566       29.609131     
   1    24   22.889183       2.3884844       18.665784       28.068186     
   1    25   24.391001       2.5328555       19.910074       29.880398     
   1    26   27.093808       2.6749554       22.337451       32.862946     
   1    27   27.250358       2.7105573       22.434224       33.100408     
   1    28   27.205259       2.7086844       22.392911       33.051803     
   1    29   26.232993       2.7124051       21.432295       32.109018     
   1    30   27.110556       2.6814042       22.343567       32.894579     
 Mean Resighting Rate Estimates of { alpha(~1 + time)sigma(~1)U(~sample_month)Phi(~1)Gamma''(~1)Gamma'(~1) }
                                                95% Confidence Interval
 Grp. Occ.   Lambda-hat      Standard Error      Lower           Upper
 ---- ----   --------------  --------------  --------------  --------------
   1     1   2.6028752       0.6143037       1.6492025       4.1080215     
   1     2   3.0493612       0.7033995       1.9516273       4.7645386     
   1     3   5.1679052       1.0164614       3.5275816       7.5709784     
   1     4   5.0756713       0.9567279       3.5191962       7.3205465     
   1     5   4.0234370       0.8427388       2.6804879       6.0392161     
   1     6   2.4391536       0.4499575       1.7042157       3.4910312     
   1     7   3.8063819       0.6282579       2.7603154       5.2488722     
   1     8   3.1240607       0.5367997       2.2362459       4.3643479     
   1     9   2.7458498       0.4545453       1.9893829       3.7899648     

  Program  MARK  - Survival Rate Estimation with Capture-Recapture Data
   gfortran(Win64) Vers. 8.1 Mar 2016    5-Aug-2016 17:37:48    Page  016
 - - - - - - - - - - - - - - - - - - - - - - - - - - - - - - - - - - - - - -
 
   1    10   4.4955477       0.7199249       3.2910102       6.1409563     
   1    11   5.8636429       0.8002025       4.4930230       7.6523774     
   1    12   4.0268596       0.6050464       3.0045676       5.3969824     
   1    13   4.1995424       0.6007100       3.1773011       5.5506720     
   1    14   4.9791920       0.6820857       3.8114879       6.5046390     
   1    15   5.4748217       0.7275099       4.2242773       7.0955739     
   1    16   4.1712967       0.5019355       3.2977014       5.2763165     
   1    17   3.8259666       0.4348085       3.0641733       4.7771516     
   1    18   2.9738731       0.3588647       2.3494972       3.7641761     
   1    19   3.3168214       0.3925328       2.6322913       4.1793643     
   1    20   2.4612799       0.3131270       1.9200057       3.1551462     
   1    21   5.6338683       0.7888644       4.2874178       7.4031674     
   1    22   3.5632097       0.5175798       2.6843634       4.7297857     
   1    23   3.9107209       0.5460524       2.9783448       5.1349790     
   1    24   2.6057222       0.3939149       1.9407665       3.4985086     
   1    25   3.2784201       0.4812106       2.4625617       4.3645764     
   1    26   4.7576250       0.6814110       3.5982636       6.2905331     
   1    27   3.3487402       0.5118006       2.4862051       4.5105133     
   1    28   4.1339529       0.5925832       3.1258445       5.4671839     
   1    29   3.8567078       0.5502113       2.9200503       5.0938146     
   1    30   4.7885232       0.6756515       3.6365361       6.3054386     
 Pr(Captured 1 or more times) of { alpha(~1 + time)sigma(~1)U(~sample_month)Phi(~1)Gamma''(~1)Gamma'(~1) }
                                                95% Confidence Interval
 Grp. Occ.      p*-hat       Standard Error      Lower           Upper
 ---- ----   --------------  --------------  --------------  --------------
   1     1   0.9025007       0.0498838       0.7529095       0.9656586     
   1     2   0.9316944       0.0394073       0.8020788       0.9786827     
   1     3   0.9857158       0.0111727       0.9357724       0.9969498     
   1     4   0.9847655       0.0116085       0.9341492       0.9966164     
   1     5   0.9675046       0.0216863       0.8851017       0.9913849     
   1     6   0.8886156       0.0428355       0.7735438       0.9490648     
   1     7   0.9617962       0.0197877       0.8975560       0.9863648     
   1     8   0.9355785       0.0289321       0.8500326       0.9738289     
   1     9   0.9130996       0.0342663       0.8184181       0.9607778     
   1    10   0.9769914       0.0134794       0.9291247       0.9927818     
   1    11   0.9921090       0.0053402       0.9706065       0.9979154     
   1    12   0.9692215       0.0161820       0.9157896       0.9891522     
   1    13   0.9742761       0.0135022       0.9294537       0.9908990     
   1    14   0.9863957       0.0081116       0.9568471       0.9958000     
   1    15   0.9910729       0.0056697       0.9693405       0.9974414     
   1    16   0.9740607       0.0115965       0.9385516       0.9892845     
   1    17   0.9681039       0.0128156       0.9308229       0.9856041     
   1    18   0.9344034       0.0217720       0.8765520       0.9661897     
   1    19   0.9499983       0.0180321       0.9002825       0.9755993     
   1    20   0.8965472       0.0299441       0.8215168       0.9422536     
   1    21   0.9928729       0.0048189       0.9734538       0.9981140     
   1    22   0.9571688       0.0193764       0.8984711       0.9825887     
   1    23   0.9673114       0.0155788       0.9184768       0.9872973     
   1    24   0.9089936       0.0324958       0.8222227       0.9556948     
   1    25   0.9524851       0.0215235       0.8875437       0.9807379     

  Program  MARK  - Survival Rate Estimation with Capture-Recapture Data
   gfortran(Win64) Vers. 8.1 Mar 2016    5-Aug-2016 17:37:48    Page  017
 - - - - - - - - - - - - - - - - - - - - - - - - - - - - - - - - - - - - - -
 
   1    26   0.9826861       0.0098221       0.9482058       0.9943490     
   1    27   0.9458913       0.0233900       0.8771163       0.9771762     
   1    28   0.9734413       0.0133952       0.9299523       0.9902143     
   1    29   0.9678017       0.0154559       0.9191583       0.9875715     
   1    30   0.9838118       0.0091751       0.9515698       0.9947083     

 Attempted ordering of parameters by estimatibility:
   1 35 32 37 34 36 16 33 19 11 17 26 10 27 23 30 15  7 20 14 22  9 28 12  4
  24  8  3 21 18 13  5 31 29  6  2 38 25 39 40
 Beta number 40 is a singular value.

     CPU Time in seconds for last procedure was 29.06


  INPUT --- proc stop;

   * *  WARNING  * *   Numerical underflow occurred during final processing of this model. 
     IEEE flag status at final processing of this model:
     overflow       F
     divide by zero F
     invalid        F
     underflow      T
     inexact        T


     CPU Time in minutes for this job was 0.48

     Time Start = 17:37:28.332   Time End = 17:37:48.390

     Wall Clock Time in minutes for this job was 0.33


          E X E C U T I O N   S U C C E S S F U L 
