
   Program  MARK  - Survival Rate Estimation with Capture-Recapture Data
   gfortran(Win64) Vers. 8.1 Mar 2016    5-Aug-2016 17:25:55    Page  001
 - - - - - - - - - - - - - - - - - - - - - - - - - - - - - - - - - - - - - -
 
   This version was compiled by GCC version 5.3.0 using the options: 
     -cpp -iprefix c:\tdm-gcc-64\gcc\bin\../lib/gcc/x86_64-w64-mingw32/5.3.0/ -D_MT
     -U_REENTRANT -D IEEE -m64 -mtune=generic -march=x86-64 -mthreads -O2
     -fimplicit-none -fbounds-check -funroll-loops -ftree-vectorize
     -ffpe-summary=invalid,zero,overflow,underflow -fno-unsafe-math-optimizations
     -frounding-math -fsignaling-nans -fopenmp.

   This problem will use 3 of 4 possible threads.


  INPUT --- proc title ;

     CPU Time in seconds for last procedure was 0.00


  INPUT --- proc chmatrix occasions= 30 groups= 1 etype= PoissonMR 
  INPUT --- ICMeans NoHist hist= 14 ;

  INPUT ---    time  interval 0.2 0.2 0.2 0.2 2 0.2 0.2 0.2 0.2 2.5 0.2 
  INPUT ---    0.2 0.2 0.2 2.667 0.2 0.2 0.2 0.2 1.767 0.2 0.2  0.2 0.2 
  INPUT ---    3.167 0.2 0.2 0.2 0.2 ;

  INPUT ---    glabel(1)=Group 1;

      Number of unique encounter histories read was 14.

      Number of individual covariates read was 0.
      Time interval lengths vary and/or not equal to 1.

      Data type number is 115
      Data type is Poisson Mark Resight with Robust Design                                                             

     CPU Time in seconds for last procedure was 0.00

  Program  MARK  - Survival Rate Estimation with Capture-Recapture Data
   gfortran(Win64) Vers. 8.1 Mar 2016    5-Aug-2016 17:25:55    Page  002
 - - - - - - - - - - - - - - - - - - - - - - - - - - - - - - - - - - - - - -
 


  INPUT --- proc estimate link=Parm-Specific NOLOOP varest=2ndPart  
  INPUT --- SIMANNEAL  ;


  INPUT --- model={ alpha(~1)sigma(~1)U(~1)Phi(~1)Gamma''(~1)Gamma'(~1) 
  INPUT --- };

  INPUT ---    fixed=2;
  INPUT ---        parm(7)=1 ;
  INPUT ---        parm(8)=0 ;

  INPUT ---    group=1 alpha    rows=1 cols=30 Square ;
  INPUT ---        1 1 1 1 1 1 1 1 1 1 1 1 1 1 1 1 1 1 1 1 1 1 1 1 1 1 1 1 1 
  INPUT ---       1 ;

  INPUT ---    group=1 sigma    rows=1 cols=30 Square ;
  INPUT ---        2 2 2 2 2 2 2 2 2 2 2 2 2 2 2 2 2 2 2 2 2 2 2 2 2 2 2 2 2 
  INPUT ---       2 ;

  INPUT ---    group=1 U    rows=1 cols=30 Square ;
  INPUT ---        3 3 3 3 3 3 3 3 3 3 3 3 3 3 3 3 3 3 3 3 3 3 3 3 3 3 3 3 3 
  INPUT ---       3 ;

  INPUT ---    group=1 Phi    rows=29 cols=29 Triang ;
  INPUT ---        7 7 7 7 4 7 7 7 7 4 7 7 7 7 4 7 7 7 7 4 7 7 7 7 4 7 7 7 7 ;
  INPUT ---        7 7 7 7 7 7 7 7 7 7 7 7 7 7 7 7 7 7 7 7 7 7 7 7 7 7 7 7 ;
  INPUT ---        7 7 7 7 7 7 7 7 7 7 7 7 7 7 7 7 7 7 7 7 7 7 7 7 7 7 7 ;
  INPUT ---        7 7 7 7 7 7 7 7 7 7 7 7 7 7 7 7 7 7 7 7 7 7 7 7 7 7 ;
  INPUT ---        7 7 7 7 7 7 7 7 7 7 7 7 7 7 7 7 7 7 7 7 7 7 7 7 7 ;
  INPUT ---        7 7 7 7 4 7 7 7 7 4 7 7 7 7 4 7 7 7 7 4 7 7 7 7 ;
  INPUT ---        7 7 7 7 7 7 7 7 7 7 7 7 7 7 7 7 7 7 7 7 7 7 7 ;
  INPUT ---        7 7 7 7 7 7 7 7 7 7 7 7 7 7 7 7 7 7 7 7 7 7 ;
  INPUT ---        7 7 7 7 7 7 7 7 7 7 7 7 7 7 7 7 7 7 7 7 7 ;
  INPUT ---        7 7 7 7 7 7 7 7 7 7 7 7 7 7 7 7 7 7 7 7 ;
  INPUT ---        7 7 7 7 4 7 7 7 7 4 7 7 7 7 4 7 7 7 7 ;
  INPUT ---        7 7 7 7 7 7 7 7 7 7 7 7 7 7 7 7 7 7 ;
  INPUT ---        7 7 7 7 7 7 7 7 7 7 7 7 7 7 7 7 7 ;
  INPUT ---        7 7 7 7 7 7 7 7 7 7 7 7 7 7 7 7 ;
  INPUT ---        7 7 7 7 7 7 7 7 7 7 7 7 7 7 7 ;
  INPUT ---        7 7 7 7 4 7 7 7 7 4 7 7 7 7 ;
  INPUT ---        7 7 7 7 7 7 7 7 7 7 7 7 7 ;
  INPUT ---        7 7 7 7 7 7 7 7 7 7 7 7 ;
  INPUT ---        7 7 7 7 7 7 7 7 7 7 7 ;
  INPUT ---        7 7 7 7 7 7 7 7 7 7 ;

  Program  MARK  - Survival Rate Estimation with Capture-Recapture Data
   gfortran(Win64) Vers. 8.1 Mar 2016    5-Aug-2016 17:25:55    Page  003
 - - - - - - - - - - - - - - - - - - - - - - - - - - - - - - - - - - - - - -
 
  INPUT ---        7 7 7 7 4 7 7 7 7 ;
  INPUT ---        7 7 7 7 7 7 7 7 ;
  INPUT ---        7 7 7 7 7 7 7 ;
  INPUT ---        7 7 7 7 7 7 ;
  INPUT ---        7 7 7 7 7 ;
  INPUT ---        7 7 7 7 ;
  INPUT ---        7 7 7 ;
  INPUT ---        7 7 ;
  INPUT ---        7 ;

  INPUT ---    group=1 Gamma''    rows=29 cols=29 Triang ;
  INPUT ---        8 8 8 8 5 8 8 8 8 5 8 8 8 8 5 8 8 8 8 5 8 8 8 8 5 8 8 8 8 ;
  INPUT ---        8 8 8 8 8 8 8 8 8 8 8 8 8 8 8 8 8 8 8 8 8 8 8 8 8 8 8 8 ;
  INPUT ---        8 8 8 8 8 8 8 8 8 8 8 8 8 8 8 8 8 8 8 8 8 8 8 8 8 8 8 ;
  INPUT ---        8 8 8 8 8 8 8 8 8 8 8 8 8 8 8 8 8 8 8 8 8 8 8 8 8 8 ;
  INPUT ---        8 8 8 8 8 8 8 8 8 8 8 8 8 8 8 8 8 8 8 8 8 8 8 8 8 ;
  INPUT ---        8 8 8 8 5 8 8 8 8 5 8 8 8 8 5 8 8 8 8 5 8 8 8 8 ;
  INPUT ---        8 8 8 8 8 8 8 8 8 8 8 8 8 8 8 8 8 8 8 8 8 8 8 ;
  INPUT ---        8 8 8 8 8 8 8 8 8 8 8 8 8 8 8 8 8 8 8 8 8 8 ;
  INPUT ---        8 8 8 8 8 8 8 8 8 8 8 8 8 8 8 8 8 8 8 8 8 ;
  INPUT ---        8 8 8 8 8 8 8 8 8 8 8 8 8 8 8 8 8 8 8 8 ;
  INPUT ---        8 8 8 8 5 8 8 8 8 5 8 8 8 8 5 8 8 8 8 ;
  INPUT ---        8 8 8 8 8 8 8 8 8 8 8 8 8 8 8 8 8 8 ;
  INPUT ---        8 8 8 8 8 8 8 8 8 8 8 8 8 8 8 8 8 ;
  INPUT ---        8 8 8 8 8 8 8 8 8 8 8 8 8 8 8 8 ;
  INPUT ---        8 8 8 8 8 8 8 8 8 8 8 8 8 8 8 ;
  INPUT ---        8 8 8 8 5 8 8 8 8 5 8 8 8 8 ;
  INPUT ---        8 8 8 8 8 8 8 8 8 8 8 8 8 ;
  INPUT ---        8 8 8 8 8 8 8 8 8 8 8 8 ;
  INPUT ---        8 8 8 8 8 8 8 8 8 8 8 ;
  INPUT ---        8 8 8 8 8 8 8 8 8 8 ;
  INPUT ---        8 8 8 8 5 8 8 8 8 ;
  INPUT ---        8 8 8 8 8 8 8 8 ;
  INPUT ---        8 8 8 8 8 8 8 ;
  INPUT ---        8 8 8 8 8 8 ;
  INPUT ---        8 8 8 8 8 ;
  INPUT ---        8 8 8 8 ;
  INPUT ---        8 8 8 ;
  INPUT ---        8 8 ;
  INPUT ---        8 ;

  INPUT ---    group=1 Gamma'    rows=28 cols=28 Triang ;
  INPUT ---        8 8 8 6 8 8 8 8 6 8 8 8 8 6 8 8 8 8 6 8 8 8 8 6 8 8 8 8 ;
  INPUT ---        8 8 8 8 8 8 8 8 8 8 8 8 8 8 8 8 8 8 8 8 8 8 8 8 8 8 8 ;
  INPUT ---        8 8 8 8 8 8 8 8 8 8 8 8 8 8 8 8 8 8 8 8 8 8 8 8 8 8 ;
  INPUT ---        8 8 8 8 8 8 8 8 8 8 8 8 8 8 8 8 8 8 8 8 8 8 8 8 8 ;

  Program  MARK  - Survival Rate Estimation with Capture-Recapture Data
   gfortran(Win64) Vers. 8.1 Mar 2016    5-Aug-2016 17:25:55    Page  004
 - - - - - - - - - - - - - - - - - - - - - - - - - - - - - - - - - - - - - -
 
  INPUT ---        8 8 8 8 8 8 8 8 8 8 8 8 8 8 8 8 8 8 8 8 8 8 8 8 ;
  INPUT ---        8 8 8 6 8 8 8 8 6 8 8 8 8 6 8 8 8 8 6 8 8 8 8 ;
  INPUT ---        8 8 8 8 8 8 8 8 8 8 8 8 8 8 8 8 8 8 8 8 8 8 ;
  INPUT ---        8 8 8 8 8 8 8 8 8 8 8 8 8 8 8 8 8 8 8 8 8 ;
  INPUT ---        8 8 8 8 8 8 8 8 8 8 8 8 8 8 8 8 8 8 8 8 ;
  INPUT ---        8 8 8 8 8 8 8 8 8 8 8 8 8 8 8 8 8 8 8 ;
  INPUT ---        8 8 8 6 8 8 8 8 6 8 8 8 8 6 8 8 8 8 ;
  INPUT ---        8 8 8 8 8 8 8 8 8 8 8 8 8 8 8 8 8 ;
  INPUT ---        8 8 8 8 8 8 8 8 8 8 8 8 8 8 8 8 ;
  INPUT ---        8 8 8 8 8 8 8 8 8 8 8 8 8 8 8 ;
  INPUT ---        8 8 8 8 8 8 8 8 8 8 8 8 8 8 ;
  INPUT ---        8 8 8 6 8 8 8 8 6 8 8 8 8 ;
  INPUT ---        8 8 8 8 8 8 8 8 8 8 8 8 ;
  INPUT ---        8 8 8 8 8 8 8 8 8 8 8 ;
  INPUT ---        8 8 8 8 8 8 8 8 8 8 ;
  INPUT ---        8 8 8 8 8 8 8 8 8 ;
  INPUT ---        8 8 8 6 8 8 8 8 ;
  INPUT ---        8 8 8 8 8 8 8 ;
  INPUT ---        8 8 8 8 8 8 ;
  INPUT ---        8 8 8 8 8 ;
  INPUT ---        8 8 8 8 ;
  INPUT ---        8 8 8 ;
  INPUT ---        8 8 ;
  INPUT ---        8 ;

  INPUT ---    design matrix constraints=8 covariates=6;
  INPUT ---        1 0 0 0 0 0;
  INPUT ---        0 1 0 0 0 0;
  INPUT ---        0 0 1 0 0 0;
  INPUT ---        0 0 0 1 0 0;
  INPUT ---        0 0 0 0 1 0;
  INPUT ---        0 0 0 0 0 1;
  INPUT ---        0 0 0 0 0 0;
  INPUT ---        0 0 0 0 0 0;

  INPUT ---    links=8;

  INPUT ---    Log;

  INPUT ---    Log;

  INPUT ---    Log;

  INPUT ---    Logit;

  INPUT ---    Logit;

  Program  MARK  - Survival Rate Estimation with Capture-Recapture Data
   gfortran(Win64) Vers. 8.1 Mar 2016    5-Aug-2016 17:25:55    Page  005
 - - - - - - - - - - - - - - - - - - - - - - - - - - - - - - - - - - - - - -
 

  INPUT ---    Logit;

  INPUT ---    Logit;

  INPUT ---    Logit;
  INPUT ---       blabel(1)=alpha:(Intercept);
  INPUT ---       blabel(2)=sigma:(Intercept);
  INPUT ---       blabel(3)=U:(Intercept);
  INPUT ---       blabel(4)=Phi:(Intercept);
  INPUT ---       blabel(5)=GammaDoublePrime:(Intercept);
  INPUT ---       blabel(6)=GammaPrime:(Intercept);
  INPUT ---       rlabel(1)=alpha g1 a0 t1;
  INPUT ---       rlabel(2)=sigma g1 a0 t1;
  INPUT ---       rlabel(3)=U g1 a0 t1;
  INPUT ---       rlabel(4)=Phi g1 c1 a0.8 t1.8;
  INPUT ---       rlabel(5)=Gamma'' g1 c1 a0.8 t1.8;
  INPUT ---       rlabel(6)=Gamma' g1 c1 a0.8 t1.8;
  INPUT ---       rlabel(7)=Phi g1 c1 a0 t1;
  INPUT ---       rlabel(8)=Gamma'' g1 c1 a0 t1;

 Link Function Used is PARM-SPECIFIC

 Variance Estimation Procedure Used is 2ndPart 

 M(t+1):
 Group=Group 1                                                                         
       3      3      3      2      3      5      5      5      2      5      5
       4      4      4      4     10      7      7      7      5      5      5
       5      3      4      5      5      5      4      5


 -2logL(saturated) = -0.0000000    
 Effective Sample Size = 169

 Number of function evaluations was 16801 for 6 parameters.
 Time for numerical optimization was 46.09 seconds.
 -2logL { alpha(~1)sigma(~1)U(~1)Phi(~1)Gamma''(~1)Gamma'(~1) } = 18718.384     
 Penalty { alpha(~1)sigma(~1)U(~1)Phi(~1)Gamma''(~1)Gamma'(~1) } = -0.0000000    

   * *  WARNING  * *   Numerical underflow occurred during optimization of this model. 
     IEEE flag status at end of optimization:
     overflow       F
     divide by zero F
     invalid        F
     underflow      T
     inexact        T

 Gradient { alpha(~1)sigma(~1)U(~1)Phi(~1)Gamma''(~1)Gamma'(~1) }:
  0.2225159E-04 0.1499390E-04 0.1847447E-04  40.00000      40.00000    
   40.00000    

  Program  MARK  - Survival Rate Estimation with Capture-Recapture Data
   gfortran(Win64) Vers. 8.1 Mar 2016    5-Aug-2016 17:26:25    Page  006
 - - - - - - - - - - - - - - - - - - - - - - - - - - - - - - - - - - - - - -
 

   * *  WARNING  * *   Numerical convergence suspect. 
 S Vector { alpha(~1)sigma(~1)U(~1)Phi(~1)Gamma''(~1)Gamma'(~1) }:
   1150.183      86.12422      2.569296     0.7814004E-05 0.2694111E-05
  0.2679998E-05
 Time to compute number of parameters was 0.30 seconds.
   Threshold =  0.1400000E-06     Condition index =  0.2330062E-08     New Threshold =  0.6564627E-05
 New Guessimate of Estimated Parameters { alpha(~1)sigma(~1)U(~1)Phi(~1)Gamma''(~1)Gamma'(~1) } = 3          
 Conditioned S Vector { alpha(~1)sigma(~1)U(~1)Phi(~1)Gamma''(~1)Gamma'(~1) }:
   1.000000     0.7487871E-01 0.2233815E-02 0.6793705E-08 0.2342332E-08
  0.2330062E-08
 Number of Estimated Parameters { alpha(~1)sigma(~1)U(~1)Phi(~1)Gamma''(~1)Gamma'(~1) } = 3          
 DEVIANCE { alpha(~1)sigma(~1)U(~1)Phi(~1)Gamma''(~1)Gamma'(~1) } = 18718.384                     
 DEVIANCE Degrees of Freedom { alpha(~1)sigma(~1)U(~1)Phi(~1)Gamma''(~1)Gamma'(~1) } = 11            
 c-hat { alpha(~1)sigma(~1)U(~1)Phi(~1)Gamma''(~1)Gamma'(~1) } = 1701.6713                     
 AIC { alpha(~1)sigma(~1)U(~1)Phi(~1)Gamma''(~1)Gamma'(~1) } = 18724.384                  
 AICc { alpha(~1)sigma(~1)U(~1)Phi(~1)Gamma''(~1)Gamma'(~1) } = 18724.530                    
 BIC { alpha(~1)sigma(~1)U(~1)Phi(~1)Gamma''(~1)Gamma'(~1) } = 18733.774                    
 Pearson Chisquare { alpha(~1)sigma(~1)U(~1)Phi(~1)Gamma''(~1)Gamma'(~1) } = 76702.781                  


   PARM-SPECIFIC Link Function Parameters of { alpha(~1)sigma(~1)U(~1)Phi(~1)Gamma''(~1)Gamma'(~1) }
                                                              95% Confidence Interval
 Parameter                    Beta         Standard Error      Lower           Upper
 -------------------------  --------------  --------------  --------------  --------------
    1:alpha:(Intercept)     0.9251257       0.5048488       -0.0643779      1.9146293     
    2:sigma:(Intercept)     -0.0228786      0.1497135       -0.3163171      0.2705600     
    3:U:(Intercept)         2.8634310       0.3527121       2.1721153       3.5547467     
    4:Phi:(Intercept)       -5.2757518      609.24543       -1199.3968      1188.8453     
    5:GammaDoublePrime:(In  -2.6849930      357.73645       -703.84844      698.47845     
    6:GammaPrime:(Intercep  -5.2922541      610.84746       -1202.5533      1191.9688     


   Real Function Parameters of { alpha(~1)sigma(~1)U(~1)Phi(~1)Gamma''(~1)Gamma'(~1) }
                                                               95% Confidence Interval
  Parameter                  Estimate       Standard Error      Lower           Upper
 --------------------------  --------------  --------------  --------------  --------------
     1:alpha g1 a0 t1        2.5221853       1.2733221       0.9912620       6.4174944                           
     2:sigma g1 a0 t1        0.9773811       0.1463272       0.7300133       1.3085705                           
     3:U g1 a0 t1            17.521540       6.1800587       8.9555946       34.280736                           
     4:Phi g1 c1 a0.8 t1.8   0.0050881       3.0841226       0.5042347E-306  1.0000000                           
     5:Gamma'' g1 c1 a0.8 t  0.0638647       21.387635       0.6726436E-305  1.0000000                           
     6:Gamma' g1 c1 a0.8 t1  0.0050052       3.0421288       0.4959820E-306  1.0000000                           
     7:Phi g1 c1 a0 t1       1.0000000       0.0000000       1.0000000       1.0000000       Fixed               
     8:Gamma'' g1 c1 a0 t1   0.0000000       0.0000000       0.0000000       0.0000000       Fixed               

  Program  MARK  - Survival Rate Estimation with Capture-Recapture Data
   gfortran(Win64) Vers. 8.1 Mar 2016    5-Aug-2016 17:26:25    Page  007
 - - - - - - - - - - - - - - - - - - - - - - - - - - - - - - - - - - - - - -
 


                      Estimates of Derived Parameters
 Population Estimates of { alpha(~1)sigma(~1)U(~1)Phi(~1)Gamma''(~1)Gamma'(~1) }
                                                95% Confidence Interval
 Grp. Occ.   N-hat           Standard Error      Lower           Upper
 ---- ----   --------------  --------------  --------------  --------------
   1     1   20.521540       6.1800625       11.518839       36.560420     
   1     2   20.521540       6.1800625       11.518839       36.560420     
   1     3   20.521540       6.1800625       11.518839       36.560420     
   1     4   19.521540       6.1800625       10.652386       35.775134     
   1     5   20.521540       6.1800625       11.518839       36.560420     
   1     6   22.521540       6.1800625       13.281426       38.190160     
   1     7   22.521540       6.1800625       13.281426       38.190160     
   1     8   22.521540       6.1800625       13.281426       38.190160     
   1     9   19.521540       6.1800625       10.652386       35.775134     
   1    10   22.521540       6.1800625       13.281426       38.190160     
   1    11   22.521540       6.1800625       13.281426       38.190160     
   1    12   21.521540       6.1800625       12.395554       37.366356     
   1    13   21.521540       6.1800625       12.395554       37.366356     
   1    14   21.521540       6.1800625       12.395554       37.366356     
   1    15   21.521540       6.1800625       12.395554       37.366356     
   1    16   27.521540       6.1800625       17.818647       42.508008     
   1    17   24.521540       6.1800625       15.076937       39.882499     
   1    18   24.521540       6.1800625       15.076937       39.882499     
   1    19   24.521540       6.1800625       15.076937       39.882499     
   1    20   22.521540       6.1800625       13.281426       38.190160     
   1    21   22.521540       6.1800625       13.281426       38.190160     
   1    22   22.521540       6.1800625       13.281426       38.190160     
   1    23   22.521540       6.1800625       13.281426       38.190160     
   1    24   20.521540       6.1800625       11.518839       36.560420     
   1    25   21.521540       6.1800625       12.395554       37.366356     
   1    26   22.521540       6.1800625       13.281426       38.190160     
   1    27   22.521540       6.1800625       13.281426       38.190160     
   1    28   22.521540       6.1800625       13.281426       38.190160     
   1    29   21.521540       6.1800625       12.395554       37.366356     
   1    30   22.521540       6.1800625       13.281426       38.190160     
 Mean Resighting Rate Estimates of { alpha(~1)sigma(~1)U(~1)Phi(~1)Gamma''(~1)Gamma'(~1) }
                                                95% Confidence Interval
 Grp. Occ.   Lambda-hat      Standard Error      Lower           Upper
 ---- ----   --------------  --------------  --------------  --------------
   1     1   4.0664185       1.5763286       1.9530822       8.4664947     
   1     2   4.0664185       1.5763286       1.9530822       8.4664947     
   1     3   4.0664185       1.5763286       1.9530822       8.4664947     
   1     4   4.0664185       1.5763286       1.9530822       8.4664947     
   1     5   4.0664185       1.5763286       1.9530822       8.4664947     
   1     6   4.0664185       1.5763286       1.9530822       8.4664947     
   1     7   4.0664185       1.5763286       1.9530822       8.4664947     
   1     8   4.0664185       1.5763286       1.9530822       8.4664947     
   1     9   4.0664185       1.5763286       1.9530822       8.4664947     

  Program  MARK  - Survival Rate Estimation with Capture-Recapture Data
   gfortran(Win64) Vers. 8.1 Mar 2016    5-Aug-2016 17:26:25    Page  008
 - - - - - - - - - - - - - - - - - - - - - - - - - - - - - - - - - - - - - -
 
   1    10   4.0664185       1.5763286       1.9530822       8.4664947     
   1    11   4.4664185       1.5763286       2.2819830       8.7419118     
   1    12   4.3164185       1.5763286       2.1574532       8.6358622     
   1    13   4.5664185       1.5763286       2.3657329       8.8142573     
   1    14   4.8164185       1.5763286       2.5774610       9.0002865     
   1    15   5.0664185       1.5763286       2.7922434       9.1928219     
   1    16   4.4664185       1.5763286       2.2819830       8.7419118     
   1    17   5.0664185       1.5763286       2.7922434       9.1928219     
   1    18   4.9235614       1.5763286       2.6691575       9.0820629     
   1    19   4.7807042       1.5763286       2.5470186       8.9732888     
   1    20   4.6664185       1.5763286       2.4500337       8.8878213     
   1    21   5.2664185       1.5763286       2.9660391       9.3509098     
   1    22   4.4664185       1.5763286       2.2819830       8.7419118     
   1    23   4.4664185       1.5763286       2.2819830       8.7419118     
   1    24   4.7330852       1.5763286       2.5065273       8.9375029     
   1    25   6.0664185       1.5763286       3.6757904       10.011842     
   1    26   4.4664185       1.5763286       2.2819830       8.7419118     
   1    27   4.0664185       1.5763286       1.9530822       8.4664947     
   1    28   4.6664185       1.5763286       2.4500337       8.8878213     
   1    29   4.8164185       1.5763286       2.5774610       9.0002865     
   1    30   4.6664185       1.5763286       2.4500337       8.8878213     
 Pr(Captured 1 or more times) of { alpha(~1)sigma(~1)U(~1)Phi(~1)Gamma''(~1)Gamma'(~1) }
                                                95% Confidence Interval
 Grp. Occ.      p*-hat       Standard Error      Lower           Upper
 ---- ----   --------------  --------------  --------------  --------------
   1     1   0.8321336       0.1086369       0.5191165       0.9579181     
   1     2   0.8321336       0.1086369       0.5191165       0.9579181     
   1     3   0.8321336       0.1086369       0.5191165       0.9579181     
   1     4   0.8321336       0.1086369       0.5191165       0.9579181     
   1     5   0.8321336       0.1086369       0.5191165       0.9579181     
   1     6   0.8321336       0.1086369       0.5191165       0.9579181     
   1     7   0.8321336       0.1086369       0.5191165       0.9579181     
   1     8   0.8321336       0.1086369       0.5191165       0.9579181     
   1     9   0.8321336       0.1086369       0.5191165       0.9579181     
   1    10   0.8321336       0.1086369       0.5191165       0.9579181     
   1    11   0.8874758       0.0728215       0.6538367       0.9705302     
   1    12   0.8692655       0.0846065       0.6071320       0.9662254     
   1    13   0.8981839       0.0658916       0.6824340       0.9731280     
   1    14   0.9207055       0.0513164       0.7454120       0.9787445     
   1    15   0.9382454       0.0399653       0.7972050       0.9832550     
   1    16   0.8874758       0.0728215       0.6538367       0.9705302     
   1    17   0.9382454       0.0399653       0.7972050       0.9832550     
   1    18   0.9287620       0.0461025       0.7688975       0.9808019     
   1    19   0.9178224       0.0531823       0.7371314       0.9780143     
   1    20   0.9078729       0.0596212       0.7090514       0.9755194     
   1    21   0.9494396       0.0327208       0.8315590       0.9861932     
   1    22   0.8874758       0.0728215       0.6538367       0.9705302     
   1    23   0.8874758       0.0728215       0.6538367       0.9705302     
   1    24   0.9138145       0.0557760       0.7257281       0.9770046     
   1    25   0.9772817       0.0147024       0.9215562       0.9936915     

  Program  MARK  - Survival Rate Estimation with Capture-Recapture Data
   gfortran(Win64) Vers. 8.1 Mar 2016    5-Aug-2016 17:26:25    Page  009
 - - - - - - - - - - - - - - - - - - - - - - - - - - - - - - - - - - - - - -
 
   1    26   0.8874758       0.0728215       0.6538367       0.9705302     
   1    27   0.8321336       0.1086369       0.5191165       0.9579181     
   1    28   0.9078729       0.0596212       0.7090514       0.9755194     
   1    29   0.9207055       0.0513164       0.7454120       0.9787445     
   1    30   0.9078729       0.0596212       0.7090514       0.9755194     

 Attempted ordering of parameters by estimatibility:
  2 3 1 5 4 6
 Beta number 6 is a singular value.

     CPU Time in seconds for last procedure was 46.44


  INPUT --- proc stop;

     CPU Time in minutes for this job was 0.77

     Time Start = 17:25:55.700   Time End = 17:26:25.763

     Wall Clock Time in minutes for this job was 0.50


          E X E C U T I O N   S U C C E S S F U L 
