
   Program  MARK  - Survival Rate Estimation with Capture-Recapture Data
   gfortran(Win64) Vers. 8.1 Mar 2016    5-Aug-2016 15:47:32    Page  001
 - - - - - - - - - - - - - - - - - - - - - - - - - - - - - - - - - - - - - -
 
   This version was compiled by GCC version 5.3.0 using the options: 
     -cpp -iprefix c:\tdm-gcc-64\gcc\bin\../lib/gcc/x86_64-w64-mingw32/5.3.0/ -D_MT
     -U_REENTRANT -D IEEE -m64 -mtune=generic -march=x86-64 -mthreads -O2
     -fimplicit-none -fbounds-check -funroll-loops -ftree-vectorize
     -ffpe-summary=invalid,zero,overflow,underflow -fno-unsafe-math-optimizations
     -frounding-math -fsignaling-nans -fopenmp.

   This problem will use 3 of 4 possible threads.


  INPUT --- proc title ;

     CPU Time in seconds for last procedure was 0.00


  INPUT --- proc chmatrix occasions= 30 groups= 1 etype= PoissonMR 
  INPUT --- icovar = 32 ICMeans NoHist  hist= 14 ;

  INPUT ---    time interval 0.2 0.2 0.2 0.2 2 0.2 0.2 0.2 0.2 2.5 0.2 0.2 
  INPUT ---    0.2 0.2 2.667 0.2 0.2 0.2  0.2 1.767 0.2 0.2 0.2 0.2 3.167 
  INPUT ---    0.2 0.2 0.2 0.2 ;

  INPUT ---     icovariates captive age.t1 age.t1.2 age.t1.4  age.t1.6 
  INPUT ---    age.t1.8 age.t3.8 age.t4 age.t4.2 age.t4.4 age.t4.6 
  INPUT ---    age.t7.1 age.t7.3 age.t7.5 age.t7.7  age.t7.9 age.t10.567 
  INPUT ---    age.t10.767 age.t10.967 age.t11.167 age.t11.367 age.t13.134 
  INPUT ---    age.t13.334  age.t13.534 age.t13.734 age.t13.934 
  INPUT ---    age.t17.101 age.t17.301 age.t17.501 age.t17.701 age.t17.901 
  INPUT ---     sex ;

  INPUT ---    glabel(1)=Group 1;

      Number of unique encounter histories read was 14.

      Number of individual covariates read was 32.
      Time interval lengths vary and/or not equal to 1.

      Data type number is 115
      Data type is Poisson Mark Resight with Robust Design                                                             

     CPU Time in seconds for last procedure was 0.00

  Program  MARK  - Survival Rate Estimation with Capture-Recapture Data
   gfortran(Win64) Vers. 8.1 Mar 2016    5-Aug-2016 15:47:32    Page  002
 - - - - - - - - - - - - - - - - - - - - - - - - - - - - - - - - - - - - - -
 


  INPUT --- proc estimate link=Parm-Specific NOLOOP varest=2ndPart    ;


  INPUT --- model={ alpha(~1 + captive + age.t + sex + effort.trapdays 
  INPUT --- + recordloss.agout.total)sigma(~1 + 
  INPUT --- time)U(~sample_month)Phi(~1)Gamma''(~1)Gamma'(~1) };

  INPUT ---    fixed=2;
  INPUT ---        parm(70)=1 ;
  INPUT ---        parm(71)=0 ;

  INPUT ---    group=1 alpha    rows=1 cols=30 Square ;
  INPUT ---        1 2 3 4 5 6 7 8 9 10 11 12 13 14 15 16 17 18 19 20 21 22 
  INPUT ---       23 24 25 26 27 28 29 30 ;

  INPUT ---    group=1 sigma    rows=1 cols=30 Square ;
  INPUT ---        31 32 33 34 35 36 37 38 39 40 41 42 43 44 45 46 47 48 49 
  INPUT ---       50 51 52 53 54 55 56 57 58 59 60 ;

  INPUT ---    group=1 U    rows=1 cols=30 Square ;
  INPUT ---        61 61 61 61 61 62 62 62 62 62 63 63 63 63 63 64 64 64 64 
  INPUT ---       64 65 65 65 65 65 66 66 66 66 66 ;

  INPUT ---    group=1 Phi    rows=29 cols=29 Triang ;
  INPUT ---        70 70 70 70 67 70 70 70 70 67 70 70 70 70 67 70 70 70 70 
  INPUT ---       67 70 70 70 70 67 70 70 70 70 ;
  INPUT ---        70 70 70 70 70 70 70 70 70 70 70 70 70 70 70 70 70 70 70 
  INPUT ---       70 70 70 70 70 70 70 70 70 ;
  INPUT ---        70 70 70 70 70 70 70 70 70 70 70 70 70 70 70 70 70 70 70 
  INPUT ---       70 70 70 70 70 70 70 70 ;
  INPUT ---        70 70 70 70 70 70 70 70 70 70 70 70 70 70 70 70 70 70 70 
  INPUT ---       70 70 70 70 70 70 70 ;
  INPUT ---        70 70 70 70 70 70 70 70 70 70 70 70 70 70 70 70 70 70 70 
  INPUT ---       70 70 70 70 70 70 ;
  INPUT ---        70 70 70 70 67 70 70 70 70 67 70 70 70 70 67 70 70 70 70 
  INPUT ---       67 70 70 70 70 ;
  INPUT ---        70 70 70 70 70 70 70 70 70 70 70 70 70 70 70 70 70 70 70 
  INPUT ---       70 70 70 70 ;
  INPUT ---        70 70 70 70 70 70 70 70 70 70 70 70 70 70 70 70 70 70 70 
  INPUT ---       70 70 70 ;
  INPUT ---        70 70 70 70 70 70 70 70 70 70 70 70 70 70 70 70 70 70 70 
  INPUT ---       70 70 ;
  INPUT ---        70 70 70 70 70 70 70 70 70 70 70 70 70 70 70 70 70 70 70 
  INPUT ---       70 ;

  Program  MARK  - Survival Rate Estimation with Capture-Recapture Data
   gfortran(Win64) Vers. 8.1 Mar 2016    5-Aug-2016 15:47:32    Page  003
 - - - - - - - - - - - - - - - - - - - - - - - - - - - - - - - - - - - - - -
 
  INPUT ---        70 70 70 70 67 70 70 70 70 67 70 70 70 70 67 70 70 70 70 ;
  INPUT ---        70 70 70 70 70 70 70 70 70 70 70 70 70 70 70 70 70 70 ;
  INPUT ---        70 70 70 70 70 70 70 70 70 70 70 70 70 70 70 70 70 ;
  INPUT ---        70 70 70 70 70 70 70 70 70 70 70 70 70 70 70 70 ;
  INPUT ---        70 70 70 70 70 70 70 70 70 70 70 70 70 70 70 ;
  INPUT ---        70 70 70 70 67 70 70 70 70 67 70 70 70 70 ;
  INPUT ---        70 70 70 70 70 70 70 70 70 70 70 70 70 ;
  INPUT ---        70 70 70 70 70 70 70 70 70 70 70 70 ;
  INPUT ---        70 70 70 70 70 70 70 70 70 70 70 ;
  INPUT ---        70 70 70 70 70 70 70 70 70 70 ;
  INPUT ---        70 70 70 70 67 70 70 70 70 ;
  INPUT ---        70 70 70 70 70 70 70 70 ;
  INPUT ---        70 70 70 70 70 70 70 ;
  INPUT ---        70 70 70 70 70 70 ;
  INPUT ---        70 70 70 70 70 ;
  INPUT ---        70 70 70 70 ;
  INPUT ---        70 70 70 ;
  INPUT ---        70 70 ;
  INPUT ---        70 ;

  INPUT ---    group=1 Gamma''    rows=29 cols=29 Triang ;
  INPUT ---        71 71 71 71 68 71 71 71 71 68 71 71 71 71 68 71 71 71 71 
  INPUT ---       68 71 71 71 71 68 71 71 71 71 ;
  INPUT ---        71 71 71 71 71 71 71 71 71 71 71 71 71 71 71 71 71 71 71 
  INPUT ---       71 71 71 71 71 71 71 71 71 ;
  INPUT ---        71 71 71 71 71 71 71 71 71 71 71 71 71 71 71 71 71 71 71 
  INPUT ---       71 71 71 71 71 71 71 71 ;
  INPUT ---        71 71 71 71 71 71 71 71 71 71 71 71 71 71 71 71 71 71 71 
  INPUT ---       71 71 71 71 71 71 71 ;
  INPUT ---        71 71 71 71 71 71 71 71 71 71 71 71 71 71 71 71 71 71 71 
  INPUT ---       71 71 71 71 71 71 ;
  INPUT ---        71 71 71 71 68 71 71 71 71 68 71 71 71 71 68 71 71 71 71 
  INPUT ---       68 71 71 71 71 ;
  INPUT ---        71 71 71 71 71 71 71 71 71 71 71 71 71 71 71 71 71 71 71 
  INPUT ---       71 71 71 71 ;
  INPUT ---        71 71 71 71 71 71 71 71 71 71 71 71 71 71 71 71 71 71 71 
  INPUT ---       71 71 71 ;
  INPUT ---        71 71 71 71 71 71 71 71 71 71 71 71 71 71 71 71 71 71 71 
  INPUT ---       71 71 ;
  INPUT ---        71 71 71 71 71 71 71 71 71 71 71 71 71 71 71 71 71 71 71 
  INPUT ---       71 ;
  INPUT ---        71 71 71 71 68 71 71 71 71 68 71 71 71 71 68 71 71 71 71 ;
  INPUT ---        71 71 71 71 71 71 71 71 71 71 71 71 71 71 71 71 71 71 ;
  INPUT ---        71 71 71 71 71 71 71 71 71 71 71 71 71 71 71 71 71 ;
  INPUT ---        71 71 71 71 71 71 71 71 71 71 71 71 71 71 71 71 ;
  INPUT ---        71 71 71 71 71 71 71 71 71 71 71 71 71 71 71 ;

  Program  MARK  - Survival Rate Estimation with Capture-Recapture Data
   gfortran(Win64) Vers. 8.1 Mar 2016    5-Aug-2016 15:47:32    Page  004
 - - - - - - - - - - - - - - - - - - - - - - - - - - - - - - - - - - - - - -
 
  INPUT ---        71 71 71 71 68 71 71 71 71 68 71 71 71 71 ;
  INPUT ---        71 71 71 71 71 71 71 71 71 71 71 71 71 ;
  INPUT ---        71 71 71 71 71 71 71 71 71 71 71 71 ;
  INPUT ---        71 71 71 71 71 71 71 71 71 71 71 ;
  INPUT ---        71 71 71 71 71 71 71 71 71 71 ;
  INPUT ---        71 71 71 71 68 71 71 71 71 ;
  INPUT ---        71 71 71 71 71 71 71 71 ;
  INPUT ---        71 71 71 71 71 71 71 ;
  INPUT ---        71 71 71 71 71 71 ;
  INPUT ---        71 71 71 71 71 ;
  INPUT ---        71 71 71 71 ;
  INPUT ---        71 71 71 ;
  INPUT ---        71 71 ;
  INPUT ---        71 ;

  INPUT ---    group=1 Gamma'    rows=28 cols=28 Triang ;
  INPUT ---        71 71 71 69 71 71 71 71 69 71 71 71 71 69 71 71 71 71 69 
  INPUT ---       71 71 71 71 69 71 71 71 71 ;
  INPUT ---        71 71 71 71 71 71 71 71 71 71 71 71 71 71 71 71 71 71 71 
  INPUT ---       71 71 71 71 71 71 71 71 ;
  INPUT ---        71 71 71 71 71 71 71 71 71 71 71 71 71 71 71 71 71 71 71 
  INPUT ---       71 71 71 71 71 71 71 ;
  INPUT ---        71 71 71 71 71 71 71 71 71 71 71 71 71 71 71 71 71 71 71 
  INPUT ---       71 71 71 71 71 71 ;
  INPUT ---        71 71 71 71 71 71 71 71 71 71 71 71 71 71 71 71 71 71 71 
  INPUT ---       71 71 71 71 71 ;
  INPUT ---        71 71 71 69 71 71 71 71 69 71 71 71 71 69 71 71 71 71 69 
  INPUT ---       71 71 71 71 ;
  INPUT ---        71 71 71 71 71 71 71 71 71 71 71 71 71 71 71 71 71 71 71 
  INPUT ---       71 71 71 ;
  INPUT ---        71 71 71 71 71 71 71 71 71 71 71 71 71 71 71 71 71 71 71 
  INPUT ---       71 71 ;
  INPUT ---        71 71 71 71 71 71 71 71 71 71 71 71 71 71 71 71 71 71 71 
  INPUT ---       71 ;
  INPUT ---        71 71 71 71 71 71 71 71 71 71 71 71 71 71 71 71 71 71 71 ;
  INPUT ---        71 71 71 69 71 71 71 71 69 71 71 71 71 69 71 71 71 71 ;
  INPUT ---        71 71 71 71 71 71 71 71 71 71 71 71 71 71 71 71 71 ;
  INPUT ---        71 71 71 71 71 71 71 71 71 71 71 71 71 71 71 71 ;
  INPUT ---        71 71 71 71 71 71 71 71 71 71 71 71 71 71 71 ;
  INPUT ---        71 71 71 71 71 71 71 71 71 71 71 71 71 71 ;
  INPUT ---        71 71 71 69 71 71 71 71 69 71 71 71 71 ;
  INPUT ---        71 71 71 71 71 71 71 71 71 71 71 71 ;
  INPUT ---        71 71 71 71 71 71 71 71 71 71 71 ;
  INPUT ---        71 71 71 71 71 71 71 71 71 71 ;
  INPUT ---        71 71 71 71 71 71 71 71 71 ;
  INPUT ---        71 71 71 69 71 71 71 71 ;

  Program  MARK  - Survival Rate Estimation with Capture-Recapture Data
   gfortran(Win64) Vers. 8.1 Mar 2016    5-Aug-2016 15:47:32    Page  005
 - - - - - - - - - - - - - - - - - - - - - - - - - - - - - - - - - - - - - -
 
  INPUT ---        71 71 71 71 71 71 71 ;
  INPUT ---        71 71 71 71 71 71 ;
  INPUT ---        71 71 71 71 71 ;
  INPUT ---        71 71 71 71 ;
  INPUT ---        71 71 71 ;
  INPUT ---        71 71 ;
  INPUT ---        71 ;

  INPUT ---    initial  0.8492118 0 0 0 0 0 -0.3123225 0 0 0 0 0 0 0 0 0 0 
  INPUT ---    0 0 0 0 0 0 0 0 0 0 0 0 0 0 0 0 0 0 0 3.139572 0 0 0 0 0 
  INPUT ---    2.0066797 -2.9445172 17.724958  ;

  INPUT ---    design matrix constraints=71 covariates=45;
  INPUT ---        1 captive age.t1 sex 96 0.186046511627907 0 0 0 0 0 0 0 0 
  INPUT ---       0 0 0 0 0 0 0 0 0 0 0 0 0 0 0 0 0 0 0 0 0 0 0 0 0 0 0 0 0 0 
  INPUT ---       0;
  INPUT ---        1 captive age.t1.2 sex 96 0.127659574468085 0 0 0 0 0 0 0 
  INPUT ---       0 0 0 0 0 0 0 0 0 0 0 0 0 0 0 0 0 0 0 0 0 0 0 0 0 0 0 0 0 0 
  INPUT ---       0 0;
  INPUT ---        1 captive age.t1.4 sex 114 0.08 0 0 0 0 0 0 0 0 0 0 0 0 0 
  INPUT ---       0 0 0 0 0 0 0 0 0 0 0 0 0 0 0 0 0 0 0 0 0 0 0 0 0 0;
  INPUT ---        1 captive age.t1.6 sex 120 0.166666666666667 0 0 0 0 0 0 0 
  INPUT ---       0 0 0 0 0 0 0 0 0 0 0 0 0 0 0 0 0 0 0 0 0 0 0 0 0 0 0 0 0 0 
  INPUT ---       0 0;
  INPUT ---        1 captive age.t1.8 sex 115 0.169230769230769 0 0 0 0 0 0 0 
  INPUT ---       0 0 0 0 0 0 0 0 0 0 0 0 0 0 0 0 0 0 0 0 0 0 0 0 0 0 0 0 0 0 
  INPUT ---       0 0;
  INPUT ---        1 captive age.t3.8 sex 126 0.0615384615384615 0 0 0 0 0 0 
  INPUT ---       0 0 0 0 0 0 0 0 0 0 0 0 0 0 0 0 0 0 0 0 0 0 0 0 0 0 0 0 0 0 
  INPUT ---       0 0 0;
  INPUT ---        1 captive age.t4 sex 126 0.0776699029126214 0 0 0 0 0 0 0 
  INPUT ---       0 0 0 0 0 0 0 0 0 0 0 0 0 0 0 0 0 0 0 0 0 0 0 0 0 0 0 0 0 0 
  INPUT ---       0 0;
  INPUT ---        1 captive age.t4.2 sex 126 0.170212765957447 0 0 0 0 0 0 0 
  INPUT ---       0 0 0 0 0 0 0 0 0 0 0 0 0 0 0 0 0 0 0 0 0 0 0 0 0 0 0 0 0 0 
  INPUT ---       0 0;
  INPUT ---        1 captive age.t4.4 sex 114 0.0666666666666667 0 0 0 0 0 0 
  INPUT ---       0 0 0 0 0 0 0 0 0 0 0 0 0 0 0 0 0 0 0 0 0 0 0 0 0 0 0 0 0 0 
  INPUT ---       0 0 0;
  INPUT ---        1 captive age.t4.6 sex 126 0.0894308943089431 0 0 0 0 0 0 
  INPUT ---       0 0 0 0 0 0 0 0 0 0 0 0 0 0 0 0 0 0 0 0 0 0 0 0 0 0 0 0 0 0 
  INPUT ---       0 0 0;
  INPUT ---        1 captive age.t7.1 sex 139 0.08 0 0 0 0 0 0 0 0 0 0 0 0 0 
  INPUT ---       0 0 0 0 0 0 0 0 0 0 0 0 0 0 0 0 0 0 0 0 0 0 0 0 0 0;
  INPUT ---        1 captive age.t7.3 sex 168 0.135135135135135 0 0 0 0 0 0 0 
  INPUT ---       0 0 0 0 0 0 0 0 0 0 0 0 0 0 0 0 0 0 0 0 0 0 0 0 0 0 0 0 0 0 

  Program  MARK  - Survival Rate Estimation with Capture-Recapture Data
   gfortran(Win64) Vers. 8.1 Mar 2016    5-Aug-2016 15:47:32    Page  006
 - - - - - - - - - - - - - - - - - - - - - - - - - - - - - - - - - - - - - -
 
  INPUT ---       0 0;
  INPUT ---        1 captive age.t7.5 sex 180 0.213740458015267 0 0 0 0 0 0 0 
  INPUT ---       0 0 0 0 0 0 0 0 0 0 0 0 0 0 0 0 0 0 0 0 0 0 0 0 0 0 0 0 0 0 
  INPUT ---       0 0;
  INPUT ---        1 captive age.t7.7 sex 174 0.0869565217391304 0 0 0 0 0 0 
  INPUT ---       0 0 0 0 0 0 0 0 0 0 0 0 0 0 0 0 0 0 0 0 0 0 0 0 0 0 0 0 0 0 
  INPUT ---       0 0 0;
  INPUT ---        1 captive age.t7.9 sex 173 0.131428571428571 0 0 0 0 0 0 0 
  INPUT ---       0 0 0 0 0 0 0 0 0 0 0 0 0 0 0 0 0 0 0 0 0 0 0 0 0 0 0 0 0 0 
  INPUT ---       0 0;
  INPUT ---        1 captive age.t10.567 sex 166 0.167441860465116 0 0 0 0 0 
  INPUT ---       0 0 0 0 0 0 0 0 0 0 0 0 0 0 0 0 0 0 0 0 0 0 0 0 0 0 0 0 0 0 
  INPUT ---       0 0 0 0;
  INPUT ---        1 captive age.t10.767 sex 172 0.155 0 0 0 0 0 0 0 0 0 0 0 
  INPUT ---       0 0 0 0 0 0 0 0 0 0 0 0 0 0 0 0 0 0 0 0 0 0 0 0 0 0 0 0;
  INPUT ---        1 captive age.t10.967 sex 166 0.168831168831169 0 0 0 0 0 
  INPUT ---       0 0 0 0 0 0 0 0 0 0 0 0 0 0 0 0 0 0 0 0 0 0 0 0 0 0 0 0 0 0 
  INPUT ---       0 0 0 0;
  INPUT ---        1 captive age.t11.167 sex 171 0.231182795698925 0 0 0 0 0 
  INPUT ---       0 0 0 0 0 0 0 0 0 0 0 0 0 0 0 0 0 0 0 0 0 0 0 0 0 0 0 0 0 0 
  INPUT ---       0 0 0 0;
  INPUT ---        1 captive age.t11.367 sex 151 0.224489795918367 0 0 0 0 0 
  INPUT ---       0 0 0 0 0 0 0 0 0 0 0 0 0 0 0 0 0 0 0 0 0 0 0 0 0 0 0 0 0 0 
  INPUT ---       0 0 0 0;
  INPUT ---        1 captive age.t13.134 sex 192 0.125827814569536 0 0 0 0 0 
  INPUT ---       0 0 0 0 0 0 0 0 0 0 0 0 0 0 0 0 0 0 0 0 0 0 0 0 0 0 0 0 0 0 
  INPUT ---       0 0 0 0;
  INPUT ---        1 captive age.t13.334 sex 185 0.201612903225806 0 0 0 0 0 
  INPUT ---       0 0 0 0 0 0 0 0 0 0 0 0 0 0 0 0 0 0 0 0 0 0 0 0 0 0 0 0 0 0 
  INPUT ---       0 0 0 0;
  INPUT ---        1 captive age.t13.534 sex 198 0.244604316546763 0 0 0 0 0 
  INPUT ---       0 0 0 0 0 0 0 0 0 0 0 0 0 0 0 0 0 0 0 0 0 0 0 0 0 0 0 0 0 0 
  INPUT ---       0 0 0 0;
  INPUT ---        1 captive age.t13.734 sex 198 0.282828282828283 0 0 0 0 0 
  INPUT ---       0 0 0 0 0 0 0 0 0 0 0 0 0 0 0 0 0 0 0 0 0 0 0 0 0 0 0 0 0 0 
  INPUT ---       0 0 0 0;
  INPUT ---        1 captive age.t13.934 sex 195 0.314516129032258 0 0 0 0 0 
  INPUT ---       0 0 0 0 0 0 0 0 0 0 0 0 0 0 0 0 0 0 0 0 0 0 0 0 0 0 0 0 0 0 
  INPUT ---       0 0 0 0;
  INPUT ---        1 captive age.t17.101 sex 192 0.137254901960784 0 0 0 0 0 
  INPUT ---       0 0 0 0 0 0 0 0 0 0 0 0 0 0 0 0 0 0 0 0 0 0 0 0 0 0 0 0 0 0 
  INPUT ---       0 0 0 0;
  INPUT ---        1 captive age.t17.301 sex 192 0.266129032258065 0 0 0 0 0 
  INPUT ---       0 0 0 0 0 0 0 0 0 0 0 0 0 0 0 0 0 0 0 0 0 0 0 0 0 0 0 0 0 0 
  INPUT ---       0 0 0 0;
  INPUT ---        1 captive age.t17.501 sex 198 0.198581560283688 0 0 0 0 0 

  Program  MARK  - Survival Rate Estimation with Capture-Recapture Data
   gfortran(Win64) Vers. 8.1 Mar 2016    5-Aug-2016 15:47:32    Page  007
 - - - - - - - - - - - - - - - - - - - - - - - - - - - - - - - - - - - - - -
 
  INPUT ---       0 0 0 0 0 0 0 0 0 0 0 0 0 0 0 0 0 0 0 0 0 0 0 0 0 0 0 0 0 0 
  INPUT ---       0 0 0 0;
  INPUT ---        1 captive age.t17.701 sex 198 0.293333333333333 0 0 0 0 0 
  INPUT ---       0 0 0 0 0 0 0 0 0 0 0 0 0 0 0 0 0 0 0 0 0 0 0 0 0 0 0 0 0 0 
  INPUT ---       0 0 0 0;
  INPUT ---        1 captive age.t17.901 sex 198 0.202453987730061 0 0 0 0 0 
  INPUT ---       0 0 0 0 0 0 0 0 0 0 0 0 0 0 0 0 0 0 0 0 0 0 0 0 0 0 0 0 0 0 
  INPUT ---       0 0 0 0;
  INPUT ---        0 0 0 0 0 0 1 0 0 0 0 0 0 0 0 0 0 0 0 0 0 0 0 0 0 0 0 0 0 
  INPUT ---       0 0 0 0 0 0 0 0 0 0 0 0 0 0 0 0;
  INPUT ---        0 0 0 0 0 0 1 1 0 0 0 0 0 0 0 0 0 0 0 0 0 0 0 0 0 0 0 0 0 
  INPUT ---       0 0 0 0 0 0 0 0 0 0 0 0 0 0 0 0;
  INPUT ---        0 0 0 0 0 0 1 0 1 0 0 0 0 0 0 0 0 0 0 0 0 0 0 0 0 0 0 0 0 
  INPUT ---       0 0 0 0 0 0 0 0 0 0 0 0 0 0 0 0;
  INPUT ---        0 0 0 0 0 0 1 0 0 1 0 0 0 0 0 0 0 0 0 0 0 0 0 0 0 0 0 0 0 
  INPUT ---       0 0 0 0 0 0 0 0 0 0 0 0 0 0 0 0;
  INPUT ---        0 0 0 0 0 0 1 0 0 0 1 0 0 0 0 0 0 0 0 0 0 0 0 0 0 0 0 0 0 
  INPUT ---       0 0 0 0 0 0 0 0 0 0 0 0 0 0 0 0;
  INPUT ---        0 0 0 0 0 0 1 0 0 0 0 1 0 0 0 0 0 0 0 0 0 0 0 0 0 0 0 0 0 
  INPUT ---       0 0 0 0 0 0 0 0 0 0 0 0 0 0 0 0;
  INPUT ---        0 0 0 0 0 0 1 0 0 0 0 0 1 0 0 0 0 0 0 0 0 0 0 0 0 0 0 0 0 
  INPUT ---       0 0 0 0 0 0 0 0 0 0 0 0 0 0 0 0;
  INPUT ---        0 0 0 0 0 0 1 0 0 0 0 0 0 1 0 0 0 0 0 0 0 0 0 0 0 0 0 0 0 
  INPUT ---       0 0 0 0 0 0 0 0 0 0 0 0 0 0 0 0;
  INPUT ---        0 0 0 0 0 0 1 0 0 0 0 0 0 0 1 0 0 0 0 0 0 0 0 0 0 0 0 0 0 
  INPUT ---       0 0 0 0 0 0 0 0 0 0 0 0 0 0 0 0;
  INPUT ---        0 0 0 0 0 0 1 0 0 0 0 0 0 0 0 1 0 0 0 0 0 0 0 0 0 0 0 0 0 
  INPUT ---       0 0 0 0 0 0 0 0 0 0 0 0 0 0 0 0;
  INPUT ---        0 0 0 0 0 0 1 0 0 0 0 0 0 0 0 0 1 0 0 0 0 0 0 0 0 0 0 0 0 
  INPUT ---       0 0 0 0 0 0 0 0 0 0 0 0 0 0 0 0;
  INPUT ---        0 0 0 0 0 0 1 0 0 0 0 0 0 0 0 0 0 1 0 0 0 0 0 0 0 0 0 0 0 
  INPUT ---       0 0 0 0 0 0 0 0 0 0 0 0 0 0 0 0;
  INPUT ---        0 0 0 0 0 0 1 0 0 0 0 0 0 0 0 0 0 0 1 0 0 0 0 0 0 0 0 0 0 
  INPUT ---       0 0 0 0 0 0 0 0 0 0 0 0 0 0 0 0;
  INPUT ---        0 0 0 0 0 0 1 0 0 0 0 0 0 0 0 0 0 0 0 1 0 0 0 0 0 0 0 0 0 
  INPUT ---       0 0 0 0 0 0 0 0 0 0 0 0 0 0 0 0;
  INPUT ---        0 0 0 0 0 0 1 0 0 0 0 0 0 0 0 0 0 0 0 0 1 0 0 0 0 0 0 0 0 
  INPUT ---       0 0 0 0 0 0 0 0 0 0 0 0 0 0 0 0;
  INPUT ---        0 0 0 0 0 0 1 0 0 0 0 0 0 0 0 0 0 0 0 0 0 1 0 0 0 0 0 0 0 
  INPUT ---       0 0 0 0 0 0 0 0 0 0 0 0 0 0 0 0;
  INPUT ---        0 0 0 0 0 0 1 0 0 0 0 0 0 0 0 0 0 0 0 0 0 0 1 0 0 0 0 0 0 
  INPUT ---       0 0 0 0 0 0 0 0 0 0 0 0 0 0 0 0;
  INPUT ---        0 0 0 0 0 0 1 0 0 0 0 0 0 0 0 0 0 0 0 0 0 0 0 1 0 0 0 0 0 
  INPUT ---       0 0 0 0 0 0 0 0 0 0 0 0 0 0 0 0;
  INPUT ---        0 0 0 0 0 0 1 0 0 0 0 0 0 0 0 0 0 0 0 0 0 0 0 0 1 0 0 0 0 
  INPUT ---       0 0 0 0 0 0 0 0 0 0 0 0 0 0 0 0;

  Program  MARK  - Survival Rate Estimation with Capture-Recapture Data
   gfortran(Win64) Vers. 8.1 Mar 2016    5-Aug-2016 15:47:32    Page  008
 - - - - - - - - - - - - - - - - - - - - - - - - - - - - - - - - - - - - - -
 
  INPUT ---        0 0 0 0 0 0 1 0 0 0 0 0 0 0 0 0 0 0 0 0 0 0 0 0 0 1 0 0 0 
  INPUT ---       0 0 0 0 0 0 0 0 0 0 0 0 0 0 0 0;
  INPUT ---        0 0 0 0 0 0 1 0 0 0 0 0 0 0 0 0 0 0 0 0 0 0 0 0 0 0 1 0 0 
  INPUT ---       0 0 0 0 0 0 0 0 0 0 0 0 0 0 0 0;
  INPUT ---        0 0 0 0 0 0 1 0 0 0 0 0 0 0 0 0 0 0 0 0 0 0 0 0 0 0 0 1 0 
  INPUT ---       0 0 0 0 0 0 0 0 0 0 0 0 0 0 0 0;
  INPUT ---        0 0 0 0 0 0 1 0 0 0 0 0 0 0 0 0 0 0 0 0 0 0 0 0 0 0 0 0 1 
  INPUT ---       0 0 0 0 0 0 0 0 0 0 0 0 0 0 0 0;
  INPUT ---        0 0 0 0 0 0 1 0 0 0 0 0 0 0 0 0 0 0 0 0 0 0 0 0 0 0 0 0 0 
  INPUT ---       1 0 0 0 0 0 0 0 0 0 0 0 0 0 0 0;
  INPUT ---        0 0 0 0 0 0 1 0 0 0 0 0 0 0 0 0 0 0 0 0 0 0 0 0 0 0 0 0 0 
  INPUT ---       0 1 0 0 0 0 0 0 0 0 0 0 0 0 0 0;
  INPUT ---        0 0 0 0 0 0 1 0 0 0 0 0 0 0 0 0 0 0 0 0 0 0 0 0 0 0 0 0 0 
  INPUT ---       0 0 1 0 0 0 0 0 0 0 0 0 0 0 0 0;
  INPUT ---        0 0 0 0 0 0 1 0 0 0 0 0 0 0 0 0 0 0 0 0 0 0 0 0 0 0 0 0 0 
  INPUT ---       0 0 0 1 0 0 0 0 0 0 0 0 0 0 0 0;
  INPUT ---        0 0 0 0 0 0 1 0 0 0 0 0 0 0 0 0 0 0 0 0 0 0 0 0 0 0 0 0 0 
  INPUT ---       0 0 0 0 1 0 0 0 0 0 0 0 0 0 0 0;
  INPUT ---        0 0 0 0 0 0 1 0 0 0 0 0 0 0 0 0 0 0 0 0 0 0 0 0 0 0 0 0 0 
  INPUT ---       0 0 0 0 0 1 0 0 0 0 0 0 0 0 0 0;
  INPUT ---        0 0 0 0 0 0 1 0 0 0 0 0 0 0 0 0 0 0 0 0 0 0 0 0 0 0 0 0 0 
  INPUT ---       0 0 0 0 0 0 1 0 0 0 0 0 0 0 0 0;
  INPUT ---        0 0 0 0 0 0 0 0 0 0 0 0 0 0 0 0 0 0 0 0 0 0 0 0 0 0 0 0 0 
  INPUT ---       0 0 0 0 0 0 0 1 0 0 0 0 0 0 0 0;
  INPUT ---        0 0 0 0 0 0 0 0 0 0 0 0 0 0 0 0 0 0 0 0 0 0 0 0 0 0 0 0 0 
  INPUT ---       0 0 0 0 0 0 0 1 1 0 0 0 0 0 0 0;
  INPUT ---        0 0 0 0 0 0 0 0 0 0 0 0 0 0 0 0 0 0 0 0 0 0 0 0 0 0 0 0 0 
  INPUT ---       0 0 0 0 0 0 0 1 0 1 0 0 0 0 0 0;
  INPUT ---        0 0 0 0 0 0 0 0 0 0 0 0 0 0 0 0 0 0 0 0 0 0 0 0 0 0 0 0 0 
  INPUT ---       0 0 0 0 0 0 0 1 0 0 1 0 0 0 0 0;
  INPUT ---        0 0 0 0 0 0 0 0 0 0 0 0 0 0 0 0 0 0 0 0 0 0 0 0 0 0 0 0 0 
  INPUT ---       0 0 0 0 0 0 0 1 0 0 0 1 0 0 0 0;
  INPUT ---        0 0 0 0 0 0 0 0 0 0 0 0 0 0 0 0 0 0 0 0 0 0 0 0 0 0 0 0 0 
  INPUT ---       0 0 0 0 0 0 0 1 0 0 0 0 1 0 0 0;
  INPUT ---        0 0 0 0 0 0 0 0 0 0 0 0 0 0 0 0 0 0 0 0 0 0 0 0 0 0 0 0 0 
  INPUT ---       0 0 0 0 0 0 0 0 0 0 0 0 0 1 0 0;
  INPUT ---        0 0 0 0 0 0 0 0 0 0 0 0 0 0 0 0 0 0 0 0 0 0 0 0 0 0 0 0 0 
  INPUT ---       0 0 0 0 0 0 0 0 0 0 0 0 0 0 1 0;
  INPUT ---        0 0 0 0 0 0 0 0 0 0 0 0 0 0 0 0 0 0 0 0 0 0 0 0 0 0 0 0 0 
  INPUT ---       0 0 0 0 0 0 0 0 0 0 0 0 0 0 0 1;
  INPUT ---        0 0 0 0 0 0 0 0 0 0 0 0 0 0 0 0 0 0 0 0 0 0 0 0 0 0 0 0 0 
  INPUT ---       0 0 0 0 0 0 0 0 0 0 0 0 0 0 0 0;
  INPUT ---        0 0 0 0 0 0 0 0 0 0 0 0 0 0 0 0 0 0 0 0 0 0 0 0 0 0 0 0 0 
  INPUT ---       0 0 0 0 0 0 0 0 0 0 0 0 0 0 0 0;

  INPUT ---    links=71;

  Program  MARK  - Survival Rate Estimation with Capture-Recapture Data
   gfortran(Win64) Vers. 8.1 Mar 2016    5-Aug-2016 15:47:32    Page  009
 - - - - - - - - - - - - - - - - - - - - - - - - - - - - - - - - - - - - - -
 

  INPUT ---    Log;

  INPUT ---    Log;

  INPUT ---    Log;

  INPUT ---    Log;

  INPUT ---    Log;

  INPUT ---    Log;

  INPUT ---    Log;

  INPUT ---    Log;

  INPUT ---    Log;

  INPUT ---    Log;

  INPUT ---    Log;

  INPUT ---    Log;

  INPUT ---    Log;

  INPUT ---    Log;

  INPUT ---    Log;

  INPUT ---    Log;

  INPUT ---    Log;

  INPUT ---    Log;

  INPUT ---    Log;

  INPUT ---    Log;

  INPUT ---    Log;

  INPUT ---    Log;

  INPUT ---    Log;

  Program  MARK  - Survival Rate Estimation with Capture-Recapture Data
   gfortran(Win64) Vers. 8.1 Mar 2016    5-Aug-2016 15:47:32    Page  010
 - - - - - - - - - - - - - - - - - - - - - - - - - - - - - - - - - - - - - -
 

  INPUT ---    Log;

  INPUT ---    Log;

  INPUT ---    Log;

  INPUT ---    Log;

  INPUT ---    Log;

  INPUT ---    Log;

  INPUT ---    Log;

  INPUT ---    Log;

  INPUT ---    Log;

  INPUT ---    Log;

  INPUT ---    Log;

  INPUT ---    Log;

  INPUT ---    Log;

  INPUT ---    Log;

  INPUT ---    Log;

  INPUT ---    Log;

  INPUT ---    Log;

  INPUT ---    Log;

  INPUT ---    Log;

  INPUT ---    Log;

  INPUT ---    Log;

  INPUT ---    Log;

  INPUT ---    Log;

  Program  MARK  - Survival Rate Estimation with Capture-Recapture Data
   gfortran(Win64) Vers. 8.1 Mar 2016    5-Aug-2016 15:47:32    Page  011
 - - - - - - - - - - - - - - - - - - - - - - - - - - - - - - - - - - - - - -
 

  INPUT ---    Log;

  INPUT ---    Log;

  INPUT ---    Log;

  INPUT ---    Log;

  INPUT ---    Log;

  INPUT ---    Log;

  INPUT ---    Log;

  INPUT ---    Log;

  INPUT ---    Log;

  INPUT ---    Log;

  INPUT ---    Log;

  INPUT ---    Log;

  INPUT ---    Log;

  INPUT ---    Log;

  INPUT ---    Log;

  INPUT ---    Log;

  INPUT ---    Log;

  INPUT ---    Log;

  INPUT ---    Log;

  INPUT ---    Log;

  INPUT ---    Logit;

  INPUT ---    Logit;

  INPUT ---    Logit;

  Program  MARK  - Survival Rate Estimation with Capture-Recapture Data
   gfortran(Win64) Vers. 8.1 Mar 2016    5-Aug-2016 15:47:32    Page  012
 - - - - - - - - - - - - - - - - - - - - - - - - - - - - - - - - - - - - - -
 

  INPUT ---    Logit;

  INPUT ---    Logit;
  INPUT ---       blabel(1)=alpha:(Intercept);
  INPUT ---       blabel(2)=alpha:captive;
  INPUT ---       blabel(3)=alpha:age.t;
  INPUT ---       blabel(4)=alpha:sex;
  INPUT ---       blabel(5)=alpha:effort.trapdays;
  INPUT ---       blabel(6)=alpha:recordloss.agout.total;
  INPUT ---       blabel(7)=sigma:(Intercept);
  INPUT ---       blabel(8)=sigma:time1.2;
  INPUT ---       blabel(9)=sigma:time1.4;
  INPUT ---       blabel(10)=sigma:time1.6;
  INPUT ---       blabel(11)=sigma:time1.8;
  INPUT ---       blabel(12)=sigma:time3.8;
  INPUT ---       blabel(13)=sigma:time4;
  INPUT ---       blabel(14)=sigma:time4.2;
  INPUT ---       blabel(15)=sigma:time4.4;
  INPUT ---       blabel(16)=sigma:time4.6;
  INPUT ---       blabel(17)=sigma:time7.1;
  INPUT ---       blabel(18)=sigma:time7.3;
  INPUT ---       blabel(19)=sigma:time7.5;
  INPUT ---       blabel(20)=sigma:time7.7;
  INPUT ---       blabel(21)=sigma:time7.9;
  INPUT ---       blabel(22)=sigma:time10.567;
  INPUT ---       blabel(23)=sigma:time10.767;
  INPUT ---       blabel(24)=sigma:time10.967;
  INPUT ---       blabel(25)=sigma:time11.167;
  INPUT ---       blabel(26)=sigma:time11.367;
  INPUT ---       blabel(27)=sigma:time13.134;
  INPUT ---       blabel(28)=sigma:time13.334;
  INPUT ---       blabel(29)=sigma:time13.534;
  INPUT ---       blabel(30)=sigma:time13.734;
  INPUT ---       blabel(31)=sigma:time13.934;
  INPUT ---       blabel(32)=sigma:time17.101;
  INPUT ---       blabel(33)=sigma:time17.301;
  INPUT ---       blabel(34)=sigma:time17.501;
  INPUT ---       blabel(35)=sigma:time17.701;
  INPUT ---       blabel(36)=sigma:time17.901;
  INPUT ---       blabel(37)=U:(Intercept);
  INPUT ---       blabel(38)=U:sample_monthB;
  INPUT ---       blabel(39)=U:sample_monthC;
  INPUT ---       blabel(40)=U:sample_monthD;
  INPUT ---       blabel(41)=U:sample_monthE;
  INPUT ---       blabel(42)=U:sample_monthF;

  Program  MARK  - Survival Rate Estimation with Capture-Recapture Data
   gfortran(Win64) Vers. 8.1 Mar 2016    5-Aug-2016 15:47:32    Page  013
 - - - - - - - - - - - - - - - - - - - - - - - - - - - - - - - - - - - - - -
 
  INPUT ---       blabel(43)=Phi:(Intercept);
  INPUT ---       blabel(44)=GammaDoublePrime:(Intercept);
  INPUT ---       blabel(45)=GammaPrime:(Intercept);
  INPUT ---       rlabel(1)=alpha g1 a0 t1;
  INPUT ---       rlabel(2)=alpha g1 a0.2 t1.2;
  INPUT ---       rlabel(3)=alpha g1 a0.4 t1.4;
  INPUT ---       rlabel(4)=alpha g1 a0.6 t1.6;
  INPUT ---       rlabel(5)=alpha g1 a0.8 t1.8;
  INPUT ---       rlabel(6)=alpha g1 a2.8 t3.8;
  INPUT ---       rlabel(7)=alpha g1 a3 t4;
  INPUT ---       rlabel(8)=alpha g1 a3.2 t4.2;
  INPUT ---       rlabel(9)=alpha g1 a3.4 t4.4;
  INPUT ---       rlabel(10)=alpha g1 a3.6 t4.6;
  INPUT ---       rlabel(11)=alpha g1 a6.1 t7.1;
  INPUT ---       rlabel(12)=alpha g1 a6.3 t7.3;
  INPUT ---       rlabel(13)=alpha g1 a6.5 t7.5;
  INPUT ---       rlabel(14)=alpha g1 a6.7 t7.7;
  INPUT ---       rlabel(15)=alpha g1 a6.9 t7.9;
  INPUT ---       rlabel(16)=alpha g1 a9.567 t10.567;
  INPUT ---       rlabel(17)=alpha g1 a9.767 t10.767;
  INPUT ---       rlabel(18)=alpha g1 a9.967 t10.967;
  INPUT ---       rlabel(19)=alpha g1 a10.167 t11.167;
  INPUT ---       rlabel(20)=alpha g1 a10.367 t11.367;
  INPUT ---       rlabel(21)=alpha g1 a12.134 t13.134;
  INPUT ---       rlabel(22)=alpha g1 a12.334 t13.334;
  INPUT ---       rlabel(23)=alpha g1 a12.534 t13.534;
  INPUT ---       rlabel(24)=alpha g1 a12.734 t13.734;
  INPUT ---       rlabel(25)=alpha g1 a12.934 t13.934;
  INPUT ---       rlabel(26)=alpha g1 a16.101 t17.101;
  INPUT ---       rlabel(27)=alpha g1 a16.301 t17.301;
  INPUT ---       rlabel(28)=alpha g1 a16.501 t17.501;
  INPUT ---       rlabel(29)=alpha g1 a16.701 t17.701;
  INPUT ---       rlabel(30)=alpha g1 a16.901 t17.901;
  INPUT ---       rlabel(31)=sigma g1 a0 t1;
  INPUT ---       rlabel(32)=sigma g1 a0.2 t1.2;
  INPUT ---       rlabel(33)=sigma g1 a0.4 t1.4;
  INPUT ---       rlabel(34)=sigma g1 a0.6 t1.6;
  INPUT ---       rlabel(35)=sigma g1 a0.8 t1.8;
  INPUT ---       rlabel(36)=sigma g1 a2.8 t3.8;
  INPUT ---       rlabel(37)=sigma g1 a3 t4;
  INPUT ---       rlabel(38)=sigma g1 a3.2 t4.2;
  INPUT ---       rlabel(39)=sigma g1 a3.4 t4.4;
  INPUT ---       rlabel(40)=sigma g1 a3.6 t4.6;
  INPUT ---       rlabel(41)=sigma g1 a6.1 t7.1;
  INPUT ---       rlabel(42)=sigma g1 a6.3 t7.3;
  INPUT ---       rlabel(43)=sigma g1 a6.5 t7.5;

  Program  MARK  - Survival Rate Estimation with Capture-Recapture Data
   gfortran(Win64) Vers. 8.1 Mar 2016    5-Aug-2016 15:47:32    Page  014
 - - - - - - - - - - - - - - - - - - - - - - - - - - - - - - - - - - - - - -
 
  INPUT ---       rlabel(44)=sigma g1 a6.7 t7.7;
  INPUT ---       rlabel(45)=sigma g1 a6.9 t7.9;
  INPUT ---       rlabel(46)=sigma g1 a9.567 t10.567;
  INPUT ---       rlabel(47)=sigma g1 a9.767 t10.767;
  INPUT ---       rlabel(48)=sigma g1 a9.967 t10.967;
  INPUT ---       rlabel(49)=sigma g1 a10.167 t11.167;
  INPUT ---       rlabel(50)=sigma g1 a10.367 t11.367;
  INPUT ---       rlabel(51)=sigma g1 a12.134 t13.134;
  INPUT ---       rlabel(52)=sigma g1 a12.334 t13.334;
  INPUT ---       rlabel(53)=sigma g1 a12.534 t13.534;
  INPUT ---       rlabel(54)=sigma g1 a12.734 t13.734;
  INPUT ---       rlabel(55)=sigma g1 a12.934 t13.934;
  INPUT ---       rlabel(56)=sigma g1 a16.101 t17.101;
  INPUT ---       rlabel(57)=sigma g1 a16.301 t17.301;
  INPUT ---       rlabel(58)=sigma g1 a16.501 t17.501;
  INPUT ---       rlabel(59)=sigma g1 a16.701 t17.701;
  INPUT ---       rlabel(60)=sigma g1 a16.901 t17.901;
  INPUT ---       rlabel(61)=U g1 a0 t1;
  INPUT ---       rlabel(62)=U g1 a2.8 t3.8;
  INPUT ---       rlabel(63)=U g1 a6.1 t7.1;
  INPUT ---       rlabel(64)=U g1 a9.567 t10.567;
  INPUT ---       rlabel(65)=U g1 a12.134 t13.134;
  INPUT ---       rlabel(66)=U g1 a16.101 t17.101;
  INPUT ---       rlabel(67)=Phi g1 c1 a0.8 t1.8;
  INPUT ---       rlabel(68)=Gamma'' g1 c1 a0.8 t1.8;
  INPUT ---       rlabel(69)=Gamma' g1 c1 a0.8 t1.8;
  INPUT ---       rlabel(70)=Phi g1 c1 a0 t1;
  INPUT ---       rlabel(71)=Gamma'' g1 c1 a0 t1;

 Link Function Used is PARM-SPECIFIC

 Variance Estimation Procedure Used is 2ndPart 

 M(t+1):
 Group=Group 1                                                                         
       3      3      3      2      3      5      5      5      2      5      5
       4      4      4      4     10      7      7      7      5      5      5
       5      3      4      5      5      5      4      5


 -2logL(saturated) = -0.0000000    
 Effective Sample Size = 169
 Results from first iteration:
  -2logL Initial { alpha(~1 + captive + age.t + sex + effort.trapdays + recordloss.agout.total)sigma(~1 + time)U(~sample_month)Phi(~1)Gamma''(~1)Gamma'(~1) } = 1138.4459     
  Penalty Initial { alpha(~1 + captive + age.t + sex + effort.trapdays + recordloss.agout.total)sigma(~1 + time)U(~sample_month)Phi(~1)Gamma''(~1)Gamma'(~1) } = -0.0000000    

 Number of function evaluations was 135 for 45 parameters.
 Time for numerical optimization was 44.86 seconds.

  Program  MARK  - Survival Rate Estimation with Capture-Recapture Data
   gfortran(Win64) Vers. 8.1 Mar 2016    5-Aug-2016 15:48:03    Page  015
 - - - - - - - - - - - - - - - - - - - - - - - - - - - - - - - - - - - - - -
 
 -2logL { alpha(~1 + captive + age.t + sex + effort.trapdays + recordloss.agout.total)sigma(~1 + time)U(~sample_month)Phi(~1)Gamma''(~1)Gamma'(~1) } = 1023.3436     
 Penalty { alpha(~1 + captive + age.t + sex + effort.trapdays + recordloss.agout.total)sigma(~1 + time)U(~sample_month)Phi(~1)Gamma''(~1)Gamma'(~1) } = -0.0000000    

   * *  WARNING  * *   Divide by zero occurred during optimization of this model. 

   * *  WARNING  * *   Numerical underflow occurred during optimization of this model. 
     IEEE flag status at end of optimization:
     overflow       F
     divide by zero T
     invalid        T
     underflow      T
     inexact        T

 Gradient { alpha(~1 + captive + age.t + sex + effort.trapdays + recordloss.agout.total)sigma(~1 + time)U(~sample_month)Phi(~1)Gamma''(~1)Gamma'(~1) }:
 -0.4015970E-03-0.3887598E-03-0.4168904E-03-0.5073235E-03-0.3906596E-04
 -0.1409778E-03-0.6997541E-04  0.000000     0.1891505E-04 0.1025935E-04
  0.6143513E-05 0.2832134E-05  0.000000     0.5278728E-05 0.6027499E-05
 -0.1389308E-04-0.1045683E-04-0.4570699E-05 0.1524633E-05-0.3317038E-04
 -0.8726105E-04-0.2926843E-05-0.8290684E-05  0.000000    -0.4524394E-05
   0.000000    -0.1521644E-05-0.1535835E-05 0.7288154E-05 0.1946910E-04
   0.000000    -0.6182190E-05 0.3001355E-05-0.4687090E-05  0.000000    
 -0.1341697E-04 0.9832079E-05  0.000000    -0.1518827E-04-0.1053470E-03
  0.1304903E-03-0.2666630E-04-0.6427979E-04 0.1441124E-04  0.000000    
 S Vector { alpha(~1 + captive + age.t + sex + effort.trapdays + recordloss.agout.total)sigma(~1 + time)U(~sample_month)Phi(~1)Gamma''(~1)Gamma'(~1) }:
   6836.247      433.8775      297.6475      283.9036      252.0021    
   247.5083      126.9522      96.77945      36.88285      31.89990    
   16.83505      15.92161      14.05115      13.18921      11.16765    
   9.870900      9.331512      8.941279      7.529898      7.364906    
   6.650119      6.280807      6.136794      5.279709      4.769977    
   4.086977      3.764140      3.470591      3.250127      3.046603    
   2.298965      2.053714      1.297753     0.9500092     0.7089407    
  0.1462369     0.8812204E-02 0.2022165E-04 0.1503811E-04 0.1153873E-04
  0.6333617E-05 0.5359078E-05 0.4153012E-05 0.3286354E-06 0.9457041E-08
 Time to compute number of parameters was 22.44 seconds.
   Threshold =  0.9200000E-06     Condition index =  0.1383367E-11     New Threshold =  0.6343976E-07
 New Guessimate of Estimated Parameters { alpha(~1 + captive + age.t + sex + effort.trapdays + recordloss.agout.total)sigma(~1 + time)U(~sample_month)Phi(~1)Gamma''(~1)Gamma'(~1) } = 37          
 Conditioned S Vector { alpha(~1 + captive + age.t + sex + effort.trapdays + recordloss.agout.total)sigma(~1 + time)U(~sample_month)Phi(~1)Gamma''(~1)Gamma'(~1) }:
   1.000000     0.6346720E-01 0.4353960E-01 0.4152916E-01 0.3686264E-01
  0.3620528E-01 0.1857045E-01 0.1415681E-01 0.5395190E-02 0.4666288E-02
  0.2462615E-02 0.2328998E-02 0.2055389E-02 0.1929305E-02 0.1633594E-02
  0.1443906E-02 0.1365005E-02 0.1307922E-02 0.1101467E-02 0.1077332E-02
  0.9727734E-03 0.9187507E-03 0.8976846E-03 0.7723110E-03 0.6977479E-03
  0.5978393E-03 0.5506150E-03 0.5076749E-03 0.4754256E-03 0.4456543E-03
  0.3362904E-03 0.3004154E-03 0.1898342E-03 0.1389665E-03 0.1037032E-03
  0.2139141E-04 0.1289041E-05 0.2958004E-08 0.2199761E-08 0.1687875E-08
  0.9264757E-09 0.7839210E-09 0.6074988E-09 0.4807249E-10 0.1383367E-11
 Number of Estimated Parameters { alpha(~1 + captive + age.t + sex + effort.trapdays + recordloss.agout.total)sigma(~1 + time)U(~sample_month)Phi(~1)Gamma''(~1)Gamma'(~1) } = 37          
 DEVIANCE { alpha(~1 + captive + age.t + sex + effort.trapdays + recordloss.agout.total)sigma(~1 + time)U(~sample_month)Phi(~1)Gamma''(~1)Gamma'(~1) } = 1023.3436                     
 DEVIANCE Degrees of Freedom { alpha(~1 + captive + age.t + sex + effort.trapdays + recordloss.agout.total)sigma(~1 + time)U(~sample_month)Phi(~1)Gamma''(~1)Gamma'(~1) } = -23            
 c-hat { alpha(~1 + captive + age.t + sex + effort.trapdays + recordloss.agout.total)sigma(~1 + time)U(~sample_month)Phi(~1)Gamma''(~1)Gamma'(~1) } = 1.0000000                     
 AIC { alpha(~1 + captive + age.t + sex + effort.trapdays + recordloss.agout.total)sigma(~1 + time)U(~sample_month)Phi(~1)Gamma''(~1)Gamma'(~1) } = 1097.3436                  
 AICc { alpha(~1 + captive + age.t + sex + effort.trapdays + recordloss.agout.total)sigma(~1 + time)U(~sample_month)Phi(~1)Gamma''(~1)Gamma'(~1) } = 1118.8093                    
 BIC { alpha(~1 + captive + age.t + sex + effort.trapdays + recordloss.agout.total)sigma(~1 + time)U(~sample_month)Phi(~1)Gamma''(~1)Gamma'(~1) } = 1213.1499                    
 Pearson Chisquare { alpha(~1 + captive + age.t + sex + effort.trapdays + recordloss.agout.total)sigma(~1 + time)U(~sample_month)Phi(~1)Gamma''(~1)Gamma'(~1) } = 0.1007461E+033             

  Program  MARK  - Survival Rate Estimation with Capture-Recapture Data
   gfortran(Win64) Vers. 8.1 Mar 2016    5-Aug-2016 15:48:20    Page  016
 - - - - - - - - - - - - - - - - - - - - - - - - - - - - - - - - - - - - - -
 

   * *  WARNING  * *   Numerical underflow occurred during variance-covariance calculation of this model. 
     IEEE flag status at end of variance-covariance calculation:
     overflow       F
     divide by zero F
     invalid        F
     underflow      T
     inexact        T



 PARM-SPECIFIC Link Function Parameters of { alpha(~1 + captive + age.t + sex + effort.trapdays + recordloss.agout.total)sigma(~1 + time)U(~sample_month)Phi(~1)Gamma''(~1)Gamma'(~1) }
                                                              95% Confidence Interval
 Parameter                    Beta         Standard Error      Lower           Upper
 -------------------------  --------------  --------------  --------------  --------------
    1:alpha:(Intercept)     0.3305011       0.4251781       -0.5028479      1.1638501     
    2:alpha:captive         0.1989824       0.1198280       -0.0358805      0.4338454     
    3:alpha:age.t           0.2271608       0.1674346       -0.1010110      0.5553325     
    4:alpha:sex             0.4565969       0.2067819       0.0513044       0.8618894     
    5:alpha:effort.trapday  0.0037681       0.0022127       -.5687943E-003  0.0081049     
    6:alpha:recordloss.ago  -3.1127191      0.8328972       -4.7451975      -1.4802406    
    7:sigma:(Intercept)     -7.1233538      64.839044       -134.20788      119.96117     
    8:sigma:time1.2         6.5064210       64.841360       -120.58265      133.59549     
    9:sigma:time1.4         6.2124792       64.847246       -120.88813      133.31308     
   10:sigma:time1.6         6.7569143       64.839725       -120.32895      133.84278     
   11:sigma:time1.8         6.4020817       64.841902       -120.68805      133.49221     
   12:sigma:time3.8         7.0283631       64.841727       -120.06142      134.11815     
   13:sigma:time4           -1.3611944      0.0000000       -1.3611944      -1.3611944    
   14:sigma:time4.2         5.4610360       64.891858       -121.72701      132.64908     
   15:sigma:time4.4         -0.8861181      398.77954       -782.49403      780.72179     
   16:sigma:time4.6         6.3646941       64.840794       -120.72326      133.45265     
   17:sigma:time7.1         6.6104268       64.839990       -120.47596      133.69681     
   18:sigma:time7.3         6.4619020       64.839974       -120.62445      133.54825     
   19:sigma:time7.5         6.4566814       64.840273       -120.63026      133.54362     
   20:sigma:time7.7         5.8547268       64.845495       -121.24245      132.95190     
   21:sigma:time7.9         6.1656111       64.841389       -120.92351      133.25474     
   22:sigma:time10.567      6.7685789       64.839369       -120.31659      133.85374     
   23:sigma:time10.767      4.4850921       65.748363       -124.38170      133.35189     
   24:sigma:time10.967      -1.2471338      287.98150       -565.69089      563.19662     
   25:sigma:time11.167      6.5382706       64.839782       -120.54770      133.62425     
   26:sigma:time11.367      0.7689017       234.94611       -459.72548      461.26328     
   27:sigma:time13.134      6.4713291       64.840468       -120.61599      133.55865     
   28:sigma:time13.334      6.4022945       64.840588       -120.68526      133.48985     
   29:sigma:time13.534      6.7994370       64.839462       -120.28591      133.88478     
   30:sigma:time13.734      0.1678412       328.98033       -644.63361      644.96930     
   31:sigma:time13.934      -0.3665674      0.0000000       -0.3665674      -0.3665674    
   32:sigma:time17.101      6.3557795       64.840795       -120.73218      133.44374     

  Program  MARK  - Survival Rate Estimation with Capture-Recapture Data
   gfortran(Win64) Vers. 8.1 Mar 2016    5-Aug-2016 15:48:20    Page  017
 - - - - - - - - - - - - - - - - - - - - - - - - - - - - - - - - - - - - - -
 
   33:sigma:time17.301      6.5757122       64.840340       -120.51136      133.66278     
   34:sigma:time17.501      6.2766073       64.841815       -120.81335      133.36657     
   35:sigma:time17.701      6.7295721       64.839632       -120.35611      133.81525     
   36:sigma:time17.901      6.6260381       64.839869       -120.46011      133.71218     
   37:U:(Intercept)         2.4688554       0.2083788       2.0604330       2.8772778     
   38:U:sample_monthB       0.4973581       0.2212285       0.0637502       0.9309660     
   39:U:sample_monthC       0.4970331       0.2448177       0.0171903       0.9768758     
   40:U:sample_monthD       0.9424959       0.2174424       0.5163088       1.3686830     
   41:U:sample_monthE       0.3939639       0.2352589       -0.0671436      0.8550714     
   42:U:sample_monthF       0.7053249       0.2554087       0.2047238       1.2059259     
   43:Phi:(Intercept)       2.0066614       0.4036726       1.2154631       2.7978597     
   44:GammaDoublePrime:(In  -2.9443778      1.0259734       -4.9552857      -0.9334700    
   45:GammaPrime:(Intercep  17.724958       0.0000000       17.724958       17.724958     


 Real Function Parameters of { alpha(~1 + captive + age.t + sex + effort.trapdays + recordloss.agout.total)sigma(~1 + time)U(~sample_month)Phi(~1)Gamma''(~1)Gamma'(~1) }

  Program  MARK  - Survival Rate Estimation with Capture-Recapture Data
   gfortran(Win64) Vers. 8.1 Mar 2016    5-Aug-2016 15:48:20    Page  018
 - - - - - - - - - - - - - - - - - - - - - - - - - - - - - - - - - - - - - -
 

      Following estimates based on unstandardized individual covariate values:
          Variable   Value         
          ---------  ------------- 
          CAPTIVE    0.2142857     
          AGE.T1     1.0000000     
          AGE.T1.2   1.0000000     
          AGE.T1.4   1.0000000     
          AGE.T1.6   1.0000000     
          AGE.T1.8   1.0000000     
          AGE.T3.8   1.0000000     
          AGE.T4     1.0000000     
          AGE.T4.2   1.0000000     
          AGE.T4.4   1.0000000     
          AGE.T4.6   1.0000000     
          AGE.T7.1   0.8333333     
          AGE.T7.3   0.8333333     
          AGE.T7.5   0.8333333     
          AGE.T7.7   0.8333333     
          AGE.T7.9   0.8333333     
          AGE.T10.56 0.6666667     
          AGE.T10.76 0.6666667     
          AGE.T10.96 0.6666667     
          AGE.T11.16 0.6666667     
          AGE.T11.36 0.6666667     
          AGE.T13.13 1.0000000     
          AGE.T13.33 1.0000000     
          AGE.T13.53 1.0000000     
          AGE.T13.73 1.0000000     
          AGE.T13.93 1.0000000     
          AGE.T17.10 0.9230769     
          AGE.T17.30 0.9230769     
          AGE.T17.50 0.9230769     
          AGE.T17.70 0.9230769     
          AGE.T17.90 0.9230769     
          SEX        0.8461538     
                                                               95% Confidence Interval
  Parameter                  Estimate       Standard Error      Lower           Upper
 --------------------------  --------------  --------------  --------------  --------------
     1:alpha g1 a0 t1        2.1582033       0.3362940       1.5931231       2.9237174                           
     2:alpha g1 a0.2 t1.2    2.5883438       0.3550354       1.9806453       3.3824955                           
     3:alpha g1 a0.4 t1.4    3.2129654       0.3520012       2.5937475       3.9800121                           
     4:alpha g1 a0.6 t1.6    2.5093750       0.2613660       2.0471299       3.0759957                           
     5:alpha g1 a0.8 t1.8    2.4429640       0.2772574       1.9571291       3.0494018                           
     6:alpha g1 a2.8 t3.8    3.5604135       0.3801396       2.8898465       4.3865806                           
     7:alpha g1 a3 t4        3.3860500       0.3390901       2.7839554       4.1183615                           
     8:alpha g1 a3.2 t4.2    2.5385781       0.2427139       2.1056713       3.0604866                           
     9:alpha g1 a3.4 t4.4    3.3491187       0.3783145       2.6858524       4.1761773                           
    10:alpha g1 a3.6 t4.6    3.2643328       0.3140691       2.7044902       3.9400655                           

  Program  MARK  - Survival Rate Estimation with Capture-Recapture Data
   gfortran(Win64) Vers. 8.1 Mar 2016    5-Aug-2016 15:48:20    Page  019
 - - - - - - - - - - - - - - - - - - - - - - - - - - - - - - - - - - - - - -
 
    11:alpha g1 a6.1 t7.1    3.3991856       0.3308631       2.8100629       4.1118163                           
    12:alpha g1 a6.3 t7.3    3.1937304       0.2694757       2.7077146       3.7669826                           
    13:alpha g1 a6.5 t7.5    2.6162190       0.2084950       2.2384385       3.0577574                           
    14:alpha g1 a6.7 t7.7    3.7953040       0.4522963       3.0071994       4.7899494                           
    15:alpha g1 a6.9 t7.9    3.2922376       0.3024595       2.7507662       3.9402944                           
    16:alpha g1 a9.567 t10.  2.7600026       0.2232753       2.3559226       3.2333890                           
    17:alpha g1 a9.767 t10.  2.9345908       0.2596613       2.4681760       3.4891448                           
    18:alpha g1 a9.967 t10.  2.7480926       0.2216184       2.3469112       3.2178521                           
    19:alpha g1 a10.167 t11  2.3063457       0.1976365       1.9503603       2.7273065                           
    20:alpha g1 a10.367 t11  2.1839527       0.2026854       1.8214360       2.6186204                           
    21:alpha g1 a12.134 t13  3.7376402       0.4684189       2.9264038       4.7737617                           
    22:alpha g1 a12.334 t13  2.8753669       0.2532408       2.4202999       3.4159960                           
    23:alpha g1 a12.534 t13  2.6414948       0.2779525       2.1504359       3.2446886                           
    24:alpha g1 a12.734 t13  2.3451855       0.2657481       1.8794371       2.9263523                           
    25:alpha g1 a12.934 t13  2.1010242       0.2614137       1.6478868       2.6787658                           
    26:alpha g1 a16.101 t17  3.5445501       0.4176565       2.8158351       4.4618506                           
    27:alpha g1 a16.301 t17  2.3732546       0.2386123       1.9497376       2.8887669                           
    28:alpha g1 a16.501 t17  2.9955474       0.3163298       2.4368947       3.6822700                           
    29:alpha g1 a16.701 t17  2.2304232       0.2553283       1.7834500       2.7894180                           
    30:alpha g1 a16.901 t17  2.9596565       0.3102286       2.4113547       3.6326330                           
    31:sigma g1 a0 t1        0.8060589E-003  0.0522641       0.2802427E-005  0.2318458                           
    32:sigma g1 a0.2 t1.2    0.5395970       0.3012475       0.1943989       1.4977700                           
    33:sigma g1 a0.4 t1.4    0.4021723       0.4101606       0.0768503       2.1046442                           
    34:sigma g1 a0.6 t1.6    0.6931981       0.2166107       0.3811004       1.2608844                           
    35:sigma g1 a0.8 t1.8    0.4861335       0.2996998       0.1598204       1.4786960                           
    36:sigma g1 a2.8 t3.8    0.9093814       0.5282674       0.3160419       2.6166606                           
    37:sigma g1 a3 t4        0.2066367E-003  0.0000000       0.2066367E-003  0.2066367E-003                      
    38:sigma g1 a3.2 t4.2    0.1896988       0.5004742       0.0112733       3.1921057                           
    39:sigma g1 a3.4 t4.4    0.3323002E-003  0.1329554       0.3757160E-006  0.2939012                           
    40:sigma g1 a3.6 t4.6    0.4682937       0.2265955       0.1905891       1.1506377                           
    41:sigma g1 a6.1 t7.1    0.5987405       0.2190784       0.2988891       1.1994089                           
    42:sigma g1 a6.3 t7.3    0.5161015       0.1826495       0.2632264       1.0119074                           
    43:sigma g1 a6.5 t7.5    0.5134142       0.2113009       0.2364570       1.1147655                           
    44:sigma g1 a6.7 t7.7    0.2812175       0.2471599       0.0638346       1.2388774                           
    45:sigma g1 a6.9 t7.9    0.3837582       0.2135112       0.1386799       1.0619442                           
    46:sigma g1 a9.567 t10.  0.7013313       0.1767232       0.4312448       1.1405717                           
    47:sigma g1 a9.767 t10.  0.0714854       0.7792141       0.9817986E-003  5.2049023                           
    48:sigma g1 a9.967 t10.  0.2316026E-003  0.0687258       0.3108161E-006  0.1725772                           
    49:sigma g1 a10.167 t11  0.5570595       0.1820957       0.2983191       1.0402125                           
    50:sigma g1 a10.367 t11  0.0017390       0.4011788       0.2705718E-005  1.1176623                           
    51:sigma g1 a12.134 t13  0.5209899       0.2236790       0.2326566       1.1666570                           
    52:sigma g1 a12.334 t13  0.4862369       0.2173662       0.2106282       1.1224822                           
    53:sigma g1 a12.534 t13  0.7233104       0.1855182       0.4410303       1.1862630                           
    54:sigma g1 a12.734 t13  0.9533651E-003  0.2952822       0.1248057E-005  0.7282559                           
    55:sigma g1 a12.934 t13  0.5586870E-003  0.0000000       0.5586870E-003  0.5586870E-003                      
    56:sigma g1 a16.101 t17  0.4641375       0.2245825       0.1888989       1.1404178                           

  Program  MARK  - Survival Rate Estimation with Capture-Recapture Data
   gfortran(Win64) Vers. 8.1 Mar 2016    5-Aug-2016 15:48:20    Page  020
 - - - - - - - - - - - - - - - - - - - - - - - - - - - - - - - - - - - - - -
 
    57:sigma g1 a16.301 t17  0.5783121       0.2551786       0.2530113       1.3218574                           
    58:sigma g1 a16.501 t17  0.4288078       0.2605632       0.1429179       1.2865858                           
    59:sigma g1 a16.701 t17  0.6745013       0.2094473       0.3721521       1.2224894                           
    60:sigma g1 a16.901 t17  0.6081610       0.2142350       0.3110913       1.1889109                           
    61:U g1 a0 t1            11.808923       2.4607288       7.8834472       17.689045                           
    62:U g1 a2.8 t3.8        19.418253       2.3702081       15.300083       24.644869                           
    63:U g1 a6.1 t7.1        19.411943       1.9794392       15.903569       23.694273                           
    64:U g1 a9.567 t10.567   30.306169       2.3168475       26.094677       35.197366                           
    65:U g1 a12.134 t13.134  17.510826       1.8018763       14.320109       21.412478                           
    66:U g1 a16.101 t17.101  23.907214       2.7571694       19.084639       29.948425                           
    67:Phi g1 c1 a0.8 t1.8   0.8814947       0.0421684       0.7712642       0.9425601                           
    68:Gamma'' g1 c1 a0.8 t  0.0500029       0.0487364       0.0069968       0.2822213                           
    69:Gamma' g1 c1 a0.8 t1  1.0000000       0.0000000       1.0000000       1.0000000                           
    70:Phi g1 c1 a0 t1       1.0000000       0.0000000       1.0000000       1.0000000       Fixed               
    71:Gamma'' g1 c1 a0 t1   0.0000000       0.0000000       0.0000000       0.0000000       Fixed               

  Program  MARK  - Survival Rate Estimation with Capture-Recapture Data
   gfortran(Win64) Vers. 8.1 Mar 2016    5-Aug-2016 15:48:20    Page  021
 - - - - - - - - - - - - - - - - - - - - - - - - - - - - - - - - - - - - - -
 


                      Estimates of Derived Parameters
 Population Estimates of { alpha(~1 + captive + age.t + sex + effort.trapdays + recordloss.agout.total)sigma(~1 + time)U(~sample_month)Phi(~1)Gamma''(~1)Gamma'(~1) }
                                                95% Confidence Interval
 Grp. Occ.   N-hat           Standard Error      Lower           Upper
 ---- ----   --------------  --------------  --------------  --------------
   1     1   14.808923       2.4607300       10.716245       20.464648     
   1     2   14.808923       2.4607300       10.716245       20.464648     
   1     3   14.808923       2.4607300       10.716245       20.464648     
   1     4   14.033936       2.4614106       9.9773217       19.739902     
   1     5   14.808923       2.4607300       10.716245       20.464648     
   1     6   24.418253       2.3702086       20.196823       29.522023     
   1     7   24.418253       2.3702086       20.196823       29.522023     
   1     8   24.418253       2.3702086       20.196823       29.522023     
   1     9   21.484311       2.3887463       17.288960       26.697708     
   1    10   24.418253       2.3702086       20.196823       29.522023     
   1    11   24.752631       1.9792403       21.167315       28.945227     
   1    12   23.681623       2.0249034       20.033665       27.993841     
   1    13   23.822066       1.9896008       20.230654       28.051037     
   1    14   23.533593       2.0140280       19.905501       27.822964     
   1    15   23.632883       2.0030057       20.021694       27.895399     
   1    16   38.294241       2.3857420       33.896413       43.262657     
   1    17   37.703714       2.3828189       33.315173       42.670350     
   1    18   37.846857       2.4021824       33.423845       42.855171     
   1    19   38.465291       2.4278249       33.993501       43.525338     
   1    20   36.034668       2.4175507       31.599254       41.092657     
   1    21   21.744638       1.8199775       18.459992       25.613731     
   1    22   22.993641       1.8412988       19.658589       26.894479     
   1    23   23.189952       1.8687999       19.806791       27.150985     
   1    24   20.776333       1.8556910       17.445814       24.742669     
   1    25   22.088521       1.9080989       18.653982       26.155421     
   1    26   29.181137       2.8081453       24.175584       35.223089     
   1    27   29.649691       2.7637836       24.708471       35.579061     
   1    28   29.292474       2.7876420       24.318221       35.284203     
   1    29   28.672600       2.7892144       23.705942       34.679827     
   1    30   29.416674       2.8039414       24.414091       35.444314     
 Mean Resighting Rate Estimates of { alpha(~1 + captive + age.t + sex + effort.trapdays + recordloss.agout.total)sigma(~1 + time)U(~sample_month)Phi(~1)Gamma''(~1)Gamma'(~1) }
                                                95% Confidence Interval
 Grp. Occ.   Lambda-hat      Standard Error      Lower           Upper
 ---- ----   --------------  --------------  --------------  --------------
   1     1   2.1582040       0.3362941       1.5931236       2.9237184     
   1     2   2.9939712       0.6016637       2.0271160       4.4219786     
   1     3   3.4835978       0.6260151       2.4562638       4.9406147     
   1     4   3.1908760       0.5689609       2.2558832       4.5133942     
   1     5   2.7493786       0.4813371       1.9558440       3.8648700     
   1     6   5.3836358       2.6997315       2.1277374       13.621763     
   1     7   3.3860501       0.3390899       2.7839557       4.1183612     
   1     8   2.5846677       0.2999495       2.0604000       3.2423349     
   1     9   3.3491188       0.3783146       2.6858525       4.1761776     

  Program  MARK  - Survival Rate Estimation with Capture-Recapture Data
   gfortran(Win64) Vers. 8.1 Mar 2016    5-Aug-2016 15:48:20    Page  022
 - - - - - - - - - - - - - - - - - - - - - - - - - - - - - - - - - - - - - -
 
   1    10   3.6426261       0.4750597       2.8240300       4.6985070     
   1    11   4.4372273       0.5489693       3.4849746       5.6496784     
   1    12   3.8804132       0.4103667       3.1557972       4.7714114     
   1    13   3.4314901       0.3489467       2.8128422       4.1862015     
   1    14   4.6747378       0.4429716       3.8839828       5.6264856     
   1    15   4.4879815       0.3605319       3.8351326       5.2519640     
   1    16   4.0332942       0.4763618       3.2023799       5.0798040     
   1    17   3.8881785       0.2558124       3.4182442       4.4227185     
   1    18   3.5503356       0.2337853       3.1208897       4.0388749     
   1    19   3.3098959       0.2994445       2.7730778       3.9506324     
   1    20   2.7163984       0.2163779       2.3243201       3.1746145     
   1    21   5.7017480       0.5686631       4.6916107       6.9293750     
   1    22   3.6015260       0.3879030       2.9178991       4.4453180     
   1    23   3.7796647       0.5107980       2.9035996       4.9200534     
   1    24   2.9479669       0.2827260       2.4438415       3.5560852     
   1    25   3.8563622       0.3253720       3.2695319       4.5485196     
   1    26   4.3261931       0.5067436       3.4414308       5.4384202     
   1    27   2.8052278       0.4215758       2.0929502       3.7599092     
   1    28   3.8396133       0.4495147       3.0547240       4.8261743     
   1    29   3.4321680       0.4050595       2.7255635       4.3219602     
   1    30   4.1036432       0.5115512       3.2171218       5.2344576     
 Pr(Captured 1 or more times) of { alpha(~1 + captive + age.t + sex + effort.trapdays + recordloss.agout.total)sigma(~1 + time)U(~sample_month)Phi(~1)Gamma''(~1)Gamma'(~1) }
                                                95% Confidence Interval
 Grp. Occ.      p*-hat       Standard Error      Lower           Upper
 ---- ----   --------------  --------------  --------------  --------------
   1     1   0.3049248       0.0110993       0.2836157       0.3271040     
   1     2   0.3040540       0.0144058       0.2765778       0.3330033     
   1     3   0.3185857       0.0132419       0.2932120       0.3450830     
   1     4   0.4494355       0.0186023       0.4133095       0.4861029     
   1     5   0.3027077       0.0138176       0.2763291       0.3304545     
   1     6   0.1818348       0.0124117       0.1587597       0.2074366     
   1     7   0.1949707       0.0018001       0.1914667       0.1985232     
   1     8   0.1864028       0.0071991       0.1727021       0.2009264     
   1     9   0.4840135       0.0064189       0.4714452       0.4966021     
   1    10   0.1893138       0.0053177       0.1791103       0.1999570     
   1    11   0.1907430       0.0047097       0.1816823       0.2001451     
   1    12   0.2371608       0.0052570       0.2270118       0.2476182     
   1    13   0.2343419       0.0058158       0.2231358       0.2459327     
   1    14   0.2463422       0.0029045       0.2406938       0.2520792     
   1    15   0.2445714       0.0030930       0.2385600       0.2506843     
   1    16   0.1304310       0.0033635       0.1239790       0.1371662     
   1    17   0.1398438       0.0016180       0.1367026       0.1430452     
   1    18   0.1381555       0.0012390       0.1357450       0.1406018     
   1    19   0.1307240       0.0033357       0.1243238       0.1374020     
   1    20   0.1847408       0.0038067       0.1773959       0.1923187     
   1    21   0.2461216       0.0028816       0.2405175       0.2518131     
   1    22   0.1872559       0.0047917       0.1780448       0.1968294     
   1    23   0.1819423       0.0055606       0.1712963       0.1930958     
   1    24   0.3186260       0.0044635       0.3099421       0.3274377     
   1    25   0.2443593       0.0018292       0.2407919       0.2479623     

  Program  MARK  - Survival Rate Estimation with Capture-Recapture Data
   gfortran(Win64) Vers. 8.1 Mar 2016    5-Aug-2016 15:48:21    Page  023
 - - - - - - - - - - - - - - - - - - - - - - - - - - - - - - - - - - - - - -
 
   1    26   0.1926391       0.0044620       0.1840445       0.2015361     
   1    27   0.1741409       0.0080580       0.1589076       0.1905037     
   1    28   0.1913850       0.0044919       0.1827351       0.2003440     
   1    29   0.2257246       0.0079532       0.2105184       0.2416928     
   1    30   0.1883056       0.0049337       0.1788257       0.1981668     

 Attempted ordering of parameters by estimatibility:
   1 40 37 38 39 42  2  7 41  3  4 22 29 35 10 17 25 36 18 33 19 27 43  5 28
  32 16 11 21 12 34  6 20 44  8  9 14 23 26 24 30 15 31 13 45
 Beta number 45 is a singular value.

     CPU Time in seconds for last procedure was 68.08


  INPUT --- proc stop;

   * *  WARNING  * *   Numerical underflow occurred during final processing of this model. 
     IEEE flag status at final processing of this model:
     overflow       F
     divide by zero F
     invalid        F
     underflow      T
     inexact        T


     CPU Time in minutes for this job was 1.13

     Time Start = 15:47:32.272   Time End = 15:48:21.329

     Wall Clock Time in minutes for this job was 0.82


          E X E C U T I O N   S U C C E S S F U L 
