
   Program  MARK  - Survival Rate Estimation with Capture-Recapture Data
   gfortran(Win64) Vers. 8.1 Mar 2016    5-Aug-2016 15:44:02    Page  001
 - - - - - - - - - - - - - - - - - - - - - - - - - - - - - - - - - - - - - -
 
   This version was compiled by GCC version 5.3.0 using the options: 
     -cpp -iprefix c:\tdm-gcc-64\gcc\bin\../lib/gcc/x86_64-w64-mingw32/5.3.0/ -D_MT
     -U_REENTRANT -D IEEE -m64 -mtune=generic -march=x86-64 -mthreads -O2
     -fimplicit-none -fbounds-check -funroll-loops -ftree-vectorize
     -ffpe-summary=invalid,zero,overflow,underflow -fno-unsafe-math-optimizations
     -frounding-math -fsignaling-nans -fopenmp.

   This problem will use 3 of 4 possible threads.


  INPUT --- proc title ;

     CPU Time in seconds for last procedure was 0.02


  INPUT --- proc chmatrix occasions= 30 groups= 1 etype= PoissonMR 
  INPUT --- ICMeans NoHist hist= 14 ;

  INPUT ---    time  interval 0.2 0.2 0.2 0.2 2 0.2 0.2 0.2 0.2 2.5 0.2 
  INPUT ---    0.2 0.2 0.2 2.667 0.2 0.2 0.2 0.2 1.767 0.2 0.2  0.2 0.2 
  INPUT ---    3.167 0.2 0.2 0.2 0.2 ;

  INPUT ---    glabel(1)=Group 1;

      Number of unique encounter histories read was 14.

      Number of individual covariates read was 0.
      Time interval lengths vary and/or not equal to 1.

      Data type number is 115
      Data type is Poisson Mark Resight with Robust Design                                                             

     CPU Time in seconds for last procedure was 0.00

  Program  MARK  - Survival Rate Estimation with Capture-Recapture Data
   gfortran(Win64) Vers. 8.1 Mar 2016    5-Aug-2016 15:44:02    Page  002
 - - - - - - - - - - - - - - - - - - - - - - - - - - - - - - - - - - - - - -
 


  INPUT --- proc estimate link=Parm-Specific NOLOOP varest=2ndPart    ;


  INPUT --- model={ alpha(~1 + effort.trapdays + 
  INPUT --- recordloss.agout.total)sigma(~1)U(~sample_month)Phi(~1)Gamma
  INPUT --- ''(~1)Gamma'(~1) };

  INPUT ---    fixed=2;
  INPUT ---        parm(41)=1 ;
  INPUT ---        parm(42)=0 ;

  INPUT ---    group=1 alpha    rows=1 cols=30 Square ;
  INPUT ---        1 2 3 4 5 6 7 8 9 10 11 12 13 14 15 16 17 18 19 20 21 22 
  INPUT ---       23 24 25 26 27 28 29 30 ;

  INPUT ---    group=1 sigma    rows=1 cols=30 Square ;
  INPUT ---        31 31 31 31 31 31 31 31 31 31 31 31 31 31 31 31 31 31 31 
  INPUT ---       31 31 31 31 31 31 31 31 31 31 31 ;

  INPUT ---    group=1 U    rows=1 cols=30 Square ;
  INPUT ---        32 32 32 32 32 33 33 33 33 33 34 34 34 34 34 35 35 35 35 
  INPUT ---       35 36 36 36 36 36 37 37 37 37 37 ;

  INPUT ---    group=1 Phi    rows=29 cols=29 Triang ;
  INPUT ---        41 41 41 41 38 41 41 41 41 38 41 41 41 41 38 41 41 41 41 
  INPUT ---       38 41 41 41 41 38 41 41 41 41 ;
  INPUT ---        41 41 41 41 41 41 41 41 41 41 41 41 41 41 41 41 41 41 41 
  INPUT ---       41 41 41 41 41 41 41 41 41 ;
  INPUT ---        41 41 41 41 41 41 41 41 41 41 41 41 41 41 41 41 41 41 41 
  INPUT ---       41 41 41 41 41 41 41 41 ;
  INPUT ---        41 41 41 41 41 41 41 41 41 41 41 41 41 41 41 41 41 41 41 
  INPUT ---       41 41 41 41 41 41 41 ;
  INPUT ---        41 41 41 41 41 41 41 41 41 41 41 41 41 41 41 41 41 41 41 
  INPUT ---       41 41 41 41 41 41 ;
  INPUT ---        41 41 41 41 38 41 41 41 41 38 41 41 41 41 38 41 41 41 41 
  INPUT ---       38 41 41 41 41 ;
  INPUT ---        41 41 41 41 41 41 41 41 41 41 41 41 41 41 41 41 41 41 41 
  INPUT ---       41 41 41 41 ;
  INPUT ---        41 41 41 41 41 41 41 41 41 41 41 41 41 41 41 41 41 41 41 
  INPUT ---       41 41 41 ;
  INPUT ---        41 41 41 41 41 41 41 41 41 41 41 41 41 41 41 41 41 41 41 
  INPUT ---       41 41 ;
  INPUT ---        41 41 41 41 41 41 41 41 41 41 41 41 41 41 41 41 41 41 41 
  INPUT ---       41 ;

  Program  MARK  - Survival Rate Estimation with Capture-Recapture Data
   gfortran(Win64) Vers. 8.1 Mar 2016    5-Aug-2016 15:44:02    Page  003
 - - - - - - - - - - - - - - - - - - - - - - - - - - - - - - - - - - - - - -
 
  INPUT ---        41 41 41 41 38 41 41 41 41 38 41 41 41 41 38 41 41 41 41 ;
  INPUT ---        41 41 41 41 41 41 41 41 41 41 41 41 41 41 41 41 41 41 ;
  INPUT ---        41 41 41 41 41 41 41 41 41 41 41 41 41 41 41 41 41 ;
  INPUT ---        41 41 41 41 41 41 41 41 41 41 41 41 41 41 41 41 ;
  INPUT ---        41 41 41 41 41 41 41 41 41 41 41 41 41 41 41 ;
  INPUT ---        41 41 41 41 38 41 41 41 41 38 41 41 41 41 ;
  INPUT ---        41 41 41 41 41 41 41 41 41 41 41 41 41 ;
  INPUT ---        41 41 41 41 41 41 41 41 41 41 41 41 ;
  INPUT ---        41 41 41 41 41 41 41 41 41 41 41 ;
  INPUT ---        41 41 41 41 41 41 41 41 41 41 ;
  INPUT ---        41 41 41 41 38 41 41 41 41 ;
  INPUT ---        41 41 41 41 41 41 41 41 ;
  INPUT ---        41 41 41 41 41 41 41 ;
  INPUT ---        41 41 41 41 41 41 ;
  INPUT ---        41 41 41 41 41 ;
  INPUT ---        41 41 41 41 ;
  INPUT ---        41 41 41 ;
  INPUT ---        41 41 ;
  INPUT ---        41 ;

  INPUT ---    group=1 Gamma''    rows=29 cols=29 Triang ;
  INPUT ---        42 42 42 42 39 42 42 42 42 39 42 42 42 42 39 42 42 42 42 
  INPUT ---       39 42 42 42 42 39 42 42 42 42 ;
  INPUT ---        42 42 42 42 42 42 42 42 42 42 42 42 42 42 42 42 42 42 42 
  INPUT ---       42 42 42 42 42 42 42 42 42 ;
  INPUT ---        42 42 42 42 42 42 42 42 42 42 42 42 42 42 42 42 42 42 42 
  INPUT ---       42 42 42 42 42 42 42 42 ;
  INPUT ---        42 42 42 42 42 42 42 42 42 42 42 42 42 42 42 42 42 42 42 
  INPUT ---       42 42 42 42 42 42 42 ;
  INPUT ---        42 42 42 42 42 42 42 42 42 42 42 42 42 42 42 42 42 42 42 
  INPUT ---       42 42 42 42 42 42 ;
  INPUT ---        42 42 42 42 39 42 42 42 42 39 42 42 42 42 39 42 42 42 42 
  INPUT ---       39 42 42 42 42 ;
  INPUT ---        42 42 42 42 42 42 42 42 42 42 42 42 42 42 42 42 42 42 42 
  INPUT ---       42 42 42 42 ;
  INPUT ---        42 42 42 42 42 42 42 42 42 42 42 42 42 42 42 42 42 42 42 
  INPUT ---       42 42 42 ;
  INPUT ---        42 42 42 42 42 42 42 42 42 42 42 42 42 42 42 42 42 42 42 
  INPUT ---       42 42 ;
  INPUT ---        42 42 42 42 42 42 42 42 42 42 42 42 42 42 42 42 42 42 42 
  INPUT ---       42 ;
  INPUT ---        42 42 42 42 39 42 42 42 42 39 42 42 42 42 39 42 42 42 42 ;
  INPUT ---        42 42 42 42 42 42 42 42 42 42 42 42 42 42 42 42 42 42 ;
  INPUT ---        42 42 42 42 42 42 42 42 42 42 42 42 42 42 42 42 42 ;
  INPUT ---        42 42 42 42 42 42 42 42 42 42 42 42 42 42 42 42 ;
  INPUT ---        42 42 42 42 42 42 42 42 42 42 42 42 42 42 42 ;

  Program  MARK  - Survival Rate Estimation with Capture-Recapture Data
   gfortran(Win64) Vers. 8.1 Mar 2016    5-Aug-2016 15:44:02    Page  004
 - - - - - - - - - - - - - - - - - - - - - - - - - - - - - - - - - - - - - -
 
  INPUT ---        42 42 42 42 39 42 42 42 42 39 42 42 42 42 ;
  INPUT ---        42 42 42 42 42 42 42 42 42 42 42 42 42 ;
  INPUT ---        42 42 42 42 42 42 42 42 42 42 42 42 ;
  INPUT ---        42 42 42 42 42 42 42 42 42 42 42 ;
  INPUT ---        42 42 42 42 42 42 42 42 42 42 ;
  INPUT ---        42 42 42 42 39 42 42 42 42 ;
  INPUT ---        42 42 42 42 42 42 42 42 ;
  INPUT ---        42 42 42 42 42 42 42 ;
  INPUT ---        42 42 42 42 42 42 ;
  INPUT ---        42 42 42 42 42 ;
  INPUT ---        42 42 42 42 ;
  INPUT ---        42 42 42 ;
  INPUT ---        42 42 ;
  INPUT ---        42 ;

  INPUT ---    group=1 Gamma'    rows=28 cols=28 Triang ;
  INPUT ---        42 42 42 40 42 42 42 42 40 42 42 42 42 40 42 42 42 42 40 
  INPUT ---       42 42 42 42 40 42 42 42 42 ;
  INPUT ---        42 42 42 42 42 42 42 42 42 42 42 42 42 42 42 42 42 42 42 
  INPUT ---       42 42 42 42 42 42 42 42 ;
  INPUT ---        42 42 42 42 42 42 42 42 42 42 42 42 42 42 42 42 42 42 42 
  INPUT ---       42 42 42 42 42 42 42 ;
  INPUT ---        42 42 42 42 42 42 42 42 42 42 42 42 42 42 42 42 42 42 42 
  INPUT ---       42 42 42 42 42 42 ;
  INPUT ---        42 42 42 42 42 42 42 42 42 42 42 42 42 42 42 42 42 42 42 
  INPUT ---       42 42 42 42 42 ;
  INPUT ---        42 42 42 40 42 42 42 42 40 42 42 42 42 40 42 42 42 42 40 
  INPUT ---       42 42 42 42 ;
  INPUT ---        42 42 42 42 42 42 42 42 42 42 42 42 42 42 42 42 42 42 42 
  INPUT ---       42 42 42 ;
  INPUT ---        42 42 42 42 42 42 42 42 42 42 42 42 42 42 42 42 42 42 42 
  INPUT ---       42 42 ;
  INPUT ---        42 42 42 42 42 42 42 42 42 42 42 42 42 42 42 42 42 42 42 
  INPUT ---       42 ;
  INPUT ---        42 42 42 42 42 42 42 42 42 42 42 42 42 42 42 42 42 42 42 ;
  INPUT ---        42 42 42 40 42 42 42 42 40 42 42 42 42 40 42 42 42 42 ;
  INPUT ---        42 42 42 42 42 42 42 42 42 42 42 42 42 42 42 42 42 ;
  INPUT ---        42 42 42 42 42 42 42 42 42 42 42 42 42 42 42 42 ;
  INPUT ---        42 42 42 42 42 42 42 42 42 42 42 42 42 42 42 ;
  INPUT ---        42 42 42 42 42 42 42 42 42 42 42 42 42 42 ;
  INPUT ---        42 42 42 40 42 42 42 42 40 42 42 42 42 ;
  INPUT ---        42 42 42 42 42 42 42 42 42 42 42 42 ;
  INPUT ---        42 42 42 42 42 42 42 42 42 42 42 ;
  INPUT ---        42 42 42 42 42 42 42 42 42 42 ;
  INPUT ---        42 42 42 42 42 42 42 42 42 ;
  INPUT ---        42 42 42 40 42 42 42 42 ;

  Program  MARK  - Survival Rate Estimation with Capture-Recapture Data
   gfortran(Win64) Vers. 8.1 Mar 2016    5-Aug-2016 15:44:02    Page  005
 - - - - - - - - - - - - - - - - - - - - - - - - - - - - - - - - - - - - - -
 
  INPUT ---        42 42 42 42 42 42 42 ;
  INPUT ---        42 42 42 42 42 42 ;
  INPUT ---        42 42 42 42 42 ;
  INPUT ---        42 42 42 42 ;
  INPUT ---        42 42 42 ;
  INPUT ---        42 42 ;
  INPUT ---        42 ;

  INPUT ---    initial  0.8492118 0 0 -0.3123225 3.139572 0 0 0 0 0 
  INPUT ---    2.0066797 -2.9445172 17.724958  ;

  INPUT ---    design matrix constraints=42 covariates=13;
  INPUT ---        1 96 0.186046511627907 0 0 0 0 0 0 0 0 0 0;
  INPUT ---        1 96 0.127659574468085 0 0 0 0 0 0 0 0 0 0;
  INPUT ---        1 114 0.08 0 0 0 0 0 0 0 0 0 0;
  INPUT ---        1 120 0.166666666666667 0 0 0 0 0 0 0 0 0 0;
  INPUT ---        1 115 0.169230769230769 0 0 0 0 0 0 0 0 0 0;
  INPUT ---        1 126 0.0615384615384615 0 0 0 0 0 0 0 0 0 0;
  INPUT ---        1 126 0.0776699029126214 0 0 0 0 0 0 0 0 0 0;
  INPUT ---        1 126 0.170212765957447 0 0 0 0 0 0 0 0 0 0;
  INPUT ---        1 114 0.0666666666666667 0 0 0 0 0 0 0 0 0 0;
  INPUT ---        1 126 0.0894308943089431 0 0 0 0 0 0 0 0 0 0;
  INPUT ---        1 139 0.08 0 0 0 0 0 0 0 0 0 0;
  INPUT ---        1 168 0.135135135135135 0 0 0 0 0 0 0 0 0 0;
  INPUT ---        1 180 0.213740458015267 0 0 0 0 0 0 0 0 0 0;
  INPUT ---        1 174 0.0869565217391304 0 0 0 0 0 0 0 0 0 0;
  INPUT ---        1 173 0.131428571428571 0 0 0 0 0 0 0 0 0 0;
  INPUT ---        1 166 0.167441860465116 0 0 0 0 0 0 0 0 0 0;
  INPUT ---        1 172 0.155 0 0 0 0 0 0 0 0 0 0;
  INPUT ---        1 166 0.168831168831169 0 0 0 0 0 0 0 0 0 0;
  INPUT ---        1 171 0.231182795698925 0 0 0 0 0 0 0 0 0 0;
  INPUT ---        1 151 0.224489795918367 0 0 0 0 0 0 0 0 0 0;
  INPUT ---        1 192 0.125827814569536 0 0 0 0 0 0 0 0 0 0;
  INPUT ---        1 185 0.201612903225806 0 0 0 0 0 0 0 0 0 0;
  INPUT ---        1 198 0.244604316546763 0 0 0 0 0 0 0 0 0 0;
  INPUT ---        1 198 0.282828282828283 0 0 0 0 0 0 0 0 0 0;
  INPUT ---        1 195 0.314516129032258 0 0 0 0 0 0 0 0 0 0;
  INPUT ---        1 192 0.137254901960784 0 0 0 0 0 0 0 0 0 0;
  INPUT ---        1 192 0.266129032258065 0 0 0 0 0 0 0 0 0 0;
  INPUT ---        1 198 0.198581560283688 0 0 0 0 0 0 0 0 0 0;
  INPUT ---        1 198 0.293333333333333 0 0 0 0 0 0 0 0 0 0;
  INPUT ---        1 198 0.202453987730061 0 0 0 0 0 0 0 0 0 0;
  INPUT ---        0 0 0 1 0 0 0 0 0 0 0 0 0;
  INPUT ---        0 0 0 0 1 0 0 0 0 0 0 0 0;
  INPUT ---        0 0 0 0 1 1 0 0 0 0 0 0 0;
  INPUT ---        0 0 0 0 1 0 1 0 0 0 0 0 0;

  Program  MARK  - Survival Rate Estimation with Capture-Recapture Data
   gfortran(Win64) Vers. 8.1 Mar 2016    5-Aug-2016 15:44:02    Page  006
 - - - - - - - - - - - - - - - - - - - - - - - - - - - - - - - - - - - - - -
 
  INPUT ---        0 0 0 0 1 0 0 1 0 0 0 0 0;
  INPUT ---        0 0 0 0 1 0 0 0 1 0 0 0 0;
  INPUT ---        0 0 0 0 1 0 0 0 0 1 0 0 0;
  INPUT ---        0 0 0 0 0 0 0 0 0 0 1 0 0;
  INPUT ---        0 0 0 0 0 0 0 0 0 0 0 1 0;
  INPUT ---        0 0 0 0 0 0 0 0 0 0 0 0 1;
  INPUT ---        0 0 0 0 0 0 0 0 0 0 0 0 0;
  INPUT ---        0 0 0 0 0 0 0 0 0 0 0 0 0;

  INPUT ---    links=42;

  INPUT ---    Log;

  INPUT ---    Log;

  INPUT ---    Log;

  INPUT ---    Log;

  INPUT ---    Log;

  INPUT ---    Log;

  INPUT ---    Log;

  INPUT ---    Log;

  INPUT ---    Log;

  INPUT ---    Log;

  INPUT ---    Log;

  INPUT ---    Log;

  INPUT ---    Log;

  INPUT ---    Log;

  INPUT ---    Log;

  INPUT ---    Log;

  INPUT ---    Log;

  INPUT ---    Log;

  Program  MARK  - Survival Rate Estimation with Capture-Recapture Data
   gfortran(Win64) Vers. 8.1 Mar 2016    5-Aug-2016 15:44:02    Page  007
 - - - - - - - - - - - - - - - - - - - - - - - - - - - - - - - - - - - - - -
 

  INPUT ---    Log;

  INPUT ---    Log;

  INPUT ---    Log;

  INPUT ---    Log;

  INPUT ---    Log;

  INPUT ---    Log;

  INPUT ---    Log;

  INPUT ---    Log;

  INPUT ---    Log;

  INPUT ---    Log;

  INPUT ---    Log;

  INPUT ---    Log;

  INPUT ---    Log;

  INPUT ---    Log;

  INPUT ---    Log;

  INPUT ---    Log;

  INPUT ---    Log;

  INPUT ---    Log;

  INPUT ---    Log;

  INPUT ---    Logit;

  INPUT ---    Logit;

  INPUT ---    Logit;

  INPUT ---    Logit;

  Program  MARK  - Survival Rate Estimation with Capture-Recapture Data
   gfortran(Win64) Vers. 8.1 Mar 2016    5-Aug-2016 15:44:02    Page  008
 - - - - - - - - - - - - - - - - - - - - - - - - - - - - - - - - - - - - - -
 

  INPUT ---    Logit;
  INPUT ---       blabel(1)=alpha:(Intercept);
  INPUT ---       blabel(2)=alpha:effort.trapdays;
  INPUT ---       blabel(3)=alpha:recordloss.agout.total;
  INPUT ---       blabel(4)=sigma:(Intercept);
  INPUT ---       blabel(5)=U:(Intercept);
  INPUT ---       blabel(6)=U:sample_monthB;
  INPUT ---       blabel(7)=U:sample_monthC;
  INPUT ---       blabel(8)=U:sample_monthD;
  INPUT ---       blabel(9)=U:sample_monthE;
  INPUT ---       blabel(10)=U:sample_monthF;
  INPUT ---       blabel(11)=Phi:(Intercept);
  INPUT ---       blabel(12)=GammaDoublePrime:(Intercept);
  INPUT ---       blabel(13)=GammaPrime:(Intercept);
  INPUT ---       rlabel(1)=alpha g1 a0 t1;
  INPUT ---       rlabel(2)=alpha g1 a0.2 t1.2;
  INPUT ---       rlabel(3)=alpha g1 a0.4 t1.4;
  INPUT ---       rlabel(4)=alpha g1 a0.6 t1.6;
  INPUT ---       rlabel(5)=alpha g1 a0.8 t1.8;
  INPUT ---       rlabel(6)=alpha g1 a2.8 t3.8;
  INPUT ---       rlabel(7)=alpha g1 a3 t4;
  INPUT ---       rlabel(8)=alpha g1 a3.2 t4.2;
  INPUT ---       rlabel(9)=alpha g1 a3.4 t4.4;
  INPUT ---       rlabel(10)=alpha g1 a3.6 t4.6;
  INPUT ---       rlabel(11)=alpha g1 a6.1 t7.1;
  INPUT ---       rlabel(12)=alpha g1 a6.3 t7.3;
  INPUT ---       rlabel(13)=alpha g1 a6.5 t7.5;
  INPUT ---       rlabel(14)=alpha g1 a6.7 t7.7;
  INPUT ---       rlabel(15)=alpha g1 a6.9 t7.9;
  INPUT ---       rlabel(16)=alpha g1 a9.567 t10.567;
  INPUT ---       rlabel(17)=alpha g1 a9.767 t10.767;
  INPUT ---       rlabel(18)=alpha g1 a9.967 t10.967;
  INPUT ---       rlabel(19)=alpha g1 a10.167 t11.167;
  INPUT ---       rlabel(20)=alpha g1 a10.367 t11.367;
  INPUT ---       rlabel(21)=alpha g1 a12.134 t13.134;
  INPUT ---       rlabel(22)=alpha g1 a12.334 t13.334;
  INPUT ---       rlabel(23)=alpha g1 a12.534 t13.534;
  INPUT ---       rlabel(24)=alpha g1 a12.734 t13.734;
  INPUT ---       rlabel(25)=alpha g1 a12.934 t13.934;
  INPUT ---       rlabel(26)=alpha g1 a16.101 t17.101;
  INPUT ---       rlabel(27)=alpha g1 a16.301 t17.301;
  INPUT ---       rlabel(28)=alpha g1 a16.501 t17.501;
  INPUT ---       rlabel(29)=alpha g1 a16.701 t17.701;
  INPUT ---       rlabel(30)=alpha g1 a16.901 t17.901;
  INPUT ---       rlabel(31)=sigma g1 a0 t1;

  Program  MARK  - Survival Rate Estimation with Capture-Recapture Data
   gfortran(Win64) Vers. 8.1 Mar 2016    5-Aug-2016 15:44:02    Page  009
 - - - - - - - - - - - - - - - - - - - - - - - - - - - - - - - - - - - - - -
 
  INPUT ---       rlabel(32)=U g1 a0 t1;
  INPUT ---       rlabel(33)=U g1 a2.8 t3.8;
  INPUT ---       rlabel(34)=U g1 a6.1 t7.1;
  INPUT ---       rlabel(35)=U g1 a9.567 t10.567;
  INPUT ---       rlabel(36)=U g1 a12.134 t13.134;
  INPUT ---       rlabel(37)=U g1 a16.101 t17.101;
  INPUT ---       rlabel(38)=Phi g1 c1 a0.8 t1.8;
  INPUT ---       rlabel(39)=Gamma'' g1 c1 a0.8 t1.8;
  INPUT ---       rlabel(40)=Gamma' g1 c1 a0.8 t1.8;
  INPUT ---       rlabel(41)=Phi g1 c1 a0 t1;
  INPUT ---       rlabel(42)=Gamma'' g1 c1 a0 t1;

 Link Function Used is PARM-SPECIFIC

 Variance Estimation Procedure Used is 2ndPart 

 M(t+1):
 Group=Group 1                                                                         
       3      3      3      2      3      5      5      5      2      5      5
       4      4      4      4     10      7      7      7      5      5      5
       5      3      4      5      5      5      4      5


 -2logL(saturated) = -0.0000000    
 Effective Sample Size = 169
 Results from first iteration:
  -2logL Initial { alpha(~1 + effort.trapdays + recordloss.agout.total)sigma(~1)U(~sample_month)Phi(~1)Gamma''(~1)Gamma'(~1) } = 1138.4459     
  Penalty Initial { alpha(~1 + effort.trapdays + recordloss.agout.total)sigma(~1)U(~sample_month)Phi(~1)Gamma''(~1)Gamma'(~1) } = -0.0000000    

 Number of function evaluations was 26 for 13 parameters.
 Time for numerical optimization was 2.33 seconds.
 -2logL { alpha(~1 + effort.trapdays + recordloss.agout.total)sigma(~1)U(~sample_month)Phi(~1)Gamma''(~1)Gamma'(~1) } = 1063.4245     
 Penalty { alpha(~1 + effort.trapdays + recordloss.agout.total)sigma(~1)U(~sample_month)Phi(~1)Gamma''(~1)Gamma'(~1) } = -0.0000000    

   * *  WARNING  * *   Numerical underflow occurred during optimization of this model. 
     IEEE flag status at end of optimization:
     overflow       F
     divide by zero F
     invalid        F
     underflow      T
     inexact        T

 Gradient { alpha(~1 + effort.trapdays + recordloss.agout.total)sigma(~1)U(~sample_month)Phi(~1)Gamma''(~1)Gamma'(~1) }:
  0.3366915E-04-0.1242618E-03-0.1036444E-03-0.2994179E-03 0.1177323E-03
  0.3593473E-04 0.3333931E-04  0.000000     0.5393019E-04 0.2879487E-04
 -0.1588092E-03-0.1152881E-04  0.000000    
 S Vector { alpha(~1 + effort.trapdays + recordloss.agout.total)sigma(~1)U(~sample_month)Phi(~1)Gamma''(~1)Gamma'(~1) }:
   4020.711      333.8467      273.1659      263.4003      241.9606    
   197.4443      52.43015      25.35911      6.136871      5.101860    
   2.476298     0.9499689     0.5404024E-08
 Time to compute number of parameters was 1.34 seconds.
   Threshold =  0.2800000E-06     Condition index =  0.1344047E-11     New Threshold =  0.1948448E-07

  Program  MARK  - Survival Rate Estimation with Capture-Recapture Data
   gfortran(Win64) Vers. 8.1 Mar 2016    5-Aug-2016 15:44:04    Page  010
 - - - - - - - - - - - - - - - - - - - - - - - - - - - - - - - - - - - - - -
 
 New Guessimate of Estimated Parameters { alpha(~1 + effort.trapdays + recordloss.agout.total)sigma(~1)U(~sample_month)Phi(~1)Gamma''(~1)Gamma'(~1) } = 12          
 Conditioned S Vector { alpha(~1 + effort.trapdays + recordloss.agout.total)sigma(~1)U(~sample_month)Phi(~1)Gamma''(~1)Gamma'(~1) }:
   1.000000     0.8303175E-01 0.6793971E-01 0.6551088E-01 0.6017856E-01
  0.4910682E-01 0.1304002E-01 0.6307122E-02 0.1526315E-02 0.1268895E-02
  0.6158857E-03 0.2362689E-03 0.1344047E-11
 Number of Estimated Parameters { alpha(~1 + effort.trapdays + recordloss.agout.total)sigma(~1)U(~sample_month)Phi(~1)Gamma''(~1)Gamma'(~1) } = 12          
 DEVIANCE { alpha(~1 + effort.trapdays + recordloss.agout.total)sigma(~1)U(~sample_month)Phi(~1)Gamma''(~1)Gamma'(~1) } = 1063.4245                     
 DEVIANCE Degrees of Freedom { alpha(~1 + effort.trapdays + recordloss.agout.total)sigma(~1)U(~sample_month)Phi(~1)Gamma''(~1)Gamma'(~1) } = 2            
 c-hat { alpha(~1 + effort.trapdays + recordloss.agout.total)sigma(~1)U(~sample_month)Phi(~1)Gamma''(~1)Gamma'(~1) } = 531.71223                     
 AIC { alpha(~1 + effort.trapdays + recordloss.agout.total)sigma(~1)U(~sample_month)Phi(~1)Gamma''(~1)Gamma'(~1) } = 1087.4245                  
 AICc { alpha(~1 + effort.trapdays + recordloss.agout.total)sigma(~1)U(~sample_month)Phi(~1)Gamma''(~1)Gamma'(~1) } = 1089.4245                    
 BIC { alpha(~1 + effort.trapdays + recordloss.agout.total)sigma(~1)U(~sample_month)Phi(~1)Gamma''(~1)Gamma'(~1) } = 1124.9833                    
 Pearson Chisquare { alpha(~1 + effort.trapdays + recordloss.agout.total)sigma(~1)U(~sample_month)Phi(~1)Gamma''(~1)Gamma'(~1) } = 0.7119817E+033             

   * *  WARNING  * *   Numerical underflow occurred during variance-covariance calculation of this model. 
     IEEE flag status at end of variance-covariance calculation:
     overflow       F
     divide by zero F
     invalid        F
     underflow      T
     inexact        T



 PARM-SPECIFIC Link Function Parameters of { alpha(~1 + effort.trapdays + recordloss.agout.total)sigma(~1)U(~sample_month)Phi(~1)Gamma''(~1)Gamma'(~1) }
                                                              95% Confidence Interval
 Parameter                    Beta         Standard Error      Lower           Upper
 -------------------------  --------------  --------------  --------------  --------------
    1:alpha:(Intercept)     1.0259526       0.2753371       0.4862919       1.5656133     
    2:alpha:effort.trapday  0.0032667       0.0018292       -.3184002E-003  0.0068519     
    3:alpha:recordloss.ago  -2.9488149      0.5658889       -4.0579571      -1.8396727    
    4:sigma:(Intercept)     -0.7465870      0.1313896       -1.0041107      -0.4890634    
    5:U:(Intercept)         2.6694277       0.1378290       2.3992829       2.9395725     
    6:U:sample_monthB       0.2654815       0.1243520       0.0217517       0.5092114     
    7:U:sample_monthC       0.3639976       0.1489209       0.0721127       0.6558826     
    8:U:sample_monthD       0.6973750       0.1386886       0.4255453       0.9692047     
    9:U:sample_monthE       0.2648222       0.1684199       -0.0652808      0.5949252     
   10:U:sample_monthF       0.5792651       0.1718446       0.2424497       0.9160805     
   11:Phi:(Intercept)       2.0066568       0.4036700       1.2154635       2.7978501     
   12:GammaDoublePrime:(In  -2.9444417      1.0259951       -4.9553922      -0.9334912    
   13:GammaPrime:(Intercep  17.724958       0.0000000       17.724958       17.724958     


 Real Function Parameters of { alpha(~1 + effort.trapdays + recordloss.agout.total)sigma(~1)U(~sample_month)Phi(~1)Gamma''(~1)Gamma'(~1) }
                                                               95% Confidence Interval
  Parameter                  Estimate       Standard Error      Lower           Upper
 --------------------------  --------------  --------------  --------------  --------------
     1:alpha g1 a0 t1        2.2054760       0.3218335       1.6593670       2.9313133                           
     2:alpha g1 a0.2 t1.2    2.6198463       0.3502189       2.0183166       3.4006531                           
     3:alpha g1 a0.4 t1.4    3.1977784       0.3399559       2.5978231       3.9362906                           
     4:alpha g1 a0.6 t1.6    2.5256358       0.2668396       2.0544094       3.1049489                           
     5:alpha g1 a0.8 t1.8    2.4660016       0.2788743       1.9771375       3.0757415                           
     6:alpha g1 a2.8 t3.8    3.5116883       0.3403183       2.9054745       4.2443857                           
     7:alpha g1 a3 t4        3.3485529       0.3169685       2.7826716       4.0295112                           
     8:alpha g1 a3.2 t4.2    2.5488353       0.2511097       2.1022424       3.0903007                           
     9:alpha g1 a3.4 t4.4    3.3260115       0.3561966       2.6978828       4.1003830                           

  Program  MARK  - Survival Rate Estimation with Capture-Recapture Data
   gfortran(Win64) Vers. 8.1 Mar 2016    5-Aug-2016 15:44:04    Page  011
 - - - - - - - - - - - - - - - - - - - - - - - - - - - - - - - - - - - - - -
 
    10:alpha g1 a3.6 t4.6    3.2344125       0.3025646       2.6936507       3.8837344                           
    11:alpha g1 a6.1 t7.1    3.4698971       0.2986880       2.9321027       4.1063315                           
    12:alpha g1 a6.3 t7.3    3.2422814       0.2452868       2.7960558       3.7597207                           
    13:alpha g1 a6.5 t7.5    2.6742945       0.2074946       2.2975429       3.1128260                           
    14:alpha g1 a6.7 t7.7    3.8112130       0.3520871       3.1812161       4.5659723                           
    15:alpha g1 a6.9 t7.9    3.3318941       0.2637297       2.8537761       3.8901153                           
    16:alpha g1 a9.567 t10.  2.9284615       0.2102883       2.5444475       3.3704317                           
    17:alpha g1 a9.767 t10.  3.0980299       0.2313849       2.6766926       3.5856898                           
    18:alpha g1 a9.967 t10.  2.9164887       0.2093447       2.5341870       3.3564634                           
    19:alpha g1 a10.167 t11  2.4666247       0.1930142       2.1163948       2.8748121                           
    20:alpha g1 a10.367 t11  2.3566761       0.2007799       1.9948511       2.7841289                           
    21:alpha g1 a12.134 t13  3.6042895       0.3562184       2.9709593       4.3726290                           
    22:alpha g1 a12.334 t13  2.8173064       0.2256155       2.4086618       3.2952802                           
    23:alpha g1 a12.534 t13  2.5895270       0.2390479       2.1617644       3.1019337                           
    24:alpha g1 a12.734 t13  2.3134961       0.2260263       1.9111866       2.8004927                           
    25:alpha g1 a12.934 t13  2.0865625       0.2174093       1.7020730       2.5579064                           
    26:alpha g1 a16.101 t17  3.4848615       0.3337789       2.8896303       4.2027037                           
    27:alpha g1 a16.301 t17  2.3831005       0.2166531       1.9948739       2.8468806                           
    28:alpha g1 a16.501 t17  2.9659216       0.2739464       2.4757352       3.5531632                           
    29:alpha g1 a16.701 t17  2.2429285       0.2241838       1.8447880       2.7269953                           
    30:alpha g1 a16.901 t17  2.9322462       0.2699923       2.4489973       3.5108522                           
    31:sigma g1 a0 t1        0.4739815       0.0622762       0.3667740       0.6125256                           
    32:U g1 a0 t1            14.431707       1.9891074       11.029272       18.883765                           
    33:U g1 a2.8 t3.8        18.819795       2.1304395       15.085577       23.478365                           
    34:U g1 a6.1 t7.1        20.768249       1.7376110       17.632159       24.462129                           
    35:U g1 a9.567 t10.567   28.985703       2.0887761       25.172282       33.376830                           
    36:U g1 a12.134 t13.134  18.807391       1.6690878       15.810086       22.372931                           
    37:U g1 a16.101 t17.101  25.756649       2.3458048       21.553817       30.779000                           
    38:Phi g1 c1 a0.8 t1.8   0.8814942       0.0421682       0.7712642       0.9425595                           
    39:Gamma'' g1 c1 a0.8 t  0.0499999       0.0487346       0.0069960       0.2822170                           
    40:Gamma' g1 c1 a0.8 t1  1.0000000       0.0000000       1.0000000       1.0000000                           
    41:Phi g1 c1 a0 t1       1.0000000       0.0000000       1.0000000       1.0000000       Fixed               
    42:Gamma'' g1 c1 a0 t1   0.0000000       0.0000000       0.0000000       0.0000000       Fixed               

  Program  MARK  - Survival Rate Estimation with Capture-Recapture Data
   gfortran(Win64) Vers. 8.1 Mar 2016    5-Aug-2016 15:44:04    Page  012
 - - - - - - - - - - - - - - - - - - - - - - - - - - - - - - - - - - - - - -
 


                      Estimates of Derived Parameters
 Population Estimates of { alpha(~1 + effort.trapdays + recordloss.agout.total)sigma(~1)U(~sample_month)Phi(~1)Gamma''(~1)Gamma'(~1) }
                                                95% Confidence Interval
 Grp. Occ.   N-hat           Standard Error      Lower           Upper
 ---- ----   --------------  --------------  --------------  --------------
   1     1   17.431707       1.9891085       13.948344       21.784982     
   1     2   17.431707       1.9891085       13.948344       21.784982     
   1     3   17.431707       1.9891085       13.948344       21.784982     
   1     4   16.676887       2.0290344       13.150122       21.149504     
   1     5   17.431707       1.9891085       13.948344       21.784982     
   1     6   23.819795       2.1304404       19.996631       28.373911     
   1     7   23.819795       2.1304404       19.996631       28.373911     
   1     8   23.819795       2.1304404       19.996631       28.373911     
   1     9   20.954195       2.1568985       17.134940       25.624735     
   1    10   23.819795       2.1304404       19.996631       28.373911     
   1    11   26.072245       1.7784407       22.813008       29.797121     
   1    12   25.053451       1.7733513       21.811792       28.776883     
   1    13   25.203904       1.7781044       21.952804       28.936475     
   1    14   24.961527       1.7690579       21.728001       28.676263     
   1    15   25.035942       1.7729960       21.795046       28.758755     
   1    16   36.613238       2.1623849       32.614359       41.102424     
   1    17   36.539411       2.1556358       32.552755       41.014302     
   1    18   36.618895       2.1629385       32.619015       41.109256     
   1    19   36.885990       2.1895897       32.838005       41.432976     
   1    20   34.690034       2.1641890       30.700952       39.197431     
   1    21   23.029279       1.7022808       19.927172       26.614298     
   1    22   24.294925       1.7290054       21.135532       27.926591     
   1    23   24.389706       1.7497681       21.194191       28.067019     
   1    24   22.245638       1.7261747       19.111415       25.893866     
   1    25   23.519272       1.7571374       20.319708       27.222643     
   1    26   31.057531       2.3972522       26.703069       36.122074     
   1    27   31.445602       2.4395911       27.015961       36.601545     
   1    28   31.192531       2.4178385       26.802091       36.302167     
   1    29   30.377246       2.4331777       25.970242       35.532094     
   1    30   31.203620       2.4191601       26.810845       36.316122     
 Mean Resighting Rate Estimates of { alpha(~1 + effort.trapdays + recordloss.agout.total)sigma(~1)U(~sample_month)Phi(~1)Gamma''(~1)Gamma'(~1) }
                                                95% Confidence Interval
 Grp. Occ.   Lambda-hat      Standard Error      Lower           Upper
 ---- ----   --------------  --------------  --------------  --------------
   1     1   2.4676656       0.3430867       1.8815038       3.2364396     
   1     2   2.9312966       0.3708630       2.2897728       3.7525557     
   1     3   3.5779340       0.3488149       2.9569422       4.3293412     
   1     4   2.8258863       0.2711995       2.3423446       3.4092479     
   1     5   2.7591627       0.2872270       2.2511520       3.3818147     
   1     6   3.9291619       0.3428765       3.3125289       4.6605821     
   1     7   3.7466327       0.3169376       3.1751388       4.4209899     
   1     8   2.8518438       0.2509339       2.4008855       3.3875055     
   1     9   3.7214116       0.3664174       3.0697096       4.5114706     

  Program  MARK  - Survival Rate Estimation with Capture-Recapture Data
   gfortran(Win64) Vers. 8.1 Mar 2016    5-Aug-2016 15:44:04    Page  013
 - - - - - - - - - - - - - - - - - - - - - - - - - - - - - - - - - - - - - -
 
   1    10   3.6189232       0.3011803       3.0751060       4.2589117     
   1    11   4.2594767       0.2950010       3.7194053       4.8779683     
   1    12   3.8610888       0.2260874       3.4427787       4.3302251     
   1    13   3.4431095       0.1955187       3.0807249       3.8481212     
   1    14   4.9797250       0.3564817       4.3286000       5.7287949     
   1    15   4.6652681       0.2572570       4.1876804       5.1973226     
   1    16   3.8010161       0.1918458       3.4432154       4.1959976     
   1    17   4.3930245       0.2208065       3.9811258       4.8475394     
   1    18   4.0492449       0.1948416       3.6850115       4.4494798     
   1    19   3.3927482       0.1872124       3.0452084       3.7799517     
   1    20   3.1627567       0.2012871       2.7922002       3.5824902     
   1    21   5.4539368       0.3759360       4.7654708       6.2418652     
   1    22   3.5166935       0.2137825       3.1220230       3.9612563     
   1    23   3.2556472       0.2386843       2.8204271       3.7580262     
   1    24   3.1702189       0.2363481       2.7397863       3.6682743     
   1    25   4.0324513       0.2686294       3.5393739       4.5942203     
   1    26   4.2764415       0.3362482       3.6665373       4.9877993     
   1    27   2.6664062       0.2078418       2.2891585       3.1058235     
   1    28   3.8704021       0.2762283       3.3657539       4.4507153     
   1    29   3.1588371       0.2384729       2.7249391       3.6618256     
   1    30   3.8315997       0.2720972       3.3343241       4.4030382     
 Pr(Captured 1 or more times) of { alpha(~1 + effort.trapdays + recordloss.agout.total)sigma(~1)U(~sample_month)Phi(~1)Gamma''(~1)Gamma'(~1) }
                                                95% Confidence Interval
 Grp. Occ.      p*-hat       Standard Error      Lower           Upper
 ---- ----   --------------  --------------  --------------  --------------
   1     1   0.8618795       0.0358340       0.7757374       0.9184134     
   1     2   0.8979161       0.0283961       0.8273693       0.9416660     
   1     3   0.9314429       0.0191385       0.8830505       0.9607022     
   1     4   0.8907974       0.0246352       0.8323742       0.9305570     
   1     5   0.8859922       0.0264688       0.8230048       0.9285113     
   1     6   0.9442163       0.0159989       0.9032204       0.9684529     
   1     7   0.9379581       0.0168093       0.8956444       0.9638079     
   1     8   0.8926027       0.0232646       0.8377990       0.9304272     
   1     9   0.9370312       0.0182828       0.8901969       0.9646818     
   1    10   0.9330959       0.0174386       0.8897060       0.9601801     
   1    11   0.9592987       0.0113936       0.9300852       0.9766125     
   1    12   0.9461157       0.0131143       0.9138311       0.9667445     
   1    13   0.9343745       0.0141555       0.9005585       0.9572371     
   1    14   0.9759875       0.0078988       0.9545349       0.9874508     
   1    15   0.9730688       0.0076304       0.9533128       0.9845999     
   1    16   0.9486240       0.0116955       0.9202312       0.9672701     
   1    17   0.9681038       0.0083108       0.9471165       0.9809298     
   1    18   0.9589739       0.0097617       0.9349505       0.9743685     
   1    19   0.9350870       0.0136275       0.9026969       0.9572062     
   1    20   0.9226176       0.0159788       0.8849117       0.9486864     
   1    21   0.9854573       0.0051830       0.9708909       0.9927887     
   1    22   0.9359375       0.0144737       0.9010149       0.9590984     
   1    23   0.9242666       0.0172521       0.8827473       0.9518852     
   1    24   0.9239244       0.0171631       0.8827058       0.9514549     
   1    25   0.9655222       0.0096405       0.9407405       0.9801591     

  Program  MARK  - Survival Rate Estimation with Capture-Recapture Data
   gfortran(Win64) Vers. 8.1 Mar 2016    5-Aug-2016 15:44:04    Page  014
 - - - - - - - - - - - - - - - - - - - - - - - - - - - - - - - - - - - - - -
 
   1    26   0.9597036       0.0120812       0.9281134       0.9777445     
   1    27   0.8788962       0.0235054       0.8247950       0.9179535     
   1    28   0.9511584       0.0128926       0.9187254       0.9710565     
   1    29   0.9244119       0.0171578       0.8831473       0.9518982     
   1    30   0.9499518       0.0130639       0.9171970       0.9701710     

 Attempted ordering of parameters by estimatibility:
   1  5  8 10  7  9  4  6  2 11  3 12 13
 Beta number 13 is a singular value.

     CPU Time in seconds for last procedure was 3.73


  INPUT --- proc stop;

   * *  WARNING  * *   Numerical underflow occurred during final processing of this model. 
     IEEE flag status at final processing of this model:
     overflow       F
     divide by zero F
     invalid        F
     underflow      T
     inexact        T


     CPU Time in minutes for this job was 0.06

     Time Start = 15:44:02.267   Time End = 15:44:04.697

     Wall Clock Time in minutes for this job was 0.04


          E X E C U T I O N   S U C C E S S F U L 
