
   Program  MARK  - Survival Rate Estimation with Capture-Recapture Data
   gfortran(Win64) Vers. 8.1 Mar 2016    5-Aug-2016 15:44:30    Page  001
 - - - - - - - - - - - - - - - - - - - - - - - - - - - - - - - - - - - - - -
 
   This version was compiled by GCC version 5.3.0 using the options: 
     -cpp -iprefix c:\tdm-gcc-64\gcc\bin\../lib/gcc/x86_64-w64-mingw32/5.3.0/ -D_MT
     -U_REENTRANT -D IEEE -m64 -mtune=generic -march=x86-64 -mthreads -O2
     -fimplicit-none -fbounds-check -funroll-loops -ftree-vectorize
     -ffpe-summary=invalid,zero,overflow,underflow -fno-unsafe-math-optimizations
     -frounding-math -fsignaling-nans -fopenmp.

   This problem will use 3 of 4 possible threads.


  INPUT --- proc title ;

     CPU Time in seconds for last procedure was 0.00


  INPUT --- proc chmatrix occasions= 30 groups= 1 etype= PoissonMR 
  INPUT --- icovar = 2 ICMeans NoHist  hist= 14 ;

  INPUT ---    time interval 0.2 0.2 0.2 0.2 2 0.2 0.2 0.2 0.2 2.5 0.2 0.2 
  INPUT ---    0.2 0.2 2.667 0.2 0.2 0.2  0.2 1.767 0.2 0.2 0.2 0.2 3.167 
  INPUT ---    0.2 0.2 0.2 0.2 ;

  INPUT ---     icovariates captive sex ;

  INPUT ---    glabel(1)=Group 1;

      Number of unique encounter histories read was 14.

      Number of individual covariates read was 2.
      Time interval lengths vary and/or not equal to 1.

      Data type number is 115
      Data type is Poisson Mark Resight with Robust Design                                                             

     CPU Time in seconds for last procedure was 0.00

  Program  MARK  - Survival Rate Estimation with Capture-Recapture Data
   gfortran(Win64) Vers. 8.1 Mar 2016    5-Aug-2016 15:44:30    Page  002
 - - - - - - - - - - - - - - - - - - - - - - - - - - - - - - - - - - - - - -
 


  INPUT --- proc estimate link=Parm-Specific NOLOOP varest=2ndPart    ;


  INPUT --- model={ alpha(~1 + captive + sex + 
  INPUT --- time)sigma(~1)U(~sample_month)Phi(~1)Gamma''(~1)Gamma'(~1) 
  INPUT --- };

  INPUT ---    fixed=2;
  INPUT ---        parm(41)=1 ;
  INPUT ---        parm(42)=0 ;

  INPUT ---    group=1 alpha    rows=1 cols=30 Square ;
  INPUT ---        1 2 3 4 5 6 7 8 9 10 11 12 13 14 15 16 17 18 19 20 21 22 
  INPUT ---       23 24 25 26 27 28 29 30 ;

  INPUT ---    group=1 sigma    rows=1 cols=30 Square ;
  INPUT ---        31 31 31 31 31 31 31 31 31 31 31 31 31 31 31 31 31 31 31 
  INPUT ---       31 31 31 31 31 31 31 31 31 31 31 ;

  INPUT ---    group=1 U    rows=1 cols=30 Square ;
  INPUT ---        32 32 32 32 32 33 33 33 33 33 34 34 34 34 34 35 35 35 35 
  INPUT ---       35 36 36 36 36 36 37 37 37 37 37 ;

  INPUT ---    group=1 Phi    rows=29 cols=29 Triang ;
  INPUT ---        41 41 41 41 38 41 41 41 41 38 41 41 41 41 38 41 41 41 41 
  INPUT ---       38 41 41 41 41 38 41 41 41 41 ;
  INPUT ---        41 41 41 41 41 41 41 41 41 41 41 41 41 41 41 41 41 41 41 
  INPUT ---       41 41 41 41 41 41 41 41 41 ;
  INPUT ---        41 41 41 41 41 41 41 41 41 41 41 41 41 41 41 41 41 41 41 
  INPUT ---       41 41 41 41 41 41 41 41 ;
  INPUT ---        41 41 41 41 41 41 41 41 41 41 41 41 41 41 41 41 41 41 41 
  INPUT ---       41 41 41 41 41 41 41 ;
  INPUT ---        41 41 41 41 41 41 41 41 41 41 41 41 41 41 41 41 41 41 41 
  INPUT ---       41 41 41 41 41 41 ;
  INPUT ---        41 41 41 41 38 41 41 41 41 38 41 41 41 41 38 41 41 41 41 
  INPUT ---       38 41 41 41 41 ;
  INPUT ---        41 41 41 41 41 41 41 41 41 41 41 41 41 41 41 41 41 41 41 
  INPUT ---       41 41 41 41 ;
  INPUT ---        41 41 41 41 41 41 41 41 41 41 41 41 41 41 41 41 41 41 41 
  INPUT ---       41 41 41 ;
  INPUT ---        41 41 41 41 41 41 41 41 41 41 41 41 41 41 41 41 41 41 41 
  INPUT ---       41 41 ;
  INPUT ---        41 41 41 41 41 41 41 41 41 41 41 41 41 41 41 41 41 41 41 
  INPUT ---       41 ;

  Program  MARK  - Survival Rate Estimation with Capture-Recapture Data
   gfortran(Win64) Vers. 8.1 Mar 2016    5-Aug-2016 15:44:30    Page  003
 - - - - - - - - - - - - - - - - - - - - - - - - - - - - - - - - - - - - - -
 
  INPUT ---        41 41 41 41 38 41 41 41 41 38 41 41 41 41 38 41 41 41 41 ;
  INPUT ---        41 41 41 41 41 41 41 41 41 41 41 41 41 41 41 41 41 41 ;
  INPUT ---        41 41 41 41 41 41 41 41 41 41 41 41 41 41 41 41 41 ;
  INPUT ---        41 41 41 41 41 41 41 41 41 41 41 41 41 41 41 41 ;
  INPUT ---        41 41 41 41 41 41 41 41 41 41 41 41 41 41 41 ;
  INPUT ---        41 41 41 41 38 41 41 41 41 38 41 41 41 41 ;
  INPUT ---        41 41 41 41 41 41 41 41 41 41 41 41 41 ;
  INPUT ---        41 41 41 41 41 41 41 41 41 41 41 41 ;
  INPUT ---        41 41 41 41 41 41 41 41 41 41 41 ;
  INPUT ---        41 41 41 41 41 41 41 41 41 41 ;
  INPUT ---        41 41 41 41 38 41 41 41 41 ;
  INPUT ---        41 41 41 41 41 41 41 41 ;
  INPUT ---        41 41 41 41 41 41 41 ;
  INPUT ---        41 41 41 41 41 41 ;
  INPUT ---        41 41 41 41 41 ;
  INPUT ---        41 41 41 41 ;
  INPUT ---        41 41 41 ;
  INPUT ---        41 41 ;
  INPUT ---        41 ;

  INPUT ---    group=1 Gamma''    rows=29 cols=29 Triang ;
  INPUT ---        42 42 42 42 39 42 42 42 42 39 42 42 42 42 39 42 42 42 42 
  INPUT ---       39 42 42 42 42 39 42 42 42 42 ;
  INPUT ---        42 42 42 42 42 42 42 42 42 42 42 42 42 42 42 42 42 42 42 
  INPUT ---       42 42 42 42 42 42 42 42 42 ;
  INPUT ---        42 42 42 42 42 42 42 42 42 42 42 42 42 42 42 42 42 42 42 
  INPUT ---       42 42 42 42 42 42 42 42 ;
  INPUT ---        42 42 42 42 42 42 42 42 42 42 42 42 42 42 42 42 42 42 42 
  INPUT ---       42 42 42 42 42 42 42 ;
  INPUT ---        42 42 42 42 42 42 42 42 42 42 42 42 42 42 42 42 42 42 42 
  INPUT ---       42 42 42 42 42 42 ;
  INPUT ---        42 42 42 42 39 42 42 42 42 39 42 42 42 42 39 42 42 42 42 
  INPUT ---       39 42 42 42 42 ;
  INPUT ---        42 42 42 42 42 42 42 42 42 42 42 42 42 42 42 42 42 42 42 
  INPUT ---       42 42 42 42 ;
  INPUT ---        42 42 42 42 42 42 42 42 42 42 42 42 42 42 42 42 42 42 42 
  INPUT ---       42 42 42 ;
  INPUT ---        42 42 42 42 42 42 42 42 42 42 42 42 42 42 42 42 42 42 42 
  INPUT ---       42 42 ;
  INPUT ---        42 42 42 42 42 42 42 42 42 42 42 42 42 42 42 42 42 42 42 
  INPUT ---       42 ;
  INPUT ---        42 42 42 42 39 42 42 42 42 39 42 42 42 42 39 42 42 42 42 ;
  INPUT ---        42 42 42 42 42 42 42 42 42 42 42 42 42 42 42 42 42 42 ;
  INPUT ---        42 42 42 42 42 42 42 42 42 42 42 42 42 42 42 42 42 ;
  INPUT ---        42 42 42 42 42 42 42 42 42 42 42 42 42 42 42 42 ;
  INPUT ---        42 42 42 42 42 42 42 42 42 42 42 42 42 42 42 ;

  Program  MARK  - Survival Rate Estimation with Capture-Recapture Data
   gfortran(Win64) Vers. 8.1 Mar 2016    5-Aug-2016 15:44:30    Page  004
 - - - - - - - - - - - - - - - - - - - - - - - - - - - - - - - - - - - - - -
 
  INPUT ---        42 42 42 42 39 42 42 42 42 39 42 42 42 42 ;
  INPUT ---        42 42 42 42 42 42 42 42 42 42 42 42 42 ;
  INPUT ---        42 42 42 42 42 42 42 42 42 42 42 42 ;
  INPUT ---        42 42 42 42 42 42 42 42 42 42 42 ;
  INPUT ---        42 42 42 42 42 42 42 42 42 42 ;
  INPUT ---        42 42 42 42 39 42 42 42 42 ;
  INPUT ---        42 42 42 42 42 42 42 42 ;
  INPUT ---        42 42 42 42 42 42 42 ;
  INPUT ---        42 42 42 42 42 42 ;
  INPUT ---        42 42 42 42 42 ;
  INPUT ---        42 42 42 42 ;
  INPUT ---        42 42 42 ;
  INPUT ---        42 42 ;
  INPUT ---        42 ;

  INPUT ---    group=1 Gamma'    rows=28 cols=28 Triang ;
  INPUT ---        42 42 42 40 42 42 42 42 40 42 42 42 42 40 42 42 42 42 40 
  INPUT ---       42 42 42 42 40 42 42 42 42 ;
  INPUT ---        42 42 42 42 42 42 42 42 42 42 42 42 42 42 42 42 42 42 42 
  INPUT ---       42 42 42 42 42 42 42 42 ;
  INPUT ---        42 42 42 42 42 42 42 42 42 42 42 42 42 42 42 42 42 42 42 
  INPUT ---       42 42 42 42 42 42 42 ;
  INPUT ---        42 42 42 42 42 42 42 42 42 42 42 42 42 42 42 42 42 42 42 
  INPUT ---       42 42 42 42 42 42 ;
  INPUT ---        42 42 42 42 42 42 42 42 42 42 42 42 42 42 42 42 42 42 42 
  INPUT ---       42 42 42 42 42 ;
  INPUT ---        42 42 42 40 42 42 42 42 40 42 42 42 42 40 42 42 42 42 40 
  INPUT ---       42 42 42 42 ;
  INPUT ---        42 42 42 42 42 42 42 42 42 42 42 42 42 42 42 42 42 42 42 
  INPUT ---       42 42 42 ;
  INPUT ---        42 42 42 42 42 42 42 42 42 42 42 42 42 42 42 42 42 42 42 
  INPUT ---       42 42 ;
  INPUT ---        42 42 42 42 42 42 42 42 42 42 42 42 42 42 42 42 42 42 42 
  INPUT ---       42 ;
  INPUT ---        42 42 42 42 42 42 42 42 42 42 42 42 42 42 42 42 42 42 42 ;
  INPUT ---        42 42 42 40 42 42 42 42 40 42 42 42 42 40 42 42 42 42 ;
  INPUT ---        42 42 42 42 42 42 42 42 42 42 42 42 42 42 42 42 42 ;
  INPUT ---        42 42 42 42 42 42 42 42 42 42 42 42 42 42 42 42 ;
  INPUT ---        42 42 42 42 42 42 42 42 42 42 42 42 42 42 42 ;
  INPUT ---        42 42 42 42 42 42 42 42 42 42 42 42 42 42 ;
  INPUT ---        42 42 42 40 42 42 42 42 40 42 42 42 42 ;
  INPUT ---        42 42 42 42 42 42 42 42 42 42 42 42 ;
  INPUT ---        42 42 42 42 42 42 42 42 42 42 42 ;
  INPUT ---        42 42 42 42 42 42 42 42 42 42 ;
  INPUT ---        42 42 42 42 42 42 42 42 42 ;
  INPUT ---        42 42 42 40 42 42 42 42 ;

  Program  MARK  - Survival Rate Estimation with Capture-Recapture Data
   gfortran(Win64) Vers. 8.1 Mar 2016    5-Aug-2016 15:44:30    Page  005
 - - - - - - - - - - - - - - - - - - - - - - - - - - - - - - - - - - - - - -
 
  INPUT ---        42 42 42 42 42 42 42 ;
  INPUT ---        42 42 42 42 42 42 ;
  INPUT ---        42 42 42 42 42 ;
  INPUT ---        42 42 42 42 ;
  INPUT ---        42 42 42 ;
  INPUT ---        42 42 ;
  INPUT ---        42 ;

  INPUT ---    initial  0.8492118 0 0 0 0 0 0 0 0 0 0 0 0 0 0 0 0 0 0 0 0 
  INPUT ---    0 0 0 0 0 0 0 0 0 0 0 -0.3123225 3.139572 0 0 0 0 0 
  INPUT ---    2.0066797 -2.9445172 17.724958  ;

  INPUT ---    design matrix constraints=42 covariates=42;
  INPUT ---        1 captive sex 0 0 0 0 0 0 0 0 0 0 0 0 0 0 0 0 0 0 0 0 0 0 
  INPUT ---       0 0 0 0 0 0 0 0 0 0 0 0 0 0 0 0 0;
  INPUT ---        1 captive sex 1 0 0 0 0 0 0 0 0 0 0 0 0 0 0 0 0 0 0 0 0 0 
  INPUT ---       0 0 0 0 0 0 0 0 0 0 0 0 0 0 0 0 0;
  INPUT ---        1 captive sex 0 1 0 0 0 0 0 0 0 0 0 0 0 0 0 0 0 0 0 0 0 0 
  INPUT ---       0 0 0 0 0 0 0 0 0 0 0 0 0 0 0 0 0;
  INPUT ---        1 captive sex 0 0 1 0 0 0 0 0 0 0 0 0 0 0 0 0 0 0 0 0 0 0 
  INPUT ---       0 0 0 0 0 0 0 0 0 0 0 0 0 0 0 0 0;
  INPUT ---        1 captive sex 0 0 0 1 0 0 0 0 0 0 0 0 0 0 0 0 0 0 0 0 0 0 
  INPUT ---       0 0 0 0 0 0 0 0 0 0 0 0 0 0 0 0 0;
  INPUT ---        1 captive sex 0 0 0 0 1 0 0 0 0 0 0 0 0 0 0 0 0 0 0 0 0 0 
  INPUT ---       0 0 0 0 0 0 0 0 0 0 0 0 0 0 0 0 0;
  INPUT ---        1 captive sex 0 0 0 0 0 1 0 0 0 0 0 0 0 0 0 0 0 0 0 0 0 0 
  INPUT ---       0 0 0 0 0 0 0 0 0 0 0 0 0 0 0 0 0;
  INPUT ---        1 captive sex 0 0 0 0 0 0 1 0 0 0 0 0 0 0 0 0 0 0 0 0 0 0 
  INPUT ---       0 0 0 0 0 0 0 0 0 0 0 0 0 0 0 0 0;
  INPUT ---        1 captive sex 0 0 0 0 0 0 0 1 0 0 0 0 0 0 0 0 0 0 0 0 0 0 
  INPUT ---       0 0 0 0 0 0 0 0 0 0 0 0 0 0 0 0 0;
  INPUT ---        1 captive sex 0 0 0 0 0 0 0 0 1 0 0 0 0 0 0 0 0 0 0 0 0 0 
  INPUT ---       0 0 0 0 0 0 0 0 0 0 0 0 0 0 0 0 0;
  INPUT ---        1 captive sex 0 0 0 0 0 0 0 0 0 1 0 0 0 0 0 0 0 0 0 0 0 0 
  INPUT ---       0 0 0 0 0 0 0 0 0 0 0 0 0 0 0 0 0;
  INPUT ---        1 captive sex 0 0 0 0 0 0 0 0 0 0 1 0 0 0 0 0 0 0 0 0 0 0 
  INPUT ---       0 0 0 0 0 0 0 0 0 0 0 0 0 0 0 0 0;
  INPUT ---        1 captive sex 0 0 0 0 0 0 0 0 0 0 0 1 0 0 0 0 0 0 0 0 0 0 
  INPUT ---       0 0 0 0 0 0 0 0 0 0 0 0 0 0 0 0 0;
  INPUT ---        1 captive sex 0 0 0 0 0 0 0 0 0 0 0 0 1 0 0 0 0 0 0 0 0 0 
  INPUT ---       0 0 0 0 0 0 0 0 0 0 0 0 0 0 0 0 0;
  INPUT ---        1 captive sex 0 0 0 0 0 0 0 0 0 0 0 0 0 1 0 0 0 0 0 0 0 0 
  INPUT ---       0 0 0 0 0 0 0 0 0 0 0 0 0 0 0 0 0;
  INPUT ---        1 captive sex 0 0 0 0 0 0 0 0 0 0 0 0 0 0 1 0 0 0 0 0 0 0 
  INPUT ---       0 0 0 0 0 0 0 0 0 0 0 0 0 0 0 0 0;
  INPUT ---        1 captive sex 0 0 0 0 0 0 0 0 0 0 0 0 0 0 0 1 0 0 0 0 0 0 

  Program  MARK  - Survival Rate Estimation with Capture-Recapture Data
   gfortran(Win64) Vers. 8.1 Mar 2016    5-Aug-2016 15:44:30    Page  006
 - - - - - - - - - - - - - - - - - - - - - - - - - - - - - - - - - - - - - -
 
  INPUT ---       0 0 0 0 0 0 0 0 0 0 0 0 0 0 0 0 0;
  INPUT ---        1 captive sex 0 0 0 0 0 0 0 0 0 0 0 0 0 0 0 0 1 0 0 0 0 0 
  INPUT ---       0 0 0 0 0 0 0 0 0 0 0 0 0 0 0 0 0;
  INPUT ---        1 captive sex 0 0 0 0 0 0 0 0 0 0 0 0 0 0 0 0 0 1 0 0 0 0 
  INPUT ---       0 0 0 0 0 0 0 0 0 0 0 0 0 0 0 0 0;
  INPUT ---        1 captive sex 0 0 0 0 0 0 0 0 0 0 0 0 0 0 0 0 0 0 1 0 0 0 
  INPUT ---       0 0 0 0 0 0 0 0 0 0 0 0 0 0 0 0 0;
  INPUT ---        1 captive sex 0 0 0 0 0 0 0 0 0 0 0 0 0 0 0 0 0 0 0 1 0 0 
  INPUT ---       0 0 0 0 0 0 0 0 0 0 0 0 0 0 0 0 0;
  INPUT ---        1 captive sex 0 0 0 0 0 0 0 0 0 0 0 0 0 0 0 0 0 0 0 0 1 0 
  INPUT ---       0 0 0 0 0 0 0 0 0 0 0 0 0 0 0 0 0;
  INPUT ---        1 captive sex 0 0 0 0 0 0 0 0 0 0 0 0 0 0 0 0 0 0 0 0 0 1 
  INPUT ---       0 0 0 0 0 0 0 0 0 0 0 0 0 0 0 0 0;
  INPUT ---        1 captive sex 0 0 0 0 0 0 0 0 0 0 0 0 0 0 0 0 0 0 0 0 0 0 
  INPUT ---       1 0 0 0 0 0 0 0 0 0 0 0 0 0 0 0 0;
  INPUT ---        1 captive sex 0 0 0 0 0 0 0 0 0 0 0 0 0 0 0 0 0 0 0 0 0 0 
  INPUT ---       0 1 0 0 0 0 0 0 0 0 0 0 0 0 0 0 0;
  INPUT ---        1 captive sex 0 0 0 0 0 0 0 0 0 0 0 0 0 0 0 0 0 0 0 0 0 0 
  INPUT ---       0 0 1 0 0 0 0 0 0 0 0 0 0 0 0 0 0;
  INPUT ---        1 captive sex 0 0 0 0 0 0 0 0 0 0 0 0 0 0 0 0 0 0 0 0 0 0 
  INPUT ---       0 0 0 1 0 0 0 0 0 0 0 0 0 0 0 0 0;
  INPUT ---        1 captive sex 0 0 0 0 0 0 0 0 0 0 0 0 0 0 0 0 0 0 0 0 0 0 
  INPUT ---       0 0 0 0 1 0 0 0 0 0 0 0 0 0 0 0 0;
  INPUT ---        1 captive sex 0 0 0 0 0 0 0 0 0 0 0 0 0 0 0 0 0 0 0 0 0 0 
  INPUT ---       0 0 0 0 0 1 0 0 0 0 0 0 0 0 0 0 0;
  INPUT ---        1 captive sex 0 0 0 0 0 0 0 0 0 0 0 0 0 0 0 0 0 0 0 0 0 0 
  INPUT ---       0 0 0 0 0 0 1 0 0 0 0 0 0 0 0 0 0;
  INPUT ---        0 0 0 0 0 0 0 0 0 0 0 0 0 0 0 0 0 0 0 0 0 0 0 0 0 0 0 0 0 
  INPUT ---       0 0 0 1 0 0 0 0 0 0 0 0 0;
  INPUT ---        0 0 0 0 0 0 0 0 0 0 0 0 0 0 0 0 0 0 0 0 0 0 0 0 0 0 0 0 0 
  INPUT ---       0 0 0 0 1 0 0 0 0 0 0 0 0;
  INPUT ---        0 0 0 0 0 0 0 0 0 0 0 0 0 0 0 0 0 0 0 0 0 0 0 0 0 0 0 0 0 
  INPUT ---       0 0 0 0 1 1 0 0 0 0 0 0 0;
  INPUT ---        0 0 0 0 0 0 0 0 0 0 0 0 0 0 0 0 0 0 0 0 0 0 0 0 0 0 0 0 0 
  INPUT ---       0 0 0 0 1 0 1 0 0 0 0 0 0;
  INPUT ---        0 0 0 0 0 0 0 0 0 0 0 0 0 0 0 0 0 0 0 0 0 0 0 0 0 0 0 0 0 
  INPUT ---       0 0 0 0 1 0 0 1 0 0 0 0 0;
  INPUT ---        0 0 0 0 0 0 0 0 0 0 0 0 0 0 0 0 0 0 0 0 0 0 0 0 0 0 0 0 0 
  INPUT ---       0 0 0 0 1 0 0 0 1 0 0 0 0;
  INPUT ---        0 0 0 0 0 0 0 0 0 0 0 0 0 0 0 0 0 0 0 0 0 0 0 0 0 0 0 0 0 
  INPUT ---       0 0 0 0 1 0 0 0 0 1 0 0 0;
  INPUT ---        0 0 0 0 0 0 0 0 0 0 0 0 0 0 0 0 0 0 0 0 0 0 0 0 0 0 0 0 0 
  INPUT ---       0 0 0 0 0 0 0 0 0 0 1 0 0;
  INPUT ---        0 0 0 0 0 0 0 0 0 0 0 0 0 0 0 0 0 0 0 0 0 0 0 0 0 0 0 0 0 
  INPUT ---       0 0 0 0 0 0 0 0 0 0 0 1 0;
  INPUT ---        0 0 0 0 0 0 0 0 0 0 0 0 0 0 0 0 0 0 0 0 0 0 0 0 0 0 0 0 0 

  Program  MARK  - Survival Rate Estimation with Capture-Recapture Data
   gfortran(Win64) Vers. 8.1 Mar 2016    5-Aug-2016 15:44:30    Page  007
 - - - - - - - - - - - - - - - - - - - - - - - - - - - - - - - - - - - - - -
 
  INPUT ---       0 0 0 0 0 0 0 0 0 0 0 0 1;
  INPUT ---        0 0 0 0 0 0 0 0 0 0 0 0 0 0 0 0 0 0 0 0 0 0 0 0 0 0 0 0 0 
  INPUT ---       0 0 0 0 0 0 0 0 0 0 0 0 0;
  INPUT ---        0 0 0 0 0 0 0 0 0 0 0 0 0 0 0 0 0 0 0 0 0 0 0 0 0 0 0 0 0 
  INPUT ---       0 0 0 0 0 0 0 0 0 0 0 0 0;

  INPUT ---    links=42;

  INPUT ---    Log;

  INPUT ---    Log;

  INPUT ---    Log;

  INPUT ---    Log;

  INPUT ---    Log;

  INPUT ---    Log;

  INPUT ---    Log;

  INPUT ---    Log;

  INPUT ---    Log;

  INPUT ---    Log;

  INPUT ---    Log;

  INPUT ---    Log;

  INPUT ---    Log;

  INPUT ---    Log;

  INPUT ---    Log;

  INPUT ---    Log;

  INPUT ---    Log;

  INPUT ---    Log;

  INPUT ---    Log;


  Program  MARK  - Survival Rate Estimation with Capture-Recapture Data
   gfortran(Win64) Vers. 8.1 Mar 2016    5-Aug-2016 15:44:30    Page  008
 - - - - - - - - - - - - - - - - - - - - - - - - - - - - - - - - - - - - - -
 
  INPUT ---    Log;

  INPUT ---    Log;

  INPUT ---    Log;

  INPUT ---    Log;

  INPUT ---    Log;

  INPUT ---    Log;

  INPUT ---    Log;

  INPUT ---    Log;

  INPUT ---    Log;

  INPUT ---    Log;

  INPUT ---    Log;

  INPUT ---    Log;

  INPUT ---    Log;

  INPUT ---    Log;

  INPUT ---    Log;

  INPUT ---    Log;

  INPUT ---    Log;

  INPUT ---    Log;

  INPUT ---    Logit;

  INPUT ---    Logit;

  INPUT ---    Logit;

  INPUT ---    Logit;

  INPUT ---    Logit;
  INPUT ---       blabel(1)=alpha:(Intercept);

  Program  MARK  - Survival Rate Estimation with Capture-Recapture Data
   gfortran(Win64) Vers. 8.1 Mar 2016    5-Aug-2016 15:44:30    Page  009
 - - - - - - - - - - - - - - - - - - - - - - - - - - - - - - - - - - - - - -
 
  INPUT ---       blabel(2)=alpha:captive;
  INPUT ---       blabel(3)=alpha:sex;
  INPUT ---       blabel(4)=alpha:time1.2;
  INPUT ---       blabel(5)=alpha:time1.4;
  INPUT ---       blabel(6)=alpha:time1.6;
  INPUT ---       blabel(7)=alpha:time1.8;
  INPUT ---       blabel(8)=alpha:time3.8;
  INPUT ---       blabel(9)=alpha:time4;
  INPUT ---       blabel(10)=alpha:time4.2;
  INPUT ---       blabel(11)=alpha:time4.4;
  INPUT ---       blabel(12)=alpha:time4.6;
  INPUT ---       blabel(13)=alpha:time7.1;
  INPUT ---       blabel(14)=alpha:time7.3;
  INPUT ---       blabel(15)=alpha:time7.5;
  INPUT ---       blabel(16)=alpha:time7.7;
  INPUT ---       blabel(17)=alpha:time7.9;
  INPUT ---       blabel(18)=alpha:time10.567;
  INPUT ---       blabel(19)=alpha:time10.767;
  INPUT ---       blabel(20)=alpha:time10.967;
  INPUT ---       blabel(21)=alpha:time11.167;
  INPUT ---       blabel(22)=alpha:time11.367;
  INPUT ---       blabel(23)=alpha:time13.134;
  INPUT ---       blabel(24)=alpha:time13.334;
  INPUT ---       blabel(25)=alpha:time13.534;
  INPUT ---       blabel(26)=alpha:time13.734;
  INPUT ---       blabel(27)=alpha:time13.934;
  INPUT ---       blabel(28)=alpha:time17.101;
  INPUT ---       blabel(29)=alpha:time17.301;
  INPUT ---       blabel(30)=alpha:time17.501;
  INPUT ---       blabel(31)=alpha:time17.701;
  INPUT ---       blabel(32)=alpha:time17.901;
  INPUT ---       blabel(33)=sigma:(Intercept);
  INPUT ---       blabel(34)=U:(Intercept);
  INPUT ---       blabel(35)=U:sample_monthB;
  INPUT ---       blabel(36)=U:sample_monthC;
  INPUT ---       blabel(37)=U:sample_monthD;
  INPUT ---       blabel(38)=U:sample_monthE;
  INPUT ---       blabel(39)=U:sample_monthF;
  INPUT ---       blabel(40)=Phi:(Intercept);
  INPUT ---       blabel(41)=GammaDoublePrime:(Intercept);
  INPUT ---       blabel(42)=GammaPrime:(Intercept);
  INPUT ---       rlabel(1)=alpha g1 a0 t1;
  INPUT ---       rlabel(2)=alpha g1 a0.2 t1.2;
  INPUT ---       rlabel(3)=alpha g1 a0.4 t1.4;
  INPUT ---       rlabel(4)=alpha g1 a0.6 t1.6;
  INPUT ---       rlabel(5)=alpha g1 a0.8 t1.8;

  Program  MARK  - Survival Rate Estimation with Capture-Recapture Data
   gfortran(Win64) Vers. 8.1 Mar 2016    5-Aug-2016 15:44:30    Page  010
 - - - - - - - - - - - - - - - - - - - - - - - - - - - - - - - - - - - - - -
 
  INPUT ---       rlabel(6)=alpha g1 a2.8 t3.8;
  INPUT ---       rlabel(7)=alpha g1 a3 t4;
  INPUT ---       rlabel(8)=alpha g1 a3.2 t4.2;
  INPUT ---       rlabel(9)=alpha g1 a3.4 t4.4;
  INPUT ---       rlabel(10)=alpha g1 a3.6 t4.6;
  INPUT ---       rlabel(11)=alpha g1 a6.1 t7.1;
  INPUT ---       rlabel(12)=alpha g1 a6.3 t7.3;
  INPUT ---       rlabel(13)=alpha g1 a6.5 t7.5;
  INPUT ---       rlabel(14)=alpha g1 a6.7 t7.7;
  INPUT ---       rlabel(15)=alpha g1 a6.9 t7.9;
  INPUT ---       rlabel(16)=alpha g1 a9.567 t10.567;
  INPUT ---       rlabel(17)=alpha g1 a9.767 t10.767;
  INPUT ---       rlabel(18)=alpha g1 a9.967 t10.967;
  INPUT ---       rlabel(19)=alpha g1 a10.167 t11.167;
  INPUT ---       rlabel(20)=alpha g1 a10.367 t11.367;
  INPUT ---       rlabel(21)=alpha g1 a12.134 t13.134;
  INPUT ---       rlabel(22)=alpha g1 a12.334 t13.334;
  INPUT ---       rlabel(23)=alpha g1 a12.534 t13.534;
  INPUT ---       rlabel(24)=alpha g1 a12.734 t13.734;
  INPUT ---       rlabel(25)=alpha g1 a12.934 t13.934;
  INPUT ---       rlabel(26)=alpha g1 a16.101 t17.101;
  INPUT ---       rlabel(27)=alpha g1 a16.301 t17.301;
  INPUT ---       rlabel(28)=alpha g1 a16.501 t17.501;
  INPUT ---       rlabel(29)=alpha g1 a16.701 t17.701;
  INPUT ---       rlabel(30)=alpha g1 a16.901 t17.901;
  INPUT ---       rlabel(31)=sigma g1 a0 t1;
  INPUT ---       rlabel(32)=U g1 a0 t1;
  INPUT ---       rlabel(33)=U g1 a2.8 t3.8;
  INPUT ---       rlabel(34)=U g1 a6.1 t7.1;
  INPUT ---       rlabel(35)=U g1 a9.567 t10.567;
  INPUT ---       rlabel(36)=U g1 a12.134 t13.134;
  INPUT ---       rlabel(37)=U g1 a16.101 t17.101;
  INPUT ---       rlabel(38)=Phi g1 c1 a0.8 t1.8;
  INPUT ---       rlabel(39)=Gamma'' g1 c1 a0.8 t1.8;
  INPUT ---       rlabel(40)=Gamma' g1 c1 a0.8 t1.8;
  INPUT ---       rlabel(41)=Phi g1 c1 a0 t1;
  INPUT ---       rlabel(42)=Gamma'' g1 c1 a0 t1;

 Link Function Used is PARM-SPECIFIC

 Variance Estimation Procedure Used is 2ndPart 

 M(t+1):
 Group=Group 1                                                                         
       3      3      3      2      3      5      5      5      2      5      5
       4      4      4      4     10      7      7      7      5      5      5
       5      3      4      5      5      5      4      5


 -2logL(saturated) = -0.0000000    
 Effective Sample Size = 169

  Program  MARK  - Survival Rate Estimation with Capture-Recapture Data
   gfortran(Win64) Vers. 8.1 Mar 2016    5-Aug-2016 15:44:30    Page  011
 - - - - - - - - - - - - - - - - - - - - - - - - - - - - - - - - - - - - - -
 
 Results from first iteration:
  -2logL Initial { alpha(~1 + captive + sex + time)sigma(~1)U(~sample_month)Phi(~1)Gamma''(~1)Gamma'(~1) } = 1138.4459     
  Penalty Initial { alpha(~1 + captive + sex + time)sigma(~1)U(~sample_month)Phi(~1)Gamma''(~1)Gamma'(~1) } = -0.0000000    

 Number of function evaluations was 62 for 42 parameters.
 Time for numerical optimization was 20.73 seconds.
 -2logL { alpha(~1 + captive + sex + time)sigma(~1)U(~sample_month)Phi(~1)Gamma''(~1)Gamma'(~1) } = 999.43525     
 Penalty { alpha(~1 + captive + sex + time)sigma(~1)U(~sample_month)Phi(~1)Gamma''(~1)Gamma'(~1) } = -0.0000000    

   * *  WARNING  * *   Numerical underflow occurred during optimization of this model. 
     IEEE flag status at end of optimization:
     overflow       F
     divide by zero F
     invalid        F
     underflow      T
     inexact        T

 Gradient { alpha(~1 + captive + sex + time)sigma(~1)U(~sample_month)Phi(~1)Gamma''(~1)Gamma'(~1) }:
  0.5637355E-03 0.4250806E-03 0.1115386E-03 0.9824938E-05 0.6744020E-05
  0.1384012E-04  0.000000     0.1082875E-04 0.8148383E-05 0.2846459E-04
  0.4083521E-04 0.1455504E-04-0.9019477E-04  0.000000      0.000000    
  0.2077134E-03-0.4293424E-04 0.5453433E-04 0.5652350E-04-0.4433910E-04
  0.5002694E-04-0.2025179E-04 0.3605324E-04-0.2623415E-04  0.000000    
  0.1931908E-04  0.000000    -0.4334138E-04  0.000000    -0.2490754E-04
  0.8990475E-05-0.2961853E-04 0.3579519E-04 0.1854958E-03 0.4052744E-04
 -0.7946868E-04 0.2204167E-03 0.1040107E-03-0.1085784E-03 0.1134348E-04
  0.2882232E-05  0.000000    
 S Vector { alpha(~1 + captive + sex + time)sigma(~1)U(~sample_month)Phi(~1)Gamma''(~1)Gamma'(~1) }:
   5659.855      529.8776      423.7242      377.8311      363.3216    
   291.3620      169.5486      96.86080      85.69180      80.70676    
   80.35999      76.71541      74.75586      74.68282      74.58265    
   72.13718      69.98016      69.54704      68.36881      67.26300    
   66.04014      62.17570      61.67060      59.50990      52.77894    
   51.68199      49.47839      44.21660      40.76876      39.70342    
   29.60994      19.44769      17.54558      13.69268      12.06221    
   11.78288      8.211092      6.136793      5.484377     0.9500006    
  0.5948849     0.9457041E-08
 Time to compute number of parameters was 17.77 seconds.
   Threshold =  0.8600000E-06     Condition index =  0.1670898E-11     New Threshold =  0.6128863E-07
 New Guessimate of Estimated Parameters { alpha(~1 + captive + sex + time)sigma(~1)U(~sample_month)Phi(~1)Gamma''(~1)Gamma'(~1) } = 41          
 Conditioned S Vector { alpha(~1 + captive + sex + time)sigma(~1)U(~sample_month)Phi(~1)Gamma''(~1)Gamma'(~1) }:
   1.000000     0.9362034E-01 0.7486485E-01 0.6675631E-01 0.6419274E-01
  0.5147870E-01 0.2995635E-01 0.1711365E-01 0.1514028E-01 0.1425951E-01
  0.1419824E-01 0.1355431E-01 0.1320809E-01 0.1319518E-01 0.1317748E-01
  0.1274541E-01 0.1236430E-01 0.1228778E-01 0.1207960E-01 0.1188423E-01
  0.1166817E-01 0.1098539E-01 0.1089615E-01 0.1051439E-01 0.9325139E-02
  0.9131328E-02 0.8741989E-02 0.7812321E-02 0.7203145E-02 0.7014918E-02
  0.5231573E-02 0.3436076E-02 0.3100006E-02 0.2419264E-02 0.2131187E-02
  0.2081834E-02 0.1450760E-02 0.1084267E-02 0.9689960E-03 0.1678489E-03
  0.1051060E-03 0.1670898E-11
 Number of Estimated Parameters { alpha(~1 + captive + sex + time)sigma(~1)U(~sample_month)Phi(~1)Gamma''(~1)Gamma'(~1) } = 41          
 DEVIANCE { alpha(~1 + captive + sex + time)sigma(~1)U(~sample_month)Phi(~1)Gamma''(~1)Gamma'(~1) } = 999.43525                     
 DEVIANCE Degrees of Freedom { alpha(~1 + captive + sex + time)sigma(~1)U(~sample_month)Phi(~1)Gamma''(~1)Gamma'(~1) } = -27            
 c-hat { alpha(~1 + captive + sex + time)sigma(~1)U(~sample_month)Phi(~1)Gamma''(~1)Gamma'(~1) } = 1.0000000                     
 AIC { alpha(~1 + captive + sex + time)sigma(~1)U(~sample_month)Phi(~1)Gamma''(~1)Gamma'(~1) } = 1081.4353                  
 AICc { alpha(~1 + captive + sex + time)sigma(~1)U(~sample_month)Phi(~1)Gamma''(~1)Gamma'(~1) } = 1108.5534                    
 BIC { alpha(~1 + captive + sex + time)sigma(~1)U(~sample_month)Phi(~1)Gamma''(~1)Gamma'(~1) } = 1209.7611                    
 Pearson Chisquare { alpha(~1 + captive + sex + time)sigma(~1)U(~sample_month)Phi(~1)Gamma''(~1)Gamma'(~1) } = 0.2642634E+032             

  Program  MARK  - Survival Rate Estimation with Capture-Recapture Data
   gfortran(Win64) Vers. 8.1 Mar 2016    5-Aug-2016 15:44:59    Page  012
 - - - - - - - - - - - - - - - - - - - - - - - - - - - - - - - - - - - - - -
 

   * *  WARNING  * *   Numerical underflow occurred during variance-covariance calculation of this model. 
     IEEE flag status at end of variance-covariance calculation:
     overflow       F
     divide by zero F
     invalid        F
     underflow      T
     inexact        T



 PARM-SPECIFIC Link Function Parameters of { alpha(~1 + captive + sex + time)sigma(~1)U(~sample_month)Phi(~1)Gamma''(~1)Gamma'(~1) }
                                                              95% Confidence Interval
 Parameter                    Beta         Standard Error      Lower           Upper
 -------------------------  --------------  --------------  --------------  --------------
    1:alpha:(Intercept)     0.5125024       0.3331279       -0.1404284      1.1654332     
    2:alpha:captive         0.1500251       0.1085816       -0.0627949      0.3628451     
    3:alpha:sex             0.3250376       0.2116352       -0.0897674      0.7398426     
    4:alpha:time1.2         0.1571252       0.2711810       -0.3743896      0.6886400     
    5:alpha:time1.4         0.6857429       0.2404062       0.2145468       1.1569390     
    6:alpha:time1.6         0.6428595       0.2383941       0.1756070       1.1101120     
    7:alpha:time1.8         0.4348064       0.2516602       -0.0584476      0.9280604     
    8:alpha:time3.8         -0.0498612      0.2956722       -0.6293788      0.5296563     
    9:alpha:time4           0.3952073       0.2840604       -0.1615512      0.9519657     
   10:alpha:time4.2         0.1981924       0.2881056       -0.3664946      0.7628793     
   11:alpha:time4.4         0.1136158       0.2877852       -0.4504431      0.6776748     
   12:alpha:time4.6         0.5621646       0.2812744       0.0108667       1.1134626     
   13:alpha:time7.1         0.7646430       0.2735226       0.2285387       1.3007474     
   14:alpha:time7.3         0.3914834       0.2801007       -0.1575139      0.9404808     
   15:alpha:time7.5         0.3738157       0.2804482       -0.1758628      0.9234941     
   16:alpha:time7.7         0.5325117       0.2806046       -0.0174733      1.0824967     
   17:alpha:time7.9         0.5887576       0.2810971       0.0378073       1.1397079     
   18:alpha:time10.567      0.4592786       0.2772720       -0.0841745      1.0027317     
   19:alpha:time10.767      0.2067919       0.2769525       -0.3360350      0.7496188     
   20:alpha:time10.967      -0.0256126      0.2829430       -0.5801809      0.5289558     
   21:alpha:time11.167      0.1362561       0.2777840       -0.4082006      0.6807127     
   22:alpha:time11.367      -0.1227336      0.2876208       -0.6864703      0.4410030     
   23:alpha:time13.134      0.5766522       0.2993103       -0.0099961      1.1633005     
   24:alpha:time13.334      0.3000633       0.2857134       -0.2599349      0.8600616     
   25:alpha:time13.534      0.3804239       0.2815549       -0.1714236      0.9322715     
   26:alpha:time13.734      -0.1769384      0.2946328       -0.7544187      0.4005420     
   27:alpha:time13.934      -0.3254016      0.3157090       -0.9441913      0.2933880     
   28:alpha:time17.101      0.5738332       0.2813243       0.0224376       1.1252288     
   29:alpha:time17.301      0.3073325       0.2803706       -0.2421938      0.8568588     
   30:alpha:time17.501      0.3693065       0.2857520       -0.1907675      0.9293804     
   31:alpha:time17.701      0.2645254       0.2910612       -0.3059546      0.8350054     
   32:alpha:time17.901      0.5353473       0.2832203       -0.0197645      1.0904590     

  Program  MARK  - Survival Rate Estimation with Capture-Recapture Data
   gfortran(Win64) Vers. 8.1 Mar 2016    5-Aug-2016 15:44:59    Page  013
 - - - - - - - - - - - - - - - - - - - - - - - - - - - - - - - - - - - - - -
 
   33:sigma:(Intercept)     -1.2232255      0.2393962       -1.6924421      -0.7540089    
   34:U:(Intercept)         2.3095572       0.1701109       1.9761398       2.6429746     
   35:U:sample_monthB       0.6831092       0.2189310       0.2540044       1.1122139     
   36:U:sample_monthC       0.5736453       0.2026467       0.1764578       0.9708328     
   37:U:sample_monthD       1.1662821       0.1948102       0.7844541       1.5481101     
   38:U:sample_monthE       0.6395447       0.2048775       0.2379848       1.0411047     
   39:U:sample_monthF       0.7799830       0.2064475       0.3753458       1.1846202     
   40:Phi:(Intercept)       2.0066646       0.4036726       1.2154663       2.7978629     
   41:GammaDoublePrime:(In  -2.9444031      1.0259780       -4.9553201      -0.9334862    
   42:GammaPrime:(Intercep  17.724958       0.1400806E-007  17.724958       17.724958     


 Real Function Parameters of { alpha(~1 + captive + sex + time)sigma(~1)U(~sample_month)Phi(~1)Gamma''(~1)Gamma'(~1) }

      Following estimates based on unstandardized individual covariate values:
          Variable   Value         
          ---------  ------------- 
          CAPTIVE    0.2142857     
          SEX        0.8461538     
                                                               95% Confidence Interval
  Parameter                  Estimate       Standard Error      Lower           Upper
 --------------------------  --------------  --------------  --------------  --------------
     1:alpha g1 a0 t1        2.2697789       0.5479749       1.4235880       3.6189518                           
     2:alpha g1 a0.2 t1.2    2.6559639       0.6285470       1.6807976       4.1969026                           
     3:alpha g1 a0.4 t1.4    4.5060698       0.9180902       3.0347783       6.6906584                           
     4:alpha g1 a0.6 t1.6    4.3169190       0.8884332       2.8960412       6.4349186                           
     5:alpha g1 a0.8 t1.8    3.5060456       0.7573934       2.3068860       5.3285493                           
     6:alpha g1 a2.8 t3.8    2.1593801       0.4114576       1.4913461       3.1266536                           
     7:alpha g1 a3 t4        3.3699224       0.5789285       2.4123978       4.7075060                           
     8:alpha g1 a3.2 t4.2    2.7673074       0.4931025       1.9568790       3.9133694                           
     9:alpha g1 a3.4 t4.4    2.5428825       0.4308553       1.8286011       3.5361739                           
    10:alpha g1 a3.6 t4.6    3.9822503       0.6645307       2.8777792       5.5106094                           
    11:alpha g1 a6.1 t7.1    4.8760013       0.7481115       3.6159533       6.5751370                           
    12:alpha g1 a6.3 t7.3    3.3573967       0.5648917       2.4198100       4.6582635                           
    13:alpha g1 a6.5 t7.5    3.2985999       0.5554395       2.3768234       4.5778584                           
    14:alpha g1 a6.7 t7.7    3.8658985       0.6315563       2.8125818       5.3136841                           
    15:alpha g1 a6.9 t7.9    4.0895707       0.6717625       2.9701913       5.6308119                           
    16:alpha g1 a9.567 t10.  3.5929049       0.5026561       2.7348594       4.7201570                           
    17:alpha g1 a9.767 t10.  2.7912076       0.4034476       2.1056719       3.6999307                           
    18:alpha g1 a9.967 t10.  2.2123823       0.3334217       1.6492834       2.9677346                           
    19:alpha g1 a10.167 t11  2.6011106       0.3715648       1.9686896       3.4366901                           
    20:alpha g1 a10.367 t11  2.0076177       0.3085374       1.4880784       2.7085460                           
    21:alpha g1 a12.134 t13  4.0403633       0.7519752       2.8141177       5.8009426                           
    22:alpha g1 a12.334 t13  3.0640751       0.4973250       2.2337620       4.2030242                           
    23:alpha g1 a12.534 t13  3.3204700       0.5194038       2.4482287       4.5034686                           
    24:alpha g1 a12.734 t13  1.9016921       0.3458146       1.3353872       2.7081530                           

  Program  MARK  - Survival Rate Estimation with Capture-Recapture Data
   gfortran(Win64) Vers. 8.1 Mar 2016    5-Aug-2016 15:44:59    Page  014
 - - - - - - - - - - - - - - - - - - - - - - - - - - - - - - - - - - - - - -
 
    25:alpha g1 a12.934 t13  1.6393188       0.3458853       1.0889661       2.4678144                           
    26:alpha g1 a16.101 t17  4.0289897       0.6328195       2.9669631       5.4711694                           
    27:alpha g1 a16.301 t17  3.0864296       0.4798999       2.2797790       4.1784962                           
    28:alpha g1 a16.501 t17  3.2837594       0.5427207       2.3803117       4.5301107                           
    29:alpha g1 a16.701 t17  2.9570964       0.5063100       2.1192040       4.1262753                           
    30:alpha g1 a16.901 t17  3.8768761       0.6238502       2.8338849       5.3037329                           
    31:sigma g1 a0 t1        0.2942794       0.0704494       0.1852738       0.4674183                           
    32:U g1 a0 t1            10.069965       1.7130107       7.2319943       14.021608                           
    33:U g1 a2.8 t3.8        19.938776       2.7588624       15.222162       26.116841                           
    34:U g1 a6.1 t7.1        17.871415       2.0072537       14.350027       22.256925                           
    35:U g1 a9.567 t10.567   32.324948       3.1297050       26.749462       39.062551                           
    36:U g1 a12.134 t13.134  19.088803       2.2208561       15.208203       23.959597                           
    37:U g1 a16.101 t17.101  21.966975       2.5908052       17.447108       27.657765                           
    38:Phi g1 c1 a0.8 t1.8   0.8814950       0.0421683       0.7712647       0.9425602                           
    39:Gamma'' g1 c1 a0.8 t  0.0500017       0.0487355       0.0069965       0.2822180                           
    40:Gamma' g1 c1 a0.8 t1  1.0000000       0.2808836E-015  1.0000000       1.0000000                           
    41:Phi g1 c1 a0 t1       1.0000000       0.0000000       1.0000000       1.0000000       Fixed               
    42:Gamma'' g1 c1 a0 t1   0.0000000       0.0000000       0.0000000       0.0000000       Fixed               

  Program  MARK  - Survival Rate Estimation with Capture-Recapture Data
   gfortran(Win64) Vers. 8.1 Mar 2016    5-Aug-2016 15:44:59    Page  015
 - - - - - - - - - - - - - - - - - - - - - - - - - - - - - - - - - - - - - -
 


                      Estimates of Derived Parameters
 Population Estimates of { alpha(~1 + captive + sex + time)sigma(~1)U(~sample_month)Phi(~1)Gamma''(~1)Gamma'(~1) }
                                                95% Confidence Interval
 Grp. Occ.   N-hat           Standard Error      Lower           Upper
 ---- ----   --------------  --------------  --------------  --------------
   1     1   13.069965       1.7130115       10.120094       16.879682     
   1     2   13.069965       1.7130115       10.120094       16.879682     
   1     3   13.069965       1.7130115       10.120094       16.879682     
   1     4   12.096335       1.7265745       9.1572934       15.978665     
   1     5   13.069965       1.7130115       10.120094       16.879682     
   1     6   24.938776       2.7588628       20.090700       30.956738     
   1     7   24.938776       2.7588628       20.090700       30.956738     
   1     8   24.938776       2.7588628       20.090700       30.956738     
   1     9   22.130693       2.8127098       17.268011       28.362710     
   1    10   24.938776       2.7588628       20.090700       30.956738     
   1    11   22.927616       2.0315636       19.278885       27.266907     
   1    12   22.025785       2.0559727       18.350492       26.437176     
   1    13   22.034166       2.0610772       18.350465       26.457340     
   1    14   21.982178       2.0481325       18.320279       26.376026     
   1    15   21.963360       2.0434157       18.309406       26.346523     
   1    16   39.652616       3.2237231       33.820698       46.490168     
   1    17   39.878035       3.2707380       33.965277       46.820102     
   1    18   40.397559       3.3592974       34.331538       47.535382     
   1    19   40.029441       3.2912070       34.080863       47.016302     
   1    20   38.343823       3.3198110       32.369390       45.420959     
   1    21   23.202934       2.2687854       19.164995       28.091640     
   1    22   24.403655       2.3104359       20.278924       29.367355     
   1    23   24.313163       2.2931843       20.217782       29.238117     
   1    24   22.603344       2.3448860       18.454534       27.684860     
   1    25   24.112022       2.4855883       19.711409       29.495081     
   1    26   27.089705       2.6357270       22.396442       32.766460     
   1    27   27.243255       2.6710278       22.490654       33.000150     
   1    28   27.198705       2.6688916       22.450291       32.951447     
   1    29   26.228283       2.6731248       21.490169       32.011047     
   1    30   27.106257       2.6420962       22.402471       32.797684     
 Mean Resighting Rate Estimates of { alpha(~1 + captive + sex + time)sigma(~1)U(~sample_month)Phi(~1)Gamma''(~1)Gamma'(~1) }
                                                95% Confidence Interval
 Grp. Occ.   Lambda-hat      Standard Error      Lower           Upper
 ---- ----   --------------  --------------  --------------  --------------
   1     1   2.3702196       0.5690074       1.4903787       3.7694723     
   1     2   2.7734938       0.6511155       1.7614345       4.3670472     
   1     3   4.7054694       0.9509465       3.1790387       6.9648231     
   1     4   4.5079484       0.9155935       3.0397331       6.6853234     
   1     5   3.6611928       0.7849014       2.4164697       5.5470726     
   1     6   2.2549355       0.4249671       1.5635460       3.2520529     
   1     7   3.5190460       0.5967152       2.5299271       4.8948780     
   1     8   2.8897644       0.5089061       2.0516381       4.0702786     
   1     9   2.6554084       0.4393644       1.9241489       3.6645781     

  Program  MARK  - Survival Rate Estimation with Capture-Recapture Data
   gfortran(Win64) Vers. 8.1 Mar 2016    5-Aug-2016 15:44:59    Page  016
 - - - - - - - - - - - - - - - - - - - - - - - - - - - - - - - - - - - - - -
 
   1    10   4.1584701       0.6847695       3.0178756       5.7301480     
   1    11   5.4861626       0.7663967       4.1776386       7.2045439     
   1    12   3.7444526       0.5801179       2.7688076       5.0638857     
   1    13   3.9204060       0.5773196       2.9420657       5.2240789     
   1    14   4.7640302       0.6519233       3.6478031       6.2218224     
   1    15   5.2448989       0.6951342       4.0495948       6.7930165     
   1    16   4.3015840       0.5189616       3.3986361       5.4444268     
   1    17   3.8410171       0.4345797       3.0792437       4.7912454     
   1    18   3.0634491       0.3697575       2.4201387       3.8777614     
   1    19   3.3686189       0.3964639       2.6767860       4.2392605     
   1    20   2.6092451       0.3371040       2.0276633       3.3576383     
   1    21   5.6791794       0.7932079       4.3248427       7.4576306     
   1    22   3.5762082       0.5160963       2.6990620       4.7384111     
   1    23   3.8484193       0.5368447       2.9316452       5.0518839     
   1    24   2.5459990       0.3870996       1.8931103       3.4240534     
   1    25   3.3067668       0.4838019       2.4861291       4.3982858     
   1    26   4.5965220       0.6553258       3.4808183       6.0698412     
   1    27   3.2230082       0.4929401       2.3923494       4.3420839     
   1    28   3.9997216       0.5709441       3.0278488       5.2835442     
   1    29   3.7898687       0.5387998       2.8721876       5.0007544     
   1    30   4.6302405       0.6496356       3.5217374       6.0876565     
 Pr(Captured 1 or more times) of { alpha(~1 + captive + sex + time)sigma(~1)U(~sample_month)Phi(~1)Gamma''(~1)Gamma'(~1) }
                                                95% Confidence Interval
 Grp. Occ.      p*-hat       Standard Error      Lower           Upper
 ---- ----   --------------  --------------  --------------  --------------
   1     1   0.3019770       0.0161661       0.2712635       0.3345714     
   1     2   0.3114633       0.0126979       0.2871350       0.3368789     
   1     3   0.3289355       0.0034812       0.3221487       0.3357943     
   1     4   0.4934932       0.0052144       0.4832772       0.5037147     
   1     5   0.3231077       0.0068862       0.3097607       0.3367491     
   1     6   0.1776383       0.0085652       0.1614673       0.1950520     
   1     7   0.1923832       0.0039457       0.1847678       0.2002354     
   1     8   0.1871221       0.0057741       0.1760673       0.1987037     
   1     9   0.4562217       0.0172145       0.4227323       0.4901116     
   1    10   0.1954430       0.0026757       0.1902518       0.2007407     
   1    11   0.1984900       0.0010291       0.1964806       0.2005149     
   1    12   0.2426345       0.0039093       0.2350546       0.2503787     
   1    13   0.2438467       0.0032590       0.2375159       0.2502908     
   1    14   0.2466776       0.0019882       0.2428015       0.2505951     
   1    15   0.2478246       0.0013872       0.2451157       0.2505535     
   1    16   0.1392919       0.0015822       0.1362196       0.1424221     
   1    17   0.1385306       0.0017590       0.1351189       0.1420144     
   1    18   0.1334064       0.0030967       0.1274528       0.1395936     
   1    19   0.1357779       0.0025238       0.1309068       0.1408009     
   1    20   0.1787851       0.0060360       0.1672591       0.1909233     
   1    21   0.2483351       0.0011278       0.2461311       0.2505523     
   1    22   0.1917315       0.0037649       0.1844604       0.1992192     
   1    23   0.1940596       0.0029351       0.1883714       0.1998772     
   1    24   0.3048700       0.0105088       0.2846717       0.3258487     
   1    25   0.2384729       0.0052369       0.2283607       0.2488885     

  Program  MARK  - Survival Rate Estimation with Capture-Recapture Data
   gfortran(Win64) Vers. 8.1 Mar 2016    5-Aug-2016 15:44:59    Page  017
 - - - - - - - - - - - - - - - - - - - - - - - - - - - - - - - - - - - - - -
 
   1    26   0.1967194       0.0018811       0.1930585       0.2004323     
   1    27   0.1895275       0.0045656       0.1807404       0.1986382     
   1    28   0.1948986       0.0025933       0.1898658       0.2000319     
   1    29   0.2421929       0.0037681       0.2348843       0.2496548     
   1    30   0.1969207       0.0017622       0.1934896       0.2003976     

 Attempted ordering of parameters by estimatibility:
   1 37 34 39 36 35  2 18 21 13 28 19 38 12 29 25 32 17  9 22 16 24 30 11 14
   6 23 10  5 26 20 15  7 31 33  8  3  4 40 27 41 42
 Beta number 42 is a singular value.

     CPU Time in seconds for last procedure was 39.09


  INPUT --- proc stop;

   * *  WARNING  * *   Numerical underflow occurred during final processing of this model. 
     IEEE flag status at final processing of this model:
     overflow       F
     divide by zero F
     invalid        F
     underflow      T
     inexact        T


     CPU Time in minutes for this job was 0.65

     Time Start = 15:44:30.240   Time End = 15:44:59.887

     Wall Clock Time in minutes for this job was 0.49


          E X E C U T I O N   S U C C E S S F U L 
