
   Program  MARK  - Survival Rate Estimation with Capture-Recapture Data
   gfortran(Win64) Vers. 8.1 Mar 2016    5-Aug-2016 15:49:47    Page  001
 - - - - - - - - - - - - - - - - - - - - - - - - - - - - - - - - - - - - - -
 
   This version was compiled by GCC version 5.3.0 using the options: 
     -cpp -iprefix c:\tdm-gcc-64\gcc\bin\../lib/gcc/x86_64-w64-mingw32/5.3.0/ -D_MT
     -U_REENTRANT -D IEEE -m64 -mtune=generic -march=x86-64 -mthreads -O2
     -fimplicit-none -fbounds-check -funroll-loops -ftree-vectorize
     -ffpe-summary=invalid,zero,overflow,underflow -fno-unsafe-math-optimizations
     -frounding-math -fsignaling-nans -fopenmp.

   This problem will use 3 of 4 possible threads.


  INPUT --- proc title ;

     CPU Time in seconds for last procedure was 0.00


  INPUT --- proc chmatrix occasions= 30 groups= 1 etype= PoissonMR 
  INPUT --- icovar = 32 ICMeans NoHist  hist= 14 ;

  INPUT ---    time interval 0.2 0.2 0.2 0.2 2 0.2 0.2 0.2 0.2 2.5 0.2 0.2 
  INPUT ---    0.2 0.2 2.667 0.2 0.2 0.2  0.2 1.767 0.2 0.2 0.2 0.2 3.167 
  INPUT ---    0.2 0.2 0.2 0.2 ;

  INPUT ---     icovariates captive age.t1 age.t1.2 age.t1.4  age.t1.6 
  INPUT ---    age.t1.8 age.t3.8 age.t4 age.t4.2 age.t4.4 age.t4.6 
  INPUT ---    age.t7.1 age.t7.3 age.t7.5 age.t7.7  age.t7.9 age.t10.567 
  INPUT ---    age.t10.767 age.t10.967 age.t11.167 age.t11.367 age.t13.134 
  INPUT ---    age.t13.334  age.t13.534 age.t13.734 age.t13.934 
  INPUT ---    age.t17.101 age.t17.301 age.t17.501 age.t17.701 age.t17.901 
  INPUT ---     sex ;

  INPUT ---    glabel(1)=Group 1;

      Number of unique encounter histories read was 14.

      Number of individual covariates read was 32.
      Time interval lengths vary and/or not equal to 1.

      Data type number is 115
      Data type is Poisson Mark Resight with Robust Design                                                             

     CPU Time in seconds for last procedure was 0.02

  Program  MARK  - Survival Rate Estimation with Capture-Recapture Data
   gfortran(Win64) Vers. 8.1 Mar 2016    5-Aug-2016 15:49:47    Page  002
 - - - - - - - - - - - - - - - - - - - - - - - - - - - - - - - - - - - - - -
 


  INPUT --- proc estimate link=Parm-Specific NOLOOP varest=2ndPart    ;


  INPUT --- model={ alpha(~1 + captive + age.t + sex + effort.trapdays 
  INPUT --- + recordloss.agout.total)sigma(~1 + 
  INPUT --- recordloss.agout.var)U(~sample_month)Phi(~1)Gamma''(~1)Gamma
  INPUT --- '(~1) };

  INPUT ---    fixed=2;
  INPUT ---        parm(70)=1 ;
  INPUT ---        parm(71)=0 ;

  INPUT ---    group=1 alpha    rows=1 cols=30 Square ;
  INPUT ---        1 2 3 4 5 6 7 8 9 10 11 12 13 14 15 16 17 18 19 20 21 22 
  INPUT ---       23 24 25 26 27 28 29 30 ;

  INPUT ---    group=1 sigma    rows=1 cols=30 Square ;
  INPUT ---        31 32 33 34 35 36 37 38 39 40 41 42 43 44 45 46 47 48 49 
  INPUT ---       50 51 52 53 54 55 56 57 58 59 60 ;

  INPUT ---    group=1 U    rows=1 cols=30 Square ;
  INPUT ---        61 61 61 61 61 62 62 62 62 62 63 63 63 63 63 64 64 64 64 
  INPUT ---       64 65 65 65 65 65 66 66 66 66 66 ;

  INPUT ---    group=1 Phi    rows=29 cols=29 Triang ;
  INPUT ---        70 70 70 70 67 70 70 70 70 67 70 70 70 70 67 70 70 70 70 
  INPUT ---       67 70 70 70 70 67 70 70 70 70 ;
  INPUT ---        70 70 70 70 70 70 70 70 70 70 70 70 70 70 70 70 70 70 70 
  INPUT ---       70 70 70 70 70 70 70 70 70 ;
  INPUT ---        70 70 70 70 70 70 70 70 70 70 70 70 70 70 70 70 70 70 70 
  INPUT ---       70 70 70 70 70 70 70 70 ;
  INPUT ---        70 70 70 70 70 70 70 70 70 70 70 70 70 70 70 70 70 70 70 
  INPUT ---       70 70 70 70 70 70 70 ;
  INPUT ---        70 70 70 70 70 70 70 70 70 70 70 70 70 70 70 70 70 70 70 
  INPUT ---       70 70 70 70 70 70 ;
  INPUT ---        70 70 70 70 67 70 70 70 70 67 70 70 70 70 67 70 70 70 70 
  INPUT ---       67 70 70 70 70 ;
  INPUT ---        70 70 70 70 70 70 70 70 70 70 70 70 70 70 70 70 70 70 70 
  INPUT ---       70 70 70 70 ;
  INPUT ---        70 70 70 70 70 70 70 70 70 70 70 70 70 70 70 70 70 70 70 
  INPUT ---       70 70 70 ;
  INPUT ---        70 70 70 70 70 70 70 70 70 70 70 70 70 70 70 70 70 70 70 
  INPUT ---       70 70 ;
  INPUT ---        70 70 70 70 70 70 70 70 70 70 70 70 70 70 70 70 70 70 70 

  Program  MARK  - Survival Rate Estimation with Capture-Recapture Data
   gfortran(Win64) Vers. 8.1 Mar 2016    5-Aug-2016 15:49:47    Page  003
 - - - - - - - - - - - - - - - - - - - - - - - - - - - - - - - - - - - - - -
 
  INPUT ---       70 ;
  INPUT ---        70 70 70 70 67 70 70 70 70 67 70 70 70 70 67 70 70 70 70 ;
  INPUT ---        70 70 70 70 70 70 70 70 70 70 70 70 70 70 70 70 70 70 ;
  INPUT ---        70 70 70 70 70 70 70 70 70 70 70 70 70 70 70 70 70 ;
  INPUT ---        70 70 70 70 70 70 70 70 70 70 70 70 70 70 70 70 ;
  INPUT ---        70 70 70 70 70 70 70 70 70 70 70 70 70 70 70 ;
  INPUT ---        70 70 70 70 67 70 70 70 70 67 70 70 70 70 ;
  INPUT ---        70 70 70 70 70 70 70 70 70 70 70 70 70 ;
  INPUT ---        70 70 70 70 70 70 70 70 70 70 70 70 ;
  INPUT ---        70 70 70 70 70 70 70 70 70 70 70 ;
  INPUT ---        70 70 70 70 70 70 70 70 70 70 ;
  INPUT ---        70 70 70 70 67 70 70 70 70 ;
  INPUT ---        70 70 70 70 70 70 70 70 ;
  INPUT ---        70 70 70 70 70 70 70 ;
  INPUT ---        70 70 70 70 70 70 ;
  INPUT ---        70 70 70 70 70 ;
  INPUT ---        70 70 70 70 ;
  INPUT ---        70 70 70 ;
  INPUT ---        70 70 ;
  INPUT ---        70 ;

  INPUT ---    group=1 Gamma''    rows=29 cols=29 Triang ;
  INPUT ---        71 71 71 71 68 71 71 71 71 68 71 71 71 71 68 71 71 71 71 
  INPUT ---       68 71 71 71 71 68 71 71 71 71 ;
  INPUT ---        71 71 71 71 71 71 71 71 71 71 71 71 71 71 71 71 71 71 71 
  INPUT ---       71 71 71 71 71 71 71 71 71 ;
  INPUT ---        71 71 71 71 71 71 71 71 71 71 71 71 71 71 71 71 71 71 71 
  INPUT ---       71 71 71 71 71 71 71 71 ;
  INPUT ---        71 71 71 71 71 71 71 71 71 71 71 71 71 71 71 71 71 71 71 
  INPUT ---       71 71 71 71 71 71 71 ;
  INPUT ---        71 71 71 71 71 71 71 71 71 71 71 71 71 71 71 71 71 71 71 
  INPUT ---       71 71 71 71 71 71 ;
  INPUT ---        71 71 71 71 68 71 71 71 71 68 71 71 71 71 68 71 71 71 71 
  INPUT ---       68 71 71 71 71 ;
  INPUT ---        71 71 71 71 71 71 71 71 71 71 71 71 71 71 71 71 71 71 71 
  INPUT ---       71 71 71 71 ;
  INPUT ---        71 71 71 71 71 71 71 71 71 71 71 71 71 71 71 71 71 71 71 
  INPUT ---       71 71 71 ;
  INPUT ---        71 71 71 71 71 71 71 71 71 71 71 71 71 71 71 71 71 71 71 
  INPUT ---       71 71 ;
  INPUT ---        71 71 71 71 71 71 71 71 71 71 71 71 71 71 71 71 71 71 71 
  INPUT ---       71 ;
  INPUT ---        71 71 71 71 68 71 71 71 71 68 71 71 71 71 68 71 71 71 71 ;
  INPUT ---        71 71 71 71 71 71 71 71 71 71 71 71 71 71 71 71 71 71 ;
  INPUT ---        71 71 71 71 71 71 71 71 71 71 71 71 71 71 71 71 71 ;
  INPUT ---        71 71 71 71 71 71 71 71 71 71 71 71 71 71 71 71 ;

  Program  MARK  - Survival Rate Estimation with Capture-Recapture Data
   gfortran(Win64) Vers. 8.1 Mar 2016    5-Aug-2016 15:49:47    Page  004
 - - - - - - - - - - - - - - - - - - - - - - - - - - - - - - - - - - - - - -
 
  INPUT ---        71 71 71 71 71 71 71 71 71 71 71 71 71 71 71 ;
  INPUT ---        71 71 71 71 68 71 71 71 71 68 71 71 71 71 ;
  INPUT ---        71 71 71 71 71 71 71 71 71 71 71 71 71 ;
  INPUT ---        71 71 71 71 71 71 71 71 71 71 71 71 ;
  INPUT ---        71 71 71 71 71 71 71 71 71 71 71 ;
  INPUT ---        71 71 71 71 71 71 71 71 71 71 ;
  INPUT ---        71 71 71 71 68 71 71 71 71 ;
  INPUT ---        71 71 71 71 71 71 71 71 ;
  INPUT ---        71 71 71 71 71 71 71 ;
  INPUT ---        71 71 71 71 71 71 ;
  INPUT ---        71 71 71 71 71 ;
  INPUT ---        71 71 71 71 ;
  INPUT ---        71 71 71 ;
  INPUT ---        71 71 ;
  INPUT ---        71 ;

  INPUT ---    group=1 Gamma'    rows=28 cols=28 Triang ;
  INPUT ---        71 71 71 69 71 71 71 71 69 71 71 71 71 69 71 71 71 71 69 
  INPUT ---       71 71 71 71 69 71 71 71 71 ;
  INPUT ---        71 71 71 71 71 71 71 71 71 71 71 71 71 71 71 71 71 71 71 
  INPUT ---       71 71 71 71 71 71 71 71 ;
  INPUT ---        71 71 71 71 71 71 71 71 71 71 71 71 71 71 71 71 71 71 71 
  INPUT ---       71 71 71 71 71 71 71 ;
  INPUT ---        71 71 71 71 71 71 71 71 71 71 71 71 71 71 71 71 71 71 71 
  INPUT ---       71 71 71 71 71 71 ;
  INPUT ---        71 71 71 71 71 71 71 71 71 71 71 71 71 71 71 71 71 71 71 
  INPUT ---       71 71 71 71 71 ;
  INPUT ---        71 71 71 69 71 71 71 71 69 71 71 71 71 69 71 71 71 71 69 
  INPUT ---       71 71 71 71 ;
  INPUT ---        71 71 71 71 71 71 71 71 71 71 71 71 71 71 71 71 71 71 71 
  INPUT ---       71 71 71 ;
  INPUT ---        71 71 71 71 71 71 71 71 71 71 71 71 71 71 71 71 71 71 71 
  INPUT ---       71 71 ;
  INPUT ---        71 71 71 71 71 71 71 71 71 71 71 71 71 71 71 71 71 71 71 
  INPUT ---       71 ;
  INPUT ---        71 71 71 71 71 71 71 71 71 71 71 71 71 71 71 71 71 71 71 ;
  INPUT ---        71 71 71 69 71 71 71 71 69 71 71 71 71 69 71 71 71 71 ;
  INPUT ---        71 71 71 71 71 71 71 71 71 71 71 71 71 71 71 71 71 ;
  INPUT ---        71 71 71 71 71 71 71 71 71 71 71 71 71 71 71 71 ;
  INPUT ---        71 71 71 71 71 71 71 71 71 71 71 71 71 71 71 ;
  INPUT ---        71 71 71 71 71 71 71 71 71 71 71 71 71 71 ;
  INPUT ---        71 71 71 69 71 71 71 71 69 71 71 71 71 ;
  INPUT ---        71 71 71 71 71 71 71 71 71 71 71 71 ;
  INPUT ---        71 71 71 71 71 71 71 71 71 71 71 ;
  INPUT ---        71 71 71 71 71 71 71 71 71 71 ;
  INPUT ---        71 71 71 71 71 71 71 71 71 ;

  Program  MARK  - Survival Rate Estimation with Capture-Recapture Data
   gfortran(Win64) Vers. 8.1 Mar 2016    5-Aug-2016 15:49:47    Page  005
 - - - - - - - - - - - - - - - - - - - - - - - - - - - - - - - - - - - - - -
 
  INPUT ---        71 71 71 69 71 71 71 71 ;
  INPUT ---        71 71 71 71 71 71 71 ;
  INPUT ---        71 71 71 71 71 71 ;
  INPUT ---        71 71 71 71 71 ;
  INPUT ---        71 71 71 71 ;
  INPUT ---        71 71 71 ;
  INPUT ---        71 71 ;
  INPUT ---        71 ;

  INPUT ---    initial  0.8492118 0 0 0 0 0 -0.3123225 0 3.139572 0 0 0 0 
  INPUT ---    0 2.0066797 -2.9445172 17.724958  ;

  INPUT ---    design matrix constraints=71 covariates=17;
  INPUT ---        1 captive age.t1 sex 96 0.186046511627907 0 0 0 0 0 0 0 0 
  INPUT ---       0 0 0;
  INPUT ---        1 captive age.t1.2 sex 96 0.127659574468085 0 0 0 0 0 0 0 
  INPUT ---       0 0 0 0;
  INPUT ---        1 captive age.t1.4 sex 114 0.08 0 0 0 0 0 0 0 0 0 0 0;
  INPUT ---        1 captive age.t1.6 sex 120 0.166666666666667 0 0 0 0 0 0 0 
  INPUT ---       0 0 0 0;
  INPUT ---        1 captive age.t1.8 sex 115 0.169230769230769 0 0 0 0 0 0 0 
  INPUT ---       0 0 0 0;
  INPUT ---        1 captive age.t3.8 sex 126 0.0615384615384615 0 0 0 0 0 0 
  INPUT ---       0 0 0 0 0;
  INPUT ---        1 captive age.t4 sex 126 0.0776699029126214 0 0 0 0 0 0 0 
  INPUT ---       0 0 0 0;
  INPUT ---        1 captive age.t4.2 sex 126 0.170212765957447 0 0 0 0 0 0 0 
  INPUT ---       0 0 0 0;
  INPUT ---        1 captive age.t4.4 sex 114 0.0666666666666667 0 0 0 0 0 0 
  INPUT ---       0 0 0 0 0;
  INPUT ---        1 captive age.t4.6 sex 126 0.0894308943089431 0 0 0 0 0 0 
  INPUT ---       0 0 0 0 0;
  INPUT ---        1 captive age.t7.1 sex 139 0.08 0 0 0 0 0 0 0 0 0 0 0;
  INPUT ---        1 captive age.t7.3 sex 168 0.135135135135135 0 0 0 0 0 0 0 
  INPUT ---       0 0 0 0;
  INPUT ---        1 captive age.t7.5 sex 180 0.213740458015267 0 0 0 0 0 0 0 
  INPUT ---       0 0 0 0;
  INPUT ---        1 captive age.t7.7 sex 174 0.0869565217391304 0 0 0 0 0 0 
  INPUT ---       0 0 0 0 0;
  INPUT ---        1 captive age.t7.9 sex 173 0.131428571428571 0 0 0 0 0 0 0 
  INPUT ---       0 0 0 0;
  INPUT ---        1 captive age.t10.567 sex 166 0.167441860465116 0 0 0 0 0 
  INPUT ---       0 0 0 0 0 0;
  INPUT ---        1 captive age.t10.767 sex 172 0.155 0 0 0 0 0 0 0 0 0 0 0;
  INPUT ---        1 captive age.t10.967 sex 166 0.168831168831169 0 0 0 0 0 
  INPUT ---       0 0 0 0 0 0;

  Program  MARK  - Survival Rate Estimation with Capture-Recapture Data
   gfortran(Win64) Vers. 8.1 Mar 2016    5-Aug-2016 15:49:47    Page  006
 - - - - - - - - - - - - - - - - - - - - - - - - - - - - - - - - - - - - - -
 
  INPUT ---        1 captive age.t11.167 sex 171 0.231182795698925 0 0 0 0 0 
  INPUT ---       0 0 0 0 0 0;
  INPUT ---        1 captive age.t11.367 sex 151 0.224489795918367 0 0 0 0 0 
  INPUT ---       0 0 0 0 0 0;
  INPUT ---        1 captive age.t13.134 sex 192 0.125827814569536 0 0 0 0 0 
  INPUT ---       0 0 0 0 0 0;
  INPUT ---        1 captive age.t13.334 sex 185 0.201612903225806 0 0 0 0 0 
  INPUT ---       0 0 0 0 0 0;
  INPUT ---        1 captive age.t13.534 sex 198 0.244604316546763 0 0 0 0 0 
  INPUT ---       0 0 0 0 0 0;
  INPUT ---        1 captive age.t13.734 sex 198 0.282828282828283 0 0 0 0 0 
  INPUT ---       0 0 0 0 0 0;
  INPUT ---        1 captive age.t13.934 sex 195 0.314516129032258 0 0 0 0 0 
  INPUT ---       0 0 0 0 0 0;
  INPUT ---        1 captive age.t17.101 sex 192 0.137254901960784 0 0 0 0 0 
  INPUT ---       0 0 0 0 0 0;
  INPUT ---        1 captive age.t17.301 sex 192 0.266129032258065 0 0 0 0 0 
  INPUT ---       0 0 0 0 0 0;
  INPUT ---        1 captive age.t17.501 sex 198 0.198581560283688 0 0 0 0 0 
  INPUT ---       0 0 0 0 0 0;
  INPUT ---        1 captive age.t17.701 sex 198 0.293333333333333 0 0 0 0 0 
  INPUT ---       0 0 0 0 0 0;
  INPUT ---        1 captive age.t17.901 sex 198 0.202453987730061 0 0 0 0 0 
  INPUT ---       0 0 0 0 0 0;
  INPUT ---        0 0 0 0 0 0 1 0.0440135195492338 0 0 0 0 0 0 0 0 0;
  INPUT ---        0 0 0 0 0 0 1 0.0138205395794682 0 0 0 0 0 0 0 0 0;
  INPUT ---        0 0 0 0 0 0 1 0.0150462962962963 0 0 0 0 0 0 0 0 0;
  INPUT ---        0 0 0 0 0 0 1 0.0435062197227376 0 0 0 0 0 0 0 0 0;
  INPUT ---        0 0 0 0 0 0 1 0.0413898241676019 0 0 0 0 0 0 0 0 0;
  INPUT ---        0 0 0 0 0 0 1 0.0334785353535354 0 0 0 0 0 0 0 0 0;
  INPUT ---        0 0 0 0 0 0 1 0.0145442884245275 0 0 0 0 0 0 0 0 0;
  INPUT ---        0 0 0 0 0 0 1 0.0193204258107552 0 0 0 0 0 0 0 0 0;
  INPUT ---        0 0 0 0 0 0 1 0.00382154882154882 0 0 0 0 0 0 0 0 0;
  INPUT ---        0 0 0 0 0 0 1 0.0399423854156923 0 0 0 0 0 0 0 0 0;
  INPUT ---        0 0 0 0 0 0 1 0.010060938021866 0 0 0 0 0 0 0 0 0;
  INPUT ---        0 0 0 0 0 0 1 0.0120376449425667 0 0 0 0 0 0 0 0 0;
  INPUT ---        0 0 0 0 0 0 1 0.0327860086977532 0 0 0 0 0 0 0 0 0;
  INPUT ---        0 0 0 0 0 0 1 0.0190954813692234 0 0 0 0 0 0 0 0 0;
  INPUT ---        0 0 0 0 0 0 1 0.0261489672463083 0 0 0 0 0 0 0 0 0;
  INPUT ---        0 0 0 0 0 0 1 0.0512150912647815 0 0 0 0 0 0 0 0 0;
  INPUT ---        0 0 0 0 0 0 1 0.0473122112945163 0 0 0 0 0 0 0 0 0;
  INPUT ---        0 0 0 0 0 0 1 0.0226518050401979 0 0 0 0 0 0 0 0 0;
  INPUT ---        0 0 0 0 0 0 1 0.0665651993646785 0 0 0 0 0 0 0 0 0;
  INPUT ---        0 0 0 0 0 0 1 0.04010330058655 0 0 0 0 0 0 0 0 0;
  INPUT ---        0 0 0 0 0 0 1 0.0206820945059979 0 0 0 0 0 0 0 0 0;
  INPUT ---        0 0 0 0 0 0 1 0.054918230087819 0 0 0 0 0 0 0 0 0;

  Program  MARK  - Survival Rate Estimation with Capture-Recapture Data
   gfortran(Win64) Vers. 8.1 Mar 2016    5-Aug-2016 15:49:47    Page  007
 - - - - - - - - - - - - - - - - - - - - - - - - - - - - - - - - - - - - - -
 
  INPUT ---        0 0 0 0 0 0 1 0.0879277557364401 0 0 0 0 0 0 0 0 0;
  INPUT ---        0 0 0 0 0 0 1 0.0733113017934447 0 0 0 0 0 0 0 0 0;
  INPUT ---        0 0 0 0 0 0 1 0.0785302039517285 0 0 0 0 0 0 0 0 0;
  INPUT ---        0 0 0 0 0 0 1 0.0474808900748976 0 0 0 0 0 0 0 0 0;
  INPUT ---        0 0 0 0 0 0 1 0.0746150243527953 0 0 0 0 0 0 0 0 0;
  INPUT ---        0 0 0 0 0 0 1 0.0653219100102685 0 0 0 0 0 0 0 0 0;
  INPUT ---        0 0 0 0 0 0 1 0.0656604289706052 0 0 0 0 0 0 0 0 0;
  INPUT ---        0 0 0 0 0 0 1 0.109501305572734 0 0 0 0 0 0 0 0 0;
  INPUT ---        0 0 0 0 0 0 0 0 1 0 0 0 0 0 0 0 0;
  INPUT ---        0 0 0 0 0 0 0 0 1 1 0 0 0 0 0 0 0;
  INPUT ---        0 0 0 0 0 0 0 0 1 0 1 0 0 0 0 0 0;
  INPUT ---        0 0 0 0 0 0 0 0 1 0 0 1 0 0 0 0 0;
  INPUT ---        0 0 0 0 0 0 0 0 1 0 0 0 1 0 0 0 0;
  INPUT ---        0 0 0 0 0 0 0 0 1 0 0 0 0 1 0 0 0;
  INPUT ---        0 0 0 0 0 0 0 0 0 0 0 0 0 0 1 0 0;
  INPUT ---        0 0 0 0 0 0 0 0 0 0 0 0 0 0 0 1 0;
  INPUT ---        0 0 0 0 0 0 0 0 0 0 0 0 0 0 0 0 1;
  INPUT ---        0 0 0 0 0 0 0 0 0 0 0 0 0 0 0 0 0;
  INPUT ---        0 0 0 0 0 0 0 0 0 0 0 0 0 0 0 0 0;

  INPUT ---    links=71;

  INPUT ---    Log;

  INPUT ---    Log;

  INPUT ---    Log;

  INPUT ---    Log;

  INPUT ---    Log;

  INPUT ---    Log;

  INPUT ---    Log;

  INPUT ---    Log;

  INPUT ---    Log;

  INPUT ---    Log;

  INPUT ---    Log;

  INPUT ---    Log;


  Program  MARK  - Survival Rate Estimation with Capture-Recapture Data
   gfortran(Win64) Vers. 8.1 Mar 2016    5-Aug-2016 15:49:47    Page  008
 - - - - - - - - - - - - - - - - - - - - - - - - - - - - - - - - - - - - - -
 
  INPUT ---    Log;

  INPUT ---    Log;

  INPUT ---    Log;

  INPUT ---    Log;

  INPUT ---    Log;

  INPUT ---    Log;

  INPUT ---    Log;

  INPUT ---    Log;

  INPUT ---    Log;

  INPUT ---    Log;

  INPUT ---    Log;

  INPUT ---    Log;

  INPUT ---    Log;

  INPUT ---    Log;

  INPUT ---    Log;

  INPUT ---    Log;

  INPUT ---    Log;

  INPUT ---    Log;

  INPUT ---    Log;

  INPUT ---    Log;

  INPUT ---    Log;

  INPUT ---    Log;

  INPUT ---    Log;


  Program  MARK  - Survival Rate Estimation with Capture-Recapture Data
   gfortran(Win64) Vers. 8.1 Mar 2016    5-Aug-2016 15:49:47    Page  009
 - - - - - - - - - - - - - - - - - - - - - - - - - - - - - - - - - - - - - -
 
  INPUT ---    Log;

  INPUT ---    Log;

  INPUT ---    Log;

  INPUT ---    Log;

  INPUT ---    Log;

  INPUT ---    Log;

  INPUT ---    Log;

  INPUT ---    Log;

  INPUT ---    Log;

  INPUT ---    Log;

  INPUT ---    Log;

  INPUT ---    Log;

  INPUT ---    Log;

  INPUT ---    Log;

  INPUT ---    Log;

  INPUT ---    Log;

  INPUT ---    Log;

  INPUT ---    Log;

  INPUT ---    Log;

  INPUT ---    Log;

  INPUT ---    Log;

  INPUT ---    Log;

  INPUT ---    Log;


  Program  MARK  - Survival Rate Estimation with Capture-Recapture Data
   gfortran(Win64) Vers. 8.1 Mar 2016    5-Aug-2016 15:49:47    Page  010
 - - - - - - - - - - - - - - - - - - - - - - - - - - - - - - - - - - - - - -
 
  INPUT ---    Log;

  INPUT ---    Log;

  INPUT ---    Log;

  INPUT ---    Log;

  INPUT ---    Log;

  INPUT ---    Log;

  INPUT ---    Log;

  INPUT ---    Log;

  INPUT ---    Logit;

  INPUT ---    Logit;

  INPUT ---    Logit;

  INPUT ---    Logit;

  INPUT ---    Logit;
  INPUT ---       blabel(1)=alpha:(Intercept);
  INPUT ---       blabel(2)=alpha:captive;
  INPUT ---       blabel(3)=alpha:age.t;
  INPUT ---       blabel(4)=alpha:sex;
  INPUT ---       blabel(5)=alpha:effort.trapdays;
  INPUT ---       blabel(6)=alpha:recordloss.agout.total;
  INPUT ---       blabel(7)=sigma:(Intercept);
  INPUT ---       blabel(8)=sigma:recordloss.agout.var;
  INPUT ---       blabel(9)=U:(Intercept);
  INPUT ---       blabel(10)=U:sample_monthB;
  INPUT ---       blabel(11)=U:sample_monthC;
  INPUT ---       blabel(12)=U:sample_monthD;
  INPUT ---       blabel(13)=U:sample_monthE;
  INPUT ---       blabel(14)=U:sample_monthF;
  INPUT ---       blabel(15)=Phi:(Intercept);
  INPUT ---       blabel(16)=GammaDoublePrime:(Intercept);
  INPUT ---       blabel(17)=GammaPrime:(Intercept);
  INPUT ---       rlabel(1)=alpha g1 a0 t1;
  INPUT ---       rlabel(2)=alpha g1 a0.2 t1.2;
  INPUT ---       rlabel(3)=alpha g1 a0.4 t1.4;
  INPUT ---       rlabel(4)=alpha g1 a0.6 t1.6;

  Program  MARK  - Survival Rate Estimation with Capture-Recapture Data
   gfortran(Win64) Vers. 8.1 Mar 2016    5-Aug-2016 15:49:47    Page  011
 - - - - - - - - - - - - - - - - - - - - - - - - - - - - - - - - - - - - - -
 
  INPUT ---       rlabel(5)=alpha g1 a0.8 t1.8;
  INPUT ---       rlabel(6)=alpha g1 a2.8 t3.8;
  INPUT ---       rlabel(7)=alpha g1 a3 t4;
  INPUT ---       rlabel(8)=alpha g1 a3.2 t4.2;
  INPUT ---       rlabel(9)=alpha g1 a3.4 t4.4;
  INPUT ---       rlabel(10)=alpha g1 a3.6 t4.6;
  INPUT ---       rlabel(11)=alpha g1 a6.1 t7.1;
  INPUT ---       rlabel(12)=alpha g1 a6.3 t7.3;
  INPUT ---       rlabel(13)=alpha g1 a6.5 t7.5;
  INPUT ---       rlabel(14)=alpha g1 a6.7 t7.7;
  INPUT ---       rlabel(15)=alpha g1 a6.9 t7.9;
  INPUT ---       rlabel(16)=alpha g1 a9.567 t10.567;
  INPUT ---       rlabel(17)=alpha g1 a9.767 t10.767;
  INPUT ---       rlabel(18)=alpha g1 a9.967 t10.967;
  INPUT ---       rlabel(19)=alpha g1 a10.167 t11.167;
  INPUT ---       rlabel(20)=alpha g1 a10.367 t11.367;
  INPUT ---       rlabel(21)=alpha g1 a12.134 t13.134;
  INPUT ---       rlabel(22)=alpha g1 a12.334 t13.334;
  INPUT ---       rlabel(23)=alpha g1 a12.534 t13.534;
  INPUT ---       rlabel(24)=alpha g1 a12.734 t13.734;
  INPUT ---       rlabel(25)=alpha g1 a12.934 t13.934;
  INPUT ---       rlabel(26)=alpha g1 a16.101 t17.101;
  INPUT ---       rlabel(27)=alpha g1 a16.301 t17.301;
  INPUT ---       rlabel(28)=alpha g1 a16.501 t17.501;
  INPUT ---       rlabel(29)=alpha g1 a16.701 t17.701;
  INPUT ---       rlabel(30)=alpha g1 a16.901 t17.901;
  INPUT ---       rlabel(31)=sigma g1 a0 t1;
  INPUT ---       rlabel(32)=sigma g1 a0.2 t1.2;
  INPUT ---       rlabel(33)=sigma g1 a0.4 t1.4;
  INPUT ---       rlabel(34)=sigma g1 a0.6 t1.6;
  INPUT ---       rlabel(35)=sigma g1 a0.8 t1.8;
  INPUT ---       rlabel(36)=sigma g1 a2.8 t3.8;
  INPUT ---       rlabel(37)=sigma g1 a3 t4;
  INPUT ---       rlabel(38)=sigma g1 a3.2 t4.2;
  INPUT ---       rlabel(39)=sigma g1 a3.4 t4.4;
  INPUT ---       rlabel(40)=sigma g1 a3.6 t4.6;
  INPUT ---       rlabel(41)=sigma g1 a6.1 t7.1;
  INPUT ---       rlabel(42)=sigma g1 a6.3 t7.3;
  INPUT ---       rlabel(43)=sigma g1 a6.5 t7.5;
  INPUT ---       rlabel(44)=sigma g1 a6.7 t7.7;
  INPUT ---       rlabel(45)=sigma g1 a6.9 t7.9;
  INPUT ---       rlabel(46)=sigma g1 a9.567 t10.567;
  INPUT ---       rlabel(47)=sigma g1 a9.767 t10.767;
  INPUT ---       rlabel(48)=sigma g1 a9.967 t10.967;
  INPUT ---       rlabel(49)=sigma g1 a10.167 t11.167;
  INPUT ---       rlabel(50)=sigma g1 a10.367 t11.367;

  Program  MARK  - Survival Rate Estimation with Capture-Recapture Data
   gfortran(Win64) Vers. 8.1 Mar 2016    5-Aug-2016 15:49:47    Page  012
 - - - - - - - - - - - - - - - - - - - - - - - - - - - - - - - - - - - - - -
 
  INPUT ---       rlabel(51)=sigma g1 a12.134 t13.134;
  INPUT ---       rlabel(52)=sigma g1 a12.334 t13.334;
  INPUT ---       rlabel(53)=sigma g1 a12.534 t13.534;
  INPUT ---       rlabel(54)=sigma g1 a12.734 t13.734;
  INPUT ---       rlabel(55)=sigma g1 a12.934 t13.934;
  INPUT ---       rlabel(56)=sigma g1 a16.101 t17.101;
  INPUT ---       rlabel(57)=sigma g1 a16.301 t17.301;
  INPUT ---       rlabel(58)=sigma g1 a16.501 t17.501;
  INPUT ---       rlabel(59)=sigma g1 a16.701 t17.701;
  INPUT ---       rlabel(60)=sigma g1 a16.901 t17.901;
  INPUT ---       rlabel(61)=U g1 a0 t1;
  INPUT ---       rlabel(62)=U g1 a2.8 t3.8;
  INPUT ---       rlabel(63)=U g1 a6.1 t7.1;
  INPUT ---       rlabel(64)=U g1 a9.567 t10.567;
  INPUT ---       rlabel(65)=U g1 a12.134 t13.134;
  INPUT ---       rlabel(66)=U g1 a16.101 t17.101;
  INPUT ---       rlabel(67)=Phi g1 c1 a0.8 t1.8;
  INPUT ---       rlabel(68)=Gamma'' g1 c1 a0.8 t1.8;
  INPUT ---       rlabel(69)=Gamma' g1 c1 a0.8 t1.8;
  INPUT ---       rlabel(70)=Phi g1 c1 a0 t1;
  INPUT ---       rlabel(71)=Gamma'' g1 c1 a0 t1;

 Link Function Used is PARM-SPECIFIC

 Variance Estimation Procedure Used is 2ndPart 

 M(t+1):
 Group=Group 1                                                                         
       3      3      3      2      3      5      5      5      2      5      5
       4      4      4      4     10      7      7      7      5      5      5
       5      3      4      5      5      5      4      5


 -2logL(saturated) = -0.0000000    
 Effective Sample Size = 169
 Results from first iteration:
  -2logL Initial { alpha(~1 + captive + age.t + sex + effort.trapdays + recordloss.agout.total)sigma(~1 + recordloss.agout.var)U(~sample_month)Phi(~1)Gamma''(~1)Gamma'(~1) } = 1138.4459     
  Penalty Initial { alpha(~1 + captive + age.t + sex + effort.trapdays + recordloss.agout.total)sigma(~1 + recordloss.agout.var)U(~sample_month)Phi(~1)Gamma''(~1)Gamma'(~1) } = -0.0000000    

 Number of function evaluations was 39 for 17 parameters.
 Time for numerical optimization was 5.11 seconds.
 -2logL { alpha(~1 + captive + age.t + sex + effort.trapdays + recordloss.agout.total)sigma(~1 + recordloss.agout.var)U(~sample_month)Phi(~1)Gamma''(~1)Gamma'(~1) } = 1050.0493     
 Penalty { alpha(~1 + captive + age.t + sex + effort.trapdays + recordloss.agout.total)sigma(~1 + recordloss.agout.var)U(~sample_month)Phi(~1)Gamma''(~1)Gamma'(~1) } = -0.0000000    

   * *  WARNING  * *   Numerical underflow occurred during optimization of this model. 

  Program  MARK  - Survival Rate Estimation with Capture-Recapture Data
   gfortran(Win64) Vers. 8.1 Mar 2016    5-Aug-2016 15:49:51    Page  013
 - - - - - - - - - - - - - - - - - - - - - - - - - - - - - - - - - - - - - -
 
     IEEE flag status at end of optimization:
     overflow       F
     divide by zero F
     invalid        F
     underflow      T
     inexact        T

 Gradient { alpha(~1 + captive + age.t + sex + effort.trapdays + recordloss.agout.total)sigma(~1 + recordloss.agout.var)U(~sample_month)Phi(~1)Gamma''(~1)Gamma'(~1) }:
  0.2809883E-03 0.1637154E-03 0.7863207E-03 0.5397229E-03 0.5023582E-03
  0.4518445E-03 0.9717849E-03 0.1252178E-03-0.1288293E-04-0.1672564E-04
 -0.1529347E-04 0.3566607E-04-0.3322421E-04-0.1346384E-04 0.2268702E-04
   0.000000      0.000000    
 S Vector { alpha(~1 + captive + age.t + sex + effort.trapdays + recordloss.agout.total)sigma(~1 + recordloss.agout.var)U(~sample_month)Phi(~1)Gamma''(~1)Gamma'(~1) }:
   6629.220      392.5990      305.3924      269.8811      241.0112    
   220.9486      126.5918      55.76622      34.34530      27.46475    
   9.840706      6.137058      4.406745      2.525000     0.9500847    
  0.7705769E-01 0.5404024E-08
 Time to compute number of parameters was 3.34 seconds.
   Threshold =  0.3600000E-06     Condition index =  0.8151824E-12     New Threshold =  0.2228136E-07
 New Guessimate of Estimated Parameters { alpha(~1 + captive + age.t + sex + effort.trapdays + recordloss.agout.total)sigma(~1 + recordloss.agout.var)U(~sample_month)Phi(~1)Gamma''(~1)Gamma'(~1) } = 16          
 Conditioned S Vector { alpha(~1 + captive + age.t + sex + effort.trapdays + recordloss.agout.total)sigma(~1 + recordloss.agout.var)U(~sample_month)Phi(~1)Gamma''(~1)Gamma'(~1) }:
   1.000000     0.5922250E-01 0.4606763E-01 0.4071084E-01 0.3635589E-01
  0.3332950E-01 0.1909603E-01 0.8412184E-02 0.5180896E-02 0.4142984E-02
  0.1484444E-02 0.9257586E-03 0.6647456E-03 0.3808895E-03 0.1433177E-03
  0.1162394E-04 0.8151824E-12
 Number of Estimated Parameters { alpha(~1 + captive + age.t + sex + effort.trapdays + recordloss.agout.total)sigma(~1 + recordloss.agout.var)U(~sample_month)Phi(~1)Gamma''(~1)Gamma'(~1) } = 16          
 DEVIANCE { alpha(~1 + captive + age.t + sex + effort.trapdays + recordloss.agout.total)sigma(~1 + recordloss.agout.var)U(~sample_month)Phi(~1)Gamma''(~1)Gamma'(~1) } = 1050.0493                     
 DEVIANCE Degrees of Freedom { alpha(~1 + captive + age.t + sex + effort.trapdays + recordloss.agout.total)sigma(~1 + recordloss.agout.var)U(~sample_month)Phi(~1)Gamma''(~1)Gamma'(~1) } = -2            
 c-hat { alpha(~1 + captive + age.t + sex + effort.trapdays + recordloss.agout.total)sigma(~1 + recordloss.agout.var)U(~sample_month)Phi(~1)Gamma''(~1)Gamma'(~1) } = 1.0000000                     
 AIC { alpha(~1 + captive + age.t + sex + effort.trapdays + recordloss.agout.total)sigma(~1 + recordloss.agout.var)U(~sample_month)Phi(~1)Gamma''(~1)Gamma'(~1) } = 1082.0493                  
 AICc { alpha(~1 + captive + age.t + sex + effort.trapdays + recordloss.agout.total)sigma(~1 + recordloss.agout.var)U(~sample_month)Phi(~1)Gamma''(~1)Gamma'(~1) } = 1085.6283                    
 BIC { alpha(~1 + captive + age.t + sex + effort.trapdays + recordloss.agout.total)sigma(~1 + recordloss.agout.var)U(~sample_month)Phi(~1)Gamma''(~1)Gamma'(~1) } = 1132.1277                    
 Pearson Chisquare { alpha(~1 + captive + age.t + sex + effort.trapdays + recordloss.agout.total)sigma(~1 + recordloss.agout.var)U(~sample_month)Phi(~1)Gamma''(~1)Gamma'(~1) } = 0.2003305E+033             

   * *  WARNING  * *   Numerical underflow occurred during variance-covariance calculation of this model. 
     IEEE flag status at end of variance-covariance calculation:
     overflow       F
     divide by zero F
     invalid        F
     underflow      T
     inexact        T



 PARM-SPECIFIC Link Function Parameters of { alpha(~1 + captive + age.t + sex + effort.trapdays + recordloss.agout.total)sigma(~1 + recordloss.agout.var)U(~sample_month)Phi(~1)Gamma''(~1)Gamma'(~1) }
                                                              95% Confidence Interval
 Parameter                    Beta         Standard Error      Lower           Upper
 -------------------------  --------------  --------------  --------------  --------------
    1:alpha:(Intercept)     0.2947082       0.4147871       -0.5182745      1.1076909     
    2:alpha:captive         0.2499518       0.1107754       0.0328321       0.4670716     
    3:alpha:age.t           0.1855622       0.1609620       -0.1299233      0.5010478     
    4:alpha:sex             0.5166028       0.2067561       0.1113608       0.9218449     
    5:alpha:effort.trapday  0.0036360       0.0018420       0.2561416E-004  0.0072464     
    6:alpha:recordloss.ago  -3.1263401      0.5837655       -4.2705206      -1.9821597    
    7:sigma:(Intercept)     -1.0121878      0.2226294       -1.4485413      -0.5758342    
    8:sigma:recordloss.ago  5.3553896       3.5909790       -1.6829294      12.393709     
    9:U:(Intercept)         2.5298438       0.1391710       2.2570686       2.8026191     
   10:U:sample_monthB       0.3594320       0.1295623       0.1054899       0.6133741     
   11:U:sample_monthC       0.4867367       0.1494872       0.1937418       0.7797316     
   12:U:sample_monthD       0.9125207       0.1476479       0.6231307       1.2019106     
   13:U:sample_monthE       0.3687227       0.1707562       0.0340406       0.7034048     
   14:U:sample_monthF       0.6887733       0.1750713       0.3456334       1.0319131     
   15:Phi:(Intercept)       2.0066575       0.4036639       1.2154762       2.7978387     
   16:GammaDoublePrime:(In  -2.9443578      1.0259326       -4.9551858      -0.9335298    

  Program  MARK  - Survival Rate Estimation with Capture-Recapture Data
   gfortran(Win64) Vers. 8.1 Mar 2016    5-Aug-2016 15:49:53    Page  014
 - - - - - - - - - - - - - - - - - - - - - - - - - - - - - - - - - - - - - -
 
   17:GammaPrime:(Intercep  17.724958       0.0000000       17.724958       17.724958     


 Real Function Parameters of { alpha(~1 + captive + age.t + sex + effort.trapdays + recordloss.agout.total)sigma(~1 + recordloss.agout.var)U(~sample_month)Phi(~1)Gamma''(~1)Gamma'(~1) }

      Following estimates based on unstandardized individual covariate values:
          Variable   Value         
          ---------  ------------- 
          CAPTIVE    0.2142857     
          AGE.T1     1.0000000     
          AGE.T1.2   1.0000000     
          AGE.T1.4   1.0000000     
          AGE.T1.6   1.0000000     
          AGE.T1.8   1.0000000     
          AGE.T3.8   1.0000000     
          AGE.T4     1.0000000     
          AGE.T4.2   1.0000000     
          AGE.T4.4   1.0000000     
          AGE.T4.6   1.0000000     
          AGE.T7.1   0.8333333     
          AGE.T7.3   0.8333333     
          AGE.T7.5   0.8333333     
          AGE.T7.7   0.8333333     
          AGE.T7.9   0.8333333     
          AGE.T10.56 0.6666667     
          AGE.T10.76 0.6666667     
          AGE.T10.96 0.6666667     
          AGE.T11.16 0.6666667     
          AGE.T11.36 0.6666667     
          AGE.T13.13 1.0000000     
          AGE.T13.33 1.0000000     
          AGE.T13.53 1.0000000     
          AGE.T13.73 1.0000000     
          AGE.T13.93 1.0000000     
          AGE.T17.10 0.9230769     
          AGE.T17.30 0.9230769     
          AGE.T17.50 0.9230769     
          AGE.T17.70 0.9230769     
          AGE.T17.90 0.9230769     
          SEX        0.8461538     
                                                               95% Confidence Interval
  Parameter                  Estimate       Standard Error      Lower           Upper
 --------------------------  --------------  --------------  --------------  --------------
     1:alpha g1 a0 t1        2.0925184       0.3006794       1.5811756       2.7692266                           
     2:alpha g1 a0.2 t1.2    2.5115642       0.3351159       1.9358326       3.2585230                           
     3:alpha g1 a0.4 t1.4    3.1122745       0.3371754       2.5184203       3.8461620                           

  Program  MARK  - Survival Rate Estimation with Capture-Recapture Data
   gfortran(Win64) Vers. 8.1 Mar 2016    5-Aug-2016 15:49:53    Page  015
 - - - - - - - - - - - - - - - - - - - - - - - - - - - - - - - - - - - - - -
 
     4:alpha g1 a0.6 t1.6    2.4259430       0.2549134       1.9755216       2.9790611                           
     5:alpha g1 a0.8 t1.8    2.3632176       0.2650254       1.8981967       2.9421594                           
     6:alpha g1 a2.8 t3.8    3.4442386       0.3431233       2.8346680       4.1848920                           
     7:alpha g1 a3 t4        3.2748448       0.3171371       2.7098849       3.9575883                           
     8:alpha g1 a3.2 t4.2    2.4521128       0.2411283       2.0231932       2.9719638                           
     9:alpha g1 a3.4 t4.4    3.2447501       0.3559105       2.6187369       4.0204128                           
    10:alpha g1 a3.6 t4.6    3.1566193       0.3009793       2.6196508       3.8036542                           
    11:alpha g1 a6.1 t7.1    3.3046375       0.2917823       2.7804279       3.9276792                           
    12:alpha g1 a6.3 t7.3    3.0907061       0.2371079       2.6598133       3.5914041                           
    13:alpha g1 a6.5 t7.5    2.5251100       0.2092008       2.1472324       2.9694878                           
    14:alpha g1 a6.7 t7.7    3.6723740       0.3376713       3.0679126       4.3959307                           
    15:alpha g1 a6.9 t7.9    3.1840933       0.2547558       2.7226352       3.7237638                           
    16:alpha g1 a9.567 t10.  2.6890790       0.2173945       2.2956213       3.1499733                           
    17:alpha g1 a9.767 t10.  2.8574003       0.2359740       2.4310508       3.3585216                           
    18:alpha g1 a9.967 t10.  2.6774244       0.2165147       2.2855681       3.1364638                           
    19:alpha g1 a10.167 t11  2.2436475       0.2002826       1.8841703       2.6717088                           
    20:alpha g1 a10.367 t11  2.1303952       0.2020651       1.7697181       2.5645800                           
    21:alpha g1 a12.134 t13  3.5811662       0.3688681       2.9280496       4.3799638                           
    22:alpha g1 a12.334 t13  2.7546944       0.2442617       2.3160227       3.2764538                           
    23:alpha g1 a12.534 t13  2.5248174       0.2645763       2.0571887       3.0987448                           
    24:alpha g1 a12.734 t13  2.2404296       0.2516975       1.7988806       2.7903601                           
    25:alpha g1 a12.934 t13  2.0071035       0.2402362       1.5887193       2.5356679                           
    26:alpha g1 a16.101 t17  3.4065141       0.3335788       2.8129017       4.1253978                           
    27:alpha g1 a16.301 t17  2.2768323       0.2307931       1.8675278       2.7758437                           
    28:alpha g1 a16.501 t17  2.8742090       0.2839011       2.3694255       3.4865319                           
    29:alpha g1 a16.701 t17  2.1373169       0.2406854       1.7151982       2.6633210                           
    30:alpha g1 a16.901 t17  2.8396221       0.2804790       2.3409222       3.4445630                           
    31:sigma g1 a0 t1        0.4600233       0.0636687       0.3511777       0.6026049                           
    32:sigma g1 a0.2 t1.2    0.3913420       0.0728301       0.2725766       0.5618552                           
    33:sigma g1 a0.4 t1.4    0.3939194       0.0721509       0.2759188       0.5623845                           
    34:sigma g1 a0.6 t1.6    0.4587752       0.0636051       0.3500641       0.6012461                           
    35:sigma g1 a0.8 t1.8    0.4536047       0.0634525       0.3452880       0.5959004                           
    36:sigma g1 a2.8 t3.8    0.4347878       0.0643220       0.3258594       0.5801288                           
    37:sigma g1 a3 t4        0.3928618       0.0724278       0.2745486       0.5621604                           
    38:sigma g1 a3.2 t4.2    0.4030400       0.0698825       0.2876395       0.5647392                           
    39:sigma g1 a3.4 t4.4    0.3709374       0.0786378       0.2459373       0.5594702                           
    40:sigma g1 a3.6 t4.6    0.4501021       0.0634489       0.3419075       0.5925344                           
    41:sigma g1 a6.1 t7.1    0.3835415       0.0749703       0.2624118       0.5605847                           
    42:sigma g1 a6.3 t7.3    0.3876232       0.0738355       0.2677381       0.5611893                           
    43:sigma g1 a6.5 t7.5    0.4331783       0.0644921       0.3240636       0.5790326                           
    44:sigma g1 a6.7 t7.7    0.4025548       0.0699974       0.2870211       0.5645939                           
    45:sigma g1 a6.9 t7.9    0.4180518       0.0667235       0.3063546       0.5704740                           
    46:sigma g1 a9.567 t10.  0.4781117       0.0657922       0.3655473       0.6253384                           
    47:sigma g1 a9.767 t10.  0.4682221       0.0643511       0.3581047       0.6122008                           
    48:sigma g1 a9.967 t10.  0.4102951       0.0682550       0.2967951       0.5671998                           
    49:sigma g1 a10.167 t11  0.5190759       0.0786060       0.3864178       0.6972757                           

  Program  MARK  - Survival Rate Estimation with Capture-Recapture Data
   gfortran(Win64) Vers. 8.1 Mar 2016    5-Aug-2016 15:49:53    Page  016
 - - - - - - - - - - - - - - - - - - - - - - - - - - - - - - - - - - - - - -
 
    50:sigma g1 a10.367 t11  0.4504902       0.0634454       0.3422876       0.5928973                           
    51:sigma g1 a12.134 t13  0.4059899       0.0692000       0.2913834       0.5656732                           
    52:sigma g1 a12.334 t13  0.4876881       0.0678290       0.3718083       0.6396835                           
    53:sigma g1 a12.534 t13  0.5819910       0.1143540       0.3974147       0.8522922                           
    54:sigma g1 a12.734 t13  0.5381719       0.0877912       0.3917184       0.7393808                           
    55:sigma g1 a12.934 t13  0.5534256       0.0962736       0.3945338       0.7763084                           
    56:sigma g1 a16.101 t17  0.4686453       0.0643989       0.3584436       0.6127279                           
    57:sigma g1 a16.301 t17  0.5419426       0.0898010       0.3925174       0.7482515                           
    58:sigma g1 a16.501 t17  0.5156312       0.0771426       0.3852072       0.6902144                           
    59:sigma g1 a16.701 t17  0.5165668       0.0775338       0.3855445       0.6921154                           
    60:sigma g1 a16.901 t17  0.6532694       0.1683126       0.3974600       1.0737205                           
    61:U g1 a0 t1            12.551546       1.7468115       9.5675366       16.466235                           
    62:U g1 a2.8 t3.8        17.980285       1.9709374       14.513345       22.275405                           
    63:U g1 a6.1 t7.1        20.421342       1.6943075       17.361291       24.020749                           
    64:U g1 a9.567 t10.567   31.260787       2.3508700       26.982178       36.217862                           
    65:U g1 a12.134 t13.134  18.148112       1.6901421       15.126146       21.773819                           
    66:U g1 a16.101 t17.101  24.993533       2.3958672       20.721297       30.146602                           
    67:Phi g1 c1 a0.8 t1.8   0.8814943       0.0421676       0.7712665       0.9425589                           
    68:Gamma'' g1 c1 a0.8 t  0.0500039       0.0487354       0.0069975       0.2822091                           
    69:Gamma' g1 c1 a0.8 t1  1.0000000       0.0000000       1.0000000       1.0000000                           
    70:Phi g1 c1 a0 t1       1.0000000       0.0000000       1.0000000       1.0000000       Fixed               
    71:Gamma'' g1 c1 a0 t1   0.0000000       0.0000000       0.0000000       0.0000000       Fixed               

  Program  MARK  - Survival Rate Estimation with Capture-Recapture Data
   gfortran(Win64) Vers. 8.1 Mar 2016    5-Aug-2016 15:49:53    Page  017
 - - - - - - - - - - - - - - - - - - - - - - - - - - - - - - - - - - - - - -
 


                      Estimates of Derived Parameters
 Population Estimates of { alpha(~1 + captive + age.t + sex + effort.trapdays + recordloss.agout.total)sigma(~1 + recordloss.agout.var)U(~sample_month)Phi(~1)Gamma''(~1)Gamma'(~1) }
                                                95% Confidence Interval
 Grp. Occ.   N-hat           Standard Error      Lower           Upper
 ---- ----   --------------  --------------  --------------  --------------
   1     1   15.551546       1.7468124       12.487082       19.368063     
   1     2   15.551546       1.7468124       12.487082       19.368063     
   1     3   15.551546       1.7468124       12.487082       19.368063     
   1     4   14.709545       1.7785756       11.615802       18.627272     
   1     5   15.551546       1.7468124       12.487082       19.368063     
   1     6   22.980285       1.9709381       19.430466       27.178631     
   1     7   22.980285       1.9709381       19.430466       27.178631     
   1     8   22.980285       1.9709381       19.430466       27.178631     
   1     9   20.092630       1.9967277       16.544508       24.401679     
   1    10   22.980285       1.9709381       19.430466       27.178631     
   1    11   25.656824       1.7282168       22.486956       29.273531     
   1    12   24.642986       1.7277701       21.482553       28.268369     
   1    13   24.801662       1.7407922       21.617651       28.454639     
   1    14   24.587229       1.7241174       21.433510       28.204984     
   1    15   24.667814       1.7308956       21.501840       28.299953     
   1    16   39.102664       2.4647919       34.562411       44.239344     
   1    17   38.906310       2.4310592       34.425763       43.970004     
   1    18   39.052588       2.4639795       34.514100       44.187872     
   1    19   39.459448       2.4889256       34.874928       44.646631     
   1    20   37.247281       2.4838041       32.688486       42.441853     
   1    21   22.356575       1.7247839       19.223491       26.000296     
   1    22   23.674294       1.7552349       20.476393       27.371628     
   1    23   23.766974       1.7733486       20.537582       27.504165     
   1    24   21.573818       1.7451351       18.415484       25.273819     
   1    25   22.967906       1.7887610       19.720960       26.749444     
   1    26   30.288547       2.4443903       25.863884       35.470160     
   1    27   30.750018       2.4917153       26.241153       36.033614     
   1    28   30.458094       2.4668748       25.994007       35.688821     
   1    29   29.709163       2.4920866       25.212336       35.008035     
   1    30   30.564431       2.4728870       26.089088       35.807478     
 Mean Resighting Rate Estimates of { alpha(~1 + captive + age.t + sex + effort.trapdays + recordloss.agout.total)sigma(~1 + recordloss.agout.var)U(~sample_month)Phi(~1)Gamma''(~1)Gamma'(~1) }
                                                95% Confidence Interval
 Grp. Occ.   Lambda-hat      Standard Error      Lower           Upper
 ---- ----   --------------  --------------  --------------  --------------
   1     1   2.3260674       0.3230156       1.7741067       3.0497544     
   1     2   2.7114405       0.3452451       2.1147104       3.4765562     
   1     3   3.3633586       0.3394052       2.7611636       4.0968891     
   1     4   2.6951602       0.2642423       2.2249897       3.2646842     
   1     5   2.6192884       0.2765127       2.1309390       3.2195534     
   1     6   3.7856707       0.3512646       3.1573982       4.5389596     
   1     7   3.5375722       0.3146386       2.9726616       4.2098358     
   1     8   2.6595865       0.2430222       2.2243083       3.1800449     
   1     9   3.4758381       0.3545485       2.8474544       4.2428952     

  Program  MARK  - Survival Rate Estimation with Capture-Recapture Data
   gfortran(Win64) Vers. 8.1 Mar 2016    5-Aug-2016 15:49:53    Page  018
 - - - - - - - - - - - - - - - - - - - - - - - - - - - - - - - - - - - - - -
 
   1    10   3.4931280       0.3094262       2.9373775       4.1540262     
   1    11   3.9347417       0.2838752       3.4165214       4.5315659     
   1    12   3.5655384       0.2294857       3.1433704       4.0444053     
   1    13   3.2209690       0.2074091       2.8394256       3.6537818     
   1    14   4.6993772       0.3417745       4.0758194       5.4183327     
   1    15   4.4111836       0.2552675       3.9385634       4.9405174     
   1    16   3.5303194       0.2099950       3.1421398       3.9664545     
   1    17   4.1026269       0.2349992       3.6672800       4.5896544     
   1    18   3.6912550       0.2158700       3.2918201       4.1391579     
   1    19   3.1822792       0.2010804       2.8119366       3.6013973     
   1    20   2.8716076       0.2091639       2.4900360       3.3116511     
   1    21   5.3181326       0.3990314       4.5917691       6.1593982     
   1    22   3.4648482       0.2371623       3.0303171       3.9616888     
   1    23   3.3423020       0.2670276       2.8585597       3.9079060     
   1    24   3.1620372       0.2546017       2.7010905       3.7016453     
   1    25   4.0025398       0.2874794       3.4775729       4.6067545     
   1    26   4.1782290       0.3390645       3.5647497       4.8972857     
   1    27   2.6369845       0.2129433       2.2515482       3.0884025     
   1    28   3.8289385       0.2833287       3.3126620       4.4256764     
   1    29   3.0801125       0.2486702       2.6300009       3.6072585     
   1    30   4.0504355       0.3862856       3.3612882       4.8808750     
 Pr(Captured 1 or more times) of { alpha(~1 + captive + age.t + sex + effort.trapdays + recordloss.agout.total)sigma(~1 + recordloss.agout.var)U(~sample_month)Phi(~1)Gamma''(~1)Gamma'(~1) }
                                                95% Confidence Interval
 Grp. Occ.      p*-hat       Standard Error      Lower           Upper
 ---- ----   --------------  --------------  --------------  --------------
   1     1   0.2955345       0.0103666       0.2756289       0.3162500     
   1     2   0.3088954       0.0080272       0.2933876       0.3248461     
   1     3   0.3185702       0.0051158       0.3086284       0.3286800     
   1     4   0.4633923       0.0107977       0.4423072       0.4846090     
   1     5   0.3034495       0.0075429       0.2888719       0.3184334     
   1     6   0.1914495       0.0026767       0.1862579       0.1967508     
   1     7   0.1910421       0.0028519       0.1855148       0.1966943     
   1     8   0.1823798       0.0041507       0.1743850       0.1906565     
   1     9   0.4734075       0.0092608       0.4552994       0.4915859     
   1    10   0.1891544       0.0029732       0.1833956       0.1950509     
   1    11   0.1936989       0.0020985       0.1896189       0.1978453     
   1    12   0.2394596       0.0030803       0.2334744       0.2455490     
   1    13   0.2356072       0.0035627       0.2286961       0.2426614     
   1    14   0.2449072       0.0018492       0.2413008       0.2485499     
   1    15   0.2438801       0.0018543       0.2402640       0.2475329     
   1    16   0.1327800       0.0023325       0.1282746       0.1374187     
   1    17   0.1375131       0.0013969       0.1347980       0.1402740     
   1    18   0.1355574       0.0018336       0.1320035       0.1391915     
   1    19   0.1304144       0.0026195       0.1253654       0.1356351     
   1    20   0.1787137       0.0046743       0.1697350       0.1880597     
   1    21   0.2467424       0.0012355       0.2443288       0.2491719     
   1    22   0.1861669       0.0032737       0.1798355       0.1926689     
   1    23   0.1837326       0.0047509       0.1746031       0.1932277     
   1    24   0.3082793       0.0069991       0.2947327       0.3221641     
   1    25   0.2391224       0.0036200       0.2320995       0.2462896     

  Program  MARK  - Survival Rate Estimation with Capture-Recapture Data
   gfortran(Win64) Vers. 8.1 Mar 2016    5-Aug-2016 15:49:53    Page  019
 - - - - - - - - - - - - - - - - - - - - - - - - - - - - - - - - - - - - - -
 
   1    26   0.1920857       0.0024420       0.1873447       0.1969175     
   1    27   0.1737171       0.0057351       0.1627619       0.1852465     
   1    28   0.1894986       0.0030150       0.1836596       0.1954787     
   1    29   0.2280997       0.0055711       0.2173648       0.2392028     
   1    30   0.1868386       0.0046168       0.1779579       0.1960568     

 Attempted ordering of parameters by estimatibility:
   1  9 12 11 14 13  2  7 10  3  4  5 15  6 16  8 17
 Beta number 17 is a singular value.

     CPU Time in seconds for last procedure was 8.72


  INPUT --- proc stop;

   * *  WARNING  * *   Numerical underflow occurred during final processing of this model. 
     IEEE flag status at final processing of this model:
     overflow       F
     divide by zero F
     invalid        F
     underflow      T
     inexact        T


     CPU Time in minutes for this job was 0.15

     Time Start = 15:49:47.685   Time End = 15:49:53.893

     Wall Clock Time in minutes for this job was 0.10


          E X E C U T I O N   S U C C E S S F U L 
