
   Program  MARK  - Survival Rate Estimation with Capture-Recapture Data
   gfortran(Win64) Vers. 8.1 Mar 2016    5-Aug-2016 15:49:03    Page  001
 - - - - - - - - - - - - - - - - - - - - - - - - - - - - - - - - - - - - - -
 
   This version was compiled by GCC version 5.3.0 using the options: 
     -cpp -iprefix c:\tdm-gcc-64\gcc\bin\../lib/gcc/x86_64-w64-mingw32/5.3.0/ -D_MT
     -U_REENTRANT -D IEEE -m64 -mtune=generic -march=x86-64 -mthreads -O2
     -fimplicit-none -fbounds-check -funroll-loops -ftree-vectorize
     -ffpe-summary=invalid,zero,overflow,underflow -fno-unsafe-math-optimizations
     -frounding-math -fsignaling-nans -fopenmp.

   This problem will use 3 of 4 possible threads.


  INPUT --- proc title ;

     CPU Time in seconds for last procedure was 0.00


  INPUT --- proc chmatrix occasions= 30 groups= 1 etype= PoissonMR 
  INPUT --- icovar = 2 ICMeans NoHist  hist= 14 ;

  INPUT ---    time interval 0.2 0.2 0.2 0.2 2 0.2 0.2 0.2 0.2 2.5 0.2 0.2 
  INPUT ---    0.2 0.2 2.667 0.2 0.2 0.2  0.2 1.767 0.2 0.2 0.2 0.2 3.167 
  INPUT ---    0.2 0.2 0.2 0.2 ;

  INPUT ---     icovariates captive sex ;

  INPUT ---    glabel(1)=Group 1;

      Number of unique encounter histories read was 14.

      Number of individual covariates read was 2.
      Time interval lengths vary and/or not equal to 1.

      Data type number is 115
      Data type is Poisson Mark Resight with Robust Design                                                             

     CPU Time in seconds for last procedure was 0.00

  Program  MARK  - Survival Rate Estimation with Capture-Recapture Data
   gfortran(Win64) Vers. 8.1 Mar 2016    5-Aug-2016 15:49:03    Page  002
 - - - - - - - - - - - - - - - - - - - - - - - - - - - - - - - - - - - - - -
 


  INPUT --- proc estimate link=Parm-Specific NOLOOP varest=2ndPart    ;


  INPUT --- model={ alpha(~1 + captive + sex + effort.trapdays + 
  INPUT --- recordloss.agout.total)sigma(~1 + effort.var + 
  INPUT --- recordloss.agout.var)U(~sample_month)Phi(~1)Gamma''(~1)Gamma
  INPUT --- '(~1) };

  INPUT ---    fixed=2;
  INPUT ---        parm(70)=1 ;
  INPUT ---        parm(71)=0 ;

  INPUT ---    group=1 alpha    rows=1 cols=30 Square ;
  INPUT ---        1 2 3 4 5 6 7 8 9 10 11 12 13 14 15 16 17 18 19 20 21 22 
  INPUT ---       23 24 25 26 27 28 29 30 ;

  INPUT ---    group=1 sigma    rows=1 cols=30 Square ;
  INPUT ---        31 32 33 34 35 36 37 38 39 40 41 42 43 44 45 46 47 48 49 
  INPUT ---       50 51 52 53 54 55 56 57 58 59 60 ;

  INPUT ---    group=1 U    rows=1 cols=30 Square ;
  INPUT ---        61 61 61 61 61 62 62 62 62 62 63 63 63 63 63 64 64 64 64 
  INPUT ---       64 65 65 65 65 65 66 66 66 66 66 ;

  INPUT ---    group=1 Phi    rows=29 cols=29 Triang ;
  INPUT ---        70 70 70 70 67 70 70 70 70 67 70 70 70 70 67 70 70 70 70 
  INPUT ---       67 70 70 70 70 67 70 70 70 70 ;
  INPUT ---        70 70 70 70 70 70 70 70 70 70 70 70 70 70 70 70 70 70 70 
  INPUT ---       70 70 70 70 70 70 70 70 70 ;
  INPUT ---        70 70 70 70 70 70 70 70 70 70 70 70 70 70 70 70 70 70 70 
  INPUT ---       70 70 70 70 70 70 70 70 ;
  INPUT ---        70 70 70 70 70 70 70 70 70 70 70 70 70 70 70 70 70 70 70 
  INPUT ---       70 70 70 70 70 70 70 ;
  INPUT ---        70 70 70 70 70 70 70 70 70 70 70 70 70 70 70 70 70 70 70 
  INPUT ---       70 70 70 70 70 70 ;
  INPUT ---        70 70 70 70 67 70 70 70 70 67 70 70 70 70 67 70 70 70 70 
  INPUT ---       67 70 70 70 70 ;
  INPUT ---        70 70 70 70 70 70 70 70 70 70 70 70 70 70 70 70 70 70 70 
  INPUT ---       70 70 70 70 ;
  INPUT ---        70 70 70 70 70 70 70 70 70 70 70 70 70 70 70 70 70 70 70 
  INPUT ---       70 70 70 ;
  INPUT ---        70 70 70 70 70 70 70 70 70 70 70 70 70 70 70 70 70 70 70 
  INPUT ---       70 70 ;
  INPUT ---        70 70 70 70 70 70 70 70 70 70 70 70 70 70 70 70 70 70 70 

  Program  MARK  - Survival Rate Estimation with Capture-Recapture Data
   gfortran(Win64) Vers. 8.1 Mar 2016    5-Aug-2016 15:49:03    Page  003
 - - - - - - - - - - - - - - - - - - - - - - - - - - - - - - - - - - - - - -
 
  INPUT ---       70 ;
  INPUT ---        70 70 70 70 67 70 70 70 70 67 70 70 70 70 67 70 70 70 70 ;
  INPUT ---        70 70 70 70 70 70 70 70 70 70 70 70 70 70 70 70 70 70 ;
  INPUT ---        70 70 70 70 70 70 70 70 70 70 70 70 70 70 70 70 70 ;
  INPUT ---        70 70 70 70 70 70 70 70 70 70 70 70 70 70 70 70 ;
  INPUT ---        70 70 70 70 70 70 70 70 70 70 70 70 70 70 70 ;
  INPUT ---        70 70 70 70 67 70 70 70 70 67 70 70 70 70 ;
  INPUT ---        70 70 70 70 70 70 70 70 70 70 70 70 70 ;
  INPUT ---        70 70 70 70 70 70 70 70 70 70 70 70 ;
  INPUT ---        70 70 70 70 70 70 70 70 70 70 70 ;
  INPUT ---        70 70 70 70 70 70 70 70 70 70 ;
  INPUT ---        70 70 70 70 67 70 70 70 70 ;
  INPUT ---        70 70 70 70 70 70 70 70 ;
  INPUT ---        70 70 70 70 70 70 70 ;
  INPUT ---        70 70 70 70 70 70 ;
  INPUT ---        70 70 70 70 70 ;
  INPUT ---        70 70 70 70 ;
  INPUT ---        70 70 70 ;
  INPUT ---        70 70 ;
  INPUT ---        70 ;

  INPUT ---    group=1 Gamma''    rows=29 cols=29 Triang ;
  INPUT ---        71 71 71 71 68 71 71 71 71 68 71 71 71 71 68 71 71 71 71 
  INPUT ---       68 71 71 71 71 68 71 71 71 71 ;
  INPUT ---        71 71 71 71 71 71 71 71 71 71 71 71 71 71 71 71 71 71 71 
  INPUT ---       71 71 71 71 71 71 71 71 71 ;
  INPUT ---        71 71 71 71 71 71 71 71 71 71 71 71 71 71 71 71 71 71 71 
  INPUT ---       71 71 71 71 71 71 71 71 ;
  INPUT ---        71 71 71 71 71 71 71 71 71 71 71 71 71 71 71 71 71 71 71 
  INPUT ---       71 71 71 71 71 71 71 ;
  INPUT ---        71 71 71 71 71 71 71 71 71 71 71 71 71 71 71 71 71 71 71 
  INPUT ---       71 71 71 71 71 71 ;
  INPUT ---        71 71 71 71 68 71 71 71 71 68 71 71 71 71 68 71 71 71 71 
  INPUT ---       68 71 71 71 71 ;
  INPUT ---        71 71 71 71 71 71 71 71 71 71 71 71 71 71 71 71 71 71 71 
  INPUT ---       71 71 71 71 ;
  INPUT ---        71 71 71 71 71 71 71 71 71 71 71 71 71 71 71 71 71 71 71 
  INPUT ---       71 71 71 ;
  INPUT ---        71 71 71 71 71 71 71 71 71 71 71 71 71 71 71 71 71 71 71 
  INPUT ---       71 71 ;
  INPUT ---        71 71 71 71 71 71 71 71 71 71 71 71 71 71 71 71 71 71 71 
  INPUT ---       71 ;
  INPUT ---        71 71 71 71 68 71 71 71 71 68 71 71 71 71 68 71 71 71 71 ;
  INPUT ---        71 71 71 71 71 71 71 71 71 71 71 71 71 71 71 71 71 71 ;
  INPUT ---        71 71 71 71 71 71 71 71 71 71 71 71 71 71 71 71 71 ;
  INPUT ---        71 71 71 71 71 71 71 71 71 71 71 71 71 71 71 71 ;

  Program  MARK  - Survival Rate Estimation with Capture-Recapture Data
   gfortran(Win64) Vers. 8.1 Mar 2016    5-Aug-2016 15:49:03    Page  004
 - - - - - - - - - - - - - - - - - - - - - - - - - - - - - - - - - - - - - -
 
  INPUT ---        71 71 71 71 71 71 71 71 71 71 71 71 71 71 71 ;
  INPUT ---        71 71 71 71 68 71 71 71 71 68 71 71 71 71 ;
  INPUT ---        71 71 71 71 71 71 71 71 71 71 71 71 71 ;
  INPUT ---        71 71 71 71 71 71 71 71 71 71 71 71 ;
  INPUT ---        71 71 71 71 71 71 71 71 71 71 71 ;
  INPUT ---        71 71 71 71 71 71 71 71 71 71 ;
  INPUT ---        71 71 71 71 68 71 71 71 71 ;
  INPUT ---        71 71 71 71 71 71 71 71 ;
  INPUT ---        71 71 71 71 71 71 71 ;
  INPUT ---        71 71 71 71 71 71 ;
  INPUT ---        71 71 71 71 71 ;
  INPUT ---        71 71 71 71 ;
  INPUT ---        71 71 71 ;
  INPUT ---        71 71 ;
  INPUT ---        71 ;

  INPUT ---    group=1 Gamma'    rows=28 cols=28 Triang ;
  INPUT ---        71 71 71 69 71 71 71 71 69 71 71 71 71 69 71 71 71 71 69 
  INPUT ---       71 71 71 71 69 71 71 71 71 ;
  INPUT ---        71 71 71 71 71 71 71 71 71 71 71 71 71 71 71 71 71 71 71 
  INPUT ---       71 71 71 71 71 71 71 71 ;
  INPUT ---        71 71 71 71 71 71 71 71 71 71 71 71 71 71 71 71 71 71 71 
  INPUT ---       71 71 71 71 71 71 71 ;
  INPUT ---        71 71 71 71 71 71 71 71 71 71 71 71 71 71 71 71 71 71 71 
  INPUT ---       71 71 71 71 71 71 ;
  INPUT ---        71 71 71 71 71 71 71 71 71 71 71 71 71 71 71 71 71 71 71 
  INPUT ---       71 71 71 71 71 ;
  INPUT ---        71 71 71 69 71 71 71 71 69 71 71 71 71 69 71 71 71 71 69 
  INPUT ---       71 71 71 71 ;
  INPUT ---        71 71 71 71 71 71 71 71 71 71 71 71 71 71 71 71 71 71 71 
  INPUT ---       71 71 71 ;
  INPUT ---        71 71 71 71 71 71 71 71 71 71 71 71 71 71 71 71 71 71 71 
  INPUT ---       71 71 ;
  INPUT ---        71 71 71 71 71 71 71 71 71 71 71 71 71 71 71 71 71 71 71 
  INPUT ---       71 ;
  INPUT ---        71 71 71 71 71 71 71 71 71 71 71 71 71 71 71 71 71 71 71 ;
  INPUT ---        71 71 71 69 71 71 71 71 69 71 71 71 71 69 71 71 71 71 ;
  INPUT ---        71 71 71 71 71 71 71 71 71 71 71 71 71 71 71 71 71 ;
  INPUT ---        71 71 71 71 71 71 71 71 71 71 71 71 71 71 71 71 ;
  INPUT ---        71 71 71 71 71 71 71 71 71 71 71 71 71 71 71 ;
  INPUT ---        71 71 71 71 71 71 71 71 71 71 71 71 71 71 ;
  INPUT ---        71 71 71 69 71 71 71 71 69 71 71 71 71 ;
  INPUT ---        71 71 71 71 71 71 71 71 71 71 71 71 ;
  INPUT ---        71 71 71 71 71 71 71 71 71 71 71 ;
  INPUT ---        71 71 71 71 71 71 71 71 71 71 ;
  INPUT ---        71 71 71 71 71 71 71 71 71 ;

  Program  MARK  - Survival Rate Estimation with Capture-Recapture Data
   gfortran(Win64) Vers. 8.1 Mar 2016    5-Aug-2016 15:49:03    Page  005
 - - - - - - - - - - - - - - - - - - - - - - - - - - - - - - - - - - - - - -
 
  INPUT ---        71 71 71 69 71 71 71 71 ;
  INPUT ---        71 71 71 71 71 71 71 ;
  INPUT ---        71 71 71 71 71 71 ;
  INPUT ---        71 71 71 71 71 ;
  INPUT ---        71 71 71 71 ;
  INPUT ---        71 71 71 ;
  INPUT ---        71 71 ;
  INPUT ---        71 ;

  INPUT ---    initial  0.8492118 0 0 0 0 -0.3123225 0 0 3.139572 0 0 0 0 
  INPUT ---    0 2.0066797 -2.9445172 17.724958  ;

  INPUT ---    design matrix constraints=71 covariates=17;
  INPUT ---        1 captive sex 96 0.186046511627907 0 0 0 0 0 0 0 0 0 0 0 0;
  INPUT ---        1 captive sex 96 0.127659574468085 0 0 0 0 0 0 0 0 0 0 0 0;
  INPUT ---        1 captive sex 114 0.08 0 0 0 0 0 0 0 0 0 0 0 0;
  INPUT ---        1 captive sex 120 0.166666666666667 0 0 0 0 0 0 0 0 0 0 0 
  INPUT ---       0;
  INPUT ---        1 captive sex 115 0.169230769230769 0 0 0 0 0 0 0 0 0 0 0 
  INPUT ---       0;
  INPUT ---        1 captive sex 126 0.0615384615384615 0 0 0 0 0 0 0 0 0 0 0 
  INPUT ---       0;
  INPUT ---        1 captive sex 126 0.0776699029126214 0 0 0 0 0 0 0 0 0 0 0 
  INPUT ---       0;
  INPUT ---        1 captive sex 126 0.170212765957447 0 0 0 0 0 0 0 0 0 0 0 
  INPUT ---       0;
  INPUT ---        1 captive sex 114 0.0666666666666667 0 0 0 0 0 0 0 0 0 0 0 
  INPUT ---       0;
  INPUT ---        1 captive sex 126 0.0894308943089431 0 0 0 0 0 0 0 0 0 0 0 
  INPUT ---       0;
  INPUT ---        1 captive sex 139 0.08 0 0 0 0 0 0 0 0 0 0 0 0;
  INPUT ---        1 captive sex 168 0.135135135135135 0 0 0 0 0 0 0 0 0 0 0 
  INPUT ---       0;
  INPUT ---        1 captive sex 180 0.213740458015267 0 0 0 0 0 0 0 0 0 0 0 
  INPUT ---       0;
  INPUT ---        1 captive sex 174 0.0869565217391304 0 0 0 0 0 0 0 0 0 0 0 
  INPUT ---       0;
  INPUT ---        1 captive sex 173 0.131428571428571 0 0 0 0 0 0 0 0 0 0 0 
  INPUT ---       0;
  INPUT ---        1 captive sex 166 0.167441860465116 0 0 0 0 0 0 0 0 0 0 0 
  INPUT ---       0;
  INPUT ---        1 captive sex 172 0.155 0 0 0 0 0 0 0 0 0 0 0 0;
  INPUT ---        1 captive sex 166 0.168831168831169 0 0 0 0 0 0 0 0 0 0 0 
  INPUT ---       0;
  INPUT ---        1 captive sex 171 0.231182795698925 0 0 0 0 0 0 0 0 0 0 0 
  INPUT ---       0;

  Program  MARK  - Survival Rate Estimation with Capture-Recapture Data
   gfortran(Win64) Vers. 8.1 Mar 2016    5-Aug-2016 15:49:03    Page  006
 - - - - - - - - - - - - - - - - - - - - - - - - - - - - - - - - - - - - - -
 
  INPUT ---        1 captive sex 151 0.224489795918367 0 0 0 0 0 0 0 0 0 0 0 
  INPUT ---       0;
  INPUT ---        1 captive sex 192 0.125827814569536 0 0 0 0 0 0 0 0 0 0 0 
  INPUT ---       0;
  INPUT ---        1 captive sex 185 0.201612903225806 0 0 0 0 0 0 0 0 0 0 0 
  INPUT ---       0;
  INPUT ---        1 captive sex 198 0.244604316546763 0 0 0 0 0 0 0 0 0 0 0 
  INPUT ---       0;
  INPUT ---        1 captive sex 198 0.282828282828283 0 0 0 0 0 0 0 0 0 0 0 
  INPUT ---       0;
  INPUT ---        1 captive sex 195 0.314516129032258 0 0 0 0 0 0 0 0 0 0 0 
  INPUT ---       0;
  INPUT ---        1 captive sex 192 0.137254901960784 0 0 0 0 0 0 0 0 0 0 0 
  INPUT ---       0;
  INPUT ---        1 captive sex 192 0.266129032258065 0 0 0 0 0 0 0 0 0 0 0 
  INPUT ---       0;
  INPUT ---        1 captive sex 198 0.198581560283688 0 0 0 0 0 0 0 0 0 0 0 
  INPUT ---       0;
  INPUT ---        1 captive sex 198 0.293333333333333 0 0 0 0 0 0 0 0 0 0 0 
  INPUT ---       0;
  INPUT ---        1 captive sex 198 0.202453987730061 0 0 0 0 0 0 0 0 0 0 0 
  INPUT ---       0;
  INPUT ---        0 0 0 0 0 1 8.96022727272727 0.0440135195492338 0 0 0 0 0 
  INPUT ---       0 0 0 0;
  INPUT ---        0 0 0 0 0 1 8.71022727272727 0.0138205395794682 0 0 0 0 0 
  INPUT ---       0 0 0 0;
  INPUT ---        0 0 0 0 0 1 7.94318181818182 0.0150462962962963 0 0 0 0 0 
  INPUT ---       0 0 0 0;
  INPUT ---        0 0 0 0 0 1 8.36363636363636 0.0435062197227376 0 0 0 0 0 
  INPUT ---       0 0 0 0;
  INPUT ---        0 0 0 0 0 1 8.38257575757576 0.0413898241676019 0 0 0 0 0 
  INPUT ---       0 0 0 0;
  INPUT ---        0 0 0 0 0 1 8.59090909090909 0.0334785353535354 0 0 0 0 0 
  INPUT ---       0 0 0 0;
  INPUT ---        0 0 0 0 0 1 8.59090909090909 0.0145442884245275 0 0 0 0 0 
  INPUT ---       0 0 0 0;
  INPUT ---        0 0 0 0 0 1 8.59090909090909 0.0193204258107552 0 0 0 0 0 
  INPUT ---       0 0 0 0;
  INPUT ---        0 0 0 0 0 1 9.06818181818182 0.00382154882154882 0 0 0 0 0 
  INPUT ---       0 0 0 0;
  INPUT ---        0 0 0 0 0 1 8.59090909090909 0.0399423854156923 0 0 0 0 0 
  INPUT ---       0 0 0 0;
  INPUT ---        0 0 0 0 0 1 7.04734848484848 0.010060938021866 0 0 0 0 0 0 
  INPUT ---       0 0 0;
  INPUT ---        0 0 0 0 0 1 4.77272727272727 0.0120376449425667 0 0 0 0 0 
  INPUT ---       0 0 0 0;

  Program  MARK  - Survival Rate Estimation with Capture-Recapture Data
   gfortran(Win64) Vers. 8.1 Mar 2016    5-Aug-2016 15:49:03    Page  007
 - - - - - - - - - - - - - - - - - - - - - - - - - - - - - - - - - - - - - -
 
  INPUT ---        0 0 0 0 0 1 3.06818181818182 0.0327860086977532 0 0 0 0 0 
  INPUT ---       0 0 0 0;
  INPUT ---        0 0 0 0 0 1 3.95454545454545 0.0190954813692234 0 0 0 0 0 
  INPUT ---       0 0 0 0;
  INPUT ---        0 0 0 0 0 1 3.62689393939394 0.0261489672463083 0 0 0 0 0 
  INPUT ---       0 0 0 0;
  INPUT ---        0 0 0 0 0 1 4.78030303030303 0.0512150912647815 0 0 0 0 0 
  INPUT ---       0 0 0 0;
  INPUT ---        0 0 0 0 0 1 3.60984848484848 0.0473122112945163 0 0 0 0 0 
  INPUT ---       0 0 0 0;
  INPUT ---        0 0 0 0 0 1 4.09280303030303 0.0226518050401979 0 0 0 0 0 
  INPUT ---       0 0 0 0;
  INPUT ---        0 0 0 0 0 1 3.34090909090909 0.0665651993646785 0 0 0 0 0 
  INPUT ---       0 0 0 0;
  INPUT ---        0 0 0 0 0 1 5.62689393939394 0.04010330058655 0 0 0 0 0 0 
  INPUT ---       0 0 0;
  INPUT ---        0 0 0 0 0 1 1.09090909090909 0.0206820945059979 0 0 0 0 0 
  INPUT ---       0 0 0 0;
  INPUT ---        0 0 0 0 0 1 1.62121212121212 0.054918230087819 0 0 0 0 0 0 
  INPUT ---       0 0 0;
  INPUT ---        0 0 0 0 0 1 0 0.0879277557364401 0 0 0 0 0 0 0 0 0;
  INPUT ---        0 0 0 0 0 1 0 0.0733113017934447 0 0 0 0 0 0 0 0 0;
  INPUT ---        0 0 0 0 0 1 0.272727272727273 0.0785302039517285 0 0 0 0 0 
  INPUT ---       0 0 0 0;
  INPUT ---        0 0 0 0 0 1 1.09090909090909 0.0474808900748976 0 0 0 0 0 
  INPUT ---       0 0 0 0;
  INPUT ---        0 0 0 0 0 1 0.778409090909091 0.0746150243527953 0 0 0 0 0 
  INPUT ---       0 0 0 0;
  INPUT ---        0 0 0 0 0 1 0 0.0653219100102685 0 0 0 0 0 0 0 0 0;
  INPUT ---        0 0 0 0 0 1 0 0.0656604289706052 0 0 0 0 0 0 0 0 0;
  INPUT ---        0 0 0 0 0 1 0 0.109501305572734 0 0 0 0 0 0 0 0 0;
  INPUT ---        0 0 0 0 0 0 0 0 1 0 0 0 0 0 0 0 0;
  INPUT ---        0 0 0 0 0 0 0 0 1 1 0 0 0 0 0 0 0;
  INPUT ---        0 0 0 0 0 0 0 0 1 0 1 0 0 0 0 0 0;
  INPUT ---        0 0 0 0 0 0 0 0 1 0 0 1 0 0 0 0 0;
  INPUT ---        0 0 0 0 0 0 0 0 1 0 0 0 1 0 0 0 0;
  INPUT ---        0 0 0 0 0 0 0 0 1 0 0 0 0 1 0 0 0;
  INPUT ---        0 0 0 0 0 0 0 0 0 0 0 0 0 0 1 0 0;
  INPUT ---        0 0 0 0 0 0 0 0 0 0 0 0 0 0 0 1 0;
  INPUT ---        0 0 0 0 0 0 0 0 0 0 0 0 0 0 0 0 1;
  INPUT ---        0 0 0 0 0 0 0 0 0 0 0 0 0 0 0 0 0;
  INPUT ---        0 0 0 0 0 0 0 0 0 0 0 0 0 0 0 0 0;

  INPUT ---    links=71;

  INPUT ---    Log;

  Program  MARK  - Survival Rate Estimation with Capture-Recapture Data
   gfortran(Win64) Vers. 8.1 Mar 2016    5-Aug-2016 15:49:03    Page  008
 - - - - - - - - - - - - - - - - - - - - - - - - - - - - - - - - - - - - - -
 

  INPUT ---    Log;

  INPUT ---    Log;

  INPUT ---    Log;

  INPUT ---    Log;

  INPUT ---    Log;

  INPUT ---    Log;

  INPUT ---    Log;

  INPUT ---    Log;

  INPUT ---    Log;

  INPUT ---    Log;

  INPUT ---    Log;

  INPUT ---    Log;

  INPUT ---    Log;

  INPUT ---    Log;

  INPUT ---    Log;

  INPUT ---    Log;

  INPUT ---    Log;

  INPUT ---    Log;

  INPUT ---    Log;

  INPUT ---    Log;

  INPUT ---    Log;

  INPUT ---    Log;

  INPUT ---    Log;

  Program  MARK  - Survival Rate Estimation with Capture-Recapture Data
   gfortran(Win64) Vers. 8.1 Mar 2016    5-Aug-2016 15:49:03    Page  009
 - - - - - - - - - - - - - - - - - - - - - - - - - - - - - - - - - - - - - -
 

  INPUT ---    Log;

  INPUT ---    Log;

  INPUT ---    Log;

  INPUT ---    Log;

  INPUT ---    Log;

  INPUT ---    Log;

  INPUT ---    Log;

  INPUT ---    Log;

  INPUT ---    Log;

  INPUT ---    Log;

  INPUT ---    Log;

  INPUT ---    Log;

  INPUT ---    Log;

  INPUT ---    Log;

  INPUT ---    Log;

  INPUT ---    Log;

  INPUT ---    Log;

  INPUT ---    Log;

  INPUT ---    Log;

  INPUT ---    Log;

  INPUT ---    Log;

  INPUT ---    Log;

  INPUT ---    Log;

  Program  MARK  - Survival Rate Estimation with Capture-Recapture Data
   gfortran(Win64) Vers. 8.1 Mar 2016    5-Aug-2016 15:49:03    Page  010
 - - - - - - - - - - - - - - - - - - - - - - - - - - - - - - - - - - - - - -
 

  INPUT ---    Log;

  INPUT ---    Log;

  INPUT ---    Log;

  INPUT ---    Log;

  INPUT ---    Log;

  INPUT ---    Log;

  INPUT ---    Log;

  INPUT ---    Log;

  INPUT ---    Log;

  INPUT ---    Log;

  INPUT ---    Log;

  INPUT ---    Log;

  INPUT ---    Log;

  INPUT ---    Log;

  INPUT ---    Log;

  INPUT ---    Log;

  INPUT ---    Log;

  INPUT ---    Log;

  INPUT ---    Log;

  INPUT ---    Logit;

  INPUT ---    Logit;

  INPUT ---    Logit;

  INPUT ---    Logit;

  Program  MARK  - Survival Rate Estimation with Capture-Recapture Data
   gfortran(Win64) Vers. 8.1 Mar 2016    5-Aug-2016 15:49:03    Page  011
 - - - - - - - - - - - - - - - - - - - - - - - - - - - - - - - - - - - - - -
 

  INPUT ---    Logit;
  INPUT ---       blabel(1)=alpha:(Intercept);
  INPUT ---       blabel(2)=alpha:captive;
  INPUT ---       blabel(3)=alpha:sex;
  INPUT ---       blabel(4)=alpha:effort.trapdays;
  INPUT ---       blabel(5)=alpha:recordloss.agout.total;
  INPUT ---       blabel(6)=sigma:(Intercept);
  INPUT ---       blabel(7)=sigma:effort.var;
  INPUT ---       blabel(8)=sigma:recordloss.agout.var;
  INPUT ---       blabel(9)=U:(Intercept);
  INPUT ---       blabel(10)=U:sample_monthB;
  INPUT ---       blabel(11)=U:sample_monthC;
  INPUT ---       blabel(12)=U:sample_monthD;
  INPUT ---       blabel(13)=U:sample_monthE;
  INPUT ---       blabel(14)=U:sample_monthF;
  INPUT ---       blabel(15)=Phi:(Intercept);
  INPUT ---       blabel(16)=GammaDoublePrime:(Intercept);
  INPUT ---       blabel(17)=GammaPrime:(Intercept);
  INPUT ---       rlabel(1)=alpha g1 a0 t1;
  INPUT ---       rlabel(2)=alpha g1 a0.2 t1.2;
  INPUT ---       rlabel(3)=alpha g1 a0.4 t1.4;
  INPUT ---       rlabel(4)=alpha g1 a0.6 t1.6;
  INPUT ---       rlabel(5)=alpha g1 a0.8 t1.8;
  INPUT ---       rlabel(6)=alpha g1 a2.8 t3.8;
  INPUT ---       rlabel(7)=alpha g1 a3 t4;
  INPUT ---       rlabel(8)=alpha g1 a3.2 t4.2;
  INPUT ---       rlabel(9)=alpha g1 a3.4 t4.4;
  INPUT ---       rlabel(10)=alpha g1 a3.6 t4.6;
  INPUT ---       rlabel(11)=alpha g1 a6.1 t7.1;
  INPUT ---       rlabel(12)=alpha g1 a6.3 t7.3;
  INPUT ---       rlabel(13)=alpha g1 a6.5 t7.5;
  INPUT ---       rlabel(14)=alpha g1 a6.7 t7.7;
  INPUT ---       rlabel(15)=alpha g1 a6.9 t7.9;
  INPUT ---       rlabel(16)=alpha g1 a9.567 t10.567;
  INPUT ---       rlabel(17)=alpha g1 a9.767 t10.767;
  INPUT ---       rlabel(18)=alpha g1 a9.967 t10.967;
  INPUT ---       rlabel(19)=alpha g1 a10.167 t11.167;
  INPUT ---       rlabel(20)=alpha g1 a10.367 t11.367;
  INPUT ---       rlabel(21)=alpha g1 a12.134 t13.134;
  INPUT ---       rlabel(22)=alpha g1 a12.334 t13.334;
  INPUT ---       rlabel(23)=alpha g1 a12.534 t13.534;
  INPUT ---       rlabel(24)=alpha g1 a12.734 t13.734;
  INPUT ---       rlabel(25)=alpha g1 a12.934 t13.934;
  INPUT ---       rlabel(26)=alpha g1 a16.101 t17.101;
  INPUT ---       rlabel(27)=alpha g1 a16.301 t17.301;

  Program  MARK  - Survival Rate Estimation with Capture-Recapture Data
   gfortran(Win64) Vers. 8.1 Mar 2016    5-Aug-2016 15:49:03    Page  012
 - - - - - - - - - - - - - - - - - - - - - - - - - - - - - - - - - - - - - -
 
  INPUT ---       rlabel(28)=alpha g1 a16.501 t17.501;
  INPUT ---       rlabel(29)=alpha g1 a16.701 t17.701;
  INPUT ---       rlabel(30)=alpha g1 a16.901 t17.901;
  INPUT ---       rlabel(31)=sigma g1 a0 t1;
  INPUT ---       rlabel(32)=sigma g1 a0.2 t1.2;
  INPUT ---       rlabel(33)=sigma g1 a0.4 t1.4;
  INPUT ---       rlabel(34)=sigma g1 a0.6 t1.6;
  INPUT ---       rlabel(35)=sigma g1 a0.8 t1.8;
  INPUT ---       rlabel(36)=sigma g1 a2.8 t3.8;
  INPUT ---       rlabel(37)=sigma g1 a3 t4;
  INPUT ---       rlabel(38)=sigma g1 a3.2 t4.2;
  INPUT ---       rlabel(39)=sigma g1 a3.4 t4.4;
  INPUT ---       rlabel(40)=sigma g1 a3.6 t4.6;
  INPUT ---       rlabel(41)=sigma g1 a6.1 t7.1;
  INPUT ---       rlabel(42)=sigma g1 a6.3 t7.3;
  INPUT ---       rlabel(43)=sigma g1 a6.5 t7.5;
  INPUT ---       rlabel(44)=sigma g1 a6.7 t7.7;
  INPUT ---       rlabel(45)=sigma g1 a6.9 t7.9;
  INPUT ---       rlabel(46)=sigma g1 a9.567 t10.567;
  INPUT ---       rlabel(47)=sigma g1 a9.767 t10.767;
  INPUT ---       rlabel(48)=sigma g1 a9.967 t10.967;
  INPUT ---       rlabel(49)=sigma g1 a10.167 t11.167;
  INPUT ---       rlabel(50)=sigma g1 a10.367 t11.367;
  INPUT ---       rlabel(51)=sigma g1 a12.134 t13.134;
  INPUT ---       rlabel(52)=sigma g1 a12.334 t13.334;
  INPUT ---       rlabel(53)=sigma g1 a12.534 t13.534;
  INPUT ---       rlabel(54)=sigma g1 a12.734 t13.734;
  INPUT ---       rlabel(55)=sigma g1 a12.934 t13.934;
  INPUT ---       rlabel(56)=sigma g1 a16.101 t17.101;
  INPUT ---       rlabel(57)=sigma g1 a16.301 t17.301;
  INPUT ---       rlabel(58)=sigma g1 a16.501 t17.501;
  INPUT ---       rlabel(59)=sigma g1 a16.701 t17.701;
  INPUT ---       rlabel(60)=sigma g1 a16.901 t17.901;
  INPUT ---       rlabel(61)=U g1 a0 t1;
  INPUT ---       rlabel(62)=U g1 a2.8 t3.8;
  INPUT ---       rlabel(63)=U g1 a6.1 t7.1;
  INPUT ---       rlabel(64)=U g1 a9.567 t10.567;
  INPUT ---       rlabel(65)=U g1 a12.134 t13.134;
  INPUT ---       rlabel(66)=U g1 a16.101 t17.101;
  INPUT ---       rlabel(67)=Phi g1 c1 a0.8 t1.8;
  INPUT ---       rlabel(68)=Gamma'' g1 c1 a0.8 t1.8;
  INPUT ---       rlabel(69)=Gamma' g1 c1 a0.8 t1.8;
  INPUT ---       rlabel(70)=Phi g1 c1 a0 t1;
  INPUT ---       rlabel(71)=Gamma'' g1 c1 a0 t1;

 Link Function Used is PARM-SPECIFIC

  Program  MARK  - Survival Rate Estimation with Capture-Recapture Data
   gfortran(Win64) Vers. 8.1 Mar 2016    5-Aug-2016 15:49:03    Page  013
 - - - - - - - - - - - - - - - - - - - - - - - - - - - - - - - - - - - - - -
 

 Variance Estimation Procedure Used is 2ndPart 

 M(t+1):
 Group=Group 1                                                                         
       3      3      3      2      3      5      5      5      2      5      5
       4      4      4      4     10      7      7      7      5      5      5
       5      3      4      5      5      5      4      5


 -2logL(saturated) = -0.0000000    
 Effective Sample Size = 169
 Results from first iteration:
  -2logL Initial { alpha(~1 + captive + sex + effort.trapdays + recordloss.agout.total)sigma(~1 + effort.var + recordloss.agout.var)U(~sample_month)Phi(~1)Gamma''(~1)Gamma'(~1) } = 1138.4459     
  Penalty Initial { alpha(~1 + captive + sex + effort.trapdays + recordloss.agout.total)sigma(~1 + effort.var + recordloss.agout.var)U(~sample_month)Phi(~1)Gamma''(~1)Gamma'(~1) } = -0.0000000    

 Number of function evaluations was 46 for 17 parameters.
 Time for numerical optimization was 5.64 seconds.
 -2logL { alpha(~1 + captive + sex + effort.trapdays + recordloss.agout.total)sigma(~1 + effort.var + recordloss.agout.var)U(~sample_month)Phi(~1)Gamma''(~1)Gamma'(~1) } = 1051.3051     
 Penalty { alpha(~1 + captive + sex + effort.trapdays + recordloss.agout.total)sigma(~1 + effort.var + recordloss.agout.var)U(~sample_month)Phi(~1)Gamma''(~1)Gamma'(~1) } = -0.0000000    

   * *  WARNING  * *   Numerical underflow occurred during optimization of this model. 
     IEEE flag status at end of optimization:
     overflow       F
     divide by zero F
     invalid        F
     underflow      T
     inexact        T

 Gradient { alpha(~1 + captive + sex + effort.trapdays + recordloss.agout.total)sigma(~1 + effort.var + recordloss.agout.var)U(~sample_month)Phi(~1)Gamma''(~1)Gamma'(~1) }:
  0.2444607E-03-0.1253306E-03-0.1839343E-03-0.5282048E-04-0.1472713E-03
  0.4481667E-03 0.7057946E-03 0.8274272E-05  0.000000    -0.3313374E-04
 -0.3085224E-04  0.000000    -0.1636361E-04 0.2697416E-04 0.1436839E-03
 -0.1152905E-04  0.000000    
 S Vector { alpha(~1 + captive + sex + effort.trapdays + recordloss.agout.total)sigma(~1 + effort.var + recordloss.agout.var)U(~sample_month)Phi(~1)Gamma''(~1)Gamma'(~1) }:
   5529.926      382.0713      308.3708      277.5950      246.4062    
   219.1335      126.8604      61.25853      29.87254      10.56209    
   9.465532      6.136923      3.550800      2.393709     0.9500085    
  0.4060118E-01 0.2702012E-08
 Time to compute number of parameters was 2.97 seconds.
   Threshold =  0.3600000E-06     Condition index =  0.4886163E-12     New Threshold =  0.1114068E-07
 New Guessimate of Estimated Parameters { alpha(~1 + captive + sex + effort.trapdays + recordloss.agout.total)sigma(~1 + effort.var + recordloss.agout.var)U(~sample_month)Phi(~1)Gamma''(~1)Gamma'(~1) } = 16          
 Conditioned S Vector { alpha(~1 + captive + sex + effort.trapdays + recordloss.agout.total)sigma(~1 + effort.var + recordloss.agout.var)U(~sample_month)Phi(~1)Gamma''(~1)Gamma'(~1) }:
   1.000000     0.6909158E-01 0.5576400E-01 0.5019868E-01 0.4455868E-01
  0.3962683E-01 0.2294071E-01 0.1107764E-01 0.5401978E-02 0.1909988E-02
  0.1711692E-02 0.1109766E-02 0.6421063E-03 0.4328645E-03 0.1717941E-03
  0.7342083E-05 0.4886163E-12
 Number of Estimated Parameters { alpha(~1 + captive + sex + effort.trapdays + recordloss.agout.total)sigma(~1 + effort.var + recordloss.agout.var)U(~sample_month)Phi(~1)Gamma''(~1)Gamma'(~1) } = 16          
 DEVIANCE { alpha(~1 + captive + sex + effort.trapdays + recordloss.agout.total)sigma(~1 + effort.var + recordloss.agout.var)U(~sample_month)Phi(~1)Gamma''(~1)Gamma'(~1) } = 1051.3051                     
 DEVIANCE Degrees of Freedom { alpha(~1 + captive + sex + effort.trapdays + recordloss.agout.total)sigma(~1 + effort.var + recordloss.agout.var)U(~sample_month)Phi(~1)Gamma''(~1)Gamma'(~1) } = -2            
 c-hat { alpha(~1 + captive + sex + effort.trapdays + recordloss.agout.total)sigma(~1 + effort.var + recordloss.agout.var)U(~sample_month)Phi(~1)Gamma''(~1)Gamma'(~1) } = 1.0000000                     
 AIC { alpha(~1 + captive + sex + effort.trapdays + recordloss.agout.total)sigma(~1 + effort.var + recordloss.agout.var)U(~sample_month)Phi(~1)Gamma''(~1)Gamma'(~1) } = 1083.3051                  
 AICc { alpha(~1 + captive + sex + effort.trapdays + recordloss.agout.total)sigma(~1 + effort.var + recordloss.agout.var)U(~sample_month)Phi(~1)Gamma''(~1)Gamma'(~1) } = 1086.8840                    
 BIC { alpha(~1 + captive + sex + effort.trapdays + recordloss.agout.total)sigma(~1 + effort.var + recordloss.agout.var)U(~sample_month)Phi(~1)Gamma''(~1)Gamma'(~1) } = 1133.3834                    
 Pearson Chisquare { alpha(~1 + captive + sex + effort.trapdays + recordloss.agout.total)sigma(~1 + effort.var + recordloss.agout.var)U(~sample_month)Phi(~1)Gamma''(~1)Gamma'(~1) } = 0.2141096E+033             

   * *  WARNING  * *   Numerical underflow occurred during variance-covariance calculation of this model. 
     IEEE flag status at end of variance-covariance calculation:
     overflow       F
     divide by zero F
     invalid        F
     underflow      T
     inexact        T


  Program  MARK  - Survival Rate Estimation with Capture-Recapture Data
   gfortran(Win64) Vers. 8.1 Mar 2016    5-Aug-2016 15:49:09    Page  014
 - - - - - - - - - - - - - - - - - - - - - - - - - - - - - - - - - - - - - -
 


 PARM-SPECIFIC Link Function Parameters of { alpha(~1 + captive + sex + effort.trapdays + recordloss.agout.total)sigma(~1 + effort.var + recordloss.agout.var)U(~sample_month)Phi(~1)Gamma''(~1)Gamma'(~1) }
                                                              95% Confidence Interval
 Parameter                    Beta         Standard Error      Lower           Upper
 -------------------------  --------------  --------------  --------------  --------------
    1:alpha:(Intercept)     0.4881650       0.3814765       -0.2595290      1.2358589     
    2:alpha:captive         0.2699336       0.1134974       0.0474786       0.4923886     
    3:alpha:sex             0.4834018       0.2036224       0.0843018       0.8825017     
    4:alpha:effort.trapday  0.0036458       0.0020797       -.4305149E-003  0.0077220     
    5:alpha:recordloss.ago  -3.1685570      0.5889089       -4.3228184      -2.0142956    
    6:sigma:(Intercept)     -1.1815693      0.4397314       -2.0434428      -0.3196958    
    7:sigma:effort.var      0.0176165       0.0521367       -0.0845714      0.1198045     
    8:sigma:recordloss.ago  7.2438797       4.9323732       -2.4235719      16.911331     
    9:U:(Intercept)         2.5318381       0.1414670       2.2545628       2.8091134     
   10:U:sample_monthB       0.3724600       0.1312330       0.1152433       0.6296767     
   11:U:sample_monthC       0.4739527       0.1514463       0.1771180       0.7707874     
   12:U:sample_monthD       0.8990783       0.1523416       0.6004888       1.1976678     
   13:U:sample_monthE       0.3895079       0.1704509       0.0554242       0.7235916     
   14:U:sample_monthF       0.6858631       0.1777932       0.3373883       1.0343379     
   15:Phi:(Intercept)       2.0066699       0.4036683       1.2154800       2.7978598     
   16:GammaDoublePrime:(In  -2.9443596      1.0259737       -4.9552682      -0.9334510    
   17:GammaPrime:(Intercep  17.724958       0.0000000       17.724958       17.724958     


 Real Function Parameters of { alpha(~1 + captive + sex + effort.trapdays + recordloss.agout.total)sigma(~1 + effort.var + recordloss.agout.var)U(~sample_month)Phi(~1)Gamma''(~1)Gamma'(~1) }

      Following estimates based on unstandardized individual covariate values:
          Variable   Value         
          ---------  ------------- 
          CAPTIVE    0.2142857     
          SEX        0.8461538     
                                                               95% Confidence Interval
  Parameter                  Estimate       Standard Error      Lower           Upper
 --------------------------  --------------  --------------  --------------  --------------
     1:alpha g1 a0 t1        2.0452782       0.3176826       1.5112084       2.7680914                           
     2:alpha g1 a0.2 t1.2    2.4609222       0.3530460       1.8603855       3.2553135                           
     3:alpha g1 a0.4 t1.4    3.0561986       0.3425094       2.4551772       3.8043486                           
     4:alpha g1 a0.6 t1.6    2.3736720       0.2608878       1.9148952       2.9423641                           
     5:alpha g1 a0.8 t1.8    2.3119350       0.2736118       1.8347895       2.9131644                           
     6:alpha g1 a2.8 t3.8    3.3852149       0.3395143       2.7824566       4.1185475                           
     7:alpha g1 a3 t4        3.2165327       0.3148845       2.6561718       3.8951106                           
     8:alpha g1 a3.2 t4.2    2.3990592       0.2440140       1.9664564       2.9268308                           
     9:alpha g1 a3.4 t4.4    3.1880814       0.3601249       2.5567057       3.9753747                           
    10:alpha g1 a3.6 t4.6    3.0988734       0.2996608       2.5649721       3.7439067                           
    11:alpha g1 a6.1 t7.1    3.3478414       0.2928761       2.8212431       3.9727317                           

  Program  MARK  - Survival Rate Estimation with Capture-Recapture Data
   gfortran(Win64) Vers. 8.1 Mar 2016    5-Aug-2016 15:49:09    Page  015
 - - - - - - - - - - - - - - - - - - - - - - - - - - - - - - - - - - - - - -
 
    12:alpha g1 a6.3 t7.3    3.1247176       0.2474988       2.6760485       3.6486110                           
    13:alpha g1 a6.5 t7.5    2.5447376       0.2189119       2.1505607       3.0111632                           
    14:alpha g1 a6.7 t7.7    3.7205635       0.3607003       3.0780669       4.4971709                           
    15:alpha g1 a6.9 t7.9    3.2197933       0.2701690       2.7323014       3.7942625                           
    16:alpha g1 a9.567 t10.  2.8001884       0.2109653       2.4162815       3.2450917                           
    17:alpha g1 a9.767 t10.  2.9772021       0.2368202       2.5480350       3.4786542                           
    18:alpha g1 a9.967 t10.  2.7878888       0.2100220       2.4056962       3.2308002                           
    19:alpha g1 a10.167 t11  2.3301874       0.1963629       1.9759973       2.7478647                           
    20:alpha g1 a10.367 t11  2.2127602       0.1938435       1.8642665       2.6263990                           
    21:alpha g1 a12.134 t13  3.5125169       0.3823818       2.8393929       4.3452159                           
    22:alpha g1 a12.334 t13  2.6930737       0.2421257       2.2587698       3.2108831                           
    23:alpha g1 a12.534 t13  2.4641755       0.2646044       1.9976958       3.0395823                           
    24:alpha g1 a12.734 t13  2.1830925       0.2472874       1.7496799       2.7238656                           
    25:alpha g1 a12.934 t13  1.9530660       0.2322827       1.5482282       2.4637626                           
    26:alpha g1 a16.101 t17  3.3876127       0.3594696       2.7530958       4.1683694                           
    27:alpha g1 a16.301 t17  2.2519138       0.2347205       1.8368244       2.7608060                           
    28:alpha g1 a16.501 t17  2.8510376       0.3031973       2.3159733       3.5097190                           
    29:alpha g1 a16.701 t17  2.1116225       0.2441268       1.6847392       2.6466705                           
    30:alpha g1 a16.901 t17  2.8162691       0.2989961       2.2885253       3.4657129                           
    31:sigma g1 a0 t1        0.4941617       0.1367148       0.2902017       0.8414693                           
    32:sigma g1 a0.2 t1.2    0.3953393       0.0897579       0.2547609       0.6134896                           
    33:sigma g1 a0.4 t1.4    0.3935118       0.0814027       0.2634598       0.5877614                           
    34:sigma g1 a0.6 t1.6    0.4872017       0.1213452       0.3012185       0.7880176                           
    35:sigma g1 a0.8 t1.8    0.4799495       0.1175275       0.2990757       0.7702113                           
    36:sigma g1 a2.8 t3.8    0.4548841       0.1081359       0.2872912       0.7202432                           
    37:sigma g1 a3 t4        0.3965829       0.0886309       0.2572834       0.6113026                           
    38:sigma g1 a3.2 t4.2    0.4105439       0.0917611       0.2663282       0.6328519                           
    39:sigma g1 a3.4 t4.4    0.3700429       0.0897146       0.2316432       0.5911321                           
    40:sigma g1 a3.6 t4.6    0.4766898       0.1194077       0.2939322       0.7730803                           
    41:sigma g1 a6.1 t7.1    0.3736114       0.0751658       0.2528495       0.5520496                           
    42:sigma g1 a6.3 t7.3    0.3641130       0.0776232       0.2408698       0.5504145                           
    43:sigma g1 a6.5 t7.5    0.4106473       0.0759686       0.2866283       0.5883271                           
    44:sigma g1 a6.7 t7.7    0.3777289       0.0781194       0.2529164       0.5641354                           
    45:sigma g1 a6.9 t7.9    0.3952424       0.0753826       0.2728746       0.5724847                           
    46:sigma g1 a9.567 t10.  0.4836659       0.0702913       0.3643206       0.6421067                           
    47:sigma g1 a9.767 t10.  0.4605876       0.0651662       0.3495217       0.6069463                           
    48:sigma g1 a9.967 t10.  0.3885314       0.0741013       0.2682431       0.5627605                           
    49:sigma g1 a10.167 t11  0.5270163       0.0801044       0.3919047       0.7087085                           
    50:sigma g1 a10.367 t11  0.4529655       0.0687530       0.3369759       0.6088796                           
    51:sigma g1 a12.134 t13  0.3632977       0.1106647       0.2026292       0.6513632                           
    52:sigma g1 a12.334 t13  0.4699222       0.0825799       0.3338695       0.6614168                           
    53:sigma g1 a12.534 t13  0.5800557       0.1220711       0.3857186       0.8723058                           
    54:sigma g1 a12.734 t13  0.5217791       0.1081987       0.3490025       0.7800900                           
    55:sigma g1 a12.934 t13  0.5444923       0.1079068       0.3706130       0.7999501                           
    56:sigma g1 a16.101 t17  0.4411345       0.0932872       0.2927713       0.6646816                           
    57:sigma g1 a16.301 t17  0.5340028       0.0986882       0.3728640       0.7647803                           

  Program  MARK  - Survival Rate Estimation with Capture-Recapture Data
   gfortran(Win64) Vers. 8.1 Mar 2016    5-Aug-2016 15:49:09    Page  016
 - - - - - - - - - - - - - - - - - - - - - - - - - - - - - - - - - - - - - -
 
    58:sigma g1 a16.501 t17  0.4924387       0.1064057       0.3239785       0.7484937                           
    59:sigma g1 a16.701 t17  0.4936478       0.1064161       0.3250868       0.7496095                           
    60:sigma g1 a16.901 t17  0.6781715       0.1731438       0.4144167       1.1097928                           
    61:U g1 a0 t1            12.576602       1.7791737       9.5442155       16.572437                           
    62:U g1 a2.8 t3.8        18.252427       2.0032729       14.729087       22.618584                           
    63:U g1 a6.1 t7.1        20.202185       1.6532186       17.212991       23.710481                           
    64:U g1 a9.567 t10.567   30.904951       2.3827458       26.576461       35.938420                           
    65:U g1 a12.134 t13.134  18.566260       1.6662854       15.576954       22.129232                           
    66:U g1 a16.101 t17.101  24.970651       2.3843496       20.717380       30.097118                           
    67:Phi g1 c1 a0.8 t1.8   0.8814956       0.0421676       0.7712671       0.9425601                           
    68:Gamma'' g1 c1 a0.8 t  0.0500038       0.0487372       0.0069969       0.2822251                           
    69:Gamma' g1 c1 a0.8 t1  1.0000000       0.0000000       1.0000000       1.0000000                           
    70:Phi g1 c1 a0 t1       1.0000000       0.0000000       1.0000000       1.0000000       Fixed               
    71:Gamma'' g1 c1 a0 t1   0.0000000       0.0000000       0.0000000       0.0000000       Fixed               

  Program  MARK  - Survival Rate Estimation with Capture-Recapture Data
   gfortran(Win64) Vers. 8.1 Mar 2016    5-Aug-2016 15:49:09    Page  017
 - - - - - - - - - - - - - - - - - - - - - - - - - - - - - - - - - - - - - -
 


                      Estimates of Derived Parameters
 Population Estimates of { alpha(~1 + captive + sex + effort.trapdays + recordloss.agout.total)sigma(~1 + effort.var + recordloss.agout.var)U(~sample_month)Phi(~1)Gamma''(~1)Gamma'(~1) }
                                                95% Confidence Interval
 Grp. Occ.   N-hat           Standard Error      Lower           Upper
 ---- ----   --------------  --------------  --------------  --------------
   1     1   15.576602       1.7791746       12.461225       19.470840     
   1     2   15.576602       1.7791746       12.461225       19.470840     
   1     3   15.576602       1.7791746       12.461225       19.470840     
   1     4   14.744567       1.8170108       11.591226       18.755762     
   1     5   15.576602       1.7791746       12.461225       19.470840     
   1     6   23.252427       2.0032736       19.645751       27.521236     
   1     7   23.252427       2.0032736       19.645751       27.521236     
   1     8   23.252427       2.0032736       19.645751       27.521236     
   1     9   20.372792       2.0298597       16.766723       24.754429     
   1    10   23.252427       2.0032736       19.645751       27.521236     
   1    11   25.416343       1.6835927       22.324907       28.935864     
   1    12   24.393186       1.6839542       21.309615       27.922960     
   1    13   24.544338       1.6981322       21.435274       28.104354     
   1    14   24.345072       1.6818203       21.265557       27.870538     
   1    15   24.421434       1.6889893       21.329029       27.962193     
   1    16   38.728463       2.4911174       34.145558       43.926470     
   1    17   38.491138       2.4615592       33.960949       43.625627     
   1    18   38.656272       2.4999530       34.058697       43.874471     
   1    19   39.047749       2.5142049       34.422670       44.294262     
   1    20   36.917122       2.5100110       32.316174       42.173121     
   1    21   22.762267       1.7021218       19.663088       26.349920     
   1    22   24.097166       1.7327886       20.933180       27.739379     
   1    23   24.218836       1.7472424       21.029201       27.892263     
   1    24   22.007845       1.7205010       18.885718       25.646112     
   1    25   23.403400       1.7659733       20.190124       27.128073     
   1    26   30.238607       2.4398469       25.822094       35.410504     
   1    27   30.706817       2.4905706       26.200366       35.988375     
   1    28   30.406475       2.4666219       25.943417       35.637315     
   1    29   29.656236       2.4933059       25.158059       34.958672     
   1    30   30.545532       2.4690866       26.076738       35.780147     
 Mean Resighting Rate Estimates of { alpha(~1 + captive + sex + effort.trapdays + recordloss.agout.total)sigma(~1 + effort.var + recordloss.agout.var)U(~sample_month)Phi(~1)Gamma''(~1)Gamma'(~1) }
                                                95% Confidence Interval
 Grp. Occ.   Lambda-hat      Standard Error      Lower           Upper
 ---- ----   --------------  --------------  --------------  --------------
   1     1   2.3108877       0.3216170       1.7614840       3.0316494     
   1     2   2.6609488       0.3482065       2.0612012       3.4352050     
   1     3   3.3022287       0.3340153       2.7097353       4.0242731     
   1     4   2.6727846       0.2668780       2.1987735       3.2489830     
   1     5   2.5941544       0.2752580       2.1082804       3.1920028     
   1     6   3.7542072       0.3597149       3.1127474       4.5278559     
   1     7   3.4796893       0.3061194       2.9295469       4.1331434     
   1     8   2.6099989       0.2359838       2.1869249       3.1149192     
   1     9   3.4140018       0.3478446       2.7974289       4.1664717     

  Program  MARK  - Survival Rate Estimation with Capture-Recapture Data
   gfortran(Win64) Vers. 8.1 Mar 2016    5-Aug-2016 15:49:09    Page  018
 - - - - - - - - - - - - - - - - - - - - - - - - - - - - - - - - - - - - - -
 
   1    10   3.4717375       0.3260421       2.8892276       4.1716898     
   1    11   3.9687598       0.2851267       3.4480988       4.5680402     
   1    12   3.5735034       0.2313513       3.1480628       4.0564397     
   1    13   3.2179696       0.2076539       2.8360272       3.6513502     
   1    14   4.7153576       0.3493651       4.0788101       5.4512460     
   1    15   4.4214248       0.2590375       3.9421650       4.9589495     
   1    16   3.6671059       0.2131779       3.2725163       4.1092738     
   1    17   4.2321689       0.2301592       3.8045665       4.7078303     
   1    18   3.7932242       0.2024845       3.4166647       4.2112853     
   1    19   3.2976912       0.1967394       2.9340782       3.7063658     
   1    20   2.9706557       0.1980312       2.6071798       3.3848050     
   1    21   5.1834076       0.3688341       4.5094338       5.9581125     
   1    22   3.3688645       0.2152194       2.9727544       3.8177550     
   1    23   3.2653411       0.2527067       2.8064072       3.7993250     
   1    24   3.0712104       0.2347323       2.6445139       3.5667552     
   1    25   3.9168579       0.2714530       3.4199198       4.4860046     
   1    26   4.1108836       0.3297794       3.5136550       4.8096252     
   1    27   2.5970078       0.2064648       2.2228347       3.0341661     
   1    28   3.7653019       0.2728802       3.2673141       4.3391906     
   1    29   3.0225996       0.2393716       2.5886582       3.5292835     
   1    30   4.0771649       0.4385354       3.3041932       5.0309630     
 Pr(Captured 1 or more times) of { alpha(~1 + captive + sex + effort.trapdays + recordloss.agout.total)sigma(~1 + effort.var + recordloss.agout.var)U(~sample_month)Phi(~1)Gamma''(~1)Gamma'(~1) }
                                                95% Confidence Interval
 Grp. Occ.      p*-hat       Standard Error      Lower           Upper
 ---- ----   --------------  --------------  --------------  --------------
   1     1   0.2931082       0.0140265       0.2663890       0.3213336     
   1     2   0.3078885       0.0097549       0.2891052       0.3273302     
   1     3   0.3180276       0.0058770       0.3066216       0.3296561     
   1     4   0.4612619       0.0149969       0.4320360       0.4907566     
   1     5   0.3014971       0.0101371       0.2820078       0.3217297     
   1     6   0.1906688       0.0034067       0.1840808       0.1974355     
   1     7   0.1905054       0.0032469       0.1842226       0.1969507     
   1     8   0.1813667       0.0048627       0.1720301       0.1910931     
   1     9   0.4716169       0.0102203       0.4516415       0.4916837     
   1    10   0.1881187       0.0039903       0.1804224       0.1960648     
   1    11   0.1942730       0.0019087       0.1905592       0.1980414     
   1    12   0.2408972       0.0027604       0.2355284       0.2463490     
   1    13   0.2370767       0.0034450       0.2303910       0.2438950     
   1    14   0.2456467       0.0017985       0.2421387       0.2491888     
   1    15   0.2446195       0.0018198       0.2410703       0.2482038     
   1    16   0.1337444       0.0019982       0.1298762       0.1377097     
   1    17   0.1380310       0.0012783       0.1355446       0.1405556     
   1    18   0.1359658       0.0018228       0.1324325       0.1395782     
   1    19   0.1309440       0.0025077       0.1261068       0.1359379     
   1    20   0.1782302       0.0047409       0.1691270       0.1877126     
   1    21   0.2469759       0.0014910       0.2440653       0.2499098     
   1    22   0.1860884       0.0035776       0.1791781       0.1932026     
   1    23   0.1829122       0.0051305       0.1730701       0.1931833     
   1    24   0.3074765       0.0076996       0.2925946       0.3227700     
   1    25   0.2389742       0.0037977       0.2316105       0.2464970     

  Program  MARK  - Survival Rate Estimation with Capture-Recapture Data
   gfortran(Win64) Vers. 8.1 Mar 2016    5-Aug-2016 15:49:09    Page  019
 - - - - - - - - - - - - - - - - - - - - - - - - - - - - - - - - - - - - - -
 
   1    26   0.1928236       0.0029137       0.1871770       0.1985990     
   1    27   0.1743325       0.0061148       0.1626704       0.1866442     
   1    28   0.1901881       0.0035842       0.1832620       0.1973127     
   1    29   0.2291248       0.0062420       0.2171205       0.2415880     
   1    30   0.1866999       0.0048364       0.1774054       0.1963652     

 Attempted ordering of parameters by estimatibility:
   1  9 12 11 14 13  2  6 10  3  7 15  4  5 16  8 17
 Beta number 17 is a singular value.

     CPU Time in seconds for last procedure was 8.91


  INPUT --- proc stop;

   * *  WARNING  * *   Numerical underflow occurred during final processing of this model. 
     IEEE flag status at final processing of this model:
     overflow       F
     divide by zero F
     invalid        F
     underflow      T
     inexact        T


     CPU Time in minutes for this job was 0.15

     Time Start = 15:49:03.238   Time End = 15:49:09.957

     Wall Clock Time in minutes for this job was 0.11


          E X E C U T I O N   S U C C E S S F U L 
