
   Program  MARK  - Survival Rate Estimation with Capture-Recapture Data
   gfortran(Win64) Vers. 8.1 Mar 2016    5-Aug-2016 15:55:58    Page  001
 - - - - - - - - - - - - - - - - - - - - - - - - - - - - - - - - - - - - - -
 
   This version was compiled by GCC version 5.3.0 using the options: 
     -cpp -iprefix c:\tdm-gcc-64\gcc\bin\../lib/gcc/x86_64-w64-mingw32/5.3.0/ -D_MT
     -U_REENTRANT -D IEEE -m64 -mtune=generic -march=x86-64 -mthreads -O2
     -fimplicit-none -fbounds-check -funroll-loops -ftree-vectorize
     -ffpe-summary=invalid,zero,overflow,underflow -fno-unsafe-math-optimizations
     -frounding-math -fsignaling-nans -fopenmp.

   This problem will use 3 of 4 possible threads.


  INPUT --- proc title ;

     CPU Time in seconds for last procedure was 0.00


  INPUT --- proc chmatrix occasions= 30 groups= 1 etype= PoissonMR 
  INPUT --- icovar = 31 ICMeans NoHist  hist= 14 ;

  INPUT ---    time interval 0.2 0.2 0.2 0.2 2 0.2 0.2 0.2 0.2 2.5 0.2 0.2 
  INPUT ---    0.2 0.2 2.667 0.2 0.2 0.2  0.2 1.767 0.2 0.2 0.2 0.2 3.167 
  INPUT ---    0.2 0.2 0.2 0.2 ;

  INPUT ---     icovariates captive sex age.t1 age.t1.2 age.t1.4  age.t1.6 
  INPUT ---    age.t1.8 age.t3.8 age.t4 age.t4.2 age.t4.4 age.t4.6 
  INPUT ---    age.t7.1 age.t7.3 age.t7.5 age.t7.7  age.t7.9 age.t10.567 
  INPUT ---    age.t10.767 age.t10.967 age.t11.167 age.t11.367 age.t13.134 
  INPUT ---    age.t13.334  age.t13.534 age.t13.734 age.t13.934 
  INPUT ---    age.t17.101 age.t17.301 age.t17.501 age.t17.701 ;

  INPUT ---    glabel(1)=Group 1;

      Number of unique encounter histories read was 14.

      Number of individual covariates read was 31.
      Time interval lengths vary and/or not equal to 1.

      Data type number is 115
      Data type is Poisson Mark Resight with Robust Design                                                             

     CPU Time in seconds for last procedure was 0.02

  Program  MARK  - Survival Rate Estimation with Capture-Recapture Data
   gfortran(Win64) Vers. 8.1 Mar 2016    5-Aug-2016 15:55:58    Page  002
 - - - - - - - - - - - - - - - - - - - - - - - - - - - - - - - - - - - - - -
 


  INPUT --- proc estimate link=Parm-Specific NOLOOP varest=2ndPart    ;


  INPUT --- model={ alpha(~1 + captive + sex + effort.trapdays + 
  INPUT --- recordloss.agout.total)sigma(~1)U(~sample_month)Phi(~1 + 
  INPUT --- age.t + sex)Gamma''(~1 + sample_month)Gamma'(~1 + sample_m 
  INPUT --- };

  INPUT ---    fixed=2;
  INPUT ---        parm(53)=1 ;
  INPUT ---        parm(54)=0 ;

  INPUT ---    group=1 alpha    rows=1 cols=30 Square ;
  INPUT ---        1 2 3 4 5 6 7 8 9 10 11 12 13 14 15 16 17 18 19 20 21 22 
  INPUT ---       23 24 25 26 27 28 29 30 ;

  INPUT ---    group=1 sigma    rows=1 cols=30 Square ;
  INPUT ---        31 31 31 31 31 31 31 31 31 31 31 31 31 31 31 31 31 31 31 
  INPUT ---       31 31 31 31 31 31 31 31 31 31 31 ;

  INPUT ---    group=1 U    rows=1 cols=30 Square ;
  INPUT ---        32 32 32 32 32 33 33 33 33 33 34 34 34 34 34 35 35 35 35 
  INPUT ---       35 36 36 36 36 36 37 37 37 37 37 ;

  INPUT ---    group=1 Phi    rows=29 cols=29 Triang ;
  INPUT ---        53 53 53 53 38 53 53 53 53 39 53 53 53 53 40 53 53 53 53 
  INPUT ---       41 53 53 53 53 42 53 53 53 53 ;
  INPUT ---        53 53 53 53 53 53 53 53 53 53 53 53 53 53 53 53 53 53 53 
  INPUT ---       53 53 53 53 53 53 53 53 53 ;
  INPUT ---        53 53 53 53 53 53 53 53 53 53 53 53 53 53 53 53 53 53 53 
  INPUT ---       53 53 53 53 53 53 53 53 ;
  INPUT ---        53 53 53 53 53 53 53 53 53 53 53 53 53 53 53 53 53 53 53 
  INPUT ---       53 53 53 53 53 53 53 ;
  INPUT ---        53 53 53 53 53 53 53 53 53 53 53 53 53 53 53 53 53 53 53 
  INPUT ---       53 53 53 53 53 53 ;
  INPUT ---        53 53 53 53 39 53 53 53 53 40 53 53 53 53 41 53 53 53 53 
  INPUT ---       42 53 53 53 53 ;
  INPUT ---        53 53 53 53 53 53 53 53 53 53 53 53 53 53 53 53 53 53 53 
  INPUT ---       53 53 53 53 ;
  INPUT ---        53 53 53 53 53 53 53 53 53 53 53 53 53 53 53 53 53 53 53 
  INPUT ---       53 53 53 ;
  INPUT ---        53 53 53 53 53 53 53 53 53 53 53 53 53 53 53 53 53 53 53 
  INPUT ---       53 53 ;
  INPUT ---        53 53 53 53 53 53 53 53 53 53 53 53 53 53 53 53 53 53 53 

  Program  MARK  - Survival Rate Estimation with Capture-Recapture Data
   gfortran(Win64) Vers. 8.1 Mar 2016    5-Aug-2016 15:55:58    Page  003
 - - - - - - - - - - - - - - - - - - - - - - - - - - - - - - - - - - - - - -
 
  INPUT ---       53 ;
  INPUT ---        53 53 53 53 40 53 53 53 53 41 53 53 53 53 42 53 53 53 53 ;
  INPUT ---        53 53 53 53 53 53 53 53 53 53 53 53 53 53 53 53 53 53 ;
  INPUT ---        53 53 53 53 53 53 53 53 53 53 53 53 53 53 53 53 53 ;
  INPUT ---        53 53 53 53 53 53 53 53 53 53 53 53 53 53 53 53 ;
  INPUT ---        53 53 53 53 53 53 53 53 53 53 53 53 53 53 53 ;
  INPUT ---        53 53 53 53 41 53 53 53 53 42 53 53 53 53 ;
  INPUT ---        53 53 53 53 53 53 53 53 53 53 53 53 53 ;
  INPUT ---        53 53 53 53 53 53 53 53 53 53 53 53 ;
  INPUT ---        53 53 53 53 53 53 53 53 53 53 53 ;
  INPUT ---        53 53 53 53 53 53 53 53 53 53 ;
  INPUT ---        53 53 53 53 42 53 53 53 53 ;
  INPUT ---        53 53 53 53 53 53 53 53 ;
  INPUT ---        53 53 53 53 53 53 53 ;
  INPUT ---        53 53 53 53 53 53 ;
  INPUT ---        53 53 53 53 53 ;
  INPUT ---        53 53 53 53 ;
  INPUT ---        53 53 53 ;
  INPUT ---        53 53 ;
  INPUT ---        53 ;

  INPUT ---    group=1 Gamma''    rows=29 cols=29 Triang ;
  INPUT ---        54 54 54 54 43 54 54 54 54 44 54 54 54 54 45 54 54 54 54 
  INPUT ---       46 54 54 54 54 47 54 54 54 54 ;
  INPUT ---        54 54 54 54 54 54 54 54 54 54 54 54 54 54 54 54 54 54 54 
  INPUT ---       54 54 54 54 54 54 54 54 54 ;
  INPUT ---        54 54 54 54 54 54 54 54 54 54 54 54 54 54 54 54 54 54 54 
  INPUT ---       54 54 54 54 54 54 54 54 ;
  INPUT ---        54 54 54 54 54 54 54 54 54 54 54 54 54 54 54 54 54 54 54 
  INPUT ---       54 54 54 54 54 54 54 ;
  INPUT ---        54 54 54 54 54 54 54 54 54 54 54 54 54 54 54 54 54 54 54 
  INPUT ---       54 54 54 54 54 54 ;
  INPUT ---        54 54 54 54 44 54 54 54 54 45 54 54 54 54 46 54 54 54 54 
  INPUT ---       47 54 54 54 54 ;
  INPUT ---        54 54 54 54 54 54 54 54 54 54 54 54 54 54 54 54 54 54 54 
  INPUT ---       54 54 54 54 ;
  INPUT ---        54 54 54 54 54 54 54 54 54 54 54 54 54 54 54 54 54 54 54 
  INPUT ---       54 54 54 ;
  INPUT ---        54 54 54 54 54 54 54 54 54 54 54 54 54 54 54 54 54 54 54 
  INPUT ---       54 54 ;
  INPUT ---        54 54 54 54 54 54 54 54 54 54 54 54 54 54 54 54 54 54 54 
  INPUT ---       54 ;
  INPUT ---        54 54 54 54 45 54 54 54 54 46 54 54 54 54 47 54 54 54 54 ;
  INPUT ---        54 54 54 54 54 54 54 54 54 54 54 54 54 54 54 54 54 54 ;
  INPUT ---        54 54 54 54 54 54 54 54 54 54 54 54 54 54 54 54 54 ;
  INPUT ---        54 54 54 54 54 54 54 54 54 54 54 54 54 54 54 54 ;

  Program  MARK  - Survival Rate Estimation with Capture-Recapture Data
   gfortran(Win64) Vers. 8.1 Mar 2016    5-Aug-2016 15:55:58    Page  004
 - - - - - - - - - - - - - - - - - - - - - - - - - - - - - - - - - - - - - -
 
  INPUT ---        54 54 54 54 54 54 54 54 54 54 54 54 54 54 54 ;
  INPUT ---        54 54 54 54 46 54 54 54 54 47 54 54 54 54 ;
  INPUT ---        54 54 54 54 54 54 54 54 54 54 54 54 54 ;
  INPUT ---        54 54 54 54 54 54 54 54 54 54 54 54 ;
  INPUT ---        54 54 54 54 54 54 54 54 54 54 54 ;
  INPUT ---        54 54 54 54 54 54 54 54 54 54 ;
  INPUT ---        54 54 54 54 47 54 54 54 54 ;
  INPUT ---        54 54 54 54 54 54 54 54 ;
  INPUT ---        54 54 54 54 54 54 54 ;
  INPUT ---        54 54 54 54 54 54 ;
  INPUT ---        54 54 54 54 54 ;
  INPUT ---        54 54 54 54 ;
  INPUT ---        54 54 54 ;
  INPUT ---        54 54 ;
  INPUT ---        54 ;

  INPUT ---    group=1 Gamma'    rows=28 cols=28 Triang ;
  INPUT ---        54 54 54 48 54 54 54 54 49 54 54 54 54 50 54 54 54 54 51 
  INPUT ---       54 54 54 54 52 54 54 54 54 ;
  INPUT ---        54 54 54 54 54 54 54 54 54 54 54 54 54 54 54 54 54 54 54 
  INPUT ---       54 54 54 54 54 54 54 54 ;
  INPUT ---        54 54 54 54 54 54 54 54 54 54 54 54 54 54 54 54 54 54 54 
  INPUT ---       54 54 54 54 54 54 54 ;
  INPUT ---        54 54 54 54 54 54 54 54 54 54 54 54 54 54 54 54 54 54 54 
  INPUT ---       54 54 54 54 54 54 ;
  INPUT ---        54 54 54 54 54 54 54 54 54 54 54 54 54 54 54 54 54 54 54 
  INPUT ---       54 54 54 54 54 ;
  INPUT ---        54 54 54 49 54 54 54 54 50 54 54 54 54 51 54 54 54 54 52 
  INPUT ---       54 54 54 54 ;
  INPUT ---        54 54 54 54 54 54 54 54 54 54 54 54 54 54 54 54 54 54 54 
  INPUT ---       54 54 54 ;
  INPUT ---        54 54 54 54 54 54 54 54 54 54 54 54 54 54 54 54 54 54 54 
  INPUT ---       54 54 ;
  INPUT ---        54 54 54 54 54 54 54 54 54 54 54 54 54 54 54 54 54 54 54 
  INPUT ---       54 ;
  INPUT ---        54 54 54 54 54 54 54 54 54 54 54 54 54 54 54 54 54 54 54 ;
  INPUT ---        54 54 54 50 54 54 54 54 51 54 54 54 54 52 54 54 54 54 ;
  INPUT ---        54 54 54 54 54 54 54 54 54 54 54 54 54 54 54 54 54 ;
  INPUT ---        54 54 54 54 54 54 54 54 54 54 54 54 54 54 54 54 ;
  INPUT ---        54 54 54 54 54 54 54 54 54 54 54 54 54 54 54 ;
  INPUT ---        54 54 54 54 54 54 54 54 54 54 54 54 54 54 ;
  INPUT ---        54 54 54 51 54 54 54 54 52 54 54 54 54 ;
  INPUT ---        54 54 54 54 54 54 54 54 54 54 54 54 ;
  INPUT ---        54 54 54 54 54 54 54 54 54 54 54 ;
  INPUT ---        54 54 54 54 54 54 54 54 54 54 ;
  INPUT ---        54 54 54 54 54 54 54 54 54 ;

  Program  MARK  - Survival Rate Estimation with Capture-Recapture Data
   gfortran(Win64) Vers. 8.1 Mar 2016    5-Aug-2016 15:55:58    Page  005
 - - - - - - - - - - - - - - - - - - - - - - - - - - - - - - - - - - - - - -
 
  INPUT ---        54 54 54 52 54 54 54 54 ;
  INPUT ---        54 54 54 54 54 54 54 ;
  INPUT ---        54 54 54 54 54 54 ;
  INPUT ---        54 54 54 54 54 ;
  INPUT ---        54 54 54 54 ;
  INPUT ---        54 54 54 ;
  INPUT ---        54 54 ;
  INPUT ---        54 ;

  INPUT ---    initial  0.8492118 0 0 0 0 -0.3123225 3.139572 0 0 0 0 0 
  INPUT ---    2.0066797 0 0 -2.9445172 0 0 0 0 17.724958 0 0 0 0  ;

  INPUT ---    design matrix constraints=54 covariates=25;
  INPUT ---        1 captive sex 96 0.186046511627907 0 0 0 0 0 0 0 0 0 0 0 0 
  INPUT ---       0 0 0 0 0 0 0 0;
  INPUT ---        1 captive sex 96 0.127659574468085 0 0 0 0 0 0 0 0 0 0 0 0 
  INPUT ---       0 0 0 0 0 0 0 0;
  INPUT ---        1 captive sex 114 0.08 0 0 0 0 0 0 0 0 0 0 0 0 0 0 0 0 0 0 
  INPUT ---       0 0;
  INPUT ---        1 captive sex 120 0.166666666666667 0 0 0 0 0 0 0 0 0 0 0 
  INPUT ---       0 0 0 0 0 0 0 0 0;
  INPUT ---        1 captive sex 115 0.169230769230769 0 0 0 0 0 0 0 0 0 0 0 
  INPUT ---       0 0 0 0 0 0 0 0 0;
  INPUT ---        1 captive sex 126 0.0615384615384615 0 0 0 0 0 0 0 0 0 0 0 
  INPUT ---       0 0 0 0 0 0 0 0 0;
  INPUT ---        1 captive sex 126 0.0776699029126214 0 0 0 0 0 0 0 0 0 0 0 
  INPUT ---       0 0 0 0 0 0 0 0 0;
  INPUT ---        1 captive sex 126 0.170212765957447 0 0 0 0 0 0 0 0 0 0 0 
  INPUT ---       0 0 0 0 0 0 0 0 0;
  INPUT ---        1 captive sex 114 0.0666666666666667 0 0 0 0 0 0 0 0 0 0 0 
  INPUT ---       0 0 0 0 0 0 0 0 0;
  INPUT ---        1 captive sex 126 0.0894308943089431 0 0 0 0 0 0 0 0 0 0 0 
  INPUT ---       0 0 0 0 0 0 0 0 0;
  INPUT ---        1 captive sex 139 0.08 0 0 0 0 0 0 0 0 0 0 0 0 0 0 0 0 0 0 
  INPUT ---       0 0;
  INPUT ---        1 captive sex 168 0.135135135135135 0 0 0 0 0 0 0 0 0 0 0 
  INPUT ---       0 0 0 0 0 0 0 0 0;
  INPUT ---        1 captive sex 180 0.213740458015267 0 0 0 0 0 0 0 0 0 0 0 
  INPUT ---       0 0 0 0 0 0 0 0 0;
  INPUT ---        1 captive sex 174 0.0869565217391304 0 0 0 0 0 0 0 0 0 0 0 
  INPUT ---       0 0 0 0 0 0 0 0 0;
  INPUT ---        1 captive sex 173 0.131428571428571 0 0 0 0 0 0 0 0 0 0 0 
  INPUT ---       0 0 0 0 0 0 0 0 0;
  INPUT ---        1 captive sex 166 0.167441860465116 0 0 0 0 0 0 0 0 0 0 0 
  INPUT ---       0 0 0 0 0 0 0 0 0;
  INPUT ---        1 captive sex 172 0.155 0 0 0 0 0 0 0 0 0 0 0 0 0 0 0 0 0 

  Program  MARK  - Survival Rate Estimation with Capture-Recapture Data
   gfortran(Win64) Vers. 8.1 Mar 2016    5-Aug-2016 15:55:58    Page  006
 - - - - - - - - - - - - - - - - - - - - - - - - - - - - - - - - - - - - - -
 
  INPUT ---       0 0 0;
  INPUT ---        1 captive sex 166 0.168831168831169 0 0 0 0 0 0 0 0 0 0 0 
  INPUT ---       0 0 0 0 0 0 0 0 0;
  INPUT ---        1 captive sex 171 0.231182795698925 0 0 0 0 0 0 0 0 0 0 0 
  INPUT ---       0 0 0 0 0 0 0 0 0;
  INPUT ---        1 captive sex 151 0.224489795918367 0 0 0 0 0 0 0 0 0 0 0 
  INPUT ---       0 0 0 0 0 0 0 0 0;
  INPUT ---        1 captive sex 192 0.125827814569536 0 0 0 0 0 0 0 0 0 0 0 
  INPUT ---       0 0 0 0 0 0 0 0 0;
  INPUT ---        1 captive sex 185 0.201612903225806 0 0 0 0 0 0 0 0 0 0 0 
  INPUT ---       0 0 0 0 0 0 0 0 0;
  INPUT ---        1 captive sex 198 0.244604316546763 0 0 0 0 0 0 0 0 0 0 0 
  INPUT ---       0 0 0 0 0 0 0 0 0;
  INPUT ---        1 captive sex 198 0.282828282828283 0 0 0 0 0 0 0 0 0 0 0 
  INPUT ---       0 0 0 0 0 0 0 0 0;
  INPUT ---        1 captive sex 195 0.314516129032258 0 0 0 0 0 0 0 0 0 0 0 
  INPUT ---       0 0 0 0 0 0 0 0 0;
  INPUT ---        1 captive sex 192 0.137254901960784 0 0 0 0 0 0 0 0 0 0 0 
  INPUT ---       0 0 0 0 0 0 0 0 0;
  INPUT ---        1 captive sex 192 0.266129032258065 0 0 0 0 0 0 0 0 0 0 0 
  INPUT ---       0 0 0 0 0 0 0 0 0;
  INPUT ---        1 captive sex 198 0.198581560283688 0 0 0 0 0 0 0 0 0 0 0 
  INPUT ---       0 0 0 0 0 0 0 0 0;
  INPUT ---        1 captive sex 198 0.293333333333333 0 0 0 0 0 0 0 0 0 0 0 
  INPUT ---       0 0 0 0 0 0 0 0 0;
  INPUT ---        1 captive sex 198 0.202453987730061 0 0 0 0 0 0 0 0 0 0 0 
  INPUT ---       0 0 0 0 0 0 0 0 0;
  INPUT ---        0 0 0 0 0 1 0 0 0 0 0 0 0 0 0 0 0 0 0 0 0 0 0 0 0;
  INPUT ---        0 0 0 0 0 0 1 0 0 0 0 0 0 0 0 0 0 0 0 0 0 0 0 0 0;
  INPUT ---        0 0 0 0 0 0 1 1 0 0 0 0 0 0 0 0 0 0 0 0 0 0 0 0 0;
  INPUT ---        0 0 0 0 0 0 1 0 1 0 0 0 0 0 0 0 0 0 0 0 0 0 0 0 0;
  INPUT ---        0 0 0 0 0 0 1 0 0 1 0 0 0 0 0 0 0 0 0 0 0 0 0 0 0;
  INPUT ---        0 0 0 0 0 0 1 0 0 0 1 0 0 0 0 0 0 0 0 0 0 0 0 0 0;
  INPUT ---        0 0 0 0 0 0 1 0 0 0 0 1 0 0 0 0 0 0 0 0 0 0 0 0 0;
  INPUT ---        0 0 0 0 0 0 0 0 0 0 0 0 1 age.t1.8 sex 0 0 0 0 0 0 0 0 0 0;
  INPUT ---        0 0 0 0 0 0 0 0 0 0 0 0 1 age.t4.6 sex 0 0 0 0 0 0 0 0 0 0;
  INPUT ---        0 0 0 0 0 0 0 0 0 0 0 0 1 age.t7.9 sex 0 0 0 0 0 0 0 0 0 0;
  INPUT ---        0 0 0 0 0 0 0 0 0 0 0 0 1 age.t11.367 sex 0 0 0 0 0 0 0 0 
  INPUT ---       0 0;
  INPUT ---        0 0 0 0 0 0 0 0 0 0 0 0 1 age.t13.934 sex 0 0 0 0 0 0 0 0 
  INPUT ---       0 0;
  INPUT ---        0 0 0 0 0 0 0 0 0 0 0 0 0 0 0 1 0 0 0 0 0 0 0 0 0;
  INPUT ---        0 0 0 0 0 0 0 0 0 0 0 0 0 0 0 1 1 0 0 0 0 0 0 0 0;
  INPUT ---        0 0 0 0 0 0 0 0 0 0 0 0 0 0 0 1 0 1 0 0 0 0 0 0 0;
  INPUT ---        0 0 0 0 0 0 0 0 0 0 0 0 0 0 0 1 0 0 1 0 0 0 0 0 0;
  INPUT ---        0 0 0 0 0 0 0 0 0 0 0 0 0 0 0 1 0 0 0 1 0 0 0 0 0;

  Program  MARK  - Survival Rate Estimation with Capture-Recapture Data
   gfortran(Win64) Vers. 8.1 Mar 2016    5-Aug-2016 15:55:58    Page  007
 - - - - - - - - - - - - - - - - - - - - - - - - - - - - - - - - - - - - - -
 
  INPUT ---        0 0 0 0 0 0 0 0 0 0 0 0 0 0 0 0 0 0 0 0 1 0 0 0 0;
  INPUT ---        0 0 0 0 0 0 0 0 0 0 0 0 0 0 0 0 0 0 0 0 1 1 0 0 0;
  INPUT ---        0 0 0 0 0 0 0 0 0 0 0 0 0 0 0 0 0 0 0 0 1 0 1 0 0;
  INPUT ---        0 0 0 0 0 0 0 0 0 0 0 0 0 0 0 0 0 0 0 0 1 0 0 1 0;
  INPUT ---        0 0 0 0 0 0 0 0 0 0 0 0 0 0 0 0 0 0 0 0 1 0 0 0 1;
  INPUT ---        0 0 0 0 0 0 0 0 0 0 0 0 0 0 0 0 0 0 0 0 0 0 0 0 0;
  INPUT ---        0 0 0 0 0 0 0 0 0 0 0 0 0 0 0 0 0 0 0 0 0 0 0 0 0;

  INPUT ---    links=54;

  INPUT ---    Log;

  INPUT ---    Log;

  INPUT ---    Log;

  INPUT ---    Log;

  INPUT ---    Log;

  INPUT ---    Log;

  INPUT ---    Log;

  INPUT ---    Log;

  INPUT ---    Log;

  INPUT ---    Log;

  INPUT ---    Log;

  INPUT ---    Log;

  INPUT ---    Log;

  INPUT ---    Log;

  INPUT ---    Log;

  INPUT ---    Log;

  INPUT ---    Log;

  INPUT ---    Log;


  Program  MARK  - Survival Rate Estimation with Capture-Recapture Data
   gfortran(Win64) Vers. 8.1 Mar 2016    5-Aug-2016 15:55:58    Page  008
 - - - - - - - - - - - - - - - - - - - - - - - - - - - - - - - - - - - - - -
 
  INPUT ---    Log;

  INPUT ---    Log;

  INPUT ---    Log;

  INPUT ---    Log;

  INPUT ---    Log;

  INPUT ---    Log;

  INPUT ---    Log;

  INPUT ---    Log;

  INPUT ---    Log;

  INPUT ---    Log;

  INPUT ---    Log;

  INPUT ---    Log;

  INPUT ---    Log;

  INPUT ---    Log;

  INPUT ---    Log;

  INPUT ---    Log;

  INPUT ---    Log;

  INPUT ---    Log;

  INPUT ---    Log;

  INPUT ---    Logit;

  INPUT ---    Logit;

  INPUT ---    Logit;

  INPUT ---    Logit;


  Program  MARK  - Survival Rate Estimation with Capture-Recapture Data
   gfortran(Win64) Vers. 8.1 Mar 2016    5-Aug-2016 15:55:58    Page  009
 - - - - - - - - - - - - - - - - - - - - - - - - - - - - - - - - - - - - - -
 
  INPUT ---    Logit;

  INPUT ---    Logit;

  INPUT ---    Logit;

  INPUT ---    Logit;

  INPUT ---    Logit;

  INPUT ---    Logit;

  INPUT ---    Logit;

  INPUT ---    Logit;

  INPUT ---    Logit;

  INPUT ---    Logit;

  INPUT ---    Logit;

  INPUT ---    Logit;

  INPUT ---    Logit;
  INPUT ---       blabel(1)=alpha:(Intercept);
  INPUT ---       blabel(2)=alpha:captive;
  INPUT ---       blabel(3)=alpha:sex;
  INPUT ---       blabel(4)=alpha:effort.trapdays;
  INPUT ---       blabel(5)=alpha:recordloss.agout.total;
  INPUT ---       blabel(6)=sigma:(Intercept);
  INPUT ---       blabel(7)=U:(Intercept);
  INPUT ---       blabel(8)=U:sample_monthB;
  INPUT ---       blabel(9)=U:sample_monthC;
  INPUT ---       blabel(10)=U:sample_monthD;
  INPUT ---       blabel(11)=U:sample_monthE;
  INPUT ---       blabel(12)=U:sample_monthF;
  INPUT ---       blabel(13)=Phi:(Intercept);
  INPUT ---       blabel(14)=Phi:age.t;
  INPUT ---       blabel(15)=Phi:sex;
  INPUT ---       blabel(16)=GammaDoublePrime:(Intercept);
  INPUT ---       blabel(17)=GammaDoublePrime:sample_monthB;
  INPUT ---       blabel(18)=GammaDoublePrime:sample_monthC;
  INPUT ---       blabel(19)=GammaDoublePrime:sample_monthD;
  INPUT ---       blabel(20)=GammaDoublePrime:sample_monthE;
  INPUT ---       blabel(21)=GammaPrime:(Intercept);

  Program  MARK  - Survival Rate Estimation with Capture-Recapture Data
   gfortran(Win64) Vers. 8.1 Mar 2016    5-Aug-2016 15:55:58    Page  010
 - - - - - - - - - - - - - - - - - - - - - - - - - - - - - - - - - - - - - -
 
  INPUT ---       blabel(22)=GammaPrime:sample_monthB;
  INPUT ---       blabel(23)=GammaPrime:sample_monthC;
  INPUT ---       blabel(24)=GammaPrime:sample_monthD;
  INPUT ---       blabel(25)=GammaPrime:sample_monthE;
  INPUT ---       rlabel(1)=alpha g1 a0 t1;
  INPUT ---       rlabel(2)=alpha g1 a0.2 t1.2;
  INPUT ---       rlabel(3)=alpha g1 a0.4 t1.4;
  INPUT ---       rlabel(4)=alpha g1 a0.6 t1.6;
  INPUT ---       rlabel(5)=alpha g1 a0.8 t1.8;
  INPUT ---       rlabel(6)=alpha g1 a2.8 t3.8;
  INPUT ---       rlabel(7)=alpha g1 a3 t4;
  INPUT ---       rlabel(8)=alpha g1 a3.2 t4.2;
  INPUT ---       rlabel(9)=alpha g1 a3.4 t4.4;
  INPUT ---       rlabel(10)=alpha g1 a3.6 t4.6;
  INPUT ---       rlabel(11)=alpha g1 a6.1 t7.1;
  INPUT ---       rlabel(12)=alpha g1 a6.3 t7.3;
  INPUT ---       rlabel(13)=alpha g1 a6.5 t7.5;
  INPUT ---       rlabel(14)=alpha g1 a6.7 t7.7;
  INPUT ---       rlabel(15)=alpha g1 a6.9 t7.9;
  INPUT ---       rlabel(16)=alpha g1 a9.567 t10.567;
  INPUT ---       rlabel(17)=alpha g1 a9.767 t10.767;
  INPUT ---       rlabel(18)=alpha g1 a9.967 t10.967;
  INPUT ---       rlabel(19)=alpha g1 a10.167 t11.167;
  INPUT ---       rlabel(20)=alpha g1 a10.367 t11.367;
  INPUT ---       rlabel(21)=alpha g1 a12.134 t13.134;
  INPUT ---       rlabel(22)=alpha g1 a12.334 t13.334;
  INPUT ---       rlabel(23)=alpha g1 a12.534 t13.534;
  INPUT ---       rlabel(24)=alpha g1 a12.734 t13.734;
  INPUT ---       rlabel(25)=alpha g1 a12.934 t13.934;
  INPUT ---       rlabel(26)=alpha g1 a16.101 t17.101;
  INPUT ---       rlabel(27)=alpha g1 a16.301 t17.301;
  INPUT ---       rlabel(28)=alpha g1 a16.501 t17.501;
  INPUT ---       rlabel(29)=alpha g1 a16.701 t17.701;
  INPUT ---       rlabel(30)=alpha g1 a16.901 t17.901;
  INPUT ---       rlabel(31)=sigma g1 a0 t1;
  INPUT ---       rlabel(32)=U g1 a0 t1;
  INPUT ---       rlabel(33)=U g1 a2.8 t3.8;
  INPUT ---       rlabel(34)=U g1 a6.1 t7.1;
  INPUT ---       rlabel(35)=U g1 a9.567 t10.567;
  INPUT ---       rlabel(36)=U g1 a12.134 t13.134;
  INPUT ---       rlabel(37)=U g1 a16.101 t17.101;
  INPUT ---       rlabel(38)=Phi g1 c1 a0.8 t1.8;
  INPUT ---       rlabel(39)=Phi g1 c1 a3.6 t4.6;
  INPUT ---       rlabel(40)=Phi g1 c1 a6.9 t7.9;
  INPUT ---       rlabel(41)=Phi g1 c1 a10.367 t11.367;
  INPUT ---       rlabel(42)=Phi g1 c1 a12.934 t13.934;

  Program  MARK  - Survival Rate Estimation with Capture-Recapture Data
   gfortran(Win64) Vers. 8.1 Mar 2016    5-Aug-2016 15:55:58    Page  011
 - - - - - - - - - - - - - - - - - - - - - - - - - - - - - - - - - - - - - -
 
  INPUT ---       rlabel(43)=Gamma'' g1 c1 a0.8 t1.8;
  INPUT ---       rlabel(44)=Gamma'' g1 c1 a3.6 t4.6;
  INPUT ---       rlabel(45)=Gamma'' g1 c1 a6.9 t7.9;
  INPUT ---       rlabel(46)=Gamma'' g1 c1 a10.367 t11.367;
  INPUT ---       rlabel(47)=Gamma'' g1 c1 a12.934 t13.934;
  INPUT ---       rlabel(48)=Gamma' g1 c1 a0.8 t1.8;
  INPUT ---       rlabel(49)=Gamma' g1 c1 a3.6 t4.6;
  INPUT ---       rlabel(50)=Gamma' g1 c1 a6.9 t7.9;
  INPUT ---       rlabel(51)=Gamma' g1 c1 a10.367 t11.367;
  INPUT ---       rlabel(52)=Gamma' g1 c1 a12.934 t13.934;
  INPUT ---       rlabel(53)=Phi g1 c1 a0 t1;
  INPUT ---       rlabel(54)=Gamma'' g1 c1 a0 t1;

 Link Function Used is PARM-SPECIFIC

 Variance Estimation Procedure Used is 2ndPart 

 M(t+1):
 Group=Group 1                                                                         
       3      3      3      2      3      5      5      5      2      5      5
       4      4      4      4     10      7      7      7      5      5      5
       5      3      4      5      5      5      4      5


 -2logL(saturated) = -0.0000000    
 Effective Sample Size = 169
 Results from first iteration:
  -2logL Initial { alpha(~1 + captive + sex + effort.trapdays + recordloss.agout.total)sigma(~1)U(~sample_month)Phi(~1 + age.t + sex)Gamma''(~1 + sample_month)Gamma'(~1 + sample_m } = 1138.4459     
  Penalty Initial { alpha(~1 + captive + sex + effort.trapdays + recordloss.agout.total)sigma(~1)U(~sample_month)Phi(~1 + age.t + sex)Gamma''(~1 + sample_month)Gamma'(~1 + sample_m } = -0.0000000    

 Number of function evaluations was 58 for 25 parameters.
 Time for numerical optimization was 8.19 seconds.
 -2logL { alpha(~1 + captive + sex + effort.trapdays + recordloss.agout.total)sigma(~1)U(~sample_month)Phi(~1 + age.t + sex)Gamma''(~1 + sample_month)Gamma'(~1 + sample_m } = 1044.3275     
 Penalty { alpha(~1 + captive + sex + effort.trapdays + recordloss.agout.total)sigma(~1)U(~sample_month)Phi(~1 + age.t + sex)Gamma''(~1 + sample_month)Gamma'(~1 + sample_m } = -0.0000000    

   * *  WARNING  * *   Numerical underflow occurred during optimization of this model. 
     IEEE flag status at end of optimization:
     overflow       F
     divide by zero F
     invalid        F
     underflow      T
     inexact        T

 Gradient { alpha(~1 + captive + sex + effort.trapdays + recordloss.agout.total)sigma(~1)U(~sample_month)Phi(~1 + age.t + sex)Gamma''(~1 + sample_month)Gamma'(~1 + sample_m }:
 -0.4657686E-03 0.3595796E-03 0.2561226E-03-0.1157514E-02 0.4843370E-03
  0.1226985E-02-0.4468318E-03-0.1169483E-03 0.4780936E-04-0.1212180E-03
 -0.1001582E-03-0.1231588E-03-0.4121847E-03 0.3151192E-04 0.6493524E-03
  0.4583298E-04  0.000000      0.000000     0.4553969E-04  0.000000    
   0.000000      0.000000      0.000000      0.000000      0.000000    

  Program  MARK  - Survival Rate Estimation with Capture-Recapture Data
   gfortran(Win64) Vers. 8.1 Mar 2016    5-Aug-2016 15:56:08    Page  012
 - - - - - - - - - - - - - - - - - - - - - - - - - - - - - - - - - - - - - -
 
 S Vector { alpha(~1 + captive + sex + effort.trapdays + recordloss.agout.total)sigma(~1)U(~sample_month)Phi(~1 + age.t + sex)Gamma''(~1 + sample_month)Gamma'(~1 + sample_m }:
   5633.729      393.1170      305.5986      288.0415      254.0611    
   210.8957      126.7347      46.98454      28.95867      11.50817    
   10.58135      4.834325      2.640432      1.600027      1.079808    
  0.2032543     0.5169438E-06 0.3147883E-06 0.3143605E-06 0.2709436E-06
  -0.000000     -0.000000     -0.000000     -0.000000      0.000000    
 Time to compute number of parameters was 6.30 seconds.
   Threshold =  0.5200000E-06     Condition index =   0.000000         New Threshold =   0.000000    
 New Guessimate of Estimated Parameters { alpha(~1 + captive + sex + effort.trapdays + recordloss.agout.total)sigma(~1)U(~sample_month)Phi(~1 + age.t + sex)Gamma''(~1 + sample_month)Gamma'(~1 + sample_m } = 20          
 Conditioned S Vector { alpha(~1 + captive + sex + effort.trapdays + recordloss.agout.total)sigma(~1)U(~sample_month)Phi(~1 + age.t + sex)Gamma''(~1 + sample_month)Gamma'(~1 + sample_m }:
   1.000000     0.6977918E-01 0.5424445E-01 0.5112804E-01 0.4509644E-01
  0.3743448E-01 0.2249571E-01 0.8339865E-02 0.5140231E-02 0.2042728E-02
  0.1878214E-02 0.8581039E-03 0.4686828E-03 0.2840085E-03 0.1916685E-03
  0.3607810E-04 0.9175873E-10 0.5587565E-10 0.5579972E-10 0.4809312E-10
  -0.000000     -0.000000     -0.000000     -0.000000      0.000000    
 Number of Estimated Parameters { alpha(~1 + captive + sex + effort.trapdays + recordloss.agout.total)sigma(~1)U(~sample_month)Phi(~1 + age.t + sex)Gamma''(~1 + sample_month)Gamma'(~1 + sample_m } = 16          
 DEVIANCE { alpha(~1 + captive + sex + effort.trapdays + recordloss.agout.total)sigma(~1)U(~sample_month)Phi(~1 + age.t + sex)Gamma''(~1 + sample_month)Gamma'(~1 + sample_m } = 1044.3275                     
 DEVIANCE Degrees of Freedom { alpha(~1 + captive + sex + effort.trapdays + recordloss.agout.total)sigma(~1)U(~sample_month)Phi(~1 + age.t + sex)Gamma''(~1 + sample_month)Gamma'(~1 + sample_m } = -2            
 c-hat { alpha(~1 + captive + sex + effort.trapdays + recordloss.agout.total)sigma(~1)U(~sample_month)Phi(~1 + age.t + sex)Gamma''(~1 + sample_month)Gamma'(~1 + sample_m } = 1.0000000                     
 AIC { alpha(~1 + captive + sex + effort.trapdays + recordloss.agout.total)sigma(~1)U(~sample_month)Phi(~1 + age.t + sex)Gamma''(~1 + sample_month)Gamma'(~1 + sample_m } = 1076.3275                  
 AICc { alpha(~1 + captive + sex + effort.trapdays + recordloss.agout.total)sigma(~1)U(~sample_month)Phi(~1 + age.t + sex)Gamma''(~1 + sample_month)Gamma'(~1 + sample_m } = 1079.9064                    
 BIC { alpha(~1 + captive + sex + effort.trapdays + recordloss.agout.total)sigma(~1)U(~sample_month)Phi(~1 + age.t + sex)Gamma''(~1 + sample_month)Gamma'(~1 + sample_m } = 1126.4059                    
 Pearson Chisquare { alpha(~1 + captive + sex + effort.trapdays + recordloss.agout.total)sigma(~1)U(~sample_month)Phi(~1 + age.t + sex)Gamma''(~1 + sample_month)Gamma'(~1 + sample_m } = 0.1140462E+033             

   * *  WARNING  * *   Numerical underflow occurred during variance-covariance calculation of this model. 
     IEEE flag status at end of variance-covariance calculation:
     overflow       F
     divide by zero F
     invalid        F
     underflow      T
     inexact        T



 PARM-SPECIFIC Link Function Parameters of { alpha(~1 + captive + sex + effort.trapdays + recordloss.agout.total)sigma(~1)U(~sample_month)Phi(~1 + age.t + sex)Gamma''(~1 + sample_month)Gamma'(~1 + sample_m }
                                                              95% Confidence Interval
 Parameter                    Beta         Standard Error      Lower           Upper
 -------------------------  --------------  --------------  --------------  --------------
    1:alpha:(Intercept)     0.3668725       0.3514139       -0.3218987      1.0556438     
    2:alpha:captive         0.2646640       0.1075426       0.0538805       0.4754476     
    3:alpha:sex             0.5091805       0.2026204       0.1120446       0.9063165     
    4:alpha:effort.trapday  0.0039775       0.0017850       0.4789218E-003  0.0074760     
    5:alpha:recordloss.ago  -2.8495186      0.5499177       -3.9273572      -1.7716799    
    6:sigma:(Intercept)     -0.8160473      0.1423384       -1.0950306      -0.5370640    
    7:U:(Intercept)         2.5620022       0.1399566       2.2876873       2.8363171     
    8:U:sample_monthB       0.3609561       0.1298448       0.1064604       0.6154519     
    9:U:sample_monthC       0.4267520       0.1487094       0.1352817       0.7182224     
   10:U:sample_monthD       0.8757424       0.1471659       0.5872971       1.1641876     
   11:U:sample_monthE       0.3620873       0.1678668       0.0330684       0.6911063     
   12:U:sample_monthF       0.6615644       0.1727586       0.3229575       1.0001713     
   13:Phi:(Intercept)       -1.6478264      1.6671250       -4.9153916      1.6197387     
   14:Phi:age.t             2.6077402       1.0181810       0.6121055       4.6033749     
   15:Phi:sex               1.8012362       1.4549847       -1.0505338      4.6530062     
   16:GammaDoublePrime:(In  -16.363213      1356.8885       -2675.8647      2643.1383     
   17:GammaDoublePrime:sam  -5.4955058      0.0000000       -5.4955058      -5.4955058    
   18:GammaDoublePrime:sam  -5.4956282      0.0000000       -5.4956282      -5.4956282    

  Program  MARK  - Survival Rate Estimation with Capture-Recapture Data
   gfortran(Win64) Vers. 8.1 Mar 2016    5-Aug-2016 15:56:08    Page  013
 - - - - - - - - - - - - - - - - - - - - - - - - - - - - - - - - - - - - - -
 
   19:GammaDoublePrime:sam  14.977177       1356.8887       -2644.5248      2674.4791     
   20:GammaDoublePrime:sam  -5.4954271      0.0000000       -5.4954271      -5.4954271    
   21:GammaPrime:(Intercep  17.724958       0.0000000       17.724958       17.724958     
   22:GammaPrime:sample_mo  0.0000000       0.0000000       0.0000000       0.0000000     
   23:GammaPrime:sample_mo  0.0000000       0.0000000       0.0000000       0.0000000     
   24:GammaPrime:sample_mo  0.2623540E-005  0.0000000       0.2623540E-005  0.2623540E-005
   25:GammaPrime:sample_mo  0.0000000       0.0000000       0.0000000       0.0000000     


 Real Function Parameters of { alpha(~1 + captive + sex + effort.trapdays + recordloss.agout.total)sigma(~1)U(~sample_month)Phi(~1 + age.t + sex)Gamma''(~1 + sample_month)Gamma'(~1 + sample_m }

  Program  MARK  - Survival Rate Estimation with Capture-Recapture Data
   gfortran(Win64) Vers. 8.1 Mar 2016    5-Aug-2016 15:56:08    Page  014
 - - - - - - - - - - - - - - - - - - - - - - - - - - - - - - - - - - - - - -
 

      Following estimates based on unstandardized individual covariate values:
          Variable   Value         
          ---------  ------------- 
          CAPTIVE    0.2142857     
          SEX        0.8461538     
          AGE.T1     1.0000000     
          AGE.T1.2   1.0000000     
          AGE.T1.4   1.0000000     
          AGE.T1.6   1.0000000     
          AGE.T1.8   1.0000000     
          AGE.T3.8   1.0000000     
          AGE.T4     1.0000000     
          AGE.T4.2   1.0000000     
          AGE.T4.4   1.0000000     
          AGE.T4.6   1.0000000     
          AGE.T7.1   0.8333333     
          AGE.T7.3   0.8333333     
          AGE.T7.5   0.8333333     
          AGE.T7.7   0.8333333     
          AGE.T7.9   0.8333333     
          AGE.T10.56 0.6666667     
          AGE.T10.76 0.6666667     
          AGE.T10.96 0.6666667     
          AGE.T11.16 0.6666667     
          AGE.T11.36 0.6666667     
          AGE.T13.13 1.0000000     
          AGE.T13.33 1.0000000     
          AGE.T13.53 1.0000000     
          AGE.T13.73 1.0000000     
          AGE.T13.93 1.0000000     
          AGE.T17.10 0.9230769     
          AGE.T17.30 0.9230769     
          AGE.T17.50 0.9230769     
          AGE.T17.70 0.9230769     
                                                               95% Confidence Interval
  Parameter                  Estimate       Standard Error      Lower           Upper
 --------------------------  --------------  --------------  --------------  --------------
     1:alpha g1 a0 t1        2.0261245       0.2943316       1.5263576       2.6895272                           
     2:alpha g1 a0.2 t1.2    2.3928844       0.3219706       1.8403524       3.1113040                           
     3:alpha g1 a0.4 t1.4    2.9443871       0.3202137       2.3806397       3.6416327                           
     4:alpha g1 a0.6 t1.6    2.3556276       0.2509121       1.9129075       2.9008101                           
     5:alpha g1 a0.8 t1.8    2.2924323       0.2606363       1.8358139       2.8626247                           
     6:alpha g1 a2.8 t3.8    3.2551447       0.3240057       2.6794883       3.9544742                           
     7:alpha g1 a3 t4        3.1089029       0.3022949       2.5705941       3.7599391                           
     8:alpha g1 a3.2 t4.2    2.3882653       0.2376084       1.9660903       2.9010931                           
     9:alpha g1 a3.4 t4.4    3.0584072       0.3354429       2.4683892       3.7894570                           
    10:alpha g1 a3.6 t4.6    3.0064402       0.2887395       2.4916611       3.6275732                           
    11:alpha g1 a6.1 t7.1    3.2522181       0.2874224       2.7358837       3.8659987                           

  Program  MARK  - Survival Rate Estimation with Capture-Recapture Data
   gfortran(Win64) Vers. 8.1 Mar 2016    5-Aug-2016 15:56:08    Page  015
 - - - - - - - - - - - - - - - - - - - - - - - - - - - - - - - - - - - - - -
 
    12:alpha g1 a6.3 t7.3    3.1191955       0.2375791       2.6872116       3.6206232                           
    13:alpha g1 a6.5 t7.5    2.6151393       0.2012805       2.2494459       3.0402835                           
    14:alpha g1 a6.7 t7.7    3.6646241       0.3367514       3.0617754       4.3861706                           
    15:alpha g1 a6.9 t7.9    3.2156334       0.2546458       2.7540005       3.7546464                           
    16:alpha g1 a9.567 t10.  2.8223266       0.2044122       2.4492713       3.2522029                           
    17:alpha g1 a9.767 t10.  2.9948066       0.2242851       2.5864799       3.4675958                           
    18:alpha g1 a9.967 t10.  2.8111755       0.2034963       2.4397776       3.2391098                           
    19:alpha g1 a10.167 t11  2.4008382       0.1868166       2.0617073       2.7957528                           
    20:alpha g1 a10.367 t11  2.2599450       0.1924784       1.9130709       2.6697136                           
    21:alpha g1 a12.134 t13  3.5238552       0.3419384       2.9148310       4.2601288                           
    22:alpha g1 a12.334 t13  2.7614678       0.2187339       2.3649452       3.2244741                           
    23:alpha g1 a12.534 t13  2.5727222       0.2329679       2.1551122       3.0712552                           
    24:alpha g1 a12.734 t13  2.3072230       0.2209325       1.9132230       2.7823615                           
    25:alpha g1 a12.934 t13  2.0830166       0.2125491       1.7063187       2.5428769                           
    26:alpha g1 a16.101 t17  3.4109605       0.3209404       2.8376662       4.1000776                           
    27:alpha g1 a16.301 t17  2.3626047       0.2109788       1.9839417       2.8135409                           
    28:alpha g1 a16.501 t17  2.9332389       0.2656978       2.4569719       3.5018270                           
    29:alpha g1 a16.701 t17  2.2391813       0.2192870       1.8489573       2.7117625                           
    30:alpha g1 a16.901 t17  2.9010499       0.2619834       2.4313129       3.4615415                           
    31:sigma g1 a0 t1        0.4421760       0.0629386       0.3349973       0.5836453                           
    32:U g1 a0 t1            12.961743       1.8140811       9.8652307       17.030193                           
    33:U g1 a2.8 t3.8        18.596219       2.0615331       14.974376       23.094076                           
    34:U g1 a6.1 t7.1        19.860924       1.6530855       16.876108       23.373655                           
    35:U g1 a9.567 t10.567   31.116696       2.2966384       26.931018       35.952921                           
    36:U g1 a12.134 t13.134  18.617267       1.6324614       15.682653       22.101021                           
    37:U g1 a16.101 t17.101  25.117544       2.2717647       21.044824       29.978441                           
    38:Phi g1 c1 a0.8 t1.8   0.9230151       0.0381859       0.8070187       0.9717312                           
    39:Phi g1 c1 a3.6 t4.6   0.9230151       0.0381859       0.8070187       0.9717312                           
    40:Phi g1 c1 a6.9 t7.9   0.8858883       0.0469155       0.7576403       0.9506890                           
    41:Phi g1 c1 a10.367 t1  0.8340753       0.0618259       0.6768165       0.9234661                           
    42:Phi g1 c1 a12.934 t1  0.9230151       0.0381859       0.8070187       0.9717312                           
    43:Gamma'' g1 c1 a0.8 t  0.7826126E-007  0.1061918E-003  0.7716307E-311  1.0000000                           
    44:Gamma'' g1 c1 a3.6 t  0.3212765E-009  0.0000000       0.3212765E-009  0.3212765E-009                      
    45:Gamma'' g1 c1 a6.9 t  0.3212372E-009  0.0000000       0.3212372E-009  0.3212372E-009                      
    46:Gamma'' g1 c1 a10.36  0.2000413       0.1789116       0.0271893       0.6911053                           
    47:Gamma'' g1 c1 a12.93  0.3213018E-009  0.0000000       0.3213018E-009  0.3213018E-009                      
    48:Gamma' g1 c1 a0.8 t1  1.0000000       0.0000000       1.0000000       1.0000000                           
    49:Gamma' g1 c1 a3.6 t4  1.0000000       0.0000000       1.0000000       1.0000000                           
    50:Gamma' g1 c1 a6.9 t7  1.0000000       0.0000000       1.0000000       1.0000000                           
    51:Gamma' g1 c1 a10.367  1.0000000       0.0000000       1.0000000       1.0000000                           
    52:Gamma' g1 c1 a12.934  1.0000000       0.0000000       1.0000000       1.0000000                           
    53:Phi g1 c1 a0 t1       1.0000000       0.0000000       1.0000000       1.0000000       Fixed               
    54:Gamma'' g1 c1 a0 t1   0.0000000       0.0000000       0.0000000       0.0000000       Fixed               

  Program  MARK  - Survival Rate Estimation with Capture-Recapture Data
   gfortran(Win64) Vers. 8.1 Mar 2016    5-Aug-2016 15:56:08    Page  016
 - - - - - - - - - - - - - - - - - - - - - - - - - - - - - - - - - - - - - -
 


                      Estimates of Derived Parameters
 Population Estimates of { alpha(~1 + captive + sex + effort.trapdays + recordloss.agout.total)sigma(~1)U(~sample_month)Phi(~1 + age.t + sex)Gamma''(~1 + sample_month)Gamma'(~1 + sample_m }
                                                95% Confidence Interval
 Grp. Occ.   N-hat           Standard Error      Lower           Upper
 ---- ----   --------------  --------------  --------------  --------------
   1     1   15.961743       1.8140821       12.783451       19.930239     
   1     2   15.961743       1.8140821       12.783451       19.930239     
   1     3   15.961743       1.8140821       12.783451       19.930239     
   1     4   15.122546       1.8474914       11.912923       19.196919     
   1     5   15.961743       1.8140821       12.783451       19.930239     
   1     6   23.596219       2.0615339       19.889110       27.994293     
   1     7   23.596219       2.0615339       19.889110       27.994293     
   1     8   23.596219       2.0615339       19.889110       27.994293     
   1     9   20.743893       2.0912338       17.033119       25.263083     
   1    10   23.596219       2.0615339       19.889110       27.994293     
   1    11   25.123006       1.6895091       22.023800       28.658335     
   1    12   24.081229       1.6836562       21.000891       27.613379     
   1    13   24.194989       1.6888450       21.104809       27.737635     
   1    14   24.031082       1.6815790       20.954725       27.559077     
   1    15   24.098011       1.6855107       21.014367       27.634149     
   1    16   38.902145       2.4069745       34.463302       43.912708     
   1    17   38.682412       2.3686879       34.311419       43.610234     
   1    18   38.908545       2.4076565       34.468476       43.920564     
   1    19   39.123168       2.4185774       34.662693       44.157627     
   1    20   37.098681       2.4308854       32.631897       42.176896     
   1    21   22.845190       1.6680416       19.802761       26.355047     
   1    22   24.108445       1.6944389       21.009510       27.664479     
   1    23   24.122967       1.7026932       21.009858       27.697357     
   1    24   21.981020       1.6814942       18.924603       25.531064     
   1    25   23.318681       1.7239563       20.177111       26.949391     
   1    26   30.378988       2.3190325       26.163060       35.274273     
   1    27   30.723658       2.3593865       26.436307       35.706317     
   1    28   30.494195       2.3376815       26.245722       35.430381     
   1    29   29.697712       2.3587262       25.422704       34.691593     
   1    30   30.503950       2.3389289       26.253279       35.442848     
 Mean Resighting Rate Estimates of { alpha(~1 + captive + sex + effort.trapdays + recordloss.agout.total)sigma(~1)U(~sample_month)Phi(~1 + age.t + sex)Gamma''(~1 + sample_month)Gamma'(~1 + sample_m }
                                                95% Confidence Interval
 Grp. Occ.   Lambda-hat      Standard Error      Lower           Upper
 ---- ----   --------------  --------------  --------------  --------------
   1     1   2.2342032       0.3114764       1.7022477       2.9323956     
   1     2   2.6386286       0.3391025       2.0532038       3.3909740     
   1     3   3.2467694       0.3291115       2.6631002       3.9583609     
   1     4   2.5975456       0.2554021       2.1432310       3.1481641     
   1     5   2.5278603       0.2681519       2.0545164       3.1102587     
   1     6   3.5894412       0.3282209       3.0016009       4.2924055     
   1     7   3.4281807       0.3044509       2.8814890       4.0785936     
   1     8   2.6335351       0.2385677       2.2059021       3.1440685     
   1     9   3.3724992       0.3454959       2.7604276       4.1202859     

  Program  MARK  - Survival Rate Estimation with Capture-Recapture Data
   gfortran(Win64) Vers. 8.1 Mar 2016    5-Aug-2016 15:56:08    Page  017
 - - - - - - - - - - - - - - - - - - - - - - - - - - - - - - - - - - - - - -
 
   1    10   3.3151953       0.2897751       2.7941345       3.9334254     
   1    11   3.9610304       0.2880561       3.4354777       4.5669812     
   1    12   3.6722674       0.2231194       3.2603463       4.1362317     
   1    13   3.3341470       0.1923589       2.9779387       3.7329633     
   1    14   4.7552511       0.3414855       4.1316562       5.4729658     
   1    15   4.4813009       0.2518415       4.0142540       5.0026874     
   1    16   3.6348933       0.1918579       3.2778852       4.0307847     
   1    17   4.2270027       0.2185236       3.8199393       4.6774438     
   1    18   3.8833673       0.1949861       3.5196159       4.2847123     
   1    19   3.2786244       0.1843319       2.9367841       3.6602547     
   1    20   3.0143785       0.1959119       2.6541983       3.4234358     
   1    21   5.3072588       0.3598691       4.6474850       6.0606965     
   1    22   3.4094356       0.2091977       3.0234457       3.8447031     
   1    23   3.1960251       0.2325523       2.7717549       3.6852380     
   1    24   3.1276119       0.2307330       2.7070812       3.6134698     
   1    25   4.0000666       0.2623725       3.5179856       4.5482087     
   1    26   4.1386689       0.3222416       3.5537267       4.8198924     
   1    27   2.6052392       0.2026695       2.2373229       3.0336574     
   1    28   3.7872376       0.2675498       3.2980943       4.3489263     
   1    29   3.1205090       0.2328577       2.6964620       3.6112418     
   1    30   3.7506457       0.2637285       3.2683312       4.3041363     
 Pr(Captured 1 or more times) of { alpha(~1 + captive + sex + effort.trapdays + recordloss.agout.total)sigma(~1)U(~sample_month)Phi(~1 + age.t + sex)Gamma''(~1 + sample_month)Gamma'(~1 + sample_m }
                                                95% Confidence Interval
 Grp. Occ.      p*-hat       Standard Error      Lower           Upper
 ---- ----   --------------  --------------  --------------  --------------
   1     1   0.2942660       0.0107654       0.2736151       0.3157978     
   1     2   0.3048447       0.0083986       0.2886372       0.3215509     
   1     3   0.3151337       0.0054958       0.3044626       0.3260034     
   1     4   0.4627908       0.0110436       0.4412287       0.4844930     
   1     5   0.3023182       0.0078448       0.2871676       0.3179118     
   1     6   0.1900601       0.0029485       0.1843483       0.1959065     
   1     7   0.1889297       0.0031031       0.1829225       0.1950870     
   1     8   0.1806747       0.0043290       0.1723445       0.1893154     
   1     9   0.4656201       0.0101758       0.4457410       0.4856090     
   1    10   0.1880498       0.0032231       0.1818139       0.1944488     
   1    11   0.1929705       0.0020492       0.1889858       0.1970189     
   1    12   0.2394965       0.0028105       0.2340314       0.2450484     
   1    13   0.2373136       0.0030614       0.2313657       0.2433661     
   1    14   0.2447463       0.0017897       0.2412554       0.2482711     
   1    15   0.2440949       0.0017311       0.2407180       0.2475038     
   1    16   0.1342819       0.0019137       0.1305752       0.1380771     
   1    17   0.1382244       0.0011887       0.1359109       0.1405708     
   1    18   0.1354914       0.0018097       0.1319835       0.1390777     
   1    19   0.1324782       0.0021061       0.1284044       0.1366610     
   1    20   0.1788415       0.0046196       0.1699657       0.1880758     
   1    21   0.2463424       0.0013161       0.2437719       0.2489310     
   1    22   0.1871129       0.0029529       0.1813940       0.1929695     
   1    23   0.1867799       0.0031758       0.1806351       0.1930846     
   1    24   0.3122176       0.0051034       0.3023034       0.3223067     
   1    25   0.2415531       0.0024671       0.2367506       0.2464215     

  Program  MARK  - Survival Rate Estimation with Capture-Recapture Data
   gfortran(Win64) Vers. 8.1 Mar 2016    5-Aug-2016 15:56:08    Page  018
 - - - - - - - - - - - - - - - - - - - - - - - - - - - - - - - - - - - - - -
 
   1    26   0.1929934       0.0021966       0.1887246       0.1973352     
   1    27   0.1783767       0.0044400       0.1698398       0.1872458     
   1    28   0.1915702       0.0023354       0.1870346       0.1961893     
   1    29   0.2324206       0.0041466       0.2243926       0.2406467     
   1    30   0.1913570       0.0023683       0.1867581       0.1960418     

 Attempted ordering of parameters by estimatibility:
   1  7 10 12 11  9  2  6  8  3 13  4  5 16 14 15 20 19 18 17 21 22 23 24 25

 Beta number 25 is a singular value.

     CPU Time in seconds for last procedure was 14.81


  INPUT --- proc stop;

   * *  WARNING  * *   Numerical underflow occurred during final processing of this model. 
     IEEE flag status at final processing of this model:
     overflow       F
     divide by zero F
     invalid        F
     underflow      T
     inexact        T


     CPU Time in minutes for this job was 0.25

     Time Start = 15:55:58.497   Time End = 15:56:08.797

     Wall Clock Time in minutes for this job was 0.17


          E X E C U T I O N   S U C C E S S F U L 
