
   Program  MARK  - Survival Rate Estimation with Capture-Recapture Data
   gfortran(Win64) Vers. 8.1 Mar 2016    5-Aug-2016 15:40:07    Page  001
 - - - - - - - - - - - - - - - - - - - - - - - - - - - - - - - - - - - - - -
 
   This version was compiled by GCC version 5.3.0 using the options: 
     -cpp -iprefix c:\tdm-gcc-64\gcc\bin\../lib/gcc/x86_64-w64-mingw32/5.3.0/ -D_MT
     -U_REENTRANT -D IEEE -m64 -mtune=generic -march=x86-64 -mthreads -O2
     -fimplicit-none -fbounds-check -funroll-loops -ftree-vectorize
     -ffpe-summary=invalid,zero,overflow,underflow -fno-unsafe-math-optimizations
     -frounding-math -fsignaling-nans -fopenmp.

   This problem will use 3 of 4 possible threads.


  INPUT --- proc title ;

     CPU Time in seconds for last procedure was 0.00


  INPUT --- proc chmatrix occasions= 30 groups= 1 etype= PoissonMR 
  INPUT --- ICMeans NoHist hist= 14 ;

  INPUT ---    time  interval 0.2 0.2 0.2 0.2 2 0.2 0.2 0.2 0.2 2.5 0.2 
  INPUT ---    0.2 0.2 0.2 2.667 0.2 0.2 0.2 0.2 1.767 0.2 0.2  0.2 0.2 
  INPUT ---    3.167 0.2 0.2 0.2 0.2 ;

  INPUT ---    glabel(1)=Group 1;

      Number of unique encounter histories read was 14.

      Number of individual covariates read was 0.
      Time interval lengths vary and/or not equal to 1.

      Data type number is 115
      Data type is Poisson Mark Resight with Robust Design                                                             

     CPU Time in seconds for last procedure was 0.00

  Program  MARK  - Survival Rate Estimation with Capture-Recapture Data
   gfortran(Win64) Vers. 8.1 Mar 2016    5-Aug-2016 15:40:07    Page  002
 - - - - - - - - - - - - - - - - - - - - - - - - - - - - - - - - - - - - - -
 


  INPUT --- proc estimate link=Parm-Specific NOLOOP varest=2ndPart    ;


  INPUT --- model={ alpha(~1 + 
  INPUT --- time)sigma(~1)U(~sample_month)Phi(~1)Gamma''(~1)Gamma'(~1) 
  INPUT --- };

  INPUT ---    fixed=2;
  INPUT ---        parm(41)=1 ;
  INPUT ---        parm(42)=0 ;

  INPUT ---    group=1 alpha    rows=1 cols=30 Square ;
  INPUT ---        1 2 3 4 5 6 7 8 9 10 11 12 13 14 15 16 17 18 19 20 21 22 
  INPUT ---       23 24 25 26 27 28 29 30 ;

  INPUT ---    group=1 sigma    rows=1 cols=30 Square ;
  INPUT ---        31 31 31 31 31 31 31 31 31 31 31 31 31 31 31 31 31 31 31 
  INPUT ---       31 31 31 31 31 31 31 31 31 31 31 ;

  INPUT ---    group=1 U    rows=1 cols=30 Square ;
  INPUT ---        32 32 32 32 32 33 33 33 33 33 34 34 34 34 34 35 35 35 35 
  INPUT ---       35 36 36 36 36 36 37 37 37 37 37 ;

  INPUT ---    group=1 Phi    rows=29 cols=29 Triang ;
  INPUT ---        41 41 41 41 38 41 41 41 41 38 41 41 41 41 38 41 41 41 41 
  INPUT ---       38 41 41 41 41 38 41 41 41 41 ;
  INPUT ---        41 41 41 41 41 41 41 41 41 41 41 41 41 41 41 41 41 41 41 
  INPUT ---       41 41 41 41 41 41 41 41 41 ;
  INPUT ---        41 41 41 41 41 41 41 41 41 41 41 41 41 41 41 41 41 41 41 
  INPUT ---       41 41 41 41 41 41 41 41 ;
  INPUT ---        41 41 41 41 41 41 41 41 41 41 41 41 41 41 41 41 41 41 41 
  INPUT ---       41 41 41 41 41 41 41 ;
  INPUT ---        41 41 41 41 41 41 41 41 41 41 41 41 41 41 41 41 41 41 41 
  INPUT ---       41 41 41 41 41 41 ;
  INPUT ---        41 41 41 41 38 41 41 41 41 38 41 41 41 41 38 41 41 41 41 
  INPUT ---       38 41 41 41 41 ;
  INPUT ---        41 41 41 41 41 41 41 41 41 41 41 41 41 41 41 41 41 41 41 
  INPUT ---       41 41 41 41 ;
  INPUT ---        41 41 41 41 41 41 41 41 41 41 41 41 41 41 41 41 41 41 41 
  INPUT ---       41 41 41 ;
  INPUT ---        41 41 41 41 41 41 41 41 41 41 41 41 41 41 41 41 41 41 41 
  INPUT ---       41 41 ;
  INPUT ---        41 41 41 41 41 41 41 41 41 41 41 41 41 41 41 41 41 41 41 
  INPUT ---       41 ;

  Program  MARK  - Survival Rate Estimation with Capture-Recapture Data
   gfortran(Win64) Vers. 8.1 Mar 2016    5-Aug-2016 15:40:07    Page  003
 - - - - - - - - - - - - - - - - - - - - - - - - - - - - - - - - - - - - - -
 
  INPUT ---        41 41 41 41 38 41 41 41 41 38 41 41 41 41 38 41 41 41 41 ;
  INPUT ---        41 41 41 41 41 41 41 41 41 41 41 41 41 41 41 41 41 41 ;
  INPUT ---        41 41 41 41 41 41 41 41 41 41 41 41 41 41 41 41 41 ;
  INPUT ---        41 41 41 41 41 41 41 41 41 41 41 41 41 41 41 41 ;
  INPUT ---        41 41 41 41 41 41 41 41 41 41 41 41 41 41 41 ;
  INPUT ---        41 41 41 41 38 41 41 41 41 38 41 41 41 41 ;
  INPUT ---        41 41 41 41 41 41 41 41 41 41 41 41 41 ;
  INPUT ---        41 41 41 41 41 41 41 41 41 41 41 41 ;
  INPUT ---        41 41 41 41 41 41 41 41 41 41 41 ;
  INPUT ---        41 41 41 41 41 41 41 41 41 41 ;
  INPUT ---        41 41 41 41 38 41 41 41 41 ;
  INPUT ---        41 41 41 41 41 41 41 41 ;
  INPUT ---        41 41 41 41 41 41 41 ;
  INPUT ---        41 41 41 41 41 41 ;
  INPUT ---        41 41 41 41 41 ;
  INPUT ---        41 41 41 41 ;
  INPUT ---        41 41 41 ;
  INPUT ---        41 41 ;
  INPUT ---        41 ;

  INPUT ---    group=1 Gamma''    rows=29 cols=29 Triang ;
  INPUT ---        42 42 42 42 39 42 42 42 42 39 42 42 42 42 39 42 42 42 42 
  INPUT ---       39 42 42 42 42 39 42 42 42 42 ;
  INPUT ---        42 42 42 42 42 42 42 42 42 42 42 42 42 42 42 42 42 42 42 
  INPUT ---       42 42 42 42 42 42 42 42 42 ;
  INPUT ---        42 42 42 42 42 42 42 42 42 42 42 42 42 42 42 42 42 42 42 
  INPUT ---       42 42 42 42 42 42 42 42 ;
  INPUT ---        42 42 42 42 42 42 42 42 42 42 42 42 42 42 42 42 42 42 42 
  INPUT ---       42 42 42 42 42 42 42 ;
  INPUT ---        42 42 42 42 42 42 42 42 42 42 42 42 42 42 42 42 42 42 42 
  INPUT ---       42 42 42 42 42 42 ;
  INPUT ---        42 42 42 42 39 42 42 42 42 39 42 42 42 42 39 42 42 42 42 
  INPUT ---       39 42 42 42 42 ;
  INPUT ---        42 42 42 42 42 42 42 42 42 42 42 42 42 42 42 42 42 42 42 
  INPUT ---       42 42 42 42 ;
  INPUT ---        42 42 42 42 42 42 42 42 42 42 42 42 42 42 42 42 42 42 42 
  INPUT ---       42 42 42 ;
  INPUT ---        42 42 42 42 42 42 42 42 42 42 42 42 42 42 42 42 42 42 42 
  INPUT ---       42 42 ;
  INPUT ---        42 42 42 42 42 42 42 42 42 42 42 42 42 42 42 42 42 42 42 
  INPUT ---       42 ;
  INPUT ---        42 42 42 42 39 42 42 42 42 39 42 42 42 42 39 42 42 42 42 ;
  INPUT ---        42 42 42 42 42 42 42 42 42 42 42 42 42 42 42 42 42 42 ;
  INPUT ---        42 42 42 42 42 42 42 42 42 42 42 42 42 42 42 42 42 ;
  INPUT ---        42 42 42 42 42 42 42 42 42 42 42 42 42 42 42 42 ;
  INPUT ---        42 42 42 42 42 42 42 42 42 42 42 42 42 42 42 ;

  Program  MARK  - Survival Rate Estimation with Capture-Recapture Data
   gfortran(Win64) Vers. 8.1 Mar 2016    5-Aug-2016 15:40:07    Page  004
 - - - - - - - - - - - - - - - - - - - - - - - - - - - - - - - - - - - - - -
 
  INPUT ---        42 42 42 42 39 42 42 42 42 39 42 42 42 42 ;
  INPUT ---        42 42 42 42 42 42 42 42 42 42 42 42 42 ;
  INPUT ---        42 42 42 42 42 42 42 42 42 42 42 42 ;
  INPUT ---        42 42 42 42 42 42 42 42 42 42 42 ;
  INPUT ---        42 42 42 42 42 42 42 42 42 42 ;
  INPUT ---        42 42 42 42 39 42 42 42 42 ;
  INPUT ---        42 42 42 42 42 42 42 42 ;
  INPUT ---        42 42 42 42 42 42 42 ;
  INPUT ---        42 42 42 42 42 42 ;
  INPUT ---        42 42 42 42 42 ;
  INPUT ---        42 42 42 42 ;
  INPUT ---        42 42 42 ;
  INPUT ---        42 42 ;
  INPUT ---        42 ;

  INPUT ---    group=1 Gamma'    rows=28 cols=28 Triang ;
  INPUT ---        42 42 42 40 42 42 42 42 40 42 42 42 42 40 42 42 42 42 40 
  INPUT ---       42 42 42 42 40 42 42 42 42 ;
  INPUT ---        42 42 42 42 42 42 42 42 42 42 42 42 42 42 42 42 42 42 42 
  INPUT ---       42 42 42 42 42 42 42 42 ;
  INPUT ---        42 42 42 42 42 42 42 42 42 42 42 42 42 42 42 42 42 42 42 
  INPUT ---       42 42 42 42 42 42 42 ;
  INPUT ---        42 42 42 42 42 42 42 42 42 42 42 42 42 42 42 42 42 42 42 
  INPUT ---       42 42 42 42 42 42 ;
  INPUT ---        42 42 42 42 42 42 42 42 42 42 42 42 42 42 42 42 42 42 42 
  INPUT ---       42 42 42 42 42 ;
  INPUT ---        42 42 42 40 42 42 42 42 40 42 42 42 42 40 42 42 42 42 40 
  INPUT ---       42 42 42 42 ;
  INPUT ---        42 42 42 42 42 42 42 42 42 42 42 42 42 42 42 42 42 42 42 
  INPUT ---       42 42 42 ;
  INPUT ---        42 42 42 42 42 42 42 42 42 42 42 42 42 42 42 42 42 42 42 
  INPUT ---       42 42 ;
  INPUT ---        42 42 42 42 42 42 42 42 42 42 42 42 42 42 42 42 42 42 42 
  INPUT ---       42 ;
  INPUT ---        42 42 42 42 42 42 42 42 42 42 42 42 42 42 42 42 42 42 42 ;
  INPUT ---        42 42 42 40 42 42 42 42 40 42 42 42 42 40 42 42 42 42 ;
  INPUT ---        42 42 42 42 42 42 42 42 42 42 42 42 42 42 42 42 42 ;
  INPUT ---        42 42 42 42 42 42 42 42 42 42 42 42 42 42 42 42 ;
  INPUT ---        42 42 42 42 42 42 42 42 42 42 42 42 42 42 42 ;
  INPUT ---        42 42 42 42 42 42 42 42 42 42 42 42 42 42 ;
  INPUT ---        42 42 42 40 42 42 42 42 40 42 42 42 42 ;
  INPUT ---        42 42 42 42 42 42 42 42 42 42 42 42 ;
  INPUT ---        42 42 42 42 42 42 42 42 42 42 42 ;
  INPUT ---        42 42 42 42 42 42 42 42 42 42 ;
  INPUT ---        42 42 42 42 42 42 42 42 42 ;
  INPUT ---        42 42 42 40 42 42 42 42 ;

  Program  MARK  - Survival Rate Estimation with Capture-Recapture Data
   gfortran(Win64) Vers. 8.1 Mar 2016    5-Aug-2016 15:40:07    Page  005
 - - - - - - - - - - - - - - - - - - - - - - - - - - - - - - - - - - - - - -
 
  INPUT ---        42 42 42 42 42 42 42 ;
  INPUT ---        42 42 42 42 42 42 ;
  INPUT ---        42 42 42 42 42 ;
  INPUT ---        42 42 42 42 ;
  INPUT ---        42 42 42 ;
  INPUT ---        42 42 ;
  INPUT ---        42 ;

  INPUT ---    initial  0.8492118 0 0 0 0 0 0 0 0 0 0 0 0 0 0 0 0 0 0 0 0 
  INPUT ---    0 0 0 0 0 0 0 0 0 -0.3123225 3.139572 0 0 0 0 0 2.0066797 
  INPUT ---    -2.9445172 17.724958  ;

  INPUT ---    design matrix constraints=42 covariates=40;
  INPUT ---        1 0 0 0 0 0 0 0 0 0 0 0 0 0 0 0 0 0 0 0 0 0 0 0 0 0 0 0 0 
  INPUT ---       0 0 0 0 0 0 0 0 0 0 0;
  INPUT ---        1 1 0 0 0 0 0 0 0 0 0 0 0 0 0 0 0 0 0 0 0 0 0 0 0 0 0 0 0 
  INPUT ---       0 0 0 0 0 0 0 0 0 0 0;
  INPUT ---        1 0 1 0 0 0 0 0 0 0 0 0 0 0 0 0 0 0 0 0 0 0 0 0 0 0 0 0 0 
  INPUT ---       0 0 0 0 0 0 0 0 0 0 0;
  INPUT ---        1 0 0 1 0 0 0 0 0 0 0 0 0 0 0 0 0 0 0 0 0 0 0 0 0 0 0 0 0 
  INPUT ---       0 0 0 0 0 0 0 0 0 0 0;
  INPUT ---        1 0 0 0 1 0 0 0 0 0 0 0 0 0 0 0 0 0 0 0 0 0 0 0 0 0 0 0 0 
  INPUT ---       0 0 0 0 0 0 0 0 0 0 0;
  INPUT ---        1 0 0 0 0 1 0 0 0 0 0 0 0 0 0 0 0 0 0 0 0 0 0 0 0 0 0 0 0 
  INPUT ---       0 0 0 0 0 0 0 0 0 0 0;
  INPUT ---        1 0 0 0 0 0 1 0 0 0 0 0 0 0 0 0 0 0 0 0 0 0 0 0 0 0 0 0 0 
  INPUT ---       0 0 0 0 0 0 0 0 0 0 0;
  INPUT ---        1 0 0 0 0 0 0 1 0 0 0 0 0 0 0 0 0 0 0 0 0 0 0 0 0 0 0 0 0 
  INPUT ---       0 0 0 0 0 0 0 0 0 0 0;
  INPUT ---        1 0 0 0 0 0 0 0 1 0 0 0 0 0 0 0 0 0 0 0 0 0 0 0 0 0 0 0 0 
  INPUT ---       0 0 0 0 0 0 0 0 0 0 0;
  INPUT ---        1 0 0 0 0 0 0 0 0 1 0 0 0 0 0 0 0 0 0 0 0 0 0 0 0 0 0 0 0 
  INPUT ---       0 0 0 0 0 0 0 0 0 0 0;
  INPUT ---        1 0 0 0 0 0 0 0 0 0 1 0 0 0 0 0 0 0 0 0 0 0 0 0 0 0 0 0 0 
  INPUT ---       0 0 0 0 0 0 0 0 0 0 0;
  INPUT ---        1 0 0 0 0 0 0 0 0 0 0 1 0 0 0 0 0 0 0 0 0 0 0 0 0 0 0 0 0 
  INPUT ---       0 0 0 0 0 0 0 0 0 0 0;
  INPUT ---        1 0 0 0 0 0 0 0 0 0 0 0 1 0 0 0 0 0 0 0 0 0 0 0 0 0 0 0 0 
  INPUT ---       0 0 0 0 0 0 0 0 0 0 0;
  INPUT ---        1 0 0 0 0 0 0 0 0 0 0 0 0 1 0 0 0 0 0 0 0 0 0 0 0 0 0 0 0 
  INPUT ---       0 0 0 0 0 0 0 0 0 0 0;
  INPUT ---        1 0 0 0 0 0 0 0 0 0 0 0 0 0 1 0 0 0 0 0 0 0 0 0 0 0 0 0 0 
  INPUT ---       0 0 0 0 0 0 0 0 0 0 0;
  INPUT ---        1 0 0 0 0 0 0 0 0 0 0 0 0 0 0 1 0 0 0 0 0 0 0 0 0 0 0 0 0 
  INPUT ---       0 0 0 0 0 0 0 0 0 0 0;
  INPUT ---        1 0 0 0 0 0 0 0 0 0 0 0 0 0 0 0 1 0 0 0 0 0 0 0 0 0 0 0 0 

  Program  MARK  - Survival Rate Estimation with Capture-Recapture Data
   gfortran(Win64) Vers. 8.1 Mar 2016    5-Aug-2016 15:40:07    Page  006
 - - - - - - - - - - - - - - - - - - - - - - - - - - - - - - - - - - - - - -
 
  INPUT ---       0 0 0 0 0 0 0 0 0 0 0;
  INPUT ---        1 0 0 0 0 0 0 0 0 0 0 0 0 0 0 0 0 1 0 0 0 0 0 0 0 0 0 0 0 
  INPUT ---       0 0 0 0 0 0 0 0 0 0 0;
  INPUT ---        1 0 0 0 0 0 0 0 0 0 0 0 0 0 0 0 0 0 1 0 0 0 0 0 0 0 0 0 0 
  INPUT ---       0 0 0 0 0 0 0 0 0 0 0;
  INPUT ---        1 0 0 0 0 0 0 0 0 0 0 0 0 0 0 0 0 0 0 1 0 0 0 0 0 0 0 0 0 
  INPUT ---       0 0 0 0 0 0 0 0 0 0 0;
  INPUT ---        1 0 0 0 0 0 0 0 0 0 0 0 0 0 0 0 0 0 0 0 1 0 0 0 0 0 0 0 0 
  INPUT ---       0 0 0 0 0 0 0 0 0 0 0;
  INPUT ---        1 0 0 0 0 0 0 0 0 0 0 0 0 0 0 0 0 0 0 0 0 1 0 0 0 0 0 0 0 
  INPUT ---       0 0 0 0 0 0 0 0 0 0 0;
  INPUT ---        1 0 0 0 0 0 0 0 0 0 0 0 0 0 0 0 0 0 0 0 0 0 1 0 0 0 0 0 0 
  INPUT ---       0 0 0 0 0 0 0 0 0 0 0;
  INPUT ---        1 0 0 0 0 0 0 0 0 0 0 0 0 0 0 0 0 0 0 0 0 0 0 1 0 0 0 0 0 
  INPUT ---       0 0 0 0 0 0 0 0 0 0 0;
  INPUT ---        1 0 0 0 0 0 0 0 0 0 0 0 0 0 0 0 0 0 0 0 0 0 0 0 1 0 0 0 0 
  INPUT ---       0 0 0 0 0 0 0 0 0 0 0;
  INPUT ---        1 0 0 0 0 0 0 0 0 0 0 0 0 0 0 0 0 0 0 0 0 0 0 0 0 1 0 0 0 
  INPUT ---       0 0 0 0 0 0 0 0 0 0 0;
  INPUT ---        1 0 0 0 0 0 0 0 0 0 0 0 0 0 0 0 0 0 0 0 0 0 0 0 0 0 1 0 0 
  INPUT ---       0 0 0 0 0 0 0 0 0 0 0;
  INPUT ---        1 0 0 0 0 0 0 0 0 0 0 0 0 0 0 0 0 0 0 0 0 0 0 0 0 0 0 1 0 
  INPUT ---       0 0 0 0 0 0 0 0 0 0 0;
  INPUT ---        1 0 0 0 0 0 0 0 0 0 0 0 0 0 0 0 0 0 0 0 0 0 0 0 0 0 0 0 1 
  INPUT ---       0 0 0 0 0 0 0 0 0 0 0;
  INPUT ---        1 0 0 0 0 0 0 0 0 0 0 0 0 0 0 0 0 0 0 0 0 0 0 0 0 0 0 0 0 
  INPUT ---       1 0 0 0 0 0 0 0 0 0 0;
  INPUT ---        0 0 0 0 0 0 0 0 0 0 0 0 0 0 0 0 0 0 0 0 0 0 0 0 0 0 0 0 0 
  INPUT ---       0 1 0 0 0 0 0 0 0 0 0;
  INPUT ---        0 0 0 0 0 0 0 0 0 0 0 0 0 0 0 0 0 0 0 0 0 0 0 0 0 0 0 0 0 
  INPUT ---       0 0 1 0 0 0 0 0 0 0 0;
  INPUT ---        0 0 0 0 0 0 0 0 0 0 0 0 0 0 0 0 0 0 0 0 0 0 0 0 0 0 0 0 0 
  INPUT ---       0 0 1 1 0 0 0 0 0 0 0;
  INPUT ---        0 0 0 0 0 0 0 0 0 0 0 0 0 0 0 0 0 0 0 0 0 0 0 0 0 0 0 0 0 
  INPUT ---       0 0 1 0 1 0 0 0 0 0 0;
  INPUT ---        0 0 0 0 0 0 0 0 0 0 0 0 0 0 0 0 0 0 0 0 0 0 0 0 0 0 0 0 0 
  INPUT ---       0 0 1 0 0 1 0 0 0 0 0;
  INPUT ---        0 0 0 0 0 0 0 0 0 0 0 0 0 0 0 0 0 0 0 0 0 0 0 0 0 0 0 0 0 
  INPUT ---       0 0 1 0 0 0 1 0 0 0 0;
  INPUT ---        0 0 0 0 0 0 0 0 0 0 0 0 0 0 0 0 0 0 0 0 0 0 0 0 0 0 0 0 0 
  INPUT ---       0 0 1 0 0 0 0 1 0 0 0;
  INPUT ---        0 0 0 0 0 0 0 0 0 0 0 0 0 0 0 0 0 0 0 0 0 0 0 0 0 0 0 0 0 
  INPUT ---       0 0 0 0 0 0 0 0 1 0 0;
  INPUT ---        0 0 0 0 0 0 0 0 0 0 0 0 0 0 0 0 0 0 0 0 0 0 0 0 0 0 0 0 0 
  INPUT ---       0 0 0 0 0 0 0 0 0 1 0;
  INPUT ---        0 0 0 0 0 0 0 0 0 0 0 0 0 0 0 0 0 0 0 0 0 0 0 0 0 0 0 0 0 

  Program  MARK  - Survival Rate Estimation with Capture-Recapture Data
   gfortran(Win64) Vers. 8.1 Mar 2016    5-Aug-2016 15:40:07    Page  007
 - - - - - - - - - - - - - - - - - - - - - - - - - - - - - - - - - - - - - -
 
  INPUT ---       0 0 0 0 0 0 0 0 0 0 1;
  INPUT ---        0 0 0 0 0 0 0 0 0 0 0 0 0 0 0 0 0 0 0 0 0 0 0 0 0 0 0 0 0 
  INPUT ---       0 0 0 0 0 0 0 0 0 0 0;
  INPUT ---        0 0 0 0 0 0 0 0 0 0 0 0 0 0 0 0 0 0 0 0 0 0 0 0 0 0 0 0 0 
  INPUT ---       0 0 0 0 0 0 0 0 0 0 0;

  INPUT ---    links=42;

  INPUT ---    Log;

  INPUT ---    Log;

  INPUT ---    Log;

  INPUT ---    Log;

  INPUT ---    Log;

  INPUT ---    Log;

  INPUT ---    Log;

  INPUT ---    Log;

  INPUT ---    Log;

  INPUT ---    Log;

  INPUT ---    Log;

  INPUT ---    Log;

  INPUT ---    Log;

  INPUT ---    Log;

  INPUT ---    Log;

  INPUT ---    Log;

  INPUT ---    Log;

  INPUT ---    Log;

  INPUT ---    Log;


  Program  MARK  - Survival Rate Estimation with Capture-Recapture Data
   gfortran(Win64) Vers. 8.1 Mar 2016    5-Aug-2016 15:40:07    Page  008
 - - - - - - - - - - - - - - - - - - - - - - - - - - - - - - - - - - - - - -
 
  INPUT ---    Log;

  INPUT ---    Log;

  INPUT ---    Log;

  INPUT ---    Log;

  INPUT ---    Log;

  INPUT ---    Log;

  INPUT ---    Log;

  INPUT ---    Log;

  INPUT ---    Log;

  INPUT ---    Log;

  INPUT ---    Log;

  INPUT ---    Log;

  INPUT ---    Log;

  INPUT ---    Log;

  INPUT ---    Log;

  INPUT ---    Log;

  INPUT ---    Log;

  INPUT ---    Log;

  INPUT ---    Logit;

  INPUT ---    Logit;

  INPUT ---    Logit;

  INPUT ---    Logit;

  INPUT ---    Logit;
  INPUT ---       blabel(1)=alpha:(Intercept);

  Program  MARK  - Survival Rate Estimation with Capture-Recapture Data
   gfortran(Win64) Vers. 8.1 Mar 2016    5-Aug-2016 15:40:07    Page  009
 - - - - - - - - - - - - - - - - - - - - - - - - - - - - - - - - - - - - - -
 
  INPUT ---       blabel(2)=alpha:time1.2;
  INPUT ---       blabel(3)=alpha:time1.4;
  INPUT ---       blabel(4)=alpha:time1.6;
  INPUT ---       blabel(5)=alpha:time1.8;
  INPUT ---       blabel(6)=alpha:time3.8;
  INPUT ---       blabel(7)=alpha:time4;
  INPUT ---       blabel(8)=alpha:time4.2;
  INPUT ---       blabel(9)=alpha:time4.4;
  INPUT ---       blabel(10)=alpha:time4.6;
  INPUT ---       blabel(11)=alpha:time7.1;
  INPUT ---       blabel(12)=alpha:time7.3;
  INPUT ---       blabel(13)=alpha:time7.5;
  INPUT ---       blabel(14)=alpha:time7.7;
  INPUT ---       blabel(15)=alpha:time7.9;
  INPUT ---       blabel(16)=alpha:time10.567;
  INPUT ---       blabel(17)=alpha:time10.767;
  INPUT ---       blabel(18)=alpha:time10.967;
  INPUT ---       blabel(19)=alpha:time11.167;
  INPUT ---       blabel(20)=alpha:time11.367;
  INPUT ---       blabel(21)=alpha:time13.134;
  INPUT ---       blabel(22)=alpha:time13.334;
  INPUT ---       blabel(23)=alpha:time13.534;
  INPUT ---       blabel(24)=alpha:time13.734;
  INPUT ---       blabel(25)=alpha:time13.934;
  INPUT ---       blabel(26)=alpha:time17.101;
  INPUT ---       blabel(27)=alpha:time17.301;
  INPUT ---       blabel(28)=alpha:time17.501;
  INPUT ---       blabel(29)=alpha:time17.701;
  INPUT ---       blabel(30)=alpha:time17.901;
  INPUT ---       blabel(31)=sigma:(Intercept);
  INPUT ---       blabel(32)=U:(Intercept);
  INPUT ---       blabel(33)=U:sample_monthB;
  INPUT ---       blabel(34)=U:sample_monthC;
  INPUT ---       blabel(35)=U:sample_monthD;
  INPUT ---       blabel(36)=U:sample_monthE;
  INPUT ---       blabel(37)=U:sample_monthF;
  INPUT ---       blabel(38)=Phi:(Intercept);
  INPUT ---       blabel(39)=GammaDoublePrime:(Intercept);
  INPUT ---       blabel(40)=GammaPrime:(Intercept);
  INPUT ---       rlabel(1)=alpha g1 a0 t1;
  INPUT ---       rlabel(2)=alpha g1 a0.2 t1.2;
  INPUT ---       rlabel(3)=alpha g1 a0.4 t1.4;
  INPUT ---       rlabel(4)=alpha g1 a0.6 t1.6;
  INPUT ---       rlabel(5)=alpha g1 a0.8 t1.8;
  INPUT ---       rlabel(6)=alpha g1 a2.8 t3.8;
  INPUT ---       rlabel(7)=alpha g1 a3 t4;

  Program  MARK  - Survival Rate Estimation with Capture-Recapture Data
   gfortran(Win64) Vers. 8.1 Mar 2016    5-Aug-2016 15:40:07    Page  010
 - - - - - - - - - - - - - - - - - - - - - - - - - - - - - - - - - - - - - -
 
  INPUT ---       rlabel(8)=alpha g1 a3.2 t4.2;
  INPUT ---       rlabel(9)=alpha g1 a3.4 t4.4;
  INPUT ---       rlabel(10)=alpha g1 a3.6 t4.6;
  INPUT ---       rlabel(11)=alpha g1 a6.1 t7.1;
  INPUT ---       rlabel(12)=alpha g1 a6.3 t7.3;
  INPUT ---       rlabel(13)=alpha g1 a6.5 t7.5;
  INPUT ---       rlabel(14)=alpha g1 a6.7 t7.7;
  INPUT ---       rlabel(15)=alpha g1 a6.9 t7.9;
  INPUT ---       rlabel(16)=alpha g1 a9.567 t10.567;
  INPUT ---       rlabel(17)=alpha g1 a9.767 t10.767;
  INPUT ---       rlabel(18)=alpha g1 a9.967 t10.967;
  INPUT ---       rlabel(19)=alpha g1 a10.167 t11.167;
  INPUT ---       rlabel(20)=alpha g1 a10.367 t11.367;
  INPUT ---       rlabel(21)=alpha g1 a12.134 t13.134;
  INPUT ---       rlabel(22)=alpha g1 a12.334 t13.334;
  INPUT ---       rlabel(23)=alpha g1 a12.534 t13.534;
  INPUT ---       rlabel(24)=alpha g1 a12.734 t13.734;
  INPUT ---       rlabel(25)=alpha g1 a12.934 t13.934;
  INPUT ---       rlabel(26)=alpha g1 a16.101 t17.101;
  INPUT ---       rlabel(27)=alpha g1 a16.301 t17.301;
  INPUT ---       rlabel(28)=alpha g1 a16.501 t17.501;
  INPUT ---       rlabel(29)=alpha g1 a16.701 t17.701;
  INPUT ---       rlabel(30)=alpha g1 a16.901 t17.901;
  INPUT ---       rlabel(31)=sigma g1 a0 t1;
  INPUT ---       rlabel(32)=U g1 a0 t1;
  INPUT ---       rlabel(33)=U g1 a2.8 t3.8;
  INPUT ---       rlabel(34)=U g1 a6.1 t7.1;
  INPUT ---       rlabel(35)=U g1 a9.567 t10.567;
  INPUT ---       rlabel(36)=U g1 a12.134 t13.134;
  INPUT ---       rlabel(37)=U g1 a16.101 t17.101;
  INPUT ---       rlabel(38)=Phi g1 c1 a0.8 t1.8;
  INPUT ---       rlabel(39)=Gamma'' g1 c1 a0.8 t1.8;
  INPUT ---       rlabel(40)=Gamma' g1 c1 a0.8 t1.8;
  INPUT ---       rlabel(41)=Phi g1 c1 a0 t1;
  INPUT ---       rlabel(42)=Gamma'' g1 c1 a0 t1;

 Link Function Used is PARM-SPECIFIC

 Variance Estimation Procedure Used is 2ndPart 

 M(t+1):
 Group=Group 1                                                                         
       3      3      3      2      3      5      5      5      2      5      5
       4      4      4      4     10      7      7      7      5      5      5
       5      3      4      5      5      5      4      5


 -2logL(saturated) = -0.0000000    
 Effective Sample Size = 169
 Results from first iteration:
  -2logL Initial { alpha(~1 + time)sigma(~1)U(~sample_month)Phi(~1)Gamma''(~1)Gamma'(~1) } = 1138.4459     
  Penalty Initial { alpha(~1 + time)sigma(~1)U(~sample_month)Phi(~1)Gamma''(~1)Gamma'(~1) } = -0.0000000    

 Number of function evaluations was 57 for 40 parameters.

  Program  MARK  - Survival Rate Estimation with Capture-Recapture Data
   gfortran(Win64) Vers. 8.1 Mar 2016    5-Aug-2016 15:40:15    Page  011
 - - - - - - - - - - - - - - - - - - - - - - - - - - - - - - - - - - - - - -
 
 Time for numerical optimization was 12.72 seconds.
 -2logL { alpha(~1 + time)sigma(~1)U(~sample_month)Phi(~1)Gamma''(~1)Gamma'(~1) } = 1002.5035     
 Penalty { alpha(~1 + time)sigma(~1)U(~sample_month)Phi(~1)Gamma''(~1)Gamma'(~1) } = -0.0000000    

   * *  WARNING  * *   Numerical underflow occurred during optimization of this model. 
     IEEE flag status at end of optimization:
     overflow       F
     divide by zero F
     invalid        F
     underflow      T
     inexact        T

 Gradient { alpha(~1 + time)sigma(~1)U(~sample_month)Phi(~1)Gamma''(~1)Gamma'(~1) }:
  0.4825858E-03-0.9814872E-05 0.1348720E-04 0.6816417E-05  0.000000    
  0.1067510E-04 0.1647568E-04 0.1922805E-04 0.1079169E-04 0.7351405E-05
  0.1957483E-04  0.000000     0.8377306E-05-0.7628691E-05-0.7349033E-05
  0.8540146E-05  0.000000     0.6892748E-04 0.9982989E-04 0.1771803E-04
  0.7717725E-05 0.8507465E-04 0.9586093E-04 0.9149325E-04 0.7954874E-04
  0.1498226E-04 0.2724207E-04 0.8654803E-05 0.1907463E-04 0.2304793E-04
  0.8393359E-04 0.2053388E-03 0.4107475E-04 0.3645009E-04 0.3688107E-04
  0.4158682E-04 0.3859264E-04 0.3024936E-04 0.5764423E-05  0.000000    
 S Vector { alpha(~1 + time)sigma(~1)U(~sample_month)Phi(~1)Gamma''(~1)Gamma'(~1) }:
   3832.871      481.5688      388.9788      354.9065      328.1224    
   251.5476      94.79523      84.85341      78.93573      77.98499    
   74.31390      72.61661      72.54965      72.33938      70.28609    
   69.41926      67.03035      66.62285      65.70177      64.87578    
   64.45367      60.51940      60.29673      57.99174      50.86687    
   50.45454      48.27578      40.44444      39.54133      28.88706    
   20.63177      16.26775      13.39493      11.79346      10.95788    
   6.136916      5.379678     0.9500269     0.5968437     0.1351006E-08
 Time to compute number of parameters was 12.73 seconds.
   Threshold =  0.8200000E-06     Condition index =  0.3524788E-12     New Threshold =  0.8544511E-08
 New Guessimate of Estimated Parameters { alpha(~1 + time)sigma(~1)U(~sample_month)Phi(~1)Gamma''(~1)Gamma'(~1) } = 39          
 Conditioned S Vector { alpha(~1 + time)sigma(~1)U(~sample_month)Phi(~1)Gamma''(~1)Gamma'(~1) }:
   1.000000     0.1256418     0.1014850     0.9259547E-01 0.8560748E-01
  0.6562902E-01 0.2473217E-01 0.2213834E-01 0.2059441E-01 0.2034636E-01
  0.1938857E-01 0.1894575E-01 0.1892828E-01 0.1887342E-01 0.1833771E-01
  0.1811156E-01 0.1748829E-01 0.1738197E-01 0.1714166E-01 0.1692616E-01
  0.1681603E-01 0.1578957E-01 0.1573148E-01 0.1513011E-01 0.1327122E-01
  0.1316364E-01 0.1259520E-01 0.1055200E-01 0.1031637E-01 0.7536663E-02
  0.5382851E-02 0.4244273E-02 0.3494750E-02 0.3076927E-02 0.2858923E-02
  0.1601128E-02 0.1403564E-02 0.2478630E-03 0.1557171E-03 0.3524788E-12
 Number of Estimated Parameters { alpha(~1 + time)sigma(~1)U(~sample_month)Phi(~1)Gamma''(~1)Gamma'(~1) } = 39          
 DEVIANCE { alpha(~1 + time)sigma(~1)U(~sample_month)Phi(~1)Gamma''(~1)Gamma'(~1) } = 1002.5035                     
 DEVIANCE Degrees of Freedom { alpha(~1 + time)sigma(~1)U(~sample_month)Phi(~1)Gamma''(~1)Gamma'(~1) } = -25            
 c-hat { alpha(~1 + time)sigma(~1)U(~sample_month)Phi(~1)Gamma''(~1)Gamma'(~1) } = 1.0000000                     
 AIC { alpha(~1 + time)sigma(~1)U(~sample_month)Phi(~1)Gamma''(~1)Gamma'(~1) } = 1080.5035                  
 AICc { alpha(~1 + time)sigma(~1)U(~sample_month)Phi(~1)Gamma''(~1)Gamma'(~1) } = 1104.6895                    
 BIC { alpha(~1 + time)sigma(~1)U(~sample_month)Phi(~1)Gamma''(~1)Gamma'(~1) } = 1202.5695                    
 Pearson Chisquare { alpha(~1 + time)sigma(~1)U(~sample_month)Phi(~1)Gamma''(~1)Gamma'(~1) } = 0.3649671E+032             

   * *  WARNING  * *   Numerical underflow occurred during variance-covariance calculation of this model. 

  Program  MARK  - Survival Rate Estimation with Capture-Recapture Data
   gfortran(Win64) Vers. 8.1 Mar 2016    5-Aug-2016 15:40:23    Page  012
 - - - - - - - - - - - - - - - - - - - - - - - - - - - - - - - - - - - - - -
 
     IEEE flag status at end of variance-covariance calculation:
     overflow       F
     divide by zero F
     invalid        F
     underflow      T
     inexact        T



 PARM-SPECIFIC Link Function Parameters of { alpha(~1 + time)sigma(~1)U(~sample_month)Phi(~1)Gamma''(~1)Gamma'(~1) }
                                                              95% Confidence Interval
 Parameter                    Beta         Standard Error      Lower           Upper
 -------------------------  --------------  --------------  --------------  --------------
    1:alpha:(Intercept)     0.9081857       0.2379144       0.4418734       1.3744979     
    2:alpha:time1.2         0.1583120       0.2748539       -0.3804016      0.6970256     
    3:alpha:time1.4         0.6858473       0.2438251       0.2079500       1.1637446     
    4:alpha:time1.6         0.6678386       0.2398229       0.1977858       1.1378914     
    5:alpha:time1.8         0.4355163       0.2551440       -0.0645660      0.9355986     
    6:alpha:time3.8         -0.0649726      0.2991122       -0.6512324      0.5212873     
    7:alpha:time4           0.3800561       0.2875673       -0.1835757      0.9436879     
    8:alpha:time4.2         0.1825101       0.2915245       -0.3888780      0.7538981     
    9:alpha:time4.4         0.0534668       0.2874280       -0.5098920      0.6168257     
   10:alpha:time4.6         0.5464641       0.2848000       -0.0117439      1.1046721     
   11:alpha:time7.1         0.7423423       0.2766595       0.2000896       1.2845950     
   12:alpha:time7.3         0.3748331       0.2831836       -0.1802069      0.9298730     
   13:alpha:time7.5         0.3570811       0.2834475       -0.1984760      0.9126382     
   14:alpha:time7.7         0.4902535       0.2828291       -0.0640915      1.0445986     
   15:alpha:time7.9         0.5469633       0.2833863       -0.0084738      1.1024005     
   16:alpha:time10.567      0.3312048       0.2716050       -0.2011410      0.8635506     
   17:alpha:time10.767      0.1090045       0.2739601       -0.4279574      0.6459663     
   18:alpha:time10.967      -0.1545581      0.2770782       -0.6976314      0.3885151     
   19:alpha:time11.167      0.0249250       0.2732534       -0.5106517      0.5605017     
   20:alpha:time11.367      -0.2832897      0.2771730       -0.8265488      0.2599694     
   21:alpha:time13.134      0.4730615       0.2975358       -0.1101086      1.0562316     
   22:alpha:time13.334      0.2026867       0.2838299       -0.3536200      0.7589934     
   23:alpha:time13.534      0.3045515       0.2801033       -0.2444510      0.8535540     
   24:alpha:time13.734      -0.2425708      0.2941580       -0.8191205      0.3339789     
   25:alpha:time13.934      -0.4291469      0.3134929       -1.0435931      0.1852993     
   26:alpha:time17.101      0.5176195       0.2818336       -0.0347743      1.0700133     
   27:alpha:time17.301      0.2519624       0.2807607       -0.2983286      0.8022535     
   28:alpha:time17.501      0.3135693       0.2862750       -0.2475296      0.8746683     
   29:alpha:time17.701      0.1920212       0.2890217       -0.3744614      0.7585037     
   30:alpha:time17.901      0.4797880       0.2838761       -0.0766092      1.0361851     
   31:sigma:(Intercept)     -1.1671769      0.2178834       -1.5942283      -0.7401254    
   32:U:(Intercept)         2.3219301       0.1719735       1.9848621       2.6589981     
   33:U:sample_monthB       0.6606822       0.2210053       0.2275118       1.0938525     
   34:U:sample_monthC       0.5594862       0.2049818       0.1577219       0.9612505     

  Program  MARK  - Survival Rate Estimation with Capture-Recapture Data
   gfortran(Win64) Vers. 8.1 Mar 2016    5-Aug-2016 15:40:23    Page  013
 - - - - - - - - - - - - - - - - - - - - - - - - - - - - - - - - - - - - - -
 
   35:U:sample_monthD       1.1577679       0.1967866       0.7720661       1.5434697     
   36:U:sample_monthE       0.6402336       0.2069070       0.2346958       1.0457714     
   37:U:sample_monthF       0.7674899       0.2088855       0.3580742       1.1769056     
   38:Phi:(Intercept)       2.0066581       0.4036686       1.2154678       2.7978485     
   39:GammaDoublePrime:(In  -2.9444306      1.0259638       -4.9553198      -0.9335414    
   40:GammaPrime:(Intercep  17.724958       0.0000000       17.724958       17.724958     


 Real Function Parameters of { alpha(~1 + time)sigma(~1)U(~sample_month)Phi(~1)Gamma''(~1)Gamma'(~1) }
                                                               95% Confidence Interval
  Parameter                  Estimate       Standard Error      Lower           Upper
 --------------------------  --------------  --------------  --------------  --------------
     1:alpha g1 a0 t1        2.4798192       0.5899847       1.5656126       3.9278575                           
     2:alpha g1 a0.2 t1.2    2.9051868       0.6772991       1.8507421       4.5603924                           
     3:alpha g1 a0.4 t1.4    4.9235654       0.9799259       3.3458508       7.2452412                           
     4:alpha g1 a0.6 t1.6    4.8356922       0.9304174       3.3278617       7.0267099                           
     5:alpha g1 a0.8 t1.8    3.8332077       0.8116104       2.5427594       5.7785575                           
     6:alpha g1 a2.8 t3.8    2.3238217       0.4345467       1.6158232       3.3420407                           
     7:alpha g1 a3 t4        3.6264049       0.6084674       2.6160281       5.0270149                           
     8:alpha g1 a3.2 t4.2    2.9763442       0.5190805       2.1200191       4.1785590                           
     9:alpha g1 a3.4 t4.4    2.6160159       0.4437612       1.8804820       3.6392474                           
    10:alpha g1 a3.6 t4.6    4.2829831       0.6976062       3.1189462       5.8814559                           
    11:alpha g1 a6.1 t7.1    5.2097297       0.7818445       3.8884841       6.9799137                           
    12:alpha g1 a6.3 t7.3    3.6075135       0.5906626       2.6227558       4.9620150                           
    13:alpha g1 a6.5 t7.5    3.5440381       0.5804328       2.5763797       4.8751376                           
    14:alpha g1 a6.7 t7.7    4.0488756       0.6604570       2.9470909       5.5625680                           
    15:alpha g1 a6.9 t7.9    4.2851219       0.7028668       3.1136371       5.8973698                           
    16:alpha g1 a9.567 t10.  3.4535078       0.4828376       2.6292180       4.5362218                           
    17:alpha g1 a9.767 t10.  2.7654134       0.4018167       2.0831617       3.6711079                           
    18:alpha g1 a9.967 t10.  2.1246934       0.3201649       1.5839729       2.8499997                           
    19:alpha g1 a10.167 t11  2.5424055       0.3655517       1.9207941       3.3651840                           
    20:alpha g1 a10.367 t11  1.8680516       0.2824459       1.3912751       2.5082149                           
    21:alpha g1 a12.134 t13  3.9798619       0.7430896       2.7688205       5.7205951                           
    22:alpha g1 a12.334 t13  3.0370067       0.4961481       2.2095265       4.1743828                           
    23:alpha g1 a12.534 t13  3.3626763       0.5269157       2.4780573       4.5630874                           
    24:alpha g1 a12.734 t13  1.9456865       0.3522111       1.3684366       2.7664388                           
    25:alpha g1 a12.934 t13  1.6145217       0.3410940       1.0719386       2.4317441                           
    26:alpha g1 a16.101 t17  4.1612069       0.6563284       3.0604451       5.6578839                           
    27:alpha g1 a16.301 t17  3.1904057       0.4966891       2.3556959       4.3208841                           
    28:alpha g1 a16.501 t17  3.3931374       0.5624794       2.4572573       4.6854603                           
    29:alpha g1 a16.701 t17  3.0047875       0.5155465       2.1519103       4.1956896                           
    30:alpha g1 a16.901 t17  4.0067228       0.6474003       2.9250690       5.4883585                           
    31:sigma g1 a0 t1        0.3112444       0.0678150       0.2040712       0.4747023                           
    32:U g1 a0 t1            10.195333       1.7533269       7.2959189       14.246982                           
    33:U g1 a2.8 t3.8        19.739314       2.7608254       15.026343       25.930495                           
    34:U g1 a6.1 t7.1        17.839521       2.0314546       14.281173       22.284481                           

  Program  MARK  - Survival Rate Estimation with Capture-Recapture Data
   gfortran(Win64) Vers. 8.1 Mar 2016    5-Aug-2016 15:40:23    Page  014
 - - - - - - - - - - - - - - - - - - - - - - - - - - - - - - - - - - - - - -
 
    35:U g1 a9.567 t10.567   32.449920       3.1649401       26.815644       39.268021                           
    36:U g1 a12.134 t13.134  19.339773       2.2601318       15.392583       24.299158                           
    37:U g1 a16.101 t17.101  21.964336       2.6280751       17.387215       27.746366                           
    38:Phi g1 c1 a0.8 t1.8   0.8814944       0.0421680       0.7712650       0.9425595                           
    39:Gamma'' g1 c1 a0.8 t  0.0500004       0.0487337       0.0069965       0.2822068                           
    40:Gamma' g1 c1 a0.8 t1  1.0000000       0.0000000       1.0000000       1.0000000                           
    41:Phi g1 c1 a0 t1       1.0000000       0.0000000       1.0000000       1.0000000       Fixed               
    42:Gamma'' g1 c1 a0 t1   0.0000000       0.0000000       0.0000000       0.0000000       Fixed               

  Program  MARK  - Survival Rate Estimation with Capture-Recapture Data
   gfortran(Win64) Vers. 8.1 Mar 2016    5-Aug-2016 15:40:23    Page  015
 - - - - - - - - - - - - - - - - - - - - - - - - - - - - - - - - - - - - - -
 


                      Estimates of Derived Parameters
 Population Estimates of { alpha(~1 + time)sigma(~1)U(~sample_month)Phi(~1)Gamma''(~1)Gamma'(~1) }
                                                95% Confidence Interval
 Grp. Occ.   N-hat           Standard Error      Lower           Upper
 ---- ----   --------------  --------------  --------------  --------------
   1     1   13.195333       1.7533277       10.181448       17.101381     
   1     2   13.195333       1.7533277       10.181448       17.101381     
   1     3   13.195333       1.7533277       10.181448       17.101381     
   1     4   12.226274       1.7684543       9.2216288       16.209909     
   1     5   13.195333       1.7533277       10.181448       17.101381     
   1     6   24.739314       2.7608257       19.892456       30.767124     
   1     7   24.739314       2.7608257       19.892456       30.767124     
   1     8   24.739314       2.7608257       19.892456       30.767124     
   1     9   21.929656       2.8140346       17.070588       28.171836     
   1    10   24.739314       2.7608257       19.892456       30.767124     
   1    11   22.898230       2.0565561       19.209017       27.295979     
   1    12   22.000886       2.0817010       18.284298       26.472934     
   1    13   22.009537       2.0870186       18.284209       26.493884     
   1    14   21.952660       2.0729570       18.250985       26.405112     
   1    15   21.933568       2.0681949       18.239902       26.375217     
   1    16   39.770629       3.2600144       33.876975       46.689615     
   1    17   40.031345       3.3115155       34.049043       47.064718     
   1    18   40.517315       3.3985978       34.384725       47.743665     
   1    19   40.163114       3.3309686       34.146938       47.239250     
   1    20   38.443697       3.3563746       32.407805       45.603763     
   1    21   23.459266       2.3106032       19.349809       28.441478     
   1    22   24.666283       2.3528389       20.468809       29.724520     
   1    23   24.586929       2.3368437       20.416575       29.609132     
   1    24   22.889189       2.3884821       18.665793       28.068187     
   1    25   24.391008       2.5328530       19.910084       29.880399     
   1    26   27.093806       2.6749558       22.337448       32.862945     
   1    27   27.250355       2.7105577       22.434222       33.100407     
   1    28   27.205256       2.7086848       22.392909       33.051802     
   1    29   26.232991       2.7124054       21.432292       32.109016     
   1    30   27.110554       2.6814046       22.343564       32.894578     
 Mean Resighting Rate Estimates of { alpha(~1 + time)sigma(~1)U(~sample_month)Phi(~1)Gamma''(~1)Gamma'(~1) }
                                                95% Confidence Interval
 Grp. Occ.   Lambda-hat      Standard Error      Lower           Upper
 ---- ----   --------------  --------------  --------------  --------------
   1     1   2.6028896       0.6142707       1.6492550       4.1079360     
   1     2   3.0493676       0.7033972       1.9516360       4.7645374     
   1     3   5.1679158       1.0164551       3.5275998       7.5709704     
   1     4   5.0756815       0.9567219       3.5192138       7.3205393     
   1     5   4.0234450       0.8427345       2.6805007       6.0392112     
   1     6   2.4391500       0.4499570       1.7042130       3.4910265     
   1     7   3.8063788       0.6282578       2.7603127       5.2488691     
   1     8   3.1240564       0.5367991       2.2362427       4.3643423     
   1     9   2.7458455       0.4545447       1.9893796       3.7899592     

  Program  MARK  - Survival Rate Estimation with Capture-Recapture Data
   gfortran(Win64) Vers. 8.1 Mar 2016    5-Aug-2016 15:40:23    Page  016
 - - - - - - - - - - - - - - - - - - - - - - - - - - - - - - - - - - - - - -
 
   1    10   4.4955422       0.7199244       3.2910056       6.1409497     
   1    11   5.8636399       0.8002019       4.4930210       7.6523731     
   1    12   4.0268557       0.6050457       3.0045649       5.3969767     
   1    13   4.1995388       0.6007092       3.1772987       5.5506666     
   1    14   4.9791862       0.6820828       3.8114866       6.5046262     
   1    15   5.4748156       0.7275081       4.2242742       7.0955637     
   1    16   4.1712962       0.5019344       3.2977026       5.2763133     
   1    17   3.8259666       0.4348060       3.0641773       4.7771454     
   1    18   2.9738738       0.3588625       2.3495014       3.7641712     
   1    19   3.3168217       0.3925311       2.6322942       4.1793605     
   1    20   2.4612797       0.3131261       1.9200069       3.1551439     
   1    21   5.6338673       0.7888640       4.2874173       7.4031656     
   1    22   3.5632099       0.5175792       2.6843644       4.7297843     
   1    23   3.9107206       0.5460521       2.9783450       5.1349778     
   1    24   2.6057214       0.3939143       1.9407665       3.4985064     
   1    25   3.2784195       0.4812100       2.4625619       4.3645743     
   1    26   4.7576262       0.6814114       3.5982641       6.2905353     
   1    27   3.3487416       0.5118010       2.4862058       4.5105157     
   1    28   4.1339531       0.5925834       3.1258444       5.4671845     
   1    29   3.8567087       0.5502115       2.9200508       5.0938162     
   1    30   4.7885238       0.6756518       3.6365361       6.3054399     
 Pr(Captured 1 or more times) of { alpha(~1 + time)sigma(~1)U(~sample_month)Phi(~1)Gamma''(~1)Gamma'(~1) }
                                                95% Confidence Interval
 Grp. Occ.      p*-hat       Standard Error      Lower           Upper
 ---- ----   --------------  --------------  --------------  --------------
   1     1   0.9025018       0.0498807       0.7529225       0.9656571     
   1     2   0.9316947       0.0394069       0.8020803       0.9786827     
   1     3   0.9857159       0.0111726       0.9357733       0.9969498     
   1     4   0.9847656       0.0116083       0.9341501       0.9966164     
   1     5   0.9675047       0.0216861       0.8851029       0.9913849     
   1     6   0.8886152       0.0428356       0.7735433       0.9490646     
   1     7   0.9617960       0.0197877       0.8975558       0.9863648     
   1     8   0.9355782       0.0289322       0.8500322       0.9738287     
   1     9   0.9130993       0.0342664       0.8184176       0.9607775     
   1    10   0.9769913       0.0134794       0.9291244       0.9927817     
   1    11   0.9921090       0.0053402       0.9706065       0.9979153     
   1    12   0.9692213       0.0161821       0.9157894       0.9891521     
   1    13   0.9742760       0.0135022       0.9294536       0.9908989     
   1    14   0.9863956       0.0081116       0.9568471       0.9957999     
   1    15   0.9910729       0.0056697       0.9693404       0.9974413     
   1    16   0.9740606       0.0115964       0.9385517       0.9892844     
   1    17   0.9681039       0.0128155       0.9308231       0.9856041     
   1    18   0.9344034       0.0217719       0.8765525       0.9661895     
   1    19   0.9499983       0.0180320       0.9002828       0.9755992     
   1    20   0.8965472       0.0299440       0.8215170       0.9422534     
   1    21   0.9928729       0.0048189       0.9734538       0.9981140     
   1    22   0.9571687       0.0193764       0.8984712       0.9825887     
   1    23   0.9673113       0.0155787       0.9184769       0.9872973     
   1    24   0.9089935       0.0324958       0.8222228       0.9556947     
   1    25   0.9524850       0.0215234       0.8875438       0.9807379     

  Program  MARK  - Survival Rate Estimation with Capture-Recapture Data
   gfortran(Win64) Vers. 8.1 Mar 2016    5-Aug-2016 15:40:23    Page  017
 - - - - - - - - - - - - - - - - - - - - - - - - - - - - - - - - - - - - - -
 
   1    26   0.9826860       0.0098221       0.9482058       0.9943490     
   1    27   0.9458913       0.0233900       0.8771164       0.9771762     
   1    28   0.9734412       0.0133952       0.9299523       0.9902143     
   1    29   0.9678017       0.0154559       0.9191584       0.9875715     
   1    30   0.9838118       0.0091751       0.9515698       0.9947083     

 Attempted ordering of parameters by estimatibility:
   1 35 32 37 34 36 16 33 19 11 17 26 10 27 23 30 15  7 20 14 22  9 28 12  4
  24  8  3 21 18 13  5 31 29  6  2 38 25 39 40
 Beta number 40 is a singular value.

     CPU Time in seconds for last procedure was 25.61


  INPUT --- proc stop;

   * *  WARNING  * *   Numerical underflow occurred during final processing of this model. 
     IEEE flag status at final processing of this model:
     overflow       F
     divide by zero F
     invalid        F
     underflow      T
     inexact        T


     CPU Time in minutes for this job was 0.43

     Time Start = 15:40:07.351   Time End = 15:40:23.974

     Wall Clock Time in minutes for this job was 0.28


          E X E C U T I O N   S U C C E S S F U L 
