
   Program  MARK  - Survival Rate Estimation with Capture-Recapture Data
   gfortran(Win64) Vers. 8.1 Mar 2016    5-Aug-2016 15:45:00    Page  001
 - - - - - - - - - - - - - - - - - - - - - - - - - - - - - - - - - - - - - -
 
   This version was compiled by GCC version 5.3.0 using the options: 
     -cpp -iprefix c:\tdm-gcc-64\gcc\bin\../lib/gcc/x86_64-w64-mingw32/5.3.0/ -D_MT
     -U_REENTRANT -D IEEE -m64 -mtune=generic -march=x86-64 -mthreads -O2
     -fimplicit-none -fbounds-check -funroll-loops -ftree-vectorize
     -ffpe-summary=invalid,zero,overflow,underflow -fno-unsafe-math-optimizations
     -frounding-math -fsignaling-nans -fopenmp.

   This problem will use 3 of 4 possible threads.


  INPUT --- proc title ;

     CPU Time in seconds for last procedure was 0.00


  INPUT --- proc chmatrix occasions= 30 groups= 1 etype= PoissonMR 
  INPUT --- icovar = 1 ICMeans NoHist  hist= 14 ;

  INPUT ---    time interval 0.2 0.2 0.2 0.2 2 0.2 0.2 0.2 0.2 2.5 0.2 0.2 
  INPUT ---    0.2 0.2 2.667 0.2 0.2 0.2  0.2 1.767 0.2 0.2 0.2 0.2 3.167 
  INPUT ---    0.2 0.2 0.2 0.2 ;

  INPUT ---     icovariates captive ;

  INPUT ---    glabel(1)=Group 1;

      Number of unique encounter histories read was 14.

      Number of individual covariates read was 1.
      Time interval lengths vary and/or not equal to 1.

      Data type number is 115
      Data type is Poisson Mark Resight with Robust Design                                                             

     CPU Time in seconds for last procedure was 0.02

  Program  MARK  - Survival Rate Estimation with Capture-Recapture Data
   gfortran(Win64) Vers. 8.1 Mar 2016    5-Aug-2016 15:45:00    Page  002
 - - - - - - - - - - - - - - - - - - - - - - - - - - - - - - - - - - - - - -
 


  INPUT --- proc estimate link=Parm-Specific NOLOOP varest=2ndPart    ;


  INPUT --- model={ alpha(~1 + captive + effort.trapdays + 
  INPUT --- recordloss.agout.total)sigma(~1)U(~sample_month)Phi(~1)Gamma
  INPUT --- ''(~1)Gamma'(~1) };

  INPUT ---    fixed=2;
  INPUT ---        parm(41)=1 ;
  INPUT ---        parm(42)=0 ;

  INPUT ---    group=1 alpha    rows=1 cols=30 Square ;
  INPUT ---        1 2 3 4 5 6 7 8 9 10 11 12 13 14 15 16 17 18 19 20 21 22 
  INPUT ---       23 24 25 26 27 28 29 30 ;

  INPUT ---    group=1 sigma    rows=1 cols=30 Square ;
  INPUT ---        31 31 31 31 31 31 31 31 31 31 31 31 31 31 31 31 31 31 31 
  INPUT ---       31 31 31 31 31 31 31 31 31 31 31 ;

  INPUT ---    group=1 U    rows=1 cols=30 Square ;
  INPUT ---        32 32 32 32 32 33 33 33 33 33 34 34 34 34 34 35 35 35 35 
  INPUT ---       35 36 36 36 36 36 37 37 37 37 37 ;

  INPUT ---    group=1 Phi    rows=29 cols=29 Triang ;
  INPUT ---        41 41 41 41 38 41 41 41 41 38 41 41 41 41 38 41 41 41 41 
  INPUT ---       38 41 41 41 41 38 41 41 41 41 ;
  INPUT ---        41 41 41 41 41 41 41 41 41 41 41 41 41 41 41 41 41 41 41 
  INPUT ---       41 41 41 41 41 41 41 41 41 ;
  INPUT ---        41 41 41 41 41 41 41 41 41 41 41 41 41 41 41 41 41 41 41 
  INPUT ---       41 41 41 41 41 41 41 41 ;
  INPUT ---        41 41 41 41 41 41 41 41 41 41 41 41 41 41 41 41 41 41 41 
  INPUT ---       41 41 41 41 41 41 41 ;
  INPUT ---        41 41 41 41 41 41 41 41 41 41 41 41 41 41 41 41 41 41 41 
  INPUT ---       41 41 41 41 41 41 ;
  INPUT ---        41 41 41 41 38 41 41 41 41 38 41 41 41 41 38 41 41 41 41 
  INPUT ---       38 41 41 41 41 ;
  INPUT ---        41 41 41 41 41 41 41 41 41 41 41 41 41 41 41 41 41 41 41 
  INPUT ---       41 41 41 41 ;
  INPUT ---        41 41 41 41 41 41 41 41 41 41 41 41 41 41 41 41 41 41 41 
  INPUT ---       41 41 41 ;
  INPUT ---        41 41 41 41 41 41 41 41 41 41 41 41 41 41 41 41 41 41 41 
  INPUT ---       41 41 ;
  INPUT ---        41 41 41 41 41 41 41 41 41 41 41 41 41 41 41 41 41 41 41 
  INPUT ---       41 ;

  Program  MARK  - Survival Rate Estimation with Capture-Recapture Data
   gfortran(Win64) Vers. 8.1 Mar 2016    5-Aug-2016 15:45:00    Page  003
 - - - - - - - - - - - - - - - - - - - - - - - - - - - - - - - - - - - - - -
 
  INPUT ---        41 41 41 41 38 41 41 41 41 38 41 41 41 41 38 41 41 41 41 ;
  INPUT ---        41 41 41 41 41 41 41 41 41 41 41 41 41 41 41 41 41 41 ;
  INPUT ---        41 41 41 41 41 41 41 41 41 41 41 41 41 41 41 41 41 ;
  INPUT ---        41 41 41 41 41 41 41 41 41 41 41 41 41 41 41 41 ;
  INPUT ---        41 41 41 41 41 41 41 41 41 41 41 41 41 41 41 ;
  INPUT ---        41 41 41 41 38 41 41 41 41 38 41 41 41 41 ;
  INPUT ---        41 41 41 41 41 41 41 41 41 41 41 41 41 ;
  INPUT ---        41 41 41 41 41 41 41 41 41 41 41 41 ;
  INPUT ---        41 41 41 41 41 41 41 41 41 41 41 ;
  INPUT ---        41 41 41 41 41 41 41 41 41 41 ;
  INPUT ---        41 41 41 41 38 41 41 41 41 ;
  INPUT ---        41 41 41 41 41 41 41 41 ;
  INPUT ---        41 41 41 41 41 41 41 ;
  INPUT ---        41 41 41 41 41 41 ;
  INPUT ---        41 41 41 41 41 ;
  INPUT ---        41 41 41 41 ;
  INPUT ---        41 41 41 ;
  INPUT ---        41 41 ;
  INPUT ---        41 ;

  INPUT ---    group=1 Gamma''    rows=29 cols=29 Triang ;
  INPUT ---        42 42 42 42 39 42 42 42 42 39 42 42 42 42 39 42 42 42 42 
  INPUT ---       39 42 42 42 42 39 42 42 42 42 ;
  INPUT ---        42 42 42 42 42 42 42 42 42 42 42 42 42 42 42 42 42 42 42 
  INPUT ---       42 42 42 42 42 42 42 42 42 ;
  INPUT ---        42 42 42 42 42 42 42 42 42 42 42 42 42 42 42 42 42 42 42 
  INPUT ---       42 42 42 42 42 42 42 42 ;
  INPUT ---        42 42 42 42 42 42 42 42 42 42 42 42 42 42 42 42 42 42 42 
  INPUT ---       42 42 42 42 42 42 42 ;
  INPUT ---        42 42 42 42 42 42 42 42 42 42 42 42 42 42 42 42 42 42 42 
  INPUT ---       42 42 42 42 42 42 ;
  INPUT ---        42 42 42 42 39 42 42 42 42 39 42 42 42 42 39 42 42 42 42 
  INPUT ---       39 42 42 42 42 ;
  INPUT ---        42 42 42 42 42 42 42 42 42 42 42 42 42 42 42 42 42 42 42 
  INPUT ---       42 42 42 42 ;
  INPUT ---        42 42 42 42 42 42 42 42 42 42 42 42 42 42 42 42 42 42 42 
  INPUT ---       42 42 42 ;
  INPUT ---        42 42 42 42 42 42 42 42 42 42 42 42 42 42 42 42 42 42 42 
  INPUT ---       42 42 ;
  INPUT ---        42 42 42 42 42 42 42 42 42 42 42 42 42 42 42 42 42 42 42 
  INPUT ---       42 ;
  INPUT ---        42 42 42 42 39 42 42 42 42 39 42 42 42 42 39 42 42 42 42 ;
  INPUT ---        42 42 42 42 42 42 42 42 42 42 42 42 42 42 42 42 42 42 ;
  INPUT ---        42 42 42 42 42 42 42 42 42 42 42 42 42 42 42 42 42 ;
  INPUT ---        42 42 42 42 42 42 42 42 42 42 42 42 42 42 42 42 ;
  INPUT ---        42 42 42 42 42 42 42 42 42 42 42 42 42 42 42 ;

  Program  MARK  - Survival Rate Estimation with Capture-Recapture Data
   gfortran(Win64) Vers. 8.1 Mar 2016    5-Aug-2016 15:45:00    Page  004
 - - - - - - - - - - - - - - - - - - - - - - - - - - - - - - - - - - - - - -
 
  INPUT ---        42 42 42 42 39 42 42 42 42 39 42 42 42 42 ;
  INPUT ---        42 42 42 42 42 42 42 42 42 42 42 42 42 ;
  INPUT ---        42 42 42 42 42 42 42 42 42 42 42 42 ;
  INPUT ---        42 42 42 42 42 42 42 42 42 42 42 ;
  INPUT ---        42 42 42 42 42 42 42 42 42 42 ;
  INPUT ---        42 42 42 42 39 42 42 42 42 ;
  INPUT ---        42 42 42 42 42 42 42 42 ;
  INPUT ---        42 42 42 42 42 42 42 ;
  INPUT ---        42 42 42 42 42 42 ;
  INPUT ---        42 42 42 42 42 ;
  INPUT ---        42 42 42 42 ;
  INPUT ---        42 42 42 ;
  INPUT ---        42 42 ;
  INPUT ---        42 ;

  INPUT ---    group=1 Gamma'    rows=28 cols=28 Triang ;
  INPUT ---        42 42 42 40 42 42 42 42 40 42 42 42 42 40 42 42 42 42 40 
  INPUT ---       42 42 42 42 40 42 42 42 42 ;
  INPUT ---        42 42 42 42 42 42 42 42 42 42 42 42 42 42 42 42 42 42 42 
  INPUT ---       42 42 42 42 42 42 42 42 ;
  INPUT ---        42 42 42 42 42 42 42 42 42 42 42 42 42 42 42 42 42 42 42 
  INPUT ---       42 42 42 42 42 42 42 ;
  INPUT ---        42 42 42 42 42 42 42 42 42 42 42 42 42 42 42 42 42 42 42 
  INPUT ---       42 42 42 42 42 42 ;
  INPUT ---        42 42 42 42 42 42 42 42 42 42 42 42 42 42 42 42 42 42 42 
  INPUT ---       42 42 42 42 42 ;
  INPUT ---        42 42 42 40 42 42 42 42 40 42 42 42 42 40 42 42 42 42 40 
  INPUT ---       42 42 42 42 ;
  INPUT ---        42 42 42 42 42 42 42 42 42 42 42 42 42 42 42 42 42 42 42 
  INPUT ---       42 42 42 ;
  INPUT ---        42 42 42 42 42 42 42 42 42 42 42 42 42 42 42 42 42 42 42 
  INPUT ---       42 42 ;
  INPUT ---        42 42 42 42 42 42 42 42 42 42 42 42 42 42 42 42 42 42 42 
  INPUT ---       42 ;
  INPUT ---        42 42 42 42 42 42 42 42 42 42 42 42 42 42 42 42 42 42 42 ;
  INPUT ---        42 42 42 40 42 42 42 42 40 42 42 42 42 40 42 42 42 42 ;
  INPUT ---        42 42 42 42 42 42 42 42 42 42 42 42 42 42 42 42 42 ;
  INPUT ---        42 42 42 42 42 42 42 42 42 42 42 42 42 42 42 42 ;
  INPUT ---        42 42 42 42 42 42 42 42 42 42 42 42 42 42 42 ;
  INPUT ---        42 42 42 42 42 42 42 42 42 42 42 42 42 42 ;
  INPUT ---        42 42 42 40 42 42 42 42 40 42 42 42 42 ;
  INPUT ---        42 42 42 42 42 42 42 42 42 42 42 42 ;
  INPUT ---        42 42 42 42 42 42 42 42 42 42 42 ;
  INPUT ---        42 42 42 42 42 42 42 42 42 42 ;
  INPUT ---        42 42 42 42 42 42 42 42 42 ;
  INPUT ---        42 42 42 40 42 42 42 42 ;

  Program  MARK  - Survival Rate Estimation with Capture-Recapture Data
   gfortran(Win64) Vers. 8.1 Mar 2016    5-Aug-2016 15:45:00    Page  005
 - - - - - - - - - - - - - - - - - - - - - - - - - - - - - - - - - - - - - -
 
  INPUT ---        42 42 42 42 42 42 42 ;
  INPUT ---        42 42 42 42 42 42 ;
  INPUT ---        42 42 42 42 42 ;
  INPUT ---        42 42 42 42 ;
  INPUT ---        42 42 42 ;
  INPUT ---        42 42 ;
  INPUT ---        42 ;

  INPUT ---    initial  0.8492118 0 0 0 -0.3123225 3.139572 0 0 0 0 0 
  INPUT ---    2.0066797 -2.9445172 17.724958  ;

  INPUT ---    design matrix constraints=42 covariates=14;
  INPUT ---        1 captive 96 0.186046511627907 0 0 0 0 0 0 0 0 0 0;
  INPUT ---        1 captive 96 0.127659574468085 0 0 0 0 0 0 0 0 0 0;
  INPUT ---        1 captive 114 0.08 0 0 0 0 0 0 0 0 0 0;
  INPUT ---        1 captive 120 0.166666666666667 0 0 0 0 0 0 0 0 0 0;
  INPUT ---        1 captive 115 0.169230769230769 0 0 0 0 0 0 0 0 0 0;
  INPUT ---        1 captive 126 0.0615384615384615 0 0 0 0 0 0 0 0 0 0;
  INPUT ---        1 captive 126 0.0776699029126214 0 0 0 0 0 0 0 0 0 0;
  INPUT ---        1 captive 126 0.170212765957447 0 0 0 0 0 0 0 0 0 0;
  INPUT ---        1 captive 114 0.0666666666666667 0 0 0 0 0 0 0 0 0 0;
  INPUT ---        1 captive 126 0.0894308943089431 0 0 0 0 0 0 0 0 0 0;
  INPUT ---        1 captive 139 0.08 0 0 0 0 0 0 0 0 0 0;
  INPUT ---        1 captive 168 0.135135135135135 0 0 0 0 0 0 0 0 0 0;
  INPUT ---        1 captive 180 0.213740458015267 0 0 0 0 0 0 0 0 0 0;
  INPUT ---        1 captive 174 0.0869565217391304 0 0 0 0 0 0 0 0 0 0;
  INPUT ---        1 captive 173 0.131428571428571 0 0 0 0 0 0 0 0 0 0;
  INPUT ---        1 captive 166 0.167441860465116 0 0 0 0 0 0 0 0 0 0;
  INPUT ---        1 captive 172 0.155 0 0 0 0 0 0 0 0 0 0;
  INPUT ---        1 captive 166 0.168831168831169 0 0 0 0 0 0 0 0 0 0;
  INPUT ---        1 captive 171 0.231182795698925 0 0 0 0 0 0 0 0 0 0;
  INPUT ---        1 captive 151 0.224489795918367 0 0 0 0 0 0 0 0 0 0;
  INPUT ---        1 captive 192 0.125827814569536 0 0 0 0 0 0 0 0 0 0;
  INPUT ---        1 captive 185 0.201612903225806 0 0 0 0 0 0 0 0 0 0;
  INPUT ---        1 captive 198 0.244604316546763 0 0 0 0 0 0 0 0 0 0;
  INPUT ---        1 captive 198 0.282828282828283 0 0 0 0 0 0 0 0 0 0;
  INPUT ---        1 captive 195 0.314516129032258 0 0 0 0 0 0 0 0 0 0;
  INPUT ---        1 captive 192 0.137254901960784 0 0 0 0 0 0 0 0 0 0;
  INPUT ---        1 captive 192 0.266129032258065 0 0 0 0 0 0 0 0 0 0;
  INPUT ---        1 captive 198 0.198581560283688 0 0 0 0 0 0 0 0 0 0;
  INPUT ---        1 captive 198 0.293333333333333 0 0 0 0 0 0 0 0 0 0;
  INPUT ---        1 captive 198 0.202453987730061 0 0 0 0 0 0 0 0 0 0;
  INPUT ---        0 0 0 0 1 0 0 0 0 0 0 0 0 0;
  INPUT ---        0 0 0 0 0 1 0 0 0 0 0 0 0 0;
  INPUT ---        0 0 0 0 0 1 1 0 0 0 0 0 0 0;
  INPUT ---        0 0 0 0 0 1 0 1 0 0 0 0 0 0;

  Program  MARK  - Survival Rate Estimation with Capture-Recapture Data
   gfortran(Win64) Vers. 8.1 Mar 2016    5-Aug-2016 15:45:00    Page  006
 - - - - - - - - - - - - - - - - - - - - - - - - - - - - - - - - - - - - - -
 
  INPUT ---        0 0 0 0 0 1 0 0 1 0 0 0 0 0;
  INPUT ---        0 0 0 0 0 1 0 0 0 1 0 0 0 0;
  INPUT ---        0 0 0 0 0 1 0 0 0 0 1 0 0 0;
  INPUT ---        0 0 0 0 0 0 0 0 0 0 0 1 0 0;
  INPUT ---        0 0 0 0 0 0 0 0 0 0 0 0 1 0;
  INPUT ---        0 0 0 0 0 0 0 0 0 0 0 0 0 1;
  INPUT ---        0 0 0 0 0 0 0 0 0 0 0 0 0 0;
  INPUT ---        0 0 0 0 0 0 0 0 0 0 0 0 0 0;

  INPUT ---    links=42;

  INPUT ---    Log;

  INPUT ---    Log;

  INPUT ---    Log;

  INPUT ---    Log;

  INPUT ---    Log;

  INPUT ---    Log;

  INPUT ---    Log;

  INPUT ---    Log;

  INPUT ---    Log;

  INPUT ---    Log;

  INPUT ---    Log;

  INPUT ---    Log;

  INPUT ---    Log;

  INPUT ---    Log;

  INPUT ---    Log;

  INPUT ---    Log;

  INPUT ---    Log;

  INPUT ---    Log;

  Program  MARK  - Survival Rate Estimation with Capture-Recapture Data
   gfortran(Win64) Vers. 8.1 Mar 2016    5-Aug-2016 15:45:00    Page  007
 - - - - - - - - - - - - - - - - - - - - - - - - - - - - - - - - - - - - - -
 

  INPUT ---    Log;

  INPUT ---    Log;

  INPUT ---    Log;

  INPUT ---    Log;

  INPUT ---    Log;

  INPUT ---    Log;

  INPUT ---    Log;

  INPUT ---    Log;

  INPUT ---    Log;

  INPUT ---    Log;

  INPUT ---    Log;

  INPUT ---    Log;

  INPUT ---    Log;

  INPUT ---    Log;

  INPUT ---    Log;

  INPUT ---    Log;

  INPUT ---    Log;

  INPUT ---    Log;

  INPUT ---    Log;

  INPUT ---    Logit;

  INPUT ---    Logit;

  INPUT ---    Logit;

  INPUT ---    Logit;

  Program  MARK  - Survival Rate Estimation with Capture-Recapture Data
   gfortran(Win64) Vers. 8.1 Mar 2016    5-Aug-2016 15:45:00    Page  008
 - - - - - - - - - - - - - - - - - - - - - - - - - - - - - - - - - - - - - -
 

  INPUT ---    Logit;
  INPUT ---       blabel(1)=alpha:(Intercept);
  INPUT ---       blabel(2)=alpha:captive;
  INPUT ---       blabel(3)=alpha:effort.trapdays;
  INPUT ---       blabel(4)=alpha:recordloss.agout.total;
  INPUT ---       blabel(5)=sigma:(Intercept);
  INPUT ---       blabel(6)=U:(Intercept);
  INPUT ---       blabel(7)=U:sample_monthB;
  INPUT ---       blabel(8)=U:sample_monthC;
  INPUT ---       blabel(9)=U:sample_monthD;
  INPUT ---       blabel(10)=U:sample_monthE;
  INPUT ---       blabel(11)=U:sample_monthF;
  INPUT ---       blabel(12)=Phi:(Intercept);
  INPUT ---       blabel(13)=GammaDoublePrime:(Intercept);
  INPUT ---       blabel(14)=GammaPrime:(Intercept);
  INPUT ---       rlabel(1)=alpha g1 a0 t1;
  INPUT ---       rlabel(2)=alpha g1 a0.2 t1.2;
  INPUT ---       rlabel(3)=alpha g1 a0.4 t1.4;
  INPUT ---       rlabel(4)=alpha g1 a0.6 t1.6;
  INPUT ---       rlabel(5)=alpha g1 a0.8 t1.8;
  INPUT ---       rlabel(6)=alpha g1 a2.8 t3.8;
  INPUT ---       rlabel(7)=alpha g1 a3 t4;
  INPUT ---       rlabel(8)=alpha g1 a3.2 t4.2;
  INPUT ---       rlabel(9)=alpha g1 a3.4 t4.4;
  INPUT ---       rlabel(10)=alpha g1 a3.6 t4.6;
  INPUT ---       rlabel(11)=alpha g1 a6.1 t7.1;
  INPUT ---       rlabel(12)=alpha g1 a6.3 t7.3;
  INPUT ---       rlabel(13)=alpha g1 a6.5 t7.5;
  INPUT ---       rlabel(14)=alpha g1 a6.7 t7.7;
  INPUT ---       rlabel(15)=alpha g1 a6.9 t7.9;
  INPUT ---       rlabel(16)=alpha g1 a9.567 t10.567;
  INPUT ---       rlabel(17)=alpha g1 a9.767 t10.767;
  INPUT ---       rlabel(18)=alpha g1 a9.967 t10.967;
  INPUT ---       rlabel(19)=alpha g1 a10.167 t11.167;
  INPUT ---       rlabel(20)=alpha g1 a10.367 t11.367;
  INPUT ---       rlabel(21)=alpha g1 a12.134 t13.134;
  INPUT ---       rlabel(22)=alpha g1 a12.334 t13.334;
  INPUT ---       rlabel(23)=alpha g1 a12.534 t13.534;
  INPUT ---       rlabel(24)=alpha g1 a12.734 t13.734;
  INPUT ---       rlabel(25)=alpha g1 a12.934 t13.934;
  INPUT ---       rlabel(26)=alpha g1 a16.101 t17.101;
  INPUT ---       rlabel(27)=alpha g1 a16.301 t17.301;
  INPUT ---       rlabel(28)=alpha g1 a16.501 t17.501;
  INPUT ---       rlabel(29)=alpha g1 a16.701 t17.701;
  INPUT ---       rlabel(30)=alpha g1 a16.901 t17.901;

  Program  MARK  - Survival Rate Estimation with Capture-Recapture Data
   gfortran(Win64) Vers. 8.1 Mar 2016    5-Aug-2016 15:45:00    Page  009
 - - - - - - - - - - - - - - - - - - - - - - - - - - - - - - - - - - - - - -
 
  INPUT ---       rlabel(31)=sigma g1 a0 t1;
  INPUT ---       rlabel(32)=U g1 a0 t1;
  INPUT ---       rlabel(33)=U g1 a2.8 t3.8;
  INPUT ---       rlabel(34)=U g1 a6.1 t7.1;
  INPUT ---       rlabel(35)=U g1 a9.567 t10.567;
  INPUT ---       rlabel(36)=U g1 a12.134 t13.134;
  INPUT ---       rlabel(37)=U g1 a16.101 t17.101;
  INPUT ---       rlabel(38)=Phi g1 c1 a0.8 t1.8;
  INPUT ---       rlabel(39)=Gamma'' g1 c1 a0.8 t1.8;
  INPUT ---       rlabel(40)=Gamma' g1 c1 a0.8 t1.8;
  INPUT ---       rlabel(41)=Phi g1 c1 a0 t1;
  INPUT ---       rlabel(42)=Gamma'' g1 c1 a0 t1;

 Link Function Used is PARM-SPECIFIC

 Variance Estimation Procedure Used is 2ndPart 

 M(t+1):
 Group=Group 1                                                                         
       3      3      3      2      3      5      5      5      2      5      5
       4      4      4      4     10      7      7      7      5      5      5
       5      3      4      5      5      5      4      5


 -2logL(saturated) = -0.0000000    
 Effective Sample Size = 169
 Results from first iteration:
  -2logL Initial { alpha(~1 + captive + effort.trapdays + recordloss.agout.total)sigma(~1)U(~sample_month)Phi(~1)Gamma''(~1)Gamma'(~1) } = 1138.4459     
  Penalty Initial { alpha(~1 + captive + effort.trapdays + recordloss.agout.total)sigma(~1)U(~sample_month)Phi(~1)Gamma''(~1)Gamma'(~1) } = -0.0000000    

 Number of function evaluations was 25 for 14 parameters.
 Time for numerical optimization was 2.33 seconds.
 -2logL { alpha(~1 + captive + effort.trapdays + recordloss.agout.total)sigma(~1)U(~sample_month)Phi(~1)Gamma''(~1)Gamma'(~1) } = 1060.9426     
 Penalty { alpha(~1 + captive + effort.trapdays + recordloss.agout.total)sigma(~1)U(~sample_month)Phi(~1)Gamma''(~1)Gamma'(~1) } = -0.0000000    

   * *  WARNING  * *   Numerical underflow occurred during optimization of this model. 
     IEEE flag status at end of optimization:
     overflow       F
     divide by zero F
     invalid        F
     underflow      T
     inexact        T

 Gradient { alpha(~1 + captive + effort.trapdays + recordloss.agout.total)sigma(~1)U(~sample_month)Phi(~1)Gamma''(~1)Gamma'(~1) }:
  0.5964996E-04 0.1369539E-03 0.9242781E-04-0.2915149E-04 0.5132657E-04
 -0.1256856E-04  0.000000    -0.3226572E-04-0.9048468E-04 0.6998609E-04
 -0.4153268E-04-0.7562340E-04  0.000000      0.000000    
 S Vector { alpha(~1 + captive + effort.trapdays + recordloss.agout.total)sigma(~1)U(~sample_month)Phi(~1)Gamma''(~1)Gamma'(~1) }:
   4282.991      349.1151      298.4012      275.5622      245.2669    
   204.2190      117.7002      50.06827      17.70083      6.136912    
   5.174543      2.533732     0.9500059     0.1080805E-07
 Time to compute number of parameters was 2.00 seconds.
   Threshold =  0.3000000E-06     Condition index =  0.2523481E-11     New Threshold =  0.4044001E-07

  Program  MARK  - Survival Rate Estimation with Capture-Recapture Data
   gfortran(Win64) Vers. 8.1 Mar 2016    5-Aug-2016 15:45:03    Page  010
 - - - - - - - - - - - - - - - - - - - - - - - - - - - - - - - - - - - - - -
 
 New Guessimate of Estimated Parameters { alpha(~1 + captive + effort.trapdays + recordloss.agout.total)sigma(~1)U(~sample_month)Phi(~1)Gamma''(~1)Gamma'(~1) } = 13          
 Conditioned S Vector { alpha(~1 + captive + effort.trapdays + recordloss.agout.total)sigma(~1)U(~sample_month)Phi(~1)Gamma''(~1)Gamma'(~1) }:
   1.000000     0.8151199E-01 0.6967123E-01 0.6433874E-01 0.5726534E-01
  0.4768141E-01 0.2748085E-01 0.1169003E-01 0.4132819E-02 0.1432857E-02
  0.1208161E-02 0.5915801E-03 0.2218090E-03 0.2523481E-11
 Number of Estimated Parameters { alpha(~1 + captive + effort.trapdays + recordloss.agout.total)sigma(~1)U(~sample_month)Phi(~1)Gamma''(~1)Gamma'(~1) } = 13          
 DEVIANCE { alpha(~1 + captive + effort.trapdays + recordloss.agout.total)sigma(~1)U(~sample_month)Phi(~1)Gamma''(~1)Gamma'(~1) } = 1060.9426                     
 DEVIANCE Degrees of Freedom { alpha(~1 + captive + effort.trapdays + recordloss.agout.total)sigma(~1)U(~sample_month)Phi(~1)Gamma''(~1)Gamma'(~1) } = 1            
 c-hat { alpha(~1 + captive + effort.trapdays + recordloss.agout.total)sigma(~1)U(~sample_month)Phi(~1)Gamma''(~1)Gamma'(~1) } = 1060.9426                     
 AIC { alpha(~1 + captive + effort.trapdays + recordloss.agout.total)sigma(~1)U(~sample_month)Phi(~1)Gamma''(~1)Gamma'(~1) } = 1086.9426                  
 AICc { alpha(~1 + captive + effort.trapdays + recordloss.agout.total)sigma(~1)U(~sample_month)Phi(~1)Gamma''(~1)Gamma'(~1) } = 1089.2910                    
 BIC { alpha(~1 + captive + effort.trapdays + recordloss.agout.total)sigma(~1)U(~sample_month)Phi(~1)Gamma''(~1)Gamma'(~1) } = 1127.6313                    
 Pearson Chisquare { alpha(~1 + captive + effort.trapdays + recordloss.agout.total)sigma(~1)U(~sample_month)Phi(~1)Gamma''(~1)Gamma'(~1) } = 0.4181265E+033             

   * *  WARNING  * *   Numerical underflow occurred during variance-covariance calculation of this model. 
     IEEE flag status at end of variance-covariance calculation:
     overflow       F
     divide by zero F
     invalid        F
     underflow      T
     inexact        T



 PARM-SPECIFIC Link Function Parameters of { alpha(~1 + captive + effort.trapdays + recordloss.agout.total)sigma(~1)U(~sample_month)Phi(~1)Gamma''(~1)Gamma'(~1) }
                                                              95% Confidence Interval
 Parameter                    Beta         Standard Error      Lower           Upper
 -------------------------  --------------  --------------  --------------  --------------
    1:alpha:(Intercept)     0.9058995       0.2827556       0.3516985       1.4601005     
    2:alpha:captive         0.1621547       0.1018356       -0.0374432      0.3617526     
    3:alpha:effort.trapday  0.0036465       0.0018187       0.8185817E-004  0.0072112     
    4:alpha:recordloss.ago  -2.8998639      0.5607521       -3.9989380      -1.8007898    
    5:sigma:(Intercept)     -0.7719765      0.1351672       -1.0369043      -0.5070487    
    6:U:(Intercept)         2.6181330       0.1407103       2.3423408       2.8939252     
    7:U:sample_monthB       0.3349141       0.1310255       0.0781041       0.5917240     
    8:U:sample_monthC       0.4093824       0.1506648       0.1140794       0.7046854     
    9:U:sample_monthD       0.7589892       0.1431474       0.4784203       1.0395582     
   10:U:sample_monthE       0.2995363       0.1686647       -0.0310465      0.6301191     
   11:U:sample_monthF       0.6423718       0.1750129       0.2993466       0.9853970     
   12:Phi:(Intercept)       2.0066579       0.4036687       1.2154672       2.7978485     
   13:GammaDoublePrime:(In  -2.9444324      1.0259752       -4.9553438      -0.9335210    
   14:GammaPrime:(Intercep  17.724958       0.0000000       17.724958       17.724958     


 Real Function Parameters of { alpha(~1 + captive + effort.trapdays + recordloss.agout.total)sigma(~1)U(~sample_month)Phi(~1)Gamma''(~1)Gamma'(~1) }

      Following estimates based on unstandardized individual covariate values:
          Variable   Value         
          ---------  ------------- 
          CAPTIVE    0.2142857     
                                                               95% Confidence Interval
  Parameter                  Estimate       Standard Error      Lower           Upper
 --------------------------  --------------  --------------  --------------  --------------
     1:alpha g1 a0 t1        2.1195475       0.3115624       1.5914272       2.8229263                           
     2:alpha g1 a0.2 t1.2    2.5105875       0.3402941       1.9271833       3.2706020                           
     3:alpha g1 a0.4 t1.4    3.0782471       0.3347512       2.4889020       3.8071427                           

  Program  MARK  - Survival Rate Estimation with Capture-Recapture Data
   gfortran(Win64) Vers. 8.1 Mar 2016    5-Aug-2016 15:45:03    Page  011
 - - - - - - - - - - - - - - - - - - - - - - - - - - - - - - - - - - - - - -
 
     4:alpha g1 a0.6 t1.6    2.4471347       0.2621560       1.9848557       3.0170800                           
     5:alpha g1 a0.8 t1.8    2.3851207       0.2731286       1.9070047       2.9831079                           
     6:alpha g1 a2.8 t3.8    3.3927962       0.3368081       2.7942368       4.1195742                           
     7:alpha g1 a3 t4        3.2377396       0.3139982       2.6784492       3.9138161                           
     8:alpha g1 a3.2 t4.2    2.4756766       0.2474244       2.0362577       3.0099209                           
     9:alpha g1 a3.4 t4.4    3.1995979       0.3507142       2.5826781       3.9638803                           
    10:alpha g1 a3.6 t4.6    3.1291774       0.2998239       2.5945174       3.7740163                           
    11:alpha g1 a6.1 t7.1    3.3720576       0.2968689       2.8385738       4.0058048                           
    12:alpha g1 a6.3 t7.3    3.1943628       0.2430576       2.7523836       3.7073152                           
    13:alpha g1 a6.5 t7.5    2.6570090       0.2049333       2.2847387       3.0899361                           
    14:alpha g1 a6.7 t7.7    3.7545863       0.3470083       3.1337020       4.4984874                           
    15:alpha g1 a6.9 t7.9    3.2882934       0.2607661       2.8156176       3.8403204                           
    16:alpha g1 a9.567 t10.  2.8875532       0.2086147       2.5067603       3.3261909                           
    17:alpha g1 a9.767 t10.  3.0598573       0.2290484       2.6428440       3.5426709                           
    18:alpha g1 a9.967 t10.  2.8759432       0.2076711       2.4968590       3.3125815                           
    19:alpha g1 a10.167 t11  2.4444057       0.1906934       2.0983053       2.8475928                           
    20:alpha g1 a10.367 t11  2.3170169       0.1982954       1.9598058       2.7393365                           
    21:alpha g1 a12.134 t13  3.5819018       0.3510086       2.9573167       4.3383992                           
    22:alpha g1 a12.334 t13  2.8027522       0.2227343       2.3990817       3.2743444                           
    23:alpha g1 a12.534 t13  2.5943533       0.2364889       2.1706844       3.1007129                           
    24:alpha g1 a12.734 t13  2.3221488       0.2239825       1.9229856       2.8041683                           
    25:alpha g1 a12.934 t13  2.0952293       0.2156209       1.7134170       2.5621235                           
    26:alpha g1 a16.101 t17  3.4651534       0.3290135       2.8779375       4.1721851                           
    27:alpha g1 a16.301 t17  2.3846192       0.2142581       2.0002803       2.8428061                           
    28:alpha g1 a16.501 t17  2.9647627       0.2706121       2.4800203       3.5442525                           
    29:alpha g1 a16.701 t17  2.2524753       0.2222744       1.8572283       2.7318371                           
    30:alpha g1 a16.901 t17  2.9316561       0.2667348       2.4537209       3.5026835                           
    31:sigma g1 a0 t1        0.4620988       0.0624606       0.3549757       0.6015492                           
    32:U g1 a0 t1            13.710103       1.9291528       10.419629       18.039693                           
    33:U g1 a2.8 t3.8        19.164260       2.1553498       15.383627       23.874009                           
    34:U g1 a6.1 t7.1        20.645872       1.7148924       17.548933       24.289341                           
    35:U g1 a9.567 t10.567   29.286370       2.0998941       25.451285       33.699338                           
    36:U g1 a12.134 t13.134  18.498124       1.6415738       15.550216       22.004875                           
    37:U g1 a16.101 t17.101  26.062690       2.3561061       21.838583       31.103840                           
    38:Phi g1 c1 a0.8 t1.8   0.8814943       0.0421681       0.7712649       0.9425595                           
    39:Gamma'' g1 c1 a0.8 t  0.0500003       0.0487341       0.0069964       0.2822109                           
    40:Gamma' g1 c1 a0.8 t1  1.0000000       0.0000000       1.0000000       1.0000000                           
    41:Phi g1 c1 a0 t1       1.0000000       0.0000000       1.0000000       1.0000000       Fixed               
    42:Gamma'' g1 c1 a0 t1   0.0000000       0.0000000       0.0000000       0.0000000       Fixed               

  Program  MARK  - Survival Rate Estimation with Capture-Recapture Data
   gfortran(Win64) Vers. 8.1 Mar 2016    5-Aug-2016 15:45:03    Page  012
 - - - - - - - - - - - - - - - - - - - - - - - - - - - - - - - - - - - - - -
 


                      Estimates of Derived Parameters
 Population Estimates of { alpha(~1 + captive + effort.trapdays + recordloss.agout.total)sigma(~1)U(~sample_month)Phi(~1)Gamma''(~1)Gamma'(~1) }
                                                95% Confidence Interval
 Grp. Occ.   N-hat           Standard Error      Lower           Upper
 ---- ----   --------------  --------------  --------------  --------------
   1     1   16.710103       1.9291539       13.336215       20.937539     
   1     2   16.710103       1.9291539       13.336215       20.937539     
   1     3   16.710103       1.9291539       13.336215       20.937539     
   1     4   15.907810       1.9676340       12.494616       20.253398     
   1     5   16.710103       1.9291539       13.336215       20.937539     
   1     6   24.164260       2.1553506       20.295458       28.770548     
   1     7   24.164260       2.1553506       20.295458       28.770548     
   1     8   24.164260       2.1553506       20.295458       28.770548     
   1     9   21.320516       2.1867406       17.447003       26.054010     
   1    10   24.164260       2.1553506       20.295458       28.770548     
   1    11   25.945956       1.7550821       22.727719       29.619895     
   1    12   24.908782       1.7487599       21.710254       28.578543     
   1    13   25.043833       1.7533099       21.836359       28.722444     
   1    14   24.840934       1.7462824       21.647228       28.505821     
   1    15   24.915188       1.7500908       21.714338       28.587867     
   1    16   36.912008       2.1740194       32.890966       41.424637     
   1    17   36.835944       2.1668708       32.827837       41.333420     
   1    18   36.917582       2.1745645       32.895556       41.431368     
   1    19   37.216897       2.2060332       33.138166       41.797650     
   1    20   35.013008       2.1792009       30.995674       39.551028     
   1    21   22.697184       1.6725830       19.648512       26.218890     
   1    22   23.956860       1.6989704       20.851583       27.524583     
   1    23   24.076178       1.7199838       20.934115       27.689842     
   1    24   21.914705       1.6965009       18.833805       25.499590     
   1    25   23.142642       1.7257721       19.999757       26.779419     
   1    26   31.365283       2.4080452       26.989427       36.450606     
   1    27   31.749046       2.4496524       27.299267       36.924139     
   1    28   31.496637       2.4278921       27.086069       36.625402     
   1    29   30.714244       2.4486893       26.277504       35.900091     
   1    30   31.507564       2.4291850       27.094709       36.639131     
 Mean Resighting Rate Estimates of { alpha(~1 + captive + effort.trapdays + recordloss.agout.total)sigma(~1)U(~sample_month)Phi(~1)Gamma''(~1)Gamma'(~1) }
                                                95% Confidence Interval
 Grp. Occ.   Lambda-hat      Standard Error      Lower           Upper
 ---- ----   --------------  --------------  --------------  --------------
   1     1   2.3583690       0.3315920       1.7927262       3.1024841     
   1     2   2.7934697       0.3601934       2.1718965       3.5929306     
   1     3   3.4250908       0.3447782       2.8132111       4.1700557     
   1     4   2.7228674       0.2673269       2.2472720       3.2991141     
   1     5   2.6538659       0.2818364       2.1564251       3.2660555     
   1     6   3.7750819       0.3413521       3.1631069       4.5054573     
   1     7   3.6025542       0.3161464       3.0342696       4.2772720     
   1     8   2.7546252       0.2484989       2.3090241       3.2862195     
   1     9   3.5601149       0.3620620       2.9182212       4.3431999     

  Program  MARK  - Survival Rate Estimation with Capture-Recapture Data
   gfortran(Win64) Vers. 8.1 Mar 2016    5-Aug-2016 15:45:03    Page  013
 - - - - - - - - - - - - - - - - - - - - - - - - - - - - - - - - - - - - - -
 
   1    10   3.4817597       0.3006825       2.9405241       4.1226156     
   1    11   4.1280391       0.2962761       3.5869804       4.7507108     
   1    12   3.7874123       0.2262305       3.3693240       4.2573798     
   1    13   3.4073005       0.1939891       3.0478037       3.8092010     
   1    14   4.8926329       0.3519170       4.2500625       5.6323542     
   1    15   4.5954364       0.2560566       4.1203480       5.1253039     
   1    16   3.7366912       0.1929641       3.3772197       4.1344249     
   1    17   4.3306323       0.2206428       3.9193178       4.7851124     
   1    18   3.9850804       0.1959937       3.6190777       4.3880974     
   1    19   3.3522786       0.1862112       3.0067229       3.7375483     
   1    20   3.1025393       0.2004396       2.7338938       3.5208940     
   1    21   5.4072173       0.3698737       4.7295013       6.1820470     
   1    22   3.4831528       0.2115661       3.0925542       3.9230851     
   1    23   3.2455903       0.2356974       2.8155217       3.7413516     
   1    24   3.1668427       0.2336777       2.7409518       3.6589090     
   1    25   4.0334444       0.2656850       3.5454115       4.5886560     
   1    26   4.2330576       0.3309082       3.6325685       4.9328117     
   1    27   2.6533079       0.2053550       2.2803700       3.0872370     
   1    28   3.8514094       0.2723431       3.3535359       4.4231983     
   1    29   3.1571568       0.2358600       2.7276786       3.6542572     
   1    30   3.8134690       0.2683070       3.3228017       4.3765915     
 Pr(Captured 1 or more times) of { alpha(~1 + captive + effort.trapdays + recordloss.agout.total)sigma(~1)U(~sample_month)Phi(~1)Gamma''(~1)Gamma'(~1) }
                                                95% Confidence Interval
 Grp. Occ.      p*-hat       Standard Error      Lower           Upper
 ---- ----   --------------  --------------  --------------  --------------
   1     1   0.2899996       0.0115328       0.2679263       0.3131137     
   1     2   0.3014175       0.0090873       0.2839109       0.3195220     
   1     3   0.3123411       0.0060594       0.3005896       0.3243391     
   1     4   0.4550196       0.0122296       0.4311717       0.4790755     
   1     5   0.2981850       0.0084886       0.2818187       0.3150849     
   1     6   0.1888330       0.0031883       0.1826632       0.1951615     
   1     7   0.1875970       0.0033452       0.1811283       0.1942419     
   1     8   0.1786662       0.0046006       0.1698264       0.1878620     
   1     9   0.4637668       0.0105561       0.4431510       0.4845073     
   1    10   0.1866375       0.0034671       0.1799370       0.1935286     
   1    11   0.1919668       0.0022451       0.1876049       0.1964056     
   1    12   0.2375406       0.0031193       0.2314810       0.2437084     
   1    13   0.2349613       0.0033724       0.2284160       0.2416355     
   1    14   0.2439513       0.0019779       0.2400954       0.2478489     
   1    15   0.2432414       0.0019027       0.2395315       0.2469900     
   1    16   0.1353429       0.0016969       0.1320514       0.1387034     
   1    17   0.1383447       0.0011701       0.1360673       0.1406540     
   1    18   0.1370253       0.0013799       0.1343431       0.1397524     
   1    19   0.1333043       0.0019871       0.1294576       0.1372474     
   1    20   0.1840862       0.0032551       0.1777915       0.1905520     
   1    21   0.2466274       0.0012137       0.2442563       0.2490139     
   1    22   0.1879155       0.0027757       0.1825355       0.1934165     
   1    23   0.1849721       0.0034024       0.1783961       0.1917339     
   1    24   0.3091993       0.0055033       0.2985180       0.3200884     
   1    25   0.2423083       0.0022235       0.2379770       0.2466929     

  Program  MARK  - Survival Rate Estimation with Capture-Recapture Data
   gfortran(Win64) Vers. 8.1 Mar 2016    5-Aug-2016 15:45:03    Page  014
 - - - - - - - - - - - - - - - - - - - - - - - - - - - - - - - - - - - - - -
 
   1    26   0.1919040       0.0024109       0.1872230       0.1966737     
   1    27   0.1758595       0.0046540       0.1669229       0.1851682     
   1    28   0.1902885       0.0025471       0.1853461       0.1953310     
   1    29   0.2302643       0.0044270       0.2217022       0.2390556     
   1    30   0.1900510       0.0025803       0.1850450       0.1951600     

 Attempted ordering of parameters by estimatibility:
   1  6  9 11  8 10  2  5  7  3 12  4 13 14
 Beta number 14 is a singular value.

     CPU Time in seconds for last procedure was 4.52


  INPUT --- proc stop;

   * *  WARNING  * *   Numerical underflow occurred during final processing of this model. 
     IEEE flag status at final processing of this model:
     overflow       F
     divide by zero F
     invalid        F
     underflow      T
     inexact        T


     CPU Time in minutes for this job was 0.08

     Time Start = 15:45:00.608   Time End = 15:45:03.875

     Wall Clock Time in minutes for this job was 0.05


          E X E C U T I O N   S U C C E S S F U L 
