
   Program  MARK  - Survival Rate Estimation with Capture-Recapture Data
   gfortran(Win64) Vers. 8.1 Mar 2016    5-Aug-2016 15:55:34    Page  001
 - - - - - - - - - - - - - - - - - - - - - - - - - - - - - - - - - - - - - -
 
   This version was compiled by GCC version 5.3.0 using the options: 
     -cpp -iprefix c:\tdm-gcc-64\gcc\bin\../lib/gcc/x86_64-w64-mingw32/5.3.0/ -D_MT
     -U_REENTRANT -D IEEE -m64 -mtune=generic -march=x86-64 -mthreads -O2
     -fimplicit-none -fbounds-check -funroll-loops -ftree-vectorize
     -ffpe-summary=invalid,zero,overflow,underflow -fno-unsafe-math-optimizations
     -frounding-math -fsignaling-nans -fopenmp.

   This problem will use 3 of 4 possible threads.


  INPUT --- proc title ;

     CPU Time in seconds for last procedure was 0.00


  INPUT --- proc chmatrix occasions= 30 groups= 1 etype= PoissonMR 
  INPUT --- icovar = 31 ICMeans NoHist  hist= 14 ;

  INPUT ---    time interval 0.2 0.2 0.2 0.2 2 0.2 0.2 0.2 0.2 2.5 0.2 0.2 
  INPUT ---    0.2 0.2 2.667 0.2 0.2 0.2  0.2 1.767 0.2 0.2 0.2 0.2 3.167 
  INPUT ---    0.2 0.2 0.2 0.2 ;

  INPUT ---     icovariates captive sex age.t1 age.t1.2 age.t1.4  age.t1.6 
  INPUT ---    age.t1.8 age.t3.8 age.t4 age.t4.2 age.t4.4 age.t4.6 
  INPUT ---    age.t7.1 age.t7.3 age.t7.5 age.t7.7  age.t7.9 age.t10.567 
  INPUT ---    age.t10.767 age.t10.967 age.t11.167 age.t11.367 age.t13.134 
  INPUT ---    age.t13.334  age.t13.534 age.t13.734 age.t13.934 
  INPUT ---    age.t17.101 age.t17.301 age.t17.501 age.t17.701 ;

  INPUT ---    glabel(1)=Group 1;

      Number of unique encounter histories read was 14.

      Number of individual covariates read was 31.
      Time interval lengths vary and/or not equal to 1.

      Data type number is 115
      Data type is Poisson Mark Resight with Robust Design                                                             

     CPU Time in seconds for last procedure was 0.00

  Program  MARK  - Survival Rate Estimation with Capture-Recapture Data
   gfortran(Win64) Vers. 8.1 Mar 2016    5-Aug-2016 15:55:34    Page  002
 - - - - - - - - - - - - - - - - - - - - - - - - - - - - - - - - - - - - - -
 


  INPUT --- proc estimate link=Parm-Specific NOLOOP varest=2ndPart    ;


  INPUT --- model={ alpha(~1 + captive + sex + effort.trapdays + 
  INPUT --- recordloss.agout.total)sigma(~1)U(~sample_month)Phi(~1 + 
  INPUT --- age.t + sex)Gamma''(~1)Gamma'(~1) };

  INPUT ---    fixed=2;
  INPUT ---        parm(45)=1 ;
  INPUT ---        parm(46)=0 ;

  INPUT ---    group=1 alpha    rows=1 cols=30 Square ;
  INPUT ---        1 2 3 4 5 6 7 8 9 10 11 12 13 14 15 16 17 18 19 20 21 22 
  INPUT ---       23 24 25 26 27 28 29 30 ;

  INPUT ---    group=1 sigma    rows=1 cols=30 Square ;
  INPUT ---        31 31 31 31 31 31 31 31 31 31 31 31 31 31 31 31 31 31 31 
  INPUT ---       31 31 31 31 31 31 31 31 31 31 31 ;

  INPUT ---    group=1 U    rows=1 cols=30 Square ;
  INPUT ---        32 32 32 32 32 33 33 33 33 33 34 34 34 34 34 35 35 35 35 
  INPUT ---       35 36 36 36 36 36 37 37 37 37 37 ;

  INPUT ---    group=1 Phi    rows=29 cols=29 Triang ;
  INPUT ---        45 45 45 45 38 45 45 45 45 39 45 45 45 45 40 45 45 45 45 
  INPUT ---       41 45 45 45 45 42 45 45 45 45 ;
  INPUT ---        45 45 45 45 45 45 45 45 45 45 45 45 45 45 45 45 45 45 45 
  INPUT ---       45 45 45 45 45 45 45 45 45 ;
  INPUT ---        45 45 45 45 45 45 45 45 45 45 45 45 45 45 45 45 45 45 45 
  INPUT ---       45 45 45 45 45 45 45 45 ;
  INPUT ---        45 45 45 45 45 45 45 45 45 45 45 45 45 45 45 45 45 45 45 
  INPUT ---       45 45 45 45 45 45 45 ;
  INPUT ---        45 45 45 45 45 45 45 45 45 45 45 45 45 45 45 45 45 45 45 
  INPUT ---       45 45 45 45 45 45 ;
  INPUT ---        45 45 45 45 39 45 45 45 45 40 45 45 45 45 41 45 45 45 45 
  INPUT ---       42 45 45 45 45 ;
  INPUT ---        45 45 45 45 45 45 45 45 45 45 45 45 45 45 45 45 45 45 45 
  INPUT ---       45 45 45 45 ;
  INPUT ---        45 45 45 45 45 45 45 45 45 45 45 45 45 45 45 45 45 45 45 
  INPUT ---       45 45 45 ;
  INPUT ---        45 45 45 45 45 45 45 45 45 45 45 45 45 45 45 45 45 45 45 
  INPUT ---       45 45 ;
  INPUT ---        45 45 45 45 45 45 45 45 45 45 45 45 45 45 45 45 45 45 45 
  INPUT ---       45 ;

  Program  MARK  - Survival Rate Estimation with Capture-Recapture Data
   gfortran(Win64) Vers. 8.1 Mar 2016    5-Aug-2016 15:55:34    Page  003
 - - - - - - - - - - - - - - - - - - - - - - - - - - - - - - - - - - - - - -
 
  INPUT ---        45 45 45 45 40 45 45 45 45 41 45 45 45 45 42 45 45 45 45 ;
  INPUT ---        45 45 45 45 45 45 45 45 45 45 45 45 45 45 45 45 45 45 ;
  INPUT ---        45 45 45 45 45 45 45 45 45 45 45 45 45 45 45 45 45 ;
  INPUT ---        45 45 45 45 45 45 45 45 45 45 45 45 45 45 45 45 ;
  INPUT ---        45 45 45 45 45 45 45 45 45 45 45 45 45 45 45 ;
  INPUT ---        45 45 45 45 41 45 45 45 45 42 45 45 45 45 ;
  INPUT ---        45 45 45 45 45 45 45 45 45 45 45 45 45 ;
  INPUT ---        45 45 45 45 45 45 45 45 45 45 45 45 ;
  INPUT ---        45 45 45 45 45 45 45 45 45 45 45 ;
  INPUT ---        45 45 45 45 45 45 45 45 45 45 ;
  INPUT ---        45 45 45 45 42 45 45 45 45 ;
  INPUT ---        45 45 45 45 45 45 45 45 ;
  INPUT ---        45 45 45 45 45 45 45 ;
  INPUT ---        45 45 45 45 45 45 ;
  INPUT ---        45 45 45 45 45 ;
  INPUT ---        45 45 45 45 ;
  INPUT ---        45 45 45 ;
  INPUT ---        45 45 ;
  INPUT ---        45 ;

  INPUT ---    group=1 Gamma''    rows=29 cols=29 Triang ;
  INPUT ---        46 46 46 46 43 46 46 46 46 43 46 46 46 46 43 46 46 46 46 
  INPUT ---       43 46 46 46 46 43 46 46 46 46 ;
  INPUT ---        46 46 46 46 46 46 46 46 46 46 46 46 46 46 46 46 46 46 46 
  INPUT ---       46 46 46 46 46 46 46 46 46 ;
  INPUT ---        46 46 46 46 46 46 46 46 46 46 46 46 46 46 46 46 46 46 46 
  INPUT ---       46 46 46 46 46 46 46 46 ;
  INPUT ---        46 46 46 46 46 46 46 46 46 46 46 46 46 46 46 46 46 46 46 
  INPUT ---       46 46 46 46 46 46 46 ;
  INPUT ---        46 46 46 46 46 46 46 46 46 46 46 46 46 46 46 46 46 46 46 
  INPUT ---       46 46 46 46 46 46 ;
  INPUT ---        46 46 46 46 43 46 46 46 46 43 46 46 46 46 43 46 46 46 46 
  INPUT ---       43 46 46 46 46 ;
  INPUT ---        46 46 46 46 46 46 46 46 46 46 46 46 46 46 46 46 46 46 46 
  INPUT ---       46 46 46 46 ;
  INPUT ---        46 46 46 46 46 46 46 46 46 46 46 46 46 46 46 46 46 46 46 
  INPUT ---       46 46 46 ;
  INPUT ---        46 46 46 46 46 46 46 46 46 46 46 46 46 46 46 46 46 46 46 
  INPUT ---       46 46 ;
  INPUT ---        46 46 46 46 46 46 46 46 46 46 46 46 46 46 46 46 46 46 46 
  INPUT ---       46 ;
  INPUT ---        46 46 46 46 43 46 46 46 46 43 46 46 46 46 43 46 46 46 46 ;
  INPUT ---        46 46 46 46 46 46 46 46 46 46 46 46 46 46 46 46 46 46 ;
  INPUT ---        46 46 46 46 46 46 46 46 46 46 46 46 46 46 46 46 46 ;
  INPUT ---        46 46 46 46 46 46 46 46 46 46 46 46 46 46 46 46 ;
  INPUT ---        46 46 46 46 46 46 46 46 46 46 46 46 46 46 46 ;

  Program  MARK  - Survival Rate Estimation with Capture-Recapture Data
   gfortran(Win64) Vers. 8.1 Mar 2016    5-Aug-2016 15:55:34    Page  004
 - - - - - - - - - - - - - - - - - - - - - - - - - - - - - - - - - - - - - -
 
  INPUT ---        46 46 46 46 43 46 46 46 46 43 46 46 46 46 ;
  INPUT ---        46 46 46 46 46 46 46 46 46 46 46 46 46 ;
  INPUT ---        46 46 46 46 46 46 46 46 46 46 46 46 ;
  INPUT ---        46 46 46 46 46 46 46 46 46 46 46 ;
  INPUT ---        46 46 46 46 46 46 46 46 46 46 ;
  INPUT ---        46 46 46 46 43 46 46 46 46 ;
  INPUT ---        46 46 46 46 46 46 46 46 ;
  INPUT ---        46 46 46 46 46 46 46 ;
  INPUT ---        46 46 46 46 46 46 ;
  INPUT ---        46 46 46 46 46 ;
  INPUT ---        46 46 46 46 ;
  INPUT ---        46 46 46 ;
  INPUT ---        46 46 ;
  INPUT ---        46 ;

  INPUT ---    group=1 Gamma'    rows=28 cols=28 Triang ;
  INPUT ---        46 46 46 44 46 46 46 46 44 46 46 46 46 44 46 46 46 46 44 
  INPUT ---       46 46 46 46 44 46 46 46 46 ;
  INPUT ---        46 46 46 46 46 46 46 46 46 46 46 46 46 46 46 46 46 46 46 
  INPUT ---       46 46 46 46 46 46 46 46 ;
  INPUT ---        46 46 46 46 46 46 46 46 46 46 46 46 46 46 46 46 46 46 46 
  INPUT ---       46 46 46 46 46 46 46 ;
  INPUT ---        46 46 46 46 46 46 46 46 46 46 46 46 46 46 46 46 46 46 46 
  INPUT ---       46 46 46 46 46 46 ;
  INPUT ---        46 46 46 46 46 46 46 46 46 46 46 46 46 46 46 46 46 46 46 
  INPUT ---       46 46 46 46 46 ;
  INPUT ---        46 46 46 44 46 46 46 46 44 46 46 46 46 44 46 46 46 46 44 
  INPUT ---       46 46 46 46 ;
  INPUT ---        46 46 46 46 46 46 46 46 46 46 46 46 46 46 46 46 46 46 46 
  INPUT ---       46 46 46 ;
  INPUT ---        46 46 46 46 46 46 46 46 46 46 46 46 46 46 46 46 46 46 46 
  INPUT ---       46 46 ;
  INPUT ---        46 46 46 46 46 46 46 46 46 46 46 46 46 46 46 46 46 46 46 
  INPUT ---       46 ;
  INPUT ---        46 46 46 46 46 46 46 46 46 46 46 46 46 46 46 46 46 46 46 ;
  INPUT ---        46 46 46 44 46 46 46 46 44 46 46 46 46 44 46 46 46 46 ;
  INPUT ---        46 46 46 46 46 46 46 46 46 46 46 46 46 46 46 46 46 ;
  INPUT ---        46 46 46 46 46 46 46 46 46 46 46 46 46 46 46 46 ;
  INPUT ---        46 46 46 46 46 46 46 46 46 46 46 46 46 46 46 ;
  INPUT ---        46 46 46 46 46 46 46 46 46 46 46 46 46 46 ;
  INPUT ---        46 46 46 44 46 46 46 46 44 46 46 46 46 ;
  INPUT ---        46 46 46 46 46 46 46 46 46 46 46 46 ;
  INPUT ---        46 46 46 46 46 46 46 46 46 46 46 ;
  INPUT ---        46 46 46 46 46 46 46 46 46 46 ;
  INPUT ---        46 46 46 46 46 46 46 46 46 ;
  INPUT ---        46 46 46 44 46 46 46 46 ;

  Program  MARK  - Survival Rate Estimation with Capture-Recapture Data
   gfortran(Win64) Vers. 8.1 Mar 2016    5-Aug-2016 15:55:34    Page  005
 - - - - - - - - - - - - - - - - - - - - - - - - - - - - - - - - - - - - - -
 
  INPUT ---        46 46 46 46 46 46 46 ;
  INPUT ---        46 46 46 46 46 46 ;
  INPUT ---        46 46 46 46 46 ;
  INPUT ---        46 46 46 46 ;
  INPUT ---        46 46 46 ;
  INPUT ---        46 46 ;
  INPUT ---        46 ;

  INPUT ---    initial  0.8492118 0 0 0 0 -0.3123225 3.139572 0 0 0 0 0 
  INPUT ---    2.0066797 0 0 -2.9445172 17.724958  ;

  INPUT ---    design matrix constraints=46 covariates=17;
  INPUT ---        1 captive sex 96 0.186046511627907 0 0 0 0 0 0 0 0 0 0 0 0;
  INPUT ---        1 captive sex 96 0.127659574468085 0 0 0 0 0 0 0 0 0 0 0 0;
  INPUT ---        1 captive sex 114 0.08 0 0 0 0 0 0 0 0 0 0 0 0;
  INPUT ---        1 captive sex 120 0.166666666666667 0 0 0 0 0 0 0 0 0 0 0 
  INPUT ---       0;
  INPUT ---        1 captive sex 115 0.169230769230769 0 0 0 0 0 0 0 0 0 0 0 
  INPUT ---       0;
  INPUT ---        1 captive sex 126 0.0615384615384615 0 0 0 0 0 0 0 0 0 0 0 
  INPUT ---       0;
  INPUT ---        1 captive sex 126 0.0776699029126214 0 0 0 0 0 0 0 0 0 0 0 
  INPUT ---       0;
  INPUT ---        1 captive sex 126 0.170212765957447 0 0 0 0 0 0 0 0 0 0 0 
  INPUT ---       0;
  INPUT ---        1 captive sex 114 0.0666666666666667 0 0 0 0 0 0 0 0 0 0 0 
  INPUT ---       0;
  INPUT ---        1 captive sex 126 0.0894308943089431 0 0 0 0 0 0 0 0 0 0 0 
  INPUT ---       0;
  INPUT ---        1 captive sex 139 0.08 0 0 0 0 0 0 0 0 0 0 0 0;
  INPUT ---        1 captive sex 168 0.135135135135135 0 0 0 0 0 0 0 0 0 0 0 
  INPUT ---       0;
  INPUT ---        1 captive sex 180 0.213740458015267 0 0 0 0 0 0 0 0 0 0 0 
  INPUT ---       0;
  INPUT ---        1 captive sex 174 0.0869565217391304 0 0 0 0 0 0 0 0 0 0 0 
  INPUT ---       0;
  INPUT ---        1 captive sex 173 0.131428571428571 0 0 0 0 0 0 0 0 0 0 0 
  INPUT ---       0;
  INPUT ---        1 captive sex 166 0.167441860465116 0 0 0 0 0 0 0 0 0 0 0 
  INPUT ---       0;
  INPUT ---        1 captive sex 172 0.155 0 0 0 0 0 0 0 0 0 0 0 0;
  INPUT ---        1 captive sex 166 0.168831168831169 0 0 0 0 0 0 0 0 0 0 0 
  INPUT ---       0;
  INPUT ---        1 captive sex 171 0.231182795698925 0 0 0 0 0 0 0 0 0 0 0 
  INPUT ---       0;
  INPUT ---        1 captive sex 151 0.224489795918367 0 0 0 0 0 0 0 0 0 0 0 

  Program  MARK  - Survival Rate Estimation with Capture-Recapture Data
   gfortran(Win64) Vers. 8.1 Mar 2016    5-Aug-2016 15:55:34    Page  006
 - - - - - - - - - - - - - - - - - - - - - - - - - - - - - - - - - - - - - -
 
  INPUT ---       0;
  INPUT ---        1 captive sex 192 0.125827814569536 0 0 0 0 0 0 0 0 0 0 0 
  INPUT ---       0;
  INPUT ---        1 captive sex 185 0.201612903225806 0 0 0 0 0 0 0 0 0 0 0 
  INPUT ---       0;
  INPUT ---        1 captive sex 198 0.244604316546763 0 0 0 0 0 0 0 0 0 0 0 
  INPUT ---       0;
  INPUT ---        1 captive sex 198 0.282828282828283 0 0 0 0 0 0 0 0 0 0 0 
  INPUT ---       0;
  INPUT ---        1 captive sex 195 0.314516129032258 0 0 0 0 0 0 0 0 0 0 0 
  INPUT ---       0;
  INPUT ---        1 captive sex 192 0.137254901960784 0 0 0 0 0 0 0 0 0 0 0 
  INPUT ---       0;
  INPUT ---        1 captive sex 192 0.266129032258065 0 0 0 0 0 0 0 0 0 0 0 
  INPUT ---       0;
  INPUT ---        1 captive sex 198 0.198581560283688 0 0 0 0 0 0 0 0 0 0 0 
  INPUT ---       0;
  INPUT ---        1 captive sex 198 0.293333333333333 0 0 0 0 0 0 0 0 0 0 0 
  INPUT ---       0;
  INPUT ---        1 captive sex 198 0.202453987730061 0 0 0 0 0 0 0 0 0 0 0 
  INPUT ---       0;
  INPUT ---        0 0 0 0 0 1 0 0 0 0 0 0 0 0 0 0 0;
  INPUT ---        0 0 0 0 0 0 1 0 0 0 0 0 0 0 0 0 0;
  INPUT ---        0 0 0 0 0 0 1 1 0 0 0 0 0 0 0 0 0;
  INPUT ---        0 0 0 0 0 0 1 0 1 0 0 0 0 0 0 0 0;
  INPUT ---        0 0 0 0 0 0 1 0 0 1 0 0 0 0 0 0 0;
  INPUT ---        0 0 0 0 0 0 1 0 0 0 1 0 0 0 0 0 0;
  INPUT ---        0 0 0 0 0 0 1 0 0 0 0 1 0 0 0 0 0;
  INPUT ---        0 0 0 0 0 0 0 0 0 0 0 0 1 age.t1.8 sex 0 0;
  INPUT ---        0 0 0 0 0 0 0 0 0 0 0 0 1 age.t4.6 sex 0 0;
  INPUT ---        0 0 0 0 0 0 0 0 0 0 0 0 1 age.t7.9 sex 0 0;
  INPUT ---        0 0 0 0 0 0 0 0 0 0 0 0 1 age.t11.367 sex 0 0;
  INPUT ---        0 0 0 0 0 0 0 0 0 0 0 0 1 age.t13.934 sex 0 0;
  INPUT ---        0 0 0 0 0 0 0 0 0 0 0 0 0 0 0 1 0;
  INPUT ---        0 0 0 0 0 0 0 0 0 0 0 0 0 0 0 0 1;
  INPUT ---        0 0 0 0 0 0 0 0 0 0 0 0 0 0 0 0 0;
  INPUT ---        0 0 0 0 0 0 0 0 0 0 0 0 0 0 0 0 0;

  INPUT ---    links=46;

  INPUT ---    Log;

  INPUT ---    Log;

  INPUT ---    Log;


  Program  MARK  - Survival Rate Estimation with Capture-Recapture Data
   gfortran(Win64) Vers. 8.1 Mar 2016    5-Aug-2016 15:55:34    Page  007
 - - - - - - - - - - - - - - - - - - - - - - - - - - - - - - - - - - - - - -
 
  INPUT ---    Log;

  INPUT ---    Log;

  INPUT ---    Log;

  INPUT ---    Log;

  INPUT ---    Log;

  INPUT ---    Log;

  INPUT ---    Log;

  INPUT ---    Log;

  INPUT ---    Log;

  INPUT ---    Log;

  INPUT ---    Log;

  INPUT ---    Log;

  INPUT ---    Log;

  INPUT ---    Log;

  INPUT ---    Log;

  INPUT ---    Log;

  INPUT ---    Log;

  INPUT ---    Log;

  INPUT ---    Log;

  INPUT ---    Log;

  INPUT ---    Log;

  INPUT ---    Log;

  INPUT ---    Log;


  Program  MARK  - Survival Rate Estimation with Capture-Recapture Data
   gfortran(Win64) Vers. 8.1 Mar 2016    5-Aug-2016 15:55:34    Page  008
 - - - - - - - - - - - - - - - - - - - - - - - - - - - - - - - - - - - - - -
 
  INPUT ---    Log;

  INPUT ---    Log;

  INPUT ---    Log;

  INPUT ---    Log;

  INPUT ---    Log;

  INPUT ---    Log;

  INPUT ---    Log;

  INPUT ---    Log;

  INPUT ---    Log;

  INPUT ---    Log;

  INPUT ---    Log;

  INPUT ---    Logit;

  INPUT ---    Logit;

  INPUT ---    Logit;

  INPUT ---    Logit;

  INPUT ---    Logit;

  INPUT ---    Logit;

  INPUT ---    Logit;

  INPUT ---    Logit;

  INPUT ---    Logit;
  INPUT ---       blabel(1)=alpha:(Intercept);
  INPUT ---       blabel(2)=alpha:captive;
  INPUT ---       blabel(3)=alpha:sex;
  INPUT ---       blabel(4)=alpha:effort.trapdays;
  INPUT ---       blabel(5)=alpha:recordloss.agout.total;
  INPUT ---       blabel(6)=sigma:(Intercept);
  INPUT ---       blabel(7)=U:(Intercept);

  Program  MARK  - Survival Rate Estimation with Capture-Recapture Data
   gfortran(Win64) Vers. 8.1 Mar 2016    5-Aug-2016 15:55:34    Page  009
 - - - - - - - - - - - - - - - - - - - - - - - - - - - - - - - - - - - - - -
 
  INPUT ---       blabel(8)=U:sample_monthB;
  INPUT ---       blabel(9)=U:sample_monthC;
  INPUT ---       blabel(10)=U:sample_monthD;
  INPUT ---       blabel(11)=U:sample_monthE;
  INPUT ---       blabel(12)=U:sample_monthF;
  INPUT ---       blabel(13)=Phi:(Intercept);
  INPUT ---       blabel(14)=Phi:age.t;
  INPUT ---       blabel(15)=Phi:sex;
  INPUT ---       blabel(16)=GammaDoublePrime:(Intercept);
  INPUT ---       blabel(17)=GammaPrime:(Intercept);
  INPUT ---       rlabel(1)=alpha g1 a0 t1;
  INPUT ---       rlabel(2)=alpha g1 a0.2 t1.2;
  INPUT ---       rlabel(3)=alpha g1 a0.4 t1.4;
  INPUT ---       rlabel(4)=alpha g1 a0.6 t1.6;
  INPUT ---       rlabel(5)=alpha g1 a0.8 t1.8;
  INPUT ---       rlabel(6)=alpha g1 a2.8 t3.8;
  INPUT ---       rlabel(7)=alpha g1 a3 t4;
  INPUT ---       rlabel(8)=alpha g1 a3.2 t4.2;
  INPUT ---       rlabel(9)=alpha g1 a3.4 t4.4;
  INPUT ---       rlabel(10)=alpha g1 a3.6 t4.6;
  INPUT ---       rlabel(11)=alpha g1 a6.1 t7.1;
  INPUT ---       rlabel(12)=alpha g1 a6.3 t7.3;
  INPUT ---       rlabel(13)=alpha g1 a6.5 t7.5;
  INPUT ---       rlabel(14)=alpha g1 a6.7 t7.7;
  INPUT ---       rlabel(15)=alpha g1 a6.9 t7.9;
  INPUT ---       rlabel(16)=alpha g1 a9.567 t10.567;
  INPUT ---       rlabel(17)=alpha g1 a9.767 t10.767;
  INPUT ---       rlabel(18)=alpha g1 a9.967 t10.967;
  INPUT ---       rlabel(19)=alpha g1 a10.167 t11.167;
  INPUT ---       rlabel(20)=alpha g1 a10.367 t11.367;
  INPUT ---       rlabel(21)=alpha g1 a12.134 t13.134;
  INPUT ---       rlabel(22)=alpha g1 a12.334 t13.334;
  INPUT ---       rlabel(23)=alpha g1 a12.534 t13.534;
  INPUT ---       rlabel(24)=alpha g1 a12.734 t13.734;
  INPUT ---       rlabel(25)=alpha g1 a12.934 t13.934;
  INPUT ---       rlabel(26)=alpha g1 a16.101 t17.101;
  INPUT ---       rlabel(27)=alpha g1 a16.301 t17.301;
  INPUT ---       rlabel(28)=alpha g1 a16.501 t17.501;
  INPUT ---       rlabel(29)=alpha g1 a16.701 t17.701;
  INPUT ---       rlabel(30)=alpha g1 a16.901 t17.901;
  INPUT ---       rlabel(31)=sigma g1 a0 t1;
  INPUT ---       rlabel(32)=U g1 a0 t1;
  INPUT ---       rlabel(33)=U g1 a2.8 t3.8;
  INPUT ---       rlabel(34)=U g1 a6.1 t7.1;
  INPUT ---       rlabel(35)=U g1 a9.567 t10.567;
  INPUT ---       rlabel(36)=U g1 a12.134 t13.134;

  Program  MARK  - Survival Rate Estimation with Capture-Recapture Data
   gfortran(Win64) Vers. 8.1 Mar 2016    5-Aug-2016 15:55:34    Page  010
 - - - - - - - - - - - - - - - - - - - - - - - - - - - - - - - - - - - - - -
 
  INPUT ---       rlabel(37)=U g1 a16.101 t17.101;
  INPUT ---       rlabel(38)=Phi g1 c1 a0.8 t1.8;
  INPUT ---       rlabel(39)=Phi g1 c1 a3.6 t4.6;
  INPUT ---       rlabel(40)=Phi g1 c1 a6.9 t7.9;
  INPUT ---       rlabel(41)=Phi g1 c1 a10.367 t11.367;
  INPUT ---       rlabel(42)=Phi g1 c1 a12.934 t13.934;
  INPUT ---       rlabel(43)=Gamma'' g1 c1 a0.8 t1.8;
  INPUT ---       rlabel(44)=Gamma' g1 c1 a0.8 t1.8;
  INPUT ---       rlabel(45)=Phi g1 c1 a0 t1;
  INPUT ---       rlabel(46)=Gamma'' g1 c1 a0 t1;

 Link Function Used is PARM-SPECIFIC

 Variance Estimation Procedure Used is 2ndPart 

 M(t+1):
 Group=Group 1                                                                         
       3      3      3      2      3      5      5      5      2      5      5
       4      4      4      4     10      7      7      7      5      5      5
       5      3      4      5      5      5      4      5


 -2logL(saturated) = -0.0000000    
 Effective Sample Size = 169
 Results from first iteration:
  -2logL Initial { alpha(~1 + captive + sex + effort.trapdays + recordloss.agout.total)sigma(~1)U(~sample_month)Phi(~1 + age.t + sex)Gamma''(~1)Gamma'(~1) } = 1138.4459     
  Penalty Initial { alpha(~1 + captive + sex + effort.trapdays + recordloss.agout.total)sigma(~1)U(~sample_month)Phi(~1 + age.t + sex)Gamma''(~1)Gamma'(~1) } = -0.0000000    

 Number of function evaluations was 31 for 17 parameters.
 Time for numerical optimization was 4.02 seconds.
 -2logL { alpha(~1 + captive + sex + effort.trapdays + recordloss.agout.total)sigma(~1)U(~sample_month)Phi(~1 + age.t + sex)Gamma''(~1)Gamma'(~1) } = 1047.2644     
 Penalty { alpha(~1 + captive + sex + effort.trapdays + recordloss.agout.total)sigma(~1)U(~sample_month)Phi(~1 + age.t + sex)Gamma''(~1)Gamma'(~1) } = -0.0000000    

   * *  WARNING  * *   Numerical underflow occurred during optimization of this model. 
     IEEE flag status at end of optimization:
     overflow       F
     divide by zero F
     invalid        F
     underflow      T
     inexact        T

 Gradient { alpha(~1 + captive + sex + effort.trapdays + recordloss.agout.total)sigma(~1)U(~sample_month)Phi(~1 + age.t + sex)Gamma''(~1)Gamma'(~1) }:
  0.2711406E-02 0.7011824E-03 0.1807961E-02 0.1691734E-02 0.1417578E-03
  0.1790391E-02 0.2744821E-03-0.3341383E-04-0.9561910E-04 0.7030681E-03
 -0.1335454E-03-0.9579077E-04 0.6524759E-03 0.4474349E-03 0.5924385E-03
   0.000000      0.000000    
 S Vector { alpha(~1 + captive + sex + effort.trapdays + recordloss.agout.total)sigma(~1)U(~sample_month)Phi(~1 + age.t + sex)Gamma''(~1)Gamma'(~1) }:
   5633.748      393.1189      305.5991      288.0429      254.0617    
   210.8974      126.7362      46.98437      28.96161      11.50765    
   10.58328      4.834449      2.640671      1.079979     0.9501431    
  0.2037036     0.1080805E-07
 Time to compute number of parameters was 2.66 seconds.
   Threshold =  0.3600000E-06     Condition index =  0.1918447E-11     New Threshold =  0.4456272E-07

  Program  MARK  - Survival Rate Estimation with Capture-Recapture Data
   gfortran(Win64) Vers. 8.1 Mar 2016    5-Aug-2016 15:55:38    Page  011
 - - - - - - - - - - - - - - - - - - - - - - - - - - - - - - - - - - - - - -
 
 New Guessimate of Estimated Parameters { alpha(~1 + captive + sex + effort.trapdays + recordloss.agout.total)sigma(~1)U(~sample_month)Phi(~1 + age.t + sex)Gamma''(~1)Gamma'(~1) } = 16          
 Conditioned S Vector { alpha(~1 + captive + sex + effort.trapdays + recordloss.agout.total)sigma(~1)U(~sample_month)Phi(~1 + age.t + sex)Gamma''(~1)Gamma'(~1) }:
   1.000000     0.6977928E-01 0.5424438E-01 0.5112812E-01 0.4509640E-01
  0.3743466E-01 0.2249590E-01 0.8339808E-02 0.5140736E-02 0.2042627E-02
  0.1878551E-02 0.8581230E-03 0.4687236E-03 0.1916981E-03 0.1686521E-03
  0.3615774E-04 0.1918447E-11
 Number of Estimated Parameters { alpha(~1 + captive + sex + effort.trapdays + recordloss.agout.total)sigma(~1)U(~sample_month)Phi(~1 + age.t + sex)Gamma''(~1)Gamma'(~1) } = 16          
 DEVIANCE { alpha(~1 + captive + sex + effort.trapdays + recordloss.agout.total)sigma(~1)U(~sample_month)Phi(~1 + age.t + sex)Gamma''(~1)Gamma'(~1) } = 1047.2644                     
 DEVIANCE Degrees of Freedom { alpha(~1 + captive + sex + effort.trapdays + recordloss.agout.total)sigma(~1)U(~sample_month)Phi(~1 + age.t + sex)Gamma''(~1)Gamma'(~1) } = -2            
 c-hat { alpha(~1 + captive + sex + effort.trapdays + recordloss.agout.total)sigma(~1)U(~sample_month)Phi(~1 + age.t + sex)Gamma''(~1)Gamma'(~1) } = 1.0000000                     
 AIC { alpha(~1 + captive + sex + effort.trapdays + recordloss.agout.total)sigma(~1)U(~sample_month)Phi(~1 + age.t + sex)Gamma''(~1)Gamma'(~1) } = 1079.2644                  
 AICc { alpha(~1 + captive + sex + effort.trapdays + recordloss.agout.total)sigma(~1)U(~sample_month)Phi(~1 + age.t + sex)Gamma''(~1)Gamma'(~1) } = 1082.8434                    
 BIC { alpha(~1 + captive + sex + effort.trapdays + recordloss.agout.total)sigma(~1)U(~sample_month)Phi(~1 + age.t + sex)Gamma''(~1)Gamma'(~1) } = 1129.3428                    
 Pearson Chisquare { alpha(~1 + captive + sex + effort.trapdays + recordloss.agout.total)sigma(~1)U(~sample_month)Phi(~1 + age.t + sex)Gamma''(~1)Gamma'(~1) } = 0.1178946E+033             

   * *  WARNING  * *   Numerical underflow occurred during variance-covariance calculation of this model. 
     IEEE flag status at end of variance-covariance calculation:
     overflow       F
     divide by zero F
     invalid        F
     underflow      T
     inexact        T



 PARM-SPECIFIC Link Function Parameters of { alpha(~1 + captive + sex + effort.trapdays + recordloss.agout.total)sigma(~1)U(~sample_month)Phi(~1 + age.t + sex)Gamma''(~1)Gamma'(~1) }
                                                              95% Confidence Interval
 Parameter                    Beta         Standard Error      Lower           Upper
 -------------------------  --------------  --------------  --------------  --------------
    1:alpha:(Intercept)     0.3668887       0.3513965       -0.3218485      1.0556259     
    2:alpha:captive         0.2646599       0.1075388       0.0538839       0.4754359     
    3:alpha:sex             0.5091497       0.2025942       0.1120650       0.9062344     
    4:alpha:effort.trapday  0.0039776       0.0017849       0.4791255E-003  0.0074760     
    5:alpha:recordloss.ago  -2.8495009      0.5498955       -3.9272960      -1.7717057    
    6:sigma:(Intercept)     -0.8160522      0.1423386       -1.0950359      -0.5370686    
    7:U:(Intercept)         2.5620059       0.1399550       2.2876941       2.8363177     
    8:U:sample_monthB       0.3609554       0.1298436       0.1064619       0.6154489     
    9:U:sample_monthC       0.4267464       0.1487068       0.1352810       0.7182118     
   10:U:sample_monthD       0.8757321       0.1471618       0.5872949       1.1641692     
   11:U:sample_monthE       0.3620754       0.1678636       0.0330628       0.6910880     
   12:U:sample_monthF       0.6615543       0.1727559       0.3229528       1.0001559     
   13:Phi:(Intercept)       -1.6484348      1.6653080       -4.9124386      1.6155689     
   14:Phi:age.t             2.6080174       1.0177803       0.6131680       4.6028668     
   15:Phi:sex               1.8016880       1.4535505       -1.0472711      4.6506471     
   16:GammaDoublePrime:(In  -2.9443810      1.0259011       -4.9551471      -0.9336148    
   17:GammaPrime:(Intercep  17.724958       0.0000000       17.724958       17.724958     


 Real Function Parameters of { alpha(~1 + captive + sex + effort.trapdays + recordloss.agout.total)sigma(~1)U(~sample_month)Phi(~1 + age.t + sex)Gamma''(~1)Gamma'(~1) }

  Program  MARK  - Survival Rate Estimation with Capture-Recapture Data
   gfortran(Win64) Vers. 8.1 Mar 2016    5-Aug-2016 15:55:38    Page  012
 - - - - - - - - - - - - - - - - - - - - - - - - - - - - - - - - - - - - - -
 

      Following estimates based on unstandardized individual covariate values:
          Variable   Value         
          ---------  ------------- 
          CAPTIVE    0.2142857     
          SEX        0.8461538     
          AGE.T1     1.0000000     
          AGE.T1.2   1.0000000     
          AGE.T1.4   1.0000000     
          AGE.T1.6   1.0000000     
          AGE.T1.8   1.0000000     
          AGE.T3.8   1.0000000     
          AGE.T4     1.0000000     
          AGE.T4.2   1.0000000     
          AGE.T4.4   1.0000000     
          AGE.T4.6   1.0000000     
          AGE.T7.1   0.8333333     
          AGE.T7.3   0.8333333     
          AGE.T7.5   0.8333333     
          AGE.T7.7   0.8333333     
          AGE.T7.9   0.8333333     
          AGE.T10.56 0.6666667     
          AGE.T10.76 0.6666667     
          AGE.T10.96 0.6666667     
          AGE.T11.16 0.6666667     
          AGE.T11.36 0.6666667     
          AGE.T13.13 1.0000000     
          AGE.T13.33 1.0000000     
          AGE.T13.53 1.0000000     
          AGE.T13.73 1.0000000     
          AGE.T13.93 1.0000000     
          AGE.T17.10 0.9230769     
          AGE.T17.30 0.9230769     
          AGE.T17.50 0.9230769     
          AGE.T17.70 0.9230769     
                                                               95% Confidence Interval
  Parameter                  Estimate       Standard Error      Lower           Upper
 --------------------------  --------------  --------------  --------------  --------------
     1:alpha g1 a0 t1        2.0261279       0.2943244       1.5263713       2.6895121                           
     2:alpha g1 a0.2 t1.2    2.3928859       0.3219650       1.8403622       3.1112914                           
     3:alpha g1 a0.4 t1.4    2.9443916       0.3202104       2.3806493       3.6416292                           
     4:alpha g1 a0.6 t1.6    2.3556362       0.2509071       1.9129238       2.9008065                           
     5:alpha g1 a0.8 t1.8    2.2924397       0.2606309       1.8358294       2.8626188                           
     6:alpha g1 a2.8 t3.8    3.2551524       0.3240022       2.6795015       3.9544733                           
     7:alpha g1 a3 t4        3.1089111       0.3022915       2.5706076       3.7599392                           
     8:alpha g1 a3.2 t4.2    2.3882755       0.2376035       1.9661081       2.9010917                           
     9:alpha g1 a3.4 t4.4    3.0584112       0.3354398       2.4683981       3.7894531                           
    10:alpha g1 a3.6 t4.6    3.0064488       0.2887362       2.4916749       3.6275738                           
    11:alpha g1 a6.1 t7.1    3.2522309       0.2874179       2.7359037       3.8660008                           

  Program  MARK  - Survival Rate Estimation with Capture-Recapture Data
   gfortran(Win64) Vers. 8.1 Mar 2016    5-Aug-2016 15:55:38    Page  013
 - - - - - - - - - - - - - - - - - - - - - - - - - - - - - - - - - - - - - -
 
    12:alpha g1 a6.3 t7.3    3.1192195       0.2375715       2.6872480       3.6206297                           
    13:alpha g1 a6.5 t7.5    2.6151660       0.2012742       2.2494830       3.0402956                           
    14:alpha g1 a6.7 t7.7    3.6646512       0.3367396       3.0618215       4.3861696                           
    15:alpha g1 a6.9 t7.9    3.2156595       0.2546371       2.7540408       3.7546524                           
    16:alpha g1 a9.567 t10.  2.8223494       0.2044060       2.4493045       3.2522114                           
    17:alpha g1 a9.767 t10.  2.9948319       0.2242777       2.5865174       3.4676040                           
    18:alpha g1 a9.967 t10.  2.8111982       0.2034901       2.4398107       3.2391183                           
    19:alpha g1 a10.167 t11  2.4008614       0.1868109       2.0617398       2.7957628                           
    20:alpha g1 a10.367 t11  2.2599623       0.1924729       1.9130970       2.6697179                           
    21:alpha g1 a12.134 t13  3.5238898       0.3419258       2.9148854       4.2601331                           
    22:alpha g1 a12.334 t13  2.7614968       0.2187268       2.3649856       3.2244867                           
    23:alpha g1 a12.534 t13  2.5727544       0.2329618       2.1551538       3.0712726                           
    24:alpha g1 a12.734 t13  2.3072535       0.2209275       1.9132611       2.7823795                           
    25:alpha g1 a12.934 t13  2.0830447       0.2125445       1.7063535       2.5428934                           
    26:alpha g1 a16.101 t17  3.4109947       0.3209287       2.8377187       4.1000839                           
    27:alpha g1 a16.301 t17  2.3626338       0.2109734       1.9839792       2.8135569                           
    28:alpha g1 a16.501 t17  2.9332732       0.2656896       2.4570191       3.5018416                           
    29:alpha g1 a16.701 t17  2.2392113       0.2192822       1.8489944       2.7117805                           
    30:alpha g1 a16.901 t17  2.9010840       0.2619754       2.4313596       3.4615564                           
    31:sigma g1 a0 t1        0.4421738       0.0629384       0.3349955       0.5836427                           
    32:U g1 a0 t1            12.961792       1.8140675       9.8652977       17.030205                           
    33:U g1 a2.8 t3.8        18.596276       2.0615335       14.974431       23.094133                           
    34:U g1 a6.1 t7.1        19.860887       1.6530736       16.876091       23.373591                           
    35:U g1 a9.567 t10.567   31.116492       2.2965469       26.930971       35.952514                           
    36:U g1 a12.134 t13.134  18.617115       1.6324246       15.682563       22.100785                           
    37:U g1 a16.101 t17.101  25.117386       2.2717310       21.044723       29.978207                           
    38:Phi g1 c1 a0.8 t1.8   0.9230188       0.0381840       0.8070277       0.9717324                           
    39:Phi g1 c1 a3.6 t4.6   0.9230188       0.0381840       0.8070277       0.9717324                           
    40:Phi g1 c1 a6.9 t7.9   0.8858888       0.0469164       0.7576373       0.9506903                           
    41:Phi g1 c1 a10.367 t1  0.8340696       0.0618243       0.6768180       0.9234598                           
    42:Phi g1 c1 a12.934 t1  0.9230188       0.0381840       0.8070277       0.9717324                           
    43:Gamma'' g1 c1 a0.8 t  0.0500028       0.0487328       0.0069977       0.2821919                           
    44:Gamma' g1 c1 a0.8 t1  1.0000000       0.0000000       1.0000000       1.0000000                           
    45:Phi g1 c1 a0 t1       1.0000000       0.0000000       1.0000000       1.0000000       Fixed               
    46:Gamma'' g1 c1 a0 t1   0.0000000       0.0000000       0.0000000       0.0000000       Fixed               

  Program  MARK  - Survival Rate Estimation with Capture-Recapture Data
   gfortran(Win64) Vers. 8.1 Mar 2016    5-Aug-2016 15:55:38    Page  014
 - - - - - - - - - - - - - - - - - - - - - - - - - - - - - - - - - - - - - -
 


                      Estimates of Derived Parameters
 Population Estimates of { alpha(~1 + captive + sex + effort.trapdays + recordloss.agout.total)sigma(~1)U(~sample_month)Phi(~1 + age.t + sex)Gamma''(~1)Gamma'(~1) }
                                                95% Confidence Interval
 Grp. Occ.   N-hat           Standard Error      Lower           Upper
 ---- ----   --------------  --------------  --------------  --------------
   1     1   15.961792       1.8140684       12.783520       19.930254     
   1     2   15.961792       1.8140684       12.783520       19.930254     
   1     3   15.961792       1.8140684       12.783520       19.930254     
   1     4   15.122595       1.8474773       11.912992       19.196931     
   1     5   15.961792       1.8140684       12.783520       19.930254     
   1     6   23.596276       2.0615343       19.889166       27.994349     
   1     7   23.596276       2.0615343       19.889166       27.994349     
   1     8   23.596276       2.0615343       19.889166       27.994349     
   1     9   20.743950       2.0912344       17.033174       25.263141     
   1    10   23.596276       2.0615343       19.889166       27.994349     
   1    11   25.122968       1.6894969       22.023783       28.658270     
   1    12   24.081189       1.6836436       21.000873       27.613312     
   1    13   24.194947       1.6888323       21.104789       27.737565     
   1    14   24.031042       1.6815661       20.954708       27.559009     
   1    15   24.097971       1.6854978       21.014349       27.634080     
   1    16   38.901915       2.4068654       34.463262       43.912239     
   1    17   38.682195       2.3685892       34.311374       43.609801     
   1    18   38.908315       2.4075474       34.468437       43.920094     
   1    19   39.122939       2.4184718       34.662649       44.157166     
   1    20   37.098446       2.4307710       32.631860       42.176409     
   1    21   22.845028       1.6680002       19.802670       26.354794     
   1    22   24.108277       1.6943955       21.009416       27.664215     
   1    23   24.122803       1.7026529       21.009764       27.697104     
   1    24   21.980859       1.6814552       18.924509       25.530817     
   1    25   23.318503       1.7239106       20.177013       26.949112     
   1    26   30.378825       2.3189966       26.162958       35.274030     
   1    27   30.723488       2.3593499       26.436200       35.706066     
   1    28   30.494029       2.3376449       26.245619       35.430134     
   1    29   29.697541       2.3586896       25.422597       34.691341     
   1    30   30.503784       2.3388924       26.253176       35.442600     
 Mean Resighting Rate Estimates of { alpha(~1 + captive + sex + effort.trapdays + recordloss.agout.total)sigma(~1)U(~sample_month)Phi(~1 + age.t + sex)Gamma''(~1)Gamma'(~1) }
                                                95% Confidence Interval
 Grp. Occ.   Lambda-hat      Standard Error      Lower           Upper
 ---- ----   --------------  --------------  --------------  --------------
   1     1   2.2342048       0.3114676       1.7022622       2.9323750     
   1     2   2.6386277       0.3390955       2.0532135       3.3909559     
   1     3   3.2467713       0.3291075       2.6631085       3.9583532     
   1     4   2.5975525       0.2553959       2.1432478       3.1481564     
   1     5   2.5278660       0.2681453       2.0545325       3.1102484     
   1     6   3.5894462       0.3282169       3.0016124       4.2924011     
   1     7   3.4281864       0.3044470       2.8815010       4.0785903     
   1     8   2.6335439       0.2385617       2.2059204       3.1440632     
   1     9   3.3725003       0.3454920       2.7604348       4.1202778     

  Program  MARK  - Survival Rate Estimation with Capture-Recapture Data
   gfortran(Win64) Vers. 8.1 Mar 2016    5-Aug-2016 15:55:39    Page  015
 - - - - - - - - - - - - - - - - - - - - - - - - - - - - - - - - - - - - - -
 
   1    10   3.3152016       0.2897712       2.7941471       3.9334226     
   1    11   3.9610414       0.2880510       3.4354971       4.5669806     
   1    12   3.6722909       0.2231107       3.2603847       4.1362359     
   1    13   3.3341748       0.1923512       2.9779799       3.7329740     
   1    14   4.7552780       0.3414720       4.1317058       5.4729620     
   1    15   4.4813276       0.2518312       4.0142987       5.0026913     
   1    16   3.6349164       0.1918503       3.2779216       4.0307911     
   1    17   4.2270289       0.2185144       3.8199815       4.6774501     
   1    18   3.8833908       0.1949783       3.5196532       4.2847189     
   1    19   3.2786491       0.1843244       2.9368216       3.6602631     
   1    20   3.0143963       0.1959046       2.6542285       3.4234373     
   1    21   5.3072954       0.3598540       4.6475470       6.0606992     
   1    22   3.4094655       0.2091894       3.0234898       3.8447145     
   1    23   3.1960589       0.2325453       2.7718004       3.6852556     
   1    24   3.1276451       0.2307267       2.7071247       3.6134884     
   1    25   4.0001022       0.2623650       3.5180340       4.5482272     
   1    26   4.1387036       0.3222286       3.5537830       4.8198969     
   1    27   2.6052688       0.2026635       2.2373623       3.0336729     
   1    28   3.7872736       0.2675402       3.2981461       4.3489406     
   1    29   3.1205421       0.2328515       2.6965052       3.6112605     
   1    30   3.7506815       0.2637192       3.2683825       4.3041510     
 Pr(Captured 1 or more times) of { alpha(~1 + captive + sex + effort.trapdays + recordloss.agout.total)sigma(~1)U(~sample_month)Phi(~1 + age.t + sex)Gamma''(~1)Gamma'(~1) }
                                                95% Confidence Interval
 Grp. Occ.      p*-hat       Standard Error      Lower           Upper
 ---- ----   --------------  --------------  --------------  --------------
   1     1   0.2942658       0.0107653       0.2736153       0.3157974     
   1     2   0.3048445       0.0083986       0.2886371       0.3215507     
   1     3   0.3151336       0.0054958       0.3044625       0.3260034     
   1     4   0.4627908       0.0110436       0.4412289       0.4844928     
   1     5   0.3023182       0.0078447       0.2871676       0.3179116     
   1     6   0.1900601       0.0029485       0.1843483       0.1959065     
   1     7   0.1889297       0.0031031       0.1829225       0.1950870     
   1     8   0.1806747       0.0043290       0.1723446       0.1893153     
   1     9   0.4656200       0.0101758       0.4457409       0.4856089     
   1    10   0.1880498       0.0032231       0.1818139       0.1944488     
   1    11   0.1929706       0.0020492       0.1889858       0.1970189     
   1    12   0.2394967       0.0028105       0.2340316       0.2450485     
   1    13   0.2373138       0.0030613       0.2313660       0.2433662     
   1    14   0.2447463       0.0017897       0.2412556       0.2482711     
   1    15   0.2440950       0.0017311       0.2407181       0.2475038     
   1    16   0.1342822       0.0019135       0.1305757       0.1380771     
   1    17   0.1382245       0.0011887       0.1359112       0.1405708     
   1    18   0.1354917       0.0018095       0.1319841       0.1390776     
   1    19   0.1324785       0.0021060       0.1284050       0.1366610     
   1    20   0.1788422       0.0046191       0.1699673       0.1880755     
   1    21   0.2463425       0.0013160       0.2437723       0.2489309     
   1    22   0.1871133       0.0029527       0.1813948       0.1929695     
   1    23   0.1867802       0.0031757       0.1806355       0.1930847     
   1    24   0.3122180       0.0051033       0.3023041       0.3223069     
   1    25   0.2415534       0.0024669       0.2367513       0.2464215     

  Program  MARK  - Survival Rate Estimation with Capture-Recapture Data
   gfortran(Win64) Vers. 8.1 Mar 2016    5-Aug-2016 15:55:39    Page  016
 - - - - - - - - - - - - - - - - - - - - - - - - - - - - - - - - - - - - - -
 
   1    26   0.1929935       0.0021965       0.1887248       0.1973352     
   1    27   0.1783771       0.0044399       0.1698404       0.1872460     
   1    28   0.1915704       0.0023353       0.1870349       0.1961894     
   1    29   0.2324209       0.0041465       0.2243931       0.2406468     
   1    30   0.1913571       0.0023682       0.1867584       0.1960418     

 Attempted ordering of parameters by estimatibility:
   1  7 10 12 11  9  2  6  8  3 13  4  5 14 16 15 17
 Beta number 17 is a singular value.

     CPU Time in seconds for last procedure was 6.92


  INPUT --- proc stop;

   * *  WARNING  * *   Numerical underflow occurred during final processing of this model. 
     IEEE flag status at final processing of this model:
     overflow       F
     divide by zero F
     invalid        F
     underflow      T
     inexact        T


     CPU Time in minutes for this job was 0.12

     Time Start = 15:55:34.021   Time End = 15:55:39.197

     Wall Clock Time in minutes for this job was 0.09


          E X E C U T I O N   S U C C E S S F U L 
