
   Program  MARK  - Survival Rate Estimation with Capture-Recapture Data
   gfortran(Win64) Vers. 8.1 Mar 2016    5-Aug-2016 15:45:54    Page  001
 - - - - - - - - - - - - - - - - - - - - - - - - - - - - - - - - - - - - - -
 
   This version was compiled by GCC version 5.3.0 using the options: 
     -cpp -iprefix c:\tdm-gcc-64\gcc\bin\../lib/gcc/x86_64-w64-mingw32/5.3.0/ -D_MT
     -U_REENTRANT -D IEEE -m64 -mtune=generic -march=x86-64 -mthreads -O2
     -fimplicit-none -fbounds-check -funroll-loops -ftree-vectorize
     -ffpe-summary=invalid,zero,overflow,underflow -fno-unsafe-math-optimizations
     -frounding-math -fsignaling-nans -fopenmp.

   This problem will use 3 of 4 possible threads.


  INPUT --- proc title ;

     CPU Time in seconds for last procedure was 0.00


  INPUT --- proc chmatrix occasions= 30 groups= 1 etype= PoissonMR 
  INPUT --- icovar = 1 ICMeans NoHist  hist= 14 ;

  INPUT ---    time interval 0.2 0.2 0.2 0.2 2 0.2 0.2 0.2 0.2 2.5 0.2 0.2 
  INPUT ---    0.2 0.2 2.667 0.2 0.2 0.2  0.2 1.767 0.2 0.2 0.2 0.2 3.167 
  INPUT ---    0.2 0.2 0.2 0.2 ;

  INPUT ---     icovariates sex ;

  INPUT ---    glabel(1)=Group 1;

      Number of unique encounter histories read was 14.

      Number of individual covariates read was 1.
      Time interval lengths vary and/or not equal to 1.

      Data type number is 115
      Data type is Poisson Mark Resight with Robust Design                                                             

     CPU Time in seconds for last procedure was 0.00

  Program  MARK  - Survival Rate Estimation with Capture-Recapture Data
   gfortran(Win64) Vers. 8.1 Mar 2016    5-Aug-2016 15:45:54    Page  002
 - - - - - - - - - - - - - - - - - - - - - - - - - - - - - - - - - - - - - -
 


  INPUT --- proc estimate link=Parm-Specific NOLOOP varest=2ndPart    ;


  INPUT --- model={ alpha(~1 + 
  INPUT --- sex)sigma(~1)U(~sample_month)Phi(~1)Gamma''(~1)Gamma'(~1) };

  INPUT ---    fixed=2;
  INPUT ---        parm(12)=1 ;
  INPUT ---        parm(13)=0 ;

  INPUT ---    group=1 alpha    rows=1 cols=30 Square ;
  INPUT ---        1 1 1 1 1 1 1 1 1 1 1 1 1 1 1 1 1 1 1 1 1 1 1 1 1 1 1 1 1 
  INPUT ---       1 ;

  INPUT ---    group=1 sigma    rows=1 cols=30 Square ;
  INPUT ---        2 2 2 2 2 2 2 2 2 2 2 2 2 2 2 2 2 2 2 2 2 2 2 2 2 2 2 2 2 
  INPUT ---       2 ;

  INPUT ---    group=1 U    rows=1 cols=30 Square ;
  INPUT ---        3 3 3 3 3 4 4 4 4 4 5 5 5 5 5 6 6 6 6 6 7 7 7 7 7 8 8 8 8 
  INPUT ---       8 ;

  INPUT ---    group=1 Phi    rows=29 cols=29 Triang ;
  INPUT ---        12 12 12 12 9 12 12 12 12 9 12 12 12 12 9 12 12 12 12 9 12 
  INPUT ---       12 12 12 9 12 12 12 12 ;
  INPUT ---        12 12 12 12 12 12 12 12 12 12 12 12 12 12 12 12 12 12 12 
  INPUT ---       12 12 12 12 12 12 12 12 12 ;
  INPUT ---        12 12 12 12 12 12 12 12 12 12 12 12 12 12 12 12 12 12 12 
  INPUT ---       12 12 12 12 12 12 12 12 ;
  INPUT ---        12 12 12 12 12 12 12 12 12 12 12 12 12 12 12 12 12 12 12 
  INPUT ---       12 12 12 12 12 12 12 ;
  INPUT ---        12 12 12 12 12 12 12 12 12 12 12 12 12 12 12 12 12 12 12 
  INPUT ---       12 12 12 12 12 12 ;
  INPUT ---        12 12 12 12 9 12 12 12 12 9 12 12 12 12 9 12 12 12 12 9 12 
  INPUT ---       12 12 12 ;
  INPUT ---        12 12 12 12 12 12 12 12 12 12 12 12 12 12 12 12 12 12 12 
  INPUT ---       12 12 12 12 ;
  INPUT ---        12 12 12 12 12 12 12 12 12 12 12 12 12 12 12 12 12 12 12 
  INPUT ---       12 12 12 ;
  INPUT ---        12 12 12 12 12 12 12 12 12 12 12 12 12 12 12 12 12 12 12 
  INPUT ---       12 12 ;
  INPUT ---        12 12 12 12 12 12 12 12 12 12 12 12 12 12 12 12 12 12 12 
  INPUT ---       12 ;
  INPUT ---        12 12 12 12 9 12 12 12 12 9 12 12 12 12 9 12 12 12 12 ;

  Program  MARK  - Survival Rate Estimation with Capture-Recapture Data
   gfortran(Win64) Vers. 8.1 Mar 2016    5-Aug-2016 15:45:54    Page  003
 - - - - - - - - - - - - - - - - - - - - - - - - - - - - - - - - - - - - - -
 
  INPUT ---        12 12 12 12 12 12 12 12 12 12 12 12 12 12 12 12 12 12 ;
  INPUT ---        12 12 12 12 12 12 12 12 12 12 12 12 12 12 12 12 12 ;
  INPUT ---        12 12 12 12 12 12 12 12 12 12 12 12 12 12 12 12 ;
  INPUT ---        12 12 12 12 12 12 12 12 12 12 12 12 12 12 12 ;
  INPUT ---        12 12 12 12 9 12 12 12 12 9 12 12 12 12 ;
  INPUT ---        12 12 12 12 12 12 12 12 12 12 12 12 12 ;
  INPUT ---        12 12 12 12 12 12 12 12 12 12 12 12 ;
  INPUT ---        12 12 12 12 12 12 12 12 12 12 12 ;
  INPUT ---        12 12 12 12 12 12 12 12 12 12 ;
  INPUT ---        12 12 12 12 9 12 12 12 12 ;
  INPUT ---        12 12 12 12 12 12 12 12 ;
  INPUT ---        12 12 12 12 12 12 12 ;
  INPUT ---        12 12 12 12 12 12 ;
  INPUT ---        12 12 12 12 12 ;
  INPUT ---        12 12 12 12 ;
  INPUT ---        12 12 12 ;
  INPUT ---        12 12 ;
  INPUT ---        12 ;

  INPUT ---    group=1 Gamma''    rows=29 cols=29 Triang ;
  INPUT ---        13 13 13 13 10 13 13 13 13 10 13 13 13 13 10 13 13 13 13 
  INPUT ---       10 13 13 13 13 10 13 13 13 13 ;
  INPUT ---        13 13 13 13 13 13 13 13 13 13 13 13 13 13 13 13 13 13 13 
  INPUT ---       13 13 13 13 13 13 13 13 13 ;
  INPUT ---        13 13 13 13 13 13 13 13 13 13 13 13 13 13 13 13 13 13 13 
  INPUT ---       13 13 13 13 13 13 13 13 ;
  INPUT ---        13 13 13 13 13 13 13 13 13 13 13 13 13 13 13 13 13 13 13 
  INPUT ---       13 13 13 13 13 13 13 ;
  INPUT ---        13 13 13 13 13 13 13 13 13 13 13 13 13 13 13 13 13 13 13 
  INPUT ---       13 13 13 13 13 13 ;
  INPUT ---        13 13 13 13 10 13 13 13 13 10 13 13 13 13 10 13 13 13 13 
  INPUT ---       10 13 13 13 13 ;
  INPUT ---        13 13 13 13 13 13 13 13 13 13 13 13 13 13 13 13 13 13 13 
  INPUT ---       13 13 13 13 ;
  INPUT ---        13 13 13 13 13 13 13 13 13 13 13 13 13 13 13 13 13 13 13 
  INPUT ---       13 13 13 ;
  INPUT ---        13 13 13 13 13 13 13 13 13 13 13 13 13 13 13 13 13 13 13 
  INPUT ---       13 13 ;
  INPUT ---        13 13 13 13 13 13 13 13 13 13 13 13 13 13 13 13 13 13 13 
  INPUT ---       13 ;
  INPUT ---        13 13 13 13 10 13 13 13 13 10 13 13 13 13 10 13 13 13 13 ;
  INPUT ---        13 13 13 13 13 13 13 13 13 13 13 13 13 13 13 13 13 13 ;
  INPUT ---        13 13 13 13 13 13 13 13 13 13 13 13 13 13 13 13 13 ;
  INPUT ---        13 13 13 13 13 13 13 13 13 13 13 13 13 13 13 13 ;
  INPUT ---        13 13 13 13 13 13 13 13 13 13 13 13 13 13 13 ;
  INPUT ---        13 13 13 13 10 13 13 13 13 10 13 13 13 13 ;

  Program  MARK  - Survival Rate Estimation with Capture-Recapture Data
   gfortran(Win64) Vers. 8.1 Mar 2016    5-Aug-2016 15:45:54    Page  004
 - - - - - - - - - - - - - - - - - - - - - - - - - - - - - - - - - - - - - -
 
  INPUT ---        13 13 13 13 13 13 13 13 13 13 13 13 13 ;
  INPUT ---        13 13 13 13 13 13 13 13 13 13 13 13 ;
  INPUT ---        13 13 13 13 13 13 13 13 13 13 13 ;
  INPUT ---        13 13 13 13 13 13 13 13 13 13 ;
  INPUT ---        13 13 13 13 10 13 13 13 13 ;
  INPUT ---        13 13 13 13 13 13 13 13 ;
  INPUT ---        13 13 13 13 13 13 13 ;
  INPUT ---        13 13 13 13 13 13 ;
  INPUT ---        13 13 13 13 13 ;
  INPUT ---        13 13 13 13 ;
  INPUT ---        13 13 13 ;
  INPUT ---        13 13 ;
  INPUT ---        13 ;

  INPUT ---    group=1 Gamma'    rows=28 cols=28 Triang ;
  INPUT ---        13 13 13 11 13 13 13 13 11 13 13 13 13 11 13 13 13 13 11 
  INPUT ---       13 13 13 13 11 13 13 13 13 ;
  INPUT ---        13 13 13 13 13 13 13 13 13 13 13 13 13 13 13 13 13 13 13 
  INPUT ---       13 13 13 13 13 13 13 13 ;
  INPUT ---        13 13 13 13 13 13 13 13 13 13 13 13 13 13 13 13 13 13 13 
  INPUT ---       13 13 13 13 13 13 13 ;
  INPUT ---        13 13 13 13 13 13 13 13 13 13 13 13 13 13 13 13 13 13 13 
  INPUT ---       13 13 13 13 13 13 ;
  INPUT ---        13 13 13 13 13 13 13 13 13 13 13 13 13 13 13 13 13 13 13 
  INPUT ---       13 13 13 13 13 ;
  INPUT ---        13 13 13 11 13 13 13 13 11 13 13 13 13 11 13 13 13 13 11 
  INPUT ---       13 13 13 13 ;
  INPUT ---        13 13 13 13 13 13 13 13 13 13 13 13 13 13 13 13 13 13 13 
  INPUT ---       13 13 13 ;
  INPUT ---        13 13 13 13 13 13 13 13 13 13 13 13 13 13 13 13 13 13 13 
  INPUT ---       13 13 ;
  INPUT ---        13 13 13 13 13 13 13 13 13 13 13 13 13 13 13 13 13 13 13 
  INPUT ---       13 ;
  INPUT ---        13 13 13 13 13 13 13 13 13 13 13 13 13 13 13 13 13 13 13 ;
  INPUT ---        13 13 13 11 13 13 13 13 11 13 13 13 13 11 13 13 13 13 ;
  INPUT ---        13 13 13 13 13 13 13 13 13 13 13 13 13 13 13 13 13 ;
  INPUT ---        13 13 13 13 13 13 13 13 13 13 13 13 13 13 13 13 ;
  INPUT ---        13 13 13 13 13 13 13 13 13 13 13 13 13 13 13 ;
  INPUT ---        13 13 13 13 13 13 13 13 13 13 13 13 13 13 ;
  INPUT ---        13 13 13 11 13 13 13 13 11 13 13 13 13 ;
  INPUT ---        13 13 13 13 13 13 13 13 13 13 13 13 ;
  INPUT ---        13 13 13 13 13 13 13 13 13 13 13 ;
  INPUT ---        13 13 13 13 13 13 13 13 13 13 ;
  INPUT ---        13 13 13 13 13 13 13 13 13 ;
  INPUT ---        13 13 13 11 13 13 13 13 ;
  INPUT ---        13 13 13 13 13 13 13 ;

  Program  MARK  - Survival Rate Estimation with Capture-Recapture Data
   gfortran(Win64) Vers. 8.1 Mar 2016    5-Aug-2016 15:45:54    Page  005
 - - - - - - - - - - - - - - - - - - - - - - - - - - - - - - - - - - - - - -
 
  INPUT ---        13 13 13 13 13 13 ;
  INPUT ---        13 13 13 13 13 ;
  INPUT ---        13 13 13 13 ;
  INPUT ---        13 13 13 ;
  INPUT ---        13 13 ;
  INPUT ---        13 ;

  INPUT ---    initial  0.8492118 0 -0.3123225 3.139572 0 0 0 0 0 
  INPUT ---    2.0066797 -2.9445172 17.724958  ;

  INPUT ---    design matrix constraints=13 covariates=12;
  INPUT ---        1 sex 0 0 0 0 0 0 0 0 0 0;
  INPUT ---        0 0 1 0 0 0 0 0 0 0 0 0;
  INPUT ---        0 0 0 1 0 0 0 0 0 0 0 0;
  INPUT ---        0 0 0 1 1 0 0 0 0 0 0 0;
  INPUT ---        0 0 0 1 0 1 0 0 0 0 0 0;
  INPUT ---        0 0 0 1 0 0 1 0 0 0 0 0;
  INPUT ---        0 0 0 1 0 0 0 1 0 0 0 0;
  INPUT ---        0 0 0 1 0 0 0 0 1 0 0 0;
  INPUT ---        0 0 0 0 0 0 0 0 0 1 0 0;
  INPUT ---        0 0 0 0 0 0 0 0 0 0 1 0;
  INPUT ---        0 0 0 0 0 0 0 0 0 0 0 1;
  INPUT ---        0 0 0 0 0 0 0 0 0 0 0 0;
  INPUT ---        0 0 0 0 0 0 0 0 0 0 0 0;

  INPUT ---    links=13;

  INPUT ---    Log;

  INPUT ---    Log;

  INPUT ---    Log;

  INPUT ---    Log;

  INPUT ---    Log;

  INPUT ---    Log;

  INPUT ---    Log;

  INPUT ---    Log;

  INPUT ---    Logit;

  INPUT ---    Logit;

  Program  MARK  - Survival Rate Estimation with Capture-Recapture Data
   gfortran(Win64) Vers. 8.1 Mar 2016    5-Aug-2016 15:45:54    Page  006
 - - - - - - - - - - - - - - - - - - - - - - - - - - - - - - - - - - - - - -
 

  INPUT ---    Logit;

  INPUT ---    Logit;

  INPUT ---    Logit;
  INPUT ---       blabel(1)=alpha:(Intercept);
  INPUT ---       blabel(2)=alpha:sex;
  INPUT ---       blabel(3)=sigma:(Intercept);
  INPUT ---       blabel(4)=U:(Intercept);
  INPUT ---       blabel(5)=U:sample_monthB;
  INPUT ---       blabel(6)=U:sample_monthC;
  INPUT ---       blabel(7)=U:sample_monthD;
  INPUT ---       blabel(8)=U:sample_monthE;
  INPUT ---       blabel(9)=U:sample_monthF;
  INPUT ---       blabel(10)=Phi:(Intercept);
  INPUT ---       blabel(11)=GammaDoublePrime:(Intercept);
  INPUT ---       blabel(12)=GammaPrime:(Intercept);
  INPUT ---       rlabel(1)=alpha g1 a0 t1;
  INPUT ---       rlabel(2)=sigma g1 a0 t1;
  INPUT ---       rlabel(3)=U g1 a0 t1;
  INPUT ---       rlabel(4)=U g1 a2.8 t3.8;
  INPUT ---       rlabel(5)=U g1 a6.1 t7.1;
  INPUT ---       rlabel(6)=U g1 a9.567 t10.567;
  INPUT ---       rlabel(7)=U g1 a12.134 t13.134;
  INPUT ---       rlabel(8)=U g1 a16.101 t17.101;
  INPUT ---       rlabel(9)=Phi g1 c1 a0.8 t1.8;
  INPUT ---       rlabel(10)=Gamma'' g1 c1 a0.8 t1.8;
  INPUT ---       rlabel(11)=Gamma' g1 c1 a0.8 t1.8;
  INPUT ---       rlabel(12)=Phi g1 c1 a0 t1;
  INPUT ---       rlabel(13)=Gamma'' g1 c1 a0 t1;

 Link Function Used is PARM-SPECIFIC

 Variance Estimation Procedure Used is 2ndPart 

 M(t+1):
 Group=Group 1                                                                         
       3      3      3      2      3      5      5      5      2      5      5
       4      4      4      4     10      7      7      7      5      5      5
       5      3      4      5      5      5      4      5


 -2logL(saturated) = -0.0000000    
 Effective Sample Size = 169
 Results from first iteration:
  -2logL Initial { alpha(~1 + sex)sigma(~1)U(~sample_month)Phi(~1)Gamma''(~1)Gamma'(~1) } = 1138.4459     
  Penalty Initial { alpha(~1 + sex)sigma(~1)U(~sample_month)Phi(~1)Gamma''(~1)Gamma'(~1) } = -0.0000000    

 Number of function evaluations was 20 for 12 parameters.
 Time for numerical optimization was 1.77 seconds.

  Program  MARK  - Survival Rate Estimation with Capture-Recapture Data
   gfortran(Win64) Vers. 8.1 Mar 2016    5-Aug-2016 15:45:56    Page  007
 - - - - - - - - - - - - - - - - - - - - - - - - - - - - - - - - - - - - - -
 
 -2logL { alpha(~1 + sex)sigma(~1)U(~sample_month)Phi(~1)Gamma''(~1)Gamma'(~1) } = 1086.6259     
 Penalty { alpha(~1 + sex)sigma(~1)U(~sample_month)Phi(~1)Gamma''(~1)Gamma'(~1) } = -0.0000000    

   * *  WARNING  * *   Numerical underflow occurred during optimization of this model. 
     IEEE flag status at end of optimization:
     overflow       F
     divide by zero F
     invalid        F
     underflow      T
     inexact        T

 Gradient { alpha(~1 + sex)sigma(~1)U(~sample_month)Phi(~1)Gamma''(~1)Gamma'(~1) }:
  0.1351557E-04 0.5023761E-04-0.2663090E-03-0.5067225E-04 0.4766087E-04
   0.000000    -0.2269663E-03 0.1364196E-03  0.000000     0.4537400E-04
 -0.1152883E-04  0.000000    
 S Vector { alpha(~1 + sex)sigma(~1)U(~sample_month)Phi(~1)Gamma''(~1)Gamma'(~1) }:
   3812.040      326.2286      260.1305      235.5141      219.0195    
   165.8802      65.77060      16.16427      13.12557      6.136850    
  0.9499938     0.2702012E-08
 Time to compute number of parameters was 1.47 seconds.
   Threshold =  0.2600000E-06     Condition index =  0.7088099E-12     New Threshold =  0.9360043E-08
 New Guessimate of Estimated Parameters { alpha(~1 + sex)sigma(~1)U(~sample_month)Phi(~1)Gamma''(~1)Gamma'(~1) } = 11          
 Conditioned S Vector { alpha(~1 + sex)sigma(~1)U(~sample_month)Phi(~1)Gamma''(~1)Gamma'(~1) }:
   1.000000     0.8557847E-01 0.6823917E-01 0.6178165E-01 0.5745467E-01
  0.4351481E-01 0.1725338E-01 0.4240319E-02 0.3443188E-02 0.1609860E-02
  0.2492088E-03 0.7088099E-12
 Number of Estimated Parameters { alpha(~1 + sex)sigma(~1)U(~sample_month)Phi(~1)Gamma''(~1)Gamma'(~1) } = 11          
 DEVIANCE { alpha(~1 + sex)sigma(~1)U(~sample_month)Phi(~1)Gamma''(~1)Gamma'(~1) } = 1086.6259                     
 DEVIANCE Degrees of Freedom { alpha(~1 + sex)sigma(~1)U(~sample_month)Phi(~1)Gamma''(~1)Gamma'(~1) } = 3            
 c-hat { alpha(~1 + sex)sigma(~1)U(~sample_month)Phi(~1)Gamma''(~1)Gamma'(~1) } = 362.20862                     
 AIC { alpha(~1 + sex)sigma(~1)U(~sample_month)Phi(~1)Gamma''(~1)Gamma'(~1) } = 1108.6259                  
 AICc { alpha(~1 + sex)sigma(~1)U(~sample_month)Phi(~1)Gamma''(~1)Gamma'(~1) } = 1110.3074                    
 BIC { alpha(~1 + sex)sigma(~1)U(~sample_month)Phi(~1)Gamma''(~1)Gamma'(~1) } = 1143.0547                    
 Pearson Chisquare { alpha(~1 + sex)sigma(~1)U(~sample_month)Phi(~1)Gamma''(~1)Gamma'(~1) } = 0.5752269E+035             

   * *  WARNING  * *   Numerical underflow occurred during variance-covariance calculation of this model. 
     IEEE flag status at end of variance-covariance calculation:
     overflow       F
     divide by zero F
     invalid        F
     underflow      T
     inexact        T



 PARM-SPECIFIC Link Function Parameters of { alpha(~1 + sex)sigma(~1)U(~sample_month)Phi(~1)Gamma''(~1)Gamma'(~1) }
                                                              95% Confidence Interval
 Parameter                    Beta         Standard Error      Lower           Upper
 -------------------------  --------------  --------------  --------------  --------------
    1:alpha:(Intercept)     0.6823092       0.1941829       0.3017107       1.0629077     
    2:alpha:sex             0.3577895       0.1995687       -0.0333651      0.7489441     
    3:sigma:(Intercept)     -0.6222130      0.1156959       -0.8489769      -0.3954491    
    4:U:(Intercept)         2.5897152       0.1135085       2.3672386       2.8121918     
    5:U:sample_monthB       0.4311972       0.1252419       0.1857230       0.6766713     
    6:U:sample_monthC       0.5623959       0.1175575       0.3319833       0.7928086     
    7:U:sample_monthD       0.8032304       0.1167093       0.5744801       1.0319806     
    8:U:sample_monthE       0.3333785       0.1208408       0.0965306       0.5702264     
    9:U:sample_monthF       0.6227911       0.1171978       0.3930834       0.8524988     

  Program  MARK  - Survival Rate Estimation with Capture-Recapture Data
   gfortran(Win64) Vers. 8.1 Mar 2016    5-Aug-2016 15:45:57    Page  008
 - - - - - - - - - - - - - - - - - - - - - - - - - - - - - - - - - - - - - -
 
   10:Phi:(Intercept)       2.0066606       0.4036707       1.2154661       2.7978552     
   11:GammaDoublePrime:(In  -2.9444374      1.0259817       -4.9553616      -0.9335133    
   12:GammaPrime:(Intercep  17.724958       0.0000000       17.724958       17.724958     


 Real Function Parameters of { alpha(~1 + sex)sigma(~1)U(~sample_month)Phi(~1)Gamma''(~1)Gamma'(~1) }

      Following estimates based on unstandardized individual covariate values:
          Variable   Value         
          ---------  ------------- 
          SEX        0.8461538     
                                                               95% Confidence Interval
  Parameter                  Estimate       Standard Error      Lower           Upper
 --------------------------  --------------  --------------  --------------  --------------
     1:alpha g1 a0 t1        2.6779570       0.2050295       2.3053029       3.1108509                           
     2:sigma g1 a0 t1        0.5367553       0.0621004       0.4281749       0.6728704                           
     3:U g1 a0 t1            13.325976       1.5126112       10.675487       16.634522                           
     4:U g1 a2.8 t3.8        20.509996       2.0269141       16.906269       24.881890                           
     5:U g1 a6.1 t7.1        23.385382       1.9529061       19.860174       27.536319                           
     6:U g1 a9.567 t10.567   29.753464       2.3017617       25.573173       34.617082                           
     7:U g1 a12.134 t13.134  18.598737       1.5467497       15.805730       21.885291                           
     8:U g1 a16.101 t17.101  24.841267       2.0892488       21.072164       29.284537                           
     9:Phi g1 c1 a0.8 t1.8   0.8814946       0.0421682       0.7712647       0.9425598                           
    10:Gamma'' g1 c1 a0.8 t  0.0500001       0.0487342       0.0069962       0.2822125                           
    11:Gamma' g1 c1 a0.8 t1  1.0000000       0.0000000       1.0000000       1.0000000                           
    12:Phi g1 c1 a0 t1       1.0000000       0.0000000       1.0000000       1.0000000       Fixed               
    13:Gamma'' g1 c1 a0 t1   0.0000000       0.0000000       0.0000000       0.0000000       Fixed               

  Program  MARK  - Survival Rate Estimation with Capture-Recapture Data
   gfortran(Win64) Vers. 8.1 Mar 2016    5-Aug-2016 15:45:57    Page  009
 - - - - - - - - - - - - - - - - - - - - - - - - - - - - - - - - - - - - - -
 


                      Estimates of Derived Parameters
 Population Estimates of { alpha(~1 + sex)sigma(~1)U(~sample_month)Phi(~1)Gamma''(~1)Gamma'(~1) }
                                                95% Confidence Interval
 Grp. Occ.   N-hat           Standard Error      Lower           Upper
 ---- ----   --------------  --------------  --------------  --------------
   1     1   16.325976       1.5126121       13.620147       19.569354     
   1     2   16.325976       1.5126121       13.620147       19.569354     
   1     3   16.325976       1.5126121       13.620147       19.569354     
   1     4   15.547802       1.5310599       12.824725       18.849070     
   1     5   16.325976       1.5126121       13.620147       19.569354     
   1     6   25.509996       2.0269146       21.836484       29.801496     
   1     7   25.509996       2.0269146       21.836484       29.801496     
   1     8   25.509996       2.0269146       21.836484       29.801496     
   1     9   22.719689       2.0486180       19.046013       27.101960     
   1    10   25.509996       2.0269146       21.836484       29.801496     
   1    11   28.921709       2.0102080       25.242434       33.137266     
   1    12   27.816869       1.9983101       24.167800       32.016906     
   1    13   27.816869       1.9983101       24.167800       32.016906     
   1    14   27.816869       1.9983101       24.167800       32.016906     
   1    15   27.816869       1.9983101       24.167800       32.016906     
   1    16   37.688374       2.4186160       33.238197       42.734374     
   1    17   37.592788       2.3965546       33.181356       42.590716     
   1    18   37.688374       2.4186160       33.238197       42.734374     
   1    19   37.592788       2.3965546       33.181356       42.590716     
   1    20   35.467851       2.3952943       31.075202       40.481425     
   1    21   23.124608       1.5973804       20.199692       26.473052     
   1    22   24.228944       1.6073492       21.277798       27.589402     
   1    23   24.135063       1.5962391       21.203730       27.471642     
   1    24   21.925387       1.5761303       19.047388       25.238243     
   1    25   23.124608       1.5973804       20.199692       26.473052     
   1    26   30.377594       2.1476573       26.451384       34.886577     
   1    27   30.377594       2.1476573       26.451384       34.886577     
   1    28   30.377594       2.1476573       26.451384       34.886577     
   1    29   29.260655       2.1358228       25.364930       33.754712     
   1    30   30.377594       2.1476573       26.451384       34.886577     
 Mean Resighting Rate Estimates of { alpha(~1 + sex)sigma(~1)U(~sample_month)Phi(~1)Gamma''(~1)Gamma'(~1) }
                                                95% Confidence Interval
 Grp. Occ.   Lambda-hat      Standard Error      Lower           Upper
 ---- ----   --------------  --------------  --------------  --------------
   1     1   3.0928943       0.1817279       2.7567257       3.4700568     
   1     2   3.0928943       0.1817279       2.7567257       3.4700568     
   1     3   3.0928943       0.1817279       2.7567257       3.4700568     
   1     4   3.0928943       0.1817279       2.7567257       3.4700568     
   1     5   3.0928943       0.1817279       2.7567257       3.4700568     
   1     6   3.0928943       0.1817279       2.7567257       3.4700568     
   1     7   3.0928943       0.1817279       2.7567257       3.4700568     
   1     8   3.0928943       0.1817279       2.7567257       3.4700568     
   1     9   3.0928943       0.1817279       2.7567257       3.4700568     

  Program  MARK  - Survival Rate Estimation with Capture-Recapture Data
   gfortran(Win64) Vers. 8.1 Mar 2016    5-Aug-2016 15:45:57    Page  010
 - - - - - - - - - - - - - - - - - - - - - - - - - - - - - - - - - - - - - -
 
   1    10   3.0928943       0.1817279       2.7567257       3.4700568     
   1    11   3.4509814       0.1878831       3.1019425       3.8392950     
   1    12   3.3166987       0.1855600       2.9724873       3.7007695     
   1    13   3.5405032       0.1894414       3.1882438       3.9316826     
   1    14   3.7643076       0.1933692       3.4039849       4.1627717     
   1    15   3.9881121       0.1973405       3.6197036       4.3940167     
   1    16   3.6044473       0.1905591       3.2498860       3.9976911     
   1    17   3.9881121       0.1973405       3.6197036       4.3940167     
   1    18   3.8602238       0.1950660       3.4964389       4.2618586     
   1    19   3.7323356       0.1928054       3.3731660       4.1297490     
   1    20   3.6300250       0.1910071       3.2745425       4.0240983     
   1    21   4.4357210       0.2054037       4.0510560       4.8569115     
   1    22   3.4509814       0.1878831       3.1019425       3.8392950     
   1    23   3.4509814       0.1878831       3.1019425       3.8392950     
   1    24   3.6897061       0.1920550       3.3320734       4.0857238     
   1    25   4.8833299       0.2136124       4.4822793       5.3202645     
   1    26   3.4509814       0.1878831       3.1019425       3.8392950     
   1    27   3.0928943       0.1817279       2.7567257       3.4700568     
   1    28   3.6300250       0.1910071       3.2745425       4.0240983     
   1    29   3.7643076       0.1933692       3.4039849       4.1627717     
   1    30   3.6300250       0.1910071       3.2745425       4.0240983     
 Pr(Captured 1 or more times) of { alpha(~1 + sex)sigma(~1)U(~sample_month)Phi(~1)Gamma''(~1)Gamma'(~1) }
                                                95% Confidence Interval
 Grp. Occ.      p*-hat       Standard Error      Lower           Upper
 ---- ----   --------------  --------------  --------------  --------------
   1     1   0.3006026       0.0063459       0.2883131       0.3131854     
   1     2   0.3006026       0.0063459       0.2883131       0.3131854     
   1     3   0.3006026       0.0063459       0.2883131       0.3131854     
   1     4   0.4500802       0.0095574       0.4314270       0.4688748     
   1     5   0.3006026       0.0063459       0.2883131       0.3131854     
   1     6   0.1806252       0.0038016       0.1732934       0.1881965     
   1     7   0.1806252       0.0038016       0.1732934       0.1881965     
   1     8   0.1806252       0.0038016       0.1732934       0.1881965     
   1     9   0.4525514       0.0095084       0.4339899       0.4712459     
   1    10   0.1806252       0.0038016       0.1732934       0.1881965     
   1    11   0.1858643       0.0029911       0.1800731       0.1917983     
   1    12   0.2300150       0.0040932       0.2220905       0.2381356     
   1    13   0.2335745       0.0035258       0.2267351       0.2405561     
   1    14   0.2364852       0.0030385       0.2305816       0.2424923     
   1    15   0.2388675       0.0026199       0.2337705       0.2440403     
   1    16   0.1326155       0.0021517       0.1284547       0.1368899     
   1    17   0.1357443       0.0016095       0.1326205       0.1389299     
   1    18   0.1340275       0.0020443       0.1300711       0.1380851     
   1    19   0.1340229       0.0018909       0.1303597       0.1377726     
   1    20   0.1840246       0.0037251       0.1768354       0.1914382     
   1    21   0.2409674       0.0022853       0.2365167       0.2454749     
   1    22   0.1835152       0.0033561       0.1770284       0.1901848     
   1    23   0.1858643       0.0029911       0.1800731       0.1917983     
   1    24   0.3139305       0.0042684       0.3056255       0.3223564     
   1    25   0.2434276       0.0018718       0.2397776       0.2471151     

  Program  MARK  - Survival Rate Estimation with Capture-Recapture Data
   gfortran(Win64) Vers. 8.1 Mar 2016    5-Aug-2016 15:45:57    Page  011
 - - - - - - - - - - - - - - - - - - - - - - - - - - - - - - - - - - - - - -
 
   1    26   0.1858643       0.0029911       0.1800731       0.1917983     
   1    27   0.1806252       0.0038016       0.1732934       0.1881965     
   1    28   0.1879134       0.0026542       0.1827663       0.1931711     
   1    29   0.2368576       0.0030222       0.2309852       0.2428320     
   1    30   0.1879134       0.0026542       0.1827663       0.1931711     

 Attempted ordering of parameters by estimatibility:
   1  4  7  9  6  8  3  5  2 10 11 12
 Beta number 12 is a singular value.

     CPU Time in seconds for last procedure was 3.45


  INPUT --- proc stop;

   * *  WARNING  * *   Numerical underflow occurred during final processing of this model. 
     IEEE flag status at final processing of this model:
     overflow       F
     divide by zero F
     invalid        F
     underflow      T
     inexact        T


     CPU Time in minutes for this job was 0.06

     Time Start = 15:45:54.833   Time End = 15:45:57.528

     Wall Clock Time in minutes for this job was 0.04


          E X E C U T I O N   S U C C E S S F U L 
