
   Program  MARK  - Survival Rate Estimation with Capture-Recapture Data
   gfortran(Win64) Vers. 8.1 Mar 2016    5-Aug-2016 17:27:06    Page  001
 - - - - - - - - - - - - - - - - - - - - - - - - - - - - - - - - - - - - - -
 
   This version was compiled by GCC version 5.3.0 using the options: 
     -cpp -iprefix c:\tdm-gcc-64\gcc\bin\../lib/gcc/x86_64-w64-mingw32/5.3.0/ -D_MT
     -U_REENTRANT -D IEEE -m64 -mtune=generic -march=x86-64 -mthreads -O2
     -fimplicit-none -fbounds-check -funroll-loops -ftree-vectorize
     -ffpe-summary=invalid,zero,overflow,underflow -fno-unsafe-math-optimizations
     -frounding-math -fsignaling-nans -fopenmp.

   This problem will use 3 of 4 possible threads.


  INPUT --- proc title ;

     CPU Time in seconds for last procedure was 0.02


  INPUT --- proc chmatrix occasions= 30 groups= 1 etype= PoissonMR 
  INPUT --- ICMeans NoHist hist= 14 ;

  INPUT ---    time  interval 0.2 0.2 0.2 0.2 2 0.2 0.2 0.2 0.2 2.5 0.2 
  INPUT ---    0.2 0.2 0.2 2.667 0.2 0.2 0.2 0.2 1.767 0.2 0.2  0.2 0.2 
  INPUT ---    3.167 0.2 0.2 0.2 0.2 ;

  INPUT ---    glabel(1)=Group 1;

      Number of unique encounter histories read was 14.

      Number of individual covariates read was 0.
      Time interval lengths vary and/or not equal to 1.

      Data type number is 115
      Data type is Poisson Mark Resight with Robust Design                                                             

     CPU Time in seconds for last procedure was 0.00

  Program  MARK  - Survival Rate Estimation with Capture-Recapture Data
   gfortran(Win64) Vers. 8.1 Mar 2016    5-Aug-2016 17:27:06    Page  002
 - - - - - - - - - - - - - - - - - - - - - - - - - - - - - - - - - - - - - -
 


  INPUT --- proc estimate link=Parm-Specific NOLOOP varest=2ndPart    ;


  INPUT --- model={ alpha(~1 + 
  INPUT --- time)sigma(~1)U(~sample_month)Phi(~1)Gamma''(~1)Gamma'(~1) 
  INPUT --- };

  INPUT ---    fixed=2;
  INPUT ---        parm(41)=1 ;
  INPUT ---        parm(42)=0 ;

  INPUT ---    group=1 alpha    rows=1 cols=30 Square ;
  INPUT ---        1 2 3 4 5 6 7 8 9 10 11 12 13 14 15 16 17 18 19 20 21 22 
  INPUT ---       23 24 25 26 27 28 29 30 ;

  INPUT ---    group=1 sigma    rows=1 cols=30 Square ;
  INPUT ---        31 31 31 31 31 31 31 31 31 31 31 31 31 31 31 31 31 31 31 
  INPUT ---       31 31 31 31 31 31 31 31 31 31 31 ;

  INPUT ---    group=1 U    rows=1 cols=30 Square ;
  INPUT ---        32 32 32 32 32 33 33 33 33 33 34 34 34 34 34 35 35 35 35 
  INPUT ---       35 36 36 36 36 36 37 37 37 37 37 ;

  INPUT ---    group=1 Phi    rows=29 cols=29 Triang ;
  INPUT ---        41 41 41 41 38 41 41 41 41 38 41 41 41 41 38 41 41 41 41 
  INPUT ---       38 41 41 41 41 38 41 41 41 41 ;
  INPUT ---        41 41 41 41 41 41 41 41 41 41 41 41 41 41 41 41 41 41 41 
  INPUT ---       41 41 41 41 41 41 41 41 41 ;
  INPUT ---        41 41 41 41 41 41 41 41 41 41 41 41 41 41 41 41 41 41 41 
  INPUT ---       41 41 41 41 41 41 41 41 ;
  INPUT ---        41 41 41 41 41 41 41 41 41 41 41 41 41 41 41 41 41 41 41 
  INPUT ---       41 41 41 41 41 41 41 ;
  INPUT ---        41 41 41 41 41 41 41 41 41 41 41 41 41 41 41 41 41 41 41 
  INPUT ---       41 41 41 41 41 41 ;
  INPUT ---        41 41 41 41 38 41 41 41 41 38 41 41 41 41 38 41 41 41 41 
  INPUT ---       38 41 41 41 41 ;
  INPUT ---        41 41 41 41 41 41 41 41 41 41 41 41 41 41 41 41 41 41 41 
  INPUT ---       41 41 41 41 ;
  INPUT ---        41 41 41 41 41 41 41 41 41 41 41 41 41 41 41 41 41 41 41 
  INPUT ---       41 41 41 ;
  INPUT ---        41 41 41 41 41 41 41 41 41 41 41 41 41 41 41 41 41 41 41 
  INPUT ---       41 41 ;
  INPUT ---        41 41 41 41 41 41 41 41 41 41 41 41 41 41 41 41 41 41 41 
  INPUT ---       41 ;

  Program  MARK  - Survival Rate Estimation with Capture-Recapture Data
   gfortran(Win64) Vers. 8.1 Mar 2016    5-Aug-2016 17:27:06    Page  003
 - - - - - - - - - - - - - - - - - - - - - - - - - - - - - - - - - - - - - -
 
  INPUT ---        41 41 41 41 38 41 41 41 41 38 41 41 41 41 38 41 41 41 41 ;
  INPUT ---        41 41 41 41 41 41 41 41 41 41 41 41 41 41 41 41 41 41 ;
  INPUT ---        41 41 41 41 41 41 41 41 41 41 41 41 41 41 41 41 41 ;
  INPUT ---        41 41 41 41 41 41 41 41 41 41 41 41 41 41 41 41 ;
  INPUT ---        41 41 41 41 41 41 41 41 41 41 41 41 41 41 41 ;
  INPUT ---        41 41 41 41 38 41 41 41 41 38 41 41 41 41 ;
  INPUT ---        41 41 41 41 41 41 41 41 41 41 41 41 41 ;
  INPUT ---        41 41 41 41 41 41 41 41 41 41 41 41 ;
  INPUT ---        41 41 41 41 41 41 41 41 41 41 41 ;
  INPUT ---        41 41 41 41 41 41 41 41 41 41 ;
  INPUT ---        41 41 41 41 38 41 41 41 41 ;
  INPUT ---        41 41 41 41 41 41 41 41 ;
  INPUT ---        41 41 41 41 41 41 41 ;
  INPUT ---        41 41 41 41 41 41 ;
  INPUT ---        41 41 41 41 41 ;
  INPUT ---        41 41 41 41 ;
  INPUT ---        41 41 41 ;
  INPUT ---        41 41 ;
  INPUT ---        41 ;

  INPUT ---    group=1 Gamma''    rows=29 cols=29 Triang ;
  INPUT ---        42 42 42 42 39 42 42 42 42 39 42 42 42 42 39 42 42 42 42 
  INPUT ---       39 42 42 42 42 39 42 42 42 42 ;
  INPUT ---        42 42 42 42 42 42 42 42 42 42 42 42 42 42 42 42 42 42 42 
  INPUT ---       42 42 42 42 42 42 42 42 42 ;
  INPUT ---        42 42 42 42 42 42 42 42 42 42 42 42 42 42 42 42 42 42 42 
  INPUT ---       42 42 42 42 42 42 42 42 ;
  INPUT ---        42 42 42 42 42 42 42 42 42 42 42 42 42 42 42 42 42 42 42 
  INPUT ---       42 42 42 42 42 42 42 ;
  INPUT ---        42 42 42 42 42 42 42 42 42 42 42 42 42 42 42 42 42 42 42 
  INPUT ---       42 42 42 42 42 42 ;
  INPUT ---        42 42 42 42 39 42 42 42 42 39 42 42 42 42 39 42 42 42 42 
  INPUT ---       39 42 42 42 42 ;
  INPUT ---        42 42 42 42 42 42 42 42 42 42 42 42 42 42 42 42 42 42 42 
  INPUT ---       42 42 42 42 ;
  INPUT ---        42 42 42 42 42 42 42 42 42 42 42 42 42 42 42 42 42 42 42 
  INPUT ---       42 42 42 ;
  INPUT ---        42 42 42 42 42 42 42 42 42 42 42 42 42 42 42 42 42 42 42 
  INPUT ---       42 42 ;
  INPUT ---        42 42 42 42 42 42 42 42 42 42 42 42 42 42 42 42 42 42 42 
  INPUT ---       42 ;
  INPUT ---        42 42 42 42 39 42 42 42 42 39 42 42 42 42 39 42 42 42 42 ;
  INPUT ---        42 42 42 42 42 42 42 42 42 42 42 42 42 42 42 42 42 42 ;
  INPUT ---        42 42 42 42 42 42 42 42 42 42 42 42 42 42 42 42 42 ;
  INPUT ---        42 42 42 42 42 42 42 42 42 42 42 42 42 42 42 42 ;
  INPUT ---        42 42 42 42 42 42 42 42 42 42 42 42 42 42 42 ;

  Program  MARK  - Survival Rate Estimation with Capture-Recapture Data
   gfortran(Win64) Vers. 8.1 Mar 2016    5-Aug-2016 17:27:06    Page  004
 - - - - - - - - - - - - - - - - - - - - - - - - - - - - - - - - - - - - - -
 
  INPUT ---        42 42 42 42 39 42 42 42 42 39 42 42 42 42 ;
  INPUT ---        42 42 42 42 42 42 42 42 42 42 42 42 42 ;
  INPUT ---        42 42 42 42 42 42 42 42 42 42 42 42 ;
  INPUT ---        42 42 42 42 42 42 42 42 42 42 42 ;
  INPUT ---        42 42 42 42 42 42 42 42 42 42 ;
  INPUT ---        42 42 42 42 39 42 42 42 42 ;
  INPUT ---        42 42 42 42 42 42 42 42 ;
  INPUT ---        42 42 42 42 42 42 42 ;
  INPUT ---        42 42 42 42 42 42 ;
  INPUT ---        42 42 42 42 42 ;
  INPUT ---        42 42 42 42 ;
  INPUT ---        42 42 42 ;
  INPUT ---        42 42 ;
  INPUT ---        42 ;

  INPUT ---    group=1 Gamma'    rows=28 cols=28 Triang ;
  INPUT ---        42 42 42 40 42 42 42 42 40 42 42 42 42 40 42 42 42 42 40 
  INPUT ---       42 42 42 42 40 42 42 42 42 ;
  INPUT ---        42 42 42 42 42 42 42 42 42 42 42 42 42 42 42 42 42 42 42 
  INPUT ---       42 42 42 42 42 42 42 42 ;
  INPUT ---        42 42 42 42 42 42 42 42 42 42 42 42 42 42 42 42 42 42 42 
  INPUT ---       42 42 42 42 42 42 42 ;
  INPUT ---        42 42 42 42 42 42 42 42 42 42 42 42 42 42 42 42 42 42 42 
  INPUT ---       42 42 42 42 42 42 ;
  INPUT ---        42 42 42 42 42 42 42 42 42 42 42 42 42 42 42 42 42 42 42 
  INPUT ---       42 42 42 42 42 ;
  INPUT ---        42 42 42 40 42 42 42 42 40 42 42 42 42 40 42 42 42 42 40 
  INPUT ---       42 42 42 42 ;
  INPUT ---        42 42 42 42 42 42 42 42 42 42 42 42 42 42 42 42 42 42 42 
  INPUT ---       42 42 42 ;
  INPUT ---        42 42 42 42 42 42 42 42 42 42 42 42 42 42 42 42 42 42 42 
  INPUT ---       42 42 ;
  INPUT ---        42 42 42 42 42 42 42 42 42 42 42 42 42 42 42 42 42 42 42 
  INPUT ---       42 ;
  INPUT ---        42 42 42 42 42 42 42 42 42 42 42 42 42 42 42 42 42 42 42 ;
  INPUT ---        42 42 42 40 42 42 42 42 40 42 42 42 42 40 42 42 42 42 ;
  INPUT ---        42 42 42 42 42 42 42 42 42 42 42 42 42 42 42 42 42 ;
  INPUT ---        42 42 42 42 42 42 42 42 42 42 42 42 42 42 42 42 ;
  INPUT ---        42 42 42 42 42 42 42 42 42 42 42 42 42 42 42 ;
  INPUT ---        42 42 42 42 42 42 42 42 42 42 42 42 42 42 ;
  INPUT ---        42 42 42 40 42 42 42 42 40 42 42 42 42 ;
  INPUT ---        42 42 42 42 42 42 42 42 42 42 42 42 ;
  INPUT ---        42 42 42 42 42 42 42 42 42 42 42 ;
  INPUT ---        42 42 42 42 42 42 42 42 42 42 ;
  INPUT ---        42 42 42 42 42 42 42 42 42 ;
  INPUT ---        42 42 42 40 42 42 42 42 ;

  Program  MARK  - Survival Rate Estimation with Capture-Recapture Data
   gfortran(Win64) Vers. 8.1 Mar 2016    5-Aug-2016 17:27:06    Page  005
 - - - - - - - - - - - - - - - - - - - - - - - - - - - - - - - - - - - - - -
 
  INPUT ---        42 42 42 42 42 42 42 ;
  INPUT ---        42 42 42 42 42 42 ;
  INPUT ---        42 42 42 42 42 ;
  INPUT ---        42 42 42 42 ;
  INPUT ---        42 42 42 ;
  INPUT ---        42 42 ;
  INPUT ---        42 ;

  INPUT ---    initial  0.8492037 0 0 0 0 0 0 0 0 0 0 0 0 0 0 0 0 0 0 0 0 
  INPUT ---    0 0 0 0 0 0 0 0 0 -0.3123159 3.1395714 0 0 0 0 0 2.0066561 
  INPUT ---    -2.9444924 5.5905  ;

  INPUT ---    design matrix constraints=42 covariates=40;
  INPUT ---        1 0 0 0 0 0 0 0 0 0 0 0 0 0 0 0 0 0 0 0 0 0 0 0 0 0 0 0 0 
  INPUT ---       0 0 0 0 0 0 0 0 0 0 0;
  INPUT ---        1 1 0 0 0 0 0 0 0 0 0 0 0 0 0 0 0 0 0 0 0 0 0 0 0 0 0 0 0 
  INPUT ---       0 0 0 0 0 0 0 0 0 0 0;
  INPUT ---        1 0 1 0 0 0 0 0 0 0 0 0 0 0 0 0 0 0 0 0 0 0 0 0 0 0 0 0 0 
  INPUT ---       0 0 0 0 0 0 0 0 0 0 0;
  INPUT ---        1 0 0 1 0 0 0 0 0 0 0 0 0 0 0 0 0 0 0 0 0 0 0 0 0 0 0 0 0 
  INPUT ---       0 0 0 0 0 0 0 0 0 0 0;
  INPUT ---        1 0 0 0 1 0 0 0 0 0 0 0 0 0 0 0 0 0 0 0 0 0 0 0 0 0 0 0 0 
  INPUT ---       0 0 0 0 0 0 0 0 0 0 0;
  INPUT ---        1 0 0 0 0 1 0 0 0 0 0 0 0 0 0 0 0 0 0 0 0 0 0 0 0 0 0 0 0 
  INPUT ---       0 0 0 0 0 0 0 0 0 0 0;
  INPUT ---        1 0 0 0 0 0 1 0 0 0 0 0 0 0 0 0 0 0 0 0 0 0 0 0 0 0 0 0 0 
  INPUT ---       0 0 0 0 0 0 0 0 0 0 0;
  INPUT ---        1 0 0 0 0 0 0 1 0 0 0 0 0 0 0 0 0 0 0 0 0 0 0 0 0 0 0 0 0 
  INPUT ---       0 0 0 0 0 0 0 0 0 0 0;
  INPUT ---        1 0 0 0 0 0 0 0 1 0 0 0 0 0 0 0 0 0 0 0 0 0 0 0 0 0 0 0 0 
  INPUT ---       0 0 0 0 0 0 0 0 0 0 0;
  INPUT ---        1 0 0 0 0 0 0 0 0 1 0 0 0 0 0 0 0 0 0 0 0 0 0 0 0 0 0 0 0 
  INPUT ---       0 0 0 0 0 0 0 0 0 0 0;
  INPUT ---        1 0 0 0 0 0 0 0 0 0 1 0 0 0 0 0 0 0 0 0 0 0 0 0 0 0 0 0 0 
  INPUT ---       0 0 0 0 0 0 0 0 0 0 0;
  INPUT ---        1 0 0 0 0 0 0 0 0 0 0 1 0 0 0 0 0 0 0 0 0 0 0 0 0 0 0 0 0 
  INPUT ---       0 0 0 0 0 0 0 0 0 0 0;
  INPUT ---        1 0 0 0 0 0 0 0 0 0 0 0 1 0 0 0 0 0 0 0 0 0 0 0 0 0 0 0 0 
  INPUT ---       0 0 0 0 0 0 0 0 0 0 0;
  INPUT ---        1 0 0 0 0 0 0 0 0 0 0 0 0 1 0 0 0 0 0 0 0 0 0 0 0 0 0 0 0 
  INPUT ---       0 0 0 0 0 0 0 0 0 0 0;
  INPUT ---        1 0 0 0 0 0 0 0 0 0 0 0 0 0 1 0 0 0 0 0 0 0 0 0 0 0 0 0 0 
  INPUT ---       0 0 0 0 0 0 0 0 0 0 0;
  INPUT ---        1 0 0 0 0 0 0 0 0 0 0 0 0 0 0 1 0 0 0 0 0 0 0 0 0 0 0 0 0 
  INPUT ---       0 0 0 0 0 0 0 0 0 0 0;
  INPUT ---        1 0 0 0 0 0 0 0 0 0 0 0 0 0 0 0 1 0 0 0 0 0 0 0 0 0 0 0 0 

  Program  MARK  - Survival Rate Estimation with Capture-Recapture Data
   gfortran(Win64) Vers. 8.1 Mar 2016    5-Aug-2016 17:27:06    Page  006
 - - - - - - - - - - - - - - - - - - - - - - - - - - - - - - - - - - - - - -
 
  INPUT ---       0 0 0 0 0 0 0 0 0 0 0;
  INPUT ---        1 0 0 0 0 0 0 0 0 0 0 0 0 0 0 0 0 1 0 0 0 0 0 0 0 0 0 0 0 
  INPUT ---       0 0 0 0 0 0 0 0 0 0 0;
  INPUT ---        1 0 0 0 0 0 0 0 0 0 0 0 0 0 0 0 0 0 1 0 0 0 0 0 0 0 0 0 0 
  INPUT ---       0 0 0 0 0 0 0 0 0 0 0;
  INPUT ---        1 0 0 0 0 0 0 0 0 0 0 0 0 0 0 0 0 0 0 1 0 0 0 0 0 0 0 0 0 
  INPUT ---       0 0 0 0 0 0 0 0 0 0 0;
  INPUT ---        1 0 0 0 0 0 0 0 0 0 0 0 0 0 0 0 0 0 0 0 1 0 0 0 0 0 0 0 0 
  INPUT ---       0 0 0 0 0 0 0 0 0 0 0;
  INPUT ---        1 0 0 0 0 0 0 0 0 0 0 0 0 0 0 0 0 0 0 0 0 1 0 0 0 0 0 0 0 
  INPUT ---       0 0 0 0 0 0 0 0 0 0 0;
  INPUT ---        1 0 0 0 0 0 0 0 0 0 0 0 0 0 0 0 0 0 0 0 0 0 1 0 0 0 0 0 0 
  INPUT ---       0 0 0 0 0 0 0 0 0 0 0;
  INPUT ---        1 0 0 0 0 0 0 0 0 0 0 0 0 0 0 0 0 0 0 0 0 0 0 1 0 0 0 0 0 
  INPUT ---       0 0 0 0 0 0 0 0 0 0 0;
  INPUT ---        1 0 0 0 0 0 0 0 0 0 0 0 0 0 0 0 0 0 0 0 0 0 0 0 1 0 0 0 0 
  INPUT ---       0 0 0 0 0 0 0 0 0 0 0;
  INPUT ---        1 0 0 0 0 0 0 0 0 0 0 0 0 0 0 0 0 0 0 0 0 0 0 0 0 1 0 0 0 
  INPUT ---       0 0 0 0 0 0 0 0 0 0 0;
  INPUT ---        1 0 0 0 0 0 0 0 0 0 0 0 0 0 0 0 0 0 0 0 0 0 0 0 0 0 1 0 0 
  INPUT ---       0 0 0 0 0 0 0 0 0 0 0;
  INPUT ---        1 0 0 0 0 0 0 0 0 0 0 0 0 0 0 0 0 0 0 0 0 0 0 0 0 0 0 1 0 
  INPUT ---       0 0 0 0 0 0 0 0 0 0 0;
  INPUT ---        1 0 0 0 0 0 0 0 0 0 0 0 0 0 0 0 0 0 0 0 0 0 0 0 0 0 0 0 1 
  INPUT ---       0 0 0 0 0 0 0 0 0 0 0;
  INPUT ---        1 0 0 0 0 0 0 0 0 0 0 0 0 0 0 0 0 0 0 0 0 0 0 0 0 0 0 0 0 
  INPUT ---       1 0 0 0 0 0 0 0 0 0 0;
  INPUT ---        0 0 0 0 0 0 0 0 0 0 0 0 0 0 0 0 0 0 0 0 0 0 0 0 0 0 0 0 0 
  INPUT ---       0 1 0 0 0 0 0 0 0 0 0;
  INPUT ---        0 0 0 0 0 0 0 0 0 0 0 0 0 0 0 0 0 0 0 0 0 0 0 0 0 0 0 0 0 
  INPUT ---       0 0 1 0 0 0 0 0 0 0 0;
  INPUT ---        0 0 0 0 0 0 0 0 0 0 0 0 0 0 0 0 0 0 0 0 0 0 0 0 0 0 0 0 0 
  INPUT ---       0 0 1 1 0 0 0 0 0 0 0;
  INPUT ---        0 0 0 0 0 0 0 0 0 0 0 0 0 0 0 0 0 0 0 0 0 0 0 0 0 0 0 0 0 
  INPUT ---       0 0 1 0 1 0 0 0 0 0 0;
  INPUT ---        0 0 0 0 0 0 0 0 0 0 0 0 0 0 0 0 0 0 0 0 0 0 0 0 0 0 0 0 0 
  INPUT ---       0 0 1 0 0 1 0 0 0 0 0;
  INPUT ---        0 0 0 0 0 0 0 0 0 0 0 0 0 0 0 0 0 0 0 0 0 0 0 0 0 0 0 0 0 
  INPUT ---       0 0 1 0 0 0 1 0 0 0 0;
  INPUT ---        0 0 0 0 0 0 0 0 0 0 0 0 0 0 0 0 0 0 0 0 0 0 0 0 0 0 0 0 0 
  INPUT ---       0 0 1 0 0 0 0 1 0 0 0;
  INPUT ---        0 0 0 0 0 0 0 0 0 0 0 0 0 0 0 0 0 0 0 0 0 0 0 0 0 0 0 0 0 
  INPUT ---       0 0 0 0 0 0 0 0 1 0 0;
  INPUT ---        0 0 0 0 0 0 0 0 0 0 0 0 0 0 0 0 0 0 0 0 0 0 0 0 0 0 0 0 0 
  INPUT ---       0 0 0 0 0 0 0 0 0 1 0;
  INPUT ---        0 0 0 0 0 0 0 0 0 0 0 0 0 0 0 0 0 0 0 0 0 0 0 0 0 0 0 0 0 

  Program  MARK  - Survival Rate Estimation with Capture-Recapture Data
   gfortran(Win64) Vers. 8.1 Mar 2016    5-Aug-2016 17:27:06    Page  007
 - - - - - - - - - - - - - - - - - - - - - - - - - - - - - - - - - - - - - -
 
  INPUT ---       0 0 0 0 0 0 0 0 0 0 1;
  INPUT ---        0 0 0 0 0 0 0 0 0 0 0 0 0 0 0 0 0 0 0 0 0 0 0 0 0 0 0 0 0 
  INPUT ---       0 0 0 0 0 0 0 0 0 0 0;
  INPUT ---        0 0 0 0 0 0 0 0 0 0 0 0 0 0 0 0 0 0 0 0 0 0 0 0 0 0 0 0 0 
  INPUT ---       0 0 0 0 0 0 0 0 0 0 0;

  INPUT ---    links=42;

  INPUT ---    Log;

  INPUT ---    Log;

  INPUT ---    Log;

  INPUT ---    Log;

  INPUT ---    Log;

  INPUT ---    Log;

  INPUT ---    Log;

  INPUT ---    Log;

  INPUT ---    Log;

  INPUT ---    Log;

  INPUT ---    Log;

  INPUT ---    Log;

  INPUT ---    Log;

  INPUT ---    Log;

  INPUT ---    Log;

  INPUT ---    Log;

  INPUT ---    Log;

  INPUT ---    Log;

  INPUT ---    Log;


  Program  MARK  - Survival Rate Estimation with Capture-Recapture Data
   gfortran(Win64) Vers. 8.1 Mar 2016    5-Aug-2016 17:27:06    Page  008
 - - - - - - - - - - - - - - - - - - - - - - - - - - - - - - - - - - - - - -
 
  INPUT ---    Log;

  INPUT ---    Log;

  INPUT ---    Log;

  INPUT ---    Log;

  INPUT ---    Log;

  INPUT ---    Log;

  INPUT ---    Log;

  INPUT ---    Log;

  INPUT ---    Log;

  INPUT ---    Log;

  INPUT ---    Log;

  INPUT ---    Log;

  INPUT ---    Log;

  INPUT ---    Log;

  INPUT ---    Log;

  INPUT ---    Log;

  INPUT ---    Log;

  INPUT ---    Log;

  INPUT ---    Logit;

  INPUT ---    Logit;

  INPUT ---    Logit;

  INPUT ---    Logit;

  INPUT ---    Logit;
  INPUT ---       blabel(1)=alpha:(Intercept);

  Program  MARK  - Survival Rate Estimation with Capture-Recapture Data
   gfortran(Win64) Vers. 8.1 Mar 2016    5-Aug-2016 17:27:06    Page  009
 - - - - - - - - - - - - - - - - - - - - - - - - - - - - - - - - - - - - - -
 
  INPUT ---       blabel(2)=alpha:time1.2;
  INPUT ---       blabel(3)=alpha:time1.4;
  INPUT ---       blabel(4)=alpha:time1.6;
  INPUT ---       blabel(5)=alpha:time1.8;
  INPUT ---       blabel(6)=alpha:time3.8;
  INPUT ---       blabel(7)=alpha:time4;
  INPUT ---       blabel(8)=alpha:time4.2;
  INPUT ---       blabel(9)=alpha:time4.4;
  INPUT ---       blabel(10)=alpha:time4.6;
  INPUT ---       blabel(11)=alpha:time7.1;
  INPUT ---       blabel(12)=alpha:time7.3;
  INPUT ---       blabel(13)=alpha:time7.5;
  INPUT ---       blabel(14)=alpha:time7.7;
  INPUT ---       blabel(15)=alpha:time7.9;
  INPUT ---       blabel(16)=alpha:time10.567;
  INPUT ---       blabel(17)=alpha:time10.767;
  INPUT ---       blabel(18)=alpha:time10.967;
  INPUT ---       blabel(19)=alpha:time11.167;
  INPUT ---       blabel(20)=alpha:time11.367;
  INPUT ---       blabel(21)=alpha:time13.134;
  INPUT ---       blabel(22)=alpha:time13.334;
  INPUT ---       blabel(23)=alpha:time13.534;
  INPUT ---       blabel(24)=alpha:time13.734;
  INPUT ---       blabel(25)=alpha:time13.934;
  INPUT ---       blabel(26)=alpha:time17.101;
  INPUT ---       blabel(27)=alpha:time17.301;
  INPUT ---       blabel(28)=alpha:time17.501;
  INPUT ---       blabel(29)=alpha:time17.701;
  INPUT ---       blabel(30)=alpha:time17.901;
  INPUT ---       blabel(31)=sigma:(Intercept);
  INPUT ---       blabel(32)=U:(Intercept);
  INPUT ---       blabel(33)=U:sample_monthB;
  INPUT ---       blabel(34)=U:sample_monthC;
  INPUT ---       blabel(35)=U:sample_monthD;
  INPUT ---       blabel(36)=U:sample_monthE;
  INPUT ---       blabel(37)=U:sample_monthF;
  INPUT ---       blabel(38)=Phi:(Intercept);
  INPUT ---       blabel(39)=GammaDoublePrime:(Intercept);
  INPUT ---       blabel(40)=GammaPrime:(Intercept);
  INPUT ---       rlabel(1)=alpha g1 a0 t1;
  INPUT ---       rlabel(2)=alpha g1 a0.2 t1.2;
  INPUT ---       rlabel(3)=alpha g1 a0.4 t1.4;
  INPUT ---       rlabel(4)=alpha g1 a0.6 t1.6;
  INPUT ---       rlabel(5)=alpha g1 a0.8 t1.8;
  INPUT ---       rlabel(6)=alpha g1 a2.8 t3.8;
  INPUT ---       rlabel(7)=alpha g1 a3 t4;

  Program  MARK  - Survival Rate Estimation with Capture-Recapture Data
   gfortran(Win64) Vers. 8.1 Mar 2016    5-Aug-2016 17:27:06    Page  010
 - - - - - - - - - - - - - - - - - - - - - - - - - - - - - - - - - - - - - -
 
  INPUT ---       rlabel(8)=alpha g1 a3.2 t4.2;
  INPUT ---       rlabel(9)=alpha g1 a3.4 t4.4;
  INPUT ---       rlabel(10)=alpha g1 a3.6 t4.6;
  INPUT ---       rlabel(11)=alpha g1 a6.1 t7.1;
  INPUT ---       rlabel(12)=alpha g1 a6.3 t7.3;
  INPUT ---       rlabel(13)=alpha g1 a6.5 t7.5;
  INPUT ---       rlabel(14)=alpha g1 a6.7 t7.7;
  INPUT ---       rlabel(15)=alpha g1 a6.9 t7.9;
  INPUT ---       rlabel(16)=alpha g1 a9.567 t10.567;
  INPUT ---       rlabel(17)=alpha g1 a9.767 t10.767;
  INPUT ---       rlabel(18)=alpha g1 a9.967 t10.967;
  INPUT ---       rlabel(19)=alpha g1 a10.167 t11.167;
  INPUT ---       rlabel(20)=alpha g1 a10.367 t11.367;
  INPUT ---       rlabel(21)=alpha g1 a12.134 t13.134;
  INPUT ---       rlabel(22)=alpha g1 a12.334 t13.334;
  INPUT ---       rlabel(23)=alpha g1 a12.534 t13.534;
  INPUT ---       rlabel(24)=alpha g1 a12.734 t13.734;
  INPUT ---       rlabel(25)=alpha g1 a12.934 t13.934;
  INPUT ---       rlabel(26)=alpha g1 a16.101 t17.101;
  INPUT ---       rlabel(27)=alpha g1 a16.301 t17.301;
  INPUT ---       rlabel(28)=alpha g1 a16.501 t17.501;
  INPUT ---       rlabel(29)=alpha g1 a16.701 t17.701;
  INPUT ---       rlabel(30)=alpha g1 a16.901 t17.901;
  INPUT ---       rlabel(31)=sigma g1 a0 t1;
  INPUT ---       rlabel(32)=U g1 a0 t1;
  INPUT ---       rlabel(33)=U g1 a2.8 t3.8;
  INPUT ---       rlabel(34)=U g1 a6.1 t7.1;
  INPUT ---       rlabel(35)=U g1 a9.567 t10.567;
  INPUT ---       rlabel(36)=U g1 a12.134 t13.134;
  INPUT ---       rlabel(37)=U g1 a16.101 t17.101;
  INPUT ---       rlabel(38)=Phi g1 c1 a0.8 t1.8;
  INPUT ---       rlabel(39)=Gamma'' g1 c1 a0.8 t1.8;
  INPUT ---       rlabel(40)=Gamma' g1 c1 a0.8 t1.8;
  INPUT ---       rlabel(41)=Phi g1 c1 a0 t1;
  INPUT ---       rlabel(42)=Gamma'' g1 c1 a0 t1;

 Link Function Used is PARM-SPECIFIC

 Variance Estimation Procedure Used is 2ndPart 

 M(t+1):
 Group=Group 1                                                                         
       3      3      3      2      3      5      5      5      2      5      5
       4      4      4      4     10      7      7      7      5      5      5
       5      3      4      5      5      5      4      5


 -2logL(saturated) = -0.0000000    
 Effective Sample Size = 169
 Results from first iteration:
  -2logL Initial { alpha(~1 + time)sigma(~1)U(~sample_month)Phi(~1)Gamma''(~1)Gamma'(~1) } = 1138.4459     
  Penalty Initial { alpha(~1 + time)sigma(~1)U(~sample_month)Phi(~1)Gamma''(~1)Gamma'(~1) } = -0.0000000    

 Number of function evaluations was 55 for 40 parameters.

  Program  MARK  - Survival Rate Estimation with Capture-Recapture Data
   gfortran(Win64) Vers. 8.1 Mar 2016    5-Aug-2016 17:27:14    Page  011
 - - - - - - - - - - - - - - - - - - - - - - - - - - - - - - - - - - - - - -
 
 Time for numerical optimization was 11.81 seconds.
 -2logL { alpha(~1 + time)sigma(~1)U(~sample_month)Phi(~1)Gamma''(~1)Gamma'(~1) } = 1002.5035     
 Penalty { alpha(~1 + time)sigma(~1)U(~sample_month)Phi(~1)Gamma''(~1)Gamma'(~1) } = -0.0000000    

   * *  WARNING  * *   Numerical underflow occurred during optimization of this model. 
     IEEE flag status at end of optimization:
     overflow       F
     divide by zero F
     invalid        F
     underflow      T
     inexact        T

 Gradient { alpha(~1 + time)sigma(~1)U(~sample_month)Phi(~1)Gamma''(~1)Gamma'(~1) }:
  0.2800198E-03  0.000000     0.6743583E-05 0.1363279E-04-0.1583910E-04
 -0.1067516E-04 0.1647561E-04 0.1922795E-04 0.1079162E-04 0.2205412E-04
  0.1957475E-04-0.8269098E-05-0.3350907E-04-0.8391525E-04-0.1469800E-04
  0.1024812E-03 0.3075356E-04-0.1969369E-04 0.5546066E-04 0.4429533E-04
  0.7717691E-05-0.9452688E-05-0.1742918E-04-0.3659748E-04-0.1590982E-04
  0.7491097E-05-0.2724194E-04 0.1730952E-04  0.000000      0.000000    
 -0.2622923E-04 0.1266255E-03 0.4107480E-04-0.6561025E-04 0.2318241E-03
 -0.6931144E-05-0.2572846E-04-0.3024936E-04-0.3170430E-04  0.000000    
 S Vector { alpha(~1 + time)sigma(~1)U(~sample_month)Phi(~1)Gamma''(~1)Gamma'(~1) }:
   3832.873      481.5690      388.9790      354.9067      328.1226    
   251.5476      94.79523      84.85305      78.93537      77.98504    
   74.31395      72.61665      72.54946      72.33941      70.28613    
   69.41925      67.03025      66.62289      65.70179      64.87580    
   64.45367      60.51942      60.29676      57.99171      50.86690    
   50.45449      48.27580      40.44445      39.54128      28.88706    
   20.63155      16.26762      13.39489      11.79344      10.95786    
   6.136865      5.379680     0.9499965     0.5967648     0.5452959E-07
 Time to compute number of parameters was 11.62 seconds.
   Threshold =  0.8200000E-06     Condition index =  0.1422682E-10     New Threshold =  0.3448754E-06
 New Guessimate of Estimated Parameters { alpha(~1 + time)sigma(~1)U(~sample_month)Phi(~1)Gamma''(~1)Gamma'(~1) } = 39          
 Conditioned S Vector { alpha(~1 + time)sigma(~1)U(~sample_month)Phi(~1)Gamma''(~1)Gamma'(~1) }:
   1.000000     0.1256418     0.1014850     0.9259547E-01 0.8560747E-01
  0.6562899E-01 0.2473216E-01 0.2213824E-01 0.2059431E-01 0.2034637E-01
  0.1938858E-01 0.1894575E-01 0.1892822E-01 0.1887342E-01 0.1833771E-01
  0.1811154E-01 0.1748825E-01 0.1738197E-01 0.1714166E-01 0.1692616E-01
  0.1681602E-01 0.1578957E-01 0.1573148E-01 0.1513009E-01 0.1327122E-01
  0.1316362E-01 0.1259520E-01 0.1055199E-01 0.1031635E-01 0.7536661E-02
  0.5382790E-02 0.4244237E-02 0.3494738E-02 0.3076920E-02 0.2858916E-02
  0.1601114E-02 0.1403563E-02 0.2478549E-03 0.1556965E-03 0.1422682E-10
 Number of Estimated Parameters { alpha(~1 + time)sigma(~1)U(~sample_month)Phi(~1)Gamma''(~1)Gamma'(~1) } = 39          
 DEVIANCE { alpha(~1 + time)sigma(~1)U(~sample_month)Phi(~1)Gamma''(~1)Gamma'(~1) } = 1002.5035                     
 DEVIANCE Degrees of Freedom { alpha(~1 + time)sigma(~1)U(~sample_month)Phi(~1)Gamma''(~1)Gamma'(~1) } = -25            
 c-hat { alpha(~1 + time)sigma(~1)U(~sample_month)Phi(~1)Gamma''(~1)Gamma'(~1) } = 1.0000000                     
 AIC { alpha(~1 + time)sigma(~1)U(~sample_month)Phi(~1)Gamma''(~1)Gamma'(~1) } = 1080.5035                  
 AICc { alpha(~1 + time)sigma(~1)U(~sample_month)Phi(~1)Gamma''(~1)Gamma'(~1) } = 1104.6895                    
 BIC { alpha(~1 + time)sigma(~1)U(~sample_month)Phi(~1)Gamma''(~1)Gamma'(~1) } = 1202.5695                    
 Pearson Chisquare { alpha(~1 + time)sigma(~1)U(~sample_month)Phi(~1)Gamma''(~1)Gamma'(~1) } = 0.3649624E+032             

   * *  WARNING  * *   Numerical underflow occurred during variance-covariance calculation of this model. 

  Program  MARK  - Survival Rate Estimation with Capture-Recapture Data
   gfortran(Win64) Vers. 8.1 Mar 2016    5-Aug-2016 17:27:22    Page  012
 - - - - - - - - - - - - - - - - - - - - - - - - - - - - - - - - - - - - - -
 
     IEEE flag status at end of variance-covariance calculation:
     overflow       F
     divide by zero F
     invalid        F
     underflow      T
     inexact        T



 PARM-SPECIFIC Link Function Parameters of { alpha(~1 + time)sigma(~1)U(~sample_month)Phi(~1)Gamma''(~1)Gamma'(~1) }
                                                              95% Confidence Interval
 Parameter                    Beta         Standard Error      Lower           Upper
 -------------------------  --------------  --------------  --------------  --------------
    1:alpha:(Intercept)     0.9081796       0.2379294       0.4418380       1.3745212     
    2:alpha:time1.2         0.1583173       0.2748603       -0.3804090      0.6970436     
    3:alpha:time1.4         0.6858522       0.2438320       0.2079415       1.1637630     
    4:alpha:time1.6         0.6678438       0.2398302       0.1977767       1.1379109     
    5:alpha:time1.8         0.4355213       0.2551508       -0.0645743      0.9356168     
    6:alpha:time3.8         -0.0649663      0.2991243       -0.6512499      0.5213173     
    7:alpha:time4           0.3800627       0.2875798       -0.1835938      0.9437191     
    8:alpha:time4.2         0.1825168       0.2915370       -0.3888957      0.7539293     
    9:alpha:time4.4         0.0534734       0.2874406       -0.5099101      0.6168570     
   10:alpha:time4.6         0.5464707       0.2848127       -0.0117623      1.1047037     
   11:alpha:time7.1         0.7423489       0.2766729       0.2000700       1.2846278     
   12:alpha:time7.3         0.3748397       0.2831967       -0.1802259      0.9299052     
   13:alpha:time7.5         0.3570874       0.2834607       -0.1984955      0.9126703     
   14:alpha:time7.7         0.4902597       0.2828429       -0.0641123      1.0446318     
   15:alpha:time7.9         0.5469701       0.2833997       -0.0084933      1.1024334     
   16:alpha:time10.567      0.3312120       0.2716201       -0.2011634      0.8635874     
   17:alpha:time10.767      0.1090114       0.2739756       -0.4279808      0.6460035     
   18:alpha:time10.967      -0.1545511      0.2770951       -0.6976576      0.3885553     
   19:alpha:time11.167      0.0249322       0.2732691       -0.5106753      0.5605397     
   20:alpha:time11.367      -0.2832825      0.2771881       -0.8265712      0.2600062     
   21:alpha:time13.134      0.4730680       0.2975491       -0.1101283      1.0562643     
   22:alpha:time13.334      0.2026933       0.2838442       -0.3536414      0.7590279     
   23:alpha:time13.534      0.3045578       0.2801175       -0.2444725      0.8535881     
   24:alpha:time13.734      -0.2425645      0.2941721       -0.8191417      0.3340128     
   25:alpha:time13.934      -0.4291404      0.3135064       -1.0436130      0.1853321     
   26:alpha:time17.101      0.5176260       0.2818463       -0.0347928      1.0700449     
   27:alpha:time17.301      0.2519687       0.2807736       -0.2983475      0.8022849     
   28:alpha:time17.501      0.3135760       0.2862875       -0.2475476      0.8746996     
   29:alpha:time17.701      0.1920278       0.2890342       -0.3744793      0.7585348     
   30:alpha:time17.901      0.4797945       0.2838888       -0.0766276      1.0362166     
   31:sigma:(Intercept)     -1.1671782      0.2178847       -1.5942323      -0.7401241    
   32:U:(Intercept)         2.3219317       0.1719768       1.9848571       2.6590062     
   33:U:sample_monthB       0.6606803       0.2210080       0.2275046       1.0938560     
   34:U:sample_monthC       0.5594842       0.2049849       0.1577138       0.9612547     

  Program  MARK  - Survival Rate Estimation with Capture-Recapture Data
   gfortran(Win64) Vers. 8.1 Mar 2016    5-Aug-2016 17:27:22    Page  013
 - - - - - - - - - - - - - - - - - - - - - - - - - - - - - - - - - - - - - -
 
   35:U:sample_monthD       1.1577658       0.1967908       0.7720557       1.5434758     
   36:U:sample_monthE       0.6402318       0.2069106       0.2346870       1.0457767     
   37:U:sample_monthF       0.7674880       0.2088883       0.3580668       1.1769091     
   38:Phi:(Intercept)       2.0066580       0.4036702       1.2154644       2.7978517     
   39:GammaDoublePrime:(In  -2.9444341      1.0259802       -4.9553554      -0.9335129    
   40:GammaPrime:(Intercep  5.5905000       4282.3671       -8387.8491      8399.0301     


 Real Function Parameters of { alpha(~1 + time)sigma(~1)U(~sample_month)Phi(~1)Gamma''(~1)Gamma'(~1) }
                                                               95% Confidence Interval
  Parameter                  Estimate       Standard Error      Lower           Upper
 --------------------------  --------------  --------------  --------------  --------------
     1:alpha g1 a0 t1        2.4798042       0.5900183       1.5655590       3.9279446                           
     2:alpha g1 a0.2 t1.2    2.9051846       0.6773025       1.8507361       4.5604004                           
     3:alpha g1 a0.4 t1.4    4.9235600       0.9799332       3.3458363       7.2452569                           
     4:alpha g1 a0.6 t1.6    4.8356880       0.9304247       3.3278482       7.0267262                           
     5:alpha g1 a0.8 t1.8    3.8332036       0.8116156       2.5427490       5.7785687                           
     6:alpha g1 a2.8 t3.8    2.3238222       0.4345468       1.6158235       3.3420416                           
     7:alpha g1 a3 t4        3.6264068       0.6084676       2.6160296       5.0270173                           
     8:alpha g1 a3.2 t4.2    2.9763460       0.5190808       2.1200203       4.1785617                           
     9:alpha g1 a3.4 t4.4    2.6160173       0.4437614       1.8804829       3.6392494                           
    10:alpha g1 a3.6 t4.6    4.2829855       0.6976066       3.1189479       5.8814592                           
    11:alpha g1 a6.1 t7.1    5.2097325       0.7818453       3.8884856       6.9799184                           
    12:alpha g1 a6.3 t7.3    3.6075154       0.5906633       2.6227567       4.9620184                           
    13:alpha g1 a6.5 t7.5    3.5440390       0.5804333       2.5763799       4.8751400                           
    14:alpha g1 a6.7 t7.7    4.0488761       0.6604588       2.9470889       5.5625732                           
    15:alpha g1 a6.9 t7.9    4.2851249       0.7028683       3.1136378       5.8973767                           
    16:alpha g1 a9.567 t10.  3.4535119       0.4828388       2.6292202       4.5362288                           
    17:alpha g1 a9.767 t10.  2.7654157       0.4018183       2.0831617       3.6711140                           
    18:alpha g1 a9.967 t10.  2.1246955       0.3201672       1.5839715       2.8500076                           
    19:alpha g1 a10.167 t11  2.5424084       0.3655533       1.9207946       3.3651908                           
    20:alpha g1 a10.367 t11  1.8680538       0.2824468       1.3912759       2.5082192                           
    21:alpha g1 a12.134 t13  3.9798637       0.7430905       2.7688209       5.7205993                           
    22:alpha g1 a12.334 t13  3.0370081       0.4961493       2.2095263       4.1743873                           
    23:alpha g1 a12.534 t13  3.3626772       0.5269165       2.4780570       4.5630903                           
    24:alpha g1 a12.734 t13  1.9456870       0.3522119       1.3684359       2.7664415                           
    25:alpha g1 a12.934 t13  1.6145224       0.3410949       1.0719382       2.4317471                           
    26:alpha g1 a16.101 t17  4.1612090       0.6563287       3.0604466       5.6578867                           
    27:alpha g1 a16.301 t17  3.1904065       0.4966892       2.3556965       4.3208850                           
    28:alpha g1 a16.501 t17  3.3931396       0.5624798       2.4572589       4.6854634                           
    29:alpha g1 a16.701 t17  3.0047891       0.5155468       2.1519114       4.1956920                           
    30:alpha g1 a16.901 t17  4.0067247       0.6474006       2.9250704       5.4883611                           
    31:sigma g1 a0 t1        0.3112440       0.0678153       0.2040704       0.4747028                           
    32:U g1 a0 t1            10.195349       1.7533636       7.2958835       14.247095                           
    33:U g1 a2.8 t3.8        19.739307       2.7608245       15.026338       25.930486                           
    34:U g1 a6.1 t7.1        17.839514       2.0314561       14.281163       22.284477                           

  Program  MARK  - Survival Rate Estimation with Capture-Recapture Data
   gfortran(Win64) Vers. 8.1 Mar 2016    5-Aug-2016 17:27:22    Page  014
 - - - - - - - - - - - - - - - - - - - - - - - - - - - - - - - - - - - - - -
 
    35:U g1 a9.567 t10.567   32.449901       3.1649490       26.815612       39.268024                           
    36:U g1 a12.134 t13.134  19.339768       2.2601353       15.392572       24.299162                           
    37:U g1 a16.101 t17.101  21.964327       2.6280740       17.387208       27.746355                           
    38:Phi g1 c1 a0.8 t1.8   0.8814944       0.0421682       0.7712644       0.9425596                           
    39:Gamma'' g1 c1 a0.8 t  0.0500002       0.0487343       0.0069963       0.2822126                           
    40:Gamma' g1 c1 a0.8 t1  0.9962807       15.868068       0.2641107E-301  1.0000000                           
    41:Phi g1 c1 a0 t1       1.0000000       0.0000000       1.0000000       1.0000000       Fixed               
    42:Gamma'' g1 c1 a0 t1   0.0000000       0.0000000       0.0000000       0.0000000       Fixed               

  Program  MARK  - Survival Rate Estimation with Capture-Recapture Data
   gfortran(Win64) Vers. 8.1 Mar 2016    5-Aug-2016 17:27:22    Page  015
 - - - - - - - - - - - - - - - - - - - - - - - - - - - - - - - - - - - - - -
 


                      Estimates of Derived Parameters
 Population Estimates of { alpha(~1 + time)sigma(~1)U(~sample_month)Phi(~1)Gamma''(~1)Gamma'(~1) }
                                                95% Confidence Interval
 Grp. Occ.   N-hat           Standard Error      Lower           Upper
 ---- ----   --------------  --------------  --------------  --------------
   1     1   13.195349       1.7533644       10.181409       17.101488     
   1     2   13.195349       1.7533644       10.181409       17.101488     
   1     3   13.195349       1.7533644       10.181409       17.101488     
   1     4   12.226289       1.7684913       9.2215903       16.210019     
   1     5   13.195349       1.7533644       10.181409       17.101488     
   1     6   24.739307       2.7608248       19.892450       30.767115     
   1     7   24.739307       2.7608248       19.892450       30.767115     
   1     8   24.739307       2.7608248       19.892450       30.767115     
   1     9   21.929649       2.8140337       17.070583       28.171827     
   1    10   24.739307       2.7608248       19.892450       30.767115     
   1    11   22.898222       2.0565576       19.209007       27.295975     
   1    12   22.000878       2.0817026       18.284287       26.472929     
   1    13   22.009529       2.0870202       18.284198       26.493880     
   1    14   21.952652       2.0729587       18.250974       26.405108     
   1    15   21.933560       2.0681964       18.239892       26.375213     
   1    16   39.770609       3.2600233       33.876941       46.689616     
   1    17   40.031326       3.3115250       34.049008       47.064720     
   1    18   40.517294       3.3986086       34.384687       47.743669     
   1    19   40.163094       3.3309780       34.146902       47.239251     
   1    20   38.443676       3.3563839       32.407769       45.603764     
   1    21   23.459261       2.3106067       19.349798       28.441481     
   1    22   24.666277       2.3528426       20.468797       29.724523     
   1    23   24.586923       2.3368473       20.416564       29.609135     
   1    24   22.889183       2.3884861       18.665781       28.068191     
   1    25   24.391002       2.5328574       19.910071       29.880403     
   1    26   27.093797       2.6749546       22.337441       32.862933     
   1    27   27.250346       2.7105565       22.434214       33.100395     
   1    28   27.205247       2.7086835       22.392901       33.051790     
   1    29   26.232981       2.7124042       21.432285       32.109004     
   1    30   27.110544       2.6814034       22.343557       32.894566     
 Mean Resighting Rate Estimates of { alpha(~1 + time)sigma(~1)U(~sample_month)Phi(~1)Gamma''(~1)Gamma'(~1) }
                                                95% Confidence Interval
 Grp. Occ.   Lambda-hat      Standard Error      Lower           Upper
 ---- ----   --------------  --------------  --------------  --------------
   1     1   2.6028735       0.6143063       1.6491978       4.1080277     
   1     2   3.0493649       0.7034007       1.9516294       4.7645452     
   1     3   5.1679095       1.0164628       3.5275839       7.5709861     
   1     4   5.0756765       0.9567296       3.5191989       7.3205558     
   1     5   4.0234402       0.8427399       2.6804893       6.0392223     
   1     6   2.4391502       0.4499570       1.7042131       3.4910269     
   1     7   3.8063803       0.6282579       2.7603139       5.2488708     
   1     8   3.1240579       0.5367994       2.2362437       4.3643445     
   1     9   2.7458466       0.4545449       1.9893804       3.7899607     

  Program  MARK  - Survival Rate Estimation with Capture-Recapture Data
   gfortran(Win64) Vers. 8.1 Mar 2016    5-Aug-2016 17:27:22    Page  016
 - - - - - - - - - - - - - - - - - - - - - - - - - - - - - - - - - - - - - -
 
   1    10   4.4955442       0.7199247       3.2910071       6.1409522     
   1    11   5.8636421       0.8002024       4.4930224       7.6523764     
   1    12   4.0268572       0.6050461       3.0045658       5.3969790     
   1    13   4.1995393       0.6007095       3.1772988       5.5506679     
   1    14   4.9791862       0.6820843       3.8114843       6.5046300     
   1    15   5.4748183       0.7275094       4.2242748       7.0955695     
   1    16   4.1713001       0.5019355       3.2977047       5.2763198     
   1    17   3.8259688       0.4348075       3.0641771       4.7771513     
   1    18   2.9738759       0.3588650       2.3494996       3.7641793     
   1    19   3.3168246       0.3925327       2.6322946       4.1793672     
   1    20   2.4612820       0.3131269       1.9200078       3.1551481     
   1    21   5.6338687       0.7888648       4.2874176       7.4031688     
   1    22   3.5632111       0.5175803       2.6843640       4.7297882     
   1    23   3.9107211       0.5460527       2.9783446       5.1349800     
   1    24   2.6057218       0.3939151       1.9407656       3.4985089     
   1    25   3.2784202       0.4812110       2.4625611       4.3645777     
   1    26   4.7576278       0.6814115       3.5982655       6.2905371     
   1    27   3.3487419       0.5118010       2.4862062       4.5105158     
   1    28   4.1339550       0.5925836       3.1258459       5.4671869     
   1    29   3.8567101       0.5502117       2.9200519       5.0938179     
   1    30   4.7885253       0.6756519       3.6365374       6.3054416     
 Pr(Captured 1 or more times) of { alpha(~1 + time)sigma(~1)U(~sample_month)Phi(~1)Gamma''(~1)Gamma'(~1) }
                                                95% Confidence Interval
 Grp. Occ.      p*-hat       Standard Error      Lower           Upper
 ---- ----   --------------  --------------  --------------  --------------
   1     1   0.9025006       0.0498841       0.7529082       0.9656587     
   1     2   0.9316946       0.0394072       0.8020791       0.9786828     
   1     3   0.9857158       0.0111727       0.9357724       0.9969498     
   1     4   0.9847656       0.0116084       0.9341493       0.9966165     
   1     5   0.9675047       0.0216863       0.8851017       0.9913849     
   1     6   0.8886152       0.0428356       0.7735433       0.9490646     
   1     7   0.9617961       0.0197877       0.8975559       0.9863648     
   1     8   0.9355784       0.0289322       0.8500324       0.9738288     
   1     9   0.9130994       0.0342664       0.8184177       0.9607776     
   1    10   0.9769914       0.0134794       0.9291245       0.9927818     
   1    11   0.9921090       0.0053402       0.9706065       0.9979154     
   1    12   0.9692214       0.0161821       0.9157894       0.9891521     
   1    13   0.9742761       0.0135022       0.9294536       0.9908989     
   1    14   0.9863957       0.0081116       0.9568470       0.9957999     
   1    15   0.9910729       0.0056697       0.9693404       0.9974414     
   1    16   0.9740607       0.0115964       0.9385518       0.9892845     
   1    17   0.9681040       0.0128155       0.9308231       0.9856041     
   1    18   0.9344036       0.0217720       0.8765522       0.9661897     
   1    19   0.9499984       0.0180320       0.9002828       0.9755993     
   1    20   0.8965474       0.0299440       0.8215171       0.9422537     
   1    21   0.9928729       0.0048189       0.9734537       0.9981140     
   1    22   0.9571688       0.0193764       0.8984711       0.9825888     
   1    23   0.9673114       0.0155788       0.9184768       0.9872973     
   1    24   0.9089936       0.0324958       0.8222226       0.9556948     
   1    25   0.9524851       0.0215235       0.8875437       0.9807379     

  Program  MARK  - Survival Rate Estimation with Capture-Recapture Data
   gfortran(Win64) Vers. 8.1 Mar 2016    5-Aug-2016 17:27:22    Page  017
 - - - - - - - - - - - - - - - - - - - - - - - - - - - - - - - - - - - - - -
 
   1    26   0.9826861       0.0098221       0.9482059       0.9943490     
   1    27   0.9458914       0.0233900       0.8771164       0.9771763     
   1    28   0.9734413       0.0133952       0.9299524       0.9902143     
   1    29   0.9678017       0.0154559       0.9191584       0.9875716     
   1    30   0.9838118       0.0091751       0.9515698       0.9947083     

 Attempted ordering of parameters by estimatibility:
   1 35 32 37 34 36 16 33 19 11 17 26 10 27 23 30 15  7 20 14 22  9 28 12  4
  24  8  3 21 18 13  5 31 29  6  2 38 25 39 40
 Beta number 40 is a singular value.

     CPU Time in seconds for last procedure was 23.58


  INPUT --- proc stop;

   * *  WARNING  * *   Numerical underflow occurred during final processing of this model. 
     IEEE flag status at final processing of this model:
     overflow       F
     divide by zero F
     invalid        F
     underflow      T
     inexact        T


     CPU Time in minutes for this job was 0.39

     Time Start = 17:27:06.860   Time End = 17:27:22.330

     Wall Clock Time in minutes for this job was 0.26


          E X E C U T I O N   S U C C E S S F U L 
