
   Program  MARK  - Survival Rate Estimation with Capture-Recapture Data
   gfortran(Win64) Vers. 8.1 Mar 2016    5-Aug-2016 15:56:32    Page  001
 - - - - - - - - - - - - - - - - - - - - - - - - - - - - - - - - - - - - - -
 
   This version was compiled by GCC version 5.3.0 using the options: 
     -cpp -iprefix c:\tdm-gcc-64\gcc\bin\../lib/gcc/x86_64-w64-mingw32/5.3.0/ -D_MT
     -U_REENTRANT -D IEEE -m64 -mtune=generic -march=x86-64 -mthreads -O2
     -fimplicit-none -fbounds-check -funroll-loops -ftree-vectorize
     -ffpe-summary=invalid,zero,overflow,underflow -fno-unsafe-math-optimizations
     -frounding-math -fsignaling-nans -fopenmp.

   This problem will use 3 of 4 possible threads.


  INPUT --- proc title ;

     CPU Time in seconds for last procedure was 0.02


  INPUT --- proc chmatrix occasions= 30 groups= 1 etype= PoissonMR 
  INPUT --- icovar = 32 ICMeans NoHist  hist= 14 ;

  INPUT ---    time interval 0.2 0.2 0.2 0.2 2 0.2 0.2 0.2 0.2 2.5 0.2 0.2 
  INPUT ---    0.2 0.2 2.667 0.2 0.2 0.2  0.2 1.767 0.2 0.2 0.2 0.2 3.167 
  INPUT ---    0.2 0.2 0.2 0.2 ;

  INPUT ---     icovariates captive age.t1 age.t1.2 age.t1.4  age.t1.6 
  INPUT ---    age.t1.8 age.t3.8 age.t4 age.t4.2 age.t4.4 age.t4.6 
  INPUT ---    age.t7.1 age.t7.3 age.t7.5 age.t7.7  age.t7.9 age.t10.567 
  INPUT ---    age.t10.767 age.t10.967 age.t11.167 age.t11.367 age.t13.134 
  INPUT ---    age.t13.334  age.t13.534 age.t13.734 age.t13.934 
  INPUT ---    age.t17.101 age.t17.301 age.t17.501 age.t17.701 age.t17.901 
  INPUT ---     sex ;

  INPUT ---    glabel(1)=Group 1;

      Number of unique encounter histories read was 14.

      Number of individual covariates read was 32.
      Time interval lengths vary and/or not equal to 1.

      Data type number is 115
      Data type is Poisson Mark Resight with Robust Design                                                             

     CPU Time in seconds for last procedure was 0.00

  Program  MARK  - Survival Rate Estimation with Capture-Recapture Data
   gfortran(Win64) Vers. 8.1 Mar 2016    5-Aug-2016 15:56:32    Page  002
 - - - - - - - - - - - - - - - - - - - - - - - - - - - - - - - - - - - - - -
 


  INPUT --- proc estimate link=Parm-Specific NOLOOP varest=2ndPart    ;


  INPUT --- model={ alpha(~1 + captive + age.t + sex + effort.trapdays 
  INPUT --- + recordloss.agout.total)sigma(~1 + 
  INPUT --- recordloss.agout.var)U(~sample_month)Phi(~1 + 
  INPUT --- age.t)Gamma''(~1 + sample_m };

  INPUT ---    fixed=2;
  INPUT ---        parm(82)=1 ;
  INPUT ---        parm(83)=0 ;

  INPUT ---    group=1 alpha    rows=1 cols=30 Square ;
  INPUT ---        1 2 3 4 5 6 7 8 9 10 11 12 13 14 15 16 17 18 19 20 21 22 
  INPUT ---       23 24 25 26 27 28 29 30 ;

  INPUT ---    group=1 sigma    rows=1 cols=30 Square ;
  INPUT ---        31 32 33 34 35 36 37 38 39 40 41 42 43 44 45 46 47 48 49 
  INPUT ---       50 51 52 53 54 55 56 57 58 59 60 ;

  INPUT ---    group=1 U    rows=1 cols=30 Square ;
  INPUT ---        61 61 61 61 61 62 62 62 62 62 63 63 63 63 63 64 64 64 64 
  INPUT ---       64 65 65 65 65 65 66 66 66 66 66 ;

  INPUT ---    group=1 Phi    rows=29 cols=29 Triang ;
  INPUT ---        82 82 82 82 67 82 82 82 82 68 82 82 82 82 69 82 82 82 82 
  INPUT ---       70 82 82 82 82 71 82 82 82 82 ;
  INPUT ---        82 82 82 82 82 82 82 82 82 82 82 82 82 82 82 82 82 82 82 
  INPUT ---       82 82 82 82 82 82 82 82 82 ;
  INPUT ---        82 82 82 82 82 82 82 82 82 82 82 82 82 82 82 82 82 82 82 
  INPUT ---       82 82 82 82 82 82 82 82 ;
  INPUT ---        82 82 82 82 82 82 82 82 82 82 82 82 82 82 82 82 82 82 82 
  INPUT ---       82 82 82 82 82 82 82 ;
  INPUT ---        82 82 82 82 82 82 82 82 82 82 82 82 82 82 82 82 82 82 82 
  INPUT ---       82 82 82 82 82 82 ;
  INPUT ---        82 82 82 82 68 82 82 82 82 69 82 82 82 82 70 82 82 82 82 
  INPUT ---       71 82 82 82 82 ;
  INPUT ---        82 82 82 82 82 82 82 82 82 82 82 82 82 82 82 82 82 82 82 
  INPUT ---       82 82 82 82 ;
  INPUT ---        82 82 82 82 82 82 82 82 82 82 82 82 82 82 82 82 82 82 82 
  INPUT ---       82 82 82 ;
  INPUT ---        82 82 82 82 82 82 82 82 82 82 82 82 82 82 82 82 82 82 82 
  INPUT ---       82 82 ;
  INPUT ---        82 82 82 82 82 82 82 82 82 82 82 82 82 82 82 82 82 82 82 

  Program  MARK  - Survival Rate Estimation with Capture-Recapture Data
   gfortran(Win64) Vers. 8.1 Mar 2016    5-Aug-2016 15:56:32    Page  003
 - - - - - - - - - - - - - - - - - - - - - - - - - - - - - - - - - - - - - -
 
  INPUT ---       82 ;
  INPUT ---        82 82 82 82 69 82 82 82 82 70 82 82 82 82 71 82 82 82 82 ;
  INPUT ---        82 82 82 82 82 82 82 82 82 82 82 82 82 82 82 82 82 82 ;
  INPUT ---        82 82 82 82 82 82 82 82 82 82 82 82 82 82 82 82 82 ;
  INPUT ---        82 82 82 82 82 82 82 82 82 82 82 82 82 82 82 82 ;
  INPUT ---        82 82 82 82 82 82 82 82 82 82 82 82 82 82 82 ;
  INPUT ---        82 82 82 82 70 82 82 82 82 71 82 82 82 82 ;
  INPUT ---        82 82 82 82 82 82 82 82 82 82 82 82 82 ;
  INPUT ---        82 82 82 82 82 82 82 82 82 82 82 82 ;
  INPUT ---        82 82 82 82 82 82 82 82 82 82 82 ;
  INPUT ---        82 82 82 82 82 82 82 82 82 82 ;
  INPUT ---        82 82 82 82 71 82 82 82 82 ;
  INPUT ---        82 82 82 82 82 82 82 82 ;
  INPUT ---        82 82 82 82 82 82 82 ;
  INPUT ---        82 82 82 82 82 82 ;
  INPUT ---        82 82 82 82 82 ;
  INPUT ---        82 82 82 82 ;
  INPUT ---        82 82 82 ;
  INPUT ---        82 82 ;
  INPUT ---        82 ;

  INPUT ---    group=1 Gamma''    rows=29 cols=29 Triang ;
  INPUT ---        83 83 83 83 72 83 83 83 83 73 83 83 83 83 74 83 83 83 83 
  INPUT ---       75 83 83 83 83 76 83 83 83 83 ;
  INPUT ---        83 83 83 83 83 83 83 83 83 83 83 83 83 83 83 83 83 83 83 
  INPUT ---       83 83 83 83 83 83 83 83 83 ;
  INPUT ---        83 83 83 83 83 83 83 83 83 83 83 83 83 83 83 83 83 83 83 
  INPUT ---       83 83 83 83 83 83 83 83 ;
  INPUT ---        83 83 83 83 83 83 83 83 83 83 83 83 83 83 83 83 83 83 83 
  INPUT ---       83 83 83 83 83 83 83 ;
  INPUT ---        83 83 83 83 83 83 83 83 83 83 83 83 83 83 83 83 83 83 83 
  INPUT ---       83 83 83 83 83 83 ;
  INPUT ---        83 83 83 83 73 83 83 83 83 74 83 83 83 83 75 83 83 83 83 
  INPUT ---       76 83 83 83 83 ;
  INPUT ---        83 83 83 83 83 83 83 83 83 83 83 83 83 83 83 83 83 83 83 
  INPUT ---       83 83 83 83 ;
  INPUT ---        83 83 83 83 83 83 83 83 83 83 83 83 83 83 83 83 83 83 83 
  INPUT ---       83 83 83 ;
  INPUT ---        83 83 83 83 83 83 83 83 83 83 83 83 83 83 83 83 83 83 83 
  INPUT ---       83 83 ;
  INPUT ---        83 83 83 83 83 83 83 83 83 83 83 83 83 83 83 83 83 83 83 
  INPUT ---       83 ;
  INPUT ---        83 83 83 83 74 83 83 83 83 75 83 83 83 83 76 83 83 83 83 ;
  INPUT ---        83 83 83 83 83 83 83 83 83 83 83 83 83 83 83 83 83 83 ;
  INPUT ---        83 83 83 83 83 83 83 83 83 83 83 83 83 83 83 83 83 ;
  INPUT ---        83 83 83 83 83 83 83 83 83 83 83 83 83 83 83 83 ;

  Program  MARK  - Survival Rate Estimation with Capture-Recapture Data
   gfortran(Win64) Vers. 8.1 Mar 2016    5-Aug-2016 15:56:33    Page  004
 - - - - - - - - - - - - - - - - - - - - - - - - - - - - - - - - - - - - - -
 
  INPUT ---        83 83 83 83 83 83 83 83 83 83 83 83 83 83 83 ;
  INPUT ---        83 83 83 83 75 83 83 83 83 76 83 83 83 83 ;
  INPUT ---        83 83 83 83 83 83 83 83 83 83 83 83 83 ;
  INPUT ---        83 83 83 83 83 83 83 83 83 83 83 83 ;
  INPUT ---        83 83 83 83 83 83 83 83 83 83 83 ;
  INPUT ---        83 83 83 83 83 83 83 83 83 83 ;
  INPUT ---        83 83 83 83 76 83 83 83 83 ;
  INPUT ---        83 83 83 83 83 83 83 83 ;
  INPUT ---        83 83 83 83 83 83 83 ;
  INPUT ---        83 83 83 83 83 83 ;
  INPUT ---        83 83 83 83 83 ;
  INPUT ---        83 83 83 83 ;
  INPUT ---        83 83 83 ;
  INPUT ---        83 83 ;
  INPUT ---        83 ;

  INPUT ---    group=1 Gamma'    rows=28 cols=28 Triang ;
  INPUT ---        83 83 83 77 83 83 83 83 78 83 83 83 83 79 83 83 83 83 80 
  INPUT ---       83 83 83 83 81 83 83 83 83 ;
  INPUT ---        83 83 83 83 83 83 83 83 83 83 83 83 83 83 83 83 83 83 83 
  INPUT ---       83 83 83 83 83 83 83 83 ;
  INPUT ---        83 83 83 83 83 83 83 83 83 83 83 83 83 83 83 83 83 83 83 
  INPUT ---       83 83 83 83 83 83 83 ;
  INPUT ---        83 83 83 83 83 83 83 83 83 83 83 83 83 83 83 83 83 83 83 
  INPUT ---       83 83 83 83 83 83 ;
  INPUT ---        83 83 83 83 83 83 83 83 83 83 83 83 83 83 83 83 83 83 83 
  INPUT ---       83 83 83 83 83 ;
  INPUT ---        83 83 83 78 83 83 83 83 79 83 83 83 83 80 83 83 83 83 81 
  INPUT ---       83 83 83 83 ;
  INPUT ---        83 83 83 83 83 83 83 83 83 83 83 83 83 83 83 83 83 83 83 
  INPUT ---       83 83 83 ;
  INPUT ---        83 83 83 83 83 83 83 83 83 83 83 83 83 83 83 83 83 83 83 
  INPUT ---       83 83 ;
  INPUT ---        83 83 83 83 83 83 83 83 83 83 83 83 83 83 83 83 83 83 83 
  INPUT ---       83 ;
  INPUT ---        83 83 83 83 83 83 83 83 83 83 83 83 83 83 83 83 83 83 83 ;
  INPUT ---        83 83 83 79 83 83 83 83 80 83 83 83 83 81 83 83 83 83 ;
  INPUT ---        83 83 83 83 83 83 83 83 83 83 83 83 83 83 83 83 83 ;
  INPUT ---        83 83 83 83 83 83 83 83 83 83 83 83 83 83 83 83 ;
  INPUT ---        83 83 83 83 83 83 83 83 83 83 83 83 83 83 83 ;
  INPUT ---        83 83 83 83 83 83 83 83 83 83 83 83 83 83 ;
  INPUT ---        83 83 83 80 83 83 83 83 81 83 83 83 83 ;
  INPUT ---        83 83 83 83 83 83 83 83 83 83 83 83 ;
  INPUT ---        83 83 83 83 83 83 83 83 83 83 83 ;
  INPUT ---        83 83 83 83 83 83 83 83 83 83 ;
  INPUT ---        83 83 83 83 83 83 83 83 83 ;

  Program  MARK  - Survival Rate Estimation with Capture-Recapture Data
   gfortran(Win64) Vers. 8.1 Mar 2016    5-Aug-2016 15:56:33    Page  005
 - - - - - - - - - - - - - - - - - - - - - - - - - - - - - - - - - - - - - -
 
  INPUT ---        83 83 83 81 83 83 83 83 ;
  INPUT ---        83 83 83 83 83 83 83 ;
  INPUT ---        83 83 83 83 83 83 ;
  INPUT ---        83 83 83 83 83 ;
  INPUT ---        83 83 83 83 ;
  INPUT ---        83 83 83 ;
  INPUT ---        83 83 ;
  INPUT ---        83 ;

  INPUT ---    initial  0.8492118 0 0 0 0 0 -0.3123225 0 3.139572 0 0 0 0 
  INPUT ---    0 2.0066797 0 -2.9445172 0 0 0 0 17.724958 0 0 0 0  ;

  INPUT ---    design matrix constraints=83 covariates=26;
  INPUT ---        1 captive age.t1 sex 96 0.186046511627907 0 0 0 0 0 0 0 0 
  INPUT ---       0 0 0 0 0 0 0 0 0 0 0 0;
  INPUT ---        1 captive age.t1.2 sex 96 0.127659574468085 0 0 0 0 0 0 0 
  INPUT ---       0 0 0 0 0 0 0 0 0 0 0 0 0;
  INPUT ---        1 captive age.t1.4 sex 114 0.08 0 0 0 0 0 0 0 0 0 0 0 0 0 
  INPUT ---       0 0 0 0 0 0 0;
  INPUT ---        1 captive age.t1.6 sex 120 0.166666666666667 0 0 0 0 0 0 0 
  INPUT ---       0 0 0 0 0 0 0 0 0 0 0 0 0;
  INPUT ---        1 captive age.t1.8 sex 115 0.169230769230769 0 0 0 0 0 0 0 
  INPUT ---       0 0 0 0 0 0 0 0 0 0 0 0 0;
  INPUT ---        1 captive age.t3.8 sex 126 0.0615384615384615 0 0 0 0 0 0 
  INPUT ---       0 0 0 0 0 0 0 0 0 0 0 0 0 0;
  INPUT ---        1 captive age.t4 sex 126 0.0776699029126214 0 0 0 0 0 0 0 
  INPUT ---       0 0 0 0 0 0 0 0 0 0 0 0 0;
  INPUT ---        1 captive age.t4.2 sex 126 0.170212765957447 0 0 0 0 0 0 0 
  INPUT ---       0 0 0 0 0 0 0 0 0 0 0 0 0;
  INPUT ---        1 captive age.t4.4 sex 114 0.0666666666666667 0 0 0 0 0 0 
  INPUT ---       0 0 0 0 0 0 0 0 0 0 0 0 0 0;
  INPUT ---        1 captive age.t4.6 sex 126 0.0894308943089431 0 0 0 0 0 0 
  INPUT ---       0 0 0 0 0 0 0 0 0 0 0 0 0 0;
  INPUT ---        1 captive age.t7.1 sex 139 0.08 0 0 0 0 0 0 0 0 0 0 0 0 0 
  INPUT ---       0 0 0 0 0 0 0;
  INPUT ---        1 captive age.t7.3 sex 168 0.135135135135135 0 0 0 0 0 0 0 
  INPUT ---       0 0 0 0 0 0 0 0 0 0 0 0 0;
  INPUT ---        1 captive age.t7.5 sex 180 0.213740458015267 0 0 0 0 0 0 0 
  INPUT ---       0 0 0 0 0 0 0 0 0 0 0 0 0;
  INPUT ---        1 captive age.t7.7 sex 174 0.0869565217391304 0 0 0 0 0 0 
  INPUT ---       0 0 0 0 0 0 0 0 0 0 0 0 0 0;
  INPUT ---        1 captive age.t7.9 sex 173 0.131428571428571 0 0 0 0 0 0 0 
  INPUT ---       0 0 0 0 0 0 0 0 0 0 0 0 0;
  INPUT ---        1 captive age.t10.567 sex 166 0.167441860465116 0 0 0 0 0 
  INPUT ---       0 0 0 0 0 0 0 0 0 0 0 0 0 0 0;
  INPUT ---        1 captive age.t10.767 sex 172 0.155 0 0 0 0 0 0 0 0 0 0 0 

  Program  MARK  - Survival Rate Estimation with Capture-Recapture Data
   gfortran(Win64) Vers. 8.1 Mar 2016    5-Aug-2016 15:56:33    Page  006
 - - - - - - - - - - - - - - - - - - - - - - - - - - - - - - - - - - - - - -
 
  INPUT ---       0 0 0 0 0 0 0 0 0;
  INPUT ---        1 captive age.t10.967 sex 166 0.168831168831169 0 0 0 0 0 
  INPUT ---       0 0 0 0 0 0 0 0 0 0 0 0 0 0 0;
  INPUT ---        1 captive age.t11.167 sex 171 0.231182795698925 0 0 0 0 0 
  INPUT ---       0 0 0 0 0 0 0 0 0 0 0 0 0 0 0;
  INPUT ---        1 captive age.t11.367 sex 151 0.224489795918367 0 0 0 0 0 
  INPUT ---       0 0 0 0 0 0 0 0 0 0 0 0 0 0 0;
  INPUT ---        1 captive age.t13.134 sex 192 0.125827814569536 0 0 0 0 0 
  INPUT ---       0 0 0 0 0 0 0 0 0 0 0 0 0 0 0;
  INPUT ---        1 captive age.t13.334 sex 185 0.201612903225806 0 0 0 0 0 
  INPUT ---       0 0 0 0 0 0 0 0 0 0 0 0 0 0 0;
  INPUT ---        1 captive age.t13.534 sex 198 0.244604316546763 0 0 0 0 0 
  INPUT ---       0 0 0 0 0 0 0 0 0 0 0 0 0 0 0;
  INPUT ---        1 captive age.t13.734 sex 198 0.282828282828283 0 0 0 0 0 
  INPUT ---       0 0 0 0 0 0 0 0 0 0 0 0 0 0 0;
  INPUT ---        1 captive age.t13.934 sex 195 0.314516129032258 0 0 0 0 0 
  INPUT ---       0 0 0 0 0 0 0 0 0 0 0 0 0 0 0;
  INPUT ---        1 captive age.t17.101 sex 192 0.137254901960784 0 0 0 0 0 
  INPUT ---       0 0 0 0 0 0 0 0 0 0 0 0 0 0 0;
  INPUT ---        1 captive age.t17.301 sex 192 0.266129032258065 0 0 0 0 0 
  INPUT ---       0 0 0 0 0 0 0 0 0 0 0 0 0 0 0;
  INPUT ---        1 captive age.t17.501 sex 198 0.198581560283688 0 0 0 0 0 
  INPUT ---       0 0 0 0 0 0 0 0 0 0 0 0 0 0 0;
  INPUT ---        1 captive age.t17.701 sex 198 0.293333333333333 0 0 0 0 0 
  INPUT ---       0 0 0 0 0 0 0 0 0 0 0 0 0 0 0;
  INPUT ---        1 captive age.t17.901 sex 198 0.202453987730061 0 0 0 0 0 
  INPUT ---       0 0 0 0 0 0 0 0 0 0 0 0 0 0 0;
  INPUT ---        0 0 0 0 0 0 1 0.0440135195492338 0 0 0 0 0 0 0 0 0 0 0 0 0 
  INPUT ---       0 0 0 0 0;
  INPUT ---        0 0 0 0 0 0 1 0.0138205395794682 0 0 0 0 0 0 0 0 0 0 0 0 0 
  INPUT ---       0 0 0 0 0;
  INPUT ---        0 0 0 0 0 0 1 0.0150462962962963 0 0 0 0 0 0 0 0 0 0 0 0 0 
  INPUT ---       0 0 0 0 0;
  INPUT ---        0 0 0 0 0 0 1 0.0435062197227376 0 0 0 0 0 0 0 0 0 0 0 0 0 
  INPUT ---       0 0 0 0 0;
  INPUT ---        0 0 0 0 0 0 1 0.0413898241676019 0 0 0 0 0 0 0 0 0 0 0 0 0 
  INPUT ---       0 0 0 0 0;
  INPUT ---        0 0 0 0 0 0 1 0.0334785353535354 0 0 0 0 0 0 0 0 0 0 0 0 0 
  INPUT ---       0 0 0 0 0;
  INPUT ---        0 0 0 0 0 0 1 0.0145442884245275 0 0 0 0 0 0 0 0 0 0 0 0 0 
  INPUT ---       0 0 0 0 0;
  INPUT ---        0 0 0 0 0 0 1 0.0193204258107552 0 0 0 0 0 0 0 0 0 0 0 0 0 
  INPUT ---       0 0 0 0 0;
  INPUT ---        0 0 0 0 0 0 1 0.00382154882154882 0 0 0 0 0 0 0 0 0 0 0 0 
  INPUT ---       0 0 0 0 0 0;
  INPUT ---        0 0 0 0 0 0 1 0.0399423854156923 0 0 0 0 0 0 0 0 0 0 0 0 0 

  Program  MARK  - Survival Rate Estimation with Capture-Recapture Data
   gfortran(Win64) Vers. 8.1 Mar 2016    5-Aug-2016 15:56:33    Page  007
 - - - - - - - - - - - - - - - - - - - - - - - - - - - - - - - - - - - - - -
 
  INPUT ---       0 0 0 0 0;
  INPUT ---        0 0 0 0 0 0 1 0.010060938021866 0 0 0 0 0 0 0 0 0 0 0 0 0 
  INPUT ---       0 0 0 0 0;
  INPUT ---        0 0 0 0 0 0 1 0.0120376449425667 0 0 0 0 0 0 0 0 0 0 0 0 0 
  INPUT ---       0 0 0 0 0;
  INPUT ---        0 0 0 0 0 0 1 0.0327860086977532 0 0 0 0 0 0 0 0 0 0 0 0 0 
  INPUT ---       0 0 0 0 0;
  INPUT ---        0 0 0 0 0 0 1 0.0190954813692234 0 0 0 0 0 0 0 0 0 0 0 0 0 
  INPUT ---       0 0 0 0 0;
  INPUT ---        0 0 0 0 0 0 1 0.0261489672463083 0 0 0 0 0 0 0 0 0 0 0 0 0 
  INPUT ---       0 0 0 0 0;
  INPUT ---        0 0 0 0 0 0 1 0.0512150912647815 0 0 0 0 0 0 0 0 0 0 0 0 0 
  INPUT ---       0 0 0 0 0;
  INPUT ---        0 0 0 0 0 0 1 0.0473122112945163 0 0 0 0 0 0 0 0 0 0 0 0 0 
  INPUT ---       0 0 0 0 0;
  INPUT ---        0 0 0 0 0 0 1 0.0226518050401979 0 0 0 0 0 0 0 0 0 0 0 0 0 
  INPUT ---       0 0 0 0 0;
  INPUT ---        0 0 0 0 0 0 1 0.0665651993646785 0 0 0 0 0 0 0 0 0 0 0 0 0 
  INPUT ---       0 0 0 0 0;
  INPUT ---        0 0 0 0 0 0 1 0.04010330058655 0 0 0 0 0 0 0 0 0 0 0 0 0 0 
  INPUT ---       0 0 0 0;
  INPUT ---        0 0 0 0 0 0 1 0.0206820945059979 0 0 0 0 0 0 0 0 0 0 0 0 0 
  INPUT ---       0 0 0 0 0;
  INPUT ---        0 0 0 0 0 0 1 0.054918230087819 0 0 0 0 0 0 0 0 0 0 0 0 0 
  INPUT ---       0 0 0 0 0;
  INPUT ---        0 0 0 0 0 0 1 0.0879277557364401 0 0 0 0 0 0 0 0 0 0 0 0 0 
  INPUT ---       0 0 0 0 0;
  INPUT ---        0 0 0 0 0 0 1 0.0733113017934447 0 0 0 0 0 0 0 0 0 0 0 0 0 
  INPUT ---       0 0 0 0 0;
  INPUT ---        0 0 0 0 0 0 1 0.0785302039517285 0 0 0 0 0 0 0 0 0 0 0 0 0 
  INPUT ---       0 0 0 0 0;
  INPUT ---        0 0 0 0 0 0 1 0.0474808900748976 0 0 0 0 0 0 0 0 0 0 0 0 0 
  INPUT ---       0 0 0 0 0;
  INPUT ---        0 0 0 0 0 0 1 0.0746150243527953 0 0 0 0 0 0 0 0 0 0 0 0 0 
  INPUT ---       0 0 0 0 0;
  INPUT ---        0 0 0 0 0 0 1 0.0653219100102685 0 0 0 0 0 0 0 0 0 0 0 0 0 
  INPUT ---       0 0 0 0 0;
  INPUT ---        0 0 0 0 0 0 1 0.0656604289706052 0 0 0 0 0 0 0 0 0 0 0 0 0 
  INPUT ---       0 0 0 0 0;
  INPUT ---        0 0 0 0 0 0 1 0.109501305572734 0 0 0 0 0 0 0 0 0 0 0 0 0 
  INPUT ---       0 0 0 0 0;
  INPUT ---        0 0 0 0 0 0 0 0 1 0 0 0 0 0 0 0 0 0 0 0 0 0 0 0 0 0;
  INPUT ---        0 0 0 0 0 0 0 0 1 1 0 0 0 0 0 0 0 0 0 0 0 0 0 0 0 0;
  INPUT ---        0 0 0 0 0 0 0 0 1 0 1 0 0 0 0 0 0 0 0 0 0 0 0 0 0 0;
  INPUT ---        0 0 0 0 0 0 0 0 1 0 0 1 0 0 0 0 0 0 0 0 0 0 0 0 0 0;
  INPUT ---        0 0 0 0 0 0 0 0 1 0 0 0 1 0 0 0 0 0 0 0 0 0 0 0 0 0;

  Program  MARK  - Survival Rate Estimation with Capture-Recapture Data
   gfortran(Win64) Vers. 8.1 Mar 2016    5-Aug-2016 15:56:33    Page  008
 - - - - - - - - - - - - - - - - - - - - - - - - - - - - - - - - - - - - - -
 
  INPUT ---        0 0 0 0 0 0 0 0 1 0 0 0 0 1 0 0 0 0 0 0 0 0 0 0 0 0;
  INPUT ---        0 0 0 0 0 0 0 0 0 0 0 0 0 0 1 age.t1.8 0 0 0 0 0 0 0 0 0 0;
  INPUT ---        0 0 0 0 0 0 0 0 0 0 0 0 0 0 1 age.t4.6 0 0 0 0 0 0 0 0 0 0;
  INPUT ---        0 0 0 0 0 0 0 0 0 0 0 0 0 0 1 age.t7.9 0 0 0 0 0 0 0 0 0 0;
  INPUT ---        0 0 0 0 0 0 0 0 0 0 0 0 0 0 1 age.t11.367 0 0 0 0 0 0 0 0 
  INPUT ---       0 0;
  INPUT ---        0 0 0 0 0 0 0 0 0 0 0 0 0 0 1 age.t13.934 0 0 0 0 0 0 0 0 
  INPUT ---       0 0;
  INPUT ---        0 0 0 0 0 0 0 0 0 0 0 0 0 0 0 0 1 0 0 0 0 0 0 0 0 0;
  INPUT ---        0 0 0 0 0 0 0 0 0 0 0 0 0 0 0 0 1 1 0 0 0 0 0 0 0 0;
  INPUT ---        0 0 0 0 0 0 0 0 0 0 0 0 0 0 0 0 1 0 1 0 0 0 0 0 0 0;
  INPUT ---        0 0 0 0 0 0 0 0 0 0 0 0 0 0 0 0 1 0 0 1 0 0 0 0 0 0;
  INPUT ---        0 0 0 0 0 0 0 0 0 0 0 0 0 0 0 0 1 0 0 0 1 0 0 0 0 0;
  INPUT ---        0 0 0 0 0 0 0 0 0 0 0 0 0 0 0 0 0 0 0 0 0 1 0 0 0 0;
  INPUT ---        0 0 0 0 0 0 0 0 0 0 0 0 0 0 0 0 0 0 0 0 0 1 1 0 0 0;
  INPUT ---        0 0 0 0 0 0 0 0 0 0 0 0 0 0 0 0 0 0 0 0 0 1 0 1 0 0;
  INPUT ---        0 0 0 0 0 0 0 0 0 0 0 0 0 0 0 0 0 0 0 0 0 1 0 0 1 0;
  INPUT ---        0 0 0 0 0 0 0 0 0 0 0 0 0 0 0 0 0 0 0 0 0 1 0 0 0 1;
  INPUT ---        0 0 0 0 0 0 0 0 0 0 0 0 0 0 0 0 0 0 0 0 0 0 0 0 0 0;
  INPUT ---        0 0 0 0 0 0 0 0 0 0 0 0 0 0 0 0 0 0 0 0 0 0 0 0 0 0;

  INPUT ---    links=83;

  INPUT ---    Log;

  INPUT ---    Log;

  INPUT ---    Log;

  INPUT ---    Log;

  INPUT ---    Log;

  INPUT ---    Log;

  INPUT ---    Log;

  INPUT ---    Log;

  INPUT ---    Log;

  INPUT ---    Log;

  INPUT ---    Log;

  INPUT ---    Log;

  Program  MARK  - Survival Rate Estimation with Capture-Recapture Data
   gfortran(Win64) Vers. 8.1 Mar 2016    5-Aug-2016 15:56:33    Page  009
 - - - - - - - - - - - - - - - - - - - - - - - - - - - - - - - - - - - - - -
 

  INPUT ---    Log;

  INPUT ---    Log;

  INPUT ---    Log;

  INPUT ---    Log;

  INPUT ---    Log;

  INPUT ---    Log;

  INPUT ---    Log;

  INPUT ---    Log;

  INPUT ---    Log;

  INPUT ---    Log;

  INPUT ---    Log;

  INPUT ---    Log;

  INPUT ---    Log;

  INPUT ---    Log;

  INPUT ---    Log;

  INPUT ---    Log;

  INPUT ---    Log;

  INPUT ---    Log;

  INPUT ---    Log;

  INPUT ---    Log;

  INPUT ---    Log;

  INPUT ---    Log;

  INPUT ---    Log;

  Program  MARK  - Survival Rate Estimation with Capture-Recapture Data
   gfortran(Win64) Vers. 8.1 Mar 2016    5-Aug-2016 15:56:33    Page  010
 - - - - - - - - - - - - - - - - - - - - - - - - - - - - - - - - - - - - - -
 

  INPUT ---    Log;

  INPUT ---    Log;

  INPUT ---    Log;

  INPUT ---    Log;

  INPUT ---    Log;

  INPUT ---    Log;

  INPUT ---    Log;

  INPUT ---    Log;

  INPUT ---    Log;

  INPUT ---    Log;

  INPUT ---    Log;

  INPUT ---    Log;

  INPUT ---    Log;

  INPUT ---    Log;

  INPUT ---    Log;

  INPUT ---    Log;

  INPUT ---    Log;

  INPUT ---    Log;

  INPUT ---    Log;

  INPUT ---    Log;

  INPUT ---    Log;

  INPUT ---    Log;

  INPUT ---    Log;

  Program  MARK  - Survival Rate Estimation with Capture-Recapture Data
   gfortran(Win64) Vers. 8.1 Mar 2016    5-Aug-2016 15:56:33    Page  011
 - - - - - - - - - - - - - - - - - - - - - - - - - - - - - - - - - - - - - -
 

  INPUT ---    Log;

  INPUT ---    Log;

  INPUT ---    Log;

  INPUT ---    Log;

  INPUT ---    Log;

  INPUT ---    Log;

  INPUT ---    Log;

  INPUT ---    Log;

  INPUT ---    Logit;

  INPUT ---    Logit;

  INPUT ---    Logit;

  INPUT ---    Logit;

  INPUT ---    Logit;

  INPUT ---    Logit;

  INPUT ---    Logit;

  INPUT ---    Logit;

  INPUT ---    Logit;

  INPUT ---    Logit;

  INPUT ---    Logit;

  INPUT ---    Logit;

  INPUT ---    Logit;

  INPUT ---    Logit;

  INPUT ---    Logit;

  Program  MARK  - Survival Rate Estimation with Capture-Recapture Data
   gfortran(Win64) Vers. 8.1 Mar 2016    5-Aug-2016 15:56:33    Page  012
 - - - - - - - - - - - - - - - - - - - - - - - - - - - - - - - - - - - - - -
 

  INPUT ---    Logit;

  INPUT ---    Logit;
  INPUT ---       blabel(1)=alpha:(Intercept);
  INPUT ---       blabel(2)=alpha:captive;
  INPUT ---       blabel(3)=alpha:age.t;
  INPUT ---       blabel(4)=alpha:sex;
  INPUT ---       blabel(5)=alpha:effort.trapdays;
  INPUT ---       blabel(6)=alpha:recordloss.agout.total;
  INPUT ---       blabel(7)=sigma:(Intercept);
  INPUT ---       blabel(8)=sigma:recordloss.agout.var;
  INPUT ---       blabel(9)=U:(Intercept);
  INPUT ---       blabel(10)=U:sample_monthB;
  INPUT ---       blabel(11)=U:sample_monthC;
  INPUT ---       blabel(12)=U:sample_monthD;
  INPUT ---       blabel(13)=U:sample_monthE;
  INPUT ---       blabel(14)=U:sample_monthF;
  INPUT ---       blabel(15)=Phi:(Intercept);
  INPUT ---       blabel(16)=Phi:age.t;
  INPUT ---       blabel(17)=GammaDoublePrime:(Intercept);
  INPUT ---       blabel(18)=GammaDoublePrime:sample_monthB;
  INPUT ---       blabel(19)=GammaDoublePrime:sample_monthC;
  INPUT ---       blabel(20)=GammaDoublePrime:sample_monthD;
  INPUT ---       blabel(21)=GammaDoublePrime:sample_monthE;
  INPUT ---       blabel(22)=GammaPrime:(Intercept);
  INPUT ---       blabel(23)=GammaPrime:sample_monthB;
  INPUT ---       blabel(24)=GammaPrime:sample_monthC;
  INPUT ---       blabel(25)=GammaPrime:sample_monthD;
  INPUT ---       blabel(26)=GammaPrime:sample_monthE;
  INPUT ---       rlabel(1)=alpha g1 a0 t1;
  INPUT ---       rlabel(2)=alpha g1 a0.2 t1.2;
  INPUT ---       rlabel(3)=alpha g1 a0.4 t1.4;
  INPUT ---       rlabel(4)=alpha g1 a0.6 t1.6;
  INPUT ---       rlabel(5)=alpha g1 a0.8 t1.8;
  INPUT ---       rlabel(6)=alpha g1 a2.8 t3.8;
  INPUT ---       rlabel(7)=alpha g1 a3 t4;
  INPUT ---       rlabel(8)=alpha g1 a3.2 t4.2;
  INPUT ---       rlabel(9)=alpha g1 a3.4 t4.4;
  INPUT ---       rlabel(10)=alpha g1 a3.6 t4.6;
  INPUT ---       rlabel(11)=alpha g1 a6.1 t7.1;
  INPUT ---       rlabel(12)=alpha g1 a6.3 t7.3;
  INPUT ---       rlabel(13)=alpha g1 a6.5 t7.5;
  INPUT ---       rlabel(14)=alpha g1 a6.7 t7.7;
  INPUT ---       rlabel(15)=alpha g1 a6.9 t7.9;
  INPUT ---       rlabel(16)=alpha g1 a9.567 t10.567;

  Program  MARK  - Survival Rate Estimation with Capture-Recapture Data
   gfortran(Win64) Vers. 8.1 Mar 2016    5-Aug-2016 15:56:33    Page  013
 - - - - - - - - - - - - - - - - - - - - - - - - - - - - - - - - - - - - - -
 
  INPUT ---       rlabel(17)=alpha g1 a9.767 t10.767;
  INPUT ---       rlabel(18)=alpha g1 a9.967 t10.967;
  INPUT ---       rlabel(19)=alpha g1 a10.167 t11.167;
  INPUT ---       rlabel(20)=alpha g1 a10.367 t11.367;
  INPUT ---       rlabel(21)=alpha g1 a12.134 t13.134;
  INPUT ---       rlabel(22)=alpha g1 a12.334 t13.334;
  INPUT ---       rlabel(23)=alpha g1 a12.534 t13.534;
  INPUT ---       rlabel(24)=alpha g1 a12.734 t13.734;
  INPUT ---       rlabel(25)=alpha g1 a12.934 t13.934;
  INPUT ---       rlabel(26)=alpha g1 a16.101 t17.101;
  INPUT ---       rlabel(27)=alpha g1 a16.301 t17.301;
  INPUT ---       rlabel(28)=alpha g1 a16.501 t17.501;
  INPUT ---       rlabel(29)=alpha g1 a16.701 t17.701;
  INPUT ---       rlabel(30)=alpha g1 a16.901 t17.901;
  INPUT ---       rlabel(31)=sigma g1 a0 t1;
  INPUT ---       rlabel(32)=sigma g1 a0.2 t1.2;
  INPUT ---       rlabel(33)=sigma g1 a0.4 t1.4;
  INPUT ---       rlabel(34)=sigma g1 a0.6 t1.6;
  INPUT ---       rlabel(35)=sigma g1 a0.8 t1.8;
  INPUT ---       rlabel(36)=sigma g1 a2.8 t3.8;
  INPUT ---       rlabel(37)=sigma g1 a3 t4;
  INPUT ---       rlabel(38)=sigma g1 a3.2 t4.2;
  INPUT ---       rlabel(39)=sigma g1 a3.4 t4.4;
  INPUT ---       rlabel(40)=sigma g1 a3.6 t4.6;
  INPUT ---       rlabel(41)=sigma g1 a6.1 t7.1;
  INPUT ---       rlabel(42)=sigma g1 a6.3 t7.3;
  INPUT ---       rlabel(43)=sigma g1 a6.5 t7.5;
  INPUT ---       rlabel(44)=sigma g1 a6.7 t7.7;
  INPUT ---       rlabel(45)=sigma g1 a6.9 t7.9;
  INPUT ---       rlabel(46)=sigma g1 a9.567 t10.567;
  INPUT ---       rlabel(47)=sigma g1 a9.767 t10.767;
  INPUT ---       rlabel(48)=sigma g1 a9.967 t10.967;
  INPUT ---       rlabel(49)=sigma g1 a10.167 t11.167;
  INPUT ---       rlabel(50)=sigma g1 a10.367 t11.367;
  INPUT ---       rlabel(51)=sigma g1 a12.134 t13.134;
  INPUT ---       rlabel(52)=sigma g1 a12.334 t13.334;
  INPUT ---       rlabel(53)=sigma g1 a12.534 t13.534;
  INPUT ---       rlabel(54)=sigma g1 a12.734 t13.734;
  INPUT ---       rlabel(55)=sigma g1 a12.934 t13.934;
  INPUT ---       rlabel(56)=sigma g1 a16.101 t17.101;
  INPUT ---       rlabel(57)=sigma g1 a16.301 t17.301;
  INPUT ---       rlabel(58)=sigma g1 a16.501 t17.501;
  INPUT ---       rlabel(59)=sigma g1 a16.701 t17.701;
  INPUT ---       rlabel(60)=sigma g1 a16.901 t17.901;
  INPUT ---       rlabel(61)=U g1 a0 t1;
  INPUT ---       rlabel(62)=U g1 a2.8 t3.8;

  Program  MARK  - Survival Rate Estimation with Capture-Recapture Data
   gfortran(Win64) Vers. 8.1 Mar 2016    5-Aug-2016 15:56:33    Page  014
 - - - - - - - - - - - - - - - - - - - - - - - - - - - - - - - - - - - - - -
 
  INPUT ---       rlabel(63)=U g1 a6.1 t7.1;
  INPUT ---       rlabel(64)=U g1 a9.567 t10.567;
  INPUT ---       rlabel(65)=U g1 a12.134 t13.134;
  INPUT ---       rlabel(66)=U g1 a16.101 t17.101;
  INPUT ---       rlabel(67)=Phi g1 c1 a0.8 t1.8;
  INPUT ---       rlabel(68)=Phi g1 c1 a3.6 t4.6;
  INPUT ---       rlabel(69)=Phi g1 c1 a6.9 t7.9;
  INPUT ---       rlabel(70)=Phi g1 c1 a10.367 t11.367;
  INPUT ---       rlabel(71)=Phi g1 c1 a12.934 t13.934;
  INPUT ---       rlabel(72)=Gamma'' g1 c1 a0.8 t1.8;
  INPUT ---       rlabel(73)=Gamma'' g1 c1 a3.6 t4.6;
  INPUT ---       rlabel(74)=Gamma'' g1 c1 a6.9 t7.9;
  INPUT ---       rlabel(75)=Gamma'' g1 c1 a10.367 t11.367;
  INPUT ---       rlabel(76)=Gamma'' g1 c1 a12.934 t13.934;
  INPUT ---       rlabel(77)=Gamma' g1 c1 a0.8 t1.8;
  INPUT ---       rlabel(78)=Gamma' g1 c1 a3.6 t4.6;
  INPUT ---       rlabel(79)=Gamma' g1 c1 a6.9 t7.9;
  INPUT ---       rlabel(80)=Gamma' g1 c1 a10.367 t11.367;
  INPUT ---       rlabel(81)=Gamma' g1 c1 a12.934 t13.934;
  INPUT ---       rlabel(82)=Phi g1 c1 a0 t1;
  INPUT ---       rlabel(83)=Gamma'' g1 c1 a0 t1;

 Link Function Used is PARM-SPECIFIC

 Variance Estimation Procedure Used is 2ndPart 

 M(t+1):
 Group=Group 1                                                                         
       3      3      3      2      3      5      5      5      2      5      5
       4      4      4      4     10      7      7      7      5      5      5
       5      3      4      5      5      5      4      5


 -2logL(saturated) = -0.0000000    
 Effective Sample Size = 169
 Results from first iteration:
  -2logL Initial { alpha(~1 + captive + age.t + sex + effort.trapdays + recordloss.agout.total)sigma(~1 + recordloss.agout.var)U(~sample_month)Phi(~1 + age.t)Gamma''(~1 + sample_m } = 1138.4459     
  Penalty Initial { alpha(~1 + captive + age.t + sex + effort.trapdays + recordloss.agout.total)sigma(~1 + recordloss.agout.var)U(~sample_month)Phi(~1 + age.t)Gamma''(~1 + sample_m } = -0.0000000    

 Number of function evaluations was 63 for 26 parameters.
 Time for numerical optimization was 11.22 seconds.
 -2logL { alpha(~1 + captive + age.t + sex + effort.trapdays + recordloss.agout.total)sigma(~1 + recordloss.agout.var)U(~sample_month)Phi(~1 + age.t)Gamma''(~1 + sample_m } = 1041.5243     
 Penalty { alpha(~1 + captive + age.t + sex + effort.trapdays + recordloss.agout.total)sigma(~1 + recordloss.agout.var)U(~sample_month)Phi(~1 + age.t)Gamma''(~1 + sample_m } = -0.0000000    

   * *  WARNING  * *   Numerical underflow occurred during optimization of this model. 

  Program  MARK  - Survival Rate Estimation with Capture-Recapture Data
   gfortran(Win64) Vers. 8.1 Mar 2016    5-Aug-2016 15:56:41    Page  015
 - - - - - - - - - - - - - - - - - - - - - - - - - - - - - - - - - - - - - -
 
     IEEE flag status at end of optimization:
     overflow       F
     divide by zero F
     invalid        F
     underflow      T
     inexact        T

 Gradient { alpha(~1 + captive + age.t + sex + effort.trapdays + recordloss.agout.total)sigma(~1 + recordloss.agout.var)U(~sample_month)Phi(~1 + age.t)Gamma''(~1 + sample_m }:
 -0.3512648E-04 0.1455218E-02 0.1553459E-02 0.1184325E-02 0.1044361E-02
  0.4628596E-03 0.9152842E-03 0.4650836E-04-0.5797326E-04-0.1672557E-04
  0.3058691E-04-0.1188857E-04 0.3322397E-04 0.1346380E-04 0.9067845E-03
  0.5718506E-03 0.1344931E-05  0.000000      0.000000     0.1465034E-05
   0.000000      0.000000      0.000000      0.000000      0.000000    
   0.000000    
 S Vector { alpha(~1 + captive + age.t + sex + effort.trapdays + recordloss.agout.total)sigma(~1 + recordloss.agout.var)U(~sample_month)Phi(~1 + age.t)Gamma''(~1 + sample_m }:
   6629.192      392.5961      305.3901      269.8797      241.0101    
   220.9475      126.5915      55.76633      34.34023      27.46348    
   9.838224      8.199928      4.406683      2.524997      1.600000    
  0.6788468     0.7706919E-01 0.2842171E-05 0.2842171E-05 0.2842171E-05
  0.2842171E-05 0.5521830E-06 0.3763331E-06 0.2768602E-06 0.2736355E-07
  0.8106035E-08
 Time to compute number of parameters was 6.98 seconds.
   Threshold =  0.5400000E-06     Condition index =  0.1222779E-11     New Threshold =  0.4133283E-07
 New Guessimate of Estimated Parameters { alpha(~1 + captive + age.t + sex + effort.trapdays + recordloss.agout.total)sigma(~1 + recordloss.agout.var)U(~sample_month)Phi(~1 + age.t)Gamma''(~1 + sample_m } = 17          
 Conditioned S Vector { alpha(~1 + captive + age.t + sex + effort.trapdays + recordloss.agout.total)sigma(~1 + recordloss.agout.var)U(~sample_month)Phi(~1 + age.t)Gamma''(~1 + sample_m }:
   1.000000     0.5922232E-01 0.4606747E-01 0.4071080E-01 0.3635588E-01
  0.3332947E-01 0.1909607E-01 0.8412237E-02 0.5180154E-02 0.4142810E-02
  0.1484076E-02 0.1236942E-02 0.6647391E-03 0.3808906E-03 0.2413567E-03
  0.1024027E-03 0.1162573E-04 0.4287357E-09 0.4287357E-09 0.4287357E-09
  0.4287357E-09 0.8329568E-10 0.5676907E-10 0.4176379E-10 0.4127735E-11
  0.1222779E-11
 Number of Estimated Parameters { alpha(~1 + captive + age.t + sex + effort.trapdays + recordloss.agout.total)sigma(~1 + recordloss.agout.var)U(~sample_month)Phi(~1 + age.t)Gamma''(~1 + sample_m } = 17          
 DEVIANCE { alpha(~1 + captive + age.t + sex + effort.trapdays + recordloss.agout.total)sigma(~1 + recordloss.agout.var)U(~sample_month)Phi(~1 + age.t)Gamma''(~1 + sample_m } = 1041.5243                     
 DEVIANCE Degrees of Freedom { alpha(~1 + captive + age.t + sex + effort.trapdays + recordloss.agout.total)sigma(~1 + recordloss.agout.var)U(~sample_month)Phi(~1 + age.t)Gamma''(~1 + sample_m } = -3            
 c-hat { alpha(~1 + captive + age.t + sex + effort.trapdays + recordloss.agout.total)sigma(~1 + recordloss.agout.var)U(~sample_month)Phi(~1 + age.t)Gamma''(~1 + sample_m } = 1.0000000                     
 AIC { alpha(~1 + captive + age.t + sex + effort.trapdays + recordloss.agout.total)sigma(~1 + recordloss.agout.var)U(~sample_month)Phi(~1 + age.t)Gamma''(~1 + sample_m } = 1075.5243                  
 AICc { alpha(~1 + captive + age.t + sex + effort.trapdays + recordloss.agout.total)sigma(~1 + recordloss.agout.var)U(~sample_month)Phi(~1 + age.t)Gamma''(~1 + sample_m } = 1079.5772                    
 BIC { alpha(~1 + captive + age.t + sex + effort.trapdays + recordloss.agout.total)sigma(~1 + recordloss.agout.var)U(~sample_month)Phi(~1 + age.t)Gamma''(~1 + sample_m } = 1128.7325                    
 Pearson Chisquare { alpha(~1 + captive + age.t + sex + effort.trapdays + recordloss.agout.total)sigma(~1 + recordloss.agout.var)U(~sample_month)Phi(~1 + age.t)Gamma''(~1 + sample_m } = 0.1100602E+033             

   * *  WARNING  * *   Numerical underflow occurred during variance-covariance calculation of this model. 
     IEEE flag status at end of variance-covariance calculation:
     overflow       F
     divide by zero F
     invalid        F
     underflow      T
     inexact        T



 PARM-SPECIFIC Link Function Parameters of { alpha(~1 + captive + age.t + sex + effort.trapdays + recordloss.agout.total)sigma(~1 + recordloss.agout.var)U(~sample_month)Phi(~1 + age.t)Gamma''(~1 + sample_m }
                                                              95% Confidence Interval
 Parameter                    Beta         Standard Error      Lower           Upper
 -------------------------  --------------  --------------  --------------  --------------
    1:alpha:(Intercept)     0.2945997       0.4148007       -0.5184097      1.1076091     
    2:alpha:captive         0.2499772       0.1107785       0.0328513       0.4671031     
    3:alpha:age.t           0.1855652       0.1609618       -0.1299200      0.5010504     
    4:alpha:sex             0.5166889       0.2067995       0.1113620       0.9220159     
    5:alpha:effort.trapday  0.0036361       0.0018420       0.2577477E-004  0.0072465     
    6:alpha:recordloss.ago  -3.1263895      0.5837634       -4.2705658      -1.9822132    
    7:sigma:(Intercept)     -1.0121912      0.2226209       -1.4485283      -0.5758542    
    8:sigma:recordloss.ago  5.3555402       3.5907110       -1.6822535      12.393334     
    9:U:(Intercept)         2.5298396       0.1391715       2.2570635       2.8026158     
   10:U:sample_monthB       0.3594374       0.1295625       0.1054949       0.6133800     
   11:U:sample_monthC       0.4867386       0.1494874       0.1937433       0.7797338     
   12:U:sample_monthD       0.9125406       0.1476528       0.6231411       1.2019401     

  Program  MARK  - Survival Rate Estimation with Capture-Recapture Data
   gfortran(Win64) Vers. 8.1 Mar 2016    5-Aug-2016 15:56:45    Page  016
 - - - - - - - - - - - - - - - - - - - - - - - - - - - - - - - - - - - - - -
 
   13:U:sample_monthE       0.3687325       0.1707587       0.0340455       0.7034196     
   14:U:sample_monthF       0.6887784       0.1750725       0.3456363       1.0319204     
   15:Phi:(Intercept)       0.1534371       0.8134958       -1.4410146      1.7478889     
   16:Phi:age.t             2.3399264       0.9660559       0.4464568       4.2333959     
   17:GammaDoublePrime:(In  -15.905976      1343.8407       -2649.8339      2618.0219     
   18:GammaDoublePrime:sam  -5.1445446      5916.4795       -11601.445      11591.155     
   19:GammaDoublePrime:sam  -5.1450257      1733.2868       -3402.3873      3392.0972     
   20:GammaDoublePrime:sam  14.520029       1343.8410       -2619.4085      2648.4485     
   21:GammaDoublePrime:sam  -5.1450317      1733.2885       -3402.3906      3392.1005     
   22:GammaPrime:(Intercep  17.724958       0.0000000       17.724958       17.724958     
   23:GammaPrime:sample_mo  0.0000000       593.16416       -1162.6018      1162.6018     
   24:GammaPrime:sample_mo  0.0000000       593.16416       -1162.6018      1162.6018     
   25:GammaPrime:sample_mo  0.0000000       593.16416       -1162.6018      1162.6018     
   26:GammaPrime:sample_mo  0.0000000       593.16416       -1162.6018      1162.6018     


 Real Function Parameters of { alpha(~1 + captive + age.t + sex + effort.trapdays + recordloss.agout.total)sigma(~1 + recordloss.agout.var)U(~sample_month)Phi(~1 + age.t)Gamma''(~1 + sample_m }

  Program  MARK  - Survival Rate Estimation with Capture-Recapture Data
   gfortran(Win64) Vers. 8.1 Mar 2016    5-Aug-2016 15:56:45    Page  017
 - - - - - - - - - - - - - - - - - - - - - - - - - - - - - - - - - - - - - -
 

      Following estimates based on unstandardized individual covariate values:
          Variable   Value         
          ---------  ------------- 
          CAPTIVE    0.2142857     
          AGE.T1     1.0000000     
          AGE.T1.2   1.0000000     
          AGE.T1.4   1.0000000     
          AGE.T1.6   1.0000000     
          AGE.T1.8   1.0000000     
          AGE.T3.8   1.0000000     
          AGE.T4     1.0000000     
          AGE.T4.2   1.0000000     
          AGE.T4.4   1.0000000     
          AGE.T4.6   1.0000000     
          AGE.T7.1   0.8333333     
          AGE.T7.3   0.8333333     
          AGE.T7.5   0.8333333     
          AGE.T7.7   0.8333333     
          AGE.T7.9   0.8333333     
          AGE.T10.56 0.6666667     
          AGE.T10.76 0.6666667     
          AGE.T10.96 0.6666667     
          AGE.T11.16 0.6666667     
          AGE.T11.36 0.6666667     
          AGE.T13.13 1.0000000     
          AGE.T13.33 1.0000000     
          AGE.T13.53 1.0000000     
          AGE.T13.73 1.0000000     
          AGE.T13.93 1.0000000     
          AGE.T17.10 0.9230769     
          AGE.T17.30 0.9230769     
          AGE.T17.50 0.9230769     
          AGE.T17.70 0.9230769     
          AGE.T17.90 0.9230769     
          SEX        0.8461538     
                                                               95% Confidence Interval
  Parameter                  Estimate       Standard Error      Lower           Upper
 --------------------------  --------------  --------------  --------------  --------------
     1:alpha g1 a0 t1        2.0924685       0.3006735       1.5811359       2.7691638                           
     2:alpha g1 a0.2 t1.2    2.5115115       0.3351093       1.9357913       3.2584556                           
     3:alpha g1 a0.4 t1.4    3.1122238       0.3371718       2.5183763       3.8461038                           
     4:alpha g1 a0.6 t1.6    2.4258950       0.2549125       1.9754759       2.9790121                           
     5:alpha g1 a0.8 t1.8    2.3631689       0.2650234       1.8981523       2.9421071                           
     6:alpha g1 a2.8 t3.8    3.4441910       0.3431221       2.8346231       4.1848425                           
     7:alpha g1 a3 t4        3.2747969       0.3171366       2.7098387       3.9575400                           
     8:alpha g1 a3.2 t4.2    2.4520657       0.2411288       2.0231461       2.9719190                           
     9:alpha g1 a3.4 t4.4    3.2446994       0.3559064       2.6186936       4.0203534                           
    10:alpha g1 a3.6 t4.6    3.1565713       0.3009791       2.6196039       3.8036066                           

  Program  MARK  - Survival Rate Estimation with Capture-Recapture Data
   gfortran(Win64) Vers. 8.1 Mar 2016    5-Aug-2016 15:56:45    Page  018
 - - - - - - - - - - - - - - - - - - - - - - - - - - - - - - - - - - - - - -
 
    11:alpha g1 a6.1 t7.1    3.3045927       0.2917842       2.7803806       3.9276396                           
    12:alpha g1 a6.3 t7.3    3.0906676       0.2371164       2.6597609       3.5913852                           
    13:alpha g1 a6.5 t7.5    2.5250726       0.2092078       2.1471839       2.9694670                           
    14:alpha g1 a6.7 t7.7    3.6723398       0.3376787       3.0678667       4.3959143                           
    15:alpha g1 a6.9 t7.9    3.1840562       0.2547644       2.7225842       3.7237467                           
    16:alpha g1 a9.567 t10.  2.6890391       0.2174009       2.2955711       3.1499487                           
    17:alpha g1 a9.767 t10.  2.8573619       0.2359810       2.4310013       3.3584997                           
    18:alpha g1 a9.967 t10.  2.6773845       0.2165211       2.2855179       3.1364391                           
    19:alpha g1 a10.167 t11  2.2436086       0.2002875       1.8841240       2.6716817                           
    20:alpha g1 a10.367 t11  2.1303534       0.2020677       1.7696727       2.5645452                           
    21:alpha g1 a12.134 t13  3.5811361       0.3688758       2.9280078       4.3799526                           
    22:alpha g1 a12.334 t13  2.7546585       0.2442688       2.3159757       3.2764347                           
    23:alpha g1 a12.534 t13  2.5247833       0.2645805       2.0571486       3.0987216                           
    24:alpha g1 a12.734 t13  2.2403951       0.2517000       1.7988429       2.7903327                           
    25:alpha g1 a12.934 t13  2.0070687       0.2402374       1.5886835       2.5356372                           
    26:alpha g1 a16.101 t17  3.4064828       0.3335867       2.8128583       4.1253855                           
    27:alpha g1 a16.301 t17  2.2767969       0.2307970       1.8674868       2.7758183                           
    28:alpha g1 a16.501 t17  2.8741761       0.2839073       2.3693832       3.4865143                           
    29:alpha g1 a16.701 t17  2.1372824       0.2406877       1.7151609       2.6632930                           
    30:alpha g1 a16.901 t17  2.8395891       0.2804851       2.3408799       3.4445450                           
    31:sigma g1 a0 t1        0.4600247       0.0636687       0.3511792       0.6026062                           
    32:sigma g1 a0.2 t1.2    0.3913415       0.0728281       0.2725788       0.5618492                           
    33:sigma g1 a0.4 t1.4    0.3939189       0.0721491       0.2759209       0.5623789                           
    34:sigma g1 a0.6 t1.6    0.4587766       0.0636050       0.3500655       0.6012474                           
    35:sigma g1 a0.8 t1.8    0.4536060       0.0634524       0.3452893       0.5959014                           
    36:sigma g1 a2.8 t3.8    0.4347885       0.0643216       0.3258606       0.5801285                           
    37:sigma g1 a3 t4        0.3928613       0.0724258       0.2745508       0.5621546                           
    38:sigma g1 a3.2 t4.2    0.4030398       0.0698810       0.2876413       0.5647350                           
    39:sigma g1 a3.4 t4.4    0.3709364       0.0786348       0.2459400       0.5594607                           
    40:sigma g1 a3.6 t4.6    0.4501033       0.0634488       0.3419087       0.5925352                           
    41:sigma g1 a6.1 t7.1    0.3835407       0.0749679       0.2624142       0.5605774                           
    42:sigma g1 a6.3 t7.3    0.3876226       0.0738333       0.2677404       0.5611827                           
    43:sigma g1 a6.5 t7.5    0.4331789       0.0644917       0.3240649       0.5790321                           
    44:sigma g1 a6.7 t7.7    0.4025546       0.0699958       0.2870229       0.5645896                           
    45:sigma g1 a6.9 t7.9    0.4180520       0.0667226       0.3063560       0.5704719                           
    46:sigma g1 a9.567 t10.  0.4781137       0.0657920       0.3655495       0.6253399                           
    47:sigma g1 a9.767 t10.  0.4682239       0.0643510       0.3581064       0.6122023                           
    48:sigma g1 a9.967 t10.  0.4102951       0.0682538       0.2967967       0.5671966                           
    49:sigma g1 a10.167 t11  0.5190793       0.0786045       0.3864233       0.6972751                           
    50:sigma g1 a10.367 t11  0.4504914       0.0634453       0.3422889       0.5928982                           
    51:sigma g1 a12.134 t13  0.4059897       0.0691986       0.2913851       0.5656694                           
    52:sigma g1 a12.334 t13  0.4876904       0.0678286       0.3718112       0.6396848                           
    53:sigma g1 a12.534 t13  0.5819966       0.1143493       0.3974263       0.8522841                           
    54:sigma g1 a12.734 t13  0.5381760       0.0877888       0.3917256       0.7393783                           
    55:sigma g1 a12.934 t13  0.5534302       0.0962704       0.3945426       0.7763041                           
    56:sigma g1 a16.101 t17  0.4686470       0.0643988       0.3584454       0.6127294                           

  Program  MARK  - Survival Rate Estimation with Capture-Recapture Data
   gfortran(Win64) Vers. 8.1 Mar 2016    5-Aug-2016 15:56:45    Page  019
 - - - - - - - - - - - - - - - - - - - - - - - - - - - - - - - - - - - - - -
 
    57:sigma g1 a16.301 t17  0.5419468       0.0897983       0.3925251       0.7482485                           
    58:sigma g1 a16.501 t17  0.5156345       0.0771412       0.3852123       0.6902141                           
    59:sigma g1 a16.701 t17  0.5165702       0.0775324       0.3855497       0.6921150                           
    60:sigma g1 a16.901 t17  0.6532780       0.1683040       0.3974775       1.0737011                           
    61:U g1 a0 t1            12.551493       1.7468105       9.5674873       16.466182                           
    62:U g1 a2.8 t3.8        17.980306       1.9709347       14.513371       22.275419                           
    63:U g1 a6.1 t7.1        20.421295       1.6943024       17.361253       24.020691                           
    64:U g1 a9.567 t10.567   31.261279       2.3510302       26.982395       36.218711                           
    65:U g1 a12.134 t13.134  18.148214       1.6901829       15.126181       21.774015                           
    66:U g1 a16.101 t17.101  24.993555       2.3958807       20.721297       30.146656                           
    67:Phi g1 c1 a0.8 t1.8   0.9236753       0.0367315       0.8133863       0.9710993                           
    68:Phi g1 c1 a3.6 t4.6   0.9236753       0.0367315       0.8133863       0.9710993                           
    69:Phi g1 c1 a6.9 t7.9   0.8912308       0.0440930       0.7706277       0.9523429                           
    70:Phi g1 c1 a10.367 t1  0.8472752       0.0570203       0.7005064       0.9293709                           
    71:Phi g1 c1 a12.934 t1  0.9236753       0.0367315       0.8133863       0.9710993                           
    72:Gamma'' g1 c1 a0.8 t  0.1236296E-006  0.1661384E-003  0.1218948E-310  1.0000000                           
    73:Gamma'' g1 c1 a3.6 t  0.7209001E-009  0.4431934E-005  -.8685871E-005  0.8687312E-005                      
    74:Gamma'' g1 c1 a6.9 t  0.7205534E-009  0.1525462E-005  -.2989184E-005  0.2990625E-005                      
    75:Gamma'' g1 c1 a10.36  0.2000556       0.1789227       0.0271912       0.6911283                           
    76:Gamma'' g1 c1 a12.93  0.7205490E-009  0.1525453E-005  -.2989168E-005  0.2990609E-005                      
    77:Gamma' g1 c1 a0.8 t1  1.0000000       0.0000000       1.0000000       1.0000000                           
    78:Gamma' g1 c1 a3.6 t4  1.0000000       0.1189388E-004  0.4917157E-296  1.0000000                           
    79:Gamma' g1 c1 a6.9 t7  1.0000000       0.1189388E-004  0.4917157E-296  1.0000000                           
    80:Gamma' g1 c1 a10.367  1.0000000       0.1189388E-004  0.4917157E-296  1.0000000                           
    81:Gamma' g1 c1 a12.934  1.0000000       0.1189388E-004  0.4917157E-296  1.0000000                           
    82:Phi g1 c1 a0 t1       1.0000000       0.0000000       1.0000000       1.0000000       Fixed               
    83:Gamma'' g1 c1 a0 t1   0.0000000       0.0000000       0.0000000       0.0000000       Fixed               

  Program  MARK  - Survival Rate Estimation with Capture-Recapture Data
   gfortran(Win64) Vers. 8.1 Mar 2016    5-Aug-2016 15:56:45    Page  020
 - - - - - - - - - - - - - - - - - - - - - - - - - - - - - - - - - - - - - -
 


                      Estimates of Derived Parameters
 Population Estimates of { alpha(~1 + captive + age.t + sex + effort.trapdays + recordloss.agout.total)sigma(~1 + recordloss.agout.var)U(~sample_month)Phi(~1 + age.t)Gamma''(~1 + sample_m }
                                                95% Confidence Interval
 Grp. Occ.   N-hat           Standard Error      Lower           Upper
 ---- ----   --------------  --------------  --------------  --------------
   1     1   15.551493       1.7468114       12.487032       19.368009     
   1     2   15.551493       1.7468114       12.487032       19.368009     
   1     3   15.551493       1.7468114       12.487032       19.368009     
   1     4   14.709490       1.7785744       11.615751       18.627216     
   1     5   15.551493       1.7468114       12.487032       19.368009     
   1     6   22.980306       1.9709354       19.430492       27.178646     
   1     7   22.980306       1.9709354       19.430492       27.178646     
   1     8   22.980306       1.9709354       19.430492       27.178646     
   1     9   20.092654       1.9967250       16.544535       24.401696     
   1    10   22.980306       1.9709354       19.430492       27.178646     
   1    11   25.656777       1.7282117       22.486918       29.273474     
   1    12   24.642938       1.7277647       21.482515       28.268309     
   1    13   24.801616       1.7407866       21.617614       28.454581     
   1    14   24.587182       1.7241122       21.433472       28.204926     
   1    15   24.667769       1.7308904       21.501804       28.299896     
   1    16   39.103214       2.4649825       34.562627       44.240310     
   1    17   38.906825       2.4312312       34.425977       43.970895     
   1    18   39.053136       2.4641704       34.514314       44.188837     
   1    19   39.459996       2.4891096       34.875154       44.647581     
   1    20   37.247855       2.4840047       32.688712       42.442868     
   1    21   22.356688       1.7248301       19.223525       26.000513     
   1    22   23.674419       1.7552843       20.476433       27.371863     
   1    23   23.767084       1.7733910       20.537620       27.504370     
   1    24   21.573925       1.7451770       18.415521       25.274020     
   1    25   22.968046       1.7888143       19.721008       26.749703     
   1    26   30.288571       2.4444040       25.863884       35.470215     
   1    27   30.750052       2.4917308       26.241161       36.033683     
   1    28   30.458121       2.4668891       25.994010       35.688881     
   1    29   29.709199       2.4921027       25.212345       35.008108     
   1    30   30.564462       2.4729015       26.089094       35.807542     
 Mean Resighting Rate Estimates of { alpha(~1 + captive + age.t + sex + effort.trapdays + recordloss.agout.total)sigma(~1 + recordloss.agout.var)U(~sample_month)Phi(~1 + age.t)Gamma''(~1 + sample_m }
                                                95% Confidence Interval
 Grp. Occ.   Lambda-hat      Standard Error      Lower           Upper
 ---- ----   --------------  --------------  --------------  --------------
   1     1   2.3260134       0.3230083       1.7740653       3.0496839     
   1     2   2.7113830       0.3452374       2.1146661       3.4764815     
   1     3   3.3633031       0.3394010       2.7611158       4.0968249     
   1     4   2.6951086       0.2642404       2.2249420       3.2646291     
   1     5   2.6192360       0.2765095       2.1308927       3.2194946     
   1     6   3.7856195       0.3512628       3.1573507       4.5389051     
   1     7   3.5375198       0.3146377       2.9726114       4.2097821     
   1     8   2.6595352       0.2430214       2.2242591       3.1799926     
   1     9   3.4757823       0.3545442       2.8474066       4.2428303     

  Program  MARK  - Survival Rate Estimation with Capture-Recapture Data
   gfortran(Win64) Vers. 8.1 Mar 2016    5-Aug-2016 15:56:45    Page  021
 - - - - - - - - - - - - - - - - - - - - - - - - - - - - - - - - - - - - - -
 
   1    10   3.4930766       0.3094251       2.9373287       4.1539731     
   1    11   3.9346918       0.2838784       3.4164666       4.5315237     
   1    12   3.5654955       0.2294945       3.1433127       4.0443822     
   1    13   3.2209272       0.2074173       2.8393700       3.6537585     
   1    14   4.6993389       0.3417833       4.0757665       5.4183147     
   1    15   4.4111417       0.2552781       3.9385033       4.9404989     
   1    16   3.5302759       0.2100040       3.1420808       3.9664313     
   1    17   4.1025841       0.2350094       3.6672196       4.5896342     
   1    18   3.6912092       0.2158786       3.2917596       4.1391313     
   1    19   3.1822362       0.2010884       2.8118802       3.6013722     
   1    20   2.8715598       0.2091678       2.4899820       3.3116126     
   1    21   5.3180982       0.3990390       4.5917223       6.1593812     
   1    22   3.4648102       0.2371731       3.0302610       3.9616752     
   1    23   3.3422702       0.2670387       2.8585097       3.9079000     
   1    24   3.1620005       0.2546103       2.7010400       3.7016287     
   1    25   4.0024959       0.2874879       3.4775151       4.6067302     
   1    26   4.1781966       0.3390747       3.5647007       4.8972769     
   1    27   2.6369495       0.2129527       2.2514979       3.0883895     
   1    28   3.8289051       0.2833398       3.3126101       4.4256685     
   1    29   3.0800742       0.2486771       2.6299515       3.6072366     
   1    30   4.0504123       0.3862891       3.3612598       4.8808605     
 Pr(Captured 1 or more times) of { alpha(~1 + captive + age.t + sex + effort.trapdays + recordloss.agout.total)sigma(~1 + recordloss.agout.var)U(~sample_month)Phi(~1 + age.t)Gamma''(~1 + sample_m }
                                                95% Confidence Interval
 Grp. Occ.      p*-hat       Standard Error      Lower           Upper
 ---- ----   --------------  --------------  --------------  --------------
   1     1   0.2955341       0.0103667       0.2756284       0.3162497     
   1     2   0.3088953       0.0080271       0.2933876       0.3248458     
   1     3   0.3185703       0.0051156       0.3086287       0.3286799     
   1     4   0.4633927       0.0107976       0.4423078       0.4846093     
   1     5   0.3034494       0.0075429       0.2888717       0.3184333     
   1     6   0.1914495       0.0026767       0.1862579       0.1967508     
   1     7   0.1910421       0.0028518       0.1855148       0.1966942     
   1     8   0.1823796       0.0041507       0.1743848       0.1906563     
   1     9   0.4734070       0.0092608       0.4552989       0.4915854     
   1    10   0.1891544       0.0029732       0.1833956       0.1950508     
   1    11   0.1936989       0.0020985       0.1896190       0.1978452     
   1    12   0.2394596       0.0030802       0.2334746       0.2455489     
   1    13   0.2356071       0.0035626       0.2286961       0.2426613     
   1    14   0.2449072       0.0018492       0.2413009       0.2485498     
   1    15   0.2438801       0.0018543       0.2402640       0.2475329     
   1    16   0.1327795       0.0023327       0.1282737       0.1374186     
   1    17   0.1375129       0.0013970       0.1347976       0.1402739     
   1    18   0.1355568       0.0018339       0.1320024       0.1391916     
   1    19   0.1304138       0.0026197       0.1253645       0.1356349     
   1    20   0.1787120       0.0046752       0.1697317       0.1880598     
   1    21   0.2467422       0.0012356       0.2443284       0.2491720     
   1    22   0.1861663       0.0032740       0.1798345       0.1926688     
   1    23   0.1837324       0.0047508       0.1746030       0.1932274     
   1    24   0.3082790       0.0069991       0.2947326       0.3221636     
   1    25   0.2391217       0.0036202       0.2320984       0.2462894     

  Program  MARK  - Survival Rate Estimation with Capture-Recapture Data
   gfortran(Win64) Vers. 8.1 Mar 2016    5-Aug-2016 15:56:46    Page  022
 - - - - - - - - - - - - - - - - - - - - - - - - - - - - - - - - - - - - - -
 
   1    26   0.1920856       0.0024420       0.1873447       0.1969175     
   1    27   0.1737168       0.0057350       0.1627617       0.1852461     
   1    28   0.1894985       0.0030150       0.1836595       0.1954786     
   1    29   0.2280993       0.0055712       0.2173643       0.2392025     
   1    30   0.1868384       0.0046167       0.1779579       0.1960563     

 Attempted ordering of parameters by estimatibility:
   1  9 12 11 14 13  2  7 10  3  4  5 15  6 17 16  8 23 24 25 26 19 21 20 18
  22
 Beta number 22 is a singular value.

     CPU Time in seconds for last procedure was 18.58


  INPUT --- proc stop;

   * *  WARNING  * *   Numerical underflow occurred during final processing of this model. 
     IEEE flag status at final processing of this model:
     overflow       F
     divide by zero F
     invalid        F
     underflow      T
     inexact        T


     CPU Time in minutes for this job was 0.31

     Time Start = 15:56:32.985   Time End = 15:56:46.188

     Wall Clock Time in minutes for this job was 0.22


          E X E C U T I O N   S U C C E S S F U L 
