
   Program  MARK  - Survival Rate Estimation with Capture-Recapture Data
   gfortran(Win64) Vers. 8.1 Mar 2016    5-Aug-2016 15:49:10    Page  001
 - - - - - - - - - - - - - - - - - - - - - - - - - - - - - - - - - - - - - -
 
   This version was compiled by GCC version 5.3.0 using the options: 
     -cpp -iprefix c:\tdm-gcc-64\gcc\bin\../lib/gcc/x86_64-w64-mingw32/5.3.0/ -D_MT
     -U_REENTRANT -D IEEE -m64 -mtune=generic -march=x86-64 -mthreads -O2
     -fimplicit-none -fbounds-check -funroll-loops -ftree-vectorize
     -ffpe-summary=invalid,zero,overflow,underflow -fno-unsafe-math-optimizations
     -frounding-math -fsignaling-nans -fopenmp.

   This problem will use 3 of 4 possible threads.


  INPUT --- proc title ;

     CPU Time in seconds for last procedure was 0.00


  INPUT --- proc chmatrix occasions= 30 groups= 1 etype= PoissonMR 
  INPUT --- icovar = 32 ICMeans NoHist  hist= 14 ;

  INPUT ---    time interval 0.2 0.2 0.2 0.2 2 0.2 0.2 0.2 0.2 2.5 0.2 0.2 
  INPUT ---    0.2 0.2 2.667 0.2 0.2 0.2  0.2 1.767 0.2 0.2 0.2 0.2 3.167 
  INPUT ---    0.2 0.2 0.2 0.2 ;

  INPUT ---     icovariates captive age.t1 age.t1.2 age.t1.4  age.t1.6 
  INPUT ---    age.t1.8 age.t3.8 age.t4 age.t4.2 age.t4.4 age.t4.6 
  INPUT ---    age.t7.1 age.t7.3 age.t7.5 age.t7.7  age.t7.9 age.t10.567 
  INPUT ---    age.t10.767 age.t10.967 age.t11.167 age.t11.367 age.t13.134 
  INPUT ---    age.t13.334  age.t13.534 age.t13.734 age.t13.934 
  INPUT ---    age.t17.101 age.t17.301 age.t17.501 age.t17.701 age.t17.901 
  INPUT ---     sex ;

  INPUT ---    glabel(1)=Group 1;

      Number of unique encounter histories read was 14.

      Number of individual covariates read was 32.
      Time interval lengths vary and/or not equal to 1.

      Data type number is 115
      Data type is Poisson Mark Resight with Robust Design                                                             

     CPU Time in seconds for last procedure was 0.00

  Program  MARK  - Survival Rate Estimation with Capture-Recapture Data
   gfortran(Win64) Vers. 8.1 Mar 2016    5-Aug-2016 15:49:10    Page  002
 - - - - - - - - - - - - - - - - - - - - - - - - - - - - - - - - - - - - - -
 


  INPUT --- proc estimate link=Parm-Specific NOLOOP varest=2ndPart    ;


  INPUT --- model={ alpha(~1 + captive + age.t + sex + effort.trapdays 
  INPUT --- + recordloss.agout.total)sigma(~1 + effort.var + 
  INPUT --- recordloss.agout.var)U(~sample_month)Phi(~1)Gamma''(~1)Gamma
  INPUT ---  };

  INPUT ---    fixed=2;
  INPUT ---        parm(70)=1 ;
  INPUT ---        parm(71)=0 ;

  INPUT ---    group=1 alpha    rows=1 cols=30 Square ;
  INPUT ---        1 2 3 4 5 6 7 8 9 10 11 12 13 14 15 16 17 18 19 20 21 22 
  INPUT ---       23 24 25 26 27 28 29 30 ;

  INPUT ---    group=1 sigma    rows=1 cols=30 Square ;
  INPUT ---        31 32 33 34 35 36 37 38 39 40 41 42 43 44 45 46 47 48 49 
  INPUT ---       50 51 52 53 54 55 56 57 58 59 60 ;

  INPUT ---    group=1 U    rows=1 cols=30 Square ;
  INPUT ---        61 61 61 61 61 62 62 62 62 62 63 63 63 63 63 64 64 64 64 
  INPUT ---       64 65 65 65 65 65 66 66 66 66 66 ;

  INPUT ---    group=1 Phi    rows=29 cols=29 Triang ;
  INPUT ---        70 70 70 70 67 70 70 70 70 67 70 70 70 70 67 70 70 70 70 
  INPUT ---       67 70 70 70 70 67 70 70 70 70 ;
  INPUT ---        70 70 70 70 70 70 70 70 70 70 70 70 70 70 70 70 70 70 70 
  INPUT ---       70 70 70 70 70 70 70 70 70 ;
  INPUT ---        70 70 70 70 70 70 70 70 70 70 70 70 70 70 70 70 70 70 70 
  INPUT ---       70 70 70 70 70 70 70 70 ;
  INPUT ---        70 70 70 70 70 70 70 70 70 70 70 70 70 70 70 70 70 70 70 
  INPUT ---       70 70 70 70 70 70 70 ;
  INPUT ---        70 70 70 70 70 70 70 70 70 70 70 70 70 70 70 70 70 70 70 
  INPUT ---       70 70 70 70 70 70 ;
  INPUT ---        70 70 70 70 67 70 70 70 70 67 70 70 70 70 67 70 70 70 70 
  INPUT ---       67 70 70 70 70 ;
  INPUT ---        70 70 70 70 70 70 70 70 70 70 70 70 70 70 70 70 70 70 70 
  INPUT ---       70 70 70 70 ;
  INPUT ---        70 70 70 70 70 70 70 70 70 70 70 70 70 70 70 70 70 70 70 
  INPUT ---       70 70 70 ;
  INPUT ---        70 70 70 70 70 70 70 70 70 70 70 70 70 70 70 70 70 70 70 
  INPUT ---       70 70 ;
  INPUT ---        70 70 70 70 70 70 70 70 70 70 70 70 70 70 70 70 70 70 70 

  Program  MARK  - Survival Rate Estimation with Capture-Recapture Data
   gfortran(Win64) Vers. 8.1 Mar 2016    5-Aug-2016 15:49:10    Page  003
 - - - - - - - - - - - - - - - - - - - - - - - - - - - - - - - - - - - - - -
 
  INPUT ---       70 ;
  INPUT ---        70 70 70 70 67 70 70 70 70 67 70 70 70 70 67 70 70 70 70 ;
  INPUT ---        70 70 70 70 70 70 70 70 70 70 70 70 70 70 70 70 70 70 ;
  INPUT ---        70 70 70 70 70 70 70 70 70 70 70 70 70 70 70 70 70 ;
  INPUT ---        70 70 70 70 70 70 70 70 70 70 70 70 70 70 70 70 ;
  INPUT ---        70 70 70 70 70 70 70 70 70 70 70 70 70 70 70 ;
  INPUT ---        70 70 70 70 67 70 70 70 70 67 70 70 70 70 ;
  INPUT ---        70 70 70 70 70 70 70 70 70 70 70 70 70 ;
  INPUT ---        70 70 70 70 70 70 70 70 70 70 70 70 ;
  INPUT ---        70 70 70 70 70 70 70 70 70 70 70 ;
  INPUT ---        70 70 70 70 70 70 70 70 70 70 ;
  INPUT ---        70 70 70 70 67 70 70 70 70 ;
  INPUT ---        70 70 70 70 70 70 70 70 ;
  INPUT ---        70 70 70 70 70 70 70 ;
  INPUT ---        70 70 70 70 70 70 ;
  INPUT ---        70 70 70 70 70 ;
  INPUT ---        70 70 70 70 ;
  INPUT ---        70 70 70 ;
  INPUT ---        70 70 ;
  INPUT ---        70 ;

  INPUT ---    group=1 Gamma''    rows=29 cols=29 Triang ;
  INPUT ---        71 71 71 71 68 71 71 71 71 68 71 71 71 71 68 71 71 71 71 
  INPUT ---       68 71 71 71 71 68 71 71 71 71 ;
  INPUT ---        71 71 71 71 71 71 71 71 71 71 71 71 71 71 71 71 71 71 71 
  INPUT ---       71 71 71 71 71 71 71 71 71 ;
  INPUT ---        71 71 71 71 71 71 71 71 71 71 71 71 71 71 71 71 71 71 71 
  INPUT ---       71 71 71 71 71 71 71 71 ;
  INPUT ---        71 71 71 71 71 71 71 71 71 71 71 71 71 71 71 71 71 71 71 
  INPUT ---       71 71 71 71 71 71 71 ;
  INPUT ---        71 71 71 71 71 71 71 71 71 71 71 71 71 71 71 71 71 71 71 
  INPUT ---       71 71 71 71 71 71 ;
  INPUT ---        71 71 71 71 68 71 71 71 71 68 71 71 71 71 68 71 71 71 71 
  INPUT ---       68 71 71 71 71 ;
  INPUT ---        71 71 71 71 71 71 71 71 71 71 71 71 71 71 71 71 71 71 71 
  INPUT ---       71 71 71 71 ;
  INPUT ---        71 71 71 71 71 71 71 71 71 71 71 71 71 71 71 71 71 71 71 
  INPUT ---       71 71 71 ;
  INPUT ---        71 71 71 71 71 71 71 71 71 71 71 71 71 71 71 71 71 71 71 
  INPUT ---       71 71 ;
  INPUT ---        71 71 71 71 71 71 71 71 71 71 71 71 71 71 71 71 71 71 71 
  INPUT ---       71 ;
  INPUT ---        71 71 71 71 68 71 71 71 71 68 71 71 71 71 68 71 71 71 71 ;
  INPUT ---        71 71 71 71 71 71 71 71 71 71 71 71 71 71 71 71 71 71 ;
  INPUT ---        71 71 71 71 71 71 71 71 71 71 71 71 71 71 71 71 71 ;
  INPUT ---        71 71 71 71 71 71 71 71 71 71 71 71 71 71 71 71 ;

  Program  MARK  - Survival Rate Estimation with Capture-Recapture Data
   gfortran(Win64) Vers. 8.1 Mar 2016    5-Aug-2016 15:49:10    Page  004
 - - - - - - - - - - - - - - - - - - - - - - - - - - - - - - - - - - - - - -
 
  INPUT ---        71 71 71 71 71 71 71 71 71 71 71 71 71 71 71 ;
  INPUT ---        71 71 71 71 68 71 71 71 71 68 71 71 71 71 ;
  INPUT ---        71 71 71 71 71 71 71 71 71 71 71 71 71 ;
  INPUT ---        71 71 71 71 71 71 71 71 71 71 71 71 ;
  INPUT ---        71 71 71 71 71 71 71 71 71 71 71 ;
  INPUT ---        71 71 71 71 71 71 71 71 71 71 ;
  INPUT ---        71 71 71 71 68 71 71 71 71 ;
  INPUT ---        71 71 71 71 71 71 71 71 ;
  INPUT ---        71 71 71 71 71 71 71 ;
  INPUT ---        71 71 71 71 71 71 ;
  INPUT ---        71 71 71 71 71 ;
  INPUT ---        71 71 71 71 ;
  INPUT ---        71 71 71 ;
  INPUT ---        71 71 ;
  INPUT ---        71 ;

  INPUT ---    group=1 Gamma'    rows=28 cols=28 Triang ;
  INPUT ---        71 71 71 69 71 71 71 71 69 71 71 71 71 69 71 71 71 71 69 
  INPUT ---       71 71 71 71 69 71 71 71 71 ;
  INPUT ---        71 71 71 71 71 71 71 71 71 71 71 71 71 71 71 71 71 71 71 
  INPUT ---       71 71 71 71 71 71 71 71 ;
  INPUT ---        71 71 71 71 71 71 71 71 71 71 71 71 71 71 71 71 71 71 71 
  INPUT ---       71 71 71 71 71 71 71 ;
  INPUT ---        71 71 71 71 71 71 71 71 71 71 71 71 71 71 71 71 71 71 71 
  INPUT ---       71 71 71 71 71 71 ;
  INPUT ---        71 71 71 71 71 71 71 71 71 71 71 71 71 71 71 71 71 71 71 
  INPUT ---       71 71 71 71 71 ;
  INPUT ---        71 71 71 69 71 71 71 71 69 71 71 71 71 69 71 71 71 71 69 
  INPUT ---       71 71 71 71 ;
  INPUT ---        71 71 71 71 71 71 71 71 71 71 71 71 71 71 71 71 71 71 71 
  INPUT ---       71 71 71 ;
  INPUT ---        71 71 71 71 71 71 71 71 71 71 71 71 71 71 71 71 71 71 71 
  INPUT ---       71 71 ;
  INPUT ---        71 71 71 71 71 71 71 71 71 71 71 71 71 71 71 71 71 71 71 
  INPUT ---       71 ;
  INPUT ---        71 71 71 71 71 71 71 71 71 71 71 71 71 71 71 71 71 71 71 ;
  INPUT ---        71 71 71 69 71 71 71 71 69 71 71 71 71 69 71 71 71 71 ;
  INPUT ---        71 71 71 71 71 71 71 71 71 71 71 71 71 71 71 71 71 ;
  INPUT ---        71 71 71 71 71 71 71 71 71 71 71 71 71 71 71 71 ;
  INPUT ---        71 71 71 71 71 71 71 71 71 71 71 71 71 71 71 ;
  INPUT ---        71 71 71 71 71 71 71 71 71 71 71 71 71 71 ;
  INPUT ---        71 71 71 69 71 71 71 71 69 71 71 71 71 ;
  INPUT ---        71 71 71 71 71 71 71 71 71 71 71 71 ;
  INPUT ---        71 71 71 71 71 71 71 71 71 71 71 ;
  INPUT ---        71 71 71 71 71 71 71 71 71 71 ;
  INPUT ---        71 71 71 71 71 71 71 71 71 ;

  Program  MARK  - Survival Rate Estimation with Capture-Recapture Data
   gfortran(Win64) Vers. 8.1 Mar 2016    5-Aug-2016 15:49:10    Page  005
 - - - - - - - - - - - - - - - - - - - - - - - - - - - - - - - - - - - - - -
 
  INPUT ---        71 71 71 69 71 71 71 71 ;
  INPUT ---        71 71 71 71 71 71 71 ;
  INPUT ---        71 71 71 71 71 71 ;
  INPUT ---        71 71 71 71 71 ;
  INPUT ---        71 71 71 71 ;
  INPUT ---        71 71 71 ;
  INPUT ---        71 71 ;
  INPUT ---        71 ;

  INPUT ---    initial  0.8492118 0 0 0 0 0 -0.3123225 0 0 3.139572 0 0 0 
  INPUT ---    0 0 2.0066797 -2.9445172 17.724958  ;

  INPUT ---    design matrix constraints=71 covariates=18;
  INPUT ---        1 captive age.t1 sex 96 0.186046511627907 0 0 0 0 0 0 0 0 
  INPUT ---       0 0 0 0;
  INPUT ---        1 captive age.t1.2 sex 96 0.127659574468085 0 0 0 0 0 0 0 
  INPUT ---       0 0 0 0 0;
  INPUT ---        1 captive age.t1.4 sex 114 0.08 0 0 0 0 0 0 0 0 0 0 0 0;
  INPUT ---        1 captive age.t1.6 sex 120 0.166666666666667 0 0 0 0 0 0 0 
  INPUT ---       0 0 0 0 0;
  INPUT ---        1 captive age.t1.8 sex 115 0.169230769230769 0 0 0 0 0 0 0 
  INPUT ---       0 0 0 0 0;
  INPUT ---        1 captive age.t3.8 sex 126 0.0615384615384615 0 0 0 0 0 0 
  INPUT ---       0 0 0 0 0 0;
  INPUT ---        1 captive age.t4 sex 126 0.0776699029126214 0 0 0 0 0 0 0 
  INPUT ---       0 0 0 0 0;
  INPUT ---        1 captive age.t4.2 sex 126 0.170212765957447 0 0 0 0 0 0 0 
  INPUT ---       0 0 0 0 0;
  INPUT ---        1 captive age.t4.4 sex 114 0.0666666666666667 0 0 0 0 0 0 
  INPUT ---       0 0 0 0 0 0;
  INPUT ---        1 captive age.t4.6 sex 126 0.0894308943089431 0 0 0 0 0 0 
  INPUT ---       0 0 0 0 0 0;
  INPUT ---        1 captive age.t7.1 sex 139 0.08 0 0 0 0 0 0 0 0 0 0 0 0;
  INPUT ---        1 captive age.t7.3 sex 168 0.135135135135135 0 0 0 0 0 0 0 
  INPUT ---       0 0 0 0 0;
  INPUT ---        1 captive age.t7.5 sex 180 0.213740458015267 0 0 0 0 0 0 0 
  INPUT ---       0 0 0 0 0;
  INPUT ---        1 captive age.t7.7 sex 174 0.0869565217391304 0 0 0 0 0 0 
  INPUT ---       0 0 0 0 0 0;
  INPUT ---        1 captive age.t7.9 sex 173 0.131428571428571 0 0 0 0 0 0 0 
  INPUT ---       0 0 0 0 0;
  INPUT ---        1 captive age.t10.567 sex 166 0.167441860465116 0 0 0 0 0 
  INPUT ---       0 0 0 0 0 0 0;
  INPUT ---        1 captive age.t10.767 sex 172 0.155 0 0 0 0 0 0 0 0 0 0 0 
  INPUT ---       0;
  INPUT ---        1 captive age.t10.967 sex 166 0.168831168831169 0 0 0 0 0 

  Program  MARK  - Survival Rate Estimation with Capture-Recapture Data
   gfortran(Win64) Vers. 8.1 Mar 2016    5-Aug-2016 15:49:10    Page  006
 - - - - - - - - - - - - - - - - - - - - - - - - - - - - - - - - - - - - - -
 
  INPUT ---       0 0 0 0 0 0 0;
  INPUT ---        1 captive age.t11.167 sex 171 0.231182795698925 0 0 0 0 0 
  INPUT ---       0 0 0 0 0 0 0;
  INPUT ---        1 captive age.t11.367 sex 151 0.224489795918367 0 0 0 0 0 
  INPUT ---       0 0 0 0 0 0 0;
  INPUT ---        1 captive age.t13.134 sex 192 0.125827814569536 0 0 0 0 0 
  INPUT ---       0 0 0 0 0 0 0;
  INPUT ---        1 captive age.t13.334 sex 185 0.201612903225806 0 0 0 0 0 
  INPUT ---       0 0 0 0 0 0 0;
  INPUT ---        1 captive age.t13.534 sex 198 0.244604316546763 0 0 0 0 0 
  INPUT ---       0 0 0 0 0 0 0;
  INPUT ---        1 captive age.t13.734 sex 198 0.282828282828283 0 0 0 0 0 
  INPUT ---       0 0 0 0 0 0 0;
  INPUT ---        1 captive age.t13.934 sex 195 0.314516129032258 0 0 0 0 0 
  INPUT ---       0 0 0 0 0 0 0;
  INPUT ---        1 captive age.t17.101 sex 192 0.137254901960784 0 0 0 0 0 
  INPUT ---       0 0 0 0 0 0 0;
  INPUT ---        1 captive age.t17.301 sex 192 0.266129032258065 0 0 0 0 0 
  INPUT ---       0 0 0 0 0 0 0;
  INPUT ---        1 captive age.t17.501 sex 198 0.198581560283688 0 0 0 0 0 
  INPUT ---       0 0 0 0 0 0 0;
  INPUT ---        1 captive age.t17.701 sex 198 0.293333333333333 0 0 0 0 0 
  INPUT ---       0 0 0 0 0 0 0;
  INPUT ---        1 captive age.t17.901 sex 198 0.202453987730061 0 0 0 0 0 
  INPUT ---       0 0 0 0 0 0 0;
  INPUT ---        0 0 0 0 0 0 1 8.96022727272727 0.0440135195492338 0 0 0 0 
  INPUT ---       0 0 0 0 0;
  INPUT ---        0 0 0 0 0 0 1 8.71022727272727 0.0138205395794682 0 0 0 0 
  INPUT ---       0 0 0 0 0;
  INPUT ---        0 0 0 0 0 0 1 7.94318181818182 0.0150462962962963 0 0 0 0 
  INPUT ---       0 0 0 0 0;
  INPUT ---        0 0 0 0 0 0 1 8.36363636363636 0.0435062197227376 0 0 0 0 
  INPUT ---       0 0 0 0 0;
  INPUT ---        0 0 0 0 0 0 1 8.38257575757576 0.0413898241676019 0 0 0 0 
  INPUT ---       0 0 0 0 0;
  INPUT ---        0 0 0 0 0 0 1 8.59090909090909 0.0334785353535354 0 0 0 0 
  INPUT ---       0 0 0 0 0;
  INPUT ---        0 0 0 0 0 0 1 8.59090909090909 0.0145442884245275 0 0 0 0 
  INPUT ---       0 0 0 0 0;
  INPUT ---        0 0 0 0 0 0 1 8.59090909090909 0.0193204258107552 0 0 0 0 
  INPUT ---       0 0 0 0 0;
  INPUT ---        0 0 0 0 0 0 1 9.06818181818182 0.00382154882154882 0 0 0 0 
  INPUT ---       0 0 0 0 0;
  INPUT ---        0 0 0 0 0 0 1 8.59090909090909 0.0399423854156923 0 0 0 0 
  INPUT ---       0 0 0 0 0;
  INPUT ---        0 0 0 0 0 0 1 7.04734848484848 0.010060938021866 0 0 0 0 0 

  Program  MARK  - Survival Rate Estimation with Capture-Recapture Data
   gfortran(Win64) Vers. 8.1 Mar 2016    5-Aug-2016 15:49:10    Page  007
 - - - - - - - - - - - - - - - - - - - - - - - - - - - - - - - - - - - - - -
 
  INPUT ---       0 0 0 0;
  INPUT ---        0 0 0 0 0 0 1 4.77272727272727 0.0120376449425667 0 0 0 0 
  INPUT ---       0 0 0 0 0;
  INPUT ---        0 0 0 0 0 0 1 3.06818181818182 0.0327860086977532 0 0 0 0 
  INPUT ---       0 0 0 0 0;
  INPUT ---        0 0 0 0 0 0 1 3.95454545454545 0.0190954813692234 0 0 0 0 
  INPUT ---       0 0 0 0 0;
  INPUT ---        0 0 0 0 0 0 1 3.62689393939394 0.0261489672463083 0 0 0 0 
  INPUT ---       0 0 0 0 0;
  INPUT ---        0 0 0 0 0 0 1 4.78030303030303 0.0512150912647815 0 0 0 0 
  INPUT ---       0 0 0 0 0;
  INPUT ---        0 0 0 0 0 0 1 3.60984848484848 0.0473122112945163 0 0 0 0 
  INPUT ---       0 0 0 0 0;
  INPUT ---        0 0 0 0 0 0 1 4.09280303030303 0.0226518050401979 0 0 0 0 
  INPUT ---       0 0 0 0 0;
  INPUT ---        0 0 0 0 0 0 1 3.34090909090909 0.0665651993646785 0 0 0 0 
  INPUT ---       0 0 0 0 0;
  INPUT ---        0 0 0 0 0 0 1 5.62689393939394 0.04010330058655 0 0 0 0 0 
  INPUT ---       0 0 0 0;
  INPUT ---        0 0 0 0 0 0 1 1.09090909090909 0.0206820945059979 0 0 0 0 
  INPUT ---       0 0 0 0 0;
  INPUT ---        0 0 0 0 0 0 1 1.62121212121212 0.054918230087819 0 0 0 0 0 
  INPUT ---       0 0 0 0;
  INPUT ---        0 0 0 0 0 0 1 0 0.0879277557364401 0 0 0 0 0 0 0 0 0;
  INPUT ---        0 0 0 0 0 0 1 0 0.0733113017934447 0 0 0 0 0 0 0 0 0;
  INPUT ---        0 0 0 0 0 0 1 0.272727272727273 0.0785302039517285 0 0 0 0 
  INPUT ---       0 0 0 0 0;
  INPUT ---        0 0 0 0 0 0 1 1.09090909090909 0.0474808900748976 0 0 0 0 
  INPUT ---       0 0 0 0 0;
  INPUT ---        0 0 0 0 0 0 1 0.778409090909091 0.0746150243527953 0 0 0 0 
  INPUT ---       0 0 0 0 0;
  INPUT ---        0 0 0 0 0 0 1 0 0.0653219100102685 0 0 0 0 0 0 0 0 0;
  INPUT ---        0 0 0 0 0 0 1 0 0.0656604289706052 0 0 0 0 0 0 0 0 0;
  INPUT ---        0 0 0 0 0 0 1 0 0.109501305572734 0 0 0 0 0 0 0 0 0;
  INPUT ---        0 0 0 0 0 0 0 0 0 1 0 0 0 0 0 0 0 0;
  INPUT ---        0 0 0 0 0 0 0 0 0 1 1 0 0 0 0 0 0 0;
  INPUT ---        0 0 0 0 0 0 0 0 0 1 0 1 0 0 0 0 0 0;
  INPUT ---        0 0 0 0 0 0 0 0 0 1 0 0 1 0 0 0 0 0;
  INPUT ---        0 0 0 0 0 0 0 0 0 1 0 0 0 1 0 0 0 0;
  INPUT ---        0 0 0 0 0 0 0 0 0 1 0 0 0 0 1 0 0 0;
  INPUT ---        0 0 0 0 0 0 0 0 0 0 0 0 0 0 0 1 0 0;
  INPUT ---        0 0 0 0 0 0 0 0 0 0 0 0 0 0 0 0 1 0;
  INPUT ---        0 0 0 0 0 0 0 0 0 0 0 0 0 0 0 0 0 1;
  INPUT ---        0 0 0 0 0 0 0 0 0 0 0 0 0 0 0 0 0 0;
  INPUT ---        0 0 0 0 0 0 0 0 0 0 0 0 0 0 0 0 0 0;


  Program  MARK  - Survival Rate Estimation with Capture-Recapture Data
   gfortran(Win64) Vers. 8.1 Mar 2016    5-Aug-2016 15:49:10    Page  008
 - - - - - - - - - - - - - - - - - - - - - - - - - - - - - - - - - - - - - -
 
  INPUT ---    links=71;

  INPUT ---    Log;

  INPUT ---    Log;

  INPUT ---    Log;

  INPUT ---    Log;

  INPUT ---    Log;

  INPUT ---    Log;

  INPUT ---    Log;

  INPUT ---    Log;

  INPUT ---    Log;

  INPUT ---    Log;

  INPUT ---    Log;

  INPUT ---    Log;

  INPUT ---    Log;

  INPUT ---    Log;

  INPUT ---    Log;

  INPUT ---    Log;

  INPUT ---    Log;

  INPUT ---    Log;

  INPUT ---    Log;

  INPUT ---    Log;

  INPUT ---    Log;

  INPUT ---    Log;


  Program  MARK  - Survival Rate Estimation with Capture-Recapture Data
   gfortran(Win64) Vers. 8.1 Mar 2016    5-Aug-2016 15:49:10    Page  009
 - - - - - - - - - - - - - - - - - - - - - - - - - - - - - - - - - - - - - -
 
  INPUT ---    Log;

  INPUT ---    Log;

  INPUT ---    Log;

  INPUT ---    Log;

  INPUT ---    Log;

  INPUT ---    Log;

  INPUT ---    Log;

  INPUT ---    Log;

  INPUT ---    Log;

  INPUT ---    Log;

  INPUT ---    Log;

  INPUT ---    Log;

  INPUT ---    Log;

  INPUT ---    Log;

  INPUT ---    Log;

  INPUT ---    Log;

  INPUT ---    Log;

  INPUT ---    Log;

  INPUT ---    Log;

  INPUT ---    Log;

  INPUT ---    Log;

  INPUT ---    Log;

  INPUT ---    Log;


  Program  MARK  - Survival Rate Estimation with Capture-Recapture Data
   gfortran(Win64) Vers. 8.1 Mar 2016    5-Aug-2016 15:49:10    Page  010
 - - - - - - - - - - - - - - - - - - - - - - - - - - - - - - - - - - - - - -
 
  INPUT ---    Log;

  INPUT ---    Log;

  INPUT ---    Log;

  INPUT ---    Log;

  INPUT ---    Log;

  INPUT ---    Log;

  INPUT ---    Log;

  INPUT ---    Log;

  INPUT ---    Log;

  INPUT ---    Log;

  INPUT ---    Log;

  INPUT ---    Log;

  INPUT ---    Log;

  INPUT ---    Log;

  INPUT ---    Log;

  INPUT ---    Log;

  INPUT ---    Log;

  INPUT ---    Log;

  INPUT ---    Log;

  INPUT ---    Log;

  INPUT ---    Log;

  INPUT ---    Logit;

  INPUT ---    Logit;


  Program  MARK  - Survival Rate Estimation with Capture-Recapture Data
   gfortran(Win64) Vers. 8.1 Mar 2016    5-Aug-2016 15:49:10    Page  011
 - - - - - - - - - - - - - - - - - - - - - - - - - - - - - - - - - - - - - -
 
  INPUT ---    Logit;

  INPUT ---    Logit;

  INPUT ---    Logit;
  INPUT ---       blabel(1)=alpha:(Intercept);
  INPUT ---       blabel(2)=alpha:captive;
  INPUT ---       blabel(3)=alpha:age.t;
  INPUT ---       blabel(4)=alpha:sex;
  INPUT ---       blabel(5)=alpha:effort.trapdays;
  INPUT ---       blabel(6)=alpha:recordloss.agout.total;
  INPUT ---       blabel(7)=sigma:(Intercept);
  INPUT ---       blabel(8)=sigma:effort.var;
  INPUT ---       blabel(9)=sigma:recordloss.agout.var;
  INPUT ---       blabel(10)=U:(Intercept);
  INPUT ---       blabel(11)=U:sample_monthB;
  INPUT ---       blabel(12)=U:sample_monthC;
  INPUT ---       blabel(13)=U:sample_monthD;
  INPUT ---       blabel(14)=U:sample_monthE;
  INPUT ---       blabel(15)=U:sample_monthF;
  INPUT ---       blabel(16)=Phi:(Intercept);
  INPUT ---       blabel(17)=GammaDoublePrime:(Intercept);
  INPUT ---       blabel(18)=GammaPrime:(Intercept);
  INPUT ---       rlabel(1)=alpha g1 a0 t1;
  INPUT ---       rlabel(2)=alpha g1 a0.2 t1.2;
  INPUT ---       rlabel(3)=alpha g1 a0.4 t1.4;
  INPUT ---       rlabel(4)=alpha g1 a0.6 t1.6;
  INPUT ---       rlabel(5)=alpha g1 a0.8 t1.8;
  INPUT ---       rlabel(6)=alpha g1 a2.8 t3.8;
  INPUT ---       rlabel(7)=alpha g1 a3 t4;
  INPUT ---       rlabel(8)=alpha g1 a3.2 t4.2;
  INPUT ---       rlabel(9)=alpha g1 a3.4 t4.4;
  INPUT ---       rlabel(10)=alpha g1 a3.6 t4.6;
  INPUT ---       rlabel(11)=alpha g1 a6.1 t7.1;
  INPUT ---       rlabel(12)=alpha g1 a6.3 t7.3;
  INPUT ---       rlabel(13)=alpha g1 a6.5 t7.5;
  INPUT ---       rlabel(14)=alpha g1 a6.7 t7.7;
  INPUT ---       rlabel(15)=alpha g1 a6.9 t7.9;
  INPUT ---       rlabel(16)=alpha g1 a9.567 t10.567;
  INPUT ---       rlabel(17)=alpha g1 a9.767 t10.767;
  INPUT ---       rlabel(18)=alpha g1 a9.967 t10.967;
  INPUT ---       rlabel(19)=alpha g1 a10.167 t11.167;
  INPUT ---       rlabel(20)=alpha g1 a10.367 t11.367;
  INPUT ---       rlabel(21)=alpha g1 a12.134 t13.134;
  INPUT ---       rlabel(22)=alpha g1 a12.334 t13.334;
  INPUT ---       rlabel(23)=alpha g1 a12.534 t13.534;

  Program  MARK  - Survival Rate Estimation with Capture-Recapture Data
   gfortran(Win64) Vers. 8.1 Mar 2016    5-Aug-2016 15:49:10    Page  012
 - - - - - - - - - - - - - - - - - - - - - - - - - - - - - - - - - - - - - -
 
  INPUT ---       rlabel(24)=alpha g1 a12.734 t13.734;
  INPUT ---       rlabel(25)=alpha g1 a12.934 t13.934;
  INPUT ---       rlabel(26)=alpha g1 a16.101 t17.101;
  INPUT ---       rlabel(27)=alpha g1 a16.301 t17.301;
  INPUT ---       rlabel(28)=alpha g1 a16.501 t17.501;
  INPUT ---       rlabel(29)=alpha g1 a16.701 t17.701;
  INPUT ---       rlabel(30)=alpha g1 a16.901 t17.901;
  INPUT ---       rlabel(31)=sigma g1 a0 t1;
  INPUT ---       rlabel(32)=sigma g1 a0.2 t1.2;
  INPUT ---       rlabel(33)=sigma g1 a0.4 t1.4;
  INPUT ---       rlabel(34)=sigma g1 a0.6 t1.6;
  INPUT ---       rlabel(35)=sigma g1 a0.8 t1.8;
  INPUT ---       rlabel(36)=sigma g1 a2.8 t3.8;
  INPUT ---       rlabel(37)=sigma g1 a3 t4;
  INPUT ---       rlabel(38)=sigma g1 a3.2 t4.2;
  INPUT ---       rlabel(39)=sigma g1 a3.4 t4.4;
  INPUT ---       rlabel(40)=sigma g1 a3.6 t4.6;
  INPUT ---       rlabel(41)=sigma g1 a6.1 t7.1;
  INPUT ---       rlabel(42)=sigma g1 a6.3 t7.3;
  INPUT ---       rlabel(43)=sigma g1 a6.5 t7.5;
  INPUT ---       rlabel(44)=sigma g1 a6.7 t7.7;
  INPUT ---       rlabel(45)=sigma g1 a6.9 t7.9;
  INPUT ---       rlabel(46)=sigma g1 a9.567 t10.567;
  INPUT ---       rlabel(47)=sigma g1 a9.767 t10.767;
  INPUT ---       rlabel(48)=sigma g1 a9.967 t10.967;
  INPUT ---       rlabel(49)=sigma g1 a10.167 t11.167;
  INPUT ---       rlabel(50)=sigma g1 a10.367 t11.367;
  INPUT ---       rlabel(51)=sigma g1 a12.134 t13.134;
  INPUT ---       rlabel(52)=sigma g1 a12.334 t13.334;
  INPUT ---       rlabel(53)=sigma g1 a12.534 t13.534;
  INPUT ---       rlabel(54)=sigma g1 a12.734 t13.734;
  INPUT ---       rlabel(55)=sigma g1 a12.934 t13.934;
  INPUT ---       rlabel(56)=sigma g1 a16.101 t17.101;
  INPUT ---       rlabel(57)=sigma g1 a16.301 t17.301;
  INPUT ---       rlabel(58)=sigma g1 a16.501 t17.501;
  INPUT ---       rlabel(59)=sigma g1 a16.701 t17.701;
  INPUT ---       rlabel(60)=sigma g1 a16.901 t17.901;
  INPUT ---       rlabel(61)=U g1 a0 t1;
  INPUT ---       rlabel(62)=U g1 a2.8 t3.8;
  INPUT ---       rlabel(63)=U g1 a6.1 t7.1;
  INPUT ---       rlabel(64)=U g1 a9.567 t10.567;
  INPUT ---       rlabel(65)=U g1 a12.134 t13.134;
  INPUT ---       rlabel(66)=U g1 a16.101 t17.101;
  INPUT ---       rlabel(67)=Phi g1 c1 a0.8 t1.8;
  INPUT ---       rlabel(68)=Gamma'' g1 c1 a0.8 t1.8;
  INPUT ---       rlabel(69)=Gamma' g1 c1 a0.8 t1.8;

  Program  MARK  - Survival Rate Estimation with Capture-Recapture Data
   gfortran(Win64) Vers. 8.1 Mar 2016    5-Aug-2016 15:49:10    Page  013
 - - - - - - - - - - - - - - - - - - - - - - - - - - - - - - - - - - - - - -
 
  INPUT ---       rlabel(70)=Phi g1 c1 a0 t1;
  INPUT ---       rlabel(71)=Gamma'' g1 c1 a0 t1;

 Link Function Used is PARM-SPECIFIC

 Variance Estimation Procedure Used is 2ndPart 

 M(t+1):
 Group=Group 1                                                                         
       3      3      3      2      3      5      5      5      2      5      5
       4      4      4      4     10      7      7      7      5      5      5
       5      3      4      5      5      5      4      5


 -2logL(saturated) = -0.0000000    
 Effective Sample Size = 169
 Results from first iteration:
  -2logL Initial { alpha(~1 + captive + age.t + sex + effort.trapdays + recordloss.agout.total)sigma(~1 + effort.var + recordloss.agout.var)U(~sample_month)Phi(~1)Gamma''(~1)Gamma } = 1138.4459     
  Penalty Initial { alpha(~1 + captive + age.t + sex + effort.trapdays + recordloss.agout.total)sigma(~1 + effort.var + recordloss.agout.var)U(~sample_month)Phi(~1)Gamma''(~1)Gamma } = -0.0000000    

 Number of function evaluations was 45 for 18 parameters.
 Time for numerical optimization was 6.31 seconds.
 -2logL { alpha(~1 + captive + age.t + sex + effort.trapdays + recordloss.agout.total)sigma(~1 + effort.var + recordloss.agout.var)U(~sample_month)Phi(~1)Gamma''(~1)Gamma } = 1049.8667     
 Penalty { alpha(~1 + captive + age.t + sex + effort.trapdays + recordloss.agout.total)sigma(~1 + effort.var + recordloss.agout.var)U(~sample_month)Phi(~1)Gamma''(~1)Gamma } = -0.0000000    

   * *  WARNING  * *   Numerical underflow occurred during optimization of this model. 
     IEEE flag status at end of optimization:
     overflow       F
     divide by zero F
     invalid        F
     underflow      T
     inexact        T

 Gradient { alpha(~1 + captive + age.t + sex + effort.trapdays + recordloss.agout.total)sigma(~1 + effort.var + recordloss.agout.var)U(~sample_month)Phi(~1)Gamma''(~1)Gamma }:
  0.7330039E-04 0.6822625E-03-0.4587995E-03-0.4651477E-03-0.6426264E-03
 -0.9250451E-04-0.2418579E-03 0.1900436E-03-0.2653929E-04-0.2250675E-03
   0.000000     0.1230346E-03-0.1197321E-03-0.1502169E-03-0.5420379E-04
 -0.1436847E-03-0.2305801E-04  0.000000    
 S Vector { alpha(~1 + captive + age.t + sex + effort.trapdays + recordloss.agout.total)sigma(~1 + effort.var + recordloss.agout.var)U(~sample_month)Phi(~1)Gamma''(~1)Gamma }:
   6645.941      391.9454      310.9469      281.9815      248.8324    
   212.3018      125.9948      68.91289      34.08386      28.37903    
   9.993231      9.017753      6.136841      3.486150      2.202869    
  0.9499790     0.4128166E-01 0.2702012E-08
 Time to compute number of parameters was 3.20 seconds.
   Threshold =  0.3800000E-06     Condition index =  0.4065657E-12     New Threshold =  0.1146367E-07
 New Guessimate of Estimated Parameters { alpha(~1 + captive + age.t + sex + effort.trapdays + recordloss.agout.total)sigma(~1 + effort.var + recordloss.agout.var)U(~sample_month)Phi(~1)Gamma''(~1)Gamma } = 17          
 Conditioned S Vector { alpha(~1 + captive + age.t + sex + effort.trapdays + recordloss.agout.total)sigma(~1 + effort.var + recordloss.agout.var)U(~sample_month)Phi(~1)Gamma''(~1)Gamma }:
   1.000000     0.5897516E-01 0.4678750E-01 0.4242913E-01 0.3744127E-01
  0.3194459E-01 0.1895816E-01 0.1036917E-01 0.5128522E-02 0.4270130E-02
  0.1503659E-02 0.1356881E-02 0.9233969E-03 0.5245532E-03 0.3314608E-03
  0.1429412E-03 0.6211559E-05 0.4065657E-12
 Number of Estimated Parameters { alpha(~1 + captive + age.t + sex + effort.trapdays + recordloss.agout.total)sigma(~1 + effort.var + recordloss.agout.var)U(~sample_month)Phi(~1)Gamma''(~1)Gamma } = 17          
 DEVIANCE { alpha(~1 + captive + age.t + sex + effort.trapdays + recordloss.agout.total)sigma(~1 + effort.var + recordloss.agout.var)U(~sample_month)Phi(~1)Gamma''(~1)Gamma } = 1049.8667                     
 DEVIANCE Degrees of Freedom { alpha(~1 + captive + age.t + sex + effort.trapdays + recordloss.agout.total)sigma(~1 + effort.var + recordloss.agout.var)U(~sample_month)Phi(~1)Gamma''(~1)Gamma } = -3            
 c-hat { alpha(~1 + captive + age.t + sex + effort.trapdays + recordloss.agout.total)sigma(~1 + effort.var + recordloss.agout.var)U(~sample_month)Phi(~1)Gamma''(~1)Gamma } = 1.0000000                     
 AIC { alpha(~1 + captive + age.t + sex + effort.trapdays + recordloss.agout.total)sigma(~1 + effort.var + recordloss.agout.var)U(~sample_month)Phi(~1)Gamma''(~1)Gamma } = 1083.8667                  
 AICc { alpha(~1 + captive + age.t + sex + effort.trapdays + recordloss.agout.total)sigma(~1 + effort.var + recordloss.agout.var)U(~sample_month)Phi(~1)Gamma''(~1)Gamma } = 1087.9197                    
 BIC { alpha(~1 + captive + age.t + sex + effort.trapdays + recordloss.agout.total)sigma(~1 + effort.var + recordloss.agout.var)U(~sample_month)Phi(~1)Gamma''(~1)Gamma } = 1137.0750                    
 Pearson Chisquare { alpha(~1 + captive + age.t + sex + effort.trapdays + recordloss.agout.total)sigma(~1 + effort.var + recordloss.agout.var)U(~sample_month)Phi(~1)Gamma''(~1)Gamma } = 0.2282290E+033             

   * *  WARNING  * *   Numerical underflow occurred during variance-covariance calculation of this model. 

  Program  MARK  - Survival Rate Estimation with Capture-Recapture Data
   gfortran(Win64) Vers. 8.1 Mar 2016    5-Aug-2016 15:49:17    Page  014
 - - - - - - - - - - - - - - - - - - - - - - - - - - - - - - - - - - - - - -
 
     IEEE flag status at end of variance-covariance calculation:
     overflow       F
     divide by zero F
     invalid        F
     underflow      T
     inexact        T



 PARM-SPECIFIC Link Function Parameters of { alpha(~1 + captive + age.t + sex + effort.trapdays + recordloss.agout.total)sigma(~1 + effort.var + recordloss.agout.var)U(~sample_month)Phi(~1)Gamma''(~1)Gamma }
                                                              95% Confidence Interval
 Parameter                    Beta         Standard Error      Lower           Upper
 -------------------------  --------------  --------------  --------------  --------------
    1:alpha:(Intercept)     0.2407774       0.4339618       -0.6097878      1.0913425     
    2:alpha:captive         0.2330775       0.1183406       0.0011299       0.4650252     
    3:alpha:age.t           0.1894014       0.1601280       -0.1244496      0.5032524     
    4:alpha:sex             0.5153432       0.2062247       0.1111427       0.9195437     
    5:alpha:effort.trapday  0.0040630       0.0021055       -.6369688E-004  0.0081897     
    6:alpha:recordloss.ago  -3.1785558      0.5919811       -4.3388388      -2.0182728    
    7:sigma:(Intercept)     -1.1622590      0.4291568       -2.0034064      -0.3211117    
    8:sigma:effort.var      0.0216613       0.0503484       -0.0770215      0.1203441     
    9:sigma:recordloss.ago  6.7106933       4.8934384       -2.8804461      16.301833     
   10:U:(Intercept)         2.5358630       0.1432566       2.2550799       2.8166460     
   11:U:sample_monthB       0.3499295       0.1347694       0.0857815       0.6140776     
   12:U:sample_monthC       0.4784373       0.1528897       0.1787734       0.7781012     
   13:U:sample_monthD       0.8990208       0.1532382       0.5986739       1.1993677     
   14:U:sample_monthE       0.3622727       0.1735091       0.0221948       0.7023505     
   15:U:sample_monthF       0.6779171       0.1790748       0.3269305       1.0289037     
   16:Phi:(Intercept)       2.0066528       0.4036710       1.2154577       2.7978480     
   17:GammaDoublePrime:(In  -2.9443765      1.0259897       -4.9553164      -0.9334367    
   18:GammaPrime:(Intercep  17.724958       0.0000000       17.724958       17.724958     


 Real Function Parameters of { alpha(~1 + captive + age.t + sex + effort.trapdays + recordloss.agout.total)sigma(~1 + effort.var + recordloss.agout.var)U(~sample_month)Phi(~1)Gamma''(~1)Gamma }

  Program  MARK  - Survival Rate Estimation with Capture-Recapture Data
   gfortran(Win64) Vers. 8.1 Mar 2016    5-Aug-2016 15:49:17    Page  015
 - - - - - - - - - - - - - - - - - - - - - - - - - - - - - - - - - - - - - -
 

      Following estimates based on unstandardized individual covariate values:
          Variable   Value         
          ---------  ------------- 
          CAPTIVE    0.2142857     
          AGE.T1     1.0000000     
          AGE.T1.2   1.0000000     
          AGE.T1.4   1.0000000     
          AGE.T1.6   1.0000000     
          AGE.T1.8   1.0000000     
          AGE.T3.8   1.0000000     
          AGE.T4     1.0000000     
          AGE.T4.2   1.0000000     
          AGE.T4.4   1.0000000     
          AGE.T4.6   1.0000000     
          AGE.T7.1   0.8333333     
          AGE.T7.3   0.8333333     
          AGE.T7.5   0.8333333     
          AGE.T7.7   0.8333333     
          AGE.T7.9   0.8333333     
          AGE.T10.56 0.6666667     
          AGE.T10.76 0.6666667     
          AGE.T10.96 0.6666667     
          AGE.T11.16 0.6666667     
          AGE.T11.36 0.6666667     
          AGE.T13.13 1.0000000     
          AGE.T13.33 1.0000000     
          AGE.T13.53 1.0000000     
          AGE.T13.73 1.0000000     
          AGE.T13.93 1.0000000     
          AGE.T17.10 0.9230769     
          AGE.T17.30 0.9230769     
          AGE.T17.50 0.9230769     
          AGE.T17.70 0.9230769     
          AGE.T17.90 0.9230769     
          SEX        0.8461538     
                                                               95% Confidence Interval
  Parameter                  Estimate       Standard Error      Lower           Upper
 --------------------------  --------------  --------------  --------------  --------------
     1:alpha g1 a0 t1        2.0439307       0.3200005       1.5066225       2.7728595                           
     2:alpha g1 a0.2 t1.2    2.4607370       0.3559421       1.8559859       3.2625390                           
     3:alpha g1 a0.4 t1.4    3.0804754       0.3489870       2.4688270       3.8436590                           
     4:alpha g1 a0.6 t1.6    2.3964471       0.2662590       1.9287798       2.9775086                           
     5:alpha g1 a0.8 t1.8    2.3291933       0.2783650       1.8443185       2.9415427                           
     6:alpha g1 a2.8 t3.8    3.4298663       0.3489483       2.8112454       4.1846160                           
     7:alpha g1 a3 t4        3.2584336       0.3236371       2.6833104       3.9568249                           
     8:alpha g1 a3.2 t4.2    2.4280633       0.2500264       1.9853548       2.9694900                           
     9:alpha g1 a3.4 t4.4    3.2138342       0.3669824       2.5712187       4.0170564                           
    10:alpha g1 a3.6 t4.6    3.1388724       0.3079608       2.5909500       3.8026668                           

  Program  MARK  - Survival Rate Estimation with Capture-Recapture Data
   gfortran(Win64) Vers. 8.1 Mar 2016    5-Aug-2016 15:49:17    Page  016
 - - - - - - - - - - - - - - - - - - - - - - - - - - - - - - - - - - - - - -
 
    11:alpha g1 a6.1 t7.1    3.3038639       0.2950960       2.7742381       3.9345997                           
    12:alpha g1 a6.3 t7.3    3.1194923       0.2471824       2.6714106       3.6427317                           
    13:alpha g1 a6.5 t7.5    2.5512289       0.2176262       2.1590865       3.0145937                           
    14:alpha g1 a6.7 t7.7    3.7254469       0.3613563       3.0818131       4.5035031                           
    15:alpha g1 a6.9 t7.9    3.2212417       0.2697550       2.7344168       3.7947390                           
    16:alpha g1 a9.567 t10.  2.7055050       0.2214526       2.3051027       3.1754582                           
    17:alpha g1 a9.767 t10.  2.8841029       0.2447001       2.4429758       3.4048840                           
    18:alpha g1 a9.967 t10.  2.6935839       0.2204673       2.2949617       3.1614444                           
    19:alpha g1 a10.167 t11  2.2546609       0.2018998       1.8923820       2.6862948                           
    20:alpha g1 a10.367 t11  2.1233885       0.2032097       1.7609743       2.5603888                           
    21:alpha g1 a12.134 t13  3.6558682       0.4106956       2.9353881       4.5531875                           
    22:alpha g1 a12.334 t13  2.7926900       0.2596422       2.3283782       3.3495923                           
    23:alpha g1 a12.534 t13  2.5681197       0.2836492       2.0695839       3.1867463                           
    24:alpha g1 a12.734 t13  2.2743106       0.2638527       1.8131187       2.8528132                           
    25:alpha g1 a12.934 t13  2.0314835       0.2464287       1.6029996       2.5745017                           
    26:alpha g1 a16.101 t17  3.4744723       0.3714615       2.8193064       4.2818893                           
    27:alpha g1 a16.301 t17  2.3066794       0.2407669       1.8809590       2.8287537                           
    28:alpha g1 a16.501 t17  2.9296723       0.3132502       2.3771831       3.6105674                           
    29:alpha g1 a16.701 t17  2.1678085       0.2509648       1.7290368       2.7179258                           
    30:alpha g1 a16.901 t17  2.8938328       0.3088381       2.3490171       3.5650093                           
    31:sigma g1 a0 t1        0.5102740       0.1362524       0.3050809       0.8534770                           
    32:sigma g1 a0.2 t1.2    0.4144352       0.0920004       0.2696267       0.6370161                           
    33:sigma g1 a0.4 t1.4    0.4109728       0.0833622       0.2772610       0.6091685                           
    34:sigma g1 a0.6 t1.6    0.5020102       0.1207786       0.3153496       0.7991583                           
    35:sigma g1 a0.8 t1.8    0.4951339       0.1171323       0.3133920       0.7822714                           
    36:sigma g1 a2.8 t3.8    0.4716564       0.1084413       0.3022959       0.7359008                           
    37:sigma g1 a3 t4        0.4153780       0.0907666       0.2720219       0.6342831                           
    38:sigma g1 a3.2 t4.2    0.4289070       0.0933988       0.2812838       0.6540057                           
    39:sigma g1 a3.4 t4.4    0.3905556       0.0931502       0.2462993       0.6193020                           
    40:sigma g1 a3.6 t4.6    0.4925657       0.1191741       0.3086298       0.7861228                           
    41:sigma g1 a6.1 t7.1    0.3898129       0.0775073       0.2649994       0.5734131                           
    42:sigma g1 a6.3 t7.3    0.3760269       0.0792051       0.2499560       0.5656846                           
    43:sigma g1 a6.5 t7.5    0.4165364       0.0757606       0.2924755       0.5932209                           
    44:sigma g1 a6.7 t7.7    0.3873392       0.0789118       0.2608765       0.5751062                           
    45:sigma g1 a6.9 t7.9    0.4032422       0.0756804       0.2800208       0.5806863                           
    46:sigma g1 a9.567 t10.  0.4891811       0.0699832       0.3700915       0.6465917                           
    47:sigma g1 a9.767 t10.  0.4646052       0.0650595       0.3535614       0.6105249                           
    48:sigma g1 a9.967 t10.  0.3978842       0.0747683       0.2761761       0.5732279                           
    49:sigma g1 a10.167 t11  0.5256120       0.0800420       0.3906441       0.7072115                           
    50:sigma g1 a10.367 t11  0.4624337       0.0686692       0.3462074       0.6176785                           
    51:sigma g1 a12.134 t13  0.3679393       0.1094796       0.2078981       0.6511813                           
    52:sigma g1 a12.334 t13  0.4683207       0.0814885       0.3338361       0.6569818                           
    53:sigma g1 a12.534 t13  0.5642811       0.1203857       0.3731734       0.8532577                           
    54:sigma g1 a12.734 t13  0.5115605       0.1059637       0.3423151       0.7644833                           
    55:sigma g1 a12.934 t13  0.5329332       0.1063384       0.3618102       0.7849909                           
    56:sigma g1 a16.101 t17  0.4404322       0.0914651       0.2944208       0.6588547                           

  Program  MARK  - Survival Rate Estimation with Capture-Recapture Data
   gfortran(Win64) Vers. 8.1 Mar 2016    5-Aug-2016 15:49:17    Page  017
 - - - - - - - - - - - - - - - - - - - - - - - - - - - - - - - - - - - - - -
 
    57:sigma g1 a16.301 t17  0.5248309       0.0976156       0.3656301       0.7533501                           
    58:sigma g1 a16.501 t17  0.4848558       0.1037691       0.3202364       0.7340989                           
    59:sigma g1 a16.701 t17  0.4859585       0.1037950       0.3212278       0.7351658                           
    60:sigma g1 a16.901 t17  0.6521835       0.1701465       0.3944058       1.0784406                           
    61:U g1 a0 t1            12.627323       1.8089479       9.5496521       16.696868                           
    62:U g1 a2.8 t3.8        17.917762       2.0174964       14.379391       22.326828                           
    63:U g1 a6.1 t7.1        20.374829       1.6829922       17.334113       23.948942                           
    64:U g1 a9.567 t10.567   31.027806       2.3942616       26.678680       36.085922                           
    65:U g1 a12.134 t13.134  18.140293       1.6626098       15.163202       21.701897                           
    66:U g1 a16.101 t17.101  24.872931       2.3685728       20.646718       29.964214                           
    67:Phi g1 c1 a0.8 t1.8   0.8814938       0.0421685       0.7712632       0.9425594                           
    68:Gamma'' g1 c1 a0.8 t  0.0500030       0.0487372       0.0069966       0.2822280                           
    69:Gamma' g1 c1 a0.8 t1  1.0000000       0.0000000       1.0000000       1.0000000                           
    70:Phi g1 c1 a0 t1       1.0000000       0.0000000       1.0000000       1.0000000       Fixed               
    71:Gamma'' g1 c1 a0 t1   0.0000000       0.0000000       0.0000000       0.0000000       Fixed               

  Program  MARK  - Survival Rate Estimation with Capture-Recapture Data
   gfortran(Win64) Vers. 8.1 Mar 2016    5-Aug-2016 15:49:17    Page  018
 - - - - - - - - - - - - - - - - - - - - - - - - - - - - - - - - - - - - - -
 


                      Estimates of Derived Parameters
 Population Estimates of { alpha(~1 + captive + age.t + sex + effort.trapdays + recordloss.agout.total)sigma(~1 + effort.var + recordloss.agout.var)U(~sample_month)Phi(~1)Gamma''(~1)Gamma }
                                                95% Confidence Interval
 Grp. Occ.   N-hat           Standard Error      Lower           Upper
 ---- ----   --------------  --------------  --------------  --------------
   1     1   15.627323       1.8089488       12.464624       19.592506     
   1     2   15.627323       1.8089488       12.464624       19.592506     
   1     3   15.627323       1.8089488       12.464624       19.592506     
   1     4   14.805420       1.8480070       11.603326       18.891174     
   1     5   15.627323       1.8089488       12.464624       19.592506     
   1     6   22.917762       2.0174971       19.292228       27.224631     
   1     7   22.917762       2.0174971       19.292228       27.224631     
   1     8   22.917762       2.0174971       19.292228       27.224631     
   1     9   20.035790       2.0431547       16.414505       24.455985     
   1    10   22.917762       2.0174971       19.292228       27.224631     
   1    11   25.614374       1.7175544       22.463114       29.207712     
   1    12   24.589000       1.7172257       21.447002       28.191304     
   1    13   24.742271       1.7307553       21.575875       28.373356     
   1    14   24.529328       1.7132900       21.394560       28.123409     
   1    15   24.608563       1.7205154       21.460788       28.218039     
   1    16   38.869282       2.5042892       34.262628       44.095308     
   1    17   38.658905       2.4781912       34.098795       43.828848     
   1    18   38.799667       2.5133408       34.177957       44.046348     
   1    19   39.218219       2.5303508       34.564044       44.499096     
   1    20   37.024946       2.5194583       32.406941       42.301019     
   1    21   22.327134       1.6968883       19.241220       25.907968     
   1    22   23.643077       1.7284069       20.490822       27.280266     
   1    23   23.726349       1.7465022       20.542687       27.403409     
   1    24   21.544099       1.7181184       18.431142       25.182823     
   1    25   22.938248       1.7621997       19.736167       26.659848     
   1    26   30.139643       2.4230003       25.752348       35.274379     
   1    27   30.599273       2.4725104       26.124149       35.840996     
   1    28   30.299932       2.4486294       25.868076       35.491078     
   1    29   29.550004       2.4750373       25.083388       34.811992     
   1    30   30.423618       2.4511437       25.986131       35.618866     
 Mean Resighting Rate Estimates of { alpha(~1 + captive + age.t + sex + effort.trapdays + recordloss.agout.total)sigma(~1 + effort.var + recordloss.agout.var)U(~sample_month)Phi(~1)Gamma''(~1)Gamma }
                                                95% Confidence Interval
 Grp. Occ.   Lambda-hat      Standard Error      Lower           Upper
 ---- ----   --------------  --------------  --------------  --------------
   1     1   2.3281280       0.3285215       1.7680046       3.0657048     
   1     2   2.6814003       0.3536461       2.0729054       3.4685170     
   1     3   3.3519199       0.3442230       2.7422538       4.0971287     
   1     4   2.7182666       0.2778028       2.2259981       3.3193979     
   1     5   2.6329392       0.2849283       2.1310460       3.2530358     
   1     6   3.8333963       0.3782531       3.1607842       4.6491396     
   1     7   3.5520185       0.3209867       2.9765232       4.2387827     
   1     8   2.6619915       0.2466216       2.2208215       3.1908007     
   1     9   3.4685322       0.3586856       2.8337022       4.2455823     

  Program  MARK  - Survival Rate Estimation with Capture-Recapture Data
   gfortran(Win64) Vers. 8.1 Mar 2016    5-Aug-2016 15:49:17    Page  019
 - - - - - - - - - - - - - - - - - - - - - - - - - - - - - - - - - - - - - -
 
   1    10   3.5437096       0.3433959       2.9320092       4.2830280     
   1    11   3.9423076       0.2866997       3.4192304       4.5454058     
   1    12   3.5823227       0.2318059       3.1560323       4.0661929     
   1    13   3.2317627       0.2073835       2.8501822       3.6644289     
   1    14   4.7348629       0.3512384       4.0949594       5.4747616     
   1    15   4.4334610       0.2594745       3.9533639       4.9718611     
   1    16   3.5649812       0.2259974       3.1488323       4.0361283     
   1    17   4.1289551       0.2426019       3.6801788       4.6324570     
   1    18   3.6961618       0.2156606       3.2970615       4.1435720     
   1    19   3.2039845       0.2080903       2.8213974       3.6384510     
   1    20   2.8755363       0.2101253       2.4922998       3.3177025     
   1    21   5.3495350       0.4039997       4.6144829       6.2016753     
   1    22   3.4804514       0.2389661       3.0427069       3.9811728     
   1    23   3.3650039       0.2710015       2.8743743       3.9393795     
   1    24   3.1688312       0.2540486       2.7087278       3.7070874     
   1    25   4.0147162       0.2871132       3.4902578       4.6179815     
   1    26   4.2067728       0.3459416       3.5815218       4.9411782     
   1    27   2.6472801       0.2134818       2.2608269       3.0997915     
   1    28   3.8450796       0.2855884       3.3248280       4.4467373     
   1    29   3.0820409       0.2475774       2.6337276       3.6066660     
   1    30   4.1170326       0.4257267       3.3635440       5.0393150     
 Pr(Captured 1 or more times) of { alpha(~1 + captive + age.t + sex + effort.trapdays + recordloss.agout.total)sigma(~1 + effort.var + recordloss.agout.var)U(~sample_month)Phi(~1)Gamma''(~1)Gamma }
                                                95% Confidence Interval
 Grp. Occ.      p*-hat       Standard Error      Lower           Upper
 ---- ----   --------------  --------------  --------------  --------------
   1     1   0.2916949       0.0143254       0.2644308       0.3205450     
   1     2   0.3066800       0.0101635       0.2871279       0.3269528     
   1     3   0.3174519       0.0061246       0.3055708       0.3295757     
   1     4   0.4591164       0.0155033       0.4289187       0.4896175     
   1     5   0.3007346       0.0103283       0.2808872       0.3213577     
   1     6   0.1906697       0.0034293       0.1840385       0.1974819     
   1     7   0.1905021       0.0032937       0.1841301       0.1970415     
   1     8   0.1814359       0.0049017       0.1720257       0.1912420     
   1     9   0.4721372       0.0101989       0.4522025       0.4921612     
   1    10   0.1881447       0.0040059       0.1804187       0.1961223     
   1    11   0.1935896       0.0021753       0.1893617       0.1978889     
   1    12   0.2398116       0.0031383       0.2337147       0.2460164     
   1    13   0.2361134       0.0036764       0.2289838       0.2433950     
   1    14   0.2452724       0.0019432       0.2414837       0.2491010     
   1    15   0.2442269       0.0019504       0.2404244       0.2480700     
   1    16   0.1327720       0.0023205       0.1282893       0.1373866     
   1    17   0.1376385       0.0014031       0.1349113       0.1404118     
   1    18   0.1357617       0.0018696       0.1321388       0.1394679     
   1    19   0.1304802       0.0026055       0.1254578       0.1356726     
   1    20   0.1784577       0.0047413       0.1693534       0.1879407     
   1    21   0.2471577       0.0014177       0.2443895       0.2499469     
   1    22   0.1867784       0.0034698       0.1800727       0.1936748     
   1    23   0.1845763       0.0049627       0.1750470       0.1945022     
   1    24   0.3096540       0.0073928       0.2953542       0.3243276     
   1    25   0.2395898       0.0036353       0.2325372       0.2467874     

  Program  MARK  - Survival Rate Estimation with Capture-Recapture Data
   gfortran(Win64) Vers. 8.1 Mar 2016    5-Aug-2016 15:49:17    Page  020
 - - - - - - - - - - - - - - - - - - - - - - - - - - - - - - - - - - - - - -
 
   1    26   0.1928499       0.0028521       0.1873214       0.1985017     
   1    27   0.1746315       0.0059923       0.1631962       0.1866894     
   1    28   0.1903821       0.0034593       0.1836941       0.1972547     
   1    29   0.2293716       0.0060734       0.2176853       0.2414918     
   1    30   0.1872900       0.0046512       0.1783440       0.1965775     

 Attempted ordering of parameters by estimatibility:
   1 10 13 12 15 14  2  7 11  3  4  8 16  5  6 17  9 18
 Beta number 18 is a singular value.

     CPU Time in seconds for last procedure was 9.84


  INPUT --- proc stop;

   * *  WARNING  * *   Numerical underflow occurred during final processing of this model. 
     IEEE flag status at final processing of this model:
     overflow       F
     divide by zero F
     invalid        F
     underflow      T
     inexact        T


     CPU Time in minutes for this job was 0.16

     Time Start = 15:49:10.773   Time End = 15:49:17.848

     Wall Clock Time in minutes for this job was 0.12


          E X E C U T I O N   S U C C E S S F U L 
