
   Program  MARK  - Survival Rate Estimation with Capture-Recapture Data
   gfortran(Win64) Vers. 8.1 Mar 2016    5-Aug-2016 15:53:55    Page  001
 - - - - - - - - - - - - - - - - - - - - - - - - - - - - - - - - - - - - - -
 
   This version was compiled by GCC version 5.3.0 using the options: 
     -cpp -iprefix c:\tdm-gcc-64\gcc\bin\../lib/gcc/x86_64-w64-mingw32/5.3.0/ -D_MT
     -U_REENTRANT -D IEEE -m64 -mtune=generic -march=x86-64 -mthreads -O2
     -fimplicit-none -fbounds-check -funroll-loops -ftree-vectorize
     -ffpe-summary=invalid,zero,overflow,underflow -fno-unsafe-math-optimizations
     -frounding-math -fsignaling-nans -fopenmp.

   This problem will use 3 of 4 possible threads.


  INPUT --- proc title ;

     CPU Time in seconds for last procedure was 0.00


  INPUT --- proc chmatrix occasions= 30 groups= 1 etype= PoissonMR 
  INPUT --- icovar = 32 ICMeans NoHist  hist= 14 ;

  INPUT ---    time interval 0.2 0.2 0.2 0.2 2 0.2 0.2 0.2 0.2 2.5 0.2 0.2 
  INPUT ---    0.2 0.2 2.667 0.2 0.2 0.2  0.2 1.767 0.2 0.2 0.2 0.2 3.167 
  INPUT ---    0.2 0.2 0.2 0.2 ;

  INPUT ---     icovariates captive age.t1 age.t1.2 age.t1.4  age.t1.6 
  INPUT ---    age.t1.8 age.t3.8 age.t4 age.t4.2 age.t4.4 age.t4.6 
  INPUT ---    age.t7.1 age.t7.3 age.t7.5 age.t7.7  age.t7.9 age.t10.567 
  INPUT ---    age.t10.767 age.t10.967 age.t11.167 age.t11.367 age.t13.134 
  INPUT ---    age.t13.334  age.t13.534 age.t13.734 age.t13.934 
  INPUT ---    age.t17.101 age.t17.301 age.t17.501 age.t17.701 age.t17.901 
  INPUT ---     sex ;

  INPUT ---    glabel(1)=Group 1;

      Number of unique encounter histories read was 14.

      Number of individual covariates read was 32.
      Time interval lengths vary and/or not equal to 1.

      Data type number is 115
      Data type is Poisson Mark Resight with Robust Design                                                             

     CPU Time in seconds for last procedure was 0.00

  Program  MARK  - Survival Rate Estimation with Capture-Recapture Data
   gfortran(Win64) Vers. 8.1 Mar 2016    5-Aug-2016 15:53:55    Page  002
 - - - - - - - - - - - - - - - - - - - - - - - - - - - - - - - - - - - - - -
 


  INPUT --- proc estimate link=Parm-Specific NOLOOP varest=2ndPart    ;


  INPUT --- model={ alpha(~1 + captive + age.t + sex + effort.trapdays 
  INPUT --- + recordloss.agout.total)sigma(~1 + 
  INPUT --- recordloss.agout.var)U(~sample_month)Phi(~1 + captive + 
  INPUT --- sample_month)Gamm };

  INPUT ---    fixed=2;
  INPUT ---        parm(74)=1 ;
  INPUT ---        parm(75)=0 ;

  INPUT ---    group=1 alpha    rows=1 cols=30 Square ;
  INPUT ---        1 2 3 4 5 6 7 8 9 10 11 12 13 14 15 16 17 18 19 20 21 22 
  INPUT ---       23 24 25 26 27 28 29 30 ;

  INPUT ---    group=1 sigma    rows=1 cols=30 Square ;
  INPUT ---        31 32 33 34 35 36 37 38 39 40 41 42 43 44 45 46 47 48 49 
  INPUT ---       50 51 52 53 54 55 56 57 58 59 60 ;

  INPUT ---    group=1 U    rows=1 cols=30 Square ;
  INPUT ---        61 61 61 61 61 62 62 62 62 62 63 63 63 63 63 64 64 64 64 
  INPUT ---       64 65 65 65 65 65 66 66 66 66 66 ;

  INPUT ---    group=1 Phi    rows=29 cols=29 Triang ;
  INPUT ---        74 74 74 74 67 74 74 74 74 68 74 74 74 74 69 74 74 74 74 
  INPUT ---       70 74 74 74 74 71 74 74 74 74 ;
  INPUT ---        74 74 74 74 74 74 74 74 74 74 74 74 74 74 74 74 74 74 74 
  INPUT ---       74 74 74 74 74 74 74 74 74 ;
  INPUT ---        74 74 74 74 74 74 74 74 74 74 74 74 74 74 74 74 74 74 74 
  INPUT ---       74 74 74 74 74 74 74 74 ;
  INPUT ---        74 74 74 74 74 74 74 74 74 74 74 74 74 74 74 74 74 74 74 
  INPUT ---       74 74 74 74 74 74 74 ;
  INPUT ---        74 74 74 74 74 74 74 74 74 74 74 74 74 74 74 74 74 74 74 
  INPUT ---       74 74 74 74 74 74 ;
  INPUT ---        74 74 74 74 68 74 74 74 74 69 74 74 74 74 70 74 74 74 74 
  INPUT ---       71 74 74 74 74 ;
  INPUT ---        74 74 74 74 74 74 74 74 74 74 74 74 74 74 74 74 74 74 74 
  INPUT ---       74 74 74 74 ;
  INPUT ---        74 74 74 74 74 74 74 74 74 74 74 74 74 74 74 74 74 74 74 
  INPUT ---       74 74 74 ;
  INPUT ---        74 74 74 74 74 74 74 74 74 74 74 74 74 74 74 74 74 74 74 
  INPUT ---       74 74 ;
  INPUT ---        74 74 74 74 74 74 74 74 74 74 74 74 74 74 74 74 74 74 74 

  Program  MARK  - Survival Rate Estimation with Capture-Recapture Data
   gfortran(Win64) Vers. 8.1 Mar 2016    5-Aug-2016 15:53:55    Page  003
 - - - - - - - - - - - - - - - - - - - - - - - - - - - - - - - - - - - - - -
 
  INPUT ---       74 ;
  INPUT ---        74 74 74 74 69 74 74 74 74 70 74 74 74 74 71 74 74 74 74 ;
  INPUT ---        74 74 74 74 74 74 74 74 74 74 74 74 74 74 74 74 74 74 ;
  INPUT ---        74 74 74 74 74 74 74 74 74 74 74 74 74 74 74 74 74 ;
  INPUT ---        74 74 74 74 74 74 74 74 74 74 74 74 74 74 74 74 ;
  INPUT ---        74 74 74 74 74 74 74 74 74 74 74 74 74 74 74 ;
  INPUT ---        74 74 74 74 70 74 74 74 74 71 74 74 74 74 ;
  INPUT ---        74 74 74 74 74 74 74 74 74 74 74 74 74 ;
  INPUT ---        74 74 74 74 74 74 74 74 74 74 74 74 ;
  INPUT ---        74 74 74 74 74 74 74 74 74 74 74 ;
  INPUT ---        74 74 74 74 74 74 74 74 74 74 ;
  INPUT ---        74 74 74 74 71 74 74 74 74 ;
  INPUT ---        74 74 74 74 74 74 74 74 ;
  INPUT ---        74 74 74 74 74 74 74 ;
  INPUT ---        74 74 74 74 74 74 ;
  INPUT ---        74 74 74 74 74 ;
  INPUT ---        74 74 74 74 ;
  INPUT ---        74 74 74 ;
  INPUT ---        74 74 ;
  INPUT ---        74 ;

  INPUT ---    group=1 Gamma''    rows=29 cols=29 Triang ;
  INPUT ---        75 75 75 75 72 75 75 75 75 72 75 75 75 75 72 75 75 75 75 
  INPUT ---       72 75 75 75 75 72 75 75 75 75 ;
  INPUT ---        75 75 75 75 75 75 75 75 75 75 75 75 75 75 75 75 75 75 75 
  INPUT ---       75 75 75 75 75 75 75 75 75 ;
  INPUT ---        75 75 75 75 75 75 75 75 75 75 75 75 75 75 75 75 75 75 75 
  INPUT ---       75 75 75 75 75 75 75 75 ;
  INPUT ---        75 75 75 75 75 75 75 75 75 75 75 75 75 75 75 75 75 75 75 
  INPUT ---       75 75 75 75 75 75 75 ;
  INPUT ---        75 75 75 75 75 75 75 75 75 75 75 75 75 75 75 75 75 75 75 
  INPUT ---       75 75 75 75 75 75 ;
  INPUT ---        75 75 75 75 72 75 75 75 75 72 75 75 75 75 72 75 75 75 75 
  INPUT ---       72 75 75 75 75 ;
  INPUT ---        75 75 75 75 75 75 75 75 75 75 75 75 75 75 75 75 75 75 75 
  INPUT ---       75 75 75 75 ;
  INPUT ---        75 75 75 75 75 75 75 75 75 75 75 75 75 75 75 75 75 75 75 
  INPUT ---       75 75 75 ;
  INPUT ---        75 75 75 75 75 75 75 75 75 75 75 75 75 75 75 75 75 75 75 
  INPUT ---       75 75 ;
  INPUT ---        75 75 75 75 75 75 75 75 75 75 75 75 75 75 75 75 75 75 75 
  INPUT ---       75 ;
  INPUT ---        75 75 75 75 72 75 75 75 75 72 75 75 75 75 72 75 75 75 75 ;
  INPUT ---        75 75 75 75 75 75 75 75 75 75 75 75 75 75 75 75 75 75 ;
  INPUT ---        75 75 75 75 75 75 75 75 75 75 75 75 75 75 75 75 75 ;
  INPUT ---        75 75 75 75 75 75 75 75 75 75 75 75 75 75 75 75 ;

  Program  MARK  - Survival Rate Estimation with Capture-Recapture Data
   gfortran(Win64) Vers. 8.1 Mar 2016    5-Aug-2016 15:53:55    Page  004
 - - - - - - - - - - - - - - - - - - - - - - - - - - - - - - - - - - - - - -
 
  INPUT ---        75 75 75 75 75 75 75 75 75 75 75 75 75 75 75 ;
  INPUT ---        75 75 75 75 72 75 75 75 75 72 75 75 75 75 ;
  INPUT ---        75 75 75 75 75 75 75 75 75 75 75 75 75 ;
  INPUT ---        75 75 75 75 75 75 75 75 75 75 75 75 ;
  INPUT ---        75 75 75 75 75 75 75 75 75 75 75 ;
  INPUT ---        75 75 75 75 75 75 75 75 75 75 ;
  INPUT ---        75 75 75 75 72 75 75 75 75 ;
  INPUT ---        75 75 75 75 75 75 75 75 ;
  INPUT ---        75 75 75 75 75 75 75 ;
  INPUT ---        75 75 75 75 75 75 ;
  INPUT ---        75 75 75 75 75 ;
  INPUT ---        75 75 75 75 ;
  INPUT ---        75 75 75 ;
  INPUT ---        75 75 ;
  INPUT ---        75 ;

  INPUT ---    group=1 Gamma'    rows=28 cols=28 Triang ;
  INPUT ---        75 75 75 73 75 75 75 75 73 75 75 75 75 73 75 75 75 75 73 
  INPUT ---       75 75 75 75 73 75 75 75 75 ;
  INPUT ---        75 75 75 75 75 75 75 75 75 75 75 75 75 75 75 75 75 75 75 
  INPUT ---       75 75 75 75 75 75 75 75 ;
  INPUT ---        75 75 75 75 75 75 75 75 75 75 75 75 75 75 75 75 75 75 75 
  INPUT ---       75 75 75 75 75 75 75 ;
  INPUT ---        75 75 75 75 75 75 75 75 75 75 75 75 75 75 75 75 75 75 75 
  INPUT ---       75 75 75 75 75 75 ;
  INPUT ---        75 75 75 75 75 75 75 75 75 75 75 75 75 75 75 75 75 75 75 
  INPUT ---       75 75 75 75 75 ;
  INPUT ---        75 75 75 73 75 75 75 75 73 75 75 75 75 73 75 75 75 75 73 
  INPUT ---       75 75 75 75 ;
  INPUT ---        75 75 75 75 75 75 75 75 75 75 75 75 75 75 75 75 75 75 75 
  INPUT ---       75 75 75 ;
  INPUT ---        75 75 75 75 75 75 75 75 75 75 75 75 75 75 75 75 75 75 75 
  INPUT ---       75 75 ;
  INPUT ---        75 75 75 75 75 75 75 75 75 75 75 75 75 75 75 75 75 75 75 
  INPUT ---       75 ;
  INPUT ---        75 75 75 75 75 75 75 75 75 75 75 75 75 75 75 75 75 75 75 ;
  INPUT ---        75 75 75 73 75 75 75 75 73 75 75 75 75 73 75 75 75 75 ;
  INPUT ---        75 75 75 75 75 75 75 75 75 75 75 75 75 75 75 75 75 ;
  INPUT ---        75 75 75 75 75 75 75 75 75 75 75 75 75 75 75 75 ;
  INPUT ---        75 75 75 75 75 75 75 75 75 75 75 75 75 75 75 ;
  INPUT ---        75 75 75 75 75 75 75 75 75 75 75 75 75 75 ;
  INPUT ---        75 75 75 73 75 75 75 75 73 75 75 75 75 ;
  INPUT ---        75 75 75 75 75 75 75 75 75 75 75 75 ;
  INPUT ---        75 75 75 75 75 75 75 75 75 75 75 ;
  INPUT ---        75 75 75 75 75 75 75 75 75 75 ;
  INPUT ---        75 75 75 75 75 75 75 75 75 ;

  Program  MARK  - Survival Rate Estimation with Capture-Recapture Data
   gfortran(Win64) Vers. 8.1 Mar 2016    5-Aug-2016 15:53:55    Page  005
 - - - - - - - - - - - - - - - - - - - - - - - - - - - - - - - - - - - - - -
 
  INPUT ---        75 75 75 73 75 75 75 75 ;
  INPUT ---        75 75 75 75 75 75 75 ;
  INPUT ---        75 75 75 75 75 75 ;
  INPUT ---        75 75 75 75 75 ;
  INPUT ---        75 75 75 75 ;
  INPUT ---        75 75 75 ;
  INPUT ---        75 75 ;
  INPUT ---        75 ;

  INPUT ---    initial  0.8492118 0 0 0 0 0 -0.3123225 0 3.139572 0 0 0 0 
  INPUT ---    0 2.0066797 0 0 0 0 0 -2.9445172 17.724958  ;

  INPUT ---    design matrix constraints=75 covariates=22;
  INPUT ---        1 captive age.t1 sex 96 0.186046511627907 0 0 0 0 0 0 0 0 
  INPUT ---       0 0 0 0 0 0 0 0;
  INPUT ---        1 captive age.t1.2 sex 96 0.127659574468085 0 0 0 0 0 0 0 
  INPUT ---       0 0 0 0 0 0 0 0 0;
  INPUT ---        1 captive age.t1.4 sex 114 0.08 0 0 0 0 0 0 0 0 0 0 0 0 0 
  INPUT ---       0 0 0;
  INPUT ---        1 captive age.t1.6 sex 120 0.166666666666667 0 0 0 0 0 0 0 
  INPUT ---       0 0 0 0 0 0 0 0 0;
  INPUT ---        1 captive age.t1.8 sex 115 0.169230769230769 0 0 0 0 0 0 0 
  INPUT ---       0 0 0 0 0 0 0 0 0;
  INPUT ---        1 captive age.t3.8 sex 126 0.0615384615384615 0 0 0 0 0 0 
  INPUT ---       0 0 0 0 0 0 0 0 0 0;
  INPUT ---        1 captive age.t4 sex 126 0.0776699029126214 0 0 0 0 0 0 0 
  INPUT ---       0 0 0 0 0 0 0 0 0;
  INPUT ---        1 captive age.t4.2 sex 126 0.170212765957447 0 0 0 0 0 0 0 
  INPUT ---       0 0 0 0 0 0 0 0 0;
  INPUT ---        1 captive age.t4.4 sex 114 0.0666666666666667 0 0 0 0 0 0 
  INPUT ---       0 0 0 0 0 0 0 0 0 0;
  INPUT ---        1 captive age.t4.6 sex 126 0.0894308943089431 0 0 0 0 0 0 
  INPUT ---       0 0 0 0 0 0 0 0 0 0;
  INPUT ---        1 captive age.t7.1 sex 139 0.08 0 0 0 0 0 0 0 0 0 0 0 0 0 
  INPUT ---       0 0 0;
  INPUT ---        1 captive age.t7.3 sex 168 0.135135135135135 0 0 0 0 0 0 0 
  INPUT ---       0 0 0 0 0 0 0 0 0;
  INPUT ---        1 captive age.t7.5 sex 180 0.213740458015267 0 0 0 0 0 0 0 
  INPUT ---       0 0 0 0 0 0 0 0 0;
  INPUT ---        1 captive age.t7.7 sex 174 0.0869565217391304 0 0 0 0 0 0 
  INPUT ---       0 0 0 0 0 0 0 0 0 0;
  INPUT ---        1 captive age.t7.9 sex 173 0.131428571428571 0 0 0 0 0 0 0 
  INPUT ---       0 0 0 0 0 0 0 0 0;
  INPUT ---        1 captive age.t10.567 sex 166 0.167441860465116 0 0 0 0 0 
  INPUT ---       0 0 0 0 0 0 0 0 0 0 0;
  INPUT ---        1 captive age.t10.767 sex 172 0.155 0 0 0 0 0 0 0 0 0 0 0 

  Program  MARK  - Survival Rate Estimation with Capture-Recapture Data
   gfortran(Win64) Vers. 8.1 Mar 2016    5-Aug-2016 15:53:55    Page  006
 - - - - - - - - - - - - - - - - - - - - - - - - - - - - - - - - - - - - - -
 
  INPUT ---       0 0 0 0 0;
  INPUT ---        1 captive age.t10.967 sex 166 0.168831168831169 0 0 0 0 0 
  INPUT ---       0 0 0 0 0 0 0 0 0 0 0;
  INPUT ---        1 captive age.t11.167 sex 171 0.231182795698925 0 0 0 0 0 
  INPUT ---       0 0 0 0 0 0 0 0 0 0 0;
  INPUT ---        1 captive age.t11.367 sex 151 0.224489795918367 0 0 0 0 0 
  INPUT ---       0 0 0 0 0 0 0 0 0 0 0;
  INPUT ---        1 captive age.t13.134 sex 192 0.125827814569536 0 0 0 0 0 
  INPUT ---       0 0 0 0 0 0 0 0 0 0 0;
  INPUT ---        1 captive age.t13.334 sex 185 0.201612903225806 0 0 0 0 0 
  INPUT ---       0 0 0 0 0 0 0 0 0 0 0;
  INPUT ---        1 captive age.t13.534 sex 198 0.244604316546763 0 0 0 0 0 
  INPUT ---       0 0 0 0 0 0 0 0 0 0 0;
  INPUT ---        1 captive age.t13.734 sex 198 0.282828282828283 0 0 0 0 0 
  INPUT ---       0 0 0 0 0 0 0 0 0 0 0;
  INPUT ---        1 captive age.t13.934 sex 195 0.314516129032258 0 0 0 0 0 
  INPUT ---       0 0 0 0 0 0 0 0 0 0 0;
  INPUT ---        1 captive age.t17.101 sex 192 0.137254901960784 0 0 0 0 0 
  INPUT ---       0 0 0 0 0 0 0 0 0 0 0;
  INPUT ---        1 captive age.t17.301 sex 192 0.266129032258065 0 0 0 0 0 
  INPUT ---       0 0 0 0 0 0 0 0 0 0 0;
  INPUT ---        1 captive age.t17.501 sex 198 0.198581560283688 0 0 0 0 0 
  INPUT ---       0 0 0 0 0 0 0 0 0 0 0;
  INPUT ---        1 captive age.t17.701 sex 198 0.293333333333333 0 0 0 0 0 
  INPUT ---       0 0 0 0 0 0 0 0 0 0 0;
  INPUT ---        1 captive age.t17.901 sex 198 0.202453987730061 0 0 0 0 0 
  INPUT ---       0 0 0 0 0 0 0 0 0 0 0;
  INPUT ---        0 0 0 0 0 0 1 0.0440135195492338 0 0 0 0 0 0 0 0 0 0 0 0 0 
  INPUT ---       0;
  INPUT ---        0 0 0 0 0 0 1 0.0138205395794682 0 0 0 0 0 0 0 0 0 0 0 0 0 
  INPUT ---       0;
  INPUT ---        0 0 0 0 0 0 1 0.0150462962962963 0 0 0 0 0 0 0 0 0 0 0 0 0 
  INPUT ---       0;
  INPUT ---        0 0 0 0 0 0 1 0.0435062197227376 0 0 0 0 0 0 0 0 0 0 0 0 0 
  INPUT ---       0;
  INPUT ---        0 0 0 0 0 0 1 0.0413898241676019 0 0 0 0 0 0 0 0 0 0 0 0 0 
  INPUT ---       0;
  INPUT ---        0 0 0 0 0 0 1 0.0334785353535354 0 0 0 0 0 0 0 0 0 0 0 0 0 
  INPUT ---       0;
  INPUT ---        0 0 0 0 0 0 1 0.0145442884245275 0 0 0 0 0 0 0 0 0 0 0 0 0 
  INPUT ---       0;
  INPUT ---        0 0 0 0 0 0 1 0.0193204258107552 0 0 0 0 0 0 0 0 0 0 0 0 0 
  INPUT ---       0;
  INPUT ---        0 0 0 0 0 0 1 0.00382154882154882 0 0 0 0 0 0 0 0 0 0 0 0 
  INPUT ---       0 0;
  INPUT ---        0 0 0 0 0 0 1 0.0399423854156923 0 0 0 0 0 0 0 0 0 0 0 0 0 

  Program  MARK  - Survival Rate Estimation with Capture-Recapture Data
   gfortran(Win64) Vers. 8.1 Mar 2016    5-Aug-2016 15:53:55    Page  007
 - - - - - - - - - - - - - - - - - - - - - - - - - - - - - - - - - - - - - -
 
  INPUT ---       0;
  INPUT ---        0 0 0 0 0 0 1 0.010060938021866 0 0 0 0 0 0 0 0 0 0 0 0 0 
  INPUT ---       0;
  INPUT ---        0 0 0 0 0 0 1 0.0120376449425667 0 0 0 0 0 0 0 0 0 0 0 0 0 
  INPUT ---       0;
  INPUT ---        0 0 0 0 0 0 1 0.0327860086977532 0 0 0 0 0 0 0 0 0 0 0 0 0 
  INPUT ---       0;
  INPUT ---        0 0 0 0 0 0 1 0.0190954813692234 0 0 0 0 0 0 0 0 0 0 0 0 0 
  INPUT ---       0;
  INPUT ---        0 0 0 0 0 0 1 0.0261489672463083 0 0 0 0 0 0 0 0 0 0 0 0 0 
  INPUT ---       0;
  INPUT ---        0 0 0 0 0 0 1 0.0512150912647815 0 0 0 0 0 0 0 0 0 0 0 0 0 
  INPUT ---       0;
  INPUT ---        0 0 0 0 0 0 1 0.0473122112945163 0 0 0 0 0 0 0 0 0 0 0 0 0 
  INPUT ---       0;
  INPUT ---        0 0 0 0 0 0 1 0.0226518050401979 0 0 0 0 0 0 0 0 0 0 0 0 0 
  INPUT ---       0;
  INPUT ---        0 0 0 0 0 0 1 0.0665651993646785 0 0 0 0 0 0 0 0 0 0 0 0 0 
  INPUT ---       0;
  INPUT ---        0 0 0 0 0 0 1 0.04010330058655 0 0 0 0 0 0 0 0 0 0 0 0 0 0;
  INPUT ---        0 0 0 0 0 0 1 0.0206820945059979 0 0 0 0 0 0 0 0 0 0 0 0 0 
  INPUT ---       0;
  INPUT ---        0 0 0 0 0 0 1 0.054918230087819 0 0 0 0 0 0 0 0 0 0 0 0 0 
  INPUT ---       0;
  INPUT ---        0 0 0 0 0 0 1 0.0879277557364401 0 0 0 0 0 0 0 0 0 0 0 0 0 
  INPUT ---       0;
  INPUT ---        0 0 0 0 0 0 1 0.0733113017934447 0 0 0 0 0 0 0 0 0 0 0 0 0 
  INPUT ---       0;
  INPUT ---        0 0 0 0 0 0 1 0.0785302039517285 0 0 0 0 0 0 0 0 0 0 0 0 0 
  INPUT ---       0;
  INPUT ---        0 0 0 0 0 0 1 0.0474808900748976 0 0 0 0 0 0 0 0 0 0 0 0 0 
  INPUT ---       0;
  INPUT ---        0 0 0 0 0 0 1 0.0746150243527953 0 0 0 0 0 0 0 0 0 0 0 0 0 
  INPUT ---       0;
  INPUT ---        0 0 0 0 0 0 1 0.0653219100102685 0 0 0 0 0 0 0 0 0 0 0 0 0 
  INPUT ---       0;
  INPUT ---        0 0 0 0 0 0 1 0.0656604289706052 0 0 0 0 0 0 0 0 0 0 0 0 0 
  INPUT ---       0;
  INPUT ---        0 0 0 0 0 0 1 0.109501305572734 0 0 0 0 0 0 0 0 0 0 0 0 0 
  INPUT ---       0;
  INPUT ---        0 0 0 0 0 0 0 0 1 0 0 0 0 0 0 0 0 0 0 0 0 0;
  INPUT ---        0 0 0 0 0 0 0 0 1 1 0 0 0 0 0 0 0 0 0 0 0 0;
  INPUT ---        0 0 0 0 0 0 0 0 1 0 1 0 0 0 0 0 0 0 0 0 0 0;
  INPUT ---        0 0 0 0 0 0 0 0 1 0 0 1 0 0 0 0 0 0 0 0 0 0;
  INPUT ---        0 0 0 0 0 0 0 0 1 0 0 0 1 0 0 0 0 0 0 0 0 0;
  INPUT ---        0 0 0 0 0 0 0 0 1 0 0 0 0 1 0 0 0 0 0 0 0 0;

  Program  MARK  - Survival Rate Estimation with Capture-Recapture Data
   gfortran(Win64) Vers. 8.1 Mar 2016    5-Aug-2016 15:53:55    Page  008
 - - - - - - - - - - - - - - - - - - - - - - - - - - - - - - - - - - - - - -
 
  INPUT ---        0 0 0 0 0 0 0 0 0 0 0 0 0 0 1 captive 0 0 0 0 0 0;
  INPUT ---        0 0 0 0 0 0 0 0 0 0 0 0 0 0 1 captive 1 0 0 0 0 0;
  INPUT ---        0 0 0 0 0 0 0 0 0 0 0 0 0 0 1 captive 0 1 0 0 0 0;
  INPUT ---        0 0 0 0 0 0 0 0 0 0 0 0 0 0 1 captive 0 0 1 0 0 0;
  INPUT ---        0 0 0 0 0 0 0 0 0 0 0 0 0 0 1 captive 0 0 0 1 0 0;
  INPUT ---        0 0 0 0 0 0 0 0 0 0 0 0 0 0 0 0 0 0 0 0 1 0;
  INPUT ---        0 0 0 0 0 0 0 0 0 0 0 0 0 0 0 0 0 0 0 0 0 1;
  INPUT ---        0 0 0 0 0 0 0 0 0 0 0 0 0 0 0 0 0 0 0 0 0 0;
  INPUT ---        0 0 0 0 0 0 0 0 0 0 0 0 0 0 0 0 0 0 0 0 0 0;

  INPUT ---    links=75;

  INPUT ---    Log;

  INPUT ---    Log;

  INPUT ---    Log;

  INPUT ---    Log;

  INPUT ---    Log;

  INPUT ---    Log;

  INPUT ---    Log;

  INPUT ---    Log;

  INPUT ---    Log;

  INPUT ---    Log;

  INPUT ---    Log;

  INPUT ---    Log;

  INPUT ---    Log;

  INPUT ---    Log;

  INPUT ---    Log;

  INPUT ---    Log;

  INPUT ---    Log;


  Program  MARK  - Survival Rate Estimation with Capture-Recapture Data
   gfortran(Win64) Vers. 8.1 Mar 2016    5-Aug-2016 15:53:55    Page  009
 - - - - - - - - - - - - - - - - - - - - - - - - - - - - - - - - - - - - - -
 
  INPUT ---    Log;

  INPUT ---    Log;

  INPUT ---    Log;

  INPUT ---    Log;

  INPUT ---    Log;

  INPUT ---    Log;

  INPUT ---    Log;

  INPUT ---    Log;

  INPUT ---    Log;

  INPUT ---    Log;

  INPUT ---    Log;

  INPUT ---    Log;

  INPUT ---    Log;

  INPUT ---    Log;

  INPUT ---    Log;

  INPUT ---    Log;

  INPUT ---    Log;

  INPUT ---    Log;

  INPUT ---    Log;

  INPUT ---    Log;

  INPUT ---    Log;

  INPUT ---    Log;

  INPUT ---    Log;


  Program  MARK  - Survival Rate Estimation with Capture-Recapture Data
   gfortran(Win64) Vers. 8.1 Mar 2016    5-Aug-2016 15:53:55    Page  010
 - - - - - - - - - - - - - - - - - - - - - - - - - - - - - - - - - - - - - -
 
  INPUT ---    Log;

  INPUT ---    Log;

  INPUT ---    Log;

  INPUT ---    Log;

  INPUT ---    Log;

  INPUT ---    Log;

  INPUT ---    Log;

  INPUT ---    Log;

  INPUT ---    Log;

  INPUT ---    Log;

  INPUT ---    Log;

  INPUT ---    Log;

  INPUT ---    Log;

  INPUT ---    Log;

  INPUT ---    Log;

  INPUT ---    Log;

  INPUT ---    Log;

  INPUT ---    Log;

  INPUT ---    Log;

  INPUT ---    Log;

  INPUT ---    Log;

  INPUT ---    Log;

  INPUT ---    Log;


  Program  MARK  - Survival Rate Estimation with Capture-Recapture Data
   gfortran(Win64) Vers. 8.1 Mar 2016    5-Aug-2016 15:53:55    Page  011
 - - - - - - - - - - - - - - - - - - - - - - - - - - - - - - - - - - - - - -
 
  INPUT ---    Log;

  INPUT ---    Log;

  INPUT ---    Log;

  INPUT ---    Logit;

  INPUT ---    Logit;

  INPUT ---    Logit;

  INPUT ---    Logit;

  INPUT ---    Logit;

  INPUT ---    Logit;

  INPUT ---    Logit;

  INPUT ---    Logit;

  INPUT ---    Logit;
  INPUT ---       blabel(1)=alpha:(Intercept);
  INPUT ---       blabel(2)=alpha:captive;
  INPUT ---       blabel(3)=alpha:age.t;
  INPUT ---       blabel(4)=alpha:sex;
  INPUT ---       blabel(5)=alpha:effort.trapdays;
  INPUT ---       blabel(6)=alpha:recordloss.agout.total;
  INPUT ---       blabel(7)=sigma:(Intercept);
  INPUT ---       blabel(8)=sigma:recordloss.agout.var;
  INPUT ---       blabel(9)=U:(Intercept);
  INPUT ---       blabel(10)=U:sample_monthB;
  INPUT ---       blabel(11)=U:sample_monthC;
  INPUT ---       blabel(12)=U:sample_monthD;
  INPUT ---       blabel(13)=U:sample_monthE;
  INPUT ---       blabel(14)=U:sample_monthF;
  INPUT ---       blabel(15)=Phi:(Intercept);
  INPUT ---       blabel(16)=Phi:captive;
  INPUT ---       blabel(17)=Phi:sample_monthB;
  INPUT ---       blabel(18)=Phi:sample_monthC;
  INPUT ---       blabel(19)=Phi:sample_monthD;
  INPUT ---       blabel(20)=Phi:sample_monthE;
  INPUT ---       blabel(21)=GammaDoublePrime:(Intercept);
  INPUT ---       blabel(22)=GammaPrime:(Intercept);
  INPUT ---       rlabel(1)=alpha g1 a0 t1;

  Program  MARK  - Survival Rate Estimation with Capture-Recapture Data
   gfortran(Win64) Vers. 8.1 Mar 2016    5-Aug-2016 15:53:55    Page  012
 - - - - - - - - - - - - - - - - - - - - - - - - - - - - - - - - - - - - - -
 
  INPUT ---       rlabel(2)=alpha g1 a0.2 t1.2;
  INPUT ---       rlabel(3)=alpha g1 a0.4 t1.4;
  INPUT ---       rlabel(4)=alpha g1 a0.6 t1.6;
  INPUT ---       rlabel(5)=alpha g1 a0.8 t1.8;
  INPUT ---       rlabel(6)=alpha g1 a2.8 t3.8;
  INPUT ---       rlabel(7)=alpha g1 a3 t4;
  INPUT ---       rlabel(8)=alpha g1 a3.2 t4.2;
  INPUT ---       rlabel(9)=alpha g1 a3.4 t4.4;
  INPUT ---       rlabel(10)=alpha g1 a3.6 t4.6;
  INPUT ---       rlabel(11)=alpha g1 a6.1 t7.1;
  INPUT ---       rlabel(12)=alpha g1 a6.3 t7.3;
  INPUT ---       rlabel(13)=alpha g1 a6.5 t7.5;
  INPUT ---       rlabel(14)=alpha g1 a6.7 t7.7;
  INPUT ---       rlabel(15)=alpha g1 a6.9 t7.9;
  INPUT ---       rlabel(16)=alpha g1 a9.567 t10.567;
  INPUT ---       rlabel(17)=alpha g1 a9.767 t10.767;
  INPUT ---       rlabel(18)=alpha g1 a9.967 t10.967;
  INPUT ---       rlabel(19)=alpha g1 a10.167 t11.167;
  INPUT ---       rlabel(20)=alpha g1 a10.367 t11.367;
  INPUT ---       rlabel(21)=alpha g1 a12.134 t13.134;
  INPUT ---       rlabel(22)=alpha g1 a12.334 t13.334;
  INPUT ---       rlabel(23)=alpha g1 a12.534 t13.534;
  INPUT ---       rlabel(24)=alpha g1 a12.734 t13.734;
  INPUT ---       rlabel(25)=alpha g1 a12.934 t13.934;
  INPUT ---       rlabel(26)=alpha g1 a16.101 t17.101;
  INPUT ---       rlabel(27)=alpha g1 a16.301 t17.301;
  INPUT ---       rlabel(28)=alpha g1 a16.501 t17.501;
  INPUT ---       rlabel(29)=alpha g1 a16.701 t17.701;
  INPUT ---       rlabel(30)=alpha g1 a16.901 t17.901;
  INPUT ---       rlabel(31)=sigma g1 a0 t1;
  INPUT ---       rlabel(32)=sigma g1 a0.2 t1.2;
  INPUT ---       rlabel(33)=sigma g1 a0.4 t1.4;
  INPUT ---       rlabel(34)=sigma g1 a0.6 t1.6;
  INPUT ---       rlabel(35)=sigma g1 a0.8 t1.8;
  INPUT ---       rlabel(36)=sigma g1 a2.8 t3.8;
  INPUT ---       rlabel(37)=sigma g1 a3 t4;
  INPUT ---       rlabel(38)=sigma g1 a3.2 t4.2;
  INPUT ---       rlabel(39)=sigma g1 a3.4 t4.4;
  INPUT ---       rlabel(40)=sigma g1 a3.6 t4.6;
  INPUT ---       rlabel(41)=sigma g1 a6.1 t7.1;
  INPUT ---       rlabel(42)=sigma g1 a6.3 t7.3;
  INPUT ---       rlabel(43)=sigma g1 a6.5 t7.5;
  INPUT ---       rlabel(44)=sigma g1 a6.7 t7.7;
  INPUT ---       rlabel(45)=sigma g1 a6.9 t7.9;
  INPUT ---       rlabel(46)=sigma g1 a9.567 t10.567;
  INPUT ---       rlabel(47)=sigma g1 a9.767 t10.767;

  Program  MARK  - Survival Rate Estimation with Capture-Recapture Data
   gfortran(Win64) Vers. 8.1 Mar 2016    5-Aug-2016 15:53:55    Page  013
 - - - - - - - - - - - - - - - - - - - - - - - - - - - - - - - - - - - - - -
 
  INPUT ---       rlabel(48)=sigma g1 a9.967 t10.967;
  INPUT ---       rlabel(49)=sigma g1 a10.167 t11.167;
  INPUT ---       rlabel(50)=sigma g1 a10.367 t11.367;
  INPUT ---       rlabel(51)=sigma g1 a12.134 t13.134;
  INPUT ---       rlabel(52)=sigma g1 a12.334 t13.334;
  INPUT ---       rlabel(53)=sigma g1 a12.534 t13.534;
  INPUT ---       rlabel(54)=sigma g1 a12.734 t13.734;
  INPUT ---       rlabel(55)=sigma g1 a12.934 t13.934;
  INPUT ---       rlabel(56)=sigma g1 a16.101 t17.101;
  INPUT ---       rlabel(57)=sigma g1 a16.301 t17.301;
  INPUT ---       rlabel(58)=sigma g1 a16.501 t17.501;
  INPUT ---       rlabel(59)=sigma g1 a16.701 t17.701;
  INPUT ---       rlabel(60)=sigma g1 a16.901 t17.901;
  INPUT ---       rlabel(61)=U g1 a0 t1;
  INPUT ---       rlabel(62)=U g1 a2.8 t3.8;
  INPUT ---       rlabel(63)=U g1 a6.1 t7.1;
  INPUT ---       rlabel(64)=U g1 a9.567 t10.567;
  INPUT ---       rlabel(65)=U g1 a12.134 t13.134;
  INPUT ---       rlabel(66)=U g1 a16.101 t17.101;
  INPUT ---       rlabel(67)=Phi g1 c1 a0.8 t1.8;
  INPUT ---       rlabel(68)=Phi g1 c1 a3.6 t4.6;
  INPUT ---       rlabel(69)=Phi g1 c1 a6.9 t7.9;
  INPUT ---       rlabel(70)=Phi g1 c1 a10.367 t11.367;
  INPUT ---       rlabel(71)=Phi g1 c1 a12.934 t13.934;
  INPUT ---       rlabel(72)=Gamma'' g1 c1 a0.8 t1.8;
  INPUT ---       rlabel(73)=Gamma' g1 c1 a0.8 t1.8;
  INPUT ---       rlabel(74)=Phi g1 c1 a0 t1;
  INPUT ---       rlabel(75)=Gamma'' g1 c1 a0 t1;

 Link Function Used is PARM-SPECIFIC

 Variance Estimation Procedure Used is 2ndPart 

 M(t+1):
 Group=Group 1                                                                         
       3      3      3      2      3      5      5      5      2      5      5
       4      4      4      4     10      7      7      7      5      5      5
       5      3      4      5      5      5      4      5


 -2logL(saturated) = -0.0000000    
 Effective Sample Size = 169
 Results from first iteration:
  -2logL Initial { alpha(~1 + captive + age.t + sex + effort.trapdays + recordloss.agout.total)sigma(~1 + recordloss.agout.var)U(~sample_month)Phi(~1 + captive + sample_month)Gamm } = 1138.4459     
  Penalty Initial { alpha(~1 + captive + age.t + sex + effort.trapdays + recordloss.agout.total)sigma(~1 + recordloss.agout.var)U(~sample_month)Phi(~1 + captive + sample_month)Gamm } = -0.0000000    

 Number of function evaluations was 37 for 22 parameters.
 Time for numerical optimization was 6.25 seconds.

  Program  MARK  - Survival Rate Estimation with Capture-Recapture Data
   gfortran(Win64) Vers. 8.1 Mar 2016    5-Aug-2016 15:53:59    Page  014
 - - - - - - - - - - - - - - - - - - - - - - - - - - - - - - - - - - - - - -
 
 -2logL { alpha(~1 + captive + age.t + sex + effort.trapdays + recordloss.agout.total)sigma(~1 + recordloss.agout.var)U(~sample_month)Phi(~1 + captive + sample_month)Gamm } = 1044.0631     
 Penalty { alpha(~1 + captive + age.t + sex + effort.trapdays + recordloss.agout.total)sigma(~1 + recordloss.agout.var)U(~sample_month)Phi(~1 + captive + sample_month)Gamm } = -0.0000000    

   * *  WARNING  * *   Numerical underflow occurred during optimization of this model. 
     IEEE flag status at end of optimization:
     overflow       F
     divide by zero F
     invalid        F
     underflow      T
     inexact        T

 Gradient { alpha(~1 + captive + age.t + sex + effort.trapdays + recordloss.agout.total)sigma(~1 + recordloss.agout.var)U(~sample_month)Phi(~1 + captive + sample_month)Gamm }:
  0.2191515E-02-0.1650219E-01 0.3069858E-03-0.4249084E-01 0.5473923E-02
  0.8201456E-02-0.1816937    -0.7340216E-02 0.2780602E-01-0.1872081E-01
 -0.6448258E-01-0.1052045     0.9452824E-01 0.6561601E-01-0.9221261E-02
 -0.4060394E-02-0.5161849E-02-0.6319509E-02 0.1916072E-02 0.2085115E-03
  0.8532337E-03  0.000000    
 S Vector { alpha(~1 + captive + age.t + sex + effort.trapdays + recordloss.agout.total)sigma(~1 + recordloss.agout.var)U(~sample_month)Phi(~1 + captive + sample_month)Gamm }:
   6638.067      393.0508      305.7829      270.3191      241.3905    
   221.2687      126.7520      55.57363      34.37158      27.49451    
   9.854095      7.534071      4.410895      2.528567      1.673118    
  0.9503733     0.9489032     0.9060671     0.6980961     0.7676808E-01
  0.5247502E-05 0.8106035E-08
 Time to compute number of parameters was 4.86 seconds.
   Threshold =  0.4600000E-06     Condition index =  0.1221144E-11     New Threshold =  0.3802068E-07
 New Guessimate of Estimated Parameters { alpha(~1 + captive + age.t + sex + effort.trapdays + recordloss.agout.total)sigma(~1 + recordloss.agout.var)U(~sample_month)Phi(~1 + captive + sample_month)Gamm } = 20          
 Conditioned S Vector { alpha(~1 + captive + age.t + sex + effort.trapdays + recordloss.agout.total)sigma(~1 + recordloss.agout.var)U(~sample_month)Phi(~1 + captive + sample_month)Gamm }:
   1.000000     0.5921163E-01 0.4606505E-01 0.4072256E-01 0.3636457E-01
  0.3333330E-01 0.1909471E-01 0.8371959E-02 0.5177949E-02 0.4141944E-02
  0.1484482E-02 0.1134980E-02 0.6644849E-03 0.3809192E-03 0.2520489E-03
  0.1431702E-03 0.1429487E-03 0.1364956E-03 0.1051656E-03 0.1156482E-04
  0.7905166E-09 0.1221144E-11
 Number of Estimated Parameters { alpha(~1 + captive + age.t + sex + effort.trapdays + recordloss.agout.total)sigma(~1 + recordloss.agout.var)U(~sample_month)Phi(~1 + captive + sample_month)Gamm } = 20          
 DEVIANCE { alpha(~1 + captive + age.t + sex + effort.trapdays + recordloss.agout.total)sigma(~1 + recordloss.agout.var)U(~sample_month)Phi(~1 + captive + sample_month)Gamm } = 1044.0631                     
 DEVIANCE Degrees of Freedom { alpha(~1 + captive + age.t + sex + effort.trapdays + recordloss.agout.total)sigma(~1 + recordloss.agout.var)U(~sample_month)Phi(~1 + captive + sample_month)Gamm } = -6            
 c-hat { alpha(~1 + captive + age.t + sex + effort.trapdays + recordloss.agout.total)sigma(~1 + recordloss.agout.var)U(~sample_month)Phi(~1 + captive + sample_month)Gamm } = 1.0000000                     
 AIC { alpha(~1 + captive + age.t + sex + effort.trapdays + recordloss.agout.total)sigma(~1 + recordloss.agout.var)U(~sample_month)Phi(~1 + captive + sample_month)Gamm } = 1084.0631                  
 AICc { alpha(~1 + captive + age.t + sex + effort.trapdays + recordloss.agout.total)sigma(~1 + recordloss.agout.var)U(~sample_month)Phi(~1 + captive + sample_month)Gamm } = 1089.7387                    
 BIC { alpha(~1 + captive + age.t + sex + effort.trapdays + recordloss.agout.total)sigma(~1 + recordloss.agout.var)U(~sample_month)Phi(~1 + captive + sample_month)Gamm } = 1146.6610                    
 Pearson Chisquare { alpha(~1 + captive + age.t + sex + effort.trapdays + recordloss.agout.total)sigma(~1 + recordloss.agout.var)U(~sample_month)Phi(~1 + captive + sample_month)Gamm } = 0.7982756E+032             

   * *  WARNING  * *   Numerical underflow occurred during variance-covariance calculation of this model. 
     IEEE flag status at end of variance-covariance calculation:
     overflow       F
     divide by zero F
     invalid        F
     underflow      T
     inexact        T



 PARM-SPECIFIC Link Function Parameters of { alpha(~1 + captive + age.t + sex + effort.trapdays + recordloss.agout.total)sigma(~1 + recordloss.agout.var)U(~sample_month)Phi(~1 + captive + sample_month)Gamm }
                                                              95% Confidence Interval
 Parameter                    Beta         Standard Error      Lower           Upper
 -------------------------  --------------  --------------  --------------  --------------
    1:alpha:(Intercept)     0.2968975       0.4145636       -0.5156473      1.1094422     
    2:alpha:captive         0.2497001       0.1107167       0.0326953       0.4667049     
    3:alpha:age.t           0.1850640       0.1608885       -0.1302774      0.5004055     

  Program  MARK  - Survival Rate Estimation with Capture-Recapture Data
   gfortran(Win64) Vers. 8.1 Mar 2016    5-Aug-2016 15:54:02    Page  015
 - - - - - - - - - - - - - - - - - - - - - - - - - - - - - - - - - - - - - -
 
    4:alpha:sex             0.5154377       0.2066314       0.1104401       0.9204353     
    5:alpha:effort.trapday  0.0036346       0.0018409       0.2653309E-004  0.0072427     
    6:alpha:recordloss.ago  -3.1252678      0.5833023       -4.2685403      -1.9819952    
    7:sigma:(Intercept)     -1.0141478      0.2232034       -1.4516266      -0.5766691    
    8:sigma:recordloss.ago  5.3594609       3.5979950       -1.6926095      12.411531     
    9:U:(Intercept)         2.5300710       0.1390731       2.2574877       2.8026543     
   10:U:sample_monthB       0.3590816       0.1294607       0.1053387       0.6128245     
   11:U:sample_monthC       0.4862619       0.1493758       0.1934854       0.7790384     
   12:U:sample_monthD       0.9118464       0.1475440       0.6226603       1.2010326     
   13:U:sample_monthE       0.3686452       0.1706299       0.0342106       0.7030799     
   14:U:sample_monthF       0.6886000       0.1749411       0.3457155       1.0314846     
   15:Phi:(Intercept)       12.144939       195.22741       -370.50078      394.79066     
   16:Phi:captive           1.0551244       1.1571204       -1.2128317      3.3230805     
   17:Phi:sample_monthB     -10.122343      195.22825       -392.76972      372.52504     
   18:Phi:sample_monthC     -9.9881822      195.22791       -392.63489      372.65853     
   19:Phi:sample_monthD     -11.436257      195.22696       -394.08110      371.20859     
   20:Phi:sample_monthE     -9.6865210      195.22941       -392.33617      372.96313     
   21:GammaDoublePrime:(In  -2.9439728      1.0257814       -4.9545044      -0.9334411    
   22:GammaPrime:(Intercep  17.724958       0.0000000       17.724958       17.724958     


 Real Function Parameters of { alpha(~1 + captive + age.t + sex + effort.trapdays + recordloss.agout.total)sigma(~1 + recordloss.agout.var)U(~sample_month)Phi(~1 + captive + sample_month)Gamm }

  Program  MARK  - Survival Rate Estimation with Capture-Recapture Data
   gfortran(Win64) Vers. 8.1 Mar 2016    5-Aug-2016 15:54:02    Page  016
 - - - - - - - - - - - - - - - - - - - - - - - - - - - - - - - - - - - - - -
 

      Following estimates based on unstandardized individual covariate values:
          Variable   Value         
          ---------  ------------- 
          CAPTIVE    0.2142857     
          AGE.T1     1.0000000     
          AGE.T1.2   1.0000000     
          AGE.T1.4   1.0000000     
          AGE.T1.6   1.0000000     
          AGE.T1.8   1.0000000     
          AGE.T3.8   1.0000000     
          AGE.T4     1.0000000     
          AGE.T4.2   1.0000000     
          AGE.T4.4   1.0000000     
          AGE.T4.6   1.0000000     
          AGE.T7.1   0.8333333     
          AGE.T7.3   0.8333333     
          AGE.T7.5   0.8333333     
          AGE.T7.7   0.8333333     
          AGE.T7.9   0.8333333     
          AGE.T10.56 0.6666667     
          AGE.T10.76 0.6666667     
          AGE.T10.96 0.6666667     
          AGE.T11.16 0.6666667     
          AGE.T11.36 0.6666667     
          AGE.T13.13 1.0000000     
          AGE.T13.33 1.0000000     
          AGE.T13.53 1.0000000     
          AGE.T13.73 1.0000000     
          AGE.T13.93 1.0000000     
          AGE.T17.10 0.9230769     
          AGE.T17.30 0.9230769     
          AGE.T17.50 0.9230769     
          AGE.T17.70 0.9230769     
          AGE.T17.90 0.9230769     
          SEX        0.8461538     
                                                               95% Confidence Interval
  Parameter                  Estimate       Standard Error      Lower           Upper
 --------------------------  --------------  --------------  --------------  --------------
     1:alpha g1 a0 t1        2.0940243       0.3006967       1.5826038       2.7707108                           
     2:alpha g1 a0.2 t1.2    2.5132143       0.3351190       1.9374280       3.2601191                           
     3:alpha g1 a0.4 t1.4    3.1140833       0.3371514       2.5202297       3.8478693                           
     4:alpha g1 a0.6 t1.6    2.4275586       0.2549164       1.9771011       2.9806471                           
     5:alpha g1 a0.8 t1.8    2.3648141       0.2650306       1.8997503       2.9437266                           
     6:alpha g1 a2.8 t3.8    3.4461154       0.3430821       2.8365781       4.1866331                           
     7:alpha g1 a3 t4        3.2766861       0.3171074       2.7117436       3.9593240                           
     8:alpha g1 a3.2 t4.2    2.4537350       0.2411303       2.0247846       2.9735585                           
     9:alpha g1 a3.4 t4.4    3.2465895       0.3558784       2.6205880       4.0221290                           
    10:alpha g1 a3.6 t4.6    3.1584339       0.3009564       2.6214732       3.8053812                           

  Program  MARK  - Survival Rate Estimation with Capture-Recapture Data
   gfortran(Win64) Vers. 8.1 Mar 2016    5-Aug-2016 15:54:02    Page  017
 - - - - - - - - - - - - - - - - - - - - - - - - - - - - - - - - - - - - - -
 
    11:alpha g1 a6.1 t7.1    3.3067194       0.2917843       2.7824778       3.9297325                           
    12:alpha g1 a6.3 t7.3    3.0927134       0.2371222       2.6617754       3.5934197                           
    13:alpha g1 a6.5 t7.5    2.5269214       0.2092244       2.1489824       2.9713281                           
    14:alpha g1 a6.7 t7.7    3.6745390       0.3376559       3.0700702       4.3980222                           
    15:alpha g1 a6.9 t7.9    3.1861268       0.2547670       2.7246267       3.7257962                           
    16:alpha g1 a9.567 t10.  2.6911494       0.2174456       2.2975825       3.1521329                           
    17:alpha g1 a9.767 t10.  2.8595387       0.2360226       2.4330825       3.3607417                           
    18:alpha g1 a9.967 t10.  2.6794899       0.2165658       2.2875243       3.1386186                           
    19:alpha g1 a10.167 t11  2.2455131       0.2003315       1.8859295       2.6736574                           
    20:alpha g1 a10.367 t11  2.1322097       0.2021178       1.7714184       2.5664847                           
    21:alpha g1 a12.134 t13  3.5830410       0.3688367       2.9299395       4.3817227                           
    22:alpha g1 a12.334 t13  2.7563870       0.2442657       2.3176851       3.2781284                           
    23:alpha g1 a12.534 t13  2.5264402       0.2645840       2.0587680       3.1003494                           
    24:alpha g1 a12.734 t13  2.2419615       0.2517076       1.8003632       2.7918763                           
    25:alpha g1 a12.934 t13  2.0085524       0.2402473       1.5901153       2.5371008                           
    26:alpha g1 a16.101 t17  3.4084698       0.3335682       2.8148415       4.1272898                           
    27:alpha g1 a16.301 t17  2.2784544       0.2308090       1.8690952       2.7774691                           
    28:alpha g1 a16.501 t17  2.8760247       0.2839112       2.3711937       3.4883350                           
    29:alpha g1 a16.701 t17  2.1388844       0.2407035       1.7167030       2.6648909                           
    30:alpha g1 a16.901 t17  2.8414277       0.2804899       2.3426792       3.4463581                           
    31:sigma g1 a0 t1        0.4592047       0.0637101       0.3503248       0.6019242                           
    32:sigma g1 a0.2 t1.2    0.3905977       0.0728842       0.2718019       0.5613152                           
    33:sigma g1 a0.4 t1.4    0.3931721       0.0722053       0.2751395       0.5618398                           
    34:sigma g1 a0.6 t1.6    0.4579579       0.0636470       0.3492117       0.6005683                           
    35:sigma g1 a0.8 t1.8    0.4527928       0.0634966       0.3444382       0.5952340                           
    36:sigma g1 a2.8 t3.8    0.4339956       0.0643725       0.3250234       0.5795034                           
    37:sigma g1 a3 t4        0.3921157       0.0724820       0.2737712       0.5616176                           
    38:sigma g1 a3.2 t4.2    0.4022825       0.0699371       0.2868446       0.5641773                           
    39:sigma g1 a3.4 t4.4    0.3702168       0.0786892       0.2452030       0.5589674                           
    40:sigma g1 a3.6 t4.6    0.4492938       0.0634944       0.3410597       0.5918758                           
    41:sigma g1 a6.1 t7.1    0.3828061       0.0750236       0.2616519       0.5600591                           
    42:sigma g1 a6.3 t7.3    0.3868832       0.0738893       0.2669703       0.5606562                           
    43:sigma g1 a6.5 t7.5    0.4323878       0.0645430       0.3232292       0.5784105                           
    44:sigma g1 a6.7 t7.7    0.4017978       0.0700519       0.2862270       0.5640330                           
    45:sigma g1 a6.9 t7.9    0.4172776       0.0667772       0.3055375       0.5698830                           
    46:sigma g1 a9.567 t10.  0.4772749       0.0658249       0.3646892       0.6246178                           
    47:sigma g1 a9.767 t10.  0.4673953       0.0643887       0.3572489       0.6115019                           
    48:sigma g1 a9.967 t10.  0.4095295       0.0683094       0.2959889       0.5666240                           
    49:sigma g1 a10.167 t11  0.5181999       0.0786199       0.3855555       0.6964784                           
    50:sigma g1 a10.367 t11  0.4496815       0.0634907       0.3414396       0.5922378                           
    51:sigma g1 a12.134 t13  0.4052290       0.0692545       0.2905838       0.5651057                           
    52:sigma g1 a12.334 t13  0.4868420       0.0678569       0.3709489       0.6389426                           
    53:sigma g1 a12.534 t13  0.5810593       0.1143569       0.3965367       0.8514467                           
    54:sigma g1 a12.734 t13  0.5372785       0.0877992       0.3908531       0.7385592                           
    55:sigma g1 a12.934 t13  0.5525185       0.0962785       0.3936649       0.7754735                           
    56:sigma g1 a16.101 t17  0.4678180       0.0644362       0.3575877       0.6120280                           

  Program  MARK  - Survival Rate Estimation with Capture-Recapture Data
   gfortran(Win64) Vers. 8.1 Mar 2016    5-Aug-2016 15:54:02    Page  018
 - - - - - - - - - - - - - - - - - - - - - - - - - - - - - - - - - - - - - -
 
    57:sigma g1 a16.301 t17  0.5410457       0.0898080       0.3916513       0.7474261                           
    58:sigma g1 a16.501 t17  0.5147584       0.0771578       0.3843452       0.6894224                           
    59:sigma g1 a16.701 t17  0.5156932       0.0775486       0.3846825       0.6913219                           
    60:sigma g1 a16.901 t17  0.6522810       0.1683275       0.3965525       1.0729235                           
    61:U g1 a0 t1            12.554398       1.7459792       9.5715207       16.466861                           
    62:U g1 a2.8 t3.8        17.978069       1.9693829       14.513613       22.269504                           
    63:U g1 a6.1 t7.1        20.416286       1.6928636       17.358691       24.012453                           
    64:U g1 a9.567 t10.567   31.246814       2.3485751       26.972213       36.198861                           
    65:U g1 a12.134 t13.134  18.150829       1.6892805       15.130220       21.774475                           
    66:U g1 a16.101 t17.101  24.994881       2.3943731       20.725034       30.144417                           
    67:Phi g1 c1 a0.8 t1.8   0.9999958       0.8276749E-003  0.1560873E-160  1.0000000                           
    68:Phi g1 c1 a3.6 t4.6   0.9045378       0.0912709       0.5441291       0.9868800                           
    69:Phi g1 c1 a6.9 t7.9   0.9155105       0.0811499       0.5809303       0.9883314                           
    70:Phi g1 c1 a10.367 t1  0.7180440       0.1237807       0.4344910       0.8940800                           
    71:Phi g1 c1 a12.934 t1  0.9361068       0.0628536       0.6513112       0.9913733                           
    72:Gamma'' g1 c1 a0.8 t  0.0500221       0.0487451       0.0070022       0.2822271                           
    73:Gamma' g1 c1 a0.8 t1  1.0000000       0.0000000       1.0000000       1.0000000                           
    74:Phi g1 c1 a0 t1       1.0000000       0.0000000       1.0000000       1.0000000       Fixed               
    75:Gamma'' g1 c1 a0 t1   0.0000000       0.0000000       0.0000000       0.0000000       Fixed               

  Program  MARK  - Survival Rate Estimation with Capture-Recapture Data
   gfortran(Win64) Vers. 8.1 Mar 2016    5-Aug-2016 15:54:02    Page  019
 - - - - - - - - - - - - - - - - - - - - - - - - - - - - - - - - - - - - - -
 


                      Estimates of Derived Parameters
 Population Estimates of { alpha(~1 + captive + age.t + sex + effort.trapdays + recordloss.agout.total)sigma(~1 + recordloss.agout.var)U(~sample_month)Phi(~1 + captive + sample_month)Gamm }
                                                95% Confidence Interval
 Grp. Occ.   N-hat           Standard Error      Lower           Upper
 ---- ----   --------------  --------------  --------------  --------------
   1     1   15.554398       1.7459801       12.491168       19.368827     
   1     2   15.554398       1.7459801       12.491168       19.368827     
   1     3   15.554398       1.7459801       12.491168       19.368827     
   1     4   14.712066       1.7777073       11.619589       18.627584     
   1     5   15.554398       1.7459801       12.491168       19.368827     
   1     6   22.978069       1.9693836       19.430842       27.172865     
   1     7   22.978069       1.9693836       19.430842       27.172865     
   1     8   22.978069       1.9693836       19.430842       27.172865     
   1     9   20.090146       1.9951291       16.544628       24.395469     
   1    10   22.978069       1.9693836       19.430842       27.172865     
   1    11   25.651119       1.7267227       22.483856       29.264549     
   1    12   24.637338       1.7262781       21.479495       28.259435     
   1    13   24.795732       1.7392942       21.614323       28.445413     
   1    14   24.581670       1.7226199       21.430550       28.196126     
   1    15   24.662091       1.7293963       21.498720       28.290928     
   1    16   39.086385       2.4622826       34.550583       44.217647     
   1    17   38.890551       2.4286113       34.414349       43.948962     
   1    18   39.036428       2.4614684       34.502394       44.166289     
   1    19   39.442693       2.4864099       34.862639       44.624448     
   1    20   37.230932       2.4812775       32.676601       42.420027     
   1    21   22.358628       1.7238605       19.227071       26.000229     
   1    22   23.675696       1.7543032       20.479353       27.370911     
   1    23   23.768432       1.7724243       20.540585       27.503519     
   1    24   21.575723       1.7442396       18.418859       25.273653     
   1    25   22.968922       1.7878122       19.723554       26.748291     
   1    26   30.289082       2.4428479       25.866982       35.467165     
   1    27   30.749815       2.4901736       26.243519       36.029891     
   1    28   30.458322       2.4653273       25.996808       35.685509     
   1    29   29.709100       2.4905352       25.214842       35.004409     
   1    30   30.564463       2.4713530       26.091674       35.804005     
 Mean Resighting Rate Estimates of { alpha(~1 + captive + age.t + sex + effort.trapdays + recordloss.agout.total)sigma(~1 + recordloss.agout.var)U(~sample_month)Phi(~1 + captive + sample_month)Gamm }
                                                95% Confidence Interval
 Grp. Occ.   Lambda-hat      Standard Error      Lower           Upper
 ---- ----   --------------  --------------  --------------  --------------
   1     1   2.3268658       0.3229232       1.7750152       3.0502862     
   1     2   2.7124324       0.3451619       2.1158005       3.4773077     
   1     3   3.3643237       0.3393014       2.7622772       4.0975881     
   1     4   2.6959450       0.2641583       2.2258960       3.2652556     
   1     5   2.6200936       0.2764282       2.1318621       3.2201382     
   1     6   3.7864304       0.3511116       3.1583948       4.5393486     
   1     7   3.5385249       0.3145354       2.9737698       4.2105338     
   1     8   2.6605342       0.2429564       2.2253491       3.1808232     
   1     9   3.4768799       0.3544456       2.8486412       4.2436701     

  Program  MARK  - Survival Rate Estimation with Capture-Recapture Data
   gfortran(Win64) Vers. 8.1 Mar 2016    5-Aug-2016 15:54:03    Page  020
 - - - - - - - - - - - - - - - - - - - - - - - - - - - - - - - - - - - - - -
 
   1    10   3.4938658       0.3092967       2.9383172       4.1544521     
   1    11   3.9360397       0.2838072       3.4179226       4.5326974     
   1    12   3.5667883       0.2294217       3.1447211       4.0455031     
   1    13   3.2221204       0.2073567       2.8406585       3.6548074     
   1    14   4.7006097       0.3416391       4.0772694       5.4192474     
   1    15   4.4124447       0.2551806       3.9399684       4.9415796     
   1    16   3.5315667       0.2099670       3.1434279       3.9676315     
   1    17   4.1039933       0.2349519       3.6687209       4.5909082     
   1    18   3.6927740       0.2158410       3.2933803       4.1406028     
   1    19   3.1834448       0.2010558       2.8131362       3.6024990     
   1    20   2.8729248       0.2091446       2.4913733       3.3129107     
   1    21   5.3191597       0.3988359       4.5931153       6.1599715     
   1    22   3.4655550       0.2370866       3.0311473       3.9622197     
   1    23   3.3426962       0.2669044       2.8591550       3.9080140     
   1    24   3.1627278       0.2545283       2.7018954       3.7021592     
   1    25   4.0035872       0.2873836       3.4787732       4.6075756     
   1    26   4.1790015       0.3389158       3.5657605       4.8977078     
   1    27   2.6375818       0.2128931       2.2522222       3.0888772     
   1    28   3.8296572       0.2832225       3.3135529       4.4261476     
   1    29   3.0809968       0.2486065       2.6309809       3.6079857     
   1    30   4.0505381       0.3859183       3.3619827       4.8801142     
 Pr(Captured 1 or more times) of { alpha(~1 + captive + age.t + sex + effort.trapdays + recordloss.agout.total)sigma(~1 + recordloss.agout.var)U(~sample_month)Phi(~1 + captive + sample_month)Gamm }
                                                95% Confidence Interval
 Grp. Occ.      p*-hat       Standard Error      Lower           Upper
 ---- ----   --------------  --------------  --------------  --------------
   1     1   0.2955960       0.0103566       0.2757090       0.3162909     
   1     2   0.3089418       0.0080174       0.2934525       0.3248728     
   1     3   0.3186045       0.0051083       0.3086770       0.3286995     
   1     4   0.4634633       0.0107865       0.4423998       0.4846580     
   1     5   0.3035038       0.0075353       0.2889405       0.3184723     
   1     6   0.1914709       0.0026727       0.1862870       0.1967642     
   1     7   0.1910633       0.0028477       0.1855440       0.1967071     
   1     8   0.1824117       0.0041464       0.1744250       0.1906797     
   1     9   0.4734676       0.0092463       0.4553877       0.4916173     
   1    10   0.1891795       0.0029693       0.1834281       0.1950681     
   1    11   0.1937164       0.0020948       0.1896437       0.1978553     
   1    12   0.2394873       0.0030757       0.2335109       0.2455676     
   1    13   0.2356408       0.0035580       0.2287386       0.2426857     
   1    14   0.2449235       0.0018452       0.2413250       0.2485582     
   1    15   0.2438984       0.0018506       0.2402895       0.2475438     
   1    16   0.1328082       0.0023285       0.1283104       0.1374388     
   1    17   0.1375295       0.0013940       0.1348200       0.1402847     
   1    18   0.1355791       0.0018296       0.1320328       0.1392054     
   1    19   0.1304445       0.0026156       0.1254030       0.1356572     
   1    20   0.1787645       0.0046667       0.1698001       0.1880950     
   1    21   0.2467542       0.0012319       0.2443476       0.2491767     
   1    22   0.1862012       0.0032688       0.1798793       0.1926931     
   1    23   0.1837654       0.0047454       0.1746462       0.1932494     
   1    24   0.3083297       0.0069898       0.2948008       0.3221957     
   1    25   0.2391553       0.0036112       0.2321494       0.2463048     

  Program  MARK  - Survival Rate Estimation with Capture-Recapture Data
   gfortran(Win64) Vers. 8.1 Mar 2016    5-Aug-2016 15:54:03    Page  021
 - - - - - - - - - - - - - - - - - - - - - - - - - - - - - - - - - - - - - -
 
   1    26   0.1921077       0.0024379       0.1873746       0.1969314     
   1    27   0.1737639       0.0057303       0.1628175       0.1852834     
   1    28   0.1895250       0.0030103       0.1836950       0.1954957     
   1    29   0.2281454       0.0055635       0.2174248       0.2392330     
   1    30   0.1868703       0.0046111       0.1780004       0.1960769     

 Attempted ordering of parameters by estimatibility:
   1  9 12 11 14 13  2  7 10  3  4  5 15  6 19 21 16 18 17  8 20 22
 Beta number 22 is a singular value.

     CPU Time in seconds for last procedure was 11.45


  INPUT --- proc stop;

   * *  WARNING  * *   Numerical underflow occurred during final processing of this model. 
     IEEE flag status at final processing of this model:
     overflow       F
     divide by zero F
     invalid        F
     underflow      T
     inexact        T


     CPU Time in minutes for this job was 0.19

     Time Start = 15:53:55.038   Time End = 15:54:03.261

     Wall Clock Time in minutes for this job was 0.14


          E X E C U T I O N   S U C C E S S F U L 
