
   Program  MARK  - Survival Rate Estimation with Capture-Recapture Data
   gfortran(Win64) Vers. 8.1 Mar 2016    5-Aug-2016 15:43:34    Page  001
 - - - - - - - - - - - - - - - - - - - - - - - - - - - - - - - - - - - - - -
 
   This version was compiled by GCC version 5.3.0 using the options: 
     -cpp -iprefix c:\tdm-gcc-64\gcc\bin\../lib/gcc/x86_64-w64-mingw32/5.3.0/ -D_MT
     -U_REENTRANT -D IEEE -m64 -mtune=generic -march=x86-64 -mthreads -O2
     -fimplicit-none -fbounds-check -funroll-loops -ftree-vectorize
     -ffpe-summary=invalid,zero,overflow,underflow -fno-unsafe-math-optimizations
     -frounding-math -fsignaling-nans -fopenmp.

   This problem will use 3 of 4 possible threads.


  INPUT --- proc title ;

     CPU Time in seconds for last procedure was 0.00


  INPUT --- proc chmatrix occasions= 30 groups= 1 etype= PoissonMR 
  INPUT --- icovar = 1 ICMeans NoHist  hist= 14 ;

  INPUT ---    time interval 0.2 0.2 0.2 0.2 2 0.2 0.2 0.2 0.2 2.5 0.2 0.2 
  INPUT ---    0.2 0.2 2.667 0.2 0.2 0.2  0.2 1.767 0.2 0.2 0.2 0.2 3.167 
  INPUT ---    0.2 0.2 0.2 0.2 ;

  INPUT ---     icovariates sex ;

  INPUT ---    glabel(1)=Group 1;

      Number of unique encounter histories read was 14.

      Number of individual covariates read was 1.
      Time interval lengths vary and/or not equal to 1.

      Data type number is 115
      Data type is Poisson Mark Resight with Robust Design                                                             

     CPU Time in seconds for last procedure was 0.00

  Program  MARK  - Survival Rate Estimation with Capture-Recapture Data
   gfortran(Win64) Vers. 8.1 Mar 2016    5-Aug-2016 15:43:34    Page  002
 - - - - - - - - - - - - - - - - - - - - - - - - - - - - - - - - - - - - - -
 


  INPUT --- proc estimate link=Parm-Specific NOLOOP varest=2ndPart    ;


  INPUT --- model={ alpha(~1 + sex + 
  INPUT --- recordloss.agout.total)sigma(~1)U(~sample_month)Phi(~1)Gamma
  INPUT --- ''(~1)Gamma'(~1) };

  INPUT ---    fixed=2;
  INPUT ---        parm(40)=1 ;
  INPUT ---        parm(41)=0 ;

  INPUT ---    group=1 alpha    rows=1 cols=30 Square ;
  INPUT ---        1 2 3 4 5 6 7 8 9 10 3 11 12 13 14 15 16 17 18 19 20 21 22 
  INPUT ---       23 24 25 26 27 28 29 ;

  INPUT ---    group=1 sigma    rows=1 cols=30 Square ;
  INPUT ---        30 30 30 30 30 30 30 30 30 30 30 30 30 30 30 30 30 30 30 
  INPUT ---       30 30 30 30 30 30 30 30 30 30 30 ;

  INPUT ---    group=1 U    rows=1 cols=30 Square ;
  INPUT ---        31 31 31 31 31 32 32 32 32 32 33 33 33 33 33 34 34 34 34 
  INPUT ---       34 35 35 35 35 35 36 36 36 36 36 ;

  INPUT ---    group=1 Phi    rows=29 cols=29 Triang ;
  INPUT ---        40 40 40 40 37 40 40 40 40 37 40 40 40 40 37 40 40 40 40 
  INPUT ---       37 40 40 40 40 37 40 40 40 40 ;
  INPUT ---        40 40 40 40 40 40 40 40 40 40 40 40 40 40 40 40 40 40 40 
  INPUT ---       40 40 40 40 40 40 40 40 40 ;
  INPUT ---        40 40 40 40 40 40 40 40 40 40 40 40 40 40 40 40 40 40 40 
  INPUT ---       40 40 40 40 40 40 40 40 ;
  INPUT ---        40 40 40 40 40 40 40 40 40 40 40 40 40 40 40 40 40 40 40 
  INPUT ---       40 40 40 40 40 40 40 ;
  INPUT ---        40 40 40 40 40 40 40 40 40 40 40 40 40 40 40 40 40 40 40 
  INPUT ---       40 40 40 40 40 40 ;
  INPUT ---        40 40 40 40 37 40 40 40 40 37 40 40 40 40 37 40 40 40 40 
  INPUT ---       37 40 40 40 40 ;
  INPUT ---        40 40 40 40 40 40 40 40 40 40 40 40 40 40 40 40 40 40 40 
  INPUT ---       40 40 40 40 ;
  INPUT ---        40 40 40 40 40 40 40 40 40 40 40 40 40 40 40 40 40 40 40 
  INPUT ---       40 40 40 ;
  INPUT ---        40 40 40 40 40 40 40 40 40 40 40 40 40 40 40 40 40 40 40 
  INPUT ---       40 40 ;
  INPUT ---        40 40 40 40 40 40 40 40 40 40 40 40 40 40 40 40 40 40 40 
  INPUT ---       40 ;

  Program  MARK  - Survival Rate Estimation with Capture-Recapture Data
   gfortran(Win64) Vers. 8.1 Mar 2016    5-Aug-2016 15:43:34    Page  003
 - - - - - - - - - - - - - - - - - - - - - - - - - - - - - - - - - - - - - -
 
  INPUT ---        40 40 40 40 37 40 40 40 40 37 40 40 40 40 37 40 40 40 40 ;
  INPUT ---        40 40 40 40 40 40 40 40 40 40 40 40 40 40 40 40 40 40 ;
  INPUT ---        40 40 40 40 40 40 40 40 40 40 40 40 40 40 40 40 40 ;
  INPUT ---        40 40 40 40 40 40 40 40 40 40 40 40 40 40 40 40 ;
  INPUT ---        40 40 40 40 40 40 40 40 40 40 40 40 40 40 40 ;
  INPUT ---        40 40 40 40 37 40 40 40 40 37 40 40 40 40 ;
  INPUT ---        40 40 40 40 40 40 40 40 40 40 40 40 40 ;
  INPUT ---        40 40 40 40 40 40 40 40 40 40 40 40 ;
  INPUT ---        40 40 40 40 40 40 40 40 40 40 40 ;
  INPUT ---        40 40 40 40 40 40 40 40 40 40 ;
  INPUT ---        40 40 40 40 37 40 40 40 40 ;
  INPUT ---        40 40 40 40 40 40 40 40 ;
  INPUT ---        40 40 40 40 40 40 40 ;
  INPUT ---        40 40 40 40 40 40 ;
  INPUT ---        40 40 40 40 40 ;
  INPUT ---        40 40 40 40 ;
  INPUT ---        40 40 40 ;
  INPUT ---        40 40 ;
  INPUT ---        40 ;

  INPUT ---    group=1 Gamma''    rows=29 cols=29 Triang ;
  INPUT ---        41 41 41 41 38 41 41 41 41 38 41 41 41 41 38 41 41 41 41 
  INPUT ---       38 41 41 41 41 38 41 41 41 41 ;
  INPUT ---        41 41 41 41 41 41 41 41 41 41 41 41 41 41 41 41 41 41 41 
  INPUT ---       41 41 41 41 41 41 41 41 41 ;
  INPUT ---        41 41 41 41 41 41 41 41 41 41 41 41 41 41 41 41 41 41 41 
  INPUT ---       41 41 41 41 41 41 41 41 ;
  INPUT ---        41 41 41 41 41 41 41 41 41 41 41 41 41 41 41 41 41 41 41 
  INPUT ---       41 41 41 41 41 41 41 ;
  INPUT ---        41 41 41 41 41 41 41 41 41 41 41 41 41 41 41 41 41 41 41 
  INPUT ---       41 41 41 41 41 41 ;
  INPUT ---        41 41 41 41 38 41 41 41 41 38 41 41 41 41 38 41 41 41 41 
  INPUT ---       38 41 41 41 41 ;
  INPUT ---        41 41 41 41 41 41 41 41 41 41 41 41 41 41 41 41 41 41 41 
  INPUT ---       41 41 41 41 ;
  INPUT ---        41 41 41 41 41 41 41 41 41 41 41 41 41 41 41 41 41 41 41 
  INPUT ---       41 41 41 ;
  INPUT ---        41 41 41 41 41 41 41 41 41 41 41 41 41 41 41 41 41 41 41 
  INPUT ---       41 41 ;
  INPUT ---        41 41 41 41 41 41 41 41 41 41 41 41 41 41 41 41 41 41 41 
  INPUT ---       41 ;
  INPUT ---        41 41 41 41 38 41 41 41 41 38 41 41 41 41 38 41 41 41 41 ;
  INPUT ---        41 41 41 41 41 41 41 41 41 41 41 41 41 41 41 41 41 41 ;
  INPUT ---        41 41 41 41 41 41 41 41 41 41 41 41 41 41 41 41 41 ;
  INPUT ---        41 41 41 41 41 41 41 41 41 41 41 41 41 41 41 41 ;
  INPUT ---        41 41 41 41 41 41 41 41 41 41 41 41 41 41 41 ;

  Program  MARK  - Survival Rate Estimation with Capture-Recapture Data
   gfortran(Win64) Vers. 8.1 Mar 2016    5-Aug-2016 15:43:34    Page  004
 - - - - - - - - - - - - - - - - - - - - - - - - - - - - - - - - - - - - - -
 
  INPUT ---        41 41 41 41 38 41 41 41 41 38 41 41 41 41 ;
  INPUT ---        41 41 41 41 41 41 41 41 41 41 41 41 41 ;
  INPUT ---        41 41 41 41 41 41 41 41 41 41 41 41 ;
  INPUT ---        41 41 41 41 41 41 41 41 41 41 41 ;
  INPUT ---        41 41 41 41 41 41 41 41 41 41 ;
  INPUT ---        41 41 41 41 38 41 41 41 41 ;
  INPUT ---        41 41 41 41 41 41 41 41 ;
  INPUT ---        41 41 41 41 41 41 41 ;
  INPUT ---        41 41 41 41 41 41 ;
  INPUT ---        41 41 41 41 41 ;
  INPUT ---        41 41 41 41 ;
  INPUT ---        41 41 41 ;
  INPUT ---        41 41 ;
  INPUT ---        41 ;

  INPUT ---    group=1 Gamma'    rows=28 cols=28 Triang ;
  INPUT ---        41 41 41 39 41 41 41 41 39 41 41 41 41 39 41 41 41 41 39 
  INPUT ---       41 41 41 41 39 41 41 41 41 ;
  INPUT ---        41 41 41 41 41 41 41 41 41 41 41 41 41 41 41 41 41 41 41 
  INPUT ---       41 41 41 41 41 41 41 41 ;
  INPUT ---        41 41 41 41 41 41 41 41 41 41 41 41 41 41 41 41 41 41 41 
  INPUT ---       41 41 41 41 41 41 41 ;
  INPUT ---        41 41 41 41 41 41 41 41 41 41 41 41 41 41 41 41 41 41 41 
  INPUT ---       41 41 41 41 41 41 ;
  INPUT ---        41 41 41 41 41 41 41 41 41 41 41 41 41 41 41 41 41 41 41 
  INPUT ---       41 41 41 41 41 ;
  INPUT ---        41 41 41 39 41 41 41 41 39 41 41 41 41 39 41 41 41 41 39 
  INPUT ---       41 41 41 41 ;
  INPUT ---        41 41 41 41 41 41 41 41 41 41 41 41 41 41 41 41 41 41 41 
  INPUT ---       41 41 41 ;
  INPUT ---        41 41 41 41 41 41 41 41 41 41 41 41 41 41 41 41 41 41 41 
  INPUT ---       41 41 ;
  INPUT ---        41 41 41 41 41 41 41 41 41 41 41 41 41 41 41 41 41 41 41 
  INPUT ---       41 ;
  INPUT ---        41 41 41 41 41 41 41 41 41 41 41 41 41 41 41 41 41 41 41 ;
  INPUT ---        41 41 41 39 41 41 41 41 39 41 41 41 41 39 41 41 41 41 ;
  INPUT ---        41 41 41 41 41 41 41 41 41 41 41 41 41 41 41 41 41 ;
  INPUT ---        41 41 41 41 41 41 41 41 41 41 41 41 41 41 41 41 ;
  INPUT ---        41 41 41 41 41 41 41 41 41 41 41 41 41 41 41 ;
  INPUT ---        41 41 41 41 41 41 41 41 41 41 41 41 41 41 ;
  INPUT ---        41 41 41 39 41 41 41 41 39 41 41 41 41 ;
  INPUT ---        41 41 41 41 41 41 41 41 41 41 41 41 ;
  INPUT ---        41 41 41 41 41 41 41 41 41 41 41 ;
  INPUT ---        41 41 41 41 41 41 41 41 41 41 ;
  INPUT ---        41 41 41 41 41 41 41 41 41 ;
  INPUT ---        41 41 41 39 41 41 41 41 ;

  Program  MARK  - Survival Rate Estimation with Capture-Recapture Data
   gfortran(Win64) Vers. 8.1 Mar 2016    5-Aug-2016 15:43:34    Page  005
 - - - - - - - - - - - - - - - - - - - - - - - - - - - - - - - - - - - - - -
 
  INPUT ---        41 41 41 41 41 41 41 ;
  INPUT ---        41 41 41 41 41 41 ;
  INPUT ---        41 41 41 41 41 ;
  INPUT ---        41 41 41 41 ;
  INPUT ---        41 41 41 ;
  INPUT ---        41 41 ;
  INPUT ---        41 ;

  INPUT ---    initial  0.8492118 0 0 -0.3123225 3.139572 0 0 0 0 0 
  INPUT ---    2.0066797 -2.9445172 17.724958  ;

  INPUT ---    design matrix constraints=41 covariates=13;
  INPUT ---        1 sex 0.186046511627907 0 0 0 0 0 0 0 0 0 0;
  INPUT ---        1 sex 0.127659574468085 0 0 0 0 0 0 0 0 0 0;
  INPUT ---        1 sex 0.08 0 0 0 0 0 0 0 0 0 0;
  INPUT ---        1 sex 0.166666666666667 0 0 0 0 0 0 0 0 0 0;
  INPUT ---        1 sex 0.169230769230769 0 0 0 0 0 0 0 0 0 0;
  INPUT ---        1 sex 0.0615384615384615 0 0 0 0 0 0 0 0 0 0;
  INPUT ---        1 sex 0.0776699029126214 0 0 0 0 0 0 0 0 0 0;
  INPUT ---        1 sex 0.170212765957447 0 0 0 0 0 0 0 0 0 0;
  INPUT ---        1 sex 0.0666666666666667 0 0 0 0 0 0 0 0 0 0;
  INPUT ---        1 sex 0.0894308943089431 0 0 0 0 0 0 0 0 0 0;
  INPUT ---        1 sex 0.135135135135135 0 0 0 0 0 0 0 0 0 0;
  INPUT ---        1 sex 0.213740458015267 0 0 0 0 0 0 0 0 0 0;
  INPUT ---        1 sex 0.0869565217391304 0 0 0 0 0 0 0 0 0 0;
  INPUT ---        1 sex 0.131428571428571 0 0 0 0 0 0 0 0 0 0;
  INPUT ---        1 sex 0.167441860465116 0 0 0 0 0 0 0 0 0 0;
  INPUT ---        1 sex 0.155 0 0 0 0 0 0 0 0 0 0;
  INPUT ---        1 sex 0.168831168831169 0 0 0 0 0 0 0 0 0 0;
  INPUT ---        1 sex 0.231182795698925 0 0 0 0 0 0 0 0 0 0;
  INPUT ---        1 sex 0.224489795918367 0 0 0 0 0 0 0 0 0 0;
  INPUT ---        1 sex 0.125827814569536 0 0 0 0 0 0 0 0 0 0;
  INPUT ---        1 sex 0.201612903225806 0 0 0 0 0 0 0 0 0 0;
  INPUT ---        1 sex 0.244604316546763 0 0 0 0 0 0 0 0 0 0;
  INPUT ---        1 sex 0.282828282828283 0 0 0 0 0 0 0 0 0 0;
  INPUT ---        1 sex 0.314516129032258 0 0 0 0 0 0 0 0 0 0;
  INPUT ---        1 sex 0.137254901960784 0 0 0 0 0 0 0 0 0 0;
  INPUT ---        1 sex 0.266129032258065 0 0 0 0 0 0 0 0 0 0;
  INPUT ---        1 sex 0.198581560283688 0 0 0 0 0 0 0 0 0 0;
  INPUT ---        1 sex 0.293333333333333 0 0 0 0 0 0 0 0 0 0;
  INPUT ---        1 sex 0.202453987730061 0 0 0 0 0 0 0 0 0 0;
  INPUT ---        0 0 0 1 0 0 0 0 0 0 0 0 0;
  INPUT ---        0 0 0 0 1 0 0 0 0 0 0 0 0;
  INPUT ---        0 0 0 0 1 1 0 0 0 0 0 0 0;
  INPUT ---        0 0 0 0 1 0 1 0 0 0 0 0 0;
  INPUT ---        0 0 0 0 1 0 0 1 0 0 0 0 0;

  Program  MARK  - Survival Rate Estimation with Capture-Recapture Data
   gfortran(Win64) Vers. 8.1 Mar 2016    5-Aug-2016 15:43:34    Page  006
 - - - - - - - - - - - - - - - - - - - - - - - - - - - - - - - - - - - - - -
 
  INPUT ---        0 0 0 0 1 0 0 0 1 0 0 0 0;
  INPUT ---        0 0 0 0 1 0 0 0 0 1 0 0 0;
  INPUT ---        0 0 0 0 0 0 0 0 0 0 1 0 0;
  INPUT ---        0 0 0 0 0 0 0 0 0 0 0 1 0;
  INPUT ---        0 0 0 0 0 0 0 0 0 0 0 0 1;
  INPUT ---        0 0 0 0 0 0 0 0 0 0 0 0 0;
  INPUT ---        0 0 0 0 0 0 0 0 0 0 0 0 0;

  INPUT ---    links=41;

  INPUT ---    Log;

  INPUT ---    Log;

  INPUT ---    Log;

  INPUT ---    Log;

  INPUT ---    Log;

  INPUT ---    Log;

  INPUT ---    Log;

  INPUT ---    Log;

  INPUT ---    Log;

  INPUT ---    Log;

  INPUT ---    Log;

  INPUT ---    Log;

  INPUT ---    Log;

  INPUT ---    Log;

  INPUT ---    Log;

  INPUT ---    Log;

  INPUT ---    Log;

  INPUT ---    Log;


  Program  MARK  - Survival Rate Estimation with Capture-Recapture Data
   gfortran(Win64) Vers. 8.1 Mar 2016    5-Aug-2016 15:43:34    Page  007
 - - - - - - - - - - - - - - - - - - - - - - - - - - - - - - - - - - - - - -
 
  INPUT ---    Log;

  INPUT ---    Log;

  INPUT ---    Log;

  INPUT ---    Log;

  INPUT ---    Log;

  INPUT ---    Log;

  INPUT ---    Log;

  INPUT ---    Log;

  INPUT ---    Log;

  INPUT ---    Log;

  INPUT ---    Log;

  INPUT ---    Log;

  INPUT ---    Log;

  INPUT ---    Log;

  INPUT ---    Log;

  INPUT ---    Log;

  INPUT ---    Log;

  INPUT ---    Log;

  INPUT ---    Logit;

  INPUT ---    Logit;

  INPUT ---    Logit;

  INPUT ---    Logit;

  INPUT ---    Logit;
  INPUT ---       blabel(1)=alpha:(Intercept);

  Program  MARK  - Survival Rate Estimation with Capture-Recapture Data
   gfortran(Win64) Vers. 8.1 Mar 2016    5-Aug-2016 15:43:34    Page  008
 - - - - - - - - - - - - - - - - - - - - - - - - - - - - - - - - - - - - - -
 
  INPUT ---       blabel(2)=alpha:sex;
  INPUT ---       blabel(3)=alpha:recordloss.agout.total;
  INPUT ---       blabel(4)=sigma:(Intercept);
  INPUT ---       blabel(5)=U:(Intercept);
  INPUT ---       blabel(6)=U:sample_monthB;
  INPUT ---       blabel(7)=U:sample_monthC;
  INPUT ---       blabel(8)=U:sample_monthD;
  INPUT ---       blabel(9)=U:sample_monthE;
  INPUT ---       blabel(10)=U:sample_monthF;
  INPUT ---       blabel(11)=Phi:(Intercept);
  INPUT ---       blabel(12)=GammaDoublePrime:(Intercept);
  INPUT ---       blabel(13)=GammaPrime:(Intercept);
  INPUT ---       rlabel(1)=alpha g1 a0 t1;
  INPUT ---       rlabel(2)=alpha g1 a0.2 t1.2;
  INPUT ---       rlabel(3)=alpha g1 a0.4 t1.4;
  INPUT ---       rlabel(4)=alpha g1 a0.6 t1.6;
  INPUT ---       rlabel(5)=alpha g1 a0.8 t1.8;
  INPUT ---       rlabel(6)=alpha g1 a2.8 t3.8;
  INPUT ---       rlabel(7)=alpha g1 a3 t4;
  INPUT ---       rlabel(8)=alpha g1 a3.2 t4.2;
  INPUT ---       rlabel(9)=alpha g1 a3.4 t4.4;
  INPUT ---       rlabel(10)=alpha g1 a3.6 t4.6;
  INPUT ---       rlabel(11)=alpha g1 a6.3 t7.3;
  INPUT ---       rlabel(12)=alpha g1 a6.5 t7.5;
  INPUT ---       rlabel(13)=alpha g1 a6.7 t7.7;
  INPUT ---       rlabel(14)=alpha g1 a6.9 t7.9;
  INPUT ---       rlabel(15)=alpha g1 a9.567 t10.567;
  INPUT ---       rlabel(16)=alpha g1 a9.767 t10.767;
  INPUT ---       rlabel(17)=alpha g1 a9.967 t10.967;
  INPUT ---       rlabel(18)=alpha g1 a10.167 t11.167;
  INPUT ---       rlabel(19)=alpha g1 a10.367 t11.367;
  INPUT ---       rlabel(20)=alpha g1 a12.134 t13.134;
  INPUT ---       rlabel(21)=alpha g1 a12.334 t13.334;
  INPUT ---       rlabel(22)=alpha g1 a12.534 t13.534;
  INPUT ---       rlabel(23)=alpha g1 a12.734 t13.734;
  INPUT ---       rlabel(24)=alpha g1 a12.934 t13.934;
  INPUT ---       rlabel(25)=alpha g1 a16.101 t17.101;
  INPUT ---       rlabel(26)=alpha g1 a16.301 t17.301;
  INPUT ---       rlabel(27)=alpha g1 a16.501 t17.501;
  INPUT ---       rlabel(28)=alpha g1 a16.701 t17.701;
  INPUT ---       rlabel(29)=alpha g1 a16.901 t17.901;
  INPUT ---       rlabel(30)=sigma g1 a0 t1;
  INPUT ---       rlabel(31)=U g1 a0 t1;
  INPUT ---       rlabel(32)=U g1 a2.8 t3.8;
  INPUT ---       rlabel(33)=U g1 a6.1 t7.1;
  INPUT ---       rlabel(34)=U g1 a9.567 t10.567;

  Program  MARK  - Survival Rate Estimation with Capture-Recapture Data
   gfortran(Win64) Vers. 8.1 Mar 2016    5-Aug-2016 15:43:34    Page  009
 - - - - - - - - - - - - - - - - - - - - - - - - - - - - - - - - - - - - - -
 
  INPUT ---       rlabel(35)=U g1 a12.134 t13.134;
  INPUT ---       rlabel(36)=U g1 a16.101 t17.101;
  INPUT ---       rlabel(37)=Phi g1 c1 a0.8 t1.8;
  INPUT ---       rlabel(38)=Gamma'' g1 c1 a0.8 t1.8;
  INPUT ---       rlabel(39)=Gamma' g1 c1 a0.8 t1.8;
  INPUT ---       rlabel(40)=Phi g1 c1 a0 t1;
  INPUT ---       rlabel(41)=Gamma'' g1 c1 a0 t1;

 Link Function Used is PARM-SPECIFIC

 Variance Estimation Procedure Used is 2ndPart 

 M(t+1):
 Group=Group 1                                                                         
       3      3      3      2      3      5      5      5      2      5      5
       4      4      4      4     10      7      7      7      5      5      5
       5      3      4      5      5      5      4      5


 -2logL(saturated) = -0.0000000    
 Effective Sample Size = 169
 Results from first iteration:
  -2logL Initial { alpha(~1 + sex + recordloss.agout.total)sigma(~1)U(~sample_month)Phi(~1)Gamma''(~1)Gamma'(~1) } = 1138.4459     
  Penalty Initial { alpha(~1 + sex + recordloss.agout.total)sigma(~1)U(~sample_month)Phi(~1)Gamma''(~1)Gamma'(~1) } = -0.0000000    

 Number of function evaluations was 22 for 13 parameters.
 Time for numerical optimization was 1.81 seconds.
 -2logL { alpha(~1 + sex + recordloss.agout.total)sigma(~1)U(~sample_month)Phi(~1)Gamma''(~1)Gamma'(~1) } = 1063.2670     
 Penalty { alpha(~1 + sex + recordloss.agout.total)sigma(~1)U(~sample_month)Phi(~1)Gamma''(~1)Gamma'(~1) } = -0.0000000    

   * *  WARNING  * *   Numerical underflow occurred during optimization of this model. 
     IEEE flag status at end of optimization:
     overflow       F
     divide by zero F
     invalid        F
     underflow      T
     inexact        T

 Gradient { alpha(~1 + sex + recordloss.agout.total)sigma(~1)U(~sample_month)Phi(~1)Gamma''(~1)Gamma'(~1) }:
  0.1153706E-03 0.2885958E-03-0.1183500E-03 0.7853613E-04-0.4547155E-04
 -0.1727078E-04-0.5916601E-04 0.5961563E-04-0.3014447E-04-0.1264466E-04
 -0.7562329E-04  0.000000      0.000000    
 S Vector { alpha(~1 + sex + recordloss.agout.total)sigma(~1)U(~sample_month)Phi(~1)Gamma''(~1)Gamma'(~1) }:
   4181.429      355.5192      283.1715      265.0657      243.0235    
   173.9209      56.66906      17.62877      14.36311      6.136831    
   3.812932     0.9499909     0.8106035E-08
 Time to compute number of parameters was 1.53 seconds.
   Threshold =  0.2800000E-06     Condition index =  0.1938580E-11     New Threshold =  0.2922673E-07
 New Guessimate of Estimated Parameters { alpha(~1 + sex + recordloss.agout.total)sigma(~1)U(~sample_month)Phi(~1)Gamma''(~1)Gamma'(~1) } = 12          
 Conditioned S Vector { alpha(~1 + sex + recordloss.agout.total)sigma(~1)U(~sample_month)Phi(~1)Gamma''(~1)Gamma'(~1) }:
   1.000000     0.8502336E-01 0.6772122E-01 0.6339118E-01 0.5811972E-01
  0.4159365E-01 0.1355256E-01 0.4215968E-02 0.3434977E-02 0.1467640E-02
  0.9118729E-03 0.2271929E-03 0.1938580E-11
 Number of Estimated Parameters { alpha(~1 + sex + recordloss.agout.total)sigma(~1)U(~sample_month)Phi(~1)Gamma''(~1)Gamma'(~1) } = 12          
 DEVIANCE { alpha(~1 + sex + recordloss.agout.total)sigma(~1)U(~sample_month)Phi(~1)Gamma''(~1)Gamma'(~1) } = 1063.2670                     
 DEVIANCE Degrees of Freedom { alpha(~1 + sex + recordloss.agout.total)sigma(~1)U(~sample_month)Phi(~1)Gamma''(~1)Gamma'(~1) } = 2            
 c-hat { alpha(~1 + sex + recordloss.agout.total)sigma(~1)U(~sample_month)Phi(~1)Gamma''(~1)Gamma'(~1) } = 531.63348                     
 AIC { alpha(~1 + sex + recordloss.agout.total)sigma(~1)U(~sample_month)Phi(~1)Gamma''(~1)Gamma'(~1) } = 1087.2670                  
 AICc { alpha(~1 + sex + recordloss.agout.total)sigma(~1)U(~sample_month)Phi(~1)Gamma''(~1)Gamma'(~1) } = 1089.2670                    
 BIC { alpha(~1 + sex + recordloss.agout.total)sigma(~1)U(~sample_month)Phi(~1)Gamma''(~1)Gamma'(~1) } = 1124.8257                    
 Pearson Chisquare { alpha(~1 + sex + recordloss.agout.total)sigma(~1)U(~sample_month)Phi(~1)Gamma''(~1)Gamma'(~1) } = 0.4774461E+034             

   * *  WARNING  * *   Numerical underflow occurred during variance-covariance calculation of this model. 

  Program  MARK  - Survival Rate Estimation with Capture-Recapture Data
   gfortran(Win64) Vers. 8.1 Mar 2016    5-Aug-2016 15:43:36    Page  010
 - - - - - - - - - - - - - - - - - - - - - - - - - - - - - - - - - - - - - -
 
     IEEE flag status at end of variance-covariance calculation:
     overflow       F
     divide by zero F
     invalid        F
     underflow      T
     inexact        T



 PARM-SPECIFIC Link Function Parameters of { alpha(~1 + sex + recordloss.agout.total)sigma(~1)U(~sample_month)Phi(~1)Gamma''(~1)Gamma'(~1) }
                                                              95% Confidence Interval
 Parameter                    Beta         Standard Error      Lower           Upper
 -------------------------  --------------  --------------  --------------  --------------
    1:alpha:(Intercept)     1.1678931       0.2057398       0.7646432       1.5711431     
    2:alpha:sex             0.3393656       0.1917821       -0.0365273      0.7152585     
    3:alpha:recordloss.ago  -2.4581552      0.4995148       -3.4372042      -1.4791062    
    4:sigma:(Intercept)     -0.7370885      0.1281072       -0.9881786      -0.4859983    
    5:U:(Intercept)         2.5002450       0.1099325       2.2847772       2.7157128     
    6:U:sample_monthB       0.3165220       0.1237730       0.0739270       0.5591170     
    7:U:sample_monthC       0.5371912       0.1137076       0.3143244       0.7600581     
    8:U:sample_monthD       0.9069971       0.1136157       0.6843102       1.1296839     
    9:U:sample_monthE       0.5085597       0.1204247       0.2725272       0.7445922     
   10:U:sample_monthF       0.7981798       0.1170462       0.5687693       1.0275903     
   11:Phi:(Intercept)       2.0066619       0.4036713       1.2154661       2.7978577     
   12:GammaDoublePrime:(In  -2.9444041      1.0259833       -4.9553314      -0.9334768    
   13:GammaPrime:(Intercep  17.724958       0.0000000       17.724958       17.724958     


 Real Function Parameters of { alpha(~1 + sex + recordloss.agout.total)sigma(~1)U(~sample_month)Phi(~1)Gamma''(~1)Gamma'(~1) }

      Following estimates based on unstandardized individual covariate values:
          Variable   Value         
          ---------  ------------- 
          SEX        0.8461538     
                                                               95% Confidence Interval
  Parameter                  Estimate       Standard Error      Lower           Upper
 --------------------------  --------------  --------------  --------------  --------------
     1:alpha g1 a0 t1        2.7120843       0.1964597       2.3535467       3.1252413                           
     2:alpha g1 a0.2 t1.2    3.1306530       0.2332902       2.7057750       3.6222481                           
     3:alpha g1 a0.4 t1.4    3.5197721       0.2958171       2.9860726       4.1488595                           
     4:alpha g1 a0.6 t1.6    2.8444113       0.2043263       2.4712943       3.2738617                           
     5:alpha g1 a0.8 t1.8    2.8265395       0.2030578       2.4557408       3.2533259                           
     6:alpha g1 a2.8 t3.8    3.6831839       0.3284682       3.0935826       4.3851564                           
     7:alpha g1 a3 t4        3.5399903       0.2996759       2.9996553       4.1776570                           
     8:alpha g1 a3.2 t4.2    2.8197247       0.2025911       2.4497812       3.2455336                           
     9:alpha g1 a3.4 t4.4    3.6370454       0.3189206       3.0637347       4.3176385                           
    10:alpha g1 a3.6 t4.6    3.4391132       0.2809694       2.9310225       4.0352809                           

  Program  MARK  - Survival Rate Estimation with Capture-Recapture Data
   gfortran(Win64) Vers. 8.1 Mar 2016    5-Aug-2016 15:43:36    Page  011
 - - - - - - - - - - - - - - - - - - - - - - - - - - - - - - - - - - - - - -
 
    11:alpha g1 a6.3 t7.3    3.0736492       0.2262601       2.6612055       3.5500150                           
    12:alpha g1 a6.5 t7.5    2.5336006       0.1912363       2.1856441       2.9369520                           
    13:alpha g1 a6.7 t7.7    3.4600949       0.2847456       2.9454793       4.0646210                           
    14:alpha g1 a6.9 t7.9    3.1017821       0.2296545       2.6833276       3.5854931                           
    15:alpha g1 a9.567 t10.  2.8389963       0.2039351       2.4665933       3.2676242                           
    16:alpha g1 a9.767 t10.  2.9271656       0.2110414       2.5418866       3.3708422                           
    17:alpha g1 a9.967 t10.  2.8293173       0.2032507       2.4581655       3.2565082                           
    18:alpha g1 a10.167 t11  2.4272659       0.1907687       2.0812282       2.8308378                           
    19:alpha g1 a10.367 t11  2.4675306       0.1907350       2.1211100       2.8705288                           
    20:alpha g1 a12.134 t13  3.1447813       0.2351247       2.7166674       3.6403608                           
    21:alpha g1 a12.334 t13  2.6102679       0.1927560       2.2589787       3.0161853                           
    22:alpha g1 a12.534 t13  2.3484917       0.1915075       2.0021269       2.7547771                           
    23:alpha g1 a12.734 t13  2.1378761       0.1969623       1.7853592       2.5599969                           
    24:alpha g1 a12.934 t13  1.9776696       0.2032741       1.6176756       2.4177760                           
    25:alpha g1 a16.101 t17  3.0576749       0.2243989       2.6485333       3.5300202                           
    26:alpha g1 a16.301 t17  2.2274606       0.1941229       1.8783082       2.6415157                           
    27:alpha g1 a16.501 t17  2.6297910       0.1933133       2.2773688       3.0367503                           
    28:alpha g1 a16.701 t17  2.0833763       0.1989693       1.7284552       2.5111769                           
    29:alpha g1 a16.901 t17  2.6048767       0.1926145       2.2538795       3.0105347                           
    30:sigma g1 a0 t1        0.4785051       0.0612999       0.3726344       0.6144551                           
    31:U g1 a0 t1            12.185479       1.3395806       9.8298527       15.105607                           
    32:U g1 a2.8 t3.8        16.722698       1.7239650       13.670521       20.456326                           
    33:U g1 a6.1 t7.1        20.851715       1.7382142       17.713586       24.545792                           
    34:U g1 a9.567 t10.567   30.181890       2.2445976       26.093330       34.911085                           
    35:U g1 a12.134 t13.134  20.263164       1.6544922       17.271124       23.773544                           
    36:U g1 a16.101 t17.101  27.069964       2.2194588       23.057567       31.780584                           
    37:Phi g1 c1 a0.8 t1.8   0.8814948       0.0421682       0.7712647       0.9425599                           
    38:Gamma'' g1 c1 a0.8 t  0.0500017       0.0487357       0.0069964       0.2822199                           
    39:Gamma' g1 c1 a0.8 t1  1.0000000       0.0000000       1.0000000       1.0000000                           
    40:Phi g1 c1 a0 t1       1.0000000       0.0000000       1.0000000       1.0000000       Fixed               
    41:Gamma'' g1 c1 a0 t1   0.0000000       0.0000000       0.0000000       0.0000000       Fixed               

  Program  MARK  - Survival Rate Estimation with Capture-Recapture Data
   gfortran(Win64) Vers. 8.1 Mar 2016    5-Aug-2016 15:43:36    Page  012
 - - - - - - - - - - - - - - - - - - - - - - - - - - - - - - - - - - - - - -
 


                      Estimates of Derived Parameters
 Population Estimates of { alpha(~1 + sex + recordloss.agout.total)sigma(~1)U(~sample_month)Phi(~1)Gamma''(~1)Gamma'(~1) }
                                                95% Confidence Interval
 Grp. Occ.   N-hat           Standard Error      Lower           Upper
 ---- ----   --------------  --------------  --------------  --------------
   1     1   15.185479       1.3395813       12.778626       18.045662     
   1     2   15.185479       1.3395813       12.778626       18.045662     
   1     3   15.185479       1.3395813       12.778626       18.045662     
   1     4   14.367271       1.3550392       11.947307       17.277408     
   1     5   15.185479       1.3395813       12.778626       18.045662     
   1     6   21.722698       1.7239654       18.597953       25.372449     
   1     7   21.722698       1.7239654       18.597953       25.372449     
   1     8   21.722698       1.7239654       18.597953       25.372449     
   1     9   18.818937       1.7392612       15.706959       22.547481     
   1    10   21.722698       1.7239654       18.597953       25.372449     
   1    11   26.119707       1.7772232       22.862151       29.841421     
   1    12   25.148806       1.7732744       21.906417       28.871103     
   1    13   25.303784       1.7777543       22.052385       29.034569     
   1    14   25.076673       1.7698018       21.840841       28.791912     
   1    15   25.142688       1.7730248       21.900779       28.864487     
   1    16   37.957614       2.3471612       33.628921       42.843493     
   1    17   37.831752       2.3224628       33.546715       42.664131     
   1    18   37.963050       2.3477562       33.633289       42.850200     
   1    19   38.136079       2.3530934       33.795872       43.033674     
   1    20   35.962469       2.3484278       31.646252       40.867373     
   1    21   24.614608       1.6864535       21.524874       28.147851     
   1    22   25.882508       1.7171154       22.729836       29.472462     
   1    23   25.919100       1.7229086       22.756198       29.521617     
   1    24   23.742658       1.7060653       20.627307       27.328521     
   1    25   25.129695       1.7559044       21.917042       28.813266     
   1    26   32.443486       2.2600239       28.307609       37.183634     
   1    27   32.798229       2.3094594       28.575034       37.645583     
   1    28   32.589780       2.2796648       28.419156       37.372460     
   1    29   31.719291       2.3028915       27.517210       36.563060     
   1    30   32.600313       2.2811190       28.427119       37.386145     
 Mean Resighting Rate Estimates of { alpha(~1 + sex + recordloss.agout.total)sigma(~1)U(~sample_month)Phi(~1)Gamma''(~1)Gamma'(~1) }
                                                95% Confidence Interval
 Grp. Occ.   Lambda-hat      Standard Error      Lower           Upper
 ---- ----   --------------  --------------  --------------  --------------
   1     1   3.0410444       0.1744720       2.7178564       3.4026636     
   1     2   3.5103830       0.2129497       3.1172002       3.9531593     
   1     3   3.9467000       0.2861856       3.4244515       4.5485945     
   1     4   3.1894219       0.1813175       2.8533799       3.5650395     
   1     5   3.1693823       0.1800986       2.8355911       3.5424657     
   1     6   4.1299327       0.3245078       3.5412927       4.8164175     
   1     7   3.9693705       0.2907222       3.4392257       4.5812354     
   1     8   3.1617410       0.1796581       2.8287655       3.5339111     
   1     9   4.0781979       0.3133185       3.5088713       4.7398996     

  Program  MARK  - Survival Rate Estimation with Capture-Recapture Data
   gfortran(Win64) Vers. 8.1 Mar 2016    5-Aug-2016 15:43:36    Page  013
 - - - - - - - - - - - - - - - - - - - - - - - - - - - - - - - - - - - - - -
 
   1    10   3.8562576       0.2687192       3.3645091       4.4198789     
   1    11   4.3243267       0.2907386       3.7909923       4.9326931     
   1    12   3.6777178       0.2080427       3.2920381       4.1085819     
   1    13   3.2863836       0.1809165       2.9504884       3.6605184     
   1    14   4.5861904       0.2818243       4.0662449       5.1726207     
   1    15   4.4044253       0.2213495       3.9915109       4.8600549     
   1    16   3.7044973       0.1887579       3.3526229       4.0933027     
   1    17   4.1993933       0.2014807       3.8226970       4.6132101     
   1    18   3.9537120       0.1921340       3.5947095       4.3485679     
   1    19   3.3518688       0.1879535       3.0032612       3.7409414     
   1    20   3.2982138       0.1843597       2.9562119       3.6797817     
   1    21   4.9189782       0.2338441       4.4815844       5.3990607     
   1    22   3.2855738       0.1786732       2.9536243       3.6548302     
   1    23   2.9834754       0.1861924       2.6402885       3.3712699     
   1    24   2.9666740       0.2066336       2.5885283       3.4000613     
   1    25   3.8882591       0.2569877       3.4163061       4.4254110     
   1    26   3.7982333       0.2078510       3.4122059       4.2279324     
   1    27   2.4976386       0.1856631       2.1594400       2.8888040     
   1    28   3.4876633       0.1818288       3.1491009       3.8626249     
   1    29   2.9721594       0.2133774       2.5824980       3.4206150     
   1    30   3.4586391       0.1817840       3.1203020       3.8336625     
 Pr(Captured 1 or more times) of { alpha(~1 + sex + recordloss.agout.total)sigma(~1)U(~sample_month)Phi(~1)Gamma''(~1)Gamma'(~1) }
                                                95% Confidence Interval
 Grp. Occ.      p*-hat       Standard Error      Lower           Upper
 ---- ----   --------------  --------------  --------------  --------------
   1     1   0.3033477       0.0058713       0.2919645       0.3149772     
   1     2   0.3109626       0.0051190       0.3010191       0.3210837     
   1     3   0.3160949       0.0046825       0.3069896       0.3253435     
   1     4   0.4583387       0.0084163       0.4418943       0.4748743     
   1     5   0.3056946       0.0056159       0.2947997       0.3168113     
   1     6   0.1908569       0.0026956       0.1856293       0.1961963     
   1     7   0.1899603       0.0027790       0.1845731       0.1954670     
   1     8   0.1835708       0.0033692       0.1770590       0.1902668     
   1     9   0.4770450       0.0067457       0.4638426       0.4902795     
   1    10   0.1892675       0.0028407       0.1837623       0.1948982     
   1    11   0.1927954       0.0020741       0.1887628       0.1968932     
   1    12   0.2359897       0.0032736       0.2296337       0.2424661     
   1    13   0.2329934       0.0035208       0.2261639       0.2399652     
   1    14   0.2430048       0.0020443       0.2390205       0.2470339     
   1    15   0.2426617       0.0019381       0.2388832       0.2464806     
   1    16   0.1344011       0.0018639       0.1307896       0.1380966     
   1    17   0.1374614       0.0013006       0.1349320       0.1400306     
   1    18   0.1355788       0.0017630       0.1321603       0.1390716     
   1    19   0.1330001       0.0020117       0.1291065       0.1369927     
   1    20   0.1828387       0.0038496       0.1754141       0.1905050     
   1    21   0.2442988       0.0016293       0.2411196       0.2475063     
   1    22   0.1839025       0.0032349       0.1776466       0.1903277     
   1    23   0.1830660       0.0033695       0.1765540       0.1897628     
   1    24   0.3056929       0.0057136       0.2946104       0.3170050     
   1    25   0.2390643       0.0029713       0.2332892       0.2449366     

  Program  MARK  - Survival Rate Estimation with Capture-Recapture Data
   gfortran(Win64) Vers. 8.1 Mar 2016    5-Aug-2016 15:43:37    Page  014
 - - - - - - - - - - - - - - - - - - - - - - - - - - - - - - - - - - - - - -
 
   1    26   0.1900601       0.0023711       0.1854561       0.1947510     
   1    27   0.1745729       0.0046377       0.1656687       0.1838503     
   1    28   0.1884056       0.0025030       0.1835488       0.1933605     
   1    29   0.2302484       0.0042705       0.2219850       0.2387249     
   1    30   0.1881795       0.0025380       0.1832555       0.1932045     

 Attempted ordering of parameters by estimatibility:
   1  5  8 10  7  9  4  6  2 11  3 12 13
 Beta number 13 is a singular value.

     CPU Time in seconds for last procedure was 3.56


  INPUT --- proc stop;

   * *  WARNING  * *   Numerical underflow occurred during final processing of this model. 
     IEEE flag status at final processing of this model:
     overflow       F
     divide by zero F
     invalid        F
     underflow      T
     inexact        T


     CPU Time in minutes for this job was 0.06

     Time Start = 15:43:34.442   Time End = 15:43:37.070

     Wall Clock Time in minutes for this job was 0.04


          E X E C U T I O N   S U C C E S S F U L 
