
   Program  MARK  - Survival Rate Estimation with Capture-Recapture Data
   gfortran(Win64) Vers. 8.1 Mar 2016    5-Aug-2016 15:44:12    Page  001
 - - - - - - - - - - - - - - - - - - - - - - - - - - - - - - - - - - - - - -
 
   This version was compiled by GCC version 5.3.0 using the options: 
     -cpp -iprefix c:\tdm-gcc-64\gcc\bin\../lib/gcc/x86_64-w64-mingw32/5.3.0/ -D_MT
     -U_REENTRANT -D IEEE -m64 -mtune=generic -march=x86-64 -mthreads -O2
     -fimplicit-none -fbounds-check -funroll-loops -ftree-vectorize
     -ffpe-summary=invalid,zero,overflow,underflow -fno-unsafe-math-optimizations
     -frounding-math -fsignaling-nans -fopenmp.

   This problem will use 3 of 4 possible threads.


  INPUT --- proc title ;

     CPU Time in seconds for last procedure was 0.00


  INPUT --- proc chmatrix occasions= 30 groups= 1 etype= PoissonMR 
  INPUT --- icovar = 31 ICMeans NoHist  hist= 14 ;

  INPUT ---    time interval 0.2 0.2 0.2 0.2 2 0.2 0.2 0.2 0.2 2.5 0.2 0.2 
  INPUT ---    0.2 0.2 2.667 0.2 0.2 0.2  0.2 1.767 0.2 0.2 0.2 0.2 3.167 
  INPUT ---    0.2 0.2 0.2 0.2 ;

  INPUT ---     icovariates captive age.t1 age.t1.2 age.t1.4  age.t1.6 
  INPUT ---    age.t1.8 age.t3.8 age.t4 age.t4.2 age.t4.4 age.t4.6 
  INPUT ---    age.t7.1 age.t7.3 age.t7.5 age.t7.7  age.t7.9 age.t10.567 
  INPUT ---    age.t10.767 age.t10.967 age.t11.167 age.t11.367 age.t13.134 
  INPUT ---    age.t13.334  age.t13.534 age.t13.734 age.t13.934 
  INPUT ---    age.t17.101 age.t17.301 age.t17.501 age.t17.701 age.t17.901 
  INPUT ---    ;

  INPUT ---    glabel(1)=Group 1;

      Number of unique encounter histories read was 14.

      Number of individual covariates read was 31.
      Time interval lengths vary and/or not equal to 1.

      Data type number is 115
      Data type is Poisson Mark Resight with Robust Design                                                             

     CPU Time in seconds for last procedure was 0.00

  Program  MARK  - Survival Rate Estimation with Capture-Recapture Data
   gfortran(Win64) Vers. 8.1 Mar 2016    5-Aug-2016 15:44:12    Page  002
 - - - - - - - - - - - - - - - - - - - - - - - - - - - - - - - - - - - - - -
 


  INPUT --- proc estimate link=Parm-Specific NOLOOP varest=2ndPart    ;


  INPUT --- model={ alpha(~1 + captive + age.t + 
  INPUT --- effort.trapdays)sigma(~1)U(~sample_month)Phi(~1)Gamma''(~1)G
  INPUT --- amma'(~1) };

  INPUT ---    fixed=2;
  INPUT ---        parm(41)=1 ;
  INPUT ---        parm(42)=0 ;

  INPUT ---    group=1 alpha    rows=1 cols=30 Square ;
  INPUT ---        1 2 3 4 5 6 7 8 9 10 11 12 13 14 15 16 17 18 19 20 21 22 
  INPUT ---       23 24 25 26 27 28 29 30 ;

  INPUT ---    group=1 sigma    rows=1 cols=30 Square ;
  INPUT ---        31 31 31 31 31 31 31 31 31 31 31 31 31 31 31 31 31 31 31 
  INPUT ---       31 31 31 31 31 31 31 31 31 31 31 ;

  INPUT ---    group=1 U    rows=1 cols=30 Square ;
  INPUT ---        32 32 32 32 32 33 33 33 33 33 34 34 34 34 34 35 35 35 35 
  INPUT ---       35 36 36 36 36 36 37 37 37 37 37 ;

  INPUT ---    group=1 Phi    rows=29 cols=29 Triang ;
  INPUT ---        41 41 41 41 38 41 41 41 41 38 41 41 41 41 38 41 41 41 41 
  INPUT ---       38 41 41 41 41 38 41 41 41 41 ;
  INPUT ---        41 41 41 41 41 41 41 41 41 41 41 41 41 41 41 41 41 41 41 
  INPUT ---       41 41 41 41 41 41 41 41 41 ;
  INPUT ---        41 41 41 41 41 41 41 41 41 41 41 41 41 41 41 41 41 41 41 
  INPUT ---       41 41 41 41 41 41 41 41 ;
  INPUT ---        41 41 41 41 41 41 41 41 41 41 41 41 41 41 41 41 41 41 41 
  INPUT ---       41 41 41 41 41 41 41 ;
  INPUT ---        41 41 41 41 41 41 41 41 41 41 41 41 41 41 41 41 41 41 41 
  INPUT ---       41 41 41 41 41 41 ;
  INPUT ---        41 41 41 41 38 41 41 41 41 38 41 41 41 41 38 41 41 41 41 
  INPUT ---       38 41 41 41 41 ;
  INPUT ---        41 41 41 41 41 41 41 41 41 41 41 41 41 41 41 41 41 41 41 
  INPUT ---       41 41 41 41 ;
  INPUT ---        41 41 41 41 41 41 41 41 41 41 41 41 41 41 41 41 41 41 41 
  INPUT ---       41 41 41 ;
  INPUT ---        41 41 41 41 41 41 41 41 41 41 41 41 41 41 41 41 41 41 41 
  INPUT ---       41 41 ;
  INPUT ---        41 41 41 41 41 41 41 41 41 41 41 41 41 41 41 41 41 41 41 
  INPUT ---       41 ;

  Program  MARK  - Survival Rate Estimation with Capture-Recapture Data
   gfortran(Win64) Vers. 8.1 Mar 2016    5-Aug-2016 15:44:12    Page  003
 - - - - - - - - - - - - - - - - - - - - - - - - - - - - - - - - - - - - - -
 
  INPUT ---        41 41 41 41 38 41 41 41 41 38 41 41 41 41 38 41 41 41 41 ;
  INPUT ---        41 41 41 41 41 41 41 41 41 41 41 41 41 41 41 41 41 41 ;
  INPUT ---        41 41 41 41 41 41 41 41 41 41 41 41 41 41 41 41 41 ;
  INPUT ---        41 41 41 41 41 41 41 41 41 41 41 41 41 41 41 41 ;
  INPUT ---        41 41 41 41 41 41 41 41 41 41 41 41 41 41 41 ;
  INPUT ---        41 41 41 41 38 41 41 41 41 38 41 41 41 41 ;
  INPUT ---        41 41 41 41 41 41 41 41 41 41 41 41 41 ;
  INPUT ---        41 41 41 41 41 41 41 41 41 41 41 41 ;
  INPUT ---        41 41 41 41 41 41 41 41 41 41 41 ;
  INPUT ---        41 41 41 41 41 41 41 41 41 41 ;
  INPUT ---        41 41 41 41 38 41 41 41 41 ;
  INPUT ---        41 41 41 41 41 41 41 41 ;
  INPUT ---        41 41 41 41 41 41 41 ;
  INPUT ---        41 41 41 41 41 41 ;
  INPUT ---        41 41 41 41 41 ;
  INPUT ---        41 41 41 41 ;
  INPUT ---        41 41 41 ;
  INPUT ---        41 41 ;
  INPUT ---        41 ;

  INPUT ---    group=1 Gamma''    rows=29 cols=29 Triang ;
  INPUT ---        42 42 42 42 39 42 42 42 42 39 42 42 42 42 39 42 42 42 42 
  INPUT ---       39 42 42 42 42 39 42 42 42 42 ;
  INPUT ---        42 42 42 42 42 42 42 42 42 42 42 42 42 42 42 42 42 42 42 
  INPUT ---       42 42 42 42 42 42 42 42 42 ;
  INPUT ---        42 42 42 42 42 42 42 42 42 42 42 42 42 42 42 42 42 42 42 
  INPUT ---       42 42 42 42 42 42 42 42 ;
  INPUT ---        42 42 42 42 42 42 42 42 42 42 42 42 42 42 42 42 42 42 42 
  INPUT ---       42 42 42 42 42 42 42 ;
  INPUT ---        42 42 42 42 42 42 42 42 42 42 42 42 42 42 42 42 42 42 42 
  INPUT ---       42 42 42 42 42 42 ;
  INPUT ---        42 42 42 42 39 42 42 42 42 39 42 42 42 42 39 42 42 42 42 
  INPUT ---       39 42 42 42 42 ;
  INPUT ---        42 42 42 42 42 42 42 42 42 42 42 42 42 42 42 42 42 42 42 
  INPUT ---       42 42 42 42 ;
  INPUT ---        42 42 42 42 42 42 42 42 42 42 42 42 42 42 42 42 42 42 42 
  INPUT ---       42 42 42 ;
  INPUT ---        42 42 42 42 42 42 42 42 42 42 42 42 42 42 42 42 42 42 42 
  INPUT ---       42 42 ;
  INPUT ---        42 42 42 42 42 42 42 42 42 42 42 42 42 42 42 42 42 42 42 
  INPUT ---       42 ;
  INPUT ---        42 42 42 42 39 42 42 42 42 39 42 42 42 42 39 42 42 42 42 ;
  INPUT ---        42 42 42 42 42 42 42 42 42 42 42 42 42 42 42 42 42 42 ;
  INPUT ---        42 42 42 42 42 42 42 42 42 42 42 42 42 42 42 42 42 ;
  INPUT ---        42 42 42 42 42 42 42 42 42 42 42 42 42 42 42 42 ;
  INPUT ---        42 42 42 42 42 42 42 42 42 42 42 42 42 42 42 ;

  Program  MARK  - Survival Rate Estimation with Capture-Recapture Data
   gfortran(Win64) Vers. 8.1 Mar 2016    5-Aug-2016 15:44:12    Page  004
 - - - - - - - - - - - - - - - - - - - - - - - - - - - - - - - - - - - - - -
 
  INPUT ---        42 42 42 42 39 42 42 42 42 39 42 42 42 42 ;
  INPUT ---        42 42 42 42 42 42 42 42 42 42 42 42 42 ;
  INPUT ---        42 42 42 42 42 42 42 42 42 42 42 42 ;
  INPUT ---        42 42 42 42 42 42 42 42 42 42 42 ;
  INPUT ---        42 42 42 42 42 42 42 42 42 42 ;
  INPUT ---        42 42 42 42 39 42 42 42 42 ;
  INPUT ---        42 42 42 42 42 42 42 42 ;
  INPUT ---        42 42 42 42 42 42 42 ;
  INPUT ---        42 42 42 42 42 42 ;
  INPUT ---        42 42 42 42 42 ;
  INPUT ---        42 42 42 42 ;
  INPUT ---        42 42 42 ;
  INPUT ---        42 42 ;
  INPUT ---        42 ;

  INPUT ---    group=1 Gamma'    rows=28 cols=28 Triang ;
  INPUT ---        42 42 42 40 42 42 42 42 40 42 42 42 42 40 42 42 42 42 40 
  INPUT ---       42 42 42 42 40 42 42 42 42 ;
  INPUT ---        42 42 42 42 42 42 42 42 42 42 42 42 42 42 42 42 42 42 42 
  INPUT ---       42 42 42 42 42 42 42 42 ;
  INPUT ---        42 42 42 42 42 42 42 42 42 42 42 42 42 42 42 42 42 42 42 
  INPUT ---       42 42 42 42 42 42 42 ;
  INPUT ---        42 42 42 42 42 42 42 42 42 42 42 42 42 42 42 42 42 42 42 
  INPUT ---       42 42 42 42 42 42 ;
  INPUT ---        42 42 42 42 42 42 42 42 42 42 42 42 42 42 42 42 42 42 42 
  INPUT ---       42 42 42 42 42 ;
  INPUT ---        42 42 42 40 42 42 42 42 40 42 42 42 42 40 42 42 42 42 40 
  INPUT ---       42 42 42 42 ;
  INPUT ---        42 42 42 42 42 42 42 42 42 42 42 42 42 42 42 42 42 42 42 
  INPUT ---       42 42 42 ;
  INPUT ---        42 42 42 42 42 42 42 42 42 42 42 42 42 42 42 42 42 42 42 
  INPUT ---       42 42 ;
  INPUT ---        42 42 42 42 42 42 42 42 42 42 42 42 42 42 42 42 42 42 42 
  INPUT ---       42 ;
  INPUT ---        42 42 42 42 42 42 42 42 42 42 42 42 42 42 42 42 42 42 42 ;
  INPUT ---        42 42 42 40 42 42 42 42 40 42 42 42 42 40 42 42 42 42 ;
  INPUT ---        42 42 42 42 42 42 42 42 42 42 42 42 42 42 42 42 42 ;
  INPUT ---        42 42 42 42 42 42 42 42 42 42 42 42 42 42 42 42 ;
  INPUT ---        42 42 42 42 42 42 42 42 42 42 42 42 42 42 42 ;
  INPUT ---        42 42 42 42 42 42 42 42 42 42 42 42 42 42 ;
  INPUT ---        42 42 42 40 42 42 42 42 40 42 42 42 42 ;
  INPUT ---        42 42 42 42 42 42 42 42 42 42 42 42 ;
  INPUT ---        42 42 42 42 42 42 42 42 42 42 42 ;
  INPUT ---        42 42 42 42 42 42 42 42 42 42 ;
  INPUT ---        42 42 42 42 42 42 42 42 42 ;
  INPUT ---        42 42 42 40 42 42 42 42 ;

  Program  MARK  - Survival Rate Estimation with Capture-Recapture Data
   gfortran(Win64) Vers. 8.1 Mar 2016    5-Aug-2016 15:44:12    Page  005
 - - - - - - - - - - - - - - - - - - - - - - - - - - - - - - - - - - - - - -
 
  INPUT ---        42 42 42 42 42 42 42 ;
  INPUT ---        42 42 42 42 42 42 ;
  INPUT ---        42 42 42 42 42 ;
  INPUT ---        42 42 42 42 ;
  INPUT ---        42 42 42 ;
  INPUT ---        42 42 ;
  INPUT ---        42 ;

  INPUT ---    initial  0.8492118 0 0 0 -0.3123225 3.139572 0 0 0 0 0 
  INPUT ---    2.0066797 -2.9445172 17.724958  ;

  INPUT ---    design matrix constraints=42 covariates=14;
  INPUT ---        1 captive age.t1 96 0 0 0 0 0 0 0 0 0 0;
  INPUT ---        1 captive age.t1.2 96 0 0 0 0 0 0 0 0 0 0;
  INPUT ---        1 captive age.t1.4 114 0 0 0 0 0 0 0 0 0 0;
  INPUT ---        1 captive age.t1.6 120 0 0 0 0 0 0 0 0 0 0;
  INPUT ---        1 captive age.t1.8 115 0 0 0 0 0 0 0 0 0 0;
  INPUT ---        1 captive age.t3.8 126 0 0 0 0 0 0 0 0 0 0;
  INPUT ---        1 captive age.t4 126 0 0 0 0 0 0 0 0 0 0;
  INPUT ---        1 captive age.t4.2 126 0 0 0 0 0 0 0 0 0 0;
  INPUT ---        1 captive age.t4.4 114 0 0 0 0 0 0 0 0 0 0;
  INPUT ---        1 captive age.t4.6 126 0 0 0 0 0 0 0 0 0 0;
  INPUT ---        1 captive age.t7.1 139 0 0 0 0 0 0 0 0 0 0;
  INPUT ---        1 captive age.t7.3 168 0 0 0 0 0 0 0 0 0 0;
  INPUT ---        1 captive age.t7.5 180 0 0 0 0 0 0 0 0 0 0;
  INPUT ---        1 captive age.t7.7 174 0 0 0 0 0 0 0 0 0 0;
  INPUT ---        1 captive age.t7.9 173 0 0 0 0 0 0 0 0 0 0;
  INPUT ---        1 captive age.t10.567 166 0 0 0 0 0 0 0 0 0 0;
  INPUT ---        1 captive age.t10.767 172 0 0 0 0 0 0 0 0 0 0;
  INPUT ---        1 captive age.t10.967 166 0 0 0 0 0 0 0 0 0 0;
  INPUT ---        1 captive age.t11.167 171 0 0 0 0 0 0 0 0 0 0;
  INPUT ---        1 captive age.t11.367 151 0 0 0 0 0 0 0 0 0 0;
  INPUT ---        1 captive age.t13.134 192 0 0 0 0 0 0 0 0 0 0;
  INPUT ---        1 captive age.t13.334 185 0 0 0 0 0 0 0 0 0 0;
  INPUT ---        1 captive age.t13.534 198 0 0 0 0 0 0 0 0 0 0;
  INPUT ---        1 captive age.t13.734 198 0 0 0 0 0 0 0 0 0 0;
  INPUT ---        1 captive age.t13.934 195 0 0 0 0 0 0 0 0 0 0;
  INPUT ---        1 captive age.t17.101 192 0 0 0 0 0 0 0 0 0 0;
  INPUT ---        1 captive age.t17.301 192 0 0 0 0 0 0 0 0 0 0;
  INPUT ---        1 captive age.t17.501 198 0 0 0 0 0 0 0 0 0 0;
  INPUT ---        1 captive age.t17.701 198 0 0 0 0 0 0 0 0 0 0;
  INPUT ---        1 captive age.t17.901 198 0 0 0 0 0 0 0 0 0 0;
  INPUT ---        0 0 0 0 1 0 0 0 0 0 0 0 0 0;
  INPUT ---        0 0 0 0 0 1 0 0 0 0 0 0 0 0;
  INPUT ---        0 0 0 0 0 1 1 0 0 0 0 0 0 0;
  INPUT ---        0 0 0 0 0 1 0 1 0 0 0 0 0 0;

  Program  MARK  - Survival Rate Estimation with Capture-Recapture Data
   gfortran(Win64) Vers. 8.1 Mar 2016    5-Aug-2016 15:44:12    Page  006
 - - - - - - - - - - - - - - - - - - - - - - - - - - - - - - - - - - - - - -
 
  INPUT ---        0 0 0 0 0 1 0 0 1 0 0 0 0 0;
  INPUT ---        0 0 0 0 0 1 0 0 0 1 0 0 0 0;
  INPUT ---        0 0 0 0 0 1 0 0 0 0 1 0 0 0;
  INPUT ---        0 0 0 0 0 0 0 0 0 0 0 1 0 0;
  INPUT ---        0 0 0 0 0 0 0 0 0 0 0 0 1 0;
  INPUT ---        0 0 0 0 0 0 0 0 0 0 0 0 0 1;
  INPUT ---        0 0 0 0 0 0 0 0 0 0 0 0 0 0;
  INPUT ---        0 0 0 0 0 0 0 0 0 0 0 0 0 0;

  INPUT ---    links=42;

  INPUT ---    Log;

  INPUT ---    Log;

  INPUT ---    Log;

  INPUT ---    Log;

  INPUT ---    Log;

  INPUT ---    Log;

  INPUT ---    Log;

  INPUT ---    Log;

  INPUT ---    Log;

  INPUT ---    Log;

  INPUT ---    Log;

  INPUT ---    Log;

  INPUT ---    Log;

  INPUT ---    Log;

  INPUT ---    Log;

  INPUT ---    Log;

  INPUT ---    Log;

  INPUT ---    Log;

  Program  MARK  - Survival Rate Estimation with Capture-Recapture Data
   gfortran(Win64) Vers. 8.1 Mar 2016    5-Aug-2016 15:44:12    Page  007
 - - - - - - - - - - - - - - - - - - - - - - - - - - - - - - - - - - - - - -
 

  INPUT ---    Log;

  INPUT ---    Log;

  INPUT ---    Log;

  INPUT ---    Log;

  INPUT ---    Log;

  INPUT ---    Log;

  INPUT ---    Log;

  INPUT ---    Log;

  INPUT ---    Log;

  INPUT ---    Log;

  INPUT ---    Log;

  INPUT ---    Log;

  INPUT ---    Log;

  INPUT ---    Log;

  INPUT ---    Log;

  INPUT ---    Log;

  INPUT ---    Log;

  INPUT ---    Log;

  INPUT ---    Log;

  INPUT ---    Logit;

  INPUT ---    Logit;

  INPUT ---    Logit;

  INPUT ---    Logit;

  Program  MARK  - Survival Rate Estimation with Capture-Recapture Data
   gfortran(Win64) Vers. 8.1 Mar 2016    5-Aug-2016 15:44:12    Page  008
 - - - - - - - - - - - - - - - - - - - - - - - - - - - - - - - - - - - - - -
 

  INPUT ---    Logit;
  INPUT ---       blabel(1)=alpha:(Intercept);
  INPUT ---       blabel(2)=alpha:captive;
  INPUT ---       blabel(3)=alpha:age.t;
  INPUT ---       blabel(4)=alpha:effort.trapdays;
  INPUT ---       blabel(5)=sigma:(Intercept);
  INPUT ---       blabel(6)=U:(Intercept);
  INPUT ---       blabel(7)=U:sample_monthB;
  INPUT ---       blabel(8)=U:sample_monthC;
  INPUT ---       blabel(9)=U:sample_monthD;
  INPUT ---       blabel(10)=U:sample_monthE;
  INPUT ---       blabel(11)=U:sample_monthF;
  INPUT ---       blabel(12)=Phi:(Intercept);
  INPUT ---       blabel(13)=GammaDoublePrime:(Intercept);
  INPUT ---       blabel(14)=GammaPrime:(Intercept);
  INPUT ---       rlabel(1)=alpha g1 a0 t1;
  INPUT ---       rlabel(2)=alpha g1 a0.2 t1.2;
  INPUT ---       rlabel(3)=alpha g1 a0.4 t1.4;
  INPUT ---       rlabel(4)=alpha g1 a0.6 t1.6;
  INPUT ---       rlabel(5)=alpha g1 a0.8 t1.8;
  INPUT ---       rlabel(6)=alpha g1 a2.8 t3.8;
  INPUT ---       rlabel(7)=alpha g1 a3 t4;
  INPUT ---       rlabel(8)=alpha g1 a3.2 t4.2;
  INPUT ---       rlabel(9)=alpha g1 a3.4 t4.4;
  INPUT ---       rlabel(10)=alpha g1 a3.6 t4.6;
  INPUT ---       rlabel(11)=alpha g1 a6.1 t7.1;
  INPUT ---       rlabel(12)=alpha g1 a6.3 t7.3;
  INPUT ---       rlabel(13)=alpha g1 a6.5 t7.5;
  INPUT ---       rlabel(14)=alpha g1 a6.7 t7.7;
  INPUT ---       rlabel(15)=alpha g1 a6.9 t7.9;
  INPUT ---       rlabel(16)=alpha g1 a9.567 t10.567;
  INPUT ---       rlabel(17)=alpha g1 a9.767 t10.767;
  INPUT ---       rlabel(18)=alpha g1 a9.967 t10.967;
  INPUT ---       rlabel(19)=alpha g1 a10.167 t11.167;
  INPUT ---       rlabel(20)=alpha g1 a10.367 t11.367;
  INPUT ---       rlabel(21)=alpha g1 a12.134 t13.134;
  INPUT ---       rlabel(22)=alpha g1 a12.334 t13.334;
  INPUT ---       rlabel(23)=alpha g1 a12.534 t13.534;
  INPUT ---       rlabel(24)=alpha g1 a12.734 t13.734;
  INPUT ---       rlabel(25)=alpha g1 a12.934 t13.934;
  INPUT ---       rlabel(26)=alpha g1 a16.101 t17.101;
  INPUT ---       rlabel(27)=alpha g1 a16.301 t17.301;
  INPUT ---       rlabel(28)=alpha g1 a16.501 t17.501;
  INPUT ---       rlabel(29)=alpha g1 a16.701 t17.701;
  INPUT ---       rlabel(30)=alpha g1 a16.901 t17.901;

  Program  MARK  - Survival Rate Estimation with Capture-Recapture Data
   gfortran(Win64) Vers. 8.1 Mar 2016    5-Aug-2016 15:44:12    Page  009
 - - - - - - - - - - - - - - - - - - - - - - - - - - - - - - - - - - - - - -
 
  INPUT ---       rlabel(31)=sigma g1 a0 t1;
  INPUT ---       rlabel(32)=U g1 a0 t1;
  INPUT ---       rlabel(33)=U g1 a2.8 t3.8;
  INPUT ---       rlabel(34)=U g1 a6.1 t7.1;
  INPUT ---       rlabel(35)=U g1 a9.567 t10.567;
  INPUT ---       rlabel(36)=U g1 a12.134 t13.134;
  INPUT ---       rlabel(37)=U g1 a16.101 t17.101;
  INPUT ---       rlabel(38)=Phi g1 c1 a0.8 t1.8;
  INPUT ---       rlabel(39)=Gamma'' g1 c1 a0.8 t1.8;
  INPUT ---       rlabel(40)=Gamma' g1 c1 a0.8 t1.8;
  INPUT ---       rlabel(41)=Phi g1 c1 a0 t1;
  INPUT ---       rlabel(42)=Gamma'' g1 c1 a0 t1;

 Link Function Used is PARM-SPECIFIC

 Variance Estimation Procedure Used is 2ndPart 

 M(t+1):
 Group=Group 1                                                                         
       3      3      3      2      3      5      5      5      2      5      5
       4      4      4      4     10      7      7      7      5      5      5
       5      3      4      5      5      5      4      5


 -2logL(saturated) = -0.0000000    
 Effective Sample Size = 169
 Results from first iteration:
  -2logL Initial { alpha(~1 + captive + age.t + effort.trapdays)sigma(~1)U(~sample_month)Phi(~1)Gamma''(~1)Gamma'(~1) } = 1138.4459     
  Penalty Initial { alpha(~1 + captive + age.t + effort.trapdays)sigma(~1)U(~sample_month)Phi(~1)Gamma''(~1)Gamma'(~1) } = -0.0000000    

 Number of function evaluations was 28 for 14 parameters.
 Time for numerical optimization was 2.58 seconds.
 -2logL { alpha(~1 + captive + age.t + effort.trapdays)sigma(~1)U(~sample_month)Phi(~1)Gamma''(~1)Gamma'(~1) } = 1085.2449     
 Penalty { alpha(~1 + captive + age.t + effort.trapdays)sigma(~1)U(~sample_month)Phi(~1)Gamma''(~1)Gamma'(~1) } = -0.0000000    

   * *  WARNING  * *   Numerical underflow occurred during optimization of this model. 
     IEEE flag status at end of optimization:
     overflow       F
     divide by zero F
     invalid        F
     underflow      T
     inexact        T

 Gradient { alpha(~1 + captive + age.t + effort.trapdays)sigma(~1)U(~sample_month)Phi(~1)Gamma''(~1)Gamma'(~1) }:
  0.1306361E-03 0.3950813E-04 0.1931711E-04 0.9897851E-04 0.8448628E-04
  0.6534059E-05 0.1496280E-04  0.000000     0.1201154E-04-0.1597862E-04
   0.000000    -0.7562333E-05  0.000000      0.000000    
 S Vector { alpha(~1 + captive + age.t + effort.trapdays)sigma(~1)U(~sample_month)Phi(~1)Gamma''(~1)Gamma'(~1) }:
   4807.971      333.2801      272.3899      252.7388      218.9424    
   178.7394      102.3521      72.73087      25.78470      13.55538    
   6.136872      3.628212     0.9500111     0.2702012E-08
 Time to compute number of parameters was 1.98 seconds.
   Threshold =  0.3000000E-06     Condition index =  0.5619859E-12     New Threshold =  0.1011000E-07

  Program  MARK  - Survival Rate Estimation with Capture-Recapture Data
   gfortran(Win64) Vers. 8.1 Mar 2016    5-Aug-2016 15:44:15    Page  010
 - - - - - - - - - - - - - - - - - - - - - - - - - - - - - - - - - - - - - -
 
 New Guessimate of Estimated Parameters { alpha(~1 + captive + age.t + effort.trapdays)sigma(~1)U(~sample_month)Phi(~1)Gamma''(~1)Gamma'(~1) } = 13          
 Conditioned S Vector { alpha(~1 + captive + age.t + effort.trapdays)sigma(~1)U(~sample_month)Phi(~1)Gamma''(~1)Gamma'(~1) }:
   1.000000     0.6931824E-01 0.5665381E-01 0.5256662E-01 0.4553737E-01
  0.3717564E-01 0.2128801E-01 0.1512714E-01 0.5362907E-02 0.2819356E-02
  0.1276395E-02 0.7546244E-03 0.1975909E-03 0.5619859E-12
 Number of Estimated Parameters { alpha(~1 + captive + age.t + effort.trapdays)sigma(~1)U(~sample_month)Phi(~1)Gamma''(~1)Gamma'(~1) } = 13          
 DEVIANCE { alpha(~1 + captive + age.t + effort.trapdays)sigma(~1)U(~sample_month)Phi(~1)Gamma''(~1)Gamma'(~1) } = 1085.2449                     
 DEVIANCE Degrees of Freedom { alpha(~1 + captive + age.t + effort.trapdays)sigma(~1)U(~sample_month)Phi(~1)Gamma''(~1)Gamma'(~1) } = 1            
 c-hat { alpha(~1 + captive + age.t + effort.trapdays)sigma(~1)U(~sample_month)Phi(~1)Gamma''(~1)Gamma'(~1) } = 1085.2449                     
 AIC { alpha(~1 + captive + age.t + effort.trapdays)sigma(~1)U(~sample_month)Phi(~1)Gamma''(~1)Gamma'(~1) } = 1111.2449                  
 AICc { alpha(~1 + captive + age.t + effort.trapdays)sigma(~1)U(~sample_month)Phi(~1)Gamma''(~1)Gamma'(~1) } = 1113.5933                    
 BIC { alpha(~1 + captive + age.t + effort.trapdays)sigma(~1)U(~sample_month)Phi(~1)Gamma''(~1)Gamma'(~1) } = 1151.9336                    
 Pearson Chisquare { alpha(~1 + captive + age.t + effort.trapdays)sigma(~1)U(~sample_month)Phi(~1)Gamma''(~1)Gamma'(~1) } = 0.9836506E+034             

   * *  WARNING  * *   Numerical underflow occurred during variance-covariance calculation of this model. 
     IEEE flag status at end of variance-covariance calculation:
     overflow       F
     divide by zero F
     invalid        F
     underflow      T
     inexact        T



 PARM-SPECIFIC Link Function Parameters of { alpha(~1 + captive + age.t + effort.trapdays)sigma(~1)U(~sample_month)Phi(~1)Gamma''(~1)Gamma'(~1) }
                                                              95% Confidence Interval
 Parameter                    Beta         Standard Error      Lower           Upper
 -------------------------  --------------  --------------  --------------  --------------
    1:alpha:(Intercept)     0.9145625       0.3329186       0.2620420       1.5670830     
    2:alpha:captive         0.1510221       0.1142723       -0.0729516      0.3749959     
    3:alpha:age.t           0.1770586       0.1649265       -0.1461973      0.5003144     
    4:alpha:effort.trapday  -.7505113E-003  0.0017091       -0.0041003      0.0025993     
    5:sigma:(Intercept)     -0.6147498      0.1149619       -0.8400751      -0.3894246    
    6:U:(Intercept)         2.4798230       0.1484445       2.1888717       2.7707743     
    7:U:sample_monthB       0.5195927       0.1381797       0.2487606       0.7904249     
    8:U:sample_monthC       0.7034401       0.1519696       0.4055798       1.0013005     
    9:U:sample_monthD       0.8929598       0.1528586       0.5933570       1.1925627     
   10:U:sample_monthE       0.4229865       0.1792985       0.0715615       0.7744115     
   11:U:sample_monthF       0.8146200       0.1847348       0.4525398       1.1767002     
   12:Phi:(Intercept)       2.0066603       0.4036700       1.2154671       2.7978535     
   13:GammaDoublePrime:(In  -2.9444352      1.0259724       -4.9553411      -0.9335294    
   14:GammaPrime:(Intercep  17.724958       0.0000000       17.724958       17.724958     


 Real Function Parameters of { alpha(~1 + captive + age.t + effort.trapdays)sigma(~1)U(~sample_month)Phi(~1)Gamma''(~1)Gamma'(~1) }

  Program  MARK  - Survival Rate Estimation with Capture-Recapture Data
   gfortran(Win64) Vers. 8.1 Mar 2016    5-Aug-2016 15:44:15    Page  011
 - - - - - - - - - - - - - - - - - - - - - - - - - - - - - - - - - - - - - -
 

      Following estimates based on unstandardized individual covariate values:
          Variable   Value         
          ---------  ------------- 
          CAPTIVE    0.2142857     
          AGE.T1     1.0000000     
          AGE.T1.2   1.0000000     
          AGE.T1.4   1.0000000     
          AGE.T1.6   1.0000000     
          AGE.T1.8   1.0000000     
          AGE.T3.8   1.0000000     
          AGE.T4     1.0000000     
          AGE.T4.2   1.0000000     
          AGE.T4.4   1.0000000     
          AGE.T4.6   1.0000000     
          AGE.T7.1   0.8333333     
          AGE.T7.3   0.8333333     
          AGE.T7.5   0.8333333     
          AGE.T7.7   0.8333333     
          AGE.T7.9   0.8333333     
          AGE.T10.56 0.6666667     
          AGE.T10.76 0.6666667     
          AGE.T10.96 0.6666667     
          AGE.T11.16 0.6666667     
          AGE.T11.36 0.6666667     
          AGE.T13.13 1.0000000     
          AGE.T13.33 1.0000000     
          AGE.T13.53 1.0000000     
          AGE.T13.73 1.0000000     
          AGE.T13.93 1.0000000     
          AGE.T17.10 0.9230769     
          AGE.T17.30 0.9230769     
          AGE.T17.50 0.9230769     
          AGE.T17.70 0.9230769     
          AGE.T17.90 0.9230769     
                                                               95% Confidence Interval
  Parameter                  Estimate       Standard Error      Lower           Upper
 --------------------------  --------------  --------------  --------------  --------------
     1:alpha g1 a0 t1        2.8631829       0.3999334       2.1803378       3.7598835                           
     2:alpha g1 a0.2 t1.2    2.8631829       0.3999334       2.1803378       3.7598835                           
     3:alpha g1 a0.4 t1.4    2.8247637       0.3269795       2.2530843       3.5414962                           
     4:alpha g1 a0.6 t1.6    2.8120721       0.3052428       2.2745714       3.4765889                           
     5:alpha g1 a0.8 t1.8    2.8226444       0.3232525       2.2567900       3.5303779                           
     6:alpha g1 a2.8 t3.8    2.7994377       0.2851609       2.2939628       3.4162939                           
     7:alpha g1 a3 t4        2.7994377       0.2851609       2.2939628       3.4162939                           
     8:alpha g1 a3.2 t4.2    2.7994377       0.2851609       2.2939628       3.4162939                           
     9:alpha g1 a3.4 t4.4    2.8247637       0.3269795       2.2530843       3.5414962                           
    10:alpha g1 a3.6 t4.6    2.7994377       0.2851609       2.2939628       3.4162939                           
    11:alpha g1 a6.1 t7.1    2.6916440       0.2377310       2.2645533       3.1992832                           

  Program  MARK  - Survival Rate Estimation with Capture-Recapture Data
   gfortran(Win64) Vers. 8.1 Mar 2016    5-Aug-2016 15:44:15    Page  012
 - - - - - - - - - - - - - - - - - - - - - - - - - - - - - - - - - - - - - -
 
    12:alpha g1 a6.3 t7.3    2.6336937       0.2044131       2.2625468       3.0657235                           
    13:alpha g1 a6.5 t7.5    2.6100808       0.2140579       2.2231097       3.0644110                           
    14:alpha g1 a6.7 t7.7    2.6218607       0.2076050       2.2455025       3.0612985                           
    15:alpha g1 a6.9 t7.9    2.6238292       0.2068381       2.2487309       3.0614956                           
    16:alpha g1 a9.567 t10.  2.5609508       0.2159924       2.1713816       3.0204128                           
    17:alpha g1 a9.767 t10.  2.5494446       0.2172074       2.1580163       3.0118715                           
    18:alpha g1 a9.967 t10.  2.5609508       0.2159924       2.1713816       3.0204128                           
    19:alpha g1 a10.167 t11  2.5513587       0.2167883       2.1605973       3.0127924                           
    20:alpha g1 a10.367 t11  2.5899440       0.2268255       2.1821456       3.0739516                           
    21:alpha g1 a12.134 t13  2.6641494       0.2497405       2.2178846       3.2002080                           
    22:alpha g1 a12.334 t13  2.6781825       0.2357643       2.2545031       3.1814822                           
    23:alpha g1 a12.534 t13  2.6521795       0.2639531       2.1832114       3.2218850                           
    24:alpha g1 a12.734 t13  2.6521795       0.2639531       2.1832114       3.2218850                           
    25:alpha g1 a12.934 t13  2.6581577       0.2566167       2.2008747       3.2104518                           
    26:alpha g1 a16.101 t17  2.6281099       0.2403024       2.1977286       3.1427729                           
    27:alpha g1 a16.301 t17  2.6281099       0.2403024       2.1977286       3.1427729                           
    28:alpha g1 a16.501 t17  2.6163020       0.2545201       2.1630889       3.1644729                           
    29:alpha g1 a16.701 t17  2.6163020       0.2545201       2.1630889       3.1644729                           
    30:alpha g1 a16.901 t17  2.6163020       0.2545201       2.1630889       3.1644729                           
    31:sigma g1 a0 t1        0.5407762       0.0621686       0.4319973       0.6769460                           
    32:U g1 a0 t1            11.939151       1.7723017       8.9392861       15.945718                           
    33:U g1 a2.8 t3.8        20.073805       2.4308452       15.846237       25.429233                           
    34:U g1 a6.1 t7.1        24.125351       2.0121154       20.492878       28.401698                           
    35:U g1 a9.567 t10.567   29.159562       2.2129240       25.134757       33.828854                           
    36:U g1 a12.134 t13.134  18.225278       1.7364111       15.127170       21.957892                           
    37:U g1 a16.101 t17.101  26.962392       2.5703449       22.376632       32.487936                           
    38:Phi g1 c1 a0.8 t1.8   0.8814946       0.0421681       0.7712649       0.9425597                           
    39:Gamma'' g1 c1 a0.8 t  0.0500002       0.0487339       0.0069964       0.2822092                           
    40:Gamma' g1 c1 a0.8 t1  1.0000000       0.0000000       1.0000000       1.0000000                           
    41:Phi g1 c1 a0 t1       1.0000000       0.0000000       1.0000000       1.0000000       Fixed               
    42:Gamma'' g1 c1 a0 t1   0.0000000       0.0000000       0.0000000       0.0000000       Fixed               

  Program  MARK  - Survival Rate Estimation with Capture-Recapture Data
   gfortran(Win64) Vers. 8.1 Mar 2016    5-Aug-2016 15:44:15    Page  013
 - - - - - - - - - - - - - - - - - - - - - - - - - - - - - - - - - - - - - -
 


                      Estimates of Derived Parameters
 Population Estimates of { alpha(~1 + captive + age.t + effort.trapdays)sigma(~1)U(~sample_month)Phi(~1)Gamma''(~1)Gamma'(~1) }
                                                95% Confidence Interval
 Grp. Occ.   N-hat           Standard Error      Lower           Upper
 ---- ----   --------------  --------------  --------------  --------------
   1     1   14.939151       1.7723026       11.849352       18.834636     
   1     2   14.939151       1.7723026       11.849352       18.834636     
   1     3   14.939151       1.7723026       11.849352       18.834636     
   1     4   14.106186       1.8021463       10.992629       18.101628     
   1     5   14.939151       1.7723026       11.849352       18.834636     
   1     6   25.073805       2.4308460       20.743866       30.307549     
   1     7   25.073805       2.4308460       20.743866       30.307549     
   1     8   25.073805       2.4308460       20.743866       30.307549     
   1     9   22.299449       2.4713811       17.957425       27.691356     
   1    10   25.073805       2.4308460       20.743866       30.307549     
   1    11   29.691896       2.0727858       25.899228       34.039960     
   1    12   28.594357       2.0638445       24.826879       32.933549     
   1    13   28.602630       2.0648990       24.833287       32.944107     
   1    14   28.631712       2.0643540       24.863019       32.971656     
   1    15   28.630983       2.0642684       24.862442       32.970742     
   1    16   36.992664       2.3029200       32.747312       41.788382     
   1    17   37.046473       2.3094372       32.789466       41.856160     
   1    18   36.992664       2.3029200       32.747312       41.788382     
   1    19   37.078726       2.3139934       32.813610       41.898221     
   1    20   34.723273       2.2734001       30.545652       39.472253     
   1    21   22.664447       1.7951207       19.410221       26.464261     
   1    22   23.784938       1.8046926       20.502566       27.592804     
   1    23   23.829485       1.8198708       20.521127       27.671206     
   1    24   21.574320       1.7845772       18.350437       25.364588     
   1    25   22.666419       1.7974143       19.408339       26.471433     
   1    26   32.608550       2.6589640       27.799473       38.249557     
   1    27   32.608550       2.6589640       27.799473       38.249557     
   1    28   32.614136       2.6657762       27.793668       38.270655     
   1    29   31.521218       2.6522264       26.736651       37.161990     
   1    30   32.614136       2.6657762       27.793668       38.270655     
 Mean Resighting Rate Estimates of { alpha(~1 + captive + age.t + effort.trapdays)sigma(~1)U(~sample_month)Phi(~1)Gamma''(~1)Gamma'(~1) }
                                                95% Confidence Interval
 Grp. Occ.   Lambda-hat      Standard Error      Lower           Upper
 ---- ----   --------------  --------------  --------------  --------------
   1     1   3.3139914       0.4434239       2.5524684       4.3027131     
   1     2   3.3139914       0.4434239       2.5524684       4.3027131     
   1     3   3.2695231       0.3530887       2.6474299       4.0377959     
   1     4   3.2548333       0.3255335       2.6767369       3.9577816     
   1     5   3.2670702       0.3483911       2.6524277       4.0241427     
   1     6   3.2402095       0.2996762       2.7040482       3.8826815     
   1     7   3.2402095       0.2996762       2.7040482       3.8826815     
   1     8   3.2402095       0.2996762       2.7040482       3.8826815     
   1     9   3.2695231       0.3530887       2.6474299       4.0377959     

  Program  MARK  - Survival Rate Estimation with Capture-Recapture Data
   gfortran(Win64) Vers. 8.1 Mar 2016    5-Aug-2016 15:44:15    Page  014
 - - - - - - - - - - - - - - - - - - - - - - - - - - - - - - - - - - - - - -
 
   1    10   3.2402095       0.2996762       2.7040482       3.8826815     
   1    11   3.4737283       0.2401297       3.0340557       3.9771149     
   1    12   3.2712824       0.1875824       2.9237987       3.6600635     
   1    13   3.4660109       0.2052291       3.0865395       3.8921360     
   1    14   3.7027738       0.2000535       3.3309731       4.1160747     
   1    15   3.9278948       0.2030695       3.5496199       4.3464815     
   1    16   3.4706222       0.2081997       3.0859536       3.9032404     
   1    17   3.8362635       0.2176143       3.4329020       4.2870195     
   1    18   3.7238469       0.2133624       3.3285894       4.1660397     
   1    19   3.5856099       0.2117538       3.1940141       4.0252164     
   1    20   3.5308088       0.2254181       3.1159110       4.0009521     
   1    21   4.4243336       0.2759187       3.9157427       4.9989822     
   1    22   3.4577768       0.2367155       3.0240690       3.9536863     
   1    23   3.4269527       0.2746856       2.9294658       4.0089236     
   1    24   3.6650774       0.2798429       3.1563405       4.2558122     
   1    25   4.8634629       0.2954438       4.3180116       5.4778157     
   1    26   3.3984070       0.2416640       2.9567924       3.9059793     
   1    27   3.0419062       0.2344544       2.6159867       3.5371714     
   1    28   3.5624779       0.2649279       3.0799075       4.1206592     
   1    29   3.6960376       0.2678490       3.2072299       4.2593436     
   1    30   3.5624779       0.2649279       3.0799075       4.1206592     
 Pr(Captured 1 or more times) of { alpha(~1 + captive + age.t + effort.trapdays)sigma(~1)U(~sample_month)Phi(~1)Gamma''(~1)Gamma'(~1) }
                                                95% Confidence Interval
 Grp. Occ.      p*-hat       Standard Error      Lower           Upper
 ---- ----   --------------  --------------  --------------  --------------
   1     1   0.3058061       0.0081162       0.2901337       0.3219411     
   1     2   0.3058061       0.0081162       0.2901337       0.3219411     
   1     3   0.3050903       0.0072232       0.2911199       0.3194289     
   1     4   0.4614602       0.0108746       0.4402291       0.4828320     
   1     5   0.3050501       0.0071792       0.2911637       0.3193005     
   1     6   0.1814165       0.0041678       0.1733903       0.1897290     
   1     7   0.1814165       0.0041678       0.1733903       0.1897290     
   1     8   0.1814165       0.0041678       0.1733903       0.1897290     
   1     9   0.4493082       0.0128602       0.4242533       0.4746230     
   1    10   0.1814165       0.0041678       0.1733903       0.1897290     
   1    11   0.1850821       0.0032878       0.1787246       0.1916131     
   1    12   0.2283779       0.0045083       0.2196622       0.2373342     
   1    13   0.2318621       0.0040640       0.2239924       0.2399228     
   1    14   0.2341456       0.0034815       0.2273911       0.2410381     
   1    15   0.2368841       0.0030206       0.2310148       0.2428553     
   1    16   0.1319236       0.0024418       0.1272108       0.1367836     
   1    17   0.1353406       0.0017585       0.1319307       0.1388244     
   1    18   0.1349973       0.0017189       0.1316636       0.1384020     
   1    19   0.1332207       0.0020991       0.1291599       0.1373890     
   1    20   0.1873045       0.0027720       0.1819319       0.1927983     
   1    21   0.2419960       0.0021919       0.2377259       0.2463179     
   1    22   0.1852704       0.0032206       0.1790410       0.1916660     
   1    23   0.1841791       0.0036413       0.1771490       0.1914233     
   1    24   0.3126112       0.0050462       0.3028070       0.3225860     
   1    25   0.2446503       0.0016414       0.2414475       0.2478816     

  Program  MARK  - Survival Rate Estimation with Capture-Recapture Data
   gfortran(Win64) Vers. 8.1 Mar 2016    5-Aug-2016 15:44:15    Page  015
 - - - - - - - - - - - - - - - - - - - - - - - - - - - - - - - - - - - - - -
 
   1    26   0.1831434       0.0036207       0.1761532       0.1903469     
   1    27   0.1771116       0.0045465       0.1683756       0.1861994     
   1    28   0.1853982       0.0033644       0.1788943       0.1920832     
   1    29   0.2325933       0.0041087       0.2246376       0.2407432     
   1    30   0.1853982       0.0033644       0.1788943       0.1920832     

 Attempted ordering of parameters by estimatibility:
   1  6  9 11  8 10  2  5  7  3 12  4 13 14
 Beta number 14 is a singular value.

     CPU Time in seconds for last procedure was 4.80


  INPUT --- proc stop;

   * *  WARNING  * *   Numerical underflow occurred during final processing of this model. 
     IEEE flag status at final processing of this model:
     overflow       F
     divide by zero F
     invalid        F
     underflow      T
     inexact        T


     CPU Time in minutes for this job was 0.08

     Time Start = 15:44:12.008   Time End = 15:44:15.341

     Wall Clock Time in minutes for this job was 0.06


          E X E C U T I O N   S U C C E S S F U L 
