
   Program  MARK  - Survival Rate Estimation with Capture-Recapture Data
   gfortran(Win64) Vers. 8.1 Mar 2016    5-Aug-2016 15:49:18    Page  001
 - - - - - - - - - - - - - - - - - - - - - - - - - - - - - - - - - - - - - -
 
   This version was compiled by GCC version 5.3.0 using the options: 
     -cpp -iprefix c:\tdm-gcc-64\gcc\bin\../lib/gcc/x86_64-w64-mingw32/5.3.0/ -D_MT
     -U_REENTRANT -D IEEE -m64 -mtune=generic -march=x86-64 -mthreads -O2
     -fimplicit-none -fbounds-check -funroll-loops -ftree-vectorize
     -ffpe-summary=invalid,zero,overflow,underflow -fno-unsafe-math-optimizations
     -frounding-math -fsignaling-nans -fopenmp.

   This problem will use 3 of 4 possible threads.


  INPUT --- proc title ;

     CPU Time in seconds for last procedure was 0.00


  INPUT --- proc chmatrix occasions= 30 groups= 1 etype= PoissonMR 
  INPUT --- icovar = 2 ICMeans NoHist  hist= 14 ;

  INPUT ---    time interval 0.2 0.2 0.2 0.2 2 0.2 0.2 0.2 0.2 2.5 0.2 0.2 
  INPUT ---    0.2 0.2 2.667 0.2 0.2 0.2  0.2 1.767 0.2 0.2 0.2 0.2 3.167 
  INPUT ---    0.2 0.2 0.2 0.2 ;

  INPUT ---     icovariates captive sex ;

  INPUT ---    glabel(1)=Group 1;

      Number of unique encounter histories read was 14.

      Number of individual covariates read was 2.
      Time interval lengths vary and/or not equal to 1.

      Data type number is 115
      Data type is Poisson Mark Resight with Robust Design                                                             

     CPU Time in seconds for last procedure was 0.02

  Program  MARK  - Survival Rate Estimation with Capture-Recapture Data
   gfortran(Win64) Vers. 8.1 Mar 2016    5-Aug-2016 15:49:18    Page  002
 - - - - - - - - - - - - - - - - - - - - - - - - - - - - - - - - - - - - - -
 


  INPUT --- proc estimate link=Parm-Specific NOLOOP varest=2ndPart    ;


  INPUT --- model={ alpha(~1 + captive + sex + effort.trapdays + 
  INPUT --- recordloss.agout.total)sigma(~1)U(~sample_month)Phi(~1)Gamma
  INPUT --- ''(~1)Gamma'(~1) };

  INPUT ---    fixed=2;
  INPUT ---        parm(40)=0 ;
  INPUT ---        parm(41)=1 ;

  INPUT ---    group=1 alpha    rows=1 cols=30 Square ;
  INPUT ---        1 2 3 4 5 6 7 8 9 10 11 12 13 14 15 16 17 18 19 20 21 22 
  INPUT ---       23 24 25 26 27 28 29 30 ;

  INPUT ---    group=1 sigma    rows=1 cols=30 Square ;
  INPUT ---        40 40 40 40 40 40 40 40 40 40 40 40 40 40 40 40 40 40 40 
  INPUT ---       40 40 40 40 40 40 40 40 40 40 40 ;

  INPUT ---    group=1 U    rows=1 cols=30 Square ;
  INPUT ---        31 31 31 31 31 32 32 32 32 32 33 33 33 33 33 34 34 34 34 
  INPUT ---       34 35 35 35 35 35 36 36 36 36 36 ;

  INPUT ---    group=1 Phi    rows=29 cols=29 Triang ;
  INPUT ---        41 41 41 41 37 41 41 41 41 37 41 41 41 41 37 41 41 41 41 
  INPUT ---       37 41 41 41 41 37 41 41 41 41 ;
  INPUT ---        41 41 41 41 41 41 41 41 41 41 41 41 41 41 41 41 41 41 41 
  INPUT ---       41 41 41 41 41 41 41 41 41 ;
  INPUT ---        41 41 41 41 41 41 41 41 41 41 41 41 41 41 41 41 41 41 41 
  INPUT ---       41 41 41 41 41 41 41 41 ;
  INPUT ---        41 41 41 41 41 41 41 41 41 41 41 41 41 41 41 41 41 41 41 
  INPUT ---       41 41 41 41 41 41 41 ;
  INPUT ---        41 41 41 41 41 41 41 41 41 41 41 41 41 41 41 41 41 41 41 
  INPUT ---       41 41 41 41 41 41 ;
  INPUT ---        41 41 41 41 37 41 41 41 41 37 41 41 41 41 37 41 41 41 41 
  INPUT ---       37 41 41 41 41 ;
  INPUT ---        41 41 41 41 41 41 41 41 41 41 41 41 41 41 41 41 41 41 41 
  INPUT ---       41 41 41 41 ;
  INPUT ---        41 41 41 41 41 41 41 41 41 41 41 41 41 41 41 41 41 41 41 
  INPUT ---       41 41 41 ;
  INPUT ---        41 41 41 41 41 41 41 41 41 41 41 41 41 41 41 41 41 41 41 
  INPUT ---       41 41 ;
  INPUT ---        41 41 41 41 41 41 41 41 41 41 41 41 41 41 41 41 41 41 41 
  INPUT ---       41 ;

  Program  MARK  - Survival Rate Estimation with Capture-Recapture Data
   gfortran(Win64) Vers. 8.1 Mar 2016    5-Aug-2016 15:49:18    Page  003
 - - - - - - - - - - - - - - - - - - - - - - - - - - - - - - - - - - - - - -
 
  INPUT ---        41 41 41 41 37 41 41 41 41 37 41 41 41 41 37 41 41 41 41 ;
  INPUT ---        41 41 41 41 41 41 41 41 41 41 41 41 41 41 41 41 41 41 ;
  INPUT ---        41 41 41 41 41 41 41 41 41 41 41 41 41 41 41 41 41 ;
  INPUT ---        41 41 41 41 41 41 41 41 41 41 41 41 41 41 41 41 ;
  INPUT ---        41 41 41 41 41 41 41 41 41 41 41 41 41 41 41 ;
  INPUT ---        41 41 41 41 37 41 41 41 41 37 41 41 41 41 ;
  INPUT ---        41 41 41 41 41 41 41 41 41 41 41 41 41 ;
  INPUT ---        41 41 41 41 41 41 41 41 41 41 41 41 ;
  INPUT ---        41 41 41 41 41 41 41 41 41 41 41 ;
  INPUT ---        41 41 41 41 41 41 41 41 41 41 ;
  INPUT ---        41 41 41 41 37 41 41 41 41 ;
  INPUT ---        41 41 41 41 41 41 41 41 ;
  INPUT ---        41 41 41 41 41 41 41 ;
  INPUT ---        41 41 41 41 41 41 ;
  INPUT ---        41 41 41 41 41 ;
  INPUT ---        41 41 41 41 ;
  INPUT ---        41 41 41 ;
  INPUT ---        41 41 ;
  INPUT ---        41 ;

  INPUT ---    group=1 Gamma''    rows=29 cols=29 Triang ;
  INPUT ---        40 40 40 40 38 40 40 40 40 38 40 40 40 40 38 40 40 40 40 
  INPUT ---       38 40 40 40 40 38 40 40 40 40 ;
  INPUT ---        40 40 40 40 40 40 40 40 40 40 40 40 40 40 40 40 40 40 40 
  INPUT ---       40 40 40 40 40 40 40 40 40 ;
  INPUT ---        40 40 40 40 40 40 40 40 40 40 40 40 40 40 40 40 40 40 40 
  INPUT ---       40 40 40 40 40 40 40 40 ;
  INPUT ---        40 40 40 40 40 40 40 40 40 40 40 40 40 40 40 40 40 40 40 
  INPUT ---       40 40 40 40 40 40 40 ;
  INPUT ---        40 40 40 40 40 40 40 40 40 40 40 40 40 40 40 40 40 40 40 
  INPUT ---       40 40 40 40 40 40 ;
  INPUT ---        40 40 40 40 38 40 40 40 40 38 40 40 40 40 38 40 40 40 40 
  INPUT ---       38 40 40 40 40 ;
  INPUT ---        40 40 40 40 40 40 40 40 40 40 40 40 40 40 40 40 40 40 40 
  INPUT ---       40 40 40 40 ;
  INPUT ---        40 40 40 40 40 40 40 40 40 40 40 40 40 40 40 40 40 40 40 
  INPUT ---       40 40 40 ;
  INPUT ---        40 40 40 40 40 40 40 40 40 40 40 40 40 40 40 40 40 40 40 
  INPUT ---       40 40 ;
  INPUT ---        40 40 40 40 40 40 40 40 40 40 40 40 40 40 40 40 40 40 40 
  INPUT ---       40 ;
  INPUT ---        40 40 40 40 38 40 40 40 40 38 40 40 40 40 38 40 40 40 40 ;
  INPUT ---        40 40 40 40 40 40 40 40 40 40 40 40 40 40 40 40 40 40 ;
  INPUT ---        40 40 40 40 40 40 40 40 40 40 40 40 40 40 40 40 40 ;
  INPUT ---        40 40 40 40 40 40 40 40 40 40 40 40 40 40 40 40 ;
  INPUT ---        40 40 40 40 40 40 40 40 40 40 40 40 40 40 40 ;

  Program  MARK  - Survival Rate Estimation with Capture-Recapture Data
   gfortran(Win64) Vers. 8.1 Mar 2016    5-Aug-2016 15:49:18    Page  004
 - - - - - - - - - - - - - - - - - - - - - - - - - - - - - - - - - - - - - -
 
  INPUT ---        40 40 40 40 38 40 40 40 40 38 40 40 40 40 ;
  INPUT ---        40 40 40 40 40 40 40 40 40 40 40 40 40 ;
  INPUT ---        40 40 40 40 40 40 40 40 40 40 40 40 ;
  INPUT ---        40 40 40 40 40 40 40 40 40 40 40 ;
  INPUT ---        40 40 40 40 40 40 40 40 40 40 ;
  INPUT ---        40 40 40 40 38 40 40 40 40 ;
  INPUT ---        40 40 40 40 40 40 40 40 ;
  INPUT ---        40 40 40 40 40 40 40 ;
  INPUT ---        40 40 40 40 40 40 ;
  INPUT ---        40 40 40 40 40 ;
  INPUT ---        40 40 40 40 ;
  INPUT ---        40 40 40 ;
  INPUT ---        40 40 ;
  INPUT ---        40 ;

  INPUT ---    group=1 Gamma'    rows=28 cols=28 Triang ;
  INPUT ---        40 40 40 39 40 40 40 40 39 40 40 40 40 39 40 40 40 40 39 
  INPUT ---       40 40 40 40 39 40 40 40 40 ;
  INPUT ---        40 40 40 40 40 40 40 40 40 40 40 40 40 40 40 40 40 40 40 
  INPUT ---       40 40 40 40 40 40 40 40 ;
  INPUT ---        40 40 40 40 40 40 40 40 40 40 40 40 40 40 40 40 40 40 40 
  INPUT ---       40 40 40 40 40 40 40 ;
  INPUT ---        40 40 40 40 40 40 40 40 40 40 40 40 40 40 40 40 40 40 40 
  INPUT ---       40 40 40 40 40 40 ;
  INPUT ---        40 40 40 40 40 40 40 40 40 40 40 40 40 40 40 40 40 40 40 
  INPUT ---       40 40 40 40 40 ;
  INPUT ---        40 40 40 39 40 40 40 40 39 40 40 40 40 39 40 40 40 40 39 
  INPUT ---       40 40 40 40 ;
  INPUT ---        40 40 40 40 40 40 40 40 40 40 40 40 40 40 40 40 40 40 40 
  INPUT ---       40 40 40 ;
  INPUT ---        40 40 40 40 40 40 40 40 40 40 40 40 40 40 40 40 40 40 40 
  INPUT ---       40 40 ;
  INPUT ---        40 40 40 40 40 40 40 40 40 40 40 40 40 40 40 40 40 40 40 
  INPUT ---       40 ;
  INPUT ---        40 40 40 40 40 40 40 40 40 40 40 40 40 40 40 40 40 40 40 ;
  INPUT ---        40 40 40 39 40 40 40 40 39 40 40 40 40 39 40 40 40 40 ;
  INPUT ---        40 40 40 40 40 40 40 40 40 40 40 40 40 40 40 40 40 ;
  INPUT ---        40 40 40 40 40 40 40 40 40 40 40 40 40 40 40 40 ;
  INPUT ---        40 40 40 40 40 40 40 40 40 40 40 40 40 40 40 ;
  INPUT ---        40 40 40 40 40 40 40 40 40 40 40 40 40 40 ;
  INPUT ---        40 40 40 39 40 40 40 40 39 40 40 40 40 ;
  INPUT ---        40 40 40 40 40 40 40 40 40 40 40 40 ;
  INPUT ---        40 40 40 40 40 40 40 40 40 40 40 ;
  INPUT ---        40 40 40 40 40 40 40 40 40 40 ;
  INPUT ---        40 40 40 40 40 40 40 40 40 ;
  INPUT ---        40 40 40 39 40 40 40 40 ;

  Program  MARK  - Survival Rate Estimation with Capture-Recapture Data
   gfortran(Win64) Vers. 8.1 Mar 2016    5-Aug-2016 15:49:18    Page  005
 - - - - - - - - - - - - - - - - - - - - - - - - - - - - - - - - - - - - - -
 
  INPUT ---        40 40 40 40 40 40 40 ;
  INPUT ---        40 40 40 40 40 40 ;
  INPUT ---        40 40 40 40 40 ;
  INPUT ---        40 40 40 40 ;
  INPUT ---        40 40 40 ;
  INPUT ---        40 40 ;
  INPUT ---        40 ;

  INPUT ---    initial  0.8492118 0 0 0 0 3.139572 0 0 0 0 0 2.0066797 
  INPUT ---    -2.9445172 17.724958  ;

  INPUT ---    design matrix constraints=41 covariates=14;
  INPUT ---        1 captive sex 96 0.186046511627907 0 0 0 0 0 0 0 0 0;
  INPUT ---        1 captive sex 96 0.127659574468085 0 0 0 0 0 0 0 0 0;
  INPUT ---        1 captive sex 114 0.08 0 0 0 0 0 0 0 0 0;
  INPUT ---        1 captive sex 120 0.166666666666667 0 0 0 0 0 0 0 0 0;
  INPUT ---        1 captive sex 115 0.169230769230769 0 0 0 0 0 0 0 0 0;
  INPUT ---        1 captive sex 126 0.0615384615384615 0 0 0 0 0 0 0 0 0;
  INPUT ---        1 captive sex 126 0.0776699029126214 0 0 0 0 0 0 0 0 0;
  INPUT ---        1 captive sex 126 0.170212765957447 0 0 0 0 0 0 0 0 0;
  INPUT ---        1 captive sex 114 0.0666666666666667 0 0 0 0 0 0 0 0 0;
  INPUT ---        1 captive sex 126 0.0894308943089431 0 0 0 0 0 0 0 0 0;
  INPUT ---        1 captive sex 139 0.08 0 0 0 0 0 0 0 0 0;
  INPUT ---        1 captive sex 168 0.135135135135135 0 0 0 0 0 0 0 0 0;
  INPUT ---        1 captive sex 180 0.213740458015267 0 0 0 0 0 0 0 0 0;
  INPUT ---        1 captive sex 174 0.0869565217391304 0 0 0 0 0 0 0 0 0;
  INPUT ---        1 captive sex 173 0.131428571428571 0 0 0 0 0 0 0 0 0;
  INPUT ---        1 captive sex 166 0.167441860465116 0 0 0 0 0 0 0 0 0;
  INPUT ---        1 captive sex 172 0.155 0 0 0 0 0 0 0 0 0;
  INPUT ---        1 captive sex 166 0.168831168831169 0 0 0 0 0 0 0 0 0;
  INPUT ---        1 captive sex 171 0.231182795698925 0 0 0 0 0 0 0 0 0;
  INPUT ---        1 captive sex 151 0.224489795918367 0 0 0 0 0 0 0 0 0;
  INPUT ---        1 captive sex 192 0.125827814569536 0 0 0 0 0 0 0 0 0;
  INPUT ---        1 captive sex 185 0.201612903225806 0 0 0 0 0 0 0 0 0;
  INPUT ---        1 captive sex 198 0.244604316546763 0 0 0 0 0 0 0 0 0;
  INPUT ---        1 captive sex 198 0.282828282828283 0 0 0 0 0 0 0 0 0;
  INPUT ---        1 captive sex 195 0.314516129032258 0 0 0 0 0 0 0 0 0;
  INPUT ---        1 captive sex 192 0.137254901960784 0 0 0 0 0 0 0 0 0;
  INPUT ---        1 captive sex 192 0.266129032258065 0 0 0 0 0 0 0 0 0;
  INPUT ---        1 captive sex 198 0.198581560283688 0 0 0 0 0 0 0 0 0;
  INPUT ---        1 captive sex 198 0.293333333333333 0 0 0 0 0 0 0 0 0;
  INPUT ---        1 captive sex 198 0.202453987730061 0 0 0 0 0 0 0 0 0;
  INPUT ---        0 0 0 0 0 1 0 0 0 0 0 0 0 0;
  INPUT ---        0 0 0 0 0 1 1 0 0 0 0 0 0 0;
  INPUT ---        0 0 0 0 0 1 0 1 0 0 0 0 0 0;
  INPUT ---        0 0 0 0 0 1 0 0 1 0 0 0 0 0;

  Program  MARK  - Survival Rate Estimation with Capture-Recapture Data
   gfortran(Win64) Vers. 8.1 Mar 2016    5-Aug-2016 15:49:18    Page  006
 - - - - - - - - - - - - - - - - - - - - - - - - - - - - - - - - - - - - - -
 
  INPUT ---        0 0 0 0 0 1 0 0 0 1 0 0 0 0;
  INPUT ---        0 0 0 0 0 1 0 0 0 0 1 0 0 0;
  INPUT ---        0 0 0 0 0 0 0 0 0 0 0 1 0 0;
  INPUT ---        0 0 0 0 0 0 0 0 0 0 0 0 1 0;
  INPUT ---        0 0 0 0 0 0 0 0 0 0 0 0 0 1;
  INPUT ---        0 0 0 0 0 0 0 0 0 0 0 0 0 0;
  INPUT ---        0 0 0 0 0 0 0 0 0 0 0 0 0 0;

  INPUT ---    links=41;

  INPUT ---    Log;

  INPUT ---    Log;

  INPUT ---    Log;

  INPUT ---    Log;

  INPUT ---    Log;

  INPUT ---    Log;

  INPUT ---    Log;

  INPUT ---    Log;

  INPUT ---    Log;

  INPUT ---    Log;

  INPUT ---    Log;

  INPUT ---    Log;

  INPUT ---    Log;

  INPUT ---    Log;

  INPUT ---    Log;

  INPUT ---    Log;

  INPUT ---    Log;

  INPUT ---    Log;


  Program  MARK  - Survival Rate Estimation with Capture-Recapture Data
   gfortran(Win64) Vers. 8.1 Mar 2016    5-Aug-2016 15:49:18    Page  007
 - - - - - - - - - - - - - - - - - - - - - - - - - - - - - - - - - - - - - -
 
  INPUT ---    Log;

  INPUT ---    Log;

  INPUT ---    Log;

  INPUT ---    Log;

  INPUT ---    Log;

  INPUT ---    Log;

  INPUT ---    Log;

  INPUT ---    Log;

  INPUT ---    Log;

  INPUT ---    Log;

  INPUT ---    Log;

  INPUT ---    Log;

  INPUT ---    Log;

  INPUT ---    Log;

  INPUT ---    Log;

  INPUT ---    Log;

  INPUT ---    Log;

  INPUT ---    Log;

  INPUT ---    Logit;

  INPUT ---    Logit;

  INPUT ---    Logit;

  INPUT ---    Log;

  INPUT ---    Logit;
  INPUT ---       blabel(1)=alpha:(Intercept);

  Program  MARK  - Survival Rate Estimation with Capture-Recapture Data
   gfortran(Win64) Vers. 8.1 Mar 2016    5-Aug-2016 15:49:18    Page  008
 - - - - - - - - - - - - - - - - - - - - - - - - - - - - - - - - - - - - - -
 
  INPUT ---       blabel(2)=alpha:captive;
  INPUT ---       blabel(3)=alpha:sex;
  INPUT ---       blabel(4)=alpha:effort.trapdays;
  INPUT ---       blabel(5)=alpha:recordloss.agout.total;
  INPUT ---       blabel(6)=U:(Intercept);
  INPUT ---       blabel(7)=U:sample_monthB;
  INPUT ---       blabel(8)=U:sample_monthC;
  INPUT ---       blabel(9)=U:sample_monthD;
  INPUT ---       blabel(10)=U:sample_monthE;
  INPUT ---       blabel(11)=U:sample_monthF;
  INPUT ---       blabel(12)=Phi:(Intercept);
  INPUT ---       blabel(13)=GammaDoublePrime:(Intercept);
  INPUT ---       blabel(14)=GammaPrime:(Intercept);
  INPUT ---       rlabel(1)=alpha g1 a0 t1;
  INPUT ---       rlabel(2)=alpha g1 a0.2 t1.2;
  INPUT ---       rlabel(3)=alpha g1 a0.4 t1.4;
  INPUT ---       rlabel(4)=alpha g1 a0.6 t1.6;
  INPUT ---       rlabel(5)=alpha g1 a0.8 t1.8;
  INPUT ---       rlabel(6)=alpha g1 a2.8 t3.8;
  INPUT ---       rlabel(7)=alpha g1 a3 t4;
  INPUT ---       rlabel(8)=alpha g1 a3.2 t4.2;
  INPUT ---       rlabel(9)=alpha g1 a3.4 t4.4;
  INPUT ---       rlabel(10)=alpha g1 a3.6 t4.6;
  INPUT ---       rlabel(11)=alpha g1 a6.1 t7.1;
  INPUT ---       rlabel(12)=alpha g1 a6.3 t7.3;
  INPUT ---       rlabel(13)=alpha g1 a6.5 t7.5;
  INPUT ---       rlabel(14)=alpha g1 a6.7 t7.7;
  INPUT ---       rlabel(15)=alpha g1 a6.9 t7.9;
  INPUT ---       rlabel(16)=alpha g1 a9.567 t10.567;
  INPUT ---       rlabel(17)=alpha g1 a9.767 t10.767;
  INPUT ---       rlabel(18)=alpha g1 a9.967 t10.967;
  INPUT ---       rlabel(19)=alpha g1 a10.167 t11.167;
  INPUT ---       rlabel(20)=alpha g1 a10.367 t11.367;
  INPUT ---       rlabel(21)=alpha g1 a12.134 t13.134;
  INPUT ---       rlabel(22)=alpha g1 a12.334 t13.334;
  INPUT ---       rlabel(23)=alpha g1 a12.534 t13.534;
  INPUT ---       rlabel(24)=alpha g1 a12.734 t13.734;
  INPUT ---       rlabel(25)=alpha g1 a12.934 t13.934;
  INPUT ---       rlabel(26)=alpha g1 a16.101 t17.101;
  INPUT ---       rlabel(27)=alpha g1 a16.301 t17.301;
  INPUT ---       rlabel(28)=alpha g1 a16.501 t17.501;
  INPUT ---       rlabel(29)=alpha g1 a16.701 t17.701;
  INPUT ---       rlabel(30)=alpha g1 a16.901 t17.901;
  INPUT ---       rlabel(31)=U g1 a0 t1;
  INPUT ---       rlabel(32)=U g1 a2.8 t3.8;
  INPUT ---       rlabel(33)=U g1 a6.1 t7.1;

  Program  MARK  - Survival Rate Estimation with Capture-Recapture Data
   gfortran(Win64) Vers. 8.1 Mar 2016    5-Aug-2016 15:49:18    Page  009
 - - - - - - - - - - - - - - - - - - - - - - - - - - - - - - - - - - - - - -
 
  INPUT ---       rlabel(34)=U g1 a9.567 t10.567;
  INPUT ---       rlabel(35)=U g1 a12.134 t13.134;
  INPUT ---       rlabel(36)=U g1 a16.101 t17.101;
  INPUT ---       rlabel(37)=Phi g1 c1 a0.8 t1.8;
  INPUT ---       rlabel(38)=Gamma'' g1 c1 a0.8 t1.8;
  INPUT ---       rlabel(39)=Gamma' g1 c1 a0.8 t1.8;
  INPUT ---       rlabel(40)=sigma g1 a0 t1;
  INPUT ---       rlabel(41)=Phi g1 c1 a0 t1;

 Link Function Used is PARM-SPECIFIC

 Variance Estimation Procedure Used is 2ndPart 

 M(t+1):
 Group=Group 1                                                                         
       3      3      3      2      3      5      5      5      2      5      5
       4      4      4      4     10      7      7      7      5      5      5
       5      3      4      5      5      5      4      5


 -2logL(saturated) = -0.0000000    
 Effective Sample Size = 169
 Results from first iteration:
  -2logL Initial { alpha(~1 + captive + sex + effort.trapdays + recordloss.agout.total)sigma(~1)U(~sample_month)Phi(~1)Gamma''(~1)Gamma'(~1) } = 1474.9173     
  Penalty Initial { alpha(~1 + captive + sex + effort.trapdays + recordloss.agout.total)sigma(~1)U(~sample_month)Phi(~1)Gamma''(~1)Gamma'(~1) } = -0.0000000    

 Number of function evaluations was 22 for 14 parameters.
 Time for numerical optimization was 2.95 seconds.
 -2logL { alpha(~1 + captive + sex + effort.trapdays + recordloss.agout.total)sigma(~1)U(~sample_month)Phi(~1)Gamma''(~1)Gamma'(~1) } = 1079.4793     
 Penalty { alpha(~1 + captive + sex + effort.trapdays + recordloss.agout.total)sigma(~1)U(~sample_month)Phi(~1)Gamma''(~1)Gamma'(~1) } = -0.0000000    
 Gradient { alpha(~1 + captive + sex + effort.trapdays + recordloss.agout.total)sigma(~1)U(~sample_month)Phi(~1)Gamma''(~1)Gamma'(~1) }:
  0.2576077E-02 0.1934226E-02 0.2470879E-02 0.2381732E-02 0.5264596E-03
  0.1209054E-02-0.6684588E-04 0.5270800E-03 0.1087539E-02 0.2328668E-03
 -0.3317929E-03 0.9528515E-03 0.8646869E-04  0.000000    
 S Vector { alpha(~1 + captive + sex + effort.trapdays + recordloss.agout.total)sigma(~1)U(~sample_month)Phi(~1)Gamma''(~1)Gamma'(~1) }:
   9005.091      591.3537      488.9982      453.8092      404.1172    
   364.7534      201.4385      45.55471      15.03190      7.454006    
   6.137411      4.375588     0.9500375     0.1080805E-07
 Time to compute number of parameters was 2.34 seconds.
   Threshold =  0.3000000E-06     Condition index =  0.1200215E-11     New Threshold =  0.4044001E-07
 New Guessimate of Estimated Parameters { alpha(~1 + captive + sex + effort.trapdays + recordloss.agout.total)sigma(~1)U(~sample_month)Phi(~1)Gamma''(~1)Gamma'(~1) } = 13          
 Conditioned S Vector { alpha(~1 + captive + sex + effort.trapdays + recordloss.agout.total)sigma(~1)U(~sample_month)Phi(~1)Gamma''(~1)Gamma'(~1) }:
   1.000000     0.6566883E-01 0.5430242E-01 0.5039474E-01 0.4487653E-01
  0.4050524E-01 0.2236940E-01 0.5058773E-02 0.1669267E-02 0.8277546E-03
  0.6815491E-03 0.4859016E-03 0.1055000E-03 0.1200215E-11
 Number of Estimated Parameters { alpha(~1 + captive + sex + effort.trapdays + recordloss.agout.total)sigma(~1)U(~sample_month)Phi(~1)Gamma''(~1)Gamma'(~1) } = 13          
 DEVIANCE { alpha(~1 + captive + sex + effort.trapdays + recordloss.agout.total)sigma(~1)U(~sample_month)Phi(~1)Gamma''(~1)Gamma'(~1) } = 1079.4793                     
 DEVIANCE Degrees of Freedom { alpha(~1 + captive + sex + effort.trapdays + recordloss.agout.total)sigma(~1)U(~sample_month)Phi(~1)Gamma''(~1)Gamma'(~1) } = 1            
 c-hat { alpha(~1 + captive + sex + effort.trapdays + recordloss.agout.total)sigma(~1)U(~sample_month)Phi(~1)Gamma''(~1)Gamma'(~1) } = 1079.4793                     
 AIC { alpha(~1 + captive + sex + effort.trapdays + recordloss.agout.total)sigma(~1)U(~sample_month)Phi(~1)Gamma''(~1)Gamma'(~1) } = 1105.4793                  
 AICc { alpha(~1 + captive + sex + effort.trapdays + recordloss.agout.total)sigma(~1)U(~sample_month)Phi(~1)Gamma''(~1)Gamma'(~1) } = 1107.8277                    
 BIC { alpha(~1 + captive + sex + effort.trapdays + recordloss.agout.total)sigma(~1)U(~sample_month)Phi(~1)Gamma''(~1)Gamma'(~1) } = 1146.1680                    
 Pearson Chisquare { alpha(~1 + captive + sex + effort.trapdays + recordloss.agout.total)sigma(~1)U(~sample_month)Phi(~1)Gamma''(~1)Gamma'(~1) } = 0.6264455E+031             


 PARM-SPECIFIC Link Function Parameters of { alpha(~1 + captive + sex + effort.trapdays + recordloss.agout.total)sigma(~1)U(~sample_month)Phi(~1)Gamma''(~1)Gamma'(~1) }
                                                              95% Confidence Interval
 Parameter                    Beta         Standard Error      Lower           Upper
 -------------------------  --------------  --------------  --------------  --------------
    1:alpha:(Intercept)     0.4386956       0.2890422       -0.1278272      1.0052183     
    2:alpha:captive         0.2930810       0.0858078       0.1248977       0.4612642     
    3:alpha:sex             0.5551613       0.1810463       0.2003105       0.9100122     
    4:alpha:effort.trapday  0.0042068       0.0013826       0.0014968       0.0069167     

  Program  MARK  - Survival Rate Estimation with Capture-Recapture Data
   gfortran(Win64) Vers. 8.1 Mar 2016    5-Aug-2016 15:49:22    Page  010
 - - - - - - - - - - - - - - - - - - - - - - - - - - - - - - - - - - - - - -
 
    5:alpha:recordloss.ago  -2.7574605      0.4302035       -3.6006593      -1.9142617    
    6:U:(Intercept)         2.4978991       0.1077687       2.2866725       2.7091257     
    7:U:sample_monthB       0.3605845       0.0989744       0.1665948       0.5545742     
    8:U:sample_monthC       0.4235660       0.1147814       0.1985944       0.6485377     
    9:U:sample_monthD       0.8816451       0.1160607       0.6541661       1.1091242     
   10:U:sample_monthE       0.3669754       0.1316938       0.1088555       0.6250953     
   11:U:sample_monthF       0.6446909       0.1352844       0.3795334       0.9098484     
   12:Phi:(Intercept)       2.0066683       0.4036523       1.2155099       2.7978268     
   13:GammaDoublePrime:(In  -2.9443240      1.0259581       -4.9552019      -0.9334460    
   14:GammaPrime:(Intercep  17.724958       0.0000000       17.724958       17.724958     


 Real Function Parameters of { alpha(~1 + captive + sex + effort.trapdays + recordloss.agout.total)sigma(~1)U(~sample_month)Phi(~1)Gamma''(~1)Gamma'(~1) }

      Following estimates based on unstandardized individual covariate values:
          Variable   Value         
          ---------  ------------- 
          CAPTIVE    0.2142857     
          SEX        0.8461538     
                                                               95% Confidence Interval
  Parameter                  Estimate       Standard Error      Lower           Upper
 --------------------------  --------------  --------------  --------------  --------------
     1:alpha g1 a0 t1        2.3680929       0.2582284       1.9136038       2.9305250                           
     2:alpha g1 a0.2 t1.2    2.7817622       0.2799322       2.2849496       3.3865958                           
     3:alpha g1 a0.4 t1.4    3.4220026       0.2724177       2.9283561       3.9988653                           
     4:alpha g1 a0.6 t1.6    2.7634687       0.2138943       2.3750248       3.2154440                           
     5:alpha g1 a0.8 t1.8    2.6868846       0.2239999       2.2824836       3.1629357                           
     6:alpha g1 a2.8 t3.8    3.7871516       0.2718115       3.2907703       4.3584073                           
     7:alpha g1 a3 t4        3.6223840       0.2527547       3.1598920       4.1525678                           
     8:alpha g1 a3.2 t4.2    2.8065307       0.2006022       2.4400846       3.2280087                           
     9:alpha g1 a3.4 t4.4    3.5501579       0.2855662       3.0331101       4.1553457                           
    10:alpha g1 a3.6 t4.6    3.5067928       0.2410104       3.0653329       4.0118305                           
    11:alpha g1 a6.1 t7.1    3.8014983       0.2352749       3.3676216       4.2912748                           
    12:alpha g1 a6.3 t7.3    3.6890124       0.1856782       3.3426668       4.0712440                           
    13:alpha g1 a6.5 t7.5    3.1239211       0.1610623       2.8238547       3.4558730                           
    14:alpha g1 a6.7 t7.7    4.3208409       0.2758934       3.8130440       4.8962630                           
    15:alpha g1 a6.9 t7.9    3.8061316       0.2013460       3.4315118       4.2216488                           
    16:alpha g1 a9.567 t10.  3.3463182       0.1579168       3.0508412       3.6704124                           
    17:alpha g1 a9.767 t10.  3.5516394       0.1747463       3.2253209       3.9109727                           
    18:alpha g1 a9.967 t10.  3.3335231       0.1572332       3.0393183       3.6562069                           
    19:alpha g1 a10.167 t11  2.8666138       0.1509128       2.5857580       3.1779751                           
    20:alpha g1 a10.367 t11  2.6843850       0.1589492       2.3904860       3.0144176                           
    21:alpha g1 a12.134 t13  4.1870060       0.2847239       3.6651017       4.7832285                           
    22:alpha g1 a12.334 t13  3.2988176       0.1759239       2.9716362       3.6620222                           
    23:alpha g1 a12.534 t13  3.0947436       0.1970611       2.7319789       3.5056778                           
    24:alpha g1 a12.734 t13  2.7851562       0.1912548       2.4348140       3.1859088                           

  Program  MARK  - Survival Rate Estimation with Capture-Recapture Data
   gfortran(Win64) Vers. 8.1 Mar 2016    5-Aug-2016 15:49:22    Page  011
 - - - - - - - - - - - - - - - - - - - - - - - - - - - - - - - - - - - - - -
 
    25:alpha g1 a12.934 t13  2.5201178       0.1874613       2.1786606       2.9150910                           
    26:alpha g1 a16.101 t17  4.0571314       0.2659824       3.5684018       4.6127976                           
    27:alpha g1 a16.301 t17  2.8437137       0.1790677       2.5138424       3.2168715                           
    28:alpha g1 a16.501 t17  3.5134940       0.2215608       3.1053798       3.9752432                           
    29:alpha g1 a16.701 t17  2.7056352       0.1911610       2.3561510       3.1069578                           
    30:alpha g1 a16.901 t17  3.4761763       0.2185551       3.0735240       3.9315786                           
    31:U g1 a0 t1            12.156927       1.3101358       9.8481340       15.006992                           
    32:U g1 a2.8 t3.8        17.435069       1.4706363       14.782616       20.563453                           
    33:U g1 a6.1 t7.1        18.568473       1.1762984       16.402355       21.020651                           
    34:U g1 a9.567 t10.567   29.357388       1.7643286       26.097976       33.023873                           
    35:U g1 a12.134 t13.134  17.546851       1.2323050       15.292983       20.132891                           
    36:U g1 a16.101 t17.101  23.163784       1.6491760       20.150349       26.627871                           
    37:Phi g1 c1 a0.8 t1.8   0.8814954       0.0421660       0.7712724       0.9425583                           
    38:Gamma'' g1 c1 a0.8 t  0.0500055       0.0487381       0.0069973       0.2822261                           
    39:Gamma' g1 c1 a0.8 t1  1.0000000       0.0000000       1.0000000       1.0000000                           
    40:sigma g1 a0 t1        0.0000000       0.0000000       0.0000000       0.0000000       Fixed               
    41:Phi g1 c1 a0 t1       1.0000000       0.0000000       1.0000000       1.0000000       Fixed               

  Program  MARK  - Survival Rate Estimation with Capture-Recapture Data
   gfortran(Win64) Vers. 8.1 Mar 2016    5-Aug-2016 15:49:22    Page  012
 - - - - - - - - - - - - - - - - - - - - - - - - - - - - - - - - - - - - - -
 


                      Estimates of Derived Parameters
 Population Estimates of { alpha(~1 + captive + sex + effort.trapdays + recordloss.agout.total)sigma(~1)U(~sample_month)Phi(~1)Gamma''(~1)Gamma'(~1) }
                                                95% Confidence Interval
 Grp. Occ.   N-hat           Standard Error      Lower           Upper
 ---- ----   --------------  --------------  --------------  --------------
   1     1   15.156927       1.3101364       12.798834       17.949481     
   1     2   15.156927       1.3101364       12.798834       17.949481     
   1     3   15.156927       1.3101364       12.798834       17.949481     
   1     4   14.211842       1.3231084       11.846057       17.050101     
   1     5   15.156927       1.3101364       12.798834       17.949481     
   1     6   22.435069       1.4706369       19.732823       25.507364     
   1     7   22.435069       1.4706369       19.732823       25.507364     
   1     8   22.435069       1.4706369       19.732823       25.507364     
   1     9   19.489471       1.4826270       16.793399       22.618381     
   1    10   22.435069       1.4706369       19.732823       25.507364     
   1    11   23.644849       1.1857136       21.432732       26.085284     
   1    12   22.631368       1.1842052       20.426813       25.073850     
   1    13   22.687180       1.1868262       20.477717       25.135037     
   1    14   22.609343       1.1831055       20.406840       25.049562     
   1    15   22.639141       1.1852642       20.432676       25.083874     
   1    16   36.733911       1.8227566       33.331533       40.483595     
   1    17   36.568290       1.7913824       33.222384       40.251171     
   1    18   36.738071       1.8232223       33.334846       40.488738     
   1    19   36.871927       1.8276005       33.460323       40.631377     
   1    20   34.938125       1.8482278       31.499353       38.752306     
   1    21   21.617893       1.2439804       19.313962       24.196655     
   1    22   22.747597       1.2573067       20.413753       25.348262     
   1    23   22.743376       1.2589027       20.406755       25.347544     
   1    24   20.700131       1.2523707       18.387427       23.303718     
   1    25   21.908160       1.2782671       19.542605       24.560056     
   1    26   28.233867       1.6623578       25.159130       31.684372     
   1    27   28.422571       1.6853817       25.306540       31.922284     
   1    28   28.288800       1.6716864       25.197467       31.759390     
   1    29   27.431903       1.6886576       24.316782       30.946089     
   1    30   28.293906       1.6723932       25.201310       31.766013     
 Mean Resighting Rate Estimates of { alpha(~1 + captive + sex + effort.trapdays + recordloss.agout.total)sigma(~1)U(~sample_month)Phi(~1)Gamma''(~1)Gamma'(~1) }
                                                95% Confidence Interval
 Grp. Occ.   Lambda-hat      Standard Error      Lower           Upper
 ---- ----   --------------  --------------  --------------  --------------
   1     1   2.3680929       0.2582284       1.9136037       2.9305251     
   1     2   2.7817622       0.2799322       2.2849495       3.3865959     
   1     3   3.4220026       0.2724178       2.9283561       3.9988654     
   1     4   2.7634687       0.2138943       2.3750247       3.2154441     
   1     5   2.6868846       0.2240000       2.2824836       3.1629358     
   1     6   3.7871516       0.2718116       3.2907702       4.3584074     
   1     7   3.6223840       0.2527547       3.1598919       4.1525679     
   1     8   2.8065307       0.2006023       2.4400845       3.2280088     
   1     9   3.5501579       0.2855662       3.0331100       4.1553458     

  Program  MARK  - Survival Rate Estimation with Capture-Recapture Data
   gfortran(Win64) Vers. 8.1 Mar 2016    5-Aug-2016 15:49:22    Page  013
 - - - - - - - - - - - - - - - - - - - - - - - - - - - - - - - - - - - - - -
 
   1    10   3.5067928       0.2410104       3.0653328       4.0118306     
   1    11   4.1925634       0.2373771       3.7525239       4.6842041     
   1    12   3.9327632       0.1868386       3.5832803       4.3163317     
   1    13   3.6019289       0.1646044       3.2934849       3.9392596     
   1    14   5.0608744       0.2786432       4.5435409       5.6371121     
   1    15   4.7838975       0.2058228       4.3971975       5.2046050     
   1    16   3.8976246       0.1610944       3.5944545       4.2263653     
   1    17   4.5229617       0.1797576       4.1841384       4.8892223     
   1    18   4.1600941       0.1620401       3.8544276       4.4900007     
   1    19   3.5402629       0.1570454       3.2455942       3.8616846     
   1    20   3.2434271       0.1654594       2.9350031       3.5842618     
   1    21   5.6642184       0.2912122       5.1215991       6.2643267     
   1    22   3.6840469       0.1785225       3.3504322       4.0508808     
   1    23   3.4766289       0.2006308       3.1051083       3.8926013     
   1    24   3.4106766       0.1991242       3.0421913       3.8237947     
   1    25   4.3592175       0.2176239       3.9531193       4.8070337     
   1    26   4.4502120       0.2678230       3.9554781       5.0068250     
   1    27   2.8437137       0.1790677       2.5138423       3.2168715     
   1    28   4.0956184       0.2255214       3.6769140       4.5620023     
   1    29   3.4055143       0.2007422       3.0342418       3.8222160     
   1    30   4.0576210       0.2226105       3.6442387       4.5178951     
 Pr(Captured 1 or more times) of { alpha(~1 + captive + sex + effort.trapdays + recordloss.agout.total)sigma(~1)U(~sample_month)Phi(~1)Gamma''(~1)Gamma'(~1) }
                                                95% Confidence Interval
 Grp. Occ.      p*-hat       Standard Error      Lower           Upper
 ---- ----   --------------  --------------  --------------  --------------
   1     1   0.3135184       0.0057031       0.3024500       0.3248031     
   1     2   0.3210779       0.0037421       0.3137880       0.3284561     
   1     3   0.3274650       0.0016830       0.3241749       0.3307722     
   1     4   0.4866380       0.0040981       0.4786099       0.4946729     
   1     5   0.3196546       0.0033399       0.3131442       0.3262361     
   1     6   0.1969442       0.8497129E-003  0.1952840       0.1986149     
   1     7   0.1963517       0.9404435E-003  0.1945150       0.1982015     
   1     8   0.1911799       0.0018161       0.1876455       0.1947649     
   1     9   0.4867595       0.0040280       0.4788685       0.4946571     
   1    10   0.1958679       0.0010139       0.1938883       0.1978628     
   1    11   0.1979683       0.4892268E-003  0.1970112       0.1989290     
   1    12   0.2469714       0.5765075E-003  0.2458432       0.2481031     
   1    13   0.2455546       0.7747510E-003  0.2440392       0.2470762     
   1    14   0.2487955       0.3503453E-003  0.2481095       0.2494828     
   1    15   0.2483728       0.3473722E-003  0.2476926       0.2490543     
   1    16   0.1390309       0.8362963E-003  0.1373998       0.1406781     
   1    17   0.1412636       0.3146431E-003  0.1406480       0.1418814     
   1    18   0.1394979       0.8852548E-003  0.1377718       0.1412420     
   1    19   0.1376965       0.9772397E-003  0.1357923       0.1396231     
   1    20   0.1876125       0.0029724       0.1818561       0.1935081     
   1    21   0.2490335       0.3268479E-003  0.2483934       0.2496747     
   1    22   0.1947241       0.0011095       0.1925587       0.1969079     
   1    23   0.1948484       0.0010881       0.1927245       0.1969900     
   1    24   0.3247197       0.0018082       0.3211858       0.3282736     
   1    25   0.2465867       0.8785798E-003  0.2448687       0.2483127     

  Program  MARK  - Survival Rate Estimation with Capture-Recapture Data
   gfortran(Win64) Vers. 8.1 Mar 2016    5-Aug-2016 15:49:22    Page  014
 - - - - - - - - - - - - - - - - - - - - - - - - - - - - - - - - - - - - - -
 
   1    26   0.1981358       0.5257682E-003  0.1971073       0.1991683     
   1    27   0.1901579       0.0018561       0.1865466       0.1938225     
   1    28   0.1972805       0.6458472E-003  0.1960177       0.1985494     
   1    29   0.2422237       0.0016574       0.2389900       0.2454871     
   1    30   0.1971705       0.6632598E-003  0.1958737       0.1984737     

 Attempted ordering of parameters by estimatibility:
   1  6  9 11  8 10  2  7  3  4 12  5 13 14
 Beta number 14 is a singular value.

     CPU Time in seconds for last procedure was 5.48


  INPUT --- proc stop;

     CPU Time in minutes for this job was 0.09

     Time Start = 15:49:18.779   Time End = 15:49:22.679

     Wall Clock Time in minutes for this job was 0.06


          E X E C U T I O N   S U C C E S S F U L 
