
   Program  MARK  - Survival Rate Estimation with Capture-Recapture Data
   gfortran(Win64) Vers. 8.1 Mar 2016    5-Aug-2016 15:46:25    Page  001
 - - - - - - - - - - - - - - - - - - - - - - - - - - - - - - - - - - - - - -
 
   This version was compiled by GCC version 5.3.0 using the options: 
     -cpp -iprefix c:\tdm-gcc-64\gcc\bin\../lib/gcc/x86_64-w64-mingw32/5.3.0/ -D_MT
     -U_REENTRANT -D IEEE -m64 -mtune=generic -march=x86-64 -mthreads -O2
     -fimplicit-none -fbounds-check -funroll-loops -ftree-vectorize
     -ffpe-summary=invalid,zero,overflow,underflow -fno-unsafe-math-optimizations
     -frounding-math -fsignaling-nans -fopenmp.

   This problem will use 3 of 4 possible threads.


  INPUT --- proc title ;

     CPU Time in seconds for last procedure was 0.00


  INPUT --- proc chmatrix occasions= 30 groups= 1 etype= PoissonMR 
  INPUT --- icovar = 2 ICMeans NoHist  hist= 14 ;

  INPUT ---    time interval 0.2 0.2 0.2 0.2 2 0.2 0.2 0.2 0.2 2.5 0.2 0.2 
  INPUT ---    0.2 0.2 2.667 0.2 0.2 0.2  0.2 1.767 0.2 0.2 0.2 0.2 3.167 
  INPUT ---    0.2 0.2 0.2 0.2 ;

  INPUT ---     icovariates captive sex ;

  INPUT ---    glabel(1)=Group 1;

      Number of unique encounter histories read was 14.

      Number of individual covariates read was 2.
      Time interval lengths vary and/or not equal to 1.

      Data type number is 115
      Data type is Poisson Mark Resight with Robust Design                                                             

     CPU Time in seconds for last procedure was 0.00

  Program  MARK  - Survival Rate Estimation with Capture-Recapture Data
   gfortran(Win64) Vers. 8.1 Mar 2016    5-Aug-2016 15:46:25    Page  002
 - - - - - - - - - - - - - - - - - - - - - - - - - - - - - - - - - - - - - -
 


  INPUT --- proc estimate link=Parm-Specific NOLOOP varest=2ndPart    ;


  INPUT --- model={ alpha(~1 + captive + 
  INPUT --- sex)sigma(~1)U(~sample_month)Phi(~1)Gamma''(~1)Gamma'(~1) };

  INPUT ---    fixed=2;
  INPUT ---        parm(12)=1 ;
  INPUT ---        parm(13)=0 ;

  INPUT ---    group=1 alpha    rows=1 cols=30 Square ;
  INPUT ---        1 1 1 1 1 1 1 1 1 1 1 1 1 1 1 1 1 1 1 1 1 1 1 1 1 1 1 1 1 
  INPUT ---       1 ;

  INPUT ---    group=1 sigma    rows=1 cols=30 Square ;
  INPUT ---        2 2 2 2 2 2 2 2 2 2 2 2 2 2 2 2 2 2 2 2 2 2 2 2 2 2 2 2 2 
  INPUT ---       2 ;

  INPUT ---    group=1 U    rows=1 cols=30 Square ;
  INPUT ---        3 3 3 3 3 4 4 4 4 4 5 5 5 5 5 6 6 6 6 6 7 7 7 7 7 8 8 8 8 
  INPUT ---       8 ;

  INPUT ---    group=1 Phi    rows=29 cols=29 Triang ;
  INPUT ---        12 12 12 12 9 12 12 12 12 9 12 12 12 12 9 12 12 12 12 9 12 
  INPUT ---       12 12 12 9 12 12 12 12 ;
  INPUT ---        12 12 12 12 12 12 12 12 12 12 12 12 12 12 12 12 12 12 12 
  INPUT ---       12 12 12 12 12 12 12 12 12 ;
  INPUT ---        12 12 12 12 12 12 12 12 12 12 12 12 12 12 12 12 12 12 12 
  INPUT ---       12 12 12 12 12 12 12 12 ;
  INPUT ---        12 12 12 12 12 12 12 12 12 12 12 12 12 12 12 12 12 12 12 
  INPUT ---       12 12 12 12 12 12 12 ;
  INPUT ---        12 12 12 12 12 12 12 12 12 12 12 12 12 12 12 12 12 12 12 
  INPUT ---       12 12 12 12 12 12 ;
  INPUT ---        12 12 12 12 9 12 12 12 12 9 12 12 12 12 9 12 12 12 12 9 12 
  INPUT ---       12 12 12 ;
  INPUT ---        12 12 12 12 12 12 12 12 12 12 12 12 12 12 12 12 12 12 12 
  INPUT ---       12 12 12 12 ;
  INPUT ---        12 12 12 12 12 12 12 12 12 12 12 12 12 12 12 12 12 12 12 
  INPUT ---       12 12 12 ;
  INPUT ---        12 12 12 12 12 12 12 12 12 12 12 12 12 12 12 12 12 12 12 
  INPUT ---       12 12 ;
  INPUT ---        12 12 12 12 12 12 12 12 12 12 12 12 12 12 12 12 12 12 12 
  INPUT ---       12 ;
  INPUT ---        12 12 12 12 9 12 12 12 12 9 12 12 12 12 9 12 12 12 12 ;

  Program  MARK  - Survival Rate Estimation with Capture-Recapture Data
   gfortran(Win64) Vers. 8.1 Mar 2016    5-Aug-2016 15:46:25    Page  003
 - - - - - - - - - - - - - - - - - - - - - - - - - - - - - - - - - - - - - -
 
  INPUT ---        12 12 12 12 12 12 12 12 12 12 12 12 12 12 12 12 12 12 ;
  INPUT ---        12 12 12 12 12 12 12 12 12 12 12 12 12 12 12 12 12 ;
  INPUT ---        12 12 12 12 12 12 12 12 12 12 12 12 12 12 12 12 ;
  INPUT ---        12 12 12 12 12 12 12 12 12 12 12 12 12 12 12 ;
  INPUT ---        12 12 12 12 9 12 12 12 12 9 12 12 12 12 ;
  INPUT ---        12 12 12 12 12 12 12 12 12 12 12 12 12 ;
  INPUT ---        12 12 12 12 12 12 12 12 12 12 12 12 ;
  INPUT ---        12 12 12 12 12 12 12 12 12 12 12 ;
  INPUT ---        12 12 12 12 12 12 12 12 12 12 ;
  INPUT ---        12 12 12 12 9 12 12 12 12 ;
  INPUT ---        12 12 12 12 12 12 12 12 ;
  INPUT ---        12 12 12 12 12 12 12 ;
  INPUT ---        12 12 12 12 12 12 ;
  INPUT ---        12 12 12 12 12 ;
  INPUT ---        12 12 12 12 ;
  INPUT ---        12 12 12 ;
  INPUT ---        12 12 ;
  INPUT ---        12 ;

  INPUT ---    group=1 Gamma''    rows=29 cols=29 Triang ;
  INPUT ---        13 13 13 13 10 13 13 13 13 10 13 13 13 13 10 13 13 13 13 
  INPUT ---       10 13 13 13 13 10 13 13 13 13 ;
  INPUT ---        13 13 13 13 13 13 13 13 13 13 13 13 13 13 13 13 13 13 13 
  INPUT ---       13 13 13 13 13 13 13 13 13 ;
  INPUT ---        13 13 13 13 13 13 13 13 13 13 13 13 13 13 13 13 13 13 13 
  INPUT ---       13 13 13 13 13 13 13 13 ;
  INPUT ---        13 13 13 13 13 13 13 13 13 13 13 13 13 13 13 13 13 13 13 
  INPUT ---       13 13 13 13 13 13 13 ;
  INPUT ---        13 13 13 13 13 13 13 13 13 13 13 13 13 13 13 13 13 13 13 
  INPUT ---       13 13 13 13 13 13 ;
  INPUT ---        13 13 13 13 10 13 13 13 13 10 13 13 13 13 10 13 13 13 13 
  INPUT ---       10 13 13 13 13 ;
  INPUT ---        13 13 13 13 13 13 13 13 13 13 13 13 13 13 13 13 13 13 13 
  INPUT ---       13 13 13 13 ;
  INPUT ---        13 13 13 13 13 13 13 13 13 13 13 13 13 13 13 13 13 13 13 
  INPUT ---       13 13 13 ;
  INPUT ---        13 13 13 13 13 13 13 13 13 13 13 13 13 13 13 13 13 13 13 
  INPUT ---       13 13 ;
  INPUT ---        13 13 13 13 13 13 13 13 13 13 13 13 13 13 13 13 13 13 13 
  INPUT ---       13 ;
  INPUT ---        13 13 13 13 10 13 13 13 13 10 13 13 13 13 10 13 13 13 13 ;
  INPUT ---        13 13 13 13 13 13 13 13 13 13 13 13 13 13 13 13 13 13 ;
  INPUT ---        13 13 13 13 13 13 13 13 13 13 13 13 13 13 13 13 13 ;
  INPUT ---        13 13 13 13 13 13 13 13 13 13 13 13 13 13 13 13 ;
  INPUT ---        13 13 13 13 13 13 13 13 13 13 13 13 13 13 13 ;
  INPUT ---        13 13 13 13 10 13 13 13 13 10 13 13 13 13 ;

  Program  MARK  - Survival Rate Estimation with Capture-Recapture Data
   gfortran(Win64) Vers. 8.1 Mar 2016    5-Aug-2016 15:46:25    Page  004
 - - - - - - - - - - - - - - - - - - - - - - - - - - - - - - - - - - - - - -
 
  INPUT ---        13 13 13 13 13 13 13 13 13 13 13 13 13 ;
  INPUT ---        13 13 13 13 13 13 13 13 13 13 13 13 ;
  INPUT ---        13 13 13 13 13 13 13 13 13 13 13 ;
  INPUT ---        13 13 13 13 13 13 13 13 13 13 ;
  INPUT ---        13 13 13 13 10 13 13 13 13 ;
  INPUT ---        13 13 13 13 13 13 13 13 ;
  INPUT ---        13 13 13 13 13 13 13 ;
  INPUT ---        13 13 13 13 13 13 ;
  INPUT ---        13 13 13 13 13 ;
  INPUT ---        13 13 13 13 ;
  INPUT ---        13 13 13 ;
  INPUT ---        13 13 ;
  INPUT ---        13 ;

  INPUT ---    group=1 Gamma'    rows=28 cols=28 Triang ;
  INPUT ---        13 13 13 11 13 13 13 13 11 13 13 13 13 11 13 13 13 13 11 
  INPUT ---       13 13 13 13 11 13 13 13 13 ;
  INPUT ---        13 13 13 13 13 13 13 13 13 13 13 13 13 13 13 13 13 13 13 
  INPUT ---       13 13 13 13 13 13 13 13 ;
  INPUT ---        13 13 13 13 13 13 13 13 13 13 13 13 13 13 13 13 13 13 13 
  INPUT ---       13 13 13 13 13 13 13 ;
  INPUT ---        13 13 13 13 13 13 13 13 13 13 13 13 13 13 13 13 13 13 13 
  INPUT ---       13 13 13 13 13 13 ;
  INPUT ---        13 13 13 13 13 13 13 13 13 13 13 13 13 13 13 13 13 13 13 
  INPUT ---       13 13 13 13 13 ;
  INPUT ---        13 13 13 11 13 13 13 13 11 13 13 13 13 11 13 13 13 13 11 
  INPUT ---       13 13 13 13 ;
  INPUT ---        13 13 13 13 13 13 13 13 13 13 13 13 13 13 13 13 13 13 13 
  INPUT ---       13 13 13 ;
  INPUT ---        13 13 13 13 13 13 13 13 13 13 13 13 13 13 13 13 13 13 13 
  INPUT ---       13 13 ;
  INPUT ---        13 13 13 13 13 13 13 13 13 13 13 13 13 13 13 13 13 13 13 
  INPUT ---       13 ;
  INPUT ---        13 13 13 13 13 13 13 13 13 13 13 13 13 13 13 13 13 13 13 ;
  INPUT ---        13 13 13 11 13 13 13 13 11 13 13 13 13 11 13 13 13 13 ;
  INPUT ---        13 13 13 13 13 13 13 13 13 13 13 13 13 13 13 13 13 ;
  INPUT ---        13 13 13 13 13 13 13 13 13 13 13 13 13 13 13 13 ;
  INPUT ---        13 13 13 13 13 13 13 13 13 13 13 13 13 13 13 ;
  INPUT ---        13 13 13 13 13 13 13 13 13 13 13 13 13 13 ;
  INPUT ---        13 13 13 11 13 13 13 13 11 13 13 13 13 ;
  INPUT ---        13 13 13 13 13 13 13 13 13 13 13 13 ;
  INPUT ---        13 13 13 13 13 13 13 13 13 13 13 ;
  INPUT ---        13 13 13 13 13 13 13 13 13 13 ;
  INPUT ---        13 13 13 13 13 13 13 13 13 ;
  INPUT ---        13 13 13 11 13 13 13 13 ;
  INPUT ---        13 13 13 13 13 13 13 ;

  Program  MARK  - Survival Rate Estimation with Capture-Recapture Data
   gfortran(Win64) Vers. 8.1 Mar 2016    5-Aug-2016 15:46:25    Page  005
 - - - - - - - - - - - - - - - - - - - - - - - - - - - - - - - - - - - - - -
 
  INPUT ---        13 13 13 13 13 13 ;
  INPUT ---        13 13 13 13 13 ;
  INPUT ---        13 13 13 13 ;
  INPUT ---        13 13 13 ;
  INPUT ---        13 13 ;
  INPUT ---        13 ;

  INPUT ---    initial  0.8492118 0 0 -0.3123225 3.139572 0 0 0 0 0 
  INPUT ---    2.0066797 -2.9445172 17.724958  ;

  INPUT ---    design matrix constraints=13 covariates=13;
  INPUT ---        1 captive sex 0 0 0 0 0 0 0 0 0 0;
  INPUT ---        0 0 0 1 0 0 0 0 0 0 0 0 0;
  INPUT ---        0 0 0 0 1 0 0 0 0 0 0 0 0;
  INPUT ---        0 0 0 0 1 1 0 0 0 0 0 0 0;
  INPUT ---        0 0 0 0 1 0 1 0 0 0 0 0 0;
  INPUT ---        0 0 0 0 1 0 0 1 0 0 0 0 0;
  INPUT ---        0 0 0 0 1 0 0 0 1 0 0 0 0;
  INPUT ---        0 0 0 0 1 0 0 0 0 1 0 0 0;
  INPUT ---        0 0 0 0 0 0 0 0 0 0 1 0 0;
  INPUT ---        0 0 0 0 0 0 0 0 0 0 0 1 0;
  INPUT ---        0 0 0 0 0 0 0 0 0 0 0 0 1;
  INPUT ---        0 0 0 0 0 0 0 0 0 0 0 0 0;
  INPUT ---        0 0 0 0 0 0 0 0 0 0 0 0 0;

  INPUT ---    links=13;

  INPUT ---    Log;

  INPUT ---    Log;

  INPUT ---    Log;

  INPUT ---    Log;

  INPUT ---    Log;

  INPUT ---    Log;

  INPUT ---    Log;

  INPUT ---    Log;

  INPUT ---    Logit;

  INPUT ---    Logit;

  Program  MARK  - Survival Rate Estimation with Capture-Recapture Data
   gfortran(Win64) Vers. 8.1 Mar 2016    5-Aug-2016 15:46:25    Page  006
 - - - - - - - - - - - - - - - - - - - - - - - - - - - - - - - - - - - - - -
 

  INPUT ---    Logit;

  INPUT ---    Logit;

  INPUT ---    Logit;
  INPUT ---       blabel(1)=alpha:(Intercept);
  INPUT ---       blabel(2)=alpha:captive;
  INPUT ---       blabel(3)=alpha:sex;
  INPUT ---       blabel(4)=sigma:(Intercept);
  INPUT ---       blabel(5)=U:(Intercept);
  INPUT ---       blabel(6)=U:sample_monthB;
  INPUT ---       blabel(7)=U:sample_monthC;
  INPUT ---       blabel(8)=U:sample_monthD;
  INPUT ---       blabel(9)=U:sample_monthE;
  INPUT ---       blabel(10)=U:sample_monthF;
  INPUT ---       blabel(11)=Phi:(Intercept);
  INPUT ---       blabel(12)=GammaDoublePrime:(Intercept);
  INPUT ---       blabel(13)=GammaPrime:(Intercept);
  INPUT ---       rlabel(1)=alpha g1 a0 t1;
  INPUT ---       rlabel(2)=sigma g1 a0 t1;
  INPUT ---       rlabel(3)=U g1 a0 t1;
  INPUT ---       rlabel(4)=U g1 a2.8 t3.8;
  INPUT ---       rlabel(5)=U g1 a6.1 t7.1;
  INPUT ---       rlabel(6)=U g1 a9.567 t10.567;
  INPUT ---       rlabel(7)=U g1 a12.134 t13.134;
  INPUT ---       rlabel(8)=U g1 a16.101 t17.101;
  INPUT ---       rlabel(9)=Phi g1 c1 a0.8 t1.8;
  INPUT ---       rlabel(10)=Gamma'' g1 c1 a0.8 t1.8;
  INPUT ---       rlabel(11)=Gamma' g1 c1 a0.8 t1.8;
  INPUT ---       rlabel(12)=Phi g1 c1 a0 t1;
  INPUT ---       rlabel(13)=Gamma'' g1 c1 a0 t1;

 Link Function Used is PARM-SPECIFIC

 Variance Estimation Procedure Used is 2ndPart 

 M(t+1):
 Group=Group 1                                                                         
       3      3      3      2      3      5      5      5      2      5      5
       4      4      4      4     10      7      7      7      5      5      5
       5      3      4      5      5      5      4      5


 -2logL(saturated) = -0.0000000    
 Effective Sample Size = 169
 Results from first iteration:
  -2logL Initial { alpha(~1 + captive + sex)sigma(~1)U(~sample_month)Phi(~1)Gamma''(~1)Gamma'(~1) } = 1138.4459     
  Penalty Initial { alpha(~1 + captive + sex)sigma(~1)U(~sample_month)Phi(~1)Gamma''(~1)Gamma'(~1) } = -0.0000000    

 Number of function evaluations was 28 for 13 parameters.
 Time for numerical optimization was 3.12 seconds.

  Program  MARK  - Survival Rate Estimation with Capture-Recapture Data
   gfortran(Win64) Vers. 8.1 Mar 2016    5-Aug-2016 15:46:27    Page  007
 - - - - - - - - - - - - - - - - - - - - - - - - - - - - - - - - - - - - - -
 
 -2logL { alpha(~1 + captive + sex)sigma(~1)U(~sample_month)Phi(~1)Gamma''(~1)Gamma'(~1) } = 1079.6802     
 Penalty { alpha(~1 + captive + sex)sigma(~1)U(~sample_month)Phi(~1)Gamma''(~1)Gamma'(~1) } = -0.0000000    

   * *  WARNING  * *   Numerical underflow occurred during optimization of this model. 
     IEEE flag status at end of optimization:
     overflow       F
     divide by zero F
     invalid        F
     underflow      T
     inexact        T

 Gradient { alpha(~1 + captive + sex)sigma(~1)U(~sample_month)Phi(~1)Gamma''(~1)Gamma'(~1) }:
  0.3810117E-03 0.1398179E-03 0.2215974E-03-0.9558459E-04 0.1122440E-03
  0.1459036E-04 0.1351383E-04-0.1143375E-04 0.7694831E-04-0.1264262E-04
  0.5293623E-04 0.5764502E-05  0.000000    
 S Vector { alpha(~1 + captive + sex)sigma(~1)U(~sample_month)Phi(~1)Gamma''(~1)Gamma'(~1) }:
   4099.409      347.9250      273.7252      255.1878      228.5333    
   170.8335      106.4415      61.64806      15.01098      9.059926    
   6.136822     0.9499707     0.2702012E-08
 Time to compute number of parameters was 1.78 seconds.
   Threshold =  0.2800000E-06     Condition index =  0.6591222E-12     New Threshold =  0.9742242E-08
 New Guessimate of Estimated Parameters { alpha(~1 + captive + sex)sigma(~1)U(~sample_month)Phi(~1)Gamma''(~1)Gamma'(~1) } = 12          
 Conditioned S Vector { alpha(~1 + captive + sex)sigma(~1)U(~sample_month)Phi(~1)Gamma''(~1)Gamma'(~1) }:
   1.000000     0.8487198E-01 0.6677186E-01 0.6224989E-01 0.5574786E-01
  0.4167270E-01 0.2596507E-01 0.1503828E-01 0.3661741E-02 0.2210056E-02
  0.1497002E-02 0.2317336E-03 0.6591222E-12
 Number of Estimated Parameters { alpha(~1 + captive + sex)sigma(~1)U(~sample_month)Phi(~1)Gamma''(~1)Gamma'(~1) } = 12          
 DEVIANCE { alpha(~1 + captive + sex)sigma(~1)U(~sample_month)Phi(~1)Gamma''(~1)Gamma'(~1) } = 1079.6802                     
 DEVIANCE Degrees of Freedom { alpha(~1 + captive + sex)sigma(~1)U(~sample_month)Phi(~1)Gamma''(~1)Gamma'(~1) } = 2            
 c-hat { alpha(~1 + captive + sex)sigma(~1)U(~sample_month)Phi(~1)Gamma''(~1)Gamma'(~1) } = 539.84011                     
 AIC { alpha(~1 + captive + sex)sigma(~1)U(~sample_month)Phi(~1)Gamma''(~1)Gamma'(~1) } = 1103.6802                  
 AICc { alpha(~1 + captive + sex)sigma(~1)U(~sample_month)Phi(~1)Gamma''(~1)Gamma'(~1) } = 1105.6802                    
 BIC { alpha(~1 + captive + sex)sigma(~1)U(~sample_month)Phi(~1)Gamma''(~1)Gamma'(~1) } = 1141.2390                    
 Pearson Chisquare { alpha(~1 + captive + sex)sigma(~1)U(~sample_month)Phi(~1)Gamma''(~1)Gamma'(~1) } = 0.4374243E+034             

   * *  WARNING  * *   Numerical underflow occurred during variance-covariance calculation of this model. 
     IEEE flag status at end of variance-covariance calculation:
     overflow       F
     divide by zero F
     invalid        F
     underflow      T
     inexact        T



 PARM-SPECIFIC Link Function Parameters of { alpha(~1 + captive + sex)sigma(~1)U(~sample_month)Phi(~1)Gamma''(~1)Gamma'(~1) }
                                                              95% Confidence Interval
 Parameter                    Beta         Standard Error      Lower           Upper
 -------------------------  --------------  --------------  --------------  --------------
    1:alpha:(Intercept)     0.4322310       0.2181978       0.0045632       0.8598987     
    2:alpha:captive         0.3009700       0.1123788       0.0807075       0.5212325     
    3:alpha:sex             0.5390994       0.2109230       0.1256904       0.9525085     
    4:sigma:(Intercept)     -0.6651384      0.1205105       -0.9013389      -0.4289378    
    5:U:(Intercept)         2.4437047       0.1263831       2.1959938       2.6914156     
    6:U:sample_monthB       0.5583828       0.1342526       0.2952477       0.8215179     
    7:U:sample_monthC       0.6825260       0.1264009       0.4347802       0.9302717     
    8:U:sample_monthD       0.9886186       0.1360728       0.7219160       1.2553212     
    9:U:sample_monthE       0.4774443       0.1328528       0.2170528       0.7378357     

  Program  MARK  - Survival Rate Estimation with Capture-Recapture Data
   gfortran(Win64) Vers. 8.1 Mar 2016    5-Aug-2016 15:46:29    Page  008
 - - - - - - - - - - - - - - - - - - - - - - - - - - - - - - - - - - - - - -
 
   10:U:sample_monthF       0.7984700       0.1346835       0.5344903       1.0624497     
   11:Phi:(Intercept)       2.0066660       0.4036716       1.2154696       2.7978624     
   12:GammaDoublePrime:(In  -2.9443770      1.0259942       -4.9553256      -0.9334284    
   13:GammaPrime:(Intercep  17.724958       0.0000000       17.724958       17.724958     


 Real Function Parameters of { alpha(~1 + captive + sex)sigma(~1)U(~sample_month)Phi(~1)Gamma''(~1)Gamma'(~1) }

      Following estimates based on unstandardized individual covariate values:
          Variable   Value         
          ---------  ------------- 
          CAPTIVE    0.2142857     
          SEX        0.8461538     
                                                               95% Confidence Interval
  Parameter                  Estimate       Standard Error      Lower           Upper
 --------------------------  --------------  --------------  --------------  --------------
     1:alpha g1 a0 t1        2.5931818       0.2000785       2.2297400       3.0158637                           
     2:sigma g1 a0 t1        0.5142024       0.0619668       0.4063713       0.6506465                           
     3:U g1 a0 t1            11.515624       1.4553804       8.9977491       14.738084                           
     4:U g1 a2.8 t3.8        20.127509       1.9614118       16.635483       24.352560                           
     5:U g1 a6.1 t7.1        22.787922       1.8893030       19.375493       26.801351                           
     6:U g1 a9.567 t10.567   30.948462       2.3890269       26.608967       35.995658                           
     7:U g1 a12.134 t13.134  18.562603       1.5205760       15.813464       21.789673                           
     8:U g1 a16.101 t17.101  25.589310       2.1209023       21.758473       30.094612                           
     9:Phi g1 c1 a0.8 t1.8   0.8814952       0.0421681       0.7712653       0.9425602                           
    10:Gamma'' g1 c1 a0.8 t  0.0500029       0.0487374       0.0069965       0.2822297                           
    11:Gamma' g1 c1 a0.8 t1  1.0000000       0.0000000       1.0000000       1.0000000                           
    12:Phi g1 c1 a0 t1       1.0000000       0.0000000       1.0000000       1.0000000       Fixed               
    13:Gamma'' g1 c1 a0 t1   0.0000000       0.0000000       0.0000000       0.0000000       Fixed               

  Program  MARK  - Survival Rate Estimation with Capture-Recapture Data
   gfortran(Win64) Vers. 8.1 Mar 2016    5-Aug-2016 15:46:29    Page  009
 - - - - - - - - - - - - - - - - - - - - - - - - - - - - - - - - - - - - - -
 


                      Estimates of Derived Parameters
 Population Estimates of { alpha(~1 + captive + sex)sigma(~1)U(~sample_month)Phi(~1)Gamma''(~1)Gamma'(~1) }
                                                95% Confidence Interval
 Grp. Occ.   N-hat           Standard Error      Lower           Upper
 ---- ----   --------------  --------------  --------------  --------------
   1     1   14.515624       1.4553812       11.931729       17.659078     
   1     2   14.515624       1.4553812       11.931729       17.659078     
   1     3   14.515624       1.4553812       11.931729       17.659078     
   1     4   13.650731       1.4763878       11.049954       16.863640     
   1     5   14.515624       1.4553812       11.931729       17.659078     
   1     6   25.127509       1.9614123       21.567792       29.274749     
   1     7   25.127509       1.9614123       21.567792       29.274749     
   1     8   25.127509       1.9614123       21.567792       29.274749     
   1     9   22.361785       1.9838203       18.799179       26.599535     
   1    10   25.127509       1.9614123       21.567792       29.274749     
   1    11   28.271731       1.9418821       24.714633       32.340789     
   1    12   27.155055       1.9301410       23.627819       31.208848     
   1    13   27.155055       1.9301410       23.627819       31.208848     
   1    14   27.211972       1.9326554       23.679945       31.270826     
   1    15   27.211972       1.9326554       23.679945       31.270826     
   1    16   38.953972       2.5186293       34.321983       44.211080     
   1    17   38.786895       2.4846906       34.214627       43.970177     
   1    18   38.953972       2.5186293       34.321983       44.211080     
   1    19   38.888103       2.5012768       34.286496       44.107295     
   1    20   36.769891       2.5015986       32.184560       42.008494     
   1    21   23.049654       1.5686021       20.174523       26.334528     
   1    22   24.166777       1.5792887       21.264310       27.465415     
   1    23   24.103703       1.5695009       21.218554       27.381153     
   1    24   21.869662       1.5480628       19.039836       25.120076     
   1    25   23.049654       1.5686021       20.174523       26.334528     
   1    26   31.130410       2.1817254       27.139491       35.708203     
   1    27   31.130410       2.1817254       27.139491       35.708203     
   1    28   31.130410       2.1817254       27.139491       35.708203     
   1    29   30.057863       2.1753817       26.087549       34.632426     
   1    30   31.130410       2.1817254       27.139491       35.708203     
 Mean Resighting Rate Estimates of { alpha(~1 + captive + sex)sigma(~1)U(~sample_month)Phi(~1)Gamma''(~1)Gamma'(~1) }
                                                95% Confidence Interval
 Grp. Occ.   Lambda-hat      Standard Error      Lower           Upper
 ---- ----   --------------  --------------  --------------  --------------
   1     1   2.9596992       0.1813995       2.6249770       3.3371033     
   1     2   2.9596992       0.1813995       2.6249770       3.3371033     
   1     3   2.9596992       0.1813995       2.6249770       3.3371033     
   1     4   2.9596992       0.1813995       2.6249770       3.3371033     
   1     5   2.9596992       0.1813995       2.6249770       3.3371033     
   1     6   2.9596992       0.1813995       2.6249770       3.3371033     
   1     7   2.9596992       0.1813995       2.6249770       3.3371033     
   1     8   2.9596992       0.1813995       2.6249770       3.3371033     
   1     9   2.9596992       0.1813995       2.6249770       3.3371033     

  Program  MARK  - Survival Rate Estimation with Capture-Recapture Data
   gfortran(Win64) Vers. 8.1 Mar 2016    5-Aug-2016 15:46:29    Page  010
 - - - - - - - - - - - - - - - - - - - - - - - - - - - - - - - - - - - - - -
 
   1    10   2.9596992       0.1813995       2.6249770       3.3371033     
   1    11   3.3163534       0.1877361       2.9683331       3.7051771     
   1    12   3.1826081       0.1853451       2.8395721       3.5670847     
   1    13   3.4055169       0.1893395       3.0541735       3.7972780     
   1    14   3.6284258       0.1933797       3.2687684       4.0276557     
   1    15   3.8513347       0.1974628       3.4833483       4.2581956     
   1    16   3.4692052       0.1904893       3.1154874       3.8630824     
   1    17   3.8513347       0.1974628       3.4833483       4.2581956     
   1    18   3.7239582       0.1951245       3.3607335       4.1264398     
   1    19   3.5965817       0.1927998       3.2381128       3.9947342     
   1    20   3.4946805       0.1909502       3.1400128       3.8894083     
   1    21   4.2971524       0.2057479       3.9124406       4.7196930     
   1    22   3.3163534       0.1877361       2.9683331       3.7051771     
   1    23   3.3163534       0.1877361       2.9683331       3.7051771     
   1    24   3.5541229       0.1920280       3.1972381       3.9508441     
   1    25   4.7429701       0.2141759       4.3414218       5.1816586     
   1    26   3.3163534       0.1877361       2.9683331       3.7051771     
   1    27   2.9596992       0.1813995       2.6249770       3.3371033     
   1    28   3.4946805       0.1909502       3.1400128       3.8894083     
   1    29   3.6284258       0.1933797       3.2687684       4.0276557     
   1    30   3.4946805       0.1909502       3.1400128       3.8894083     
 Pr(Captured 1 or more times) of { alpha(~1 + captive + sex)sigma(~1)U(~sample_month)Phi(~1)Gamma''(~1)Gamma'(~1) }
                                                95% Confidence Interval
 Grp. Occ.      p*-hat       Standard Error      Lower           Upper
 ---- ----   --------------  --------------  --------------  --------------
   1     1   0.3076207       0.0057279       0.2965092       0.3189598     
   1     2   0.3076207       0.0057279       0.2965092       0.3189598     
   1     3   0.3076207       0.0057279       0.2965092       0.3189598     
   1     4   0.4683605       0.0090458       0.4506780       0.4861228     
   1     5   0.3076207       0.0057279       0.2965092       0.3189598     
   1     6   0.1823550       0.0035540       0.1754923       0.1894245     
   1     7   0.1823550       0.0035540       0.1754923       0.1894245     
   1     8   0.1823550       0.0035540       0.1754923       0.1894245     
   1     9   0.4475722       0.0102878       0.4275051       0.4678116     
   1    10   0.1823550       0.0035540       0.1754923       0.1894245     
   1    11   0.1871904       0.0027704       0.1818209       0.1926811     
   1    12   0.2328191       0.0037147       0.2256177       0.2401791     
   1    13   0.2359412       0.0031714       0.2297819       0.2422136     
   1    14   0.2367647       0.0029646       0.2310034       0.2426243     
   1    15   0.2391182       0.0025501       0.2341559       0.2441521     
   1    16   0.1317839       0.0022700       0.1273980       0.1362973     
   1    17   0.1358142       0.0015734       0.1327597       0.1389276     
   1    18   0.1333585       0.0021578       0.1291858       0.1376448     
   1    19   0.1329687       0.0020701       0.1289636       0.1370787     
   1    20   0.1818016       0.0041368       0.1738336       0.1900508     
   1    21   0.2414705       0.0021388       0.2373033       0.2456873     
   1    22   0.1841994       0.0032077       0.1779952       0.1905698     
   1    23   0.1857768       0.0029832       0.1800006       0.1916951     
   1    24   0.3151159       0.0040422       0.3072475       0.3230919     
   1    25   0.2440601       0.0016889       0.2407651       0.2473855     

  Program  MARK  - Survival Rate Estimation with Capture-Recapture Data
   gfortran(Win64) Vers. 8.1 Mar 2016    5-Aug-2016 15:46:29    Page  011
 - - - - - - - - - - - - - - - - - - - - - - - - - - - - - - - - - - - - - -
 
   1    26   0.1857768       0.0029832       0.1800006       0.1916951     
   1    27   0.1804696       0.0037991       0.1731428       0.1880359     
   1    28   0.1878503       0.0026445       0.1827219       0.1930886     
   1    29   0.2354400       0.0032853       0.2290619       0.2419400     
   1    30   0.1878503       0.0026445       0.1827219       0.1930886     

 Attempted ordering of parameters by estimatibility:
   1  5  8 10  7  9  2  4  6  3 11 12 13
 Beta number 13 is a singular value.

     CPU Time in seconds for last procedure was 5.11


  INPUT --- proc stop;

   * *  WARNING  * *   Numerical underflow occurred during final processing of this model. 
     IEEE flag status at final processing of this model:
     overflow       F
     divide by zero F
     invalid        F
     underflow      T
     inexact        T


     CPU Time in minutes for this job was 0.09

     Time Start = 15:46:25.507   Time End = 15:46:29.293

     Wall Clock Time in minutes for this job was 0.06


          E X E C U T I O N   S U C C E S S F U L 
