
   Program  MARK  - Survival Rate Estimation with Capture-Recapture Data
   gfortran(Win64) Vers. 8.1 Mar 2016    5-Aug-2016 15:54:47    Page  001
 - - - - - - - - - - - - - - - - - - - - - - - - - - - - - - - - - - - - - -
 
   This version was compiled by GCC version 5.3.0 using the options: 
     -cpp -iprefix c:\tdm-gcc-64\gcc\bin\../lib/gcc/x86_64-w64-mingw32/5.3.0/ -D_MT
     -U_REENTRANT -D IEEE -m64 -mtune=generic -march=x86-64 -mthreads -O2
     -fimplicit-none -fbounds-check -funroll-loops -ftree-vectorize
     -ffpe-summary=invalid,zero,overflow,underflow -fno-unsafe-math-optimizations
     -frounding-math -fsignaling-nans -fopenmp.

   This problem will use 3 of 4 possible threads.


  INPUT --- proc title ;

     CPU Time in seconds for last procedure was 0.00


  INPUT --- proc chmatrix occasions= 30 groups= 1 etype= PoissonMR 
  INPUT --- icovar = 32 ICMeans NoHist  hist= 14 ;

  INPUT ---    time interval 0.2 0.2 0.2 0.2 2 0.2 0.2 0.2 0.2 2.5 0.2 0.2 
  INPUT ---    0.2 0.2 2.667 0.2 0.2 0.2  0.2 1.767 0.2 0.2 0.2 0.2 3.167 
  INPUT ---    0.2 0.2 0.2 0.2 ;

  INPUT ---     icovariates captive age.t1 age.t1.2 age.t1.4  age.t1.6 
  INPUT ---    age.t1.8 age.t3.8 age.t4 age.t4.2 age.t4.4 age.t4.6 
  INPUT ---    age.t7.1 age.t7.3 age.t7.5 age.t7.7  age.t7.9 age.t10.567 
  INPUT ---    age.t10.767 age.t10.967 age.t11.167 age.t11.367 age.t13.134 
  INPUT ---    age.t13.334  age.t13.534 age.t13.734 age.t13.934 
  INPUT ---    age.t17.101 age.t17.301 age.t17.501 age.t17.701 age.t17.901 
  INPUT ---     sex ;

  INPUT ---    glabel(1)=Group 1;

      Number of unique encounter histories read was 14.

      Number of individual covariates read was 32.
      Time interval lengths vary and/or not equal to 1.

      Data type number is 115
      Data type is Poisson Mark Resight with Robust Design                                                             

     CPU Time in seconds for last procedure was 0.02

  Program  MARK  - Survival Rate Estimation with Capture-Recapture Data
   gfortran(Win64) Vers. 8.1 Mar 2016    5-Aug-2016 15:54:47    Page  002
 - - - - - - - - - - - - - - - - - - - - - - - - - - - - - - - - - - - - - -
 


  INPUT --- proc estimate link=Parm-Specific NOLOOP varest=2ndPart    ;


  INPUT --- model={ alpha(~1 + captive + age.t + sex + effort.trapdays 
  INPUT --- + recordloss.agout.total)sigma(~1 + 
  INPUT --- recordloss.agout.var)U(~sample_month)Phi(~1 + captive + 
  INPUT --- sex)Gamma''(~1)Ga };

  INPUT ---    fixed=2;
  INPUT ---        parm(70)=1 ;
  INPUT ---        parm(71)=0 ;

  INPUT ---    group=1 alpha    rows=1 cols=30 Square ;
  INPUT ---        1 2 3 4 5 6 7 8 9 10 11 12 13 14 15 16 17 18 19 20 21 22 
  INPUT ---       23 24 25 26 27 28 29 30 ;

  INPUT ---    group=1 sigma    rows=1 cols=30 Square ;
  INPUT ---        31 32 33 34 35 36 37 38 39 40 41 42 43 44 45 46 47 48 49 
  INPUT ---       50 51 52 53 54 55 56 57 58 59 60 ;

  INPUT ---    group=1 U    rows=1 cols=30 Square ;
  INPUT ---        61 61 61 61 61 62 62 62 62 62 63 63 63 63 63 64 64 64 64 
  INPUT ---       64 65 65 65 65 65 66 66 66 66 66 ;

  INPUT ---    group=1 Phi    rows=29 cols=29 Triang ;
  INPUT ---        70 70 70 70 67 70 70 70 70 67 70 70 70 70 67 70 70 70 70 
  INPUT ---       67 70 70 70 70 67 70 70 70 70 ;
  INPUT ---        70 70 70 70 70 70 70 70 70 70 70 70 70 70 70 70 70 70 70 
  INPUT ---       70 70 70 70 70 70 70 70 70 ;
  INPUT ---        70 70 70 70 70 70 70 70 70 70 70 70 70 70 70 70 70 70 70 
  INPUT ---       70 70 70 70 70 70 70 70 ;
  INPUT ---        70 70 70 70 70 70 70 70 70 70 70 70 70 70 70 70 70 70 70 
  INPUT ---       70 70 70 70 70 70 70 ;
  INPUT ---        70 70 70 70 70 70 70 70 70 70 70 70 70 70 70 70 70 70 70 
  INPUT ---       70 70 70 70 70 70 ;
  INPUT ---        70 70 70 70 67 70 70 70 70 67 70 70 70 70 67 70 70 70 70 
  INPUT ---       67 70 70 70 70 ;
  INPUT ---        70 70 70 70 70 70 70 70 70 70 70 70 70 70 70 70 70 70 70 
  INPUT ---       70 70 70 70 ;
  INPUT ---        70 70 70 70 70 70 70 70 70 70 70 70 70 70 70 70 70 70 70 
  INPUT ---       70 70 70 ;
  INPUT ---        70 70 70 70 70 70 70 70 70 70 70 70 70 70 70 70 70 70 70 
  INPUT ---       70 70 ;
  INPUT ---        70 70 70 70 70 70 70 70 70 70 70 70 70 70 70 70 70 70 70 

  Program  MARK  - Survival Rate Estimation with Capture-Recapture Data
   gfortran(Win64) Vers. 8.1 Mar 2016    5-Aug-2016 15:54:47    Page  003
 - - - - - - - - - - - - - - - - - - - - - - - - - - - - - - - - - - - - - -
 
  INPUT ---       70 ;
  INPUT ---        70 70 70 70 67 70 70 70 70 67 70 70 70 70 67 70 70 70 70 ;
  INPUT ---        70 70 70 70 70 70 70 70 70 70 70 70 70 70 70 70 70 70 ;
  INPUT ---        70 70 70 70 70 70 70 70 70 70 70 70 70 70 70 70 70 ;
  INPUT ---        70 70 70 70 70 70 70 70 70 70 70 70 70 70 70 70 ;
  INPUT ---        70 70 70 70 70 70 70 70 70 70 70 70 70 70 70 ;
  INPUT ---        70 70 70 70 67 70 70 70 70 67 70 70 70 70 ;
  INPUT ---        70 70 70 70 70 70 70 70 70 70 70 70 70 ;
  INPUT ---        70 70 70 70 70 70 70 70 70 70 70 70 ;
  INPUT ---        70 70 70 70 70 70 70 70 70 70 70 ;
  INPUT ---        70 70 70 70 70 70 70 70 70 70 ;
  INPUT ---        70 70 70 70 67 70 70 70 70 ;
  INPUT ---        70 70 70 70 70 70 70 70 ;
  INPUT ---        70 70 70 70 70 70 70 ;
  INPUT ---        70 70 70 70 70 70 ;
  INPUT ---        70 70 70 70 70 ;
  INPUT ---        70 70 70 70 ;
  INPUT ---        70 70 70 ;
  INPUT ---        70 70 ;
  INPUT ---        70 ;

  INPUT ---    group=1 Gamma''    rows=29 cols=29 Triang ;
  INPUT ---        71 71 71 71 68 71 71 71 71 68 71 71 71 71 68 71 71 71 71 
  INPUT ---       68 71 71 71 71 68 71 71 71 71 ;
  INPUT ---        71 71 71 71 71 71 71 71 71 71 71 71 71 71 71 71 71 71 71 
  INPUT ---       71 71 71 71 71 71 71 71 71 ;
  INPUT ---        71 71 71 71 71 71 71 71 71 71 71 71 71 71 71 71 71 71 71 
  INPUT ---       71 71 71 71 71 71 71 71 ;
  INPUT ---        71 71 71 71 71 71 71 71 71 71 71 71 71 71 71 71 71 71 71 
  INPUT ---       71 71 71 71 71 71 71 ;
  INPUT ---        71 71 71 71 71 71 71 71 71 71 71 71 71 71 71 71 71 71 71 
  INPUT ---       71 71 71 71 71 71 ;
  INPUT ---        71 71 71 71 68 71 71 71 71 68 71 71 71 71 68 71 71 71 71 
  INPUT ---       68 71 71 71 71 ;
  INPUT ---        71 71 71 71 71 71 71 71 71 71 71 71 71 71 71 71 71 71 71 
  INPUT ---       71 71 71 71 ;
  INPUT ---        71 71 71 71 71 71 71 71 71 71 71 71 71 71 71 71 71 71 71 
  INPUT ---       71 71 71 ;
  INPUT ---        71 71 71 71 71 71 71 71 71 71 71 71 71 71 71 71 71 71 71 
  INPUT ---       71 71 ;
  INPUT ---        71 71 71 71 71 71 71 71 71 71 71 71 71 71 71 71 71 71 71 
  INPUT ---       71 ;
  INPUT ---        71 71 71 71 68 71 71 71 71 68 71 71 71 71 68 71 71 71 71 ;
  INPUT ---        71 71 71 71 71 71 71 71 71 71 71 71 71 71 71 71 71 71 ;
  INPUT ---        71 71 71 71 71 71 71 71 71 71 71 71 71 71 71 71 71 ;
  INPUT ---        71 71 71 71 71 71 71 71 71 71 71 71 71 71 71 71 ;

  Program  MARK  - Survival Rate Estimation with Capture-Recapture Data
   gfortran(Win64) Vers. 8.1 Mar 2016    5-Aug-2016 15:54:47    Page  004
 - - - - - - - - - - - - - - - - - - - - - - - - - - - - - - - - - - - - - -
 
  INPUT ---        71 71 71 71 71 71 71 71 71 71 71 71 71 71 71 ;
  INPUT ---        71 71 71 71 68 71 71 71 71 68 71 71 71 71 ;
  INPUT ---        71 71 71 71 71 71 71 71 71 71 71 71 71 ;
  INPUT ---        71 71 71 71 71 71 71 71 71 71 71 71 ;
  INPUT ---        71 71 71 71 71 71 71 71 71 71 71 ;
  INPUT ---        71 71 71 71 71 71 71 71 71 71 ;
  INPUT ---        71 71 71 71 68 71 71 71 71 ;
  INPUT ---        71 71 71 71 71 71 71 71 ;
  INPUT ---        71 71 71 71 71 71 71 ;
  INPUT ---        71 71 71 71 71 71 ;
  INPUT ---        71 71 71 71 71 ;
  INPUT ---        71 71 71 71 ;
  INPUT ---        71 71 71 ;
  INPUT ---        71 71 ;
  INPUT ---        71 ;

  INPUT ---    group=1 Gamma'    rows=28 cols=28 Triang ;
  INPUT ---        71 71 71 69 71 71 71 71 69 71 71 71 71 69 71 71 71 71 69 
  INPUT ---       71 71 71 71 69 71 71 71 71 ;
  INPUT ---        71 71 71 71 71 71 71 71 71 71 71 71 71 71 71 71 71 71 71 
  INPUT ---       71 71 71 71 71 71 71 71 ;
  INPUT ---        71 71 71 71 71 71 71 71 71 71 71 71 71 71 71 71 71 71 71 
  INPUT ---       71 71 71 71 71 71 71 ;
  INPUT ---        71 71 71 71 71 71 71 71 71 71 71 71 71 71 71 71 71 71 71 
  INPUT ---       71 71 71 71 71 71 ;
  INPUT ---        71 71 71 71 71 71 71 71 71 71 71 71 71 71 71 71 71 71 71 
  INPUT ---       71 71 71 71 71 ;
  INPUT ---        71 71 71 69 71 71 71 71 69 71 71 71 71 69 71 71 71 71 69 
  INPUT ---       71 71 71 71 ;
  INPUT ---        71 71 71 71 71 71 71 71 71 71 71 71 71 71 71 71 71 71 71 
  INPUT ---       71 71 71 ;
  INPUT ---        71 71 71 71 71 71 71 71 71 71 71 71 71 71 71 71 71 71 71 
  INPUT ---       71 71 ;
  INPUT ---        71 71 71 71 71 71 71 71 71 71 71 71 71 71 71 71 71 71 71 
  INPUT ---       71 ;
  INPUT ---        71 71 71 71 71 71 71 71 71 71 71 71 71 71 71 71 71 71 71 ;
  INPUT ---        71 71 71 69 71 71 71 71 69 71 71 71 71 69 71 71 71 71 ;
  INPUT ---        71 71 71 71 71 71 71 71 71 71 71 71 71 71 71 71 71 ;
  INPUT ---        71 71 71 71 71 71 71 71 71 71 71 71 71 71 71 71 ;
  INPUT ---        71 71 71 71 71 71 71 71 71 71 71 71 71 71 71 ;
  INPUT ---        71 71 71 71 71 71 71 71 71 71 71 71 71 71 ;
  INPUT ---        71 71 71 69 71 71 71 71 69 71 71 71 71 ;
  INPUT ---        71 71 71 71 71 71 71 71 71 71 71 71 ;
  INPUT ---        71 71 71 71 71 71 71 71 71 71 71 ;
  INPUT ---        71 71 71 71 71 71 71 71 71 71 ;
  INPUT ---        71 71 71 71 71 71 71 71 71 ;

  Program  MARK  - Survival Rate Estimation with Capture-Recapture Data
   gfortran(Win64) Vers. 8.1 Mar 2016    5-Aug-2016 15:54:47    Page  005
 - - - - - - - - - - - - - - - - - - - - - - - - - - - - - - - - - - - - - -
 
  INPUT ---        71 71 71 69 71 71 71 71 ;
  INPUT ---        71 71 71 71 71 71 71 ;
  INPUT ---        71 71 71 71 71 71 ;
  INPUT ---        71 71 71 71 71 ;
  INPUT ---        71 71 71 71 ;
  INPUT ---        71 71 71 ;
  INPUT ---        71 71 ;
  INPUT ---        71 ;

  INPUT ---    initial  0.8492118 0 0 0 0 0 -0.3123225 0 3.139572 0 0 0 0 
  INPUT ---    0 2.0066797 0 0 -2.9445172 17.724958  ;

  INPUT ---    design matrix constraints=71 covariates=19;
  INPUT ---        1 captive age.t1 sex 96 0.186046511627907 0 0 0 0 0 0 0 0 
  INPUT ---       0 0 0 0 0;
  INPUT ---        1 captive age.t1.2 sex 96 0.127659574468085 0 0 0 0 0 0 0 
  INPUT ---       0 0 0 0 0 0;
  INPUT ---        1 captive age.t1.4 sex 114 0.08 0 0 0 0 0 0 0 0 0 0 0 0 0;
  INPUT ---        1 captive age.t1.6 sex 120 0.166666666666667 0 0 0 0 0 0 0 
  INPUT ---       0 0 0 0 0 0;
  INPUT ---        1 captive age.t1.8 sex 115 0.169230769230769 0 0 0 0 0 0 0 
  INPUT ---       0 0 0 0 0 0;
  INPUT ---        1 captive age.t3.8 sex 126 0.0615384615384615 0 0 0 0 0 0 
  INPUT ---       0 0 0 0 0 0 0;
  INPUT ---        1 captive age.t4 sex 126 0.0776699029126214 0 0 0 0 0 0 0 
  INPUT ---       0 0 0 0 0 0;
  INPUT ---        1 captive age.t4.2 sex 126 0.170212765957447 0 0 0 0 0 0 0 
  INPUT ---       0 0 0 0 0 0;
  INPUT ---        1 captive age.t4.4 sex 114 0.0666666666666667 0 0 0 0 0 0 
  INPUT ---       0 0 0 0 0 0 0;
  INPUT ---        1 captive age.t4.6 sex 126 0.0894308943089431 0 0 0 0 0 0 
  INPUT ---       0 0 0 0 0 0 0;
  INPUT ---        1 captive age.t7.1 sex 139 0.08 0 0 0 0 0 0 0 0 0 0 0 0 0;
  INPUT ---        1 captive age.t7.3 sex 168 0.135135135135135 0 0 0 0 0 0 0 
  INPUT ---       0 0 0 0 0 0;
  INPUT ---        1 captive age.t7.5 sex 180 0.213740458015267 0 0 0 0 0 0 0 
  INPUT ---       0 0 0 0 0 0;
  INPUT ---        1 captive age.t7.7 sex 174 0.0869565217391304 0 0 0 0 0 0 
  INPUT ---       0 0 0 0 0 0 0;
  INPUT ---        1 captive age.t7.9 sex 173 0.131428571428571 0 0 0 0 0 0 0 
  INPUT ---       0 0 0 0 0 0;
  INPUT ---        1 captive age.t10.567 sex 166 0.167441860465116 0 0 0 0 0 
  INPUT ---       0 0 0 0 0 0 0 0;
  INPUT ---        1 captive age.t10.767 sex 172 0.155 0 0 0 0 0 0 0 0 0 0 0 
  INPUT ---       0 0;
  INPUT ---        1 captive age.t10.967 sex 166 0.168831168831169 0 0 0 0 0 

  Program  MARK  - Survival Rate Estimation with Capture-Recapture Data
   gfortran(Win64) Vers. 8.1 Mar 2016    5-Aug-2016 15:54:47    Page  006
 - - - - - - - - - - - - - - - - - - - - - - - - - - - - - - - - - - - - - -
 
  INPUT ---       0 0 0 0 0 0 0 0;
  INPUT ---        1 captive age.t11.167 sex 171 0.231182795698925 0 0 0 0 0 
  INPUT ---       0 0 0 0 0 0 0 0;
  INPUT ---        1 captive age.t11.367 sex 151 0.224489795918367 0 0 0 0 0 
  INPUT ---       0 0 0 0 0 0 0 0;
  INPUT ---        1 captive age.t13.134 sex 192 0.125827814569536 0 0 0 0 0 
  INPUT ---       0 0 0 0 0 0 0 0;
  INPUT ---        1 captive age.t13.334 sex 185 0.201612903225806 0 0 0 0 0 
  INPUT ---       0 0 0 0 0 0 0 0;
  INPUT ---        1 captive age.t13.534 sex 198 0.244604316546763 0 0 0 0 0 
  INPUT ---       0 0 0 0 0 0 0 0;
  INPUT ---        1 captive age.t13.734 sex 198 0.282828282828283 0 0 0 0 0 
  INPUT ---       0 0 0 0 0 0 0 0;
  INPUT ---        1 captive age.t13.934 sex 195 0.314516129032258 0 0 0 0 0 
  INPUT ---       0 0 0 0 0 0 0 0;
  INPUT ---        1 captive age.t17.101 sex 192 0.137254901960784 0 0 0 0 0 
  INPUT ---       0 0 0 0 0 0 0 0;
  INPUT ---        1 captive age.t17.301 sex 192 0.266129032258065 0 0 0 0 0 
  INPUT ---       0 0 0 0 0 0 0 0;
  INPUT ---        1 captive age.t17.501 sex 198 0.198581560283688 0 0 0 0 0 
  INPUT ---       0 0 0 0 0 0 0 0;
  INPUT ---        1 captive age.t17.701 sex 198 0.293333333333333 0 0 0 0 0 
  INPUT ---       0 0 0 0 0 0 0 0;
  INPUT ---        1 captive age.t17.901 sex 198 0.202453987730061 0 0 0 0 0 
  INPUT ---       0 0 0 0 0 0 0 0;
  INPUT ---        0 0 0 0 0 0 1 0.0440135195492338 0 0 0 0 0 0 0 0 0 0 0;
  INPUT ---        0 0 0 0 0 0 1 0.0138205395794682 0 0 0 0 0 0 0 0 0 0 0;
  INPUT ---        0 0 0 0 0 0 1 0.0150462962962963 0 0 0 0 0 0 0 0 0 0 0;
  INPUT ---        0 0 0 0 0 0 1 0.0435062197227376 0 0 0 0 0 0 0 0 0 0 0;
  INPUT ---        0 0 0 0 0 0 1 0.0413898241676019 0 0 0 0 0 0 0 0 0 0 0;
  INPUT ---        0 0 0 0 0 0 1 0.0334785353535354 0 0 0 0 0 0 0 0 0 0 0;
  INPUT ---        0 0 0 0 0 0 1 0.0145442884245275 0 0 0 0 0 0 0 0 0 0 0;
  INPUT ---        0 0 0 0 0 0 1 0.0193204258107552 0 0 0 0 0 0 0 0 0 0 0;
  INPUT ---        0 0 0 0 0 0 1 0.00382154882154882 0 0 0 0 0 0 0 0 0 0 0;
  INPUT ---        0 0 0 0 0 0 1 0.0399423854156923 0 0 0 0 0 0 0 0 0 0 0;
  INPUT ---        0 0 0 0 0 0 1 0.010060938021866 0 0 0 0 0 0 0 0 0 0 0;
  INPUT ---        0 0 0 0 0 0 1 0.0120376449425667 0 0 0 0 0 0 0 0 0 0 0;
  INPUT ---        0 0 0 0 0 0 1 0.0327860086977532 0 0 0 0 0 0 0 0 0 0 0;
  INPUT ---        0 0 0 0 0 0 1 0.0190954813692234 0 0 0 0 0 0 0 0 0 0 0;
  INPUT ---        0 0 0 0 0 0 1 0.0261489672463083 0 0 0 0 0 0 0 0 0 0 0;
  INPUT ---        0 0 0 0 0 0 1 0.0512150912647815 0 0 0 0 0 0 0 0 0 0 0;
  INPUT ---        0 0 0 0 0 0 1 0.0473122112945163 0 0 0 0 0 0 0 0 0 0 0;
  INPUT ---        0 0 0 0 0 0 1 0.0226518050401979 0 0 0 0 0 0 0 0 0 0 0;
  INPUT ---        0 0 0 0 0 0 1 0.0665651993646785 0 0 0 0 0 0 0 0 0 0 0;
  INPUT ---        0 0 0 0 0 0 1 0.04010330058655 0 0 0 0 0 0 0 0 0 0 0;
  INPUT ---        0 0 0 0 0 0 1 0.0206820945059979 0 0 0 0 0 0 0 0 0 0 0;

  Program  MARK  - Survival Rate Estimation with Capture-Recapture Data
   gfortran(Win64) Vers. 8.1 Mar 2016    5-Aug-2016 15:54:47    Page  007
 - - - - - - - - - - - - - - - - - - - - - - - - - - - - - - - - - - - - - -
 
  INPUT ---        0 0 0 0 0 0 1 0.054918230087819 0 0 0 0 0 0 0 0 0 0 0;
  INPUT ---        0 0 0 0 0 0 1 0.0879277557364401 0 0 0 0 0 0 0 0 0 0 0;
  INPUT ---        0 0 0 0 0 0 1 0.0733113017934447 0 0 0 0 0 0 0 0 0 0 0;
  INPUT ---        0 0 0 0 0 0 1 0.0785302039517285 0 0 0 0 0 0 0 0 0 0 0;
  INPUT ---        0 0 0 0 0 0 1 0.0474808900748976 0 0 0 0 0 0 0 0 0 0 0;
  INPUT ---        0 0 0 0 0 0 1 0.0746150243527953 0 0 0 0 0 0 0 0 0 0 0;
  INPUT ---        0 0 0 0 0 0 1 0.0653219100102685 0 0 0 0 0 0 0 0 0 0 0;
  INPUT ---        0 0 0 0 0 0 1 0.0656604289706052 0 0 0 0 0 0 0 0 0 0 0;
  INPUT ---        0 0 0 0 0 0 1 0.109501305572734 0 0 0 0 0 0 0 0 0 0 0;
  INPUT ---        0 0 0 0 0 0 0 0 1 0 0 0 0 0 0 0 0 0 0;
  INPUT ---        0 0 0 0 0 0 0 0 1 1 0 0 0 0 0 0 0 0 0;
  INPUT ---        0 0 0 0 0 0 0 0 1 0 1 0 0 0 0 0 0 0 0;
  INPUT ---        0 0 0 0 0 0 0 0 1 0 0 1 0 0 0 0 0 0 0;
  INPUT ---        0 0 0 0 0 0 0 0 1 0 0 0 1 0 0 0 0 0 0;
  INPUT ---        0 0 0 0 0 0 0 0 1 0 0 0 0 1 0 0 0 0 0;
  INPUT ---        0 0 0 0 0 0 0 0 0 0 0 0 0 0 1 captive sex 0 0;
  INPUT ---        0 0 0 0 0 0 0 0 0 0 0 0 0 0 0 0 0 1 0;
  INPUT ---        0 0 0 0 0 0 0 0 0 0 0 0 0 0 0 0 0 0 1;
  INPUT ---        0 0 0 0 0 0 0 0 0 0 0 0 0 0 0 0 0 0 0;
  INPUT ---        0 0 0 0 0 0 0 0 0 0 0 0 0 0 0 0 0 0 0;

  INPUT ---    links=71;

  INPUT ---    Log;

  INPUT ---    Log;

  INPUT ---    Log;

  INPUT ---    Log;

  INPUT ---    Log;

  INPUT ---    Log;

  INPUT ---    Log;

  INPUT ---    Log;

  INPUT ---    Log;

  INPUT ---    Log;

  INPUT ---    Log;

  INPUT ---    Log;

  Program  MARK  - Survival Rate Estimation with Capture-Recapture Data
   gfortran(Win64) Vers. 8.1 Mar 2016    5-Aug-2016 15:54:47    Page  008
 - - - - - - - - - - - - - - - - - - - - - - - - - - - - - - - - - - - - - -
 

  INPUT ---    Log;

  INPUT ---    Log;

  INPUT ---    Log;

  INPUT ---    Log;

  INPUT ---    Log;

  INPUT ---    Log;

  INPUT ---    Log;

  INPUT ---    Log;

  INPUT ---    Log;

  INPUT ---    Log;

  INPUT ---    Log;

  INPUT ---    Log;

  INPUT ---    Log;

  INPUT ---    Log;

  INPUT ---    Log;

  INPUT ---    Log;

  INPUT ---    Log;

  INPUT ---    Log;

  INPUT ---    Log;

  INPUT ---    Log;

  INPUT ---    Log;

  INPUT ---    Log;

  INPUT ---    Log;

  Program  MARK  - Survival Rate Estimation with Capture-Recapture Data
   gfortran(Win64) Vers. 8.1 Mar 2016    5-Aug-2016 15:54:47    Page  009
 - - - - - - - - - - - - - - - - - - - - - - - - - - - - - - - - - - - - - -
 

  INPUT ---    Log;

  INPUT ---    Log;

  INPUT ---    Log;

  INPUT ---    Log;

  INPUT ---    Log;

  INPUT ---    Log;

  INPUT ---    Log;

  INPUT ---    Log;

  INPUT ---    Log;

  INPUT ---    Log;

  INPUT ---    Log;

  INPUT ---    Log;

  INPUT ---    Log;

  INPUT ---    Log;

  INPUT ---    Log;

  INPUT ---    Log;

  INPUT ---    Log;

  INPUT ---    Log;

  INPUT ---    Log;

  INPUT ---    Log;

  INPUT ---    Log;

  INPUT ---    Log;

  INPUT ---    Log;

  Program  MARK  - Survival Rate Estimation with Capture-Recapture Data
   gfortran(Win64) Vers. 8.1 Mar 2016    5-Aug-2016 15:54:47    Page  010
 - - - - - - - - - - - - - - - - - - - - - - - - - - - - - - - - - - - - - -
 

  INPUT ---    Log;

  INPUT ---    Log;

  INPUT ---    Log;

  INPUT ---    Log;

  INPUT ---    Log;

  INPUT ---    Log;

  INPUT ---    Log;

  INPUT ---    Log;

  INPUT ---    Logit;

  INPUT ---    Logit;

  INPUT ---    Logit;

  INPUT ---    Logit;

  INPUT ---    Logit;
  INPUT ---       blabel(1)=alpha:(Intercept);
  INPUT ---       blabel(2)=alpha:captive;
  INPUT ---       blabel(3)=alpha:age.t;
  INPUT ---       blabel(4)=alpha:sex;
  INPUT ---       blabel(5)=alpha:effort.trapdays;
  INPUT ---       blabel(6)=alpha:recordloss.agout.total;
  INPUT ---       blabel(7)=sigma:(Intercept);
  INPUT ---       blabel(8)=sigma:recordloss.agout.var;
  INPUT ---       blabel(9)=U:(Intercept);
  INPUT ---       blabel(10)=U:sample_monthB;
  INPUT ---       blabel(11)=U:sample_monthC;
  INPUT ---       blabel(12)=U:sample_monthD;
  INPUT ---       blabel(13)=U:sample_monthE;
  INPUT ---       blabel(14)=U:sample_monthF;
  INPUT ---       blabel(15)=Phi:(Intercept);
  INPUT ---       blabel(16)=Phi:captive;
  INPUT ---       blabel(17)=Phi:sex;
  INPUT ---       blabel(18)=GammaDoublePrime:(Intercept);
  INPUT ---       blabel(19)=GammaPrime:(Intercept);
  INPUT ---       rlabel(1)=alpha g1 a0 t1;

  Program  MARK  - Survival Rate Estimation with Capture-Recapture Data
   gfortran(Win64) Vers. 8.1 Mar 2016    5-Aug-2016 15:54:47    Page  011
 - - - - - - - - - - - - - - - - - - - - - - - - - - - - - - - - - - - - - -
 
  INPUT ---       rlabel(2)=alpha g1 a0.2 t1.2;
  INPUT ---       rlabel(3)=alpha g1 a0.4 t1.4;
  INPUT ---       rlabel(4)=alpha g1 a0.6 t1.6;
  INPUT ---       rlabel(5)=alpha g1 a0.8 t1.8;
  INPUT ---       rlabel(6)=alpha g1 a2.8 t3.8;
  INPUT ---       rlabel(7)=alpha g1 a3 t4;
  INPUT ---       rlabel(8)=alpha g1 a3.2 t4.2;
  INPUT ---       rlabel(9)=alpha g1 a3.4 t4.4;
  INPUT ---       rlabel(10)=alpha g1 a3.6 t4.6;
  INPUT ---       rlabel(11)=alpha g1 a6.1 t7.1;
  INPUT ---       rlabel(12)=alpha g1 a6.3 t7.3;
  INPUT ---       rlabel(13)=alpha g1 a6.5 t7.5;
  INPUT ---       rlabel(14)=alpha g1 a6.7 t7.7;
  INPUT ---       rlabel(15)=alpha g1 a6.9 t7.9;
  INPUT ---       rlabel(16)=alpha g1 a9.567 t10.567;
  INPUT ---       rlabel(17)=alpha g1 a9.767 t10.767;
  INPUT ---       rlabel(18)=alpha g1 a9.967 t10.967;
  INPUT ---       rlabel(19)=alpha g1 a10.167 t11.167;
  INPUT ---       rlabel(20)=alpha g1 a10.367 t11.367;
  INPUT ---       rlabel(21)=alpha g1 a12.134 t13.134;
  INPUT ---       rlabel(22)=alpha g1 a12.334 t13.334;
  INPUT ---       rlabel(23)=alpha g1 a12.534 t13.534;
  INPUT ---       rlabel(24)=alpha g1 a12.734 t13.734;
  INPUT ---       rlabel(25)=alpha g1 a12.934 t13.934;
  INPUT ---       rlabel(26)=alpha g1 a16.101 t17.101;
  INPUT ---       rlabel(27)=alpha g1 a16.301 t17.301;
  INPUT ---       rlabel(28)=alpha g1 a16.501 t17.501;
  INPUT ---       rlabel(29)=alpha g1 a16.701 t17.701;
  INPUT ---       rlabel(30)=alpha g1 a16.901 t17.901;
  INPUT ---       rlabel(31)=sigma g1 a0 t1;
  INPUT ---       rlabel(32)=sigma g1 a0.2 t1.2;
  INPUT ---       rlabel(33)=sigma g1 a0.4 t1.4;
  INPUT ---       rlabel(34)=sigma g1 a0.6 t1.6;
  INPUT ---       rlabel(35)=sigma g1 a0.8 t1.8;
  INPUT ---       rlabel(36)=sigma g1 a2.8 t3.8;
  INPUT ---       rlabel(37)=sigma g1 a3 t4;
  INPUT ---       rlabel(38)=sigma g1 a3.2 t4.2;
  INPUT ---       rlabel(39)=sigma g1 a3.4 t4.4;
  INPUT ---       rlabel(40)=sigma g1 a3.6 t4.6;
  INPUT ---       rlabel(41)=sigma g1 a6.1 t7.1;
  INPUT ---       rlabel(42)=sigma g1 a6.3 t7.3;
  INPUT ---       rlabel(43)=sigma g1 a6.5 t7.5;
  INPUT ---       rlabel(44)=sigma g1 a6.7 t7.7;
  INPUT ---       rlabel(45)=sigma g1 a6.9 t7.9;
  INPUT ---       rlabel(46)=sigma g1 a9.567 t10.567;
  INPUT ---       rlabel(47)=sigma g1 a9.767 t10.767;

  Program  MARK  - Survival Rate Estimation with Capture-Recapture Data
   gfortran(Win64) Vers. 8.1 Mar 2016    5-Aug-2016 15:54:47    Page  012
 - - - - - - - - - - - - - - - - - - - - - - - - - - - - - - - - - - - - - -
 
  INPUT ---       rlabel(48)=sigma g1 a9.967 t10.967;
  INPUT ---       rlabel(49)=sigma g1 a10.167 t11.167;
  INPUT ---       rlabel(50)=sigma g1 a10.367 t11.367;
  INPUT ---       rlabel(51)=sigma g1 a12.134 t13.134;
  INPUT ---       rlabel(52)=sigma g1 a12.334 t13.334;
  INPUT ---       rlabel(53)=sigma g1 a12.534 t13.534;
  INPUT ---       rlabel(54)=sigma g1 a12.734 t13.734;
  INPUT ---       rlabel(55)=sigma g1 a12.934 t13.934;
  INPUT ---       rlabel(56)=sigma g1 a16.101 t17.101;
  INPUT ---       rlabel(57)=sigma g1 a16.301 t17.301;
  INPUT ---       rlabel(58)=sigma g1 a16.501 t17.501;
  INPUT ---       rlabel(59)=sigma g1 a16.701 t17.701;
  INPUT ---       rlabel(60)=sigma g1 a16.901 t17.901;
  INPUT ---       rlabel(61)=U g1 a0 t1;
  INPUT ---       rlabel(62)=U g1 a2.8 t3.8;
  INPUT ---       rlabel(63)=U g1 a6.1 t7.1;
  INPUT ---       rlabel(64)=U g1 a9.567 t10.567;
  INPUT ---       rlabel(65)=U g1 a12.134 t13.134;
  INPUT ---       rlabel(66)=U g1 a16.101 t17.101;
  INPUT ---       rlabel(67)=Phi g1 c1 a0.8 t1.8;
  INPUT ---       rlabel(68)=Gamma'' g1 c1 a0.8 t1.8;
  INPUT ---       rlabel(69)=Gamma' g1 c1 a0.8 t1.8;
  INPUT ---       rlabel(70)=Phi g1 c1 a0 t1;
  INPUT ---       rlabel(71)=Gamma'' g1 c1 a0 t1;

 Link Function Used is PARM-SPECIFIC

 Variance Estimation Procedure Used is 2ndPart 

 M(t+1):
 Group=Group 1                                                                         
       3      3      3      2      3      5      5      5      2      5      5
       4      4      4      4     10      7      7      7      5      5      5
       5      3      4      5      5      5      4      5


 -2logL(saturated) = -0.0000000    
 Effective Sample Size = 169
 Results from first iteration:
  -2logL Initial { alpha(~1 + captive + age.t + sex + effort.trapdays + recordloss.agout.total)sigma(~1 + recordloss.agout.var)U(~sample_month)Phi(~1 + captive + sex)Gamma''(~1)Ga } = 1138.4459     
  Penalty Initial { alpha(~1 + captive + age.t + sex + effort.trapdays + recordloss.agout.total)sigma(~1 + recordloss.agout.var)U(~sample_month)Phi(~1 + captive + sex)Gamma''(~1)Ga } = -0.0000000    

 Number of function evaluations was 32 for 19 parameters.
 Time for numerical optimization was 5.06 seconds.
 -2logL { alpha(~1 + captive + age.t + sex + effort.trapdays + recordloss.agout.total)sigma(~1 + recordloss.agout.var)U(~sample_month)Phi(~1 + captive + sex)Gamma''(~1)Ga } = 1047.2789     
 Penalty { alpha(~1 + captive + age.t + sex + effort.trapdays + recordloss.agout.total)sigma(~1 + recordloss.agout.var)U(~sample_month)Phi(~1 + captive + sex)Gamma''(~1)Ga } = -0.0000000    

  Program  MARK  - Survival Rate Estimation with Capture-Recapture Data
   gfortran(Win64) Vers. 8.1 Mar 2016    5-Aug-2016 15:54:50    Page  013
 - - - - - - - - - - - - - - - - - - - - - - - - - - - - - - - - - - - - - -
 

   * *  WARNING  * *   Numerical underflow occurred during optimization of this model. 
     IEEE flag status at end of optimization:
     overflow       F
     divide by zero F
     invalid        F
     underflow      T
     inexact        T

 Gradient { alpha(~1 + captive + age.t + sex + effort.trapdays + recordloss.agout.total)sigma(~1 + recordloss.agout.var)U(~sample_month)Phi(~1 + captive + sex)Gamma''(~1)Ga }:
  0.1159097E-02 0.4183818E-02-0.1342492E-02-0.2593689E-02 0.6477618E-03
 -0.1763303E-03-0.3446417E-02 0.3041129E-03-0.1810049E-02-0.3345135E-03
 -0.3211653E-03-0.1711982E-02 0.6811020E-03-0.5116293E-03-0.8584789E-03
  0.8255900E-03 0.1274345E-02 0.1729338E-04  0.000000    
 S Vector { alpha(~1 + captive + age.t + sex + effort.trapdays + recordloss.agout.total)sigma(~1 + recordloss.agout.var)U(~sample_month)Phi(~1 + captive + sex)Gamma''(~1)Ga }:
   6629.369      392.6065      305.3973      269.8892      241.0169    
   220.9531      126.5950      55.76287      34.34589      27.46545    
   10.73947      9.841584      4.406899      2.524837     0.9500077    
  0.8623787     0.1951946     0.7699433E-01 0.2702012E-08
 Time to compute number of parameters was 3.55 seconds.
   Threshold =  0.4000000E-06     Condition index =  0.4075820E-12     New Threshold =  0.1177780E-07
 New Guessimate of Estimated Parameters { alpha(~1 + captive + age.t + sex + effort.trapdays + recordloss.agout.total)sigma(~1 + recordloss.agout.var)U(~sample_month)Phi(~1 + captive + sex)Gamma''(~1)Ga } = 18          
 Conditioned S Vector { alpha(~1 + captive + age.t + sex + effort.trapdays + recordloss.agout.total)sigma(~1 + recordloss.agout.var)U(~sample_month)Phi(~1 + captive + sex)Gamma''(~1)Ga }:
   1.000000     0.5922230E-01 0.4606733E-01 0.4071115E-01 0.3635593E-01
  0.3332942E-01 0.1909608E-01 0.8411490E-02 0.5180869E-02 0.4142996E-02
  0.1619983E-02 0.1484543E-02 0.6647539E-03 0.3808563E-03 0.1433029E-03
  0.1300846E-03 0.2944391E-04 0.1161413E-04 0.4075820E-12
 Number of Estimated Parameters { alpha(~1 + captive + age.t + sex + effort.trapdays + recordloss.agout.total)sigma(~1 + recordloss.agout.var)U(~sample_month)Phi(~1 + captive + sex)Gamma''(~1)Ga } = 18          
 DEVIANCE { alpha(~1 + captive + age.t + sex + effort.trapdays + recordloss.agout.total)sigma(~1 + recordloss.agout.var)U(~sample_month)Phi(~1 + captive + sex)Gamma''(~1)Ga } = 1047.2789                     
 DEVIANCE Degrees of Freedom { alpha(~1 + captive + age.t + sex + effort.trapdays + recordloss.agout.total)sigma(~1 + recordloss.agout.var)U(~sample_month)Phi(~1 + captive + sex)Gamma''(~1)Ga } = -4            
 c-hat { alpha(~1 + captive + age.t + sex + effort.trapdays + recordloss.agout.total)sigma(~1 + recordloss.agout.var)U(~sample_month)Phi(~1 + captive + sex)Gamma''(~1)Ga } = 1.0000000                     
 AIC { alpha(~1 + captive + age.t + sex + effort.trapdays + recordloss.agout.total)sigma(~1 + recordloss.agout.var)U(~sample_month)Phi(~1 + captive + sex)Gamma''(~1)Ga } = 1083.2789                  
 AICc { alpha(~1 + captive + age.t + sex + effort.trapdays + recordloss.agout.total)sigma(~1 + recordloss.agout.var)U(~sample_month)Phi(~1 + captive + sex)Gamma''(~1)Ga } = 1087.8389                    
 BIC { alpha(~1 + captive + age.t + sex + effort.trapdays + recordloss.agout.total)sigma(~1 + recordloss.agout.var)U(~sample_month)Phi(~1 + captive + sex)Gamma''(~1)Ga } = 1139.6171                    
 Pearson Chisquare { alpha(~1 + captive + age.t + sex + effort.trapdays + recordloss.agout.total)sigma(~1 + recordloss.agout.var)U(~sample_month)Phi(~1 + captive + sex)Gamma''(~1)Ga } = 0.7650383E+032             

   * *  WARNING  * *   Numerical underflow occurred during variance-covariance calculation of this model. 
     IEEE flag status at end of variance-covariance calculation:
     overflow       F
     divide by zero F
     invalid        F
     underflow      T
     inexact        T



 PARM-SPECIFIC Link Function Parameters of { alpha(~1 + captive + age.t + sex + effort.trapdays + recordloss.agout.total)sigma(~1 + recordloss.agout.var)U(~sample_month)Phi(~1 + captive + sex)Gamma''(~1)Ga }
                                                              95% Confidence Interval
 Parameter                    Beta         Standard Error      Lower           Upper
 -------------------------  --------------  --------------  --------------  --------------
    1:alpha:(Intercept)     0.2946859       0.4147867       -0.5182960      1.1076677     
    2:alpha:captive         0.2499576       0.1107753       0.0328379       0.4670772     
    3:alpha:age.t           0.1855681       0.1609654       -0.1299240      0.5010602     
    4:alpha:sex             0.5165907       0.2067388       0.1113826       0.9217988     
    5:alpha:effort.trapday  0.0036362       0.0018421       0.2565689E-004  0.0072468     
    6:alpha:recordloss.ago  -3.1263223      0.5837795       -4.2705302      -1.9821144    
    7:sigma:(Intercept)     -1.0122049      0.2226853       -1.4486681      -0.5757418    
    8:sigma:recordloss.ago  5.3551276       3.5924598       -1.6860937      12.396349     
    9:U:(Intercept)         2.5298484       0.1391722       2.2570708       2.8026260     
   10:U:sample_monthB       0.3594289       0.1295617       0.1054879       0.6133699     
   11:U:sample_monthC       0.4867256       0.1494895       0.1937263       0.7797250     
   12:U:sample_monthD       0.9125086       0.1476477       0.6231192       1.2018980     
   13:U:sample_monthE       0.3687114       0.1707577       0.0340262       0.7033966     
   14:U:sample_monthF       0.6887616       0.1750724       0.3456197       1.0319034     

  Program  MARK  - Survival Rate Estimation with Capture-Recapture Data
   gfortran(Win64) Vers. 8.1 Mar 2016    5-Aug-2016 15:54:53    Page  014
 - - - - - - - - - - - - - - - - - - - - - - - - - - - - - - - - - - - - - -
 
   15:Phi:(Intercept)       0.0064545       1.5519380       -3.0353440      3.0482530     
   16:Phi:captive           1.6163712       1.2216870       -0.7781353      4.0108777     
   17:Phi:sex               1.7834139       1.5731372       -1.2999351      4.8667628     
   18:GammaDoublePrime:(In  -2.9444056      1.0259743       -4.9553152      -0.9334961    
   19:GammaPrime:(Intercep  17.724958       0.0000000       17.724958       17.724958     


 Real Function Parameters of { alpha(~1 + captive + age.t + sex + effort.trapdays + recordloss.agout.total)sigma(~1 + recordloss.agout.var)U(~sample_month)Phi(~1 + captive + sex)Gamma''(~1)Ga }

  Program  MARK  - Survival Rate Estimation with Capture-Recapture Data
   gfortran(Win64) Vers. 8.1 Mar 2016    5-Aug-2016 15:54:53    Page  015
 - - - - - - - - - - - - - - - - - - - - - - - - - - - - - - - - - - - - - -
 

      Following estimates based on unstandardized individual covariate values:
          Variable   Value         
          ---------  ------------- 
          CAPTIVE    0.2142857     
          AGE.T1     1.0000000     
          AGE.T1.2   1.0000000     
          AGE.T1.4   1.0000000     
          AGE.T1.6   1.0000000     
          AGE.T1.8   1.0000000     
          AGE.T3.8   1.0000000     
          AGE.T4     1.0000000     
          AGE.T4.2   1.0000000     
          AGE.T4.4   1.0000000     
          AGE.T4.6   1.0000000     
          AGE.T7.1   0.8333333     
          AGE.T7.3   0.8333333     
          AGE.T7.5   0.8333333     
          AGE.T7.7   0.8333333     
          AGE.T7.9   0.8333333     
          AGE.T10.56 0.6666667     
          AGE.T10.76 0.6666667     
          AGE.T10.96 0.6666667     
          AGE.T11.16 0.6666667     
          AGE.T11.36 0.6666667     
          AGE.T13.13 1.0000000     
          AGE.T13.33 1.0000000     
          AGE.T13.53 1.0000000     
          AGE.T13.73 1.0000000     
          AGE.T13.93 1.0000000     
          AGE.T17.10 0.9230769     
          AGE.T17.30 0.9230769     
          AGE.T17.50 0.9230769     
          AGE.T17.70 0.9230769     
          AGE.T17.90 0.9230769     
          SEX        0.8461538     
                                                               95% Confidence Interval
  Parameter                  Estimate       Standard Error      Lower           Upper
 --------------------------  --------------  --------------  --------------  --------------
     1:alpha g1 a0 t1        2.0925149       0.3006872       1.5811607       2.7692431                           
     2:alpha g1 a0.2 t1.2    2.5115573       0.3351232       1.9358150       3.2585346                           
     3:alpha g1 a0.4 t1.4    3.1122752       0.3371781       2.5184168       3.8461692                           
     4:alpha g1 a0.6 t1.6    2.4259505       0.2549171       1.9755229       2.9790774                           
     5:alpha g1 a0.8 t1.8    2.3632224       0.2650302       1.8981940       2.9421756                           
     6:alpha g1 a2.8 t3.8    3.4442471       0.3431228       2.8346771       4.1848991                           
     7:alpha g1 a3 t4        3.2748538       0.3171368       2.7098942       3.9575964                           
     8:alpha g1 a3.2 t4.2    2.4521236       0.2411310       2.0231995       2.9719809                           
     9:alpha g1 a3.4 t4.4    3.2447501       0.3559130       2.6187330       4.0204188                           
    10:alpha g1 a3.6 t4.6    3.1566287       0.3009792       2.6196602       3.8036631                           

  Program  MARK  - Survival Rate Estimation with Capture-Recapture Data
   gfortran(Win64) Vers. 8.1 Mar 2016    5-Aug-2016 15:54:53    Page  016
 - - - - - - - - - - - - - - - - - - - - - - - - - - - - - - - - - - - - - -
 
    11:alpha g1 a6.1 t7.1    3.3046526       0.2917801       2.7804465       3.9276889                           
    12:alpha g1 a6.3 t7.3    3.0907425       0.2371042       2.6598556       3.5914316                           
    13:alpha g1 a6.5 t7.5    2.5251497       0.2092017       2.1472702       2.9695291                           
    14:alpha g1 a6.7 t7.7    3.6724188       0.3376703       3.0679583       4.3959723                           
    15:alpha g1 a6.9 t7.9    3.1841340       0.2547531       2.7226799       3.7237977                           
    16:alpha g1 a9.567 t10.  2.6891084       0.2173914       2.2956556       3.1499952                           
    17:alpha g1 a9.767 t10.  2.8574346       0.2359708       2.4310900       3.3585481                           
    18:alpha g1 a9.967 t10.  2.6774538       0.2165116       2.2856022       3.1364858                           
    19:alpha g1 a10.167 t11  2.2436770       0.2002826       1.8841995       2.6717377                           
    20:alpha g1 a10.367 t11  2.1304139       0.2020663       1.7697345       2.5646012                           
    21:alpha g1 a12.134 t13  3.5812296       0.3688769       2.9280978       4.3800467                           
    22:alpha g1 a12.334 t13  2.7547428       0.2442667       2.3160623       3.2765129                           
    23:alpha g1 a12.534 t13  2.5248707       0.2645865       2.0572248       3.0988213                           
    24:alpha g1 a12.734 t13  2.2404784       0.2517082       1.7989117       2.7904334                           
    25:alpha g1 a12.934 t13  2.0071471       0.2402465       1.5887459       2.5357356                           
    26:alpha g1 a16.101 t17  3.4065736       0.3335852       2.8129499       4.1254711                           
    27:alpha g1 a16.301 t17  2.2768773       0.2308003       1.8675606       2.7759047                           
    28:alpha g1 a16.501 t17  2.8742660       0.2839093       2.3694683       3.4866072                           
    29:alpha g1 a16.701 t17  2.1373629       0.2406947       1.7152287       2.6633884                           
    30:alpha g1 a16.901 t17  2.8396787       0.2804872       2.3409645       3.4446378                           
    31:sigma g1 a0 t1        0.4600101       0.0636692       0.3511642       0.6025935                           
    32:sigma g1 a0.2 t1.2    0.3913339       0.0728423       0.2725526       0.5618813                           
    33:sigma g1 a0.4 t1.4    0.3939111       0.0721626       0.2758954       0.5624086                           
    34:sigma g1 a0.6 t1.6    0.4587621       0.0636057       0.3500505       0.6012350                           
    35:sigma g1 a0.8 t1.8    0.4535920       0.0634534       0.3452744       0.5958905                           
    36:sigma g1 a2.8 t3.8    0.4347765       0.0643251       0.3258440       0.5801262                           
    37:sigma g1 a3 t4        0.3928535       0.0724397       0.2745250       0.5621853                           
    38:sigma g1 a3.2 t4.2    0.4030311       0.0698920       0.2876179       0.5647563                           
    39:sigma g1 a3.4 t4.4    0.3709307       0.0786549       0.2459095       0.5595131                           
    40:sigma g1 a3.6 t4.6    0.4500897       0.0634501       0.3418937       0.5925256                           
    41:sigma g1 a6.1 t7.1    0.3835339       0.0749844       0.2623863       0.5606171                           
    42:sigma g1 a6.3 t7.3    0.3876153       0.0738487       0.2677134       0.5612183                           
    43:sigma g1 a6.5 t7.5    0.4331671       0.0644956       0.3240480       0.5790308                           
    44:sigma g1 a6.7 t7.7    0.4025459       0.0700070       0.2869995       0.5646114                           
    45:sigma g1 a6.9 t7.9    0.4180418       0.0667297       0.3063362       0.5704809                           
    46:sigma g1 a9.567 t10.  0.4780970       0.0657928       0.3655322       0.6253259                           
    47:sigma g1 a9.767 t10.  0.4682083       0.0643514       0.3580908       0.6121884                           
    48:sigma g1 a9.967 t10.  0.4102857       0.0682629       0.2967751       0.5672118                           
    49:sigma g1 a10.167 t11  0.5190579       0.0786125       0.3863913       0.6972753                           
    50:sigma g1 a10.367 t11  0.4504777       0.0634465       0.3422739       0.5928883                           
    51:sigma g1 a12.134 t13  0.4059807       0.0692088       0.2913625       0.5656882                           
    52:sigma g1 a12.334 t13  0.4876727       0.0678303       0.3717915       0.6396721                           
    53:sigma g1 a12.534 t13  0.5819676       0.1143777       0.3973621       0.8523366                           
    54:sigma g1 a12.734 t13  0.5381524       0.0878022       0.3916842       0.7393915                           
    55:sigma g1 a12.934 t13  0.5534047       0.0962888       0.3944932       0.7763297                           
    56:sigma g1 a16.101 t17  0.4686314       0.0643992       0.3584297       0.6127154                           

  Program  MARK  - Survival Rate Estimation with Capture-Recapture Data
   gfortran(Win64) Vers. 8.1 Mar 2016    5-Aug-2016 15:54:53    Page  017
 - - - - - - - - - - - - - - - - - - - - - - - - - - - - - - - - - - - - - -
 
    57:sigma g1 a16.301 t17  0.5419227       0.0898130       0.3924817       0.7482646                           
    58:sigma g1 a16.501 t17  0.5156135       0.0771483       0.3851819       0.6902123                           
    59:sigma g1 a16.701 t17  0.5165491       0.0775397       0.3855189       0.6921138                           
    60:sigma g1 a16.901 t17  0.6532395       0.1683591       0.3973802       1.0738376                           
    61:U g1 a0 t1            12.551603       1.7468345       9.5675581       16.466348                           
    62:U g1 a2.8 t3.8        17.980310       1.9709398       14.513367       22.275436                           
    63:U g1 a6.1 t7.1        20.421209       1.6942881       17.361192       24.020574                           
    64:U g1 a9.567 t10.567   31.260554       2.3507945       26.982074       36.217461                           
    65:U g1 a12.134 t13.134  18.147990       1.6901205       15.126061       21.773649                           
    66:U g1 a16.101 t17.101  24.993354       2.3958385       20.721167       30.146360                           
    67:Phi g1 c1 a0.8 t1.8   0.8655139       0.0494357       0.7368067       0.9366887                           
    68:Gamma'' g1 c1 a0.8 t  0.0500016       0.0487352       0.0069966       0.2822160                           
    69:Gamma' g1 c1 a0.8 t1  1.0000000       0.0000000       1.0000000       1.0000000                           
    70:Phi g1 c1 a0 t1       1.0000000       0.0000000       1.0000000       1.0000000       Fixed               
    71:Gamma'' g1 c1 a0 t1   0.0000000       0.0000000       0.0000000       0.0000000       Fixed               

  Program  MARK  - Survival Rate Estimation with Capture-Recapture Data
   gfortran(Win64) Vers. 8.1 Mar 2016    5-Aug-2016 15:54:53    Page  018
 - - - - - - - - - - - - - - - - - - - - - - - - - - - - - - - - - - - - - -
 


                      Estimates of Derived Parameters
 Population Estimates of { alpha(~1 + captive + age.t + sex + effort.trapdays + recordloss.agout.total)sigma(~1 + recordloss.agout.var)U(~sample_month)Phi(~1 + captive + sex)Gamma''(~1)Ga }
                                                95% Confidence Interval
 Grp. Occ.   N-hat           Standard Error      Lower           Upper
 ---- ----   --------------  --------------  --------------  --------------
   1     1   15.551603       1.7468354       12.487102       19.368174     
   1     2   15.551603       1.7468354       12.487102       19.368174     
   1     3   15.551603       1.7468354       12.487102       19.368174     
   1     4   14.709597       1.7785994       11.615817       18.627380     
   1     5   15.551603       1.7468354       12.487102       19.368174     
   1     6   22.980310       1.9709405       19.430488       27.178662     
   1     7   22.980310       1.9709405       19.430488       27.178662     
   1     8   22.980310       1.9709405       19.430488       27.178662     
   1     9   20.092655       1.9967309       16.544528       24.401712     
   1    10   22.980310       1.9709405       19.430488       27.178662     
   1    11   25.656686       1.7281946       22.486857       29.273345     
   1    12   24.642844       1.7277483       21.482450       28.268180     
   1    13   24.801512       1.7407705       21.617539       28.454442     
   1    14   24.587089       1.7240961       21.433408       28.204798     
   1    15   24.667671       1.7308741       21.501735       28.299763     
   1    16   39.102393       2.4647046       34.562292       44.238881     
   1    17   38.906047       2.4309772       34.425644       43.969562     
   1    18   39.052321       2.4638921       34.513986       44.187414     
   1    19   39.459169       2.4888421       34.874795       44.646169     
   1    20   37.247013       2.4837160       32.688372       42.441392     
   1    21   22.356438       1.7247610       19.223393       26.000108     
   1    22   23.674140       1.7552099       20.476283       27.371419     
   1    23   23.766812       1.7733246       20.537462       27.503951     
   1    24   21.573670       1.7451113       18.415378       25.273619     
   1    25   22.967736       1.7887341       19.720837       26.749215     
   1    26   30.288351       2.4443605       25.863740       35.469899     
   1    27   30.749801       2.4916798       26.240999       36.033319     
   1    28   30.457888       2.4668422       25.993858       35.688543     
   1    29   29.708952       2.4920515       25.212186       35.007747     
   1    30   30.564213       2.4728503       26.088933       35.807179     
 Mean Resighting Rate Estimates of { alpha(~1 + captive + age.t + sex + effort.trapdays + recordloss.agout.total)sigma(~1 + recordloss.agout.var)U(~sample_month)Phi(~1 + captive + sex)Gamma''(~1)Ga }
                                                95% Confidence Interval
 Grp. Occ.   Lambda-hat      Standard Error      Lower           Upper
 ---- ----   --------------  --------------  --------------  --------------
   1     1   2.3260493       0.3230228       1.7740786       3.0497552     
   1     2   2.7114244       0.3452505       2.1146866       3.4765541     
   1     3   3.3633483       0.3394045       2.7611547       4.0968774     
   1     4   2.6951523       0.2642457       2.2249763       3.2646846     
   1     5   2.6192787       0.2765170       2.1309225       3.2195543     
   1     6   3.7856615       0.3512606       3.1573956       4.5389413     
   1     7   3.5375705       0.3146358       2.9726646       4.2098275     
   1     8   2.6595886       0.2430271       2.2243025       3.1800583     
   1     9   3.4758294       0.3545470       2.8474484       4.2428829     

  Program  MARK  - Survival Rate Estimation with Capture-Recapture Data
   gfortran(Win64) Vers. 8.1 Mar 2016    5-Aug-2016 15:54:53    Page  019
 - - - - - - - - - - - - - - - - - - - - - - - - - - - - - - - - - - - - - -
 
   1    10   3.4931188       0.3094242       2.9373717       4.1540125     
   1    11   3.9347482       0.2838688       3.4165387       4.5315580     
   1    12   3.5655681       0.2294878       3.1433962       4.0444394     
   1    13   3.2210014       0.2074144       2.8394485       3.6538258     
   1    14   4.6994130       0.3417752       4.0758537       5.4183698     
   1    15   4.4112162       0.2552671       3.9385966       4.9405488     
   1    16   3.5303333       0.2099908       3.1421610       3.9664592     
   1    17   4.1026480       0.2349944       3.6673095       4.5896647     
   1    18   3.6912782       0.2158675       3.2918475       4.1391755     
   1    19   3.1822925       0.2010796       2.8119511       3.6014088     
   1    20   2.8716170       0.2091651       2.4900433       3.3116630     
   1    21   5.3181913       0.3990487       4.5917981       6.1594953     
   1    22   3.4648814       0.2371647       3.0303458       3.9617270     
   1    23   3.3423271       0.2670313       2.8585784       3.9079392     
   1    24   3.1620709       0.2546028       2.7011221       3.7016810     
   1    25   4.0025783       0.2874799       3.4776102       4.6067937     
   1    26   4.1782722       0.3390713       3.5647810       4.8973438     
   1    27   2.6370081       0.2129426       2.2515728       3.0884242     
   1    28   3.8289769       0.2833318       3.3126948       4.4257214     
   1    29   3.0801478       0.2486731       2.6300309       3.6073000     
   1    30   4.0504409       0.3863347       3.3612142       4.8809955     
 Pr(Captured 1 or more times) of { alpha(~1 + captive + age.t + sex + effort.trapdays + recordloss.agout.total)sigma(~1 + recordloss.agout.var)U(~sample_month)Phi(~1 + captive + sex)Gamma''(~1)Ga }
                                                95% Confidence Interval
 Grp. Occ.      p*-hat       Standard Error      Lower           Upper
 ---- ----   --------------  --------------  --------------  --------------
   1     1   0.2955349       0.0103670       0.2756287       0.3162511     
   1     2   0.3088956       0.0080277       0.2933867       0.3248473     
   1     3   0.3185705       0.0051161       0.3086280       0.3286810     
   1     4   0.4633934       0.0107977       0.4423083       0.4846103     
   1     5   0.3034501       0.0075430       0.2888722       0.3184343     
   1     6   0.1914497       0.0026768       0.1862581       0.1967512     
   1     7   0.1910423       0.0028520       0.1855147       0.1966948     
   1     8   0.1823801       0.0041508       0.1743851       0.1906570     
   1     9   0.4734076       0.0092614       0.4552984       0.4915870     
   1    10   0.1891547       0.0029732       0.1833959       0.1950512     
   1    11   0.1936991       0.0020987       0.1896188       0.1978457     
   1    12   0.2394600       0.0030804       0.2334746       0.2455496     
   1    13   0.2356078       0.0035626       0.2286969       0.2426619     
   1    14   0.2449075       0.0018493       0.2413010       0.2485501     
   1    15   0.2438804       0.0018543       0.2402643       0.2475331     
   1    16   0.1327804       0.0023324       0.1282753       0.1374189     
   1    17   0.1375133       0.0013968       0.1347984       0.1402741     
   1    18   0.1355577       0.0018335       0.1320041       0.1391916     
   1    19   0.1304149       0.0026195       0.1253660       0.1356355     
   1    20   0.1787144       0.0046740       0.1697362       0.1880599     
   1    21   0.2467426       0.0012354       0.2443292       0.2491721     
   1    22   0.1861677       0.0032736       0.1798365       0.1926695     
   1    23   0.1837336       0.0047512       0.1746034       0.1932295     
   1    24   0.3082808       0.0069993       0.2947339       0.3221659     
   1    25   0.2391233       0.0036201       0.2321003       0.2462906     

  Program  MARK  - Survival Rate Estimation with Capture-Recapture Data
   gfortran(Win64) Vers. 8.1 Mar 2016    5-Aug-2016 15:54:53    Page  020
 - - - - - - - - - - - - - - - - - - - - - - - - - - - - - - - - - - - - - -
 
   1    26   0.1920861       0.0024419       0.1873453       0.1969178     
   1    27   0.1737183       0.0057352       0.1627628       0.1852480     
   1    28   0.1894992       0.0030150       0.1836603       0.1954793     
   1    29   0.2281008       0.0055712       0.2173657       0.2392040     
   1    30   0.1868395       0.0046174       0.1779578       0.1960589     

 Attempted ordering of parameters by estimatibility:
   1  9 12 11 14 13  2  7 10  3  4 15  5  6 18 16 17  8 19
 Beta number 19 is a singular value.

     CPU Time in seconds for last procedure was 8.88


  INPUT --- proc stop;

   * *  WARNING  * *   Numerical underflow occurred during final processing of this model. 
     IEEE flag status at final processing of this model:
     overflow       F
     divide by zero F
     invalid        F
     underflow      T
     inexact        T


     CPU Time in minutes for this job was 0.15

     Time Start = 15:54:47.263   Time End = 15:54:53.752

     Wall Clock Time in minutes for this job was 0.11


          E X E C U T I O N   S U C C E S S F U L 
