
   Program  MARK  - Survival Rate Estimation with Capture-Recapture Data
   gfortran(Win64) Vers. 8.1 Mar 2016    5-Aug-2016 15:50:39    Page  001
 - - - - - - - - - - - - - - - - - - - - - - - - - - - - - - - - - - - - - -
 
   This version was compiled by GCC version 5.3.0 using the options: 
     -cpp -iprefix c:\tdm-gcc-64\gcc\bin\../lib/gcc/x86_64-w64-mingw32/5.3.0/ -D_MT
     -U_REENTRANT -D IEEE -m64 -mtune=generic -march=x86-64 -mthreads -O2
     -fimplicit-none -fbounds-check -funroll-loops -ftree-vectorize
     -ffpe-summary=invalid,zero,overflow,underflow -fno-unsafe-math-optimizations
     -frounding-math -fsignaling-nans -fopenmp.

   This problem will use 3 of 4 possible threads.


  INPUT --- proc title ;

     CPU Time in seconds for last procedure was 0.00


  INPUT --- proc chmatrix occasions= 30 groups= 1 etype= PoissonMR 
  INPUT --- icovar = 32 ICMeans NoHist  hist= 14 ;

  INPUT ---    time interval 0.2 0.2 0.2 0.2 2 0.2 0.2 0.2 0.2 2.5 0.2 0.2 
  INPUT ---    0.2 0.2 2.667 0.2 0.2 0.2  0.2 1.767 0.2 0.2 0.2 0.2 3.167 
  INPUT ---    0.2 0.2 0.2 0.2 ;

  INPUT ---     icovariates captive age.t1 age.t1.2 age.t1.4  age.t1.6 
  INPUT ---    age.t1.8 age.t3.8 age.t4 age.t4.2 age.t4.4 age.t4.6 
  INPUT ---    age.t7.1 age.t7.3 age.t7.5 age.t7.7  age.t7.9 age.t10.567 
  INPUT ---    age.t10.767 age.t10.967 age.t11.167 age.t11.367 age.t13.134 
  INPUT ---    age.t13.334  age.t13.534 age.t13.734 age.t13.934 
  INPUT ---    age.t17.101 age.t17.301 age.t17.501 age.t17.701 age.t17.901 
  INPUT ---     sex ;

  INPUT ---    glabel(1)=Group 1;

      Number of unique encounter histories read was 14.

      Number of individual covariates read was 32.
      Time interval lengths vary and/or not equal to 1.

      Data type number is 115
      Data type is Poisson Mark Resight with Robust Design                                                             

     CPU Time in seconds for last procedure was 0.02

  Program  MARK  - Survival Rate Estimation with Capture-Recapture Data
   gfortran(Win64) Vers. 8.1 Mar 2016    5-Aug-2016 15:50:39    Page  002
 - - - - - - - - - - - - - - - - - - - - - - - - - - - - - - - - - - - - - -
 


  INPUT --- proc estimate link=Parm-Specific NOLOOP varest=2ndPart    ;


  INPUT --- model={ alpha(~1 + captive + age.t + sex + effort.trapdays 
  INPUT --- + recordloss.agout.total)sigma(~1)U(~sample_month)Phi(~1 + 
  INPUT --- captive + sample_month + sex)Gamma''(~1)Gamma'(~1) };

  INPUT ---    fixed=2;
  INPUT ---        parm(45)=1 ;
  INPUT ---        parm(46)=0 ;

  INPUT ---    group=1 alpha    rows=1 cols=30 Square ;
  INPUT ---        1 2 3 4 5 6 7 8 9 10 11 12 13 14 15 16 17 18 19 20 21 22 
  INPUT ---       23 24 25 26 27 28 29 30 ;

  INPUT ---    group=1 sigma    rows=1 cols=30 Square ;
  INPUT ---        31 31 31 31 31 31 31 31 31 31 31 31 31 31 31 31 31 31 31 
  INPUT ---       31 31 31 31 31 31 31 31 31 31 31 ;

  INPUT ---    group=1 U    rows=1 cols=30 Square ;
  INPUT ---        32 32 32 32 32 33 33 33 33 33 34 34 34 34 34 35 35 35 35 
  INPUT ---       35 36 36 36 36 36 37 37 37 37 37 ;

  INPUT ---    group=1 Phi    rows=29 cols=29 Triang ;
  INPUT ---        45 45 45 45 38 45 45 45 45 39 45 45 45 45 40 45 45 45 45 
  INPUT ---       41 45 45 45 45 42 45 45 45 45 ;
  INPUT ---        45 45 45 45 45 45 45 45 45 45 45 45 45 45 45 45 45 45 45 
  INPUT ---       45 45 45 45 45 45 45 45 45 ;
  INPUT ---        45 45 45 45 45 45 45 45 45 45 45 45 45 45 45 45 45 45 45 
  INPUT ---       45 45 45 45 45 45 45 45 ;
  INPUT ---        45 45 45 45 45 45 45 45 45 45 45 45 45 45 45 45 45 45 45 
  INPUT ---       45 45 45 45 45 45 45 ;
  INPUT ---        45 45 45 45 45 45 45 45 45 45 45 45 45 45 45 45 45 45 45 
  INPUT ---       45 45 45 45 45 45 ;
  INPUT ---        45 45 45 45 39 45 45 45 45 40 45 45 45 45 41 45 45 45 45 
  INPUT ---       42 45 45 45 45 ;
  INPUT ---        45 45 45 45 45 45 45 45 45 45 45 45 45 45 45 45 45 45 45 
  INPUT ---       45 45 45 45 ;
  INPUT ---        45 45 45 45 45 45 45 45 45 45 45 45 45 45 45 45 45 45 45 
  INPUT ---       45 45 45 ;
  INPUT ---        45 45 45 45 45 45 45 45 45 45 45 45 45 45 45 45 45 45 45 
  INPUT ---       45 45 ;
  INPUT ---        45 45 45 45 45 45 45 45 45 45 45 45 45 45 45 45 45 45 45 
  INPUT ---       45 ;

  Program  MARK  - Survival Rate Estimation with Capture-Recapture Data
   gfortran(Win64) Vers. 8.1 Mar 2016    5-Aug-2016 15:50:39    Page  003
 - - - - - - - - - - - - - - - - - - - - - - - - - - - - - - - - - - - - - -
 
  INPUT ---        45 45 45 45 40 45 45 45 45 41 45 45 45 45 42 45 45 45 45 ;
  INPUT ---        45 45 45 45 45 45 45 45 45 45 45 45 45 45 45 45 45 45 ;
  INPUT ---        45 45 45 45 45 45 45 45 45 45 45 45 45 45 45 45 45 ;
  INPUT ---        45 45 45 45 45 45 45 45 45 45 45 45 45 45 45 45 ;
  INPUT ---        45 45 45 45 45 45 45 45 45 45 45 45 45 45 45 ;
  INPUT ---        45 45 45 45 41 45 45 45 45 42 45 45 45 45 ;
  INPUT ---        45 45 45 45 45 45 45 45 45 45 45 45 45 ;
  INPUT ---        45 45 45 45 45 45 45 45 45 45 45 45 ;
  INPUT ---        45 45 45 45 45 45 45 45 45 45 45 ;
  INPUT ---        45 45 45 45 45 45 45 45 45 45 ;
  INPUT ---        45 45 45 45 42 45 45 45 45 ;
  INPUT ---        45 45 45 45 45 45 45 45 ;
  INPUT ---        45 45 45 45 45 45 45 ;
  INPUT ---        45 45 45 45 45 45 ;
  INPUT ---        45 45 45 45 45 ;
  INPUT ---        45 45 45 45 ;
  INPUT ---        45 45 45 ;
  INPUT ---        45 45 ;
  INPUT ---        45 ;

  INPUT ---    group=1 Gamma''    rows=29 cols=29 Triang ;
  INPUT ---        46 46 46 46 43 46 46 46 46 43 46 46 46 46 43 46 46 46 46 
  INPUT ---       43 46 46 46 46 43 46 46 46 46 ;
  INPUT ---        46 46 46 46 46 46 46 46 46 46 46 46 46 46 46 46 46 46 46 
  INPUT ---       46 46 46 46 46 46 46 46 46 ;
  INPUT ---        46 46 46 46 46 46 46 46 46 46 46 46 46 46 46 46 46 46 46 
  INPUT ---       46 46 46 46 46 46 46 46 ;
  INPUT ---        46 46 46 46 46 46 46 46 46 46 46 46 46 46 46 46 46 46 46 
  INPUT ---       46 46 46 46 46 46 46 ;
  INPUT ---        46 46 46 46 46 46 46 46 46 46 46 46 46 46 46 46 46 46 46 
  INPUT ---       46 46 46 46 46 46 ;
  INPUT ---        46 46 46 46 43 46 46 46 46 43 46 46 46 46 43 46 46 46 46 
  INPUT ---       43 46 46 46 46 ;
  INPUT ---        46 46 46 46 46 46 46 46 46 46 46 46 46 46 46 46 46 46 46 
  INPUT ---       46 46 46 46 ;
  INPUT ---        46 46 46 46 46 46 46 46 46 46 46 46 46 46 46 46 46 46 46 
  INPUT ---       46 46 46 ;
  INPUT ---        46 46 46 46 46 46 46 46 46 46 46 46 46 46 46 46 46 46 46 
  INPUT ---       46 46 ;
  INPUT ---        46 46 46 46 46 46 46 46 46 46 46 46 46 46 46 46 46 46 46 
  INPUT ---       46 ;
  INPUT ---        46 46 46 46 43 46 46 46 46 43 46 46 46 46 43 46 46 46 46 ;
  INPUT ---        46 46 46 46 46 46 46 46 46 46 46 46 46 46 46 46 46 46 ;
  INPUT ---        46 46 46 46 46 46 46 46 46 46 46 46 46 46 46 46 46 ;
  INPUT ---        46 46 46 46 46 46 46 46 46 46 46 46 46 46 46 46 ;
  INPUT ---        46 46 46 46 46 46 46 46 46 46 46 46 46 46 46 ;

  Program  MARK  - Survival Rate Estimation with Capture-Recapture Data
   gfortran(Win64) Vers. 8.1 Mar 2016    5-Aug-2016 15:50:39    Page  004
 - - - - - - - - - - - - - - - - - - - - - - - - - - - - - - - - - - - - - -
 
  INPUT ---        46 46 46 46 43 46 46 46 46 43 46 46 46 46 ;
  INPUT ---        46 46 46 46 46 46 46 46 46 46 46 46 46 ;
  INPUT ---        46 46 46 46 46 46 46 46 46 46 46 46 ;
  INPUT ---        46 46 46 46 46 46 46 46 46 46 46 ;
  INPUT ---        46 46 46 46 46 46 46 46 46 46 ;
  INPUT ---        46 46 46 46 43 46 46 46 46 ;
  INPUT ---        46 46 46 46 46 46 46 46 ;
  INPUT ---        46 46 46 46 46 46 46 ;
  INPUT ---        46 46 46 46 46 46 ;
  INPUT ---        46 46 46 46 46 ;
  INPUT ---        46 46 46 46 ;
  INPUT ---        46 46 46 ;
  INPUT ---        46 46 ;
  INPUT ---        46 ;

  INPUT ---    group=1 Gamma'    rows=28 cols=28 Triang ;
  INPUT ---        46 46 46 44 46 46 46 46 44 46 46 46 46 44 46 46 46 46 44 
  INPUT ---       46 46 46 46 44 46 46 46 46 ;
  INPUT ---        46 46 46 46 46 46 46 46 46 46 46 46 46 46 46 46 46 46 46 
  INPUT ---       46 46 46 46 46 46 46 46 ;
  INPUT ---        46 46 46 46 46 46 46 46 46 46 46 46 46 46 46 46 46 46 46 
  INPUT ---       46 46 46 46 46 46 46 ;
  INPUT ---        46 46 46 46 46 46 46 46 46 46 46 46 46 46 46 46 46 46 46 
  INPUT ---       46 46 46 46 46 46 ;
  INPUT ---        46 46 46 46 46 46 46 46 46 46 46 46 46 46 46 46 46 46 46 
  INPUT ---       46 46 46 46 46 ;
  INPUT ---        46 46 46 44 46 46 46 46 44 46 46 46 46 44 46 46 46 46 44 
  INPUT ---       46 46 46 46 ;
  INPUT ---        46 46 46 46 46 46 46 46 46 46 46 46 46 46 46 46 46 46 46 
  INPUT ---       46 46 46 ;
  INPUT ---        46 46 46 46 46 46 46 46 46 46 46 46 46 46 46 46 46 46 46 
  INPUT ---       46 46 ;
  INPUT ---        46 46 46 46 46 46 46 46 46 46 46 46 46 46 46 46 46 46 46 
  INPUT ---       46 ;
  INPUT ---        46 46 46 46 46 46 46 46 46 46 46 46 46 46 46 46 46 46 46 ;
  INPUT ---        46 46 46 44 46 46 46 46 44 46 46 46 46 44 46 46 46 46 ;
  INPUT ---        46 46 46 46 46 46 46 46 46 46 46 46 46 46 46 46 46 ;
  INPUT ---        46 46 46 46 46 46 46 46 46 46 46 46 46 46 46 46 ;
  INPUT ---        46 46 46 46 46 46 46 46 46 46 46 46 46 46 46 ;
  INPUT ---        46 46 46 46 46 46 46 46 46 46 46 46 46 46 ;
  INPUT ---        46 46 46 44 46 46 46 46 44 46 46 46 46 ;
  INPUT ---        46 46 46 46 46 46 46 46 46 46 46 46 ;
  INPUT ---        46 46 46 46 46 46 46 46 46 46 46 ;
  INPUT ---        46 46 46 46 46 46 46 46 46 46 ;
  INPUT ---        46 46 46 46 46 46 46 46 46 ;
  INPUT ---        46 46 46 44 46 46 46 46 ;

  Program  MARK  - Survival Rate Estimation with Capture-Recapture Data
   gfortran(Win64) Vers. 8.1 Mar 2016    5-Aug-2016 15:50:39    Page  005
 - - - - - - - - - - - - - - - - - - - - - - - - - - - - - - - - - - - - - -
 
  INPUT ---        46 46 46 46 46 46 46 ;
  INPUT ---        46 46 46 46 46 46 ;
  INPUT ---        46 46 46 46 46 ;
  INPUT ---        46 46 46 46 ;
  INPUT ---        46 46 46 ;
  INPUT ---        46 46 ;
  INPUT ---        46 ;

  INPUT ---    initial  0.8492118 0 0 0 0 0 -0.3123225 3.139572 0 0 0 0 0 
  INPUT ---    2.0066797 0 0 0 0 0 0 -2.9445172 17.724958  ;

  INPUT ---    design matrix constraints=46 covariates=22;
  INPUT ---        1 captive age.t1 sex 96 0.186046511627907 0 0 0 0 0 0 0 0 
  INPUT ---       0 0 0 0 0 0 0 0;
  INPUT ---        1 captive age.t1.2 sex 96 0.127659574468085 0 0 0 0 0 0 0 
  INPUT ---       0 0 0 0 0 0 0 0 0;
  INPUT ---        1 captive age.t1.4 sex 114 0.08 0 0 0 0 0 0 0 0 0 0 0 0 0 
  INPUT ---       0 0 0;
  INPUT ---        1 captive age.t1.6 sex 120 0.166666666666667 0 0 0 0 0 0 0 
  INPUT ---       0 0 0 0 0 0 0 0 0;
  INPUT ---        1 captive age.t1.8 sex 115 0.169230769230769 0 0 0 0 0 0 0 
  INPUT ---       0 0 0 0 0 0 0 0 0;
  INPUT ---        1 captive age.t3.8 sex 126 0.0615384615384615 0 0 0 0 0 0 
  INPUT ---       0 0 0 0 0 0 0 0 0 0;
  INPUT ---        1 captive age.t4 sex 126 0.0776699029126214 0 0 0 0 0 0 0 
  INPUT ---       0 0 0 0 0 0 0 0 0;
  INPUT ---        1 captive age.t4.2 sex 126 0.170212765957447 0 0 0 0 0 0 0 
  INPUT ---       0 0 0 0 0 0 0 0 0;
  INPUT ---        1 captive age.t4.4 sex 114 0.0666666666666667 0 0 0 0 0 0 
  INPUT ---       0 0 0 0 0 0 0 0 0 0;
  INPUT ---        1 captive age.t4.6 sex 126 0.0894308943089431 0 0 0 0 0 0 
  INPUT ---       0 0 0 0 0 0 0 0 0 0;
  INPUT ---        1 captive age.t7.1 sex 139 0.08 0 0 0 0 0 0 0 0 0 0 0 0 0 
  INPUT ---       0 0 0;
  INPUT ---        1 captive age.t7.3 sex 168 0.135135135135135 0 0 0 0 0 0 0 
  INPUT ---       0 0 0 0 0 0 0 0 0;
  INPUT ---        1 captive age.t7.5 sex 180 0.213740458015267 0 0 0 0 0 0 0 
  INPUT ---       0 0 0 0 0 0 0 0 0;
  INPUT ---        1 captive age.t7.7 sex 174 0.0869565217391304 0 0 0 0 0 0 
  INPUT ---       0 0 0 0 0 0 0 0 0 0;
  INPUT ---        1 captive age.t7.9 sex 173 0.131428571428571 0 0 0 0 0 0 0 
  INPUT ---       0 0 0 0 0 0 0 0 0;
  INPUT ---        1 captive age.t10.567 sex 166 0.167441860465116 0 0 0 0 0 
  INPUT ---       0 0 0 0 0 0 0 0 0 0 0;
  INPUT ---        1 captive age.t10.767 sex 172 0.155 0 0 0 0 0 0 0 0 0 0 0 
  INPUT ---       0 0 0 0 0;

  Program  MARK  - Survival Rate Estimation with Capture-Recapture Data
   gfortran(Win64) Vers. 8.1 Mar 2016    5-Aug-2016 15:50:39    Page  006
 - - - - - - - - - - - - - - - - - - - - - - - - - - - - - - - - - - - - - -
 
  INPUT ---        1 captive age.t10.967 sex 166 0.168831168831169 0 0 0 0 0 
  INPUT ---       0 0 0 0 0 0 0 0 0 0 0;
  INPUT ---        1 captive age.t11.167 sex 171 0.231182795698925 0 0 0 0 0 
  INPUT ---       0 0 0 0 0 0 0 0 0 0 0;
  INPUT ---        1 captive age.t11.367 sex 151 0.224489795918367 0 0 0 0 0 
  INPUT ---       0 0 0 0 0 0 0 0 0 0 0;
  INPUT ---        1 captive age.t13.134 sex 192 0.125827814569536 0 0 0 0 0 
  INPUT ---       0 0 0 0 0 0 0 0 0 0 0;
  INPUT ---        1 captive age.t13.334 sex 185 0.201612903225806 0 0 0 0 0 
  INPUT ---       0 0 0 0 0 0 0 0 0 0 0;
  INPUT ---        1 captive age.t13.534 sex 198 0.244604316546763 0 0 0 0 0 
  INPUT ---       0 0 0 0 0 0 0 0 0 0 0;
  INPUT ---        1 captive age.t13.734 sex 198 0.282828282828283 0 0 0 0 0 
  INPUT ---       0 0 0 0 0 0 0 0 0 0 0;
  INPUT ---        1 captive age.t13.934 sex 195 0.314516129032258 0 0 0 0 0 
  INPUT ---       0 0 0 0 0 0 0 0 0 0 0;
  INPUT ---        1 captive age.t17.101 sex 192 0.137254901960784 0 0 0 0 0 
  INPUT ---       0 0 0 0 0 0 0 0 0 0 0;
  INPUT ---        1 captive age.t17.301 sex 192 0.266129032258065 0 0 0 0 0 
  INPUT ---       0 0 0 0 0 0 0 0 0 0 0;
  INPUT ---        1 captive age.t17.501 sex 198 0.198581560283688 0 0 0 0 0 
  INPUT ---       0 0 0 0 0 0 0 0 0 0 0;
  INPUT ---        1 captive age.t17.701 sex 198 0.293333333333333 0 0 0 0 0 
  INPUT ---       0 0 0 0 0 0 0 0 0 0 0;
  INPUT ---        1 captive age.t17.901 sex 198 0.202453987730061 0 0 0 0 0 
  INPUT ---       0 0 0 0 0 0 0 0 0 0 0;
  INPUT ---        0 0 0 0 0 0 1 0 0 0 0 0 0 0 0 0 0 0 0 0 0 0;
  INPUT ---        0 0 0 0 0 0 0 1 0 0 0 0 0 0 0 0 0 0 0 0 0 0;
  INPUT ---        0 0 0 0 0 0 0 1 1 0 0 0 0 0 0 0 0 0 0 0 0 0;
  INPUT ---        0 0 0 0 0 0 0 1 0 1 0 0 0 0 0 0 0 0 0 0 0 0;
  INPUT ---        0 0 0 0 0 0 0 1 0 0 1 0 0 0 0 0 0 0 0 0 0 0;
  INPUT ---        0 0 0 0 0 0 0 1 0 0 0 1 0 0 0 0 0 0 0 0 0 0;
  INPUT ---        0 0 0 0 0 0 0 1 0 0 0 0 1 0 0 0 0 0 0 0 0 0;
  INPUT ---        0 0 0 0 0 0 0 0 0 0 0 0 0 1 captive 0 0 0 0 sex 0 0;
  INPUT ---        0 0 0 0 0 0 0 0 0 0 0 0 0 1 captive 1 0 0 0 sex 0 0;
  INPUT ---        0 0 0 0 0 0 0 0 0 0 0 0 0 1 captive 0 1 0 0 sex 0 0;
  INPUT ---        0 0 0 0 0 0 0 0 0 0 0 0 0 1 captive 0 0 1 0 sex 0 0;
  INPUT ---        0 0 0 0 0 0 0 0 0 0 0 0 0 1 captive 0 0 0 1 sex 0 0;
  INPUT ---        0 0 0 0 0 0 0 0 0 0 0 0 0 0 0 0 0 0 0 0 1 0;
  INPUT ---        0 0 0 0 0 0 0 0 0 0 0 0 0 0 0 0 0 0 0 0 0 1;
  INPUT ---        0 0 0 0 0 0 0 0 0 0 0 0 0 0 0 0 0 0 0 0 0 0;
  INPUT ---        0 0 0 0 0 0 0 0 0 0 0 0 0 0 0 0 0 0 0 0 0 0;

  INPUT ---    links=46;

  INPUT ---    Log;

  Program  MARK  - Survival Rate Estimation with Capture-Recapture Data
   gfortran(Win64) Vers. 8.1 Mar 2016    5-Aug-2016 15:50:39    Page  007
 - - - - - - - - - - - - - - - - - - - - - - - - - - - - - - - - - - - - - -
 

  INPUT ---    Log;

  INPUT ---    Log;

  INPUT ---    Log;

  INPUT ---    Log;

  INPUT ---    Log;

  INPUT ---    Log;

  INPUT ---    Log;

  INPUT ---    Log;

  INPUT ---    Log;

  INPUT ---    Log;

  INPUT ---    Log;

  INPUT ---    Log;

  INPUT ---    Log;

  INPUT ---    Log;

  INPUT ---    Log;

  INPUT ---    Log;

  INPUT ---    Log;

  INPUT ---    Log;

  INPUT ---    Log;

  INPUT ---    Log;

  INPUT ---    Log;

  INPUT ---    Log;

  INPUT ---    Log;

  Program  MARK  - Survival Rate Estimation with Capture-Recapture Data
   gfortran(Win64) Vers. 8.1 Mar 2016    5-Aug-2016 15:50:39    Page  008
 - - - - - - - - - - - - - - - - - - - - - - - - - - - - - - - - - - - - - -
 

  INPUT ---    Log;

  INPUT ---    Log;

  INPUT ---    Log;

  INPUT ---    Log;

  INPUT ---    Log;

  INPUT ---    Log;

  INPUT ---    Log;

  INPUT ---    Log;

  INPUT ---    Log;

  INPUT ---    Log;

  INPUT ---    Log;

  INPUT ---    Log;

  INPUT ---    Log;

  INPUT ---    Logit;

  INPUT ---    Logit;

  INPUT ---    Logit;

  INPUT ---    Logit;

  INPUT ---    Logit;

  INPUT ---    Logit;

  INPUT ---    Logit;

  INPUT ---    Logit;

  INPUT ---    Logit;
  INPUT ---       blabel(1)=alpha:(Intercept);
  INPUT ---       blabel(2)=alpha:captive;

  Program  MARK  - Survival Rate Estimation with Capture-Recapture Data
   gfortran(Win64) Vers. 8.1 Mar 2016    5-Aug-2016 15:50:39    Page  009
 - - - - - - - - - - - - - - - - - - - - - - - - - - - - - - - - - - - - - -
 
  INPUT ---       blabel(3)=alpha:age.t;
  INPUT ---       blabel(4)=alpha:sex;
  INPUT ---       blabel(5)=alpha:effort.trapdays;
  INPUT ---       blabel(6)=alpha:recordloss.agout.total;
  INPUT ---       blabel(7)=sigma:(Intercept);
  INPUT ---       blabel(8)=U:(Intercept);
  INPUT ---       blabel(9)=U:sample_monthB;
  INPUT ---       blabel(10)=U:sample_monthC;
  INPUT ---       blabel(11)=U:sample_monthD;
  INPUT ---       blabel(12)=U:sample_monthE;
  INPUT ---       blabel(13)=U:sample_monthF;
  INPUT ---       blabel(14)=Phi:(Intercept);
  INPUT ---       blabel(15)=Phi:captive;
  INPUT ---       blabel(16)=Phi:sample_monthB;
  INPUT ---       blabel(17)=Phi:sample_monthC;
  INPUT ---       blabel(18)=Phi:sample_monthD;
  INPUT ---       blabel(19)=Phi:sample_monthE;
  INPUT ---       blabel(20)=Phi:sex;
  INPUT ---       blabel(21)=GammaDoublePrime:(Intercept);
  INPUT ---       blabel(22)=GammaPrime:(Intercept);
  INPUT ---       rlabel(1)=alpha g1 a0 t1;
  INPUT ---       rlabel(2)=alpha g1 a0.2 t1.2;
  INPUT ---       rlabel(3)=alpha g1 a0.4 t1.4;
  INPUT ---       rlabel(4)=alpha g1 a0.6 t1.6;
  INPUT ---       rlabel(5)=alpha g1 a0.8 t1.8;
  INPUT ---       rlabel(6)=alpha g1 a2.8 t3.8;
  INPUT ---       rlabel(7)=alpha g1 a3 t4;
  INPUT ---       rlabel(8)=alpha g1 a3.2 t4.2;
  INPUT ---       rlabel(9)=alpha g1 a3.4 t4.4;
  INPUT ---       rlabel(10)=alpha g1 a3.6 t4.6;
  INPUT ---       rlabel(11)=alpha g1 a6.1 t7.1;
  INPUT ---       rlabel(12)=alpha g1 a6.3 t7.3;
  INPUT ---       rlabel(13)=alpha g1 a6.5 t7.5;
  INPUT ---       rlabel(14)=alpha g1 a6.7 t7.7;
  INPUT ---       rlabel(15)=alpha g1 a6.9 t7.9;
  INPUT ---       rlabel(16)=alpha g1 a9.567 t10.567;
  INPUT ---       rlabel(17)=alpha g1 a9.767 t10.767;
  INPUT ---       rlabel(18)=alpha g1 a9.967 t10.967;
  INPUT ---       rlabel(19)=alpha g1 a10.167 t11.167;
  INPUT ---       rlabel(20)=alpha g1 a10.367 t11.367;
  INPUT ---       rlabel(21)=alpha g1 a12.134 t13.134;
  INPUT ---       rlabel(22)=alpha g1 a12.334 t13.334;
  INPUT ---       rlabel(23)=alpha g1 a12.534 t13.534;
  INPUT ---       rlabel(24)=alpha g1 a12.734 t13.734;
  INPUT ---       rlabel(25)=alpha g1 a12.934 t13.934;
  INPUT ---       rlabel(26)=alpha g1 a16.101 t17.101;

  Program  MARK  - Survival Rate Estimation with Capture-Recapture Data
   gfortran(Win64) Vers. 8.1 Mar 2016    5-Aug-2016 15:50:39    Page  010
 - - - - - - - - - - - - - - - - - - - - - - - - - - - - - - - - - - - - - -
 
  INPUT ---       rlabel(27)=alpha g1 a16.301 t17.301;
  INPUT ---       rlabel(28)=alpha g1 a16.501 t17.501;
  INPUT ---       rlabel(29)=alpha g1 a16.701 t17.701;
  INPUT ---       rlabel(30)=alpha g1 a16.901 t17.901;
  INPUT ---       rlabel(31)=sigma g1 a0 t1;
  INPUT ---       rlabel(32)=U g1 a0 t1;
  INPUT ---       rlabel(33)=U g1 a2.8 t3.8;
  INPUT ---       rlabel(34)=U g1 a6.1 t7.1;
  INPUT ---       rlabel(35)=U g1 a9.567 t10.567;
  INPUT ---       rlabel(36)=U g1 a12.134 t13.134;
  INPUT ---       rlabel(37)=U g1 a16.101 t17.101;
  INPUT ---       rlabel(38)=Phi g1 c1 a0.8 t1.8;
  INPUT ---       rlabel(39)=Phi g1 c1 a3.6 t4.6;
  INPUT ---       rlabel(40)=Phi g1 c1 a6.9 t7.9;
  INPUT ---       rlabel(41)=Phi g1 c1 a10.367 t11.367;
  INPUT ---       rlabel(42)=Phi g1 c1 a12.934 t13.934;
  INPUT ---       rlabel(43)=Gamma'' g1 c1 a0.8 t1.8;
  INPUT ---       rlabel(44)=Gamma' g1 c1 a0.8 t1.8;
  INPUT ---       rlabel(45)=Phi g1 c1 a0 t1;
  INPUT ---       rlabel(46)=Gamma'' g1 c1 a0 t1;

 Link Function Used is PARM-SPECIFIC

 Variance Estimation Procedure Used is 2ndPart 

 M(t+1):
 Group=Group 1                                                                         
       3      3      3      2      3      5      5      5      2      5      5
       4      4      4      4     10      7      7      7      5      5      5
       5      3      4      5      5      5      4      5


 -2logL(saturated) = -0.0000000    
 Effective Sample Size = 169
 Results from first iteration:
  -2logL Initial { alpha(~1 + captive + age.t + sex + effort.trapdays + recordloss.agout.total)sigma(~1)U(~sample_month)Phi(~1 + captive + sample_month + sex)Gamma''(~1)Gamma'(~1) } = 1138.4459     
  Penalty Initial { alpha(~1 + captive + age.t + sex + effort.trapdays + recordloss.agout.total)sigma(~1)U(~sample_month)Phi(~1 + captive + sample_month + sex)Gamma''(~1)Gamma'(~1) } = -0.0000000    

 Number of function evaluations was 43 for 22 parameters.
 Time for numerical optimization was 8.80 seconds.
 -2logL { alpha(~1 + captive + age.t + sex + effort.trapdays + recordloss.agout.total)sigma(~1)U(~sample_month)Phi(~1 + captive + sample_month + sex)Gamma''(~1)Gamma'(~1) } = 1045.9361     
 Penalty { alpha(~1 + captive + age.t + sex + effort.trapdays + recordloss.agout.total)sigma(~1)U(~sample_month)Phi(~1 + captive + sample_month + sex)Gamma''(~1)Gamma'(~1) } = -0.0000000    

   * *  WARNING  * *   Numerical underflow occurred during optimization of this model. 

  Program  MARK  - Survival Rate Estimation with Capture-Recapture Data
   gfortran(Win64) Vers. 8.1 Mar 2016    5-Aug-2016 15:50:45    Page  011
 - - - - - - - - - - - - - - - - - - - - - - - - - - - - - - - - - - - - - -
 
     IEEE flag status at end of optimization:
     overflow       F
     divide by zero F
     invalid        F
     underflow      T
     inexact        T

 Gradient { alpha(~1 + captive + age.t + sex + effort.trapdays + recordloss.agout.total)sigma(~1)U(~sample_month)Phi(~1 + captive + sample_month + sex)Gamma''(~1)Gamma'(~1) }:
  0.2432624E-02 0.8016880E-02 0.3831194E-02 0.4997934E-02 0.5114609E-02
  0.1299095E-02 0.3413900E-03-0.1315364E-02 0.8828929E-03-0.1420738E-03
 -0.3621395E-02 0.1924656E-02-0.1466130E-02 0.9100017E-04 0.2166783E-02
  0.4135697E-03 0.5669883E-03-0.3174551E-03-0.1127564E-03 0.4893323E-02
 -0.9222970E-04  0.000000    
 S Vector { alpha(~1 + captive + age.t + sex + effort.trapdays + recordloss.agout.total)sigma(~1)U(~sample_month)Phi(~1 + captive + sample_month + sex)Gamma''(~1)Gamma'(~1) }:
   6739.909      401.0241      310.6131      283.4224      251.5068    
   208.0457      126.3759      54.35412      33.41569      27.21494    
   11.68463      9.780466      4.454980      2.519876      1.871905    
  0.9536438     0.9499342     0.9014455     0.7835247     0.1803663    
  0.4922998E-04 0.5404024E-08
 Time to compute number of parameters was 4.59 seconds.
   Threshold =  0.4600000E-06     Condition index =  0.8017947E-12     New Threshold =  0.2534712E-07
 New Guessimate of Estimated Parameters { alpha(~1 + captive + age.t + sex + effort.trapdays + recordloss.agout.total)sigma(~1)U(~sample_month)Phi(~1 + captive + sample_month + sex)Gamma''(~1)Gamma'(~1) } = 20          
 Conditioned S Vector { alpha(~1 + captive + age.t + sex + effort.trapdays + recordloss.agout.total)sigma(~1)U(~sample_month)Phi(~1 + captive + sample_month + sex)Gamma''(~1)Gamma'(~1) }:
   1.000000     0.5949993E-01 0.4608565E-01 0.4205136E-01 0.3731605E-01
  0.3086773E-01 0.1875038E-01 0.8064518E-02 0.4957885E-02 0.4037879E-02
  0.1733648E-02 0.1451127E-02 0.6609851E-03 0.3738739E-03 0.2777345E-03
  0.1414921E-03 0.1409417E-03 0.1337474E-03 0.1162515E-03 0.2676094E-04
  0.7304249E-08 0.8017947E-12
 Number of Estimated Parameters { alpha(~1 + captive + age.t + sex + effort.trapdays + recordloss.agout.total)sigma(~1)U(~sample_month)Phi(~1 + captive + sample_month + sex)Gamma''(~1)Gamma'(~1) } = 20          
 DEVIANCE { alpha(~1 + captive + age.t + sex + effort.trapdays + recordloss.agout.total)sigma(~1)U(~sample_month)Phi(~1 + captive + sample_month + sex)Gamma''(~1)Gamma'(~1) } = 1045.9361                     
 DEVIANCE Degrees of Freedom { alpha(~1 + captive + age.t + sex + effort.trapdays + recordloss.agout.total)sigma(~1)U(~sample_month)Phi(~1 + captive + sample_month + sex)Gamma''(~1)Gamma'(~1) } = -6            
 c-hat { alpha(~1 + captive + age.t + sex + effort.trapdays + recordloss.agout.total)sigma(~1)U(~sample_month)Phi(~1 + captive + sample_month + sex)Gamma''(~1)Gamma'(~1) } = 1.0000000                     
 AIC { alpha(~1 + captive + age.t + sex + effort.trapdays + recordloss.agout.total)sigma(~1)U(~sample_month)Phi(~1 + captive + sample_month + sex)Gamma''(~1)Gamma'(~1) } = 1085.9361                  
 AICc { alpha(~1 + captive + age.t + sex + effort.trapdays + recordloss.agout.total)sigma(~1)U(~sample_month)Phi(~1 + captive + sample_month + sex)Gamma''(~1)Gamma'(~1) } = 1091.6118                    
 BIC { alpha(~1 + captive + age.t + sex + effort.trapdays + recordloss.agout.total)sigma(~1)U(~sample_month)Phi(~1 + captive + sample_month + sex)Gamma''(~1)Gamma'(~1) } = 1148.5341                    
 Pearson Chisquare { alpha(~1 + captive + age.t + sex + effort.trapdays + recordloss.agout.total)sigma(~1)U(~sample_month)Phi(~1 + captive + sample_month + sex)Gamma''(~1)Gamma'(~1) } = 0.8231686E+032             

   * *  WARNING  * *   Numerical underflow occurred during variance-covariance calculation of this model. 
     IEEE flag status at end of variance-covariance calculation:
     overflow       F
     divide by zero F
     invalid        F
     underflow      T
     inexact        T



 PARM-SPECIFIC Link Function Parameters of { alpha(~1 + captive + age.t + sex + effort.trapdays + recordloss.agout.total)sigma(~1)U(~sample_month)Phi(~1 + captive + sample_month + sex)Gamma''(~1)Gamma'(~1) }
                                                              95% Confidence Interval
 Parameter                    Beta         Standard Error      Lower           Upper
 -------------------------  --------------  --------------  --------------  --------------
    1:alpha:(Intercept)     0.1122748       0.3980130       -0.6678307      0.8923803     
    2:alpha:captive         0.2280689       0.1110373       0.0104358       0.4457019     
    3:alpha:age.t           0.2225687       0.1583219       -0.0877421      0.5328796     
    4:alpha:sex             0.5422308       0.2052686       0.1399043       0.9445573     
    5:alpha:effort.trapday  0.0042672       0.0018094       0.7208247E-003  0.0078136     
    6:alpha:recordloss.ago  -2.8855471      0.5551287       -3.9735994      -1.7974949    
    7:sigma:(Intercept)     -0.7982630      0.1397744       -1.0722209      -0.5243051    
    8:U:(Intercept)         2.5609130       0.1407402       2.2850622       2.8367638     
    9:U:sample_monthB       0.3391694       0.1319816       0.0804855       0.5978533     
   10:U:sample_monthC       0.4403521       0.1497870       0.1467695       0.7339347     
   11:U:sample_monthD       0.8835863       0.1479477       0.5936089       1.1735637     
   12:U:sample_monthE       0.3349514       0.1701548       0.0014480       0.6684548     
   13:U:sample_monthF       0.6594010       0.1738087       0.3187359       1.0000660     
   14:Phi:(Intercept)       9.4941498       63.756200       -115.46800      134.45630     

  Program  MARK  - Survival Rate Estimation with Capture-Recapture Data
   gfortran(Win64) Vers. 8.1 Mar 2016    5-Aug-2016 15:50:49    Page  012
 - - - - - - - - - - - - - - - - - - - - - - - - - - - - - - - - - - - - - -
 
   15:Phi:captive           1.2456313       1.2829928       -1.2690347      3.7602973     
   16:Phi:sample_monthB     -8.1264009      63.746030       -133.06862      116.81582     
   17:Phi:sample_monthC     -7.9828491      63.744669       -132.92240      116.95671     
   18:Phi:sample_monthD     -9.3138410      63.738944       -134.24217      115.61449     
   19:Phi:sample_monthE     -7.6709618      63.746280       -132.61367      117.27175     
   20:Phi:sex               0.6263138       1.6570843       -2.6215716      3.8741991     
   21:GammaDoublePrime:(In  -2.9444765      1.0260190       -4.9554738      -0.9334793    
   22:GammaPrime:(Intercep  17.724958       0.0000000       17.724958       17.724958     


 Real Function Parameters of { alpha(~1 + captive + age.t + sex + effort.trapdays + recordloss.agout.total)sigma(~1)U(~sample_month)Phi(~1 + captive + sample_month + sex)Gamma''(~1)Gamma'(~1) }

  Program  MARK  - Survival Rate Estimation with Capture-Recapture Data
   gfortran(Win64) Vers. 8.1 Mar 2016    5-Aug-2016 15:50:49    Page  013
 - - - - - - - - - - - - - - - - - - - - - - - - - - - - - - - - - - - - - -
 

      Following estimates based on unstandardized individual covariate values:
          Variable   Value         
          ---------  ------------- 
          CAPTIVE    0.2142857     
          AGE.T1     1.0000000     
          AGE.T1.2   1.0000000     
          AGE.T1.4   1.0000000     
          AGE.T1.6   1.0000000     
          AGE.T1.8   1.0000000     
          AGE.T3.8   1.0000000     
          AGE.T4     1.0000000     
          AGE.T4.2   1.0000000     
          AGE.T4.4   1.0000000     
          AGE.T4.6   1.0000000     
          AGE.T7.1   0.8333333     
          AGE.T7.3   0.8333333     
          AGE.T7.5   0.8333333     
          AGE.T7.7   0.8333333     
          AGE.T7.9   0.8333333     
          AGE.T10.56 0.6666667     
          AGE.T10.76 0.6666667     
          AGE.T10.96 0.6666667     
          AGE.T11.16 0.6666667     
          AGE.T11.36 0.6666667     
          AGE.T13.13 1.0000000     
          AGE.T13.33 1.0000000     
          AGE.T13.53 1.0000000     
          AGE.T13.73 1.0000000     
          AGE.T13.93 1.0000000     
          AGE.T17.10 0.9230769     
          AGE.T17.30 0.9230769     
          AGE.T17.50 0.9230769     
          AGE.T17.70 0.9230769     
          AGE.T17.90 0.9230769     
          SEX        0.8461538     
                                                               95% Confidence Interval
  Parameter                  Estimate       Standard Error      Lower           Upper
 --------------------------  --------------  --------------  --------------  --------------
     1:alpha g1 a0 t1        2.0448713       0.2988995       1.5378016       2.7191406                           
     2:alpha g1 a0.2 t1.2    2.4201103       0.3274451       1.8586000       3.1512611                           
     3:alpha g1 a0.4 t1.4    2.9986055       0.3285026       2.4207221       3.7144431                           
     4:alpha g1 a0.6 t1.6    2.3956869       0.2571276       1.9423654       2.9548074                           
     5:alpha g1 a0.8 t1.8    2.3278265       0.2665010       1.8612990       2.9112873                           
     6:alpha g1 a2.8 t3.8    3.3288464       0.3349677       2.7343558       4.0525883                           
     7:alpha g1 a3 t4        3.1774462       0.3122580       2.6219670       3.8506069                           
     8:alpha g1 a3.2 t4.2    2.4327955       0.2441611       1.9993526       2.9602051                           
     9:alpha g1 a3.4 t4.4    3.1162218       0.3443440       2.5110404       3.8672568                           
    10:alpha g1 a3.6 t4.6    3.0714227       0.2980640       2.5405476       3.7132300                           

  Program  MARK  - Survival Rate Estimation with Capture-Recapture Data
   gfortran(Win64) Vers. 8.1 Mar 2016    5-Aug-2016 15:50:49    Page  014
 - - - - - - - - - - - - - - - - - - - - - - - - - - - - - - - - - - - - - -
 
    11:alpha g1 a6.1 t7.1    3.2146981       0.2869174       2.6997169       3.8279139                           
    12:alpha g1 a6.3 t7.3    3.1030587       0.2376181       2.6711784       3.6047660                           
    13:alpha g1 a6.5 t7.5    2.6032893       0.2012965       2.2376959       3.0286132                           
    14:alpha g1 a6.7 t7.7    3.6583542       0.3377715       3.0539407       4.3823888                           
    15:alpha g1 a6.9 t7.9    3.2040638       0.2548755       2.7421780       3.7437485                           
    16:alpha g1 a9.567 t10.  2.7007688       0.2169245       2.3079580       3.1604352                           
    17:alpha g1 a9.767 t10.  2.8720942       0.2353515       2.4466003       3.3715867                           
    18:alpha g1 a9.967 t10.  2.6899633       0.2160071       2.2988068       3.1476775                           
    19:alpha g1 a10.167 t11  2.2954873       0.1964815       1.9415482       2.7139487                           
    20:alpha g1 a10.367 t11  2.1488083       0.2020238       1.7879076       2.5825591                           
    21:alpha g1 a12.134 t13  3.6647257       0.3681727       3.0111990       4.4600886                           
    22:alpha g1 a12.334 t13  2.8582267       0.2344447       2.4344059       3.3558330                           
    23:alpha g1 a12.534 t13  2.6687807       0.2493575       2.2230651       3.2038606                           
    24:alpha g1 a12.734 t13  2.3900748       0.2349096       1.9721967       2.8964948                           
    25:alpha g1 a12.934 t13  2.1534822       0.2244005       1.7566320       2.6399870                           
    26:alpha g1 a16.101 t17  3.4856670       0.3318195       2.8935874       4.1988967                           
    27:alpha g1 a16.301 t17  2.4031660       0.2159061       2.0158679       2.8648737                           
    28:alpha g1 a16.501 t17  2.9960713       0.2742184       2.5049905       3.5834241                           
    29:alpha g1 a16.701 t17  2.2793520       0.2246089       1.8798985       2.7636839                           
    30:alpha g1 a16.901 t17  2.9627794       0.2702965       2.4785805       3.5415681                           
    31:sigma g1 a0 t1        0.4501101       0.0629139       0.3427010       0.5911833                           
    32:U g1 a0 t1            12.947633       1.8222526       9.8395866       17.037423                           
    33:U g1 a2.8 t3.8        18.175642       2.0501188       14.580759       22.656842                           
    34:U g1 a6.1 t7.1        20.110962       1.6935945       17.055966       23.713157                           
    35:U g1 a9.567 t10.567   31.327592       2.3267681       27.088952       36.229457                           
    36:U g1 a12.134 t13.134  18.099139       1.6364597       15.165282       21.600576                           
    37:U g1 a16.101 t17.101  25.035979       2.2800239       20.950980       29.917467                           
    38:Phi g1 c1 a0.8 t1.8   0.9999661       0.0021628       0.1642410E-049  1.0000000                           
    39:Phi g1 c1 a3.6 t4.6   0.8970278       0.1001339       0.5099637       0.9864723                           
    40:Phi g1 c1 a6.9 t7.9   0.9095522       0.0882064       0.5514851       0.9879871                           
    41:Phi g1 c1 a10.367 t1  0.7265498       0.1245049       0.4375536       0.9007398                           
    42:Phi g1 c1 a12.934 t1  0.9321419       0.0673921       0.6299080       0.9910606                           
    43:Gamma'' g1 c1 a0.8 t  0.0499982       0.0487343       0.0069955       0.2822194                           
    44:Gamma' g1 c1 a0.8 t1  1.0000000       0.0000000       1.0000000       1.0000000                           
    45:Phi g1 c1 a0 t1       1.0000000       0.0000000       1.0000000       1.0000000       Fixed               
    46:Gamma'' g1 c1 a0 t1   0.0000000       0.0000000       0.0000000       0.0000000       Fixed               

  Program  MARK  - Survival Rate Estimation with Capture-Recapture Data
   gfortran(Win64) Vers. 8.1 Mar 2016    5-Aug-2016 15:50:49    Page  015
 - - - - - - - - - - - - - - - - - - - - - - - - - - - - - - - - - - - - - -
 


                      Estimates of Derived Parameters
 Population Estimates of { alpha(~1 + captive + age.t + sex + effort.trapdays + recordloss.agout.total)sigma(~1)U(~sample_month)Phi(~1 + captive + sample_month + sex)Gamma''(~1)Gamma'(~1) }
                                                95% Confidence Interval
 Grp. Occ.   N-hat           Standard Error      Lower           Upper
 ---- ----   --------------  --------------  --------------  --------------
   1     1   15.947633       1.8222535       12.756963       19.936327     
   1     2   15.947633       1.8222535       12.756963       19.936327     
   1     3   15.947633       1.8222535       12.756963       19.936327     
   1     4   15.113846       1.8562586       11.891070       19.210076     
   1     5   15.947633       1.8222535       12.756963       19.936327     
   1     6   23.175642       2.0501195       19.493046       27.553949     
   1     7   23.175642       2.0501195       19.493046       27.553949     
   1     8   23.175642       2.0501195       19.493046       27.553949     
   1     9   20.314449       2.0785419       16.631696       24.812674     
   1    10   23.175642       2.0501195       19.493046       27.553949     
   1    11   25.398115       1.7338641       22.220744       29.029821     
   1    12   24.359272       1.7285251       21.200108       27.989204     
   1    13   24.480248       1.7341762       21.310379       28.121626     
   1    14   24.296960       1.7248486       21.144611       27.919278     
   1    15   24.368393       1.7291531       21.208079       27.999641     
   1    16   39.139396       2.4398132       34.642055       44.220596     
   1    17   38.954575       2.4065841       34.516042       43.963874     
   1    18   39.145998       2.4405169       34.647394       44.228700     
   1    19   39.411128       2.4581381       34.880167       44.530665     
   1    20   37.291989       2.4578802       32.777317       42.428502     
   1    21   22.319403       1.6703327       19.278283       25.840254     
   1    22   23.571676       1.6961566       20.474728       27.137058     
   1    23   23.564392       1.7052530       20.452093       27.150306     
   1    24   21.439351       1.6844016       18.383909       25.002614     
   1    25   22.783137       1.7243297       19.646336       26.420770     
   1    26   30.307095       2.3273512       26.077951       35.222094     
   1    27   30.660327       2.3676964       26.359704       35.662602     
   1    28   30.424025       2.3458941       26.162511       35.379682     
   1    29   29.634748       2.3672194       25.346280       34.648805     
   1    30   30.434000       2.3471395       26.170290       35.392362     
 Mean Resighting Rate Estimates of { alpha(~1 + captive + age.t + sex + effort.trapdays + recordloss.agout.total)sigma(~1)U(~sample_month)Phi(~1 + captive + sample_month + sex)Gamma''(~1)Gamma'(~1) }
                                                95% Confidence Interval
 Grp. Occ.   Lambda-hat      Standard Error      Lower           Upper
 ---- ----   --------------  --------------  --------------  --------------
   1     1   2.2628711       0.3184049       1.7197805       2.9774647     
   1     2   2.6781136       0.3474540       2.0789977       3.4498800     
   1     3   3.3182810       0.3415521       2.7134870       4.0578743     
   1     4   2.6510865       0.2647493       2.1808630       3.2226966     
   1     5   2.5759916       0.2769428       2.0878224       3.1783032     
   1     6   3.6837283       0.3444360       3.0681050       4.4228781     
   1     7   3.5161876       0.3193579       2.9438721       4.1997665     
   1     8   2.6921511       0.2484623       2.2475324       3.2247267     
   1     9   3.4484362       0.3587789       2.8138371       4.2261552     

  Program  MARK  - Survival Rate Estimation with Capture-Recapture Data
   gfortran(Win64) Vers. 8.1 Mar 2016    5-Aug-2016 15:50:49    Page  016
 - - - - - - - - - - - - - - - - - - - - - - - - - - - - - - - - - - - - - -
 
   1    10   3.3988612       0.3038234       2.8536104       4.0482953     
   1    11   3.9312535       0.2885784       3.4051038       4.5387029     
   1    12   3.6662131       0.2239643       3.2528673       4.1320832     
   1    13   3.3304182       0.1929140       2.9732636       3.7304749     
   1    14   4.7619516       0.3441128       4.1338391       5.4855021     
   1    15   4.4797705       0.2530776       4.0105679       5.0038657     
   1    16   3.5064602       0.2088433       3.1204386       3.9402355     
   1    17   4.0952278       0.2341757       3.6613646       4.5805027     
   1    18   3.7527545       0.2126563       3.3585602       4.1932155     
   1    19   3.1639546       0.1981765       2.7987612       3.5767998     
   1    20   2.8928196       0.2094115       2.5106268       3.3331937     
   1    21   5.4828938       0.3938808       4.7636371       6.3107504     
   1    22   3.5293857       0.2316656       3.1037452       4.0133976     
   1    23   3.3148508       0.2547298       2.8519928       3.8528273     
   1    24   3.2328531       0.2492426       2.7800784       3.7593684     
   1    25   4.1005170       0.2771441       3.5922986       4.6806354     
   1    26   4.2354928       0.3376063       3.6237797       4.9504663     
   1    27   2.6593630       0.2100585       2.2784839       3.1039110     
   1    28   3.8698182       0.2795512       3.3595385       4.4576042     
   1    29   3.1761165       0.2401564       2.7392071       3.6827140     
   1    30   3.8318969       0.2754516       3.3289238       4.4108651     
 Pr(Captured 1 or more times) of { alpha(~1 + captive + age.t + sex + effort.trapdays + recordloss.agout.total)sigma(~1)U(~sample_month)Phi(~1 + captive + sample_month + sex)Gamma''(~1)Gamma'(~1) }
                                                95% Confidence Interval
 Grp. Occ.      p*-hat       Standard Error      Lower           Upper
 ---- ----   --------------  --------------  --------------  --------------
   1     1   0.2938533       0.0108665       0.2730142       0.3155925     
   1     2   0.3046031       0.0084576       0.2882840       0.3214288     
   1     3   0.3152244       0.0054787       0.3045862       0.3260599     
   1     4   0.4616350       0.0112707       0.4396339       0.4837866     
   1     5   0.3023123       0.0078610       0.2871307       0.3179386     
   1     6   0.1904505       0.0028691       0.1848905       0.1961374     
   1     7   0.1893407       0.0030257       0.1834814       0.1953423     
   1     8   0.1811809       0.0042664       0.1729686       0.1896938     
   1     9   0.4675503       0.0098193       0.4483622       0.4868348     
   1    10   0.1884754       0.0031472       0.1823842       0.1947215     
   1    11   0.1922955       0.0022368       0.1879494       0.1967177     
   1    12   0.2381909       0.0031841       0.2320062       0.2444879     
   1    13   0.2359679       0.0034153       0.2293397       0.2427273     
   1    14   0.2442283       0.0019613       0.2404045       0.2480929     
   1    15   0.2435367       0.0019064       0.2398197       0.2472926     
   1    16   0.1330702       0.0022979       0.1286305       0.1376389     
   1    17   0.1376893       0.0013583       0.1350485       0.1403733     
   1    18   0.1352303       0.0018596       0.1316267       0.1389167     
   1    19   0.1317055       0.0022933       0.1272752       0.1362659     
   1    20   0.1791248       0.0046149       0.1702574       0.1883493     
   1    21   0.2465010       0.0012822       0.2439965       0.2490228     
   1    22   0.1875542       0.0029055       0.1819258       0.1933156     
   1    23   0.1877755       0.0030776       0.1818178       0.1938822     
   1    24   0.3135146       0.0049624       0.3038712       0.3233220     
   1    25   0.2416948       0.0024560       0.2369137       0.2465411     

  Program  MARK  - Survival Rate Estimation with Capture-Recapture Data
   gfortran(Win64) Vers. 8.1 Mar 2016    5-Aug-2016 15:50:49    Page  017
 - - - - - - - - - - - - - - - - - - - - - - - - - - - - - - - - - - - - - -
 
   1    26   0.1927241       0.0022555       0.1883419       0.1971835     
   1    27   0.1777984       0.0045092       0.1691318       0.1868092     
   1    28   0.1912902       0.0023912       0.1866473       0.1960207     
   1    29   0.2317954       0.0042667       0.2235382       0.2402633     
   1    30   0.1910717       0.0024245       0.1863647       0.1958689     

 Attempted ordering of parameters by estimatibility:
   1  8 11 13 10 12  2  7  9  3  4 14  5  6 18 21 15 17 16 20 19 22
 Beta number 22 is a singular value.

     CPU Time in seconds for last procedure was 13.72


  INPUT --- proc stop;

   * *  WARNING  * *   Numerical underflow occurred during final processing of this model. 
     IEEE flag status at final processing of this model:
     overflow       F
     divide by zero F
     invalid        F
     underflow      T
     inexact        T


     CPU Time in minutes for this job was 0.23

     Time Start = 15:50:39.197   Time End = 15:50:49.404

     Wall Clock Time in minutes for this job was 0.17


          E X E C U T I O N   S U C C E S S F U L 
