
   Program  MARK  - Survival Rate Estimation with Capture-Recapture Data
   gfortran(Win64) Vers. 8.1 Mar 2016    5-Aug-2016 15:54:42    Page  001
 - - - - - - - - - - - - - - - - - - - - - - - - - - - - - - - - - - - - - -
 
   This version was compiled by GCC version 5.3.0 using the options: 
     -cpp -iprefix c:\tdm-gcc-64\gcc\bin\../lib/gcc/x86_64-w64-mingw32/5.3.0/ -D_MT
     -U_REENTRANT -D IEEE -m64 -mtune=generic -march=x86-64 -mthreads -O2
     -fimplicit-none -fbounds-check -funroll-loops -ftree-vectorize
     -ffpe-summary=invalid,zero,overflow,underflow -fno-unsafe-math-optimizations
     -frounding-math -fsignaling-nans -fopenmp.

   This problem will use 3 of 4 possible threads.


  INPUT --- proc title ;

     CPU Time in seconds for last procedure was 0.00


  INPUT --- proc chmatrix occasions= 30 groups= 1 etype= PoissonMR 
  INPUT --- icovar = 32 ICMeans NoHist  hist= 14 ;

  INPUT ---    time interval 0.2 0.2 0.2 0.2 2 0.2 0.2 0.2 0.2 2.5 0.2 0.2 
  INPUT ---    0.2 0.2 2.667 0.2 0.2 0.2  0.2 1.767 0.2 0.2 0.2 0.2 3.167 
  INPUT ---    0.2 0.2 0.2 0.2 ;

  INPUT ---     icovariates captive age.t1 age.t1.2 age.t1.4  age.t1.6 
  INPUT ---    age.t1.8 age.t3.8 age.t4 age.t4.2 age.t4.4 age.t4.6 
  INPUT ---    age.t7.1 age.t7.3 age.t7.5 age.t7.7  age.t7.9 age.t10.567 
  INPUT ---    age.t10.767 age.t10.967 age.t11.167 age.t11.367 age.t13.134 
  INPUT ---    age.t13.334  age.t13.534 age.t13.734 age.t13.934 
  INPUT ---    age.t17.101 age.t17.301 age.t17.501 age.t17.701 age.t17.901 
  INPUT ---     sex ;

  INPUT ---    glabel(1)=Group 1;

      Number of unique encounter histories read was 14.

      Number of individual covariates read was 32.
      Time interval lengths vary and/or not equal to 1.

      Data type number is 115
      Data type is Poisson Mark Resight with Robust Design                                                             

     CPU Time in seconds for last procedure was 0.02

  Program  MARK  - Survival Rate Estimation with Capture-Recapture Data
   gfortran(Win64) Vers. 8.1 Mar 2016    5-Aug-2016 15:54:42    Page  002
 - - - - - - - - - - - - - - - - - - - - - - - - - - - - - - - - - - - - - -
 


  INPUT --- proc estimate link=Parm-Specific NOLOOP varest=2ndPart    ;


  INPUT --- model={ alpha(~1 + captive + age.t + sex + effort.trapdays 
  INPUT --- + recordloss.agout.total)sigma(~1)U(~sample_month)Phi(~1 + 
  INPUT --- captive + sex)Gamma''(~1)Gamma'(~1) };

  INPUT ---    fixed=2;
  INPUT ---        parm(41)=1 ;
  INPUT ---        parm(42)=0 ;

  INPUT ---    group=1 alpha    rows=1 cols=30 Square ;
  INPUT ---        1 2 3 4 5 6 7 8 9 10 11 12 13 14 15 16 17 18 19 20 21 22 
  INPUT ---       23 24 25 26 27 28 29 30 ;

  INPUT ---    group=1 sigma    rows=1 cols=30 Square ;
  INPUT ---        31 31 31 31 31 31 31 31 31 31 31 31 31 31 31 31 31 31 31 
  INPUT ---       31 31 31 31 31 31 31 31 31 31 31 ;

  INPUT ---    group=1 U    rows=1 cols=30 Square ;
  INPUT ---        32 32 32 32 32 33 33 33 33 33 34 34 34 34 34 35 35 35 35 
  INPUT ---       35 36 36 36 36 36 37 37 37 37 37 ;

  INPUT ---    group=1 Phi    rows=29 cols=29 Triang ;
  INPUT ---        41 41 41 41 38 41 41 41 41 38 41 41 41 41 38 41 41 41 41 
  INPUT ---       38 41 41 41 41 38 41 41 41 41 ;
  INPUT ---        41 41 41 41 41 41 41 41 41 41 41 41 41 41 41 41 41 41 41 
  INPUT ---       41 41 41 41 41 41 41 41 41 ;
  INPUT ---        41 41 41 41 41 41 41 41 41 41 41 41 41 41 41 41 41 41 41 
  INPUT ---       41 41 41 41 41 41 41 41 ;
  INPUT ---        41 41 41 41 41 41 41 41 41 41 41 41 41 41 41 41 41 41 41 
  INPUT ---       41 41 41 41 41 41 41 ;
  INPUT ---        41 41 41 41 41 41 41 41 41 41 41 41 41 41 41 41 41 41 41 
  INPUT ---       41 41 41 41 41 41 ;
  INPUT ---        41 41 41 41 38 41 41 41 41 38 41 41 41 41 38 41 41 41 41 
  INPUT ---       38 41 41 41 41 ;
  INPUT ---        41 41 41 41 41 41 41 41 41 41 41 41 41 41 41 41 41 41 41 
  INPUT ---       41 41 41 41 ;
  INPUT ---        41 41 41 41 41 41 41 41 41 41 41 41 41 41 41 41 41 41 41 
  INPUT ---       41 41 41 ;
  INPUT ---        41 41 41 41 41 41 41 41 41 41 41 41 41 41 41 41 41 41 41 
  INPUT ---       41 41 ;
  INPUT ---        41 41 41 41 41 41 41 41 41 41 41 41 41 41 41 41 41 41 41 
  INPUT ---       41 ;

  Program  MARK  - Survival Rate Estimation with Capture-Recapture Data
   gfortran(Win64) Vers. 8.1 Mar 2016    5-Aug-2016 15:54:42    Page  003
 - - - - - - - - - - - - - - - - - - - - - - - - - - - - - - - - - - - - - -
 
  INPUT ---        41 41 41 41 38 41 41 41 41 38 41 41 41 41 38 41 41 41 41 ;
  INPUT ---        41 41 41 41 41 41 41 41 41 41 41 41 41 41 41 41 41 41 ;
  INPUT ---        41 41 41 41 41 41 41 41 41 41 41 41 41 41 41 41 41 ;
  INPUT ---        41 41 41 41 41 41 41 41 41 41 41 41 41 41 41 41 ;
  INPUT ---        41 41 41 41 41 41 41 41 41 41 41 41 41 41 41 ;
  INPUT ---        41 41 41 41 38 41 41 41 41 38 41 41 41 41 ;
  INPUT ---        41 41 41 41 41 41 41 41 41 41 41 41 41 ;
  INPUT ---        41 41 41 41 41 41 41 41 41 41 41 41 ;
  INPUT ---        41 41 41 41 41 41 41 41 41 41 41 ;
  INPUT ---        41 41 41 41 41 41 41 41 41 41 ;
  INPUT ---        41 41 41 41 38 41 41 41 41 ;
  INPUT ---        41 41 41 41 41 41 41 41 ;
  INPUT ---        41 41 41 41 41 41 41 ;
  INPUT ---        41 41 41 41 41 41 ;
  INPUT ---        41 41 41 41 41 ;
  INPUT ---        41 41 41 41 ;
  INPUT ---        41 41 41 ;
  INPUT ---        41 41 ;
  INPUT ---        41 ;

  INPUT ---    group=1 Gamma''    rows=29 cols=29 Triang ;
  INPUT ---        42 42 42 42 39 42 42 42 42 39 42 42 42 42 39 42 42 42 42 
  INPUT ---       39 42 42 42 42 39 42 42 42 42 ;
  INPUT ---        42 42 42 42 42 42 42 42 42 42 42 42 42 42 42 42 42 42 42 
  INPUT ---       42 42 42 42 42 42 42 42 42 ;
  INPUT ---        42 42 42 42 42 42 42 42 42 42 42 42 42 42 42 42 42 42 42 
  INPUT ---       42 42 42 42 42 42 42 42 ;
  INPUT ---        42 42 42 42 42 42 42 42 42 42 42 42 42 42 42 42 42 42 42 
  INPUT ---       42 42 42 42 42 42 42 ;
  INPUT ---        42 42 42 42 42 42 42 42 42 42 42 42 42 42 42 42 42 42 42 
  INPUT ---       42 42 42 42 42 42 ;
  INPUT ---        42 42 42 42 39 42 42 42 42 39 42 42 42 42 39 42 42 42 42 
  INPUT ---       39 42 42 42 42 ;
  INPUT ---        42 42 42 42 42 42 42 42 42 42 42 42 42 42 42 42 42 42 42 
  INPUT ---       42 42 42 42 ;
  INPUT ---        42 42 42 42 42 42 42 42 42 42 42 42 42 42 42 42 42 42 42 
  INPUT ---       42 42 42 ;
  INPUT ---        42 42 42 42 42 42 42 42 42 42 42 42 42 42 42 42 42 42 42 
  INPUT ---       42 42 ;
  INPUT ---        42 42 42 42 42 42 42 42 42 42 42 42 42 42 42 42 42 42 42 
  INPUT ---       42 ;
  INPUT ---        42 42 42 42 39 42 42 42 42 39 42 42 42 42 39 42 42 42 42 ;
  INPUT ---        42 42 42 42 42 42 42 42 42 42 42 42 42 42 42 42 42 42 ;
  INPUT ---        42 42 42 42 42 42 42 42 42 42 42 42 42 42 42 42 42 ;
  INPUT ---        42 42 42 42 42 42 42 42 42 42 42 42 42 42 42 42 ;
  INPUT ---        42 42 42 42 42 42 42 42 42 42 42 42 42 42 42 ;

  Program  MARK  - Survival Rate Estimation with Capture-Recapture Data
   gfortran(Win64) Vers. 8.1 Mar 2016    5-Aug-2016 15:54:42    Page  004
 - - - - - - - - - - - - - - - - - - - - - - - - - - - - - - - - - - - - - -
 
  INPUT ---        42 42 42 42 39 42 42 42 42 39 42 42 42 42 ;
  INPUT ---        42 42 42 42 42 42 42 42 42 42 42 42 42 ;
  INPUT ---        42 42 42 42 42 42 42 42 42 42 42 42 ;
  INPUT ---        42 42 42 42 42 42 42 42 42 42 42 ;
  INPUT ---        42 42 42 42 42 42 42 42 42 42 ;
  INPUT ---        42 42 42 42 39 42 42 42 42 ;
  INPUT ---        42 42 42 42 42 42 42 42 ;
  INPUT ---        42 42 42 42 42 42 42 ;
  INPUT ---        42 42 42 42 42 42 ;
  INPUT ---        42 42 42 42 42 ;
  INPUT ---        42 42 42 42 ;
  INPUT ---        42 42 42 ;
  INPUT ---        42 42 ;
  INPUT ---        42 ;

  INPUT ---    group=1 Gamma'    rows=28 cols=28 Triang ;
  INPUT ---        42 42 42 40 42 42 42 42 40 42 42 42 42 40 42 42 42 42 40 
  INPUT ---       42 42 42 42 40 42 42 42 42 ;
  INPUT ---        42 42 42 42 42 42 42 42 42 42 42 42 42 42 42 42 42 42 42 
  INPUT ---       42 42 42 42 42 42 42 42 ;
  INPUT ---        42 42 42 42 42 42 42 42 42 42 42 42 42 42 42 42 42 42 42 
  INPUT ---       42 42 42 42 42 42 42 ;
  INPUT ---        42 42 42 42 42 42 42 42 42 42 42 42 42 42 42 42 42 42 42 
  INPUT ---       42 42 42 42 42 42 ;
  INPUT ---        42 42 42 42 42 42 42 42 42 42 42 42 42 42 42 42 42 42 42 
  INPUT ---       42 42 42 42 42 ;
  INPUT ---        42 42 42 40 42 42 42 42 40 42 42 42 42 40 42 42 42 42 40 
  INPUT ---       42 42 42 42 ;
  INPUT ---        42 42 42 42 42 42 42 42 42 42 42 42 42 42 42 42 42 42 42 
  INPUT ---       42 42 42 ;
  INPUT ---        42 42 42 42 42 42 42 42 42 42 42 42 42 42 42 42 42 42 42 
  INPUT ---       42 42 ;
  INPUT ---        42 42 42 42 42 42 42 42 42 42 42 42 42 42 42 42 42 42 42 
  INPUT ---       42 ;
  INPUT ---        42 42 42 42 42 42 42 42 42 42 42 42 42 42 42 42 42 42 42 ;
  INPUT ---        42 42 42 40 42 42 42 42 40 42 42 42 42 40 42 42 42 42 ;
  INPUT ---        42 42 42 42 42 42 42 42 42 42 42 42 42 42 42 42 42 ;
  INPUT ---        42 42 42 42 42 42 42 42 42 42 42 42 42 42 42 42 ;
  INPUT ---        42 42 42 42 42 42 42 42 42 42 42 42 42 42 42 ;
  INPUT ---        42 42 42 42 42 42 42 42 42 42 42 42 42 42 ;
  INPUT ---        42 42 42 40 42 42 42 42 40 42 42 42 42 ;
  INPUT ---        42 42 42 42 42 42 42 42 42 42 42 42 ;
  INPUT ---        42 42 42 42 42 42 42 42 42 42 42 ;
  INPUT ---        42 42 42 42 42 42 42 42 42 42 ;
  INPUT ---        42 42 42 42 42 42 42 42 42 ;
  INPUT ---        42 42 42 40 42 42 42 42 ;

  Program  MARK  - Survival Rate Estimation with Capture-Recapture Data
   gfortran(Win64) Vers. 8.1 Mar 2016    5-Aug-2016 15:54:42    Page  005
 - - - - - - - - - - - - - - - - - - - - - - - - - - - - - - - - - - - - - -
 
  INPUT ---        42 42 42 42 42 42 42 ;
  INPUT ---        42 42 42 42 42 42 ;
  INPUT ---        42 42 42 42 42 ;
  INPUT ---        42 42 42 42 ;
  INPUT ---        42 42 42 ;
  INPUT ---        42 42 ;
  INPUT ---        42 ;

  INPUT ---    initial  0.8492118 0 0 0 0 0 -0.3123225 3.139572 0 0 0 0 0 
  INPUT ---    2.0066797 0 0 -2.9445172 17.724958  ;

  INPUT ---    design matrix constraints=42 covariates=18;
  INPUT ---        1 captive age.t1 sex 96 0.186046511627907 0 0 0 0 0 0 0 0 
  INPUT ---       0 0 0 0;
  INPUT ---        1 captive age.t1.2 sex 96 0.127659574468085 0 0 0 0 0 0 0 
  INPUT ---       0 0 0 0 0;
  INPUT ---        1 captive age.t1.4 sex 114 0.08 0 0 0 0 0 0 0 0 0 0 0 0;
  INPUT ---        1 captive age.t1.6 sex 120 0.166666666666667 0 0 0 0 0 0 0 
  INPUT ---       0 0 0 0 0;
  INPUT ---        1 captive age.t1.8 sex 115 0.169230769230769 0 0 0 0 0 0 0 
  INPUT ---       0 0 0 0 0;
  INPUT ---        1 captive age.t3.8 sex 126 0.0615384615384615 0 0 0 0 0 0 
  INPUT ---       0 0 0 0 0 0;
  INPUT ---        1 captive age.t4 sex 126 0.0776699029126214 0 0 0 0 0 0 0 
  INPUT ---       0 0 0 0 0;
  INPUT ---        1 captive age.t4.2 sex 126 0.170212765957447 0 0 0 0 0 0 0 
  INPUT ---       0 0 0 0 0;
  INPUT ---        1 captive age.t4.4 sex 114 0.0666666666666667 0 0 0 0 0 0 
  INPUT ---       0 0 0 0 0 0;
  INPUT ---        1 captive age.t4.6 sex 126 0.0894308943089431 0 0 0 0 0 0 
  INPUT ---       0 0 0 0 0 0;
  INPUT ---        1 captive age.t7.1 sex 139 0.08 0 0 0 0 0 0 0 0 0 0 0 0;
  INPUT ---        1 captive age.t7.3 sex 168 0.135135135135135 0 0 0 0 0 0 0 
  INPUT ---       0 0 0 0 0;
  INPUT ---        1 captive age.t7.5 sex 180 0.213740458015267 0 0 0 0 0 0 0 
  INPUT ---       0 0 0 0 0;
  INPUT ---        1 captive age.t7.7 sex 174 0.0869565217391304 0 0 0 0 0 0 
  INPUT ---       0 0 0 0 0 0;
  INPUT ---        1 captive age.t7.9 sex 173 0.131428571428571 0 0 0 0 0 0 0 
  INPUT ---       0 0 0 0 0;
  INPUT ---        1 captive age.t10.567 sex 166 0.167441860465116 0 0 0 0 0 
  INPUT ---       0 0 0 0 0 0 0;
  INPUT ---        1 captive age.t10.767 sex 172 0.155 0 0 0 0 0 0 0 0 0 0 0 
  INPUT ---       0;
  INPUT ---        1 captive age.t10.967 sex 166 0.168831168831169 0 0 0 0 0 
  INPUT ---       0 0 0 0 0 0 0;

  Program  MARK  - Survival Rate Estimation with Capture-Recapture Data
   gfortran(Win64) Vers. 8.1 Mar 2016    5-Aug-2016 15:54:42    Page  006
 - - - - - - - - - - - - - - - - - - - - - - - - - - - - - - - - - - - - - -
 
  INPUT ---        1 captive age.t11.167 sex 171 0.231182795698925 0 0 0 0 0 
  INPUT ---       0 0 0 0 0 0 0;
  INPUT ---        1 captive age.t11.367 sex 151 0.224489795918367 0 0 0 0 0 
  INPUT ---       0 0 0 0 0 0 0;
  INPUT ---        1 captive age.t13.134 sex 192 0.125827814569536 0 0 0 0 0 
  INPUT ---       0 0 0 0 0 0 0;
  INPUT ---        1 captive age.t13.334 sex 185 0.201612903225806 0 0 0 0 0 
  INPUT ---       0 0 0 0 0 0 0;
  INPUT ---        1 captive age.t13.534 sex 198 0.244604316546763 0 0 0 0 0 
  INPUT ---       0 0 0 0 0 0 0;
  INPUT ---        1 captive age.t13.734 sex 198 0.282828282828283 0 0 0 0 0 
  INPUT ---       0 0 0 0 0 0 0;
  INPUT ---        1 captive age.t13.934 sex 195 0.314516129032258 0 0 0 0 0 
  INPUT ---       0 0 0 0 0 0 0;
  INPUT ---        1 captive age.t17.101 sex 192 0.137254901960784 0 0 0 0 0 
  INPUT ---       0 0 0 0 0 0 0;
  INPUT ---        1 captive age.t17.301 sex 192 0.266129032258065 0 0 0 0 0 
  INPUT ---       0 0 0 0 0 0 0;
  INPUT ---        1 captive age.t17.501 sex 198 0.198581560283688 0 0 0 0 0 
  INPUT ---       0 0 0 0 0 0 0;
  INPUT ---        1 captive age.t17.701 sex 198 0.293333333333333 0 0 0 0 0 
  INPUT ---       0 0 0 0 0 0 0;
  INPUT ---        1 captive age.t17.901 sex 198 0.202453987730061 0 0 0 0 0 
  INPUT ---       0 0 0 0 0 0 0;
  INPUT ---        0 0 0 0 0 0 1 0 0 0 0 0 0 0 0 0 0 0;
  INPUT ---        0 0 0 0 0 0 0 1 0 0 0 0 0 0 0 0 0 0;
  INPUT ---        0 0 0 0 0 0 0 1 1 0 0 0 0 0 0 0 0 0;
  INPUT ---        0 0 0 0 0 0 0 1 0 1 0 0 0 0 0 0 0 0;
  INPUT ---        0 0 0 0 0 0 0 1 0 0 1 0 0 0 0 0 0 0;
  INPUT ---        0 0 0 0 0 0 0 1 0 0 0 1 0 0 0 0 0 0;
  INPUT ---        0 0 0 0 0 0 0 1 0 0 0 0 1 0 0 0 0 0;
  INPUT ---        0 0 0 0 0 0 0 0 0 0 0 0 0 1 captive sex 0 0;
  INPUT ---        0 0 0 0 0 0 0 0 0 0 0 0 0 0 0 0 1 0;
  INPUT ---        0 0 0 0 0 0 0 0 0 0 0 0 0 0 0 0 0 1;
  INPUT ---        0 0 0 0 0 0 0 0 0 0 0 0 0 0 0 0 0 0;
  INPUT ---        0 0 0 0 0 0 0 0 0 0 0 0 0 0 0 0 0 0;

  INPUT ---    links=42;

  INPUT ---    Log;

  INPUT ---    Log;

  INPUT ---    Log;

  INPUT ---    Log;

  Program  MARK  - Survival Rate Estimation with Capture-Recapture Data
   gfortran(Win64) Vers. 8.1 Mar 2016    5-Aug-2016 15:54:42    Page  007
 - - - - - - - - - - - - - - - - - - - - - - - - - - - - - - - - - - - - - -
 

  INPUT ---    Log;

  INPUT ---    Log;

  INPUT ---    Log;

  INPUT ---    Log;

  INPUT ---    Log;

  INPUT ---    Log;

  INPUT ---    Log;

  INPUT ---    Log;

  INPUT ---    Log;

  INPUT ---    Log;

  INPUT ---    Log;

  INPUT ---    Log;

  INPUT ---    Log;

  INPUT ---    Log;

  INPUT ---    Log;

  INPUT ---    Log;

  INPUT ---    Log;

  INPUT ---    Log;

  INPUT ---    Log;

  INPUT ---    Log;

  INPUT ---    Log;

  INPUT ---    Log;

  INPUT ---    Log;

  Program  MARK  - Survival Rate Estimation with Capture-Recapture Data
   gfortran(Win64) Vers. 8.1 Mar 2016    5-Aug-2016 15:54:42    Page  008
 - - - - - - - - - - - - - - - - - - - - - - - - - - - - - - - - - - - - - -
 

  INPUT ---    Log;

  INPUT ---    Log;

  INPUT ---    Log;

  INPUT ---    Log;

  INPUT ---    Log;

  INPUT ---    Log;

  INPUT ---    Log;

  INPUT ---    Log;

  INPUT ---    Log;

  INPUT ---    Log;

  INPUT ---    Logit;

  INPUT ---    Logit;

  INPUT ---    Logit;

  INPUT ---    Logit;

  INPUT ---    Logit;
  INPUT ---       blabel(1)=alpha:(Intercept);
  INPUT ---       blabel(2)=alpha:captive;
  INPUT ---       blabel(3)=alpha:age.t;
  INPUT ---       blabel(4)=alpha:sex;
  INPUT ---       blabel(5)=alpha:effort.trapdays;
  INPUT ---       blabel(6)=alpha:recordloss.agout.total;
  INPUT ---       blabel(7)=sigma:(Intercept);
  INPUT ---       blabel(8)=U:(Intercept);
  INPUT ---       blabel(9)=U:sample_monthB;
  INPUT ---       blabel(10)=U:sample_monthC;
  INPUT ---       blabel(11)=U:sample_monthD;
  INPUT ---       blabel(12)=U:sample_monthE;
  INPUT ---       blabel(13)=U:sample_monthF;
  INPUT ---       blabel(14)=Phi:(Intercept);
  INPUT ---       blabel(15)=Phi:captive;
  INPUT ---       blabel(16)=Phi:sex;

  Program  MARK  - Survival Rate Estimation with Capture-Recapture Data
   gfortran(Win64) Vers. 8.1 Mar 2016    5-Aug-2016 15:54:42    Page  009
 - - - - - - - - - - - - - - - - - - - - - - - - - - - - - - - - - - - - - -
 
  INPUT ---       blabel(17)=GammaDoublePrime:(Intercept);
  INPUT ---       blabel(18)=GammaPrime:(Intercept);
  INPUT ---       rlabel(1)=alpha g1 a0 t1;
  INPUT ---       rlabel(2)=alpha g1 a0.2 t1.2;
  INPUT ---       rlabel(3)=alpha g1 a0.4 t1.4;
  INPUT ---       rlabel(4)=alpha g1 a0.6 t1.6;
  INPUT ---       rlabel(5)=alpha g1 a0.8 t1.8;
  INPUT ---       rlabel(6)=alpha g1 a2.8 t3.8;
  INPUT ---       rlabel(7)=alpha g1 a3 t4;
  INPUT ---       rlabel(8)=alpha g1 a3.2 t4.2;
  INPUT ---       rlabel(9)=alpha g1 a3.4 t4.4;
  INPUT ---       rlabel(10)=alpha g1 a3.6 t4.6;
  INPUT ---       rlabel(11)=alpha g1 a6.1 t7.1;
  INPUT ---       rlabel(12)=alpha g1 a6.3 t7.3;
  INPUT ---       rlabel(13)=alpha g1 a6.5 t7.5;
  INPUT ---       rlabel(14)=alpha g1 a6.7 t7.7;
  INPUT ---       rlabel(15)=alpha g1 a6.9 t7.9;
  INPUT ---       rlabel(16)=alpha g1 a9.567 t10.567;
  INPUT ---       rlabel(17)=alpha g1 a9.767 t10.767;
  INPUT ---       rlabel(18)=alpha g1 a9.967 t10.967;
  INPUT ---       rlabel(19)=alpha g1 a10.167 t11.167;
  INPUT ---       rlabel(20)=alpha g1 a10.367 t11.367;
  INPUT ---       rlabel(21)=alpha g1 a12.134 t13.134;
  INPUT ---       rlabel(22)=alpha g1 a12.334 t13.334;
  INPUT ---       rlabel(23)=alpha g1 a12.534 t13.534;
  INPUT ---       rlabel(24)=alpha g1 a12.734 t13.734;
  INPUT ---       rlabel(25)=alpha g1 a12.934 t13.934;
  INPUT ---       rlabel(26)=alpha g1 a16.101 t17.101;
  INPUT ---       rlabel(27)=alpha g1 a16.301 t17.301;
  INPUT ---       rlabel(28)=alpha g1 a16.501 t17.501;
  INPUT ---       rlabel(29)=alpha g1 a16.701 t17.701;
  INPUT ---       rlabel(30)=alpha g1 a16.901 t17.901;
  INPUT ---       rlabel(31)=sigma g1 a0 t1;
  INPUT ---       rlabel(32)=U g1 a0 t1;
  INPUT ---       rlabel(33)=U g1 a2.8 t3.8;
  INPUT ---       rlabel(34)=U g1 a6.1 t7.1;
  INPUT ---       rlabel(35)=U g1 a9.567 t10.567;
  INPUT ---       rlabel(36)=U g1 a12.134 t13.134;
  INPUT ---       rlabel(37)=U g1 a16.101 t17.101;
  INPUT ---       rlabel(38)=Phi g1 c1 a0.8 t1.8;
  INPUT ---       rlabel(39)=Gamma'' g1 c1 a0.8 t1.8;
  INPUT ---       rlabel(40)=Gamma' g1 c1 a0.8 t1.8;
  INPUT ---       rlabel(41)=Phi g1 c1 a0 t1;
  INPUT ---       rlabel(42)=Gamma'' g1 c1 a0 t1;

 Link Function Used is PARM-SPECIFIC

  Program  MARK  - Survival Rate Estimation with Capture-Recapture Data
   gfortran(Win64) Vers. 8.1 Mar 2016    5-Aug-2016 15:54:42    Page  010
 - - - - - - - - - - - - - - - - - - - - - - - - - - - - - - - - - - - - - -
 

 Variance Estimation Procedure Used is 2ndPart 

 M(t+1):
 Group=Group 1                                                                         
       3      3      3      2      3      5      5      5      2      5      5
       4      4      4      4     10      7      7      7      5      5      5
       5      3      4      5      5      5      4      5


 -2logL(saturated) = -0.0000000    
 Effective Sample Size = 169
 Results from first iteration:
  -2logL Initial { alpha(~1 + captive + age.t + sex + effort.trapdays + recordloss.agout.total)sigma(~1)U(~sample_month)Phi(~1 + captive + sex)Gamma''(~1)Gamma'(~1) } = 1138.4459     
  Penalty Initial { alpha(~1 + captive + age.t + sex + effort.trapdays + recordloss.agout.total)sigma(~1)U(~sample_month)Phi(~1 + captive + sex)Gamma''(~1)Gamma'(~1) } = -0.0000000    

 Number of function evaluations was 26 for 18 parameters.
 Time for numerical optimization was 3.09 seconds.
 -2logL { alpha(~1 + captive + age.t + sex + effort.trapdays + recordloss.agout.total)sigma(~1)U(~sample_month)Phi(~1 + captive + sex)Gamma''(~1)Gamma'(~1) } = 1049.2910     
 Penalty { alpha(~1 + captive + age.t + sex + effort.trapdays + recordloss.agout.total)sigma(~1)U(~sample_month)Phi(~1 + captive + sex)Gamma''(~1)Gamma'(~1) } = -0.0000000    

   * *  WARNING  * *   Numerical underflow occurred during optimization of this model. 
     IEEE flag status at end of optimization:
     overflow       F
     divide by zero F
     invalid        F
     underflow      T
     inexact        T

 Gradient { alpha(~1 + captive + age.t + sex + effort.trapdays + recordloss.agout.total)sigma(~1)U(~sample_month)Phi(~1 + captive + sex)Gamma''(~1)Gamma'(~1) }:
 -0.6070606E-02-0.2110726E-02-0.6323515E-02-0.6885336E-02-0.1626859E-02
  0.9947909E-04-0.1782817E-02-0.4265345E-02-0.1052686E-02-0.8998008E-03
 -0.1146778E-02-0.4939367E-03-0.3014456E-03 0.3355346E-02 0.1415988E-02
 -0.8974916E-04-0.1152888E-04  0.000000    
 S Vector { alpha(~1 + captive + age.t + sex + effort.trapdays + recordloss.agout.total)sigma(~1)U(~sample_month)Phi(~1 + captive + sex)Gamma''(~1)Gamma'(~1) }:
   6739.921      401.0264      310.6154      283.4230      251.5090    
   208.0460      126.3790      54.35195      33.41716      27.21560    
   10.74405      9.781609      4.457842      2.520847     0.9502930    
  0.8635087     0.1987949     0.8106035E-08
 Time to compute number of parameters was 3.09 seconds.
   Threshold =  0.3800000E-06     Condition index =  0.1202690E-11     New Threshold =  0.3439100E-07
 New Guessimate of Estimated Parameters { alpha(~1 + captive + age.t + sex + effort.trapdays + recordloss.agout.total)sigma(~1)U(~sample_month)Phi(~1 + captive + sex)Gamma''(~1)Gamma'(~1) } = 17          
 Conditioned S Vector { alpha(~1 + captive + age.t + sex + effort.trapdays + recordloss.agout.total)sigma(~1)U(~sample_month)Phi(~1 + captive + sex)Gamma''(~1)Gamma'(~1) }:
   1.000000     0.5950017E-01 0.4608591E-01 0.4205138E-01 0.3731632E-01
  0.3086773E-01 0.1875081E-01 0.8064182E-02 0.4958094E-02 0.4037971E-02
  0.1594091E-02 0.1451294E-02 0.6614087E-03 0.3740174E-03 0.1409947E-03
  0.1281185E-03 0.2949515E-04 0.1202690E-11
 Number of Estimated Parameters { alpha(~1 + captive + age.t + sex + effort.trapdays + recordloss.agout.total)sigma(~1)U(~sample_month)Phi(~1 + captive + sex)Gamma''(~1)Gamma'(~1) } = 17          
 DEVIANCE { alpha(~1 + captive + age.t + sex + effort.trapdays + recordloss.agout.total)sigma(~1)U(~sample_month)Phi(~1 + captive + sex)Gamma''(~1)Gamma'(~1) } = 1049.2910                     
 DEVIANCE Degrees of Freedom { alpha(~1 + captive + age.t + sex + effort.trapdays + recordloss.agout.total)sigma(~1)U(~sample_month)Phi(~1 + captive + sex)Gamma''(~1)Gamma'(~1) } = -3            
 c-hat { alpha(~1 + captive + age.t + sex + effort.trapdays + recordloss.agout.total)sigma(~1)U(~sample_month)Phi(~1 + captive + sex)Gamma''(~1)Gamma'(~1) } = 1.0000000                     
 AIC { alpha(~1 + captive + age.t + sex + effort.trapdays + recordloss.agout.total)sigma(~1)U(~sample_month)Phi(~1 + captive + sex)Gamma''(~1)Gamma'(~1) } = 1083.2910                  
 AICc { alpha(~1 + captive + age.t + sex + effort.trapdays + recordloss.agout.total)sigma(~1)U(~sample_month)Phi(~1 + captive + sex)Gamma''(~1)Gamma'(~1) } = 1087.3439                    
 BIC { alpha(~1 + captive + age.t + sex + effort.trapdays + recordloss.agout.total)sigma(~1)U(~sample_month)Phi(~1 + captive + sex)Gamma''(~1)Gamma'(~1) } = 1136.4992                    
 Pearson Chisquare { alpha(~1 + captive + age.t + sex + effort.trapdays + recordloss.agout.total)sigma(~1)U(~sample_month)Phi(~1 + captive + sex)Gamma''(~1)Gamma'(~1) } = 0.8230650E+032             

   * *  WARNING  * *   Numerical underflow occurred during variance-covariance calculation of this model. 
     IEEE flag status at end of variance-covariance calculation:
     overflow       F
     divide by zero F
     invalid        F
     underflow      T
     inexact        T


  Program  MARK  - Survival Rate Estimation with Capture-Recapture Data
   gfortran(Win64) Vers. 8.1 Mar 2016    5-Aug-2016 15:54:46    Page  011
 - - - - - - - - - - - - - - - - - - - - - - - - - - - - - - - - - - - - - -
 


 PARM-SPECIFIC Link Function Parameters of { alpha(~1 + captive + age.t + sex + effort.trapdays + recordloss.agout.total)sigma(~1)U(~sample_month)Phi(~1 + captive + sex)Gamma''(~1)Gamma'(~1) }
                                                              95% Confidence Interval
 Parameter                    Beta         Standard Error      Lower           Upper
 -------------------------  --------------  --------------  --------------  --------------
    1:alpha:(Intercept)     0.1124092       0.3977957       -0.6672705      0.8920889     
    2:alpha:captive         0.2280421       0.1110298       0.0104238       0.4456605     
    3:alpha:age.t           0.2225328       0.1583047       -0.0877444      0.5328101     
    4:alpha:sex             0.5421689       0.2052275       0.1399230       0.9444148     
    5:alpha:effort.trapday  0.0042670       0.0018088       0.7217887E-003  0.0078122     
    6:alpha:recordloss.ago  -2.8855929      0.5551252       -3.9736382      -1.7975475    
    7:sigma:(Intercept)     -0.7982602      0.1397777       -1.0722244      -0.5242960    
    8:U:(Intercept)         2.5609223       0.1407288       2.2850939       2.8367507     
    9:U:sample_monthB       0.3391613       0.1319805       0.0804795       0.5978430     
   10:U:sample_monthC       0.4403521       0.1497749       0.1467932       0.7339109     
   11:U:sample_monthD       0.8835813       0.1479414       0.5936161       1.1735465     
   12:U:sample_monthE       0.3349558       0.1701318       0.0014975       0.6684141     
   13:U:sample_monthF       0.6594108       0.1737851       0.3187920       1.0000296     
   14:Phi:(Intercept)       0.0029160       1.5373711       -3.0103315      3.0161635     
   15:Phi:captive           1.6173877       1.2191572       -0.7721605      4.0069359     
   16:Phi:sex               1.7867787       1.5593574       -1.2695618      4.8431192     
   17:GammaDoublePrime:(In  -2.9444204      1.0258202       -4.9550280      -0.9338128    
   18:GammaPrime:(Intercep  17.724958       0.0000000       17.724958       17.724958     


 Real Function Parameters of { alpha(~1 + captive + age.t + sex + effort.trapdays + recordloss.agout.total)sigma(~1)U(~sample_month)Phi(~1 + captive + sex)Gamma''(~1)Gamma'(~1) }

  Program  MARK  - Survival Rate Estimation with Capture-Recapture Data
   gfortran(Win64) Vers. 8.1 Mar 2016    5-Aug-2016 15:54:46    Page  012
 - - - - - - - - - - - - - - - - - - - - - - - - - - - - - - - - - - - - - -
 

      Following estimates based on unstandardized individual covariate values:
          Variable   Value         
          ---------  ------------- 
          CAPTIVE    0.2142857     
          AGE.T1     1.0000000     
          AGE.T1.2   1.0000000     
          AGE.T1.4   1.0000000     
          AGE.T1.6   1.0000000     
          AGE.T1.8   1.0000000     
          AGE.T3.8   1.0000000     
          AGE.T4     1.0000000     
          AGE.T4.2   1.0000000     
          AGE.T4.4   1.0000000     
          AGE.T4.6   1.0000000     
          AGE.T7.1   0.8333333     
          AGE.T7.3   0.8333333     
          AGE.T7.5   0.8333333     
          AGE.T7.7   0.8333333     
          AGE.T7.9   0.8333333     
          AGE.T10.56 0.6666667     
          AGE.T10.76 0.6666667     
          AGE.T10.96 0.6666667     
          AGE.T11.16 0.6666667     
          AGE.T11.36 0.6666667     
          AGE.T13.13 1.0000000     
          AGE.T13.33 1.0000000     
          AGE.T13.53 1.0000000     
          AGE.T13.73 1.0000000     
          AGE.T13.93 1.0000000     
          AGE.T17.10 0.9230769     
          AGE.T17.30 0.9230769     
          AGE.T17.50 0.9230769     
          AGE.T17.70 0.9230769     
          AGE.T17.90 0.9230769     
          SEX        0.8461538     
                                                               95% Confidence Interval
  Parameter                  Estimate       Standard Error      Lower           Upper
 --------------------------  --------------  --------------  --------------  --------------
     1:alpha g1 a0 t1        2.0448871       0.2988132       1.5379421       2.7189342                           
     2:alpha g1 a0.2 t1.2    2.4201354       0.3273436       1.8587751       3.1510297                           
     3:alpha g1 a0.4 t1.4    2.9986295       0.3284224       2.4208715       3.7142735                           
     4:alpha g1 a0.6 t1.6    2.3956930       0.2570655       1.9424692       2.9546647                           
     5:alpha g1 a0.8 t1.8    2.3278351       0.2664325       1.8614138       2.9111293                           
     6:alpha g1 a2.8 t3.8    3.3288659       0.3349131       2.7344622       4.0524780                           
     7:alpha g1 a3 t4        3.1774624       0.3122021       2.6220727       3.8504910                           
     8:alpha g1 a3.2 t4.2    2.4327976       0.2441083       1.9994390       2.9600823                           
     9:alpha g1 a3.4 t4.4    3.1162487       0.3442637       2.5111924       3.8670895                           
    10:alpha g1 a3.6 t4.6    3.0714368       0.2980075       2.5406524       3.7131108                           

  Program  MARK  - Survival Rate Estimation with Capture-Recapture Data
   gfortran(Win64) Vers. 8.1 Mar 2016    5-Aug-2016 15:54:46    Page  013
 - - - - - - - - - - - - - - - - - - - - - - - - - - - - - - - - - - - - - -
 
    11:alpha g1 a6.1 t7.1    3.2147229       0.2868715       2.6998165       3.8278318                           
    12:alpha g1 a6.3 t7.3    3.1030521       0.2376150       2.6711773       3.6047524                           
    13:alpha g1 a6.5 t7.5    2.6032666       0.2012974       2.2376719       3.0285928                           
    14:alpha g1 a6.7 t7.7    3.6583490       0.3377695       3.0539389       4.3823790                           
    15:alpha g1 a6.9 t7.9    3.2040536       0.2548743       2.7421698       3.7437358                           
    16:alpha g1 a9.567 t10.  2.7007766       0.2169111       2.3079881       3.1604124                           
    17:alpha g1 a9.767 t10.  2.8720998       0.2353447       2.4466172       3.3715767                           
    18:alpha g1 a9.967 t10.  2.6899709       0.2159937       2.2988366       3.1476545                           
    19:alpha g1 a10.167 t11  2.2954844       0.1964741       1.9415574       2.7139289                           
    20:alpha g1 a10.367 t11  2.1488170       0.2019916       1.7879684       2.5824923                           
    21:alpha g1 a12.134 t13  3.6646754       0.3681461       3.0111923       4.4599763                           
    22:alpha g1 a12.334 t13  2.8581826       0.2344377       2.4343741       3.3557735                           
    23:alpha g1 a12.534 t13  2.6687256       0.2493381       2.2230423       3.2037610                           
    24:alpha g1 a12.734 t13  2.3900212       0.2348954       1.9721668       2.8964089                           
    25:alpha g1 a12.934 t13  2.1534325       0.2243925       1.7565960       2.6399192                           
    26:alpha g1 a16.101 t17  3.4856270       0.3318007       2.8935785       4.1988132                           
    27:alpha g1 a16.301 t17  2.4031243       0.2159010       2.0158351       2.8648208                           
    28:alpha g1 a16.501 t17  2.9960240       0.2741978       2.5049774       3.5833297                           
    29:alpha g1 a16.701 t17  2.2793061       0.2246002       1.8798674       2.7636184                           
    30:alpha g1 a16.901 t17  2.9627321       0.2702765       2.4785664       3.5414751                           
    31:sigma g1 a0 t1        0.4501114       0.0629155       0.3426999       0.5911886                           
    32:U g1 a0 t1            12.947753       1.8221215       9.8398954       17.037205                           
    33:U g1 a2.8 t3.8        18.175664       2.0499726       14.581008       22.656509                           
    34:U g1 a6.1 t7.1        20.111149       1.6936087       17.056127       23.713374                           
    35:U g1 a9.567 t10.567   31.327728       2.3267019       27.089198       36.229442                           
    36:U g1 a12.134 t13.134  18.099387       1.6363838       15.165651       21.600644                           
    37:U g1 a16.101 t17.101  25.036459       2.2799176       20.951626       29.917692                           
    38:Phi g1 c1 a0.8 t1.8   0.8654587       0.0493884       0.7369253       0.9365962                           
    39:Gamma'' g1 c1 a0.8 t  0.0500009       0.0487273       0.0069986       0.2821518                           
    40:Gamma' g1 c1 a0.8 t1  1.0000000       0.0000000       1.0000000       1.0000000                           
    41:Phi g1 c1 a0 t1       1.0000000       0.0000000       1.0000000       1.0000000       Fixed               
    42:Gamma'' g1 c1 a0 t1   0.0000000       0.0000000       0.0000000       0.0000000       Fixed               

  Program  MARK  - Survival Rate Estimation with Capture-Recapture Data
   gfortran(Win64) Vers. 8.1 Mar 2016    5-Aug-2016 15:54:46    Page  014
 - - - - - - - - - - - - - - - - - - - - - - - - - - - - - - - - - - - - - -
 


                      Estimates of Derived Parameters
 Population Estimates of { alpha(~1 + captive + age.t + sex + effort.trapdays + recordloss.agout.total)sigma(~1)U(~sample_month)Phi(~1 + captive + sex)Gamma''(~1)Gamma'(~1) }
                                                95% Confidence Interval
 Grp. Occ.   N-hat           Standard Error      Lower           Upper
 ---- ----   --------------  --------------  --------------  --------------
   1     1   15.947753       1.8221224       12.757284       19.936127     
   1     2   15.947753       1.8221224       12.757284       19.936127     
   1     3   15.947753       1.8221224       12.757284       19.936127     
   1     4   15.113976       1.8561249       11.891400       19.209872     
   1     5   15.947753       1.8221224       12.757284       19.936127     
   1     6   23.175664       2.0499733       19.493307       27.553631     
   1     7   23.175664       2.0499733       19.493307       27.553631     
   1     8   23.175664       2.0499733       19.493307       27.553631     
   1     9   20.314470       2.0783891       16.631959       24.812331     
   1    10   23.175664       2.0499733       19.493307       27.553631     
   1    11   25.398301       1.7338805       22.220901       29.030042     
   1    12   24.359464       1.7285410       21.200271       27.989430     
   1    13   24.480447       1.7341928       21.310549       28.121861     
   1    14   24.297149       1.7248639       21.144772       27.919499     
   1    15   24.368583       1.7291688       21.208241       27.999864     
   1    16   39.139516       2.4397288       34.642321       44.220528     
   1    17   38.954708       2.4065122       34.516299       43.963847     
   1    18   39.146119       2.4404324       34.647659       44.228633     
   1    19   39.411256       2.4580573       34.880433       44.530613     
   1    20   37.292105       2.4577821       32.777601       42.428399     
   1    21   22.319656       1.6702573       19.278661       25.840334     
   1    22   23.571938       1.6960846       20.475110       27.137156     
   1    23   23.564670       1.7051701       20.452508       27.150394     
   1    24   21.439623       1.6843213       18.384312       25.002699     
   1    25   22.783412       1.7242586       19.646727       26.420881     
   1    26   30.307583       2.3272445       26.078612       35.222334     
   1    27   30.660830       2.3675929       26.360376       35.662865     
   1    28   30.424519       2.3457862       26.163181       35.379925     
   1    29   29.635248       2.3671150       25.346948       34.649060     
   1    30   30.434495       2.3470316       26.170960       35.392606     
 Mean Resighting Rate Estimates of { alpha(~1 + captive + age.t + sex + effort.trapdays + recordloss.agout.total)sigma(~1)U(~sample_month)Phi(~1 + captive + sex)Gamma''(~1)Gamma'(~1) }
                                                95% Confidence Interval
 Grp. Occ.   Lambda-hat      Standard Error      Lower           Upper
 ---- ----   --------------  --------------  --------------  --------------
   1     1   2.2628899       0.3183082       1.7199405       2.9772370     
   1     2   2.6781430       0.3473402       2.0791973       3.4496244     
   1     3   3.3183096       0.3414612       2.7136597       4.0576858     
   1     4   2.6510948       0.2646778       2.1809855       3.2225357     
   1     5   2.5760026       0.2768645       2.0879565       3.1781261     
   1     6   3.6837520       0.3443739       3.0682290       4.4227561     
   1     7   3.5162076       0.3192938       2.9439963       4.1996371     
   1     8   2.6921550       0.2484009       2.2476361       3.2245872     
   1     9   3.4484680       0.3586881       2.8140122       4.2259701     

  Program  MARK  - Survival Rate Estimation with Capture-Recapture Data
   gfortran(Win64) Vers. 8.1 Mar 2016    5-Aug-2016 15:54:46    Page  015
 - - - - - - - - - - - - - - - - - - - - - - - - - - - - - - - - - - - - - -
 
   1    10   3.3988787       0.3037583       2.8537341       4.0481615     
   1    11   3.9312834       0.2885230       3.4052270       4.5386076     
   1    12   3.6662077       0.2239587       3.2528716       4.1320655     
   1    13   3.3303938       0.1929128       2.9732414       3.7304481     
   1    14   4.7619480       0.3441084       4.1338429       5.4854887     
   1    15   4.4797606       0.2530742       4.0105641       5.0038484     
   1    16   3.5064708       0.2088249       3.1204811       3.9402056     
   1    17   4.0952360       0.2341656       3.6613906       4.5804887     
   1    18   3.7527650       0.2126376       3.3586033       4.1931851     
   1    19   3.1639525       0.1981659       2.7987774       3.5767744     
   1    20   2.8928312       0.2093697       2.5107091       3.3331110     
   1    21   5.4828380       0.3938437       4.7636447       6.3106118     
   1    22   3.5293377       0.2316526       3.1037199       4.0133210     
   1    23   3.3147899       0.2547012       2.8519806       3.8527022     
   1    24   3.2327921       0.2492215       2.7800536       3.7592602     
   1    25   4.1004522       0.2771325       3.5922543       4.6805452     
   1    26   4.2354501       0.3375787       3.6237837       4.9503611     
   1    27   2.6593183       0.2100485       2.2784563       3.1038443     
   1    28   3.8697662       0.2795207       3.3595386       4.4574842     
   1    29   3.1760638       0.2401426       2.7391781       3.6826306     
   1    30   3.8318448       0.2754219       3.3289226       4.4107467     
 Pr(Captured 1 or more times) of { alpha(~1 + captive + age.t + sex + effort.trapdays + recordloss.agout.total)sigma(~1)U(~sample_month)Phi(~1 + captive + sex)Gamma''(~1)Gamma'(~1) }
                                                95% Confidence Interval
 Grp. Occ.      p*-hat       Standard Error      Lower           Upper
 ---- ----   --------------  --------------  --------------  --------------
   1     1   0.2938526       0.0108648       0.2730166       0.3155884     
   1     2   0.3046027       0.0084563       0.2882860       0.3214257     
   1     3   0.3152240       0.0054783       0.3045864       0.3260589     
   1     4   0.4616331       0.0112706       0.4396322       0.4837845     
   1     5   0.3023114       0.0078604       0.2871310       0.3179365     
   1     6   0.1904503       0.0028690       0.1848905       0.1961371     
   1     7   0.1893405       0.0030256       0.1834814       0.1953419     
   1     8   0.1811805       0.0042661       0.1729687       0.1896928     
   1     9   0.4675506       0.0098181       0.4483649       0.4868327     
   1    10   0.1884752       0.0031471       0.1823842       0.1947211     
   1    11   0.1922955       0.0022367       0.1879497       0.1967175     
   1    12   0.2381907       0.0031842       0.2320059       0.2444878     
   1    13   0.2359675       0.0034154       0.2293390       0.2427271     
   1    14   0.2442282       0.0019614       0.2404044       0.2480930     
   1    15   0.2435367       0.0019064       0.2398196       0.2472926     
   1    16   0.1330705       0.0022976       0.1286313       0.1376386     
   1    17   0.1376893       0.0013583       0.1350486       0.1403733     
   1    18   0.1352304       0.0018594       0.1316272       0.1389165     
   1    19   0.1317056       0.0022932       0.1272756       0.1362657     
   1    20   0.1791253       0.0046141       0.1702594       0.1883480     
   1    21   0.2465009       0.0012823       0.2439963       0.2490228     
   1    22   0.1875539       0.0029056       0.1819253       0.1933154     
   1    23   0.1877748       0.0030775       0.1818171       0.1938814     
   1    24   0.3135134       0.0049625       0.3038699       0.3233207     
   1    25   0.2416944       0.0024561       0.2369132       0.2465410     

  Program  MARK  - Survival Rate Estimation with Capture-Recapture Data
   gfortran(Win64) Vers. 8.1 Mar 2016    5-Aug-2016 15:54:46    Page  016
 - - - - - - - - - - - - - - - - - - - - - - - - - - - - - - - - - - - - - -
 
   1    26   0.1927239       0.0022555       0.1883417       0.1971834     
   1    27   0.1777976       0.0045093       0.1691308       0.1868087     
   1    28   0.1912898       0.0023912       0.1866469       0.1960205     
   1    29   0.2317949       0.0042668       0.2235374       0.2402630     
   1    30   0.1910713       0.0024246       0.1863643       0.1958687     

 Attempted ordering of parameters by estimatibility:
   1  8 11 13 10 12  2  7  9  3  4 14  5  6 17 15 16 18
 Beta number 18 is a singular value.

     CPU Time in seconds for last procedure was 6.42


  INPUT --- proc stop;

   * *  WARNING  * *   Numerical underflow occurred during final processing of this model. 
     IEEE flag status at final processing of this model:
     overflow       F
     divide by zero F
     invalid        F
     underflow      T
     inexact        T


     CPU Time in minutes for this job was 0.11

     Time Start = 15:54:42.028   Time End = 15:54:46.489

     Wall Clock Time in minutes for this job was 0.07


          E X E C U T I O N   S U C C E S S F U L 
