
   Program  MARK  - Survival Rate Estimation with Capture-Recapture Data
   gfortran(Win64) Vers. 8.1 Mar 2016    5-Aug-2016 15:56:59    Page  001
 - - - - - - - - - - - - - - - - - - - - - - - - - - - - - - - - - - - - - -
 
   This version was compiled by GCC version 5.3.0 using the options: 
     -cpp -iprefix c:\tdm-gcc-64\gcc\bin\../lib/gcc/x86_64-w64-mingw32/5.3.0/ -D_MT
     -U_REENTRANT -D IEEE -m64 -mtune=generic -march=x86-64 -mthreads -O2
     -fimplicit-none -fbounds-check -funroll-loops -ftree-vectorize
     -ffpe-summary=invalid,zero,overflow,underflow -fno-unsafe-math-optimizations
     -frounding-math -fsignaling-nans -fopenmp.

   This problem will use 3 of 4 possible threads.


  INPUT --- proc title ;

     CPU Time in seconds for last procedure was 0.00


  INPUT --- proc chmatrix occasions= 30 groups= 1 etype= PoissonMR 
  INPUT --- icovar = 32 ICMeans NoHist  hist= 14 ;

  INPUT ---    time interval 0.2 0.2 0.2 0.2 2 0.2 0.2 0.2 0.2 2.5 0.2 0.2 
  INPUT ---    0.2 0.2 2.667 0.2 0.2 0.2  0.2 1.767 0.2 0.2 0.2 0.2 3.167 
  INPUT ---    0.2 0.2 0.2 0.2 ;

  INPUT ---     icovariates captive age.t1 age.t1.2 age.t1.4  age.t1.6 
  INPUT ---    age.t1.8 age.t3.8 age.t4 age.t4.2 age.t4.4 age.t4.6 
  INPUT ---    age.t7.1 age.t7.3 age.t7.5 age.t7.7  age.t7.9 age.t10.567 
  INPUT ---    age.t10.767 age.t10.967 age.t11.167 age.t11.367 age.t13.134 
  INPUT ---    age.t13.334  age.t13.534 age.t13.734 age.t13.934 
  INPUT ---    age.t17.101 age.t17.301 age.t17.501 age.t17.701 age.t17.901 
  INPUT ---     sex ;

  INPUT ---    glabel(1)=Group 1;

      Number of unique encounter histories read was 14.

      Number of individual covariates read was 32.
      Time interval lengths vary and/or not equal to 1.

      Data type number is 115
      Data type is Poisson Mark Resight with Robust Design                                                             

     CPU Time in seconds for last procedure was 0.02

  Program  MARK  - Survival Rate Estimation with Capture-Recapture Data
   gfortran(Win64) Vers. 8.1 Mar 2016    5-Aug-2016 15:56:59    Page  002
 - - - - - - - - - - - - - - - - - - - - - - - - - - - - - - - - - - - - - -
 


  INPUT --- proc estimate link=Parm-Specific NOLOOP varest=2ndPart    ;


  INPUT --- model={ alpha(~1 + captive + age.t + sex + effort.trapdays 
  INPUT --- + recordloss.agout.total)sigma(~1)U(~sample_month)Phi(~1 + 
  INPUT --- age.t + sex)Gamma''(~1)Gamma'(~1) };

  INPUT ---    fixed=2;
  INPUT ---        parm(43)=1 ;
  INPUT ---        parm(44)=0 ;

  INPUT ---    group=1 alpha    rows=1 cols=30 Square ;
  INPUT ---        1 2 3 4 5 6 7 8 9 10 11 12 13 14 15 16 17 18 19 20 21 22 
  INPUT ---       23 24 25 26 27 28 29 30 ;

  INPUT ---    group=1 sigma    rows=1 cols=30 Square ;
  INPUT ---        31 31 31 31 31 31 31 31 31 31 31 31 31 31 31 31 31 31 31 
  INPUT ---       31 31 31 31 31 31 31 31 31 31 31 ;

  INPUT ---    group=1 U    rows=1 cols=30 Square ;
  INPUT ---        32 32 32 32 32 33 33 33 33 33 34 34 34 34 34 35 35 35 35 
  INPUT ---       35 36 36 36 36 36 37 37 37 37 37 ;

  INPUT ---    group=1 Phi    rows=29 cols=29 Triang ;
  INPUT ---        43 43 43 43 38 43 43 43 43 39 43 43 43 43 40 43 43 43 43 
  INPUT ---       41 43 43 43 43 42 43 43 43 43 ;
  INPUT ---        43 43 43 43 43 43 43 43 43 43 43 43 43 43 43 43 43 43 43 
  INPUT ---       43 43 43 43 43 43 43 43 43 ;
  INPUT ---        43 43 43 43 43 43 43 43 43 43 43 43 43 43 43 43 43 43 43 
  INPUT ---       43 43 43 43 43 43 43 43 ;
  INPUT ---        43 43 43 43 43 43 43 43 43 43 43 43 43 43 43 43 43 43 43 
  INPUT ---       43 43 43 43 43 43 43 ;
  INPUT ---        43 43 43 43 43 43 43 43 43 43 43 43 43 43 43 43 43 43 43 
  INPUT ---       43 43 43 43 43 43 ;
  INPUT ---        43 43 43 43 39 43 43 43 43 40 43 43 43 43 41 43 43 43 43 
  INPUT ---       42 43 43 43 43 ;
  INPUT ---        43 43 43 43 43 43 43 43 43 43 43 43 43 43 43 43 43 43 43 
  INPUT ---       43 43 43 43 ;
  INPUT ---        43 43 43 43 43 43 43 43 43 43 43 43 43 43 43 43 43 43 43 
  INPUT ---       43 43 43 ;
  INPUT ---        43 43 43 43 43 43 43 43 43 43 43 43 43 43 43 43 43 43 43 
  INPUT ---       43 43 ;
  INPUT ---        43 43 43 43 43 43 43 43 43 43 43 43 43 43 43 43 43 43 43 
  INPUT ---       43 ;

  Program  MARK  - Survival Rate Estimation with Capture-Recapture Data
   gfortran(Win64) Vers. 8.1 Mar 2016    5-Aug-2016 15:56:59    Page  003
 - - - - - - - - - - - - - - - - - - - - - - - - - - - - - - - - - - - - - -
 
  INPUT ---        43 43 43 43 40 43 43 43 43 41 43 43 43 43 42 43 43 43 43 ;
  INPUT ---        43 43 43 43 43 43 43 43 43 43 43 43 43 43 43 43 43 43 ;
  INPUT ---        43 43 43 43 43 43 43 43 43 43 43 43 43 43 43 43 43 ;
  INPUT ---        43 43 43 43 43 43 43 43 43 43 43 43 43 43 43 43 ;
  INPUT ---        43 43 43 43 43 43 43 43 43 43 43 43 43 43 43 ;
  INPUT ---        43 43 43 43 41 43 43 43 43 42 43 43 43 43 ;
  INPUT ---        43 43 43 43 43 43 43 43 43 43 43 43 43 ;
  INPUT ---        43 43 43 43 43 43 43 43 43 43 43 43 ;
  INPUT ---        43 43 43 43 43 43 43 43 43 43 43 ;
  INPUT ---        43 43 43 43 43 43 43 43 43 43 ;
  INPUT ---        43 43 43 43 42 43 43 43 43 ;
  INPUT ---        43 43 43 43 43 43 43 43 ;
  INPUT ---        43 43 43 43 43 43 43 ;
  INPUT ---        43 43 43 43 43 43 ;
  INPUT ---        43 43 43 43 43 ;
  INPUT ---        43 43 43 43 ;
  INPUT ---        43 43 43 ;
  INPUT ---        43 43 ;
  INPUT ---        43 ;

  INPUT ---    group=1 Gamma''    rows=29 cols=29 Triang ;
  INPUT ---        44 44 44 44 44 44 44 44 44 44 44 44 44 44 44 44 44 44 44 
  INPUT ---       44 44 44 44 44 44 44 44 44 44 ;
  INPUT ---        44 44 44 44 44 44 44 44 44 44 44 44 44 44 44 44 44 44 44 
  INPUT ---       44 44 44 44 44 44 44 44 44 ;
  INPUT ---        44 44 44 44 44 44 44 44 44 44 44 44 44 44 44 44 44 44 44 
  INPUT ---       44 44 44 44 44 44 44 44 ;
  INPUT ---        44 44 44 44 44 44 44 44 44 44 44 44 44 44 44 44 44 44 44 
  INPUT ---       44 44 44 44 44 44 44 ;
  INPUT ---        44 44 44 44 44 44 44 44 44 44 44 44 44 44 44 44 44 44 44 
  INPUT ---       44 44 44 44 44 44 ;
  INPUT ---        44 44 44 44 44 44 44 44 44 44 44 44 44 44 44 44 44 44 44 
  INPUT ---       44 44 44 44 44 ;
  INPUT ---        44 44 44 44 44 44 44 44 44 44 44 44 44 44 44 44 44 44 44 
  INPUT ---       44 44 44 44 ;
  INPUT ---        44 44 44 44 44 44 44 44 44 44 44 44 44 44 44 44 44 44 44 
  INPUT ---       44 44 44 ;
  INPUT ---        44 44 44 44 44 44 44 44 44 44 44 44 44 44 44 44 44 44 44 
  INPUT ---       44 44 ;
  INPUT ---        44 44 44 44 44 44 44 44 44 44 44 44 44 44 44 44 44 44 44 
  INPUT ---       44 ;
  INPUT ---        44 44 44 44 44 44 44 44 44 44 44 44 44 44 44 44 44 44 44 ;
  INPUT ---        44 44 44 44 44 44 44 44 44 44 44 44 44 44 44 44 44 44 ;
  INPUT ---        44 44 44 44 44 44 44 44 44 44 44 44 44 44 44 44 44 ;
  INPUT ---        44 44 44 44 44 44 44 44 44 44 44 44 44 44 44 44 ;
  INPUT ---        44 44 44 44 44 44 44 44 44 44 44 44 44 44 44 ;

  Program  MARK  - Survival Rate Estimation with Capture-Recapture Data
   gfortran(Win64) Vers. 8.1 Mar 2016    5-Aug-2016 15:56:59    Page  004
 - - - - - - - - - - - - - - - - - - - - - - - - - - - - - - - - - - - - - -
 
  INPUT ---        44 44 44 44 44 44 44 44 44 44 44 44 44 44 ;
  INPUT ---        44 44 44 44 44 44 44 44 44 44 44 44 44 ;
  INPUT ---        44 44 44 44 44 44 44 44 44 44 44 44 ;
  INPUT ---        44 44 44 44 44 44 44 44 44 44 44 ;
  INPUT ---        44 44 44 44 44 44 44 44 44 44 ;
  INPUT ---        44 44 44 44 44 44 44 44 44 ;
  INPUT ---        44 44 44 44 44 44 44 44 ;
  INPUT ---        44 44 44 44 44 44 44 ;
  INPUT ---        44 44 44 44 44 44 ;
  INPUT ---        44 44 44 44 44 ;
  INPUT ---        44 44 44 44 ;
  INPUT ---        44 44 44 ;
  INPUT ---        44 44 ;
  INPUT ---        44 ;

  INPUT ---    group=1 Gamma'    rows=28 cols=28 Triang ;
  INPUT ---        44 44 44 44 44 44 44 44 44 44 44 44 44 44 44 44 44 44 44 
  INPUT ---       44 44 44 44 44 44 44 44 44 ;
  INPUT ---        44 44 44 44 44 44 44 44 44 44 44 44 44 44 44 44 44 44 44 
  INPUT ---       44 44 44 44 44 44 44 44 ;
  INPUT ---        44 44 44 44 44 44 44 44 44 44 44 44 44 44 44 44 44 44 44 
  INPUT ---       44 44 44 44 44 44 44 ;
  INPUT ---        44 44 44 44 44 44 44 44 44 44 44 44 44 44 44 44 44 44 44 
  INPUT ---       44 44 44 44 44 44 ;
  INPUT ---        44 44 44 44 44 44 44 44 44 44 44 44 44 44 44 44 44 44 44 
  INPUT ---       44 44 44 44 44 ;
  INPUT ---        44 44 44 44 44 44 44 44 44 44 44 44 44 44 44 44 44 44 44 
  INPUT ---       44 44 44 44 ;
  INPUT ---        44 44 44 44 44 44 44 44 44 44 44 44 44 44 44 44 44 44 44 
  INPUT ---       44 44 44 ;
  INPUT ---        44 44 44 44 44 44 44 44 44 44 44 44 44 44 44 44 44 44 44 
  INPUT ---       44 44 ;
  INPUT ---        44 44 44 44 44 44 44 44 44 44 44 44 44 44 44 44 44 44 44 
  INPUT ---       44 ;
  INPUT ---        44 44 44 44 44 44 44 44 44 44 44 44 44 44 44 44 44 44 44 ;
  INPUT ---        44 44 44 44 44 44 44 44 44 44 44 44 44 44 44 44 44 44 ;
  INPUT ---        44 44 44 44 44 44 44 44 44 44 44 44 44 44 44 44 44 ;
  INPUT ---        44 44 44 44 44 44 44 44 44 44 44 44 44 44 44 44 ;
  INPUT ---        44 44 44 44 44 44 44 44 44 44 44 44 44 44 44 ;
  INPUT ---        44 44 44 44 44 44 44 44 44 44 44 44 44 44 ;
  INPUT ---        44 44 44 44 44 44 44 44 44 44 44 44 44 ;
  INPUT ---        44 44 44 44 44 44 44 44 44 44 44 44 ;
  INPUT ---        44 44 44 44 44 44 44 44 44 44 44 ;
  INPUT ---        44 44 44 44 44 44 44 44 44 44 ;
  INPUT ---        44 44 44 44 44 44 44 44 44 ;
  INPUT ---        44 44 44 44 44 44 44 44 ;

  Program  MARK  - Survival Rate Estimation with Capture-Recapture Data
   gfortran(Win64) Vers. 8.1 Mar 2016    5-Aug-2016 15:56:59    Page  005
 - - - - - - - - - - - - - - - - - - - - - - - - - - - - - - - - - - - - - -
 
  INPUT ---        44 44 44 44 44 44 44 ;
  INPUT ---        44 44 44 44 44 44 ;
  INPUT ---        44 44 44 44 44 ;
  INPUT ---        44 44 44 44 ;
  INPUT ---        44 44 44 ;
  INPUT ---        44 44 ;
  INPUT ---        44 ;

  INPUT ---    initial  0.8492118 0 0 0 0 0 -0.3123225 3.139572 0 0 0 0 0 
  INPUT ---    2.0066797 0 0  ;

  INPUT ---    design matrix constraints=44 covariates=16;
  INPUT ---        1 captive age.t1 sex 96 0.186046511627907 0 0 0 0 0 0 0 0 
  INPUT ---       0 0;
  INPUT ---        1 captive age.t1.2 sex 96 0.127659574468085 0 0 0 0 0 0 0 
  INPUT ---       0 0 0;
  INPUT ---        1 captive age.t1.4 sex 114 0.08 0 0 0 0 0 0 0 0 0 0;
  INPUT ---        1 captive age.t1.6 sex 120 0.166666666666667 0 0 0 0 0 0 0 
  INPUT ---       0 0 0;
  INPUT ---        1 captive age.t1.8 sex 115 0.169230769230769 0 0 0 0 0 0 0 
  INPUT ---       0 0 0;
  INPUT ---        1 captive age.t3.8 sex 126 0.0615384615384615 0 0 0 0 0 0 
  INPUT ---       0 0 0 0;
  INPUT ---        1 captive age.t4 sex 126 0.0776699029126214 0 0 0 0 0 0 0 
  INPUT ---       0 0 0;
  INPUT ---        1 captive age.t4.2 sex 126 0.170212765957447 0 0 0 0 0 0 0 
  INPUT ---       0 0 0;
  INPUT ---        1 captive age.t4.4 sex 114 0.0666666666666667 0 0 0 0 0 0 
  INPUT ---       0 0 0 0;
  INPUT ---        1 captive age.t4.6 sex 126 0.0894308943089431 0 0 0 0 0 0 
  INPUT ---       0 0 0 0;
  INPUT ---        1 captive age.t7.1 sex 139 0.08 0 0 0 0 0 0 0 0 0 0;
  INPUT ---        1 captive age.t7.3 sex 168 0.135135135135135 0 0 0 0 0 0 0 
  INPUT ---       0 0 0;
  INPUT ---        1 captive age.t7.5 sex 180 0.213740458015267 0 0 0 0 0 0 0 
  INPUT ---       0 0 0;
  INPUT ---        1 captive age.t7.7 sex 174 0.0869565217391304 0 0 0 0 0 0 
  INPUT ---       0 0 0 0;
  INPUT ---        1 captive age.t7.9 sex 173 0.131428571428571 0 0 0 0 0 0 0 
  INPUT ---       0 0 0;
  INPUT ---        1 captive age.t10.567 sex 166 0.167441860465116 0 0 0 0 0 
  INPUT ---       0 0 0 0 0;
  INPUT ---        1 captive age.t10.767 sex 172 0.155 0 0 0 0 0 0 0 0 0 0;
  INPUT ---        1 captive age.t10.967 sex 166 0.168831168831169 0 0 0 0 0 
  INPUT ---       0 0 0 0 0;
  INPUT ---        1 captive age.t11.167 sex 171 0.231182795698925 0 0 0 0 0 

  Program  MARK  - Survival Rate Estimation with Capture-Recapture Data
   gfortran(Win64) Vers. 8.1 Mar 2016    5-Aug-2016 15:56:59    Page  006
 - - - - - - - - - - - - - - - - - - - - - - - - - - - - - - - - - - - - - -
 
  INPUT ---       0 0 0 0 0;
  INPUT ---        1 captive age.t11.367 sex 151 0.224489795918367 0 0 0 0 0 
  INPUT ---       0 0 0 0 0;
  INPUT ---        1 captive age.t13.134 sex 192 0.125827814569536 0 0 0 0 0 
  INPUT ---       0 0 0 0 0;
  INPUT ---        1 captive age.t13.334 sex 185 0.201612903225806 0 0 0 0 0 
  INPUT ---       0 0 0 0 0;
  INPUT ---        1 captive age.t13.534 sex 198 0.244604316546763 0 0 0 0 0 
  INPUT ---       0 0 0 0 0;
  INPUT ---        1 captive age.t13.734 sex 198 0.282828282828283 0 0 0 0 0 
  INPUT ---       0 0 0 0 0;
  INPUT ---        1 captive age.t13.934 sex 195 0.314516129032258 0 0 0 0 0 
  INPUT ---       0 0 0 0 0;
  INPUT ---        1 captive age.t17.101 sex 192 0.137254901960784 0 0 0 0 0 
  INPUT ---       0 0 0 0 0;
  INPUT ---        1 captive age.t17.301 sex 192 0.266129032258065 0 0 0 0 0 
  INPUT ---       0 0 0 0 0;
  INPUT ---        1 captive age.t17.501 sex 198 0.198581560283688 0 0 0 0 0 
  INPUT ---       0 0 0 0 0;
  INPUT ---        1 captive age.t17.701 sex 198 0.293333333333333 0 0 0 0 0 
  INPUT ---       0 0 0 0 0;
  INPUT ---        1 captive age.t17.901 sex 198 0.202453987730061 0 0 0 0 0 
  INPUT ---       0 0 0 0 0;
  INPUT ---        0 0 0 0 0 0 1 0 0 0 0 0 0 0 0 0;
  INPUT ---        0 0 0 0 0 0 0 1 0 0 0 0 0 0 0 0;
  INPUT ---        0 0 0 0 0 0 0 1 1 0 0 0 0 0 0 0;
  INPUT ---        0 0 0 0 0 0 0 1 0 1 0 0 0 0 0 0;
  INPUT ---        0 0 0 0 0 0 0 1 0 0 1 0 0 0 0 0;
  INPUT ---        0 0 0 0 0 0 0 1 0 0 0 1 0 0 0 0;
  INPUT ---        0 0 0 0 0 0 0 1 0 0 0 0 1 0 0 0;
  INPUT ---        0 0 0 0 0 0 0 0 0 0 0 0 0 1 age.t1.8 sex;
  INPUT ---        0 0 0 0 0 0 0 0 0 0 0 0 0 1 age.t4.6 sex;
  INPUT ---        0 0 0 0 0 0 0 0 0 0 0 0 0 1 age.t7.9 sex;
  INPUT ---        0 0 0 0 0 0 0 0 0 0 0 0 0 1 age.t11.367 sex;
  INPUT ---        0 0 0 0 0 0 0 0 0 0 0 0 0 1 age.t13.934 sex;
  INPUT ---        0 0 0 0 0 0 0 0 0 0 0 0 0 0 0 0;
  INPUT ---        0 0 0 0 0 0 0 0 0 0 0 0 0 0 0 0;

  INPUT ---    links=44;

  INPUT ---    Log;

  INPUT ---    Log;

  INPUT ---    Log;


  Program  MARK  - Survival Rate Estimation with Capture-Recapture Data
   gfortran(Win64) Vers. 8.1 Mar 2016    5-Aug-2016 15:56:59    Page  007
 - - - - - - - - - - - - - - - - - - - - - - - - - - - - - - - - - - - - - -
 
  INPUT ---    Log;

  INPUT ---    Log;

  INPUT ---    Log;

  INPUT ---    Log;

  INPUT ---    Log;

  INPUT ---    Log;

  INPUT ---    Log;

  INPUT ---    Log;

  INPUT ---    Log;

  INPUT ---    Log;

  INPUT ---    Log;

  INPUT ---    Log;

  INPUT ---    Log;

  INPUT ---    Log;

  INPUT ---    Log;

  INPUT ---    Log;

  INPUT ---    Log;

  INPUT ---    Log;

  INPUT ---    Log;

  INPUT ---    Log;

  INPUT ---    Log;

  INPUT ---    Log;

  INPUT ---    Log;


  Program  MARK  - Survival Rate Estimation with Capture-Recapture Data
   gfortran(Win64) Vers. 8.1 Mar 2016    5-Aug-2016 15:56:59    Page  008
 - - - - - - - - - - - - - - - - - - - - - - - - - - - - - - - - - - - - - -
 
  INPUT ---    Log;

  INPUT ---    Log;

  INPUT ---    Log;

  INPUT ---    Log;

  INPUT ---    Log;

  INPUT ---    Log;

  INPUT ---    Log;

  INPUT ---    Log;

  INPUT ---    Log;

  INPUT ---    Log;

  INPUT ---    Log;

  INPUT ---    Logit;

  INPUT ---    Logit;

  INPUT ---    Logit;

  INPUT ---    Logit;

  INPUT ---    Logit;

  INPUT ---    Logit;

  INPUT ---    Logit;
  INPUT ---       blabel(1)=alpha:(Intercept);
  INPUT ---       blabel(2)=alpha:captive;
  INPUT ---       blabel(3)=alpha:age.t;
  INPUT ---       blabel(4)=alpha:sex;
  INPUT ---       blabel(5)=alpha:effort.trapdays;
  INPUT ---       blabel(6)=alpha:recordloss.agout.total;
  INPUT ---       blabel(7)=sigma:(Intercept);
  INPUT ---       blabel(8)=U:(Intercept);
  INPUT ---       blabel(9)=U:sample_monthB;
  INPUT ---       blabel(10)=U:sample_monthC;
  INPUT ---       blabel(11)=U:sample_monthD;

  Program  MARK  - Survival Rate Estimation with Capture-Recapture Data
   gfortran(Win64) Vers. 8.1 Mar 2016    5-Aug-2016 15:56:59    Page  009
 - - - - - - - - - - - - - - - - - - - - - - - - - - - - - - - - - - - - - -
 
  INPUT ---       blabel(12)=U:sample_monthE;
  INPUT ---       blabel(13)=U:sample_monthF;
  INPUT ---       blabel(14)=Phi:(Intercept);
  INPUT ---       blabel(15)=Phi:age.t;
  INPUT ---       blabel(16)=Phi:sex;
  INPUT ---       rlabel(1)=alpha g1 a0 t1;
  INPUT ---       rlabel(2)=alpha g1 a0.2 t1.2;
  INPUT ---       rlabel(3)=alpha g1 a0.4 t1.4;
  INPUT ---       rlabel(4)=alpha g1 a0.6 t1.6;
  INPUT ---       rlabel(5)=alpha g1 a0.8 t1.8;
  INPUT ---       rlabel(6)=alpha g1 a2.8 t3.8;
  INPUT ---       rlabel(7)=alpha g1 a3 t4;
  INPUT ---       rlabel(8)=alpha g1 a3.2 t4.2;
  INPUT ---       rlabel(9)=alpha g1 a3.4 t4.4;
  INPUT ---       rlabel(10)=alpha g1 a3.6 t4.6;
  INPUT ---       rlabel(11)=alpha g1 a6.1 t7.1;
  INPUT ---       rlabel(12)=alpha g1 a6.3 t7.3;
  INPUT ---       rlabel(13)=alpha g1 a6.5 t7.5;
  INPUT ---       rlabel(14)=alpha g1 a6.7 t7.7;
  INPUT ---       rlabel(15)=alpha g1 a6.9 t7.9;
  INPUT ---       rlabel(16)=alpha g1 a9.567 t10.567;
  INPUT ---       rlabel(17)=alpha g1 a9.767 t10.767;
  INPUT ---       rlabel(18)=alpha g1 a9.967 t10.967;
  INPUT ---       rlabel(19)=alpha g1 a10.167 t11.167;
  INPUT ---       rlabel(20)=alpha g1 a10.367 t11.367;
  INPUT ---       rlabel(21)=alpha g1 a12.134 t13.134;
  INPUT ---       rlabel(22)=alpha g1 a12.334 t13.334;
  INPUT ---       rlabel(23)=alpha g1 a12.534 t13.534;
  INPUT ---       rlabel(24)=alpha g1 a12.734 t13.734;
  INPUT ---       rlabel(25)=alpha g1 a12.934 t13.934;
  INPUT ---       rlabel(26)=alpha g1 a16.101 t17.101;
  INPUT ---       rlabel(27)=alpha g1 a16.301 t17.301;
  INPUT ---       rlabel(28)=alpha g1 a16.501 t17.501;
  INPUT ---       rlabel(29)=alpha g1 a16.701 t17.701;
  INPUT ---       rlabel(30)=alpha g1 a16.901 t17.901;
  INPUT ---       rlabel(31)=sigma g1 a0 t1;
  INPUT ---       rlabel(32)=U g1 a0 t1;
  INPUT ---       rlabel(33)=U g1 a2.8 t3.8;
  INPUT ---       rlabel(34)=U g1 a6.1 t7.1;
  INPUT ---       rlabel(35)=U g1 a9.567 t10.567;
  INPUT ---       rlabel(36)=U g1 a12.134 t13.134;
  INPUT ---       rlabel(37)=U g1 a16.101 t17.101;
  INPUT ---       rlabel(38)=Phi g1 c1 a0.8 t1.8;
  INPUT ---       rlabel(39)=Phi g1 c1 a3.6 t4.6;
  INPUT ---       rlabel(40)=Phi g1 c1 a6.9 t7.9;
  INPUT ---       rlabel(41)=Phi g1 c1 a10.367 t11.367;

  Program  MARK  - Survival Rate Estimation with Capture-Recapture Data
   gfortran(Win64) Vers. 8.1 Mar 2016    5-Aug-2016 15:56:59    Page  010
 - - - - - - - - - - - - - - - - - - - - - - - - - - - - - - - - - - - - - -
 
  INPUT ---       rlabel(42)=Phi g1 c1 a12.934 t13.934;
  INPUT ---       rlabel(43)=Phi g1 c1 a0 t1;
  INPUT ---       rlabel(44)=Gamma'' g1 c1 a0 t1;

 Link Function Used is PARM-SPECIFIC

 Variance Estimation Procedure Used is 2ndPart 

 M(t+1):
 Group=Group 1                                                                         
       3      3      3      2      3      5      5      5      2      5      5
       4      4      4      4     10      7      7      7      5      5      5
       5      3      4      5      5      5      4      5


 -2logL(saturated) = -0.0000000    
 Effective Sample Size = 169
 Results from first iteration:
  -2logL Initial { alpha(~1 + captive + age.t + sex + effort.trapdays + recordloss.agout.total)sigma(~1)U(~sample_month)Phi(~1 + age.t + sex)Gamma''(~1)Gamma'(~1) } = 2454.1359     
  Penalty Initial { alpha(~1 + captive + age.t + sex + effort.trapdays + recordloss.agout.total)sigma(~1)U(~sample_month)Phi(~1 + age.t + sex)Gamma''(~1)Gamma'(~1) } = -0.0000000    

 Number of function evaluations was 36 for 16 parameters.
 Time for numerical optimization was 4.91 seconds.
 -2logL { alpha(~1 + captive + age.t + sex + effort.trapdays + recordloss.agout.total)sigma(~1)U(~sample_month)Phi(~1 + age.t + sex)Gamma''(~1)Gamma'(~1) } = 2350.6880     
 Penalty { alpha(~1 + captive + age.t + sex + effort.trapdays + recordloss.agout.total)sigma(~1)U(~sample_month)Phi(~1 + age.t + sex)Gamma''(~1)Gamma'(~1) } = -0.0000000    

   * *  WARNING  * *   Numerical underflow occurred during optimization of this model. 
     IEEE flag status at end of optimization:
     overflow       F
     divide by zero F
     invalid        F
     underflow      T
     inexact        T

 Gradient { alpha(~1 + captive + age.t + sex + effort.trapdays + recordloss.agout.total)sigma(~1)U(~sample_month)Phi(~1 + age.t + sex)Gamma''(~1)Gamma'(~1) }:
 -0.3173878E-02 0.9866198E-02-0.7368333E-02-0.2570841E-02 0.1600870E-02
  0.1982373E-02-0.3076064E-01-0.1914688E-01-0.2886881E-01-0.3771481E-02
  0.1047284E-02-0.1121858E-01 0.1238692E-01-0.6319681E-02-0.6519292E-02
 -0.7247243E-02
 S Vector { alpha(~1 + captive + age.t + sex + effort.trapdays + recordloss.agout.total)sigma(~1)U(~sample_month)Phi(~1 + age.t + sex)Gamma''(~1)Gamma'(~1) }:
   7009.707      399.5406      314.9616      288.3571      256.7779    
   218.1799      119.9927      40.55777      30.52677      24.11336    
   9.816592      9.361472      4.110034      2.552160     0.3509231    
  0.2839821E-04
 Time to compute number of parameters was 2.53 seconds.
   Threshold =  0.3400000E-06     Condition index =  0.4051269E-08     New Threshold =  0.1135928E-03
 New Guessimate of Estimated Parameters { alpha(~1 + captive + age.t + sex + effort.trapdays + recordloss.agout.total)sigma(~1)U(~sample_month)Phi(~1 + age.t + sex)Gamma''(~1)Gamma'(~1) } = 14          
 Conditioned S Vector { alpha(~1 + captive + age.t + sex + effort.trapdays + recordloss.agout.total)sigma(~1)U(~sample_month)Phi(~1 + age.t + sex)Gamma''(~1)Gamma'(~1) }:
   1.000000     0.5699818E-01 0.4493220E-01 0.4113683E-01 0.3663176E-01
  0.3112539E-01 0.1711807E-01 0.5785943E-02 0.4354928E-02 0.3439995E-02
  0.1400428E-02 0.1335501E-02 0.5863346E-03 0.3640894E-03 0.5006245E-04
  0.4051269E-08
 Number of Estimated Parameters { alpha(~1 + captive + age.t + sex + effort.trapdays + recordloss.agout.total)sigma(~1)U(~sample_month)Phi(~1 + age.t + sex)Gamma''(~1)Gamma'(~1) } = 15          
 DEVIANCE { alpha(~1 + captive + age.t + sex + effort.trapdays + recordloss.agout.total)sigma(~1)U(~sample_month)Phi(~1 + age.t + sex)Gamma''(~1)Gamma'(~1) } = 2350.6880                     
 DEVIANCE Degrees of Freedom { alpha(~1 + captive + age.t + sex + effort.trapdays + recordloss.agout.total)sigma(~1)U(~sample_month)Phi(~1 + age.t + sex)Gamma''(~1)Gamma'(~1) } = -1            
 c-hat { alpha(~1 + captive + age.t + sex + effort.trapdays + recordloss.agout.total)sigma(~1)U(~sample_month)Phi(~1 + age.t + sex)Gamma''(~1)Gamma'(~1) } = 1.0000000                     
 AIC { alpha(~1 + captive + age.t + sex + effort.trapdays + recordloss.agout.total)sigma(~1)U(~sample_month)Phi(~1 + age.t + sex)Gamma''(~1)Gamma'(~1) } = 2380.6880                  
 AICc { alpha(~1 + captive + age.t + sex + effort.trapdays + recordloss.agout.total)sigma(~1)U(~sample_month)Phi(~1 + age.t + sex)Gamma''(~1)Gamma'(~1) } = 2383.8253                    
 BIC { alpha(~1 + captive + age.t + sex + effort.trapdays + recordloss.agout.total)sigma(~1)U(~sample_month)Phi(~1 + age.t + sex)Gamma''(~1)Gamma'(~1) } = 2427.6365                    
 Pearson Chisquare { alpha(~1 + captive + age.t + sex + effort.trapdays + recordloss.agout.total)sigma(~1)U(~sample_month)Phi(~1 + age.t + sex)Gamma''(~1)Gamma'(~1) } =      Infinity              

   * *  WARNING  * *   Divide by zero occurred during variance-covariance calculation of this model. 

   * *  WARNING  * *   Numerical underflow occurred during variance-covariance calculation of this model. 

  Program  MARK  - Survival Rate Estimation with Capture-Recapture Data
   gfortran(Win64) Vers. 8.1 Mar 2016    5-Aug-2016 15:57:04    Page  011
 - - - - - - - - - - - - - - - - - - - - - - - - - - - - - - - - - - - - - -
 
     IEEE flag status at end of variance-covariance calculation:
     overflow       F
     divide by zero T
     invalid        T
     underflow      T
     inexact        T



 PARM-SPECIFIC Link Function Parameters of { alpha(~1 + captive + age.t + sex + effort.trapdays + recordloss.agout.total)sigma(~1)U(~sample_month)Phi(~1 + age.t + sex)Gamma''(~1)Gamma'(~1) }
                                                              95% Confidence Interval
 Parameter                    Beta         Standard Error      Lower           Upper
 -------------------------  --------------  --------------  --------------  --------------
    1:alpha:(Intercept)     -0.5184592      0.4201519       -1.3419570      0.3050386     
    2:alpha:captive         0.2075928       0.1100121       -0.0080310      0.4232165     
    3:alpha:age.t           0.6353859       0.1960737       0.2510813       1.0196904     
    4:alpha:sex             0.6095918       0.2043049       0.2091541       1.0100294     
    5:alpha:effort.trapday  0.0052785       0.0018019       0.0017468       0.0088101     
    6:alpha:recordloss.ago  -2.5326763      0.5516691       -3.6139478      -1.4514047    
    7:sigma:(Intercept)     -0.8701970      0.1585000       -1.1808569      -0.5595370    
    8:U:(Intercept)         2.5839333       0.1375317       2.3143711       2.8534955     
    9:U:sample_monthB       0.3310492       0.1282913       0.0795983       0.5825002     
   10:U:sample_monthC       0.4468953       0.1466212       0.1595178       0.7342728     
   11:U:sample_monthD       0.8671129       0.1452865       0.5823513       1.1518745     
   12:U:sample_monthE       0.2363362       0.1688334       -0.0945772      0.5672496     
   13:U:sample_monthF       0.5969848       0.1730344       0.2578374       0.9361323     
   14:Phi:(Intercept)       -9.4735737      132.69122       -269.54837      250.60122     
   15:Phi:age.t             10.456650       132.69265       -249.62095      270.53425     
   16:Phi:sex               1.6596805       1.4650830       -1.2118822      4.5312432     


 Real Function Parameters of { alpha(~1 + captive + age.t + sex + effort.trapdays + recordloss.agout.total)sigma(~1)U(~sample_month)Phi(~1 + age.t + sex)Gamma''(~1)Gamma'(~1) }

  Program  MARK  - Survival Rate Estimation with Capture-Recapture Data
   gfortran(Win64) Vers. 8.1 Mar 2016    5-Aug-2016 15:57:04    Page  012
 - - - - - - - - - - - - - - - - - - - - - - - - - - - - - - - - - - - - - -
 

      Following estimates based on unstandardized individual covariate values:
          Variable   Value         
          ---------  ------------- 
          CAPTIVE    0.2142857     
          AGE.T1     1.0000000     
          AGE.T1.2   1.0000000     
          AGE.T1.4   1.0000000     
          AGE.T1.6   1.0000000     
          AGE.T1.8   1.0000000     
          AGE.T3.8   1.0000000     
          AGE.T4     1.0000000     
          AGE.T4.2   1.0000000     
          AGE.T4.4   1.0000000     
          AGE.T4.6   1.0000000     
          AGE.T7.1   0.8333333     
          AGE.T7.3   0.8333333     
          AGE.T7.5   0.8333333     
          AGE.T7.7   0.8333333     
          AGE.T7.9   0.8333333     
          AGE.T10.56 0.6666667     
          AGE.T10.76 0.6666667     
          AGE.T10.96 0.6666667     
          AGE.T11.16 0.6666667     
          AGE.T11.36 0.6666667     
          AGE.T13.13 1.0000000     
          AGE.T13.33 1.0000000     
          AGE.T13.53 1.0000000     
          AGE.T13.73 1.0000000     
          AGE.T13.93 1.0000000     
          AGE.T17.10 0.9230769     
          AGE.T17.30 0.9230769     
          AGE.T17.50 0.9230769     
          AGE.T17.70 0.9230769     
          AGE.T17.90 0.9230769     
          SEX        0.8461538     
                                                               95% Confidence Interval
  Parameter                  Estimate       Standard Error      Lower           Upper
 --------------------------  --------------  --------------  --------------  --------------
     1:alpha g1 a0 t1        2.0396027       0.2949525       1.5384561       2.7039960                           
     2:alpha g1 a0.2 t1.2    2.3646506       0.3168598       1.8205901       3.0712967                           
     3:alpha g1 a0.4 t1.4    2.9339471       0.3199368       2.3708504       3.6307840                           
     4:alpha g1 a0.6 t1.6    2.4315302       0.2596694       1.9734839       2.9958892                           
     5:alpha g1 a0.8 t1.8    2.3528667       0.2675306       1.8841744       2.9381471                           
     6:alpha g1 a2.8 t3.8    3.2754235       0.3295761       2.6904990       3.9875128                           
     7:alpha g1 a3 t4        3.1443005       0.3089661       2.5946714       3.8103576                           
     8:alpha g1 a3.2 t4.2    2.4873313       0.2490455       2.0451137       3.0251700                           
     9:alpha g1 a3.4 t4.4    3.0347155       0.3339101       2.4475979       3.7626679                           
    10:alpha g1 a3.6 t4.6    3.0520231       0.2961140       2.5246095       3.6896181                           

  Program  MARK  - Survival Rate Estimation with Capture-Recapture Data
   gfortran(Win64) Vers. 8.1 Mar 2016    5-Aug-2016 15:57:04    Page  013
 - - - - - - - - - - - - - - - - - - - - - - - - - - - - - - - - - - - - - -
 
    11:alpha g1 a6.1 t7.1    3.0114217       0.2773186       2.5150657       3.6057351                           
    12:alpha g1 a6.3 t7.3    3.0521552       0.2449057       2.6086408       3.5710748                           
    13:alpha g1 a6.5 t7.5    2.6647428       0.2156242       2.2745176       3.1219165                           
    14:alpha g1 a6.7 t7.7    3.5592131       0.3403087       2.9522373       4.2909824                           
    15:alpha g1 a6.9 t7.9    3.1633378       0.2632417       2.6880199       3.7227054                           
    16:alpha g1 a9.567 t10.  2.5032026       0.2223446       2.1039526       2.9782150                           
    17:alpha g1 a9.767 t10.  2.6664630       0.2413218       2.2338564       3.1828477                           
    18:alpha g1 a9.967 t10.  2.4944101       0.2214696       2.0967165       2.9675361                           
    19:alpha g1 a10.167 t11  2.1869941       0.2027558       1.8243166       2.6217726                           
    20:alpha g1 a10.367 t11  2.0015266       0.2007236       1.6451682       2.4350756                           
    21:alpha g1 a12.134 t13  3.9432327       0.4065632       3.2234460       4.8237460                           
    22:alpha g1 a12.334 t13  3.1365160       0.2681202       2.6534745       3.7074909                           
    23:alpha g1 a12.534 t13  3.0127376       0.2933179       2.4904786       3.6445155                           
    24:alpha g1 a12.734 t13  2.7347506       0.2794443       2.2395655       3.3394248                           
    25:alpha g1 a12.934 t13  2.4841979       0.2677881       2.0123001       3.0667588                           
    26:alpha g1 a16.101 t17  3.6480177       0.3569455       3.0127750       4.4172012                           
    27:alpha g1 a16.301 t17  2.6321144       0.2445649       2.1947406       3.1566492                           
    28:alpha g1 a16.501 t17  3.2237139       0.3053272       2.6786453       3.8796967                           
    29:alpha g1 a16.701 t17  2.5359251       0.2577107       2.0790000       3.0932738                           
    30:alpha g1 a16.901 t17  3.1922515       0.3014756       2.6539131       3.8397903                           
    31:sigma g1 a0 t1        0.4188690       0.0663907       0.3076071       0.5703746                           
    32:U g1 a0 t1            13.249149       1.8221785       10.131333       17.326442                           
    33:U g1 a2.8 t3.8        18.448491       2.0436697       14.857744       22.907031                           
    34:U g1 a6.1 t7.1        20.714390       1.7450797       17.566623       24.426207                           
    35:U g1 a9.567 t10.567   31.533366       2.3655023       27.227333       36.520402                           
    36:U g1 a12.134 t13.134  16.781373       1.5435082       14.018434       20.088868                           
    37:U g1 a16.101 t17.101  24.068843       2.2696126       20.015471       28.943071                           
    38:Phi g1 c1 a0.8 t1.8   0.9158630       0.0415422       0.7909695       0.9690536                           
    39:Phi g1 c1 a3.6 t4.6   0.9158630       0.0415422       0.7909695       0.9690536                           
    40:Phi g1 c1 a6.9 t7.9   0.6558029       4.9932348       0.2820548E-018  1.0000000                           
    41:Phi g1 c1 a10.367 t1  0.2500907       8.2956896       0.7433789E-038  1.0000000                           
    42:Phi g1 c1 a12.934 t1  0.9158630       0.0415422       0.7909695       0.9690536                           
    43:Phi g1 c1 a0 t1       1.0000000       0.0000000       1.0000000       1.0000000       Fixed               
    44:Gamma'' g1 c1 a0 t1   0.0000000       0.0000000       0.0000000       0.0000000       Fixed               

  Program  MARK  - Survival Rate Estimation with Capture-Recapture Data
   gfortran(Win64) Vers. 8.1 Mar 2016    5-Aug-2016 15:57:04    Page  014
 - - - - - - - - - - - - - - - - - - - - - - - - - - - - - - - - - - - - - -
 


                      Estimates of Derived Parameters
 Population Estimates of { alpha(~1 + captive + age.t + sex + effort.trapdays + recordloss.agout.total)sigma(~1)U(~sample_month)Phi(~1 + age.t + sex)Gamma''(~1)Gamma'(~1) }
                                                95% Confidence Interval
 Grp. Occ.   N-hat           Standard Error      Lower           Upper
 ---- ----   --------------  --------------  --------------  --------------
   1     1   16.249149       1.8221794       13.051884       20.229635     
   1     2   16.249149       1.8221794       13.051884       20.229635     
   1     3   16.249149       1.8221794       13.051884       20.229635     
   1     4   15.406769       1.8553894       12.177858       19.491813     
   1     5   16.249149       1.8221794       13.051884       20.229635     
   1     6   23.448491       2.0436704       19.772735       27.807571     
   1     7   23.448491       2.0436704       19.772735       27.807571     
   1     8   23.448491       2.0436704       19.772735       27.807571     
   1     9   20.584246       2.0729055       16.905599       25.063364     
   1    10   23.448491       2.0436704       19.772735       27.807571     
   1    11   26.082314       1.7962295       22.792610       29.846827     
   1    12   25.020864       1.7880219       21.754581       28.777555     
   1    13   25.119833       1.7914868       21.846755       28.883283     
   1    14   24.949802       1.7850955       21.689142       28.700656     
   1    15   25.020418       1.7888925       21.752661       28.779069     
   1    16   39.373882       2.4849856       34.796787       44.553039     
   1    17   39.281959       2.4615942       34.745941       44.410145     
   1    18   39.379766       2.4856315       34.801513       44.560304     
   1    19   39.713326       2.5136059       35.084345       44.953050     
   1    20   37.406143       2.4906244       32.834375       42.614472     
   1    21   20.965686       1.5740239       18.100589       24.284292     
   1    22   22.162686       1.5972237       19.246696       25.520466     
   1    23   22.109475       1.6025041       19.185037       25.479694     
   1    24   20.020995       1.5842420       17.148840       23.374190     
   1    25   21.305952       1.6187248       18.362109       24.721758     
   1    26   29.358740       2.3193926       25.153262       34.267349     
   1    27   29.654446       2.3551493       25.385901       34.640731     
   1    28   29.451852       2.3353873       25.218602       34.395705     
   1    29   28.632320       2.3552968       24.375491       33.632543     
   1    30   29.460149       2.3364803       25.224980       34.406386     
 Mean Resighting Rate Estimates of { alpha(~1 + captive + age.t + sex + effort.trapdays + recordloss.agout.total)sigma(~1)U(~sample_month)Phi(~1 + age.t + sex)Gamma''(~1)Gamma'(~1) }
                                                95% Confidence Interval
 Grp. Occ.   Lambda-hat      Standard Error      Lower           Upper
 ---- ----   --------------  --------------  --------------  --------------
   1     1   2.2266110       0.3102804       1.6966657       2.9220820     
   1     2   2.5814620       0.3316713       2.0088478       3.3172976     
   1     3   3.2029565       0.3274127       2.6227924       3.9114535     
   1     4   2.6544737       0.2639012       2.1855488       3.2240097     
   1     5   2.5685977       0.2744259       2.0845436       3.1650544     
   1     6   3.5757424       0.3330698       2.9802250       4.2902579     
   1     7   3.4325969       0.3107311       2.8755751       4.0975184     
   1     8   2.7153911       0.2502145       2.2675726       3.2516483     
   1     9   3.3129642       0.3423009       2.7070792       4.0544554     

  Program  MARK  - Survival Rate Estimation with Capture-Recapture Data
   gfortran(Win64) Vers. 8.1 Mar 2016    5-Aug-2016 15:57:04    Page  015
 - - - - - - - - - - - - - - - - - - - - - - - - - - - - - - - - - - - - - -
 
   1    10   3.3318587       0.2969481       2.7988062       3.9664349     
   1    11   3.6586621       0.2778462       3.1533490       4.2449497     
   1    12   3.5644822       0.2317222       3.1384723       4.0483178     
   1    13   3.3624539       0.2080454       2.9787853       3.7955392     
   1    14   4.5988147       0.3441102       3.9722974       5.3241474     
   1    15   4.3886830       0.2617745       3.9048667       4.9324447     
   1    16   3.2439412       0.2219229       2.8373171       3.7088397     
   1    17   3.8178369       0.2485237       3.3609774       4.3367975     
   1    18   3.4893459       0.2265944       3.0727345       3.9624428     
   1    19   3.0056072       0.2102681       2.6209270       3.4467478     
   1    20   2.6913517       0.2123957       2.3062079       3.1408156     
   1    21   5.7481780       0.4250463       4.9736262       6.6433521     
   1    22   3.7977179       0.2626547       3.3168185       4.3483419     
   1    23   3.6601261       0.2961515       3.1241647       4.2880337     
   1    24   3.5931807       0.2911114       3.0663952       4.2104644     
   1    25   4.4981704       0.3148091       3.9222507       5.1586547     
   1    26   4.3640669       0.3582206       3.7165266       5.1244299     
   1    27   2.8734492       0.2375379       2.4443094       3.3779317     
   1    28   4.0821103       0.3074898       3.5225444       4.7305649     
   1    29   3.4413675       0.2708966       2.9500449       4.0145186     
   1    30   4.0469202       0.3035553       3.4943408       4.6868821     
 Pr(Captured 1 or more times) of { alpha(~1 + captive + age.t + sex + effort.trapdays + recordloss.agout.total)sigma(~1)U(~sample_month)Phi(~1 + age.t + sex)Gamma''(~1)Gamma'(~1) }
                                                95% Confidence Interval
 Grp. Occ.      p*-hat       Standard Error      Lower           Upper
 ---- ----   --------------  --------------  --------------  --------------
   1     1   0.2945959       0.0108543       0.2737774       0.3163080     
   1     2   0.3042172       0.0086395       0.2875537       0.3214107     
   1     3   0.3152200       0.0056090       0.3043312       0.3263158     
   1     4   0.4634737       0.0110633       0.4418722       0.4852132     
   1     5   0.3039200       0.0077402       0.2889659       0.3193005     
   1     6   0.1907734       0.0028945       0.1851644       0.1965113     
   1     7   0.1898022       0.0030321       0.1839304       0.1958165     
   1     8   0.1828074       0.0041490       0.1748153       0.1910802     
   1     9   0.4682185       0.0099231       0.4488272       0.4877063     
   1    10   0.1890495       0.0031395       0.1829728       0.1952798     
   1    11   0.1901102       0.0027804       0.1847202       0.1956196     
   1    12   0.2354655       0.0038980       0.2279114       0.2431912     
   1    13   0.2344391       0.0038659       0.2269470       0.2421010     
   1    14   0.2425651       0.0025579       0.2375869       0.2476138     
   1    15   0.2421087       0.0024276       0.2373825       0.2468986     
   1    16   0.1304343       0.0030013       0.1246636       0.1364304     
   1    17   0.1365816       0.0017211       0.1332431       0.1399903     
   1    18   0.1349454       0.0019389       0.1311901       0.1387910     
   1    19   0.1306739       0.0026171       0.1256293       0.1358896     
   1    20   0.1809890       0.0044925       0.1723500       0.1899617     
   1    21   0.2471811       0.0011308       0.2449715       0.2494040     
   1    22   0.1898779       0.0026674       0.1847049       0.1951612     
   1    23   0.1912899       0.0026511       0.1861477       0.1965399     
   1    24   0.3193391       0.0041937       0.3111761       0.3276143     
   1    25   0.2438706       0.0020196       0.2399340       0.2478507     

  Program  MARK  - Survival Rate Estimation with Capture-Recapture Data
   gfortran(Win64) Vers. 8.1 Mar 2016    5-Aug-2016 15:57:04    Page  016
 - - - - - - - - - - - - - - - - - - - - - - - - - - - - - - - - - - - - - -
 
   1    26   0.1921673       0.0024830       0.1873476       0.1970809     
   1    27   0.1790317       0.0045103       0.1703615       0.1880431     
   1    28   0.1912888       0.0025089       0.1864195       0.1962546     
   1    29   0.2325470       0.0043775       0.2240776       0.2412371     
   1    30   0.1911047       0.0025371       0.1861813       0.1961269     

 Attempted ordering of parameters by estimatibility:
   1 11  8 13 10 12  2  9  7  3  4  5 14  6 16 15
 Beta number 15 is a singular value.

     CPU Time in seconds for last procedure was 7.67


  INPUT --- proc stop;

   * *  WARNING  * *   Numerical underflow occurred during final processing of this model. 
     IEEE flag status at final processing of this model:
     overflow       F
     divide by zero F
     invalid        F
     underflow      T
     inexact        T


     CPU Time in minutes for this job was 0.13

     Time Start = 15:56:59.527   Time End = 15:57:04.996

     Wall Clock Time in minutes for this job was 0.09


          E X E C U T I O N   S U C C E S S F U L 
